<?xml version="1.0" encoding="UTF-8"?>
<testsuite xmlns:xsi="http://www.w3.org/2001/XMLSchema-instance" xsi:noNamespaceSchemaLocation="https://maven.apache.org/surefire/maven-surefire-plugin/xsd/surefire-test-report-3.0.xsd" version="3.0" name="pt.ulisboa.tecnico.socialsoftware.tutor.answer.service.ConcludeQuizTest" time="14.869" tests="7" errors="0" skipped="0" failures="0">
  <properties>
    <property name="sun.desktop" value="windows"/>
    <property name="awt.toolkit" value="sun.awt.windows.WToolkit"/>
    <property name="java.specification.version" value="11"/>
    <property name="sun.cpu.isalist" value="amd64"/>
    <property name="sun.jnu.encoding" value="Cp1252"/>
    <property name="java.class.path" value="C:\Users\jhmff\Desktop\IST\MEIC\2ano\2Semestre\Tutor\backend\tutor\target\test-classes;C:\Users\jhmff\Desktop\IST\MEIC\2ano\2Semestre\Tutor\backend\tutor\target\classes;C:\Users\jhmff\Desktop\IST\MEIC\2ano\2Semestre\Tutor\backend\dtos\target\classes;C:\Users\jhmff\Desktop\IST\MEIC\2ano\2Semestre\Tutor\backend\exceptions\target\classes;C:\Users\jhmff\Desktop\IST\MEIC\2ano\2Semestre\Tutor\backend\utils\target\classes;C:\Users\jhmff\.m2\repository\org\springframework\boot\spring-boot-starter\2.4.3\spring-boot-starter-2.4.3.jar;C:\Users\jhmff\.m2\repository\org\springframework\boot\spring-boot\2.4.3\spring-boot-2.4.3.jar;C:\Users\jhmff\.m2\repository\org\springframework\spring-context\5.3.4\spring-context-5.3.4.jar;C:\Users\jhmff\.m2\repository\org\springframework\boot\spring-boot-autoconfigure\2.4.3\spring-boot-autoconfigure-2.4.3.jar;C:\Users\jhmff\.m2\repository\org\springframework\boot\spring-boot-starter-logging\2.4.3\spring-boot-starter-logging-2.4.3.jar;C:\Users\jhmff\.m2\repository\ch\qos\logback\logback-classic\1.2.3\logback-classic-1.2.3.jar;C:\Users\jhmff\.m2\repository\ch\qos\logback\logback-core\1.2.3\logback-core-1.2.3.jar;C:\Users\jhmff\.m2\repository\org\apache\logging\log4j\log4j-to-slf4j\2.13.3\log4j-to-slf4j-2.13.3.jar;C:\Users\jhmff\.m2\repository\org\apache\logging\log4j\log4j-api\2.13.3\log4j-api-2.13.3.jar;C:\Users\jhmff\.m2\repository\org\slf4j\jul-to-slf4j\1.7.30\jul-to-slf4j-1.7.30.jar;C:\Users\jhmff\.m2\repository\jakarta\annotation\jakarta.annotation-api\1.3.5\jakarta.annotation-api-1.3.5.jar;C:\Users\jhmff\.m2\repository\org\springframework\spring-core\5.3.4\spring-core-5.3.4.jar;C:\Users\jhmff\.m2\repository\org\springframework\spring-jcl\5.3.4\spring-jcl-5.3.4.jar;C:\Users\jhmff\.m2\repository\org\yaml\snakeyaml\1.27\snakeyaml-1.27.jar;C:\Users\jhmff\.m2\repository\org\springframework\boot\spring-boot-starter-data-jpa\2.4.3\spring-boot-starter-data-jpa-2.4.3.jar;C:\Users\jhmff\.m2\repository\org\springframework\boot\spring-boot-starter-aop\2.4.3\spring-boot-starter-aop-2.4.3.jar;C:\Users\jhmff\.m2\repository\org\springframework\boot\spring-boot-starter-jdbc\2.4.3\spring-boot-starter-jdbc-2.4.3.jar;C:\Users\jhmff\.m2\repository\com\zaxxer\HikariCP\3.4.5\HikariCP-3.4.5.jar;C:\Users\jhmff\.m2\repository\org\springframework\spring-jdbc\5.3.4\spring-jdbc-5.3.4.jar;C:\Users\jhmff\.m2\repository\jakarta\transaction\jakarta.transaction-api\1.3.3\jakarta.transaction-api-1.3.3.jar;C:\Users\jhmff\.m2\repository\jakarta\persistence\jakarta.persistence-api\2.2.3\jakarta.persistence-api-2.2.3.jar;C:\Users\jhmff\.m2\repository\org\hibernate\hibernate-core\5.4.28.Final\hibernate-core-5.4.28.Final.jar;C:\Users\jhmff\.m2\repository\org\jboss\logging\jboss-logging\3.4.1.Final\jboss-logging-3.4.1.Final.jar;C:\Users\jhmff\.m2\repository\org\javassist\javassist\3.27.0-GA\javassist-3.27.0-GA.jar;C:\Users\jhmff\.m2\repository\net\bytebuddy\byte-buddy\1.10.20\byte-buddy-1.10.20.jar;C:\Users\jhmff\.m2\repository\antlr\antlr\2.7.7\antlr-2.7.7.jar;C:\Users\jhmff\.m2\repository\org\jboss\jandex\2.2.3.Final\jandex-2.2.3.Final.jar;C:\Users\jhmff\.m2\repository\com\fasterxml\classmate\1.5.1\classmate-1.5.1.jar;C:\Users\jhmff\.m2\repository\org\dom4j\dom4j\2.1.3\dom4j-2.1.3.jar;C:\Users\jhmff\.m2\repository\org\hibernate\common\hibernate-commons-annotations\5.1.2.Final\hibernate-commons-annotations-5.1.2.Final.jar;C:\Users\jhmff\.m2\repository\org\glassfish\jaxb\jaxb-runtime\2.3.3\jaxb-runtime-2.3.3.jar;C:\Users\jhmff\.m2\repository\org\glassfish\jaxb\txw2\2.3.3\txw2-2.3.3.jar;C:\Users\jhmff\.m2\repository\com\sun\istack\istack-commons-runtime\3.0.11\istack-commons-runtime-3.0.11.jar;C:\Users\jhmff\.m2\repository\org\springframework\data\spring-data-jpa\2.4.5\spring-data-jpa-2.4.5.jar;C:\Users\jhmff\.m2\repository\org\springframework\data\spring-data-commons\2.4.5\spring-data-commons-2.4.5.jar;C:\Users\jhmff\.m2\repository\org\springframework\spring-orm\5.3.4\spring-orm-5.3.4.jar;C:\Users\jhmff\.m2\repository\org\springframework\spring-tx\5.3.4\spring-tx-5.3.4.jar;C:\Users\jhmff\.m2\repository\org\springframework\spring-beans\5.3.4\spring-beans-5.3.4.jar;C:\Users\jhmff\.m2\repository\org\springframework\boot\spring-boot-starter-web\2.4.3\spring-boot-starter-web-2.4.3.jar;C:\Users\jhmff\.m2\repository\org\springframework\boot\spring-boot-starter-json\2.4.3\spring-boot-starter-json-2.4.3.jar;C:\Users\jhmff\.m2\repository\com\fasterxml\jackson\datatype\jackson-datatype-jdk8\2.11.4\jackson-datatype-jdk8-2.11.4.jar;C:\Users\jhmff\.m2\repository\com\fasterxml\jackson\datatype\jackson-datatype-jsr310\2.11.4\jackson-datatype-jsr310-2.11.4.jar;C:\Users\jhmff\.m2\repository\com\fasterxml\jackson\module\jackson-module-parameter-names\2.11.4\jackson-module-parameter-names-2.11.4.jar;C:\Users\jhmff\.m2\repository\org\springframework\boot\spring-boot-starter-tomcat\2.4.3\spring-boot-starter-tomcat-2.4.3.jar;C:\Users\jhmff\.m2\repository\org\apache\tomcat\embed\tomcat-embed-core\9.0.43\tomcat-embed-core-9.0.43.jar;C:\Users\jhmff\.m2\repository\org\glassfish\jakarta.el\3.0.3\jakarta.el-3.0.3.jar;C:\Users\jhmff\.m2\repository\org\apache\tomcat\embed\tomcat-embed-websocket\9.0.43\tomcat-embed-websocket-9.0.43.jar;C:\Users\jhmff\.m2\repository\org\springframework\spring-web\5.3.4\spring-web-5.3.4.jar;C:\Users\jhmff\.m2\repository\org\springframework\spring-webmvc\5.3.4\spring-webmvc-5.3.4.jar;C:\Users\jhmff\.m2\repository\org\springframework\spring-expression\5.3.4\spring-expression-5.3.4.jar;C:\Users\jhmff\.m2\repository\org\springframework\boot\spring-boot-starter-test\2.4.3\spring-boot-starter-test-2.4.3.jar;C:\Users\jhmff\.m2\repository\org\springframework\boot\spring-boot-test\2.4.3\spring-boot-test-2.4.3.jar;C:\Users\jhmff\.m2\repository\org\springframework\boot\spring-boot-test-autoconfigure\2.4.3\spring-boot-test-autoconfigure-2.4.3.jar;C:\Users\jhmff\.m2\repository\com\jayway\jsonpath\json-path\2.4.0\json-path-2.4.0.jar;C:\Users\jhmff\.m2\repository\net\minidev\json-smart\2.3\json-smart-2.3.jar;C:\Users\jhmff\.m2\repository\net\minidev\accessors-smart\1.2\accessors-smart-1.2.jar;C:\Users\jhmff\.m2\repository\org\ow2\asm\asm\5.0.4\asm-5.0.4.jar;C:\Users\jhmff\.m2\repository\jakarta\xml\bind\jakarta.xml.bind-api\2.3.3\jakarta.xml.bind-api-2.3.3.jar;C:\Users\jhmff\.m2\repository\jakarta\activation\jakarta.activation-api\1.2.2\jakarta.activation-api-1.2.2.jar;C:\Users\jhmff\.m2\repository\org\assertj\assertj-core\3.18.1\assertj-core-3.18.1.jar;C:\Users\jhmff\.m2\repository\org\hamcrest\hamcrest\2.2\hamcrest-2.2.jar;C:\Users\jhmff\.m2\repository\org\junit\jupiter\junit-jupiter\5.7.1\junit-jupiter-5.7.1.jar;C:\Users\jhmff\.m2\repository\org\junit\jupiter\junit-jupiter-api\5.7.1\junit-jupiter-api-5.7.1.jar;C:\Users\jhmff\.m2\repository\org\junit\jupiter\junit-jupiter-params\5.7.1\junit-jupiter-params-5.7.1.jar;C:\Users\jhmff\.m2\repository\org\junit\jupiter\junit-jupiter-engine\5.7.1\junit-jupiter-engine-5.7.1.jar;C:\Users\jhmff\.m2\repository\org\mockito\mockito-core\3.6.28\mockito-core-3.6.28.jar;C:\Users\jhmff\.m2\repository\net\bytebuddy\byte-buddy-agent\1.10.20\byte-buddy-agent-1.10.20.jar;C:\Users\jhmff\.m2\repository\org\mockito\mockito-junit-jupiter\3.6.28\mockito-junit-jupiter-3.6.28.jar;C:\Users\jhmff\.m2\repository\org\skyscreamer\jsonassert\1.5.0\jsonassert-1.5.0.jar;C:\Users\jhmff\.m2\repository\com\vaadin\external\google\android-json\0.0.20131108.vaadin1\android-json-0.0.20131108.vaadin1.jar;C:\Users\jhmff\.m2\repository\org\springframework\spring-test\5.3.4\spring-test-5.3.4.jar;C:\Users\jhmff\.m2\repository\org\xmlunit\xmlunit-core\2.7.0\xmlunit-core-2.7.0.jar;C:\Users\jhmff\.m2\repository\org\springframework\boot\spring-boot-starter-mail\2.4.3\spring-boot-starter-mail-2.4.3.jar;C:\Users\jhmff\.m2\repository\org\springframework\spring-context-support\5.3.4\spring-context-support-5.3.4.jar;C:\Users\jhmff\.m2\repository\com\sun\mail\jakarta.mail\1.6.5\jakarta.mail-1.6.5.jar;C:\Users\jhmff\.m2\repository\com\sun\activation\jakarta.activation\1.2.2\jakarta.activation-1.2.2.jar;C:\Users\jhmff\.m2\repository\org\springframework\boot\spring-boot-devtools\2.4.3\spring-boot-devtools-2.4.3.jar;C:\Users\jhmff\.m2\repository\javax\xml\bind\jaxb-api\2.4.0-b180830.0359\jaxb-api-2.4.0-b180830.0359.jar;C:\Users\jhmff\.m2\repository\javax\activation\javax.activation-api\1.2.0\javax.activation-api-1.2.0.jar;C:\Users\jhmff\.m2\repository\javax\validation\validation-api\2.0.1.Final\validation-api-2.0.1.Final.jar;C:\Users\jhmff\.m2\repository\org\springframework\boot\spring-boot-configuration-processor\2.4.3\spring-boot-configuration-processor-2.4.3.jar;C:\Users\jhmff\.m2\repository\org\springframework\boot\spring-boot-starter-security\2.4.3\spring-boot-starter-security-2.4.3.jar;C:\Users\jhmff\.m2\repository\org\springframework\spring-aop\5.3.4\spring-aop-5.3.4.jar;C:\Users\jhmff\.m2\repository\org\springframework\security\spring-security-config\5.4.5\spring-security-config-5.4.5.jar;C:\Users\jhmff\.m2\repository\org\springframework\security\spring-security-web\5.4.5\spring-security-web-5.4.5.jar;C:\Users\jhmff\.m2\repository\org\springframework\security\spring-security-test\5.4.5\spring-security-test-5.4.5.jar;C:\Users\jhmff\.m2\repository\org\springframework\security\spring-security-core\5.4.5\spring-security-core-5.4.5.jar;C:\Users\jhmff\.m2\repository\org\postgresql\postgresql\42.2.18\postgresql-42.2.18.jar;C:\Users\jhmff\.m2\repository\org\checkerframework\checker-qual\3.5.0\checker-qual-3.5.0.jar;C:\Users\jhmff\.m2\repository\com\h2database\h2\1.4.200\h2-1.4.200.jar;C:\Users\jhmff\.m2\repository\org\springdoc\springdoc-openapi-ui\1.5.4\springdoc-openapi-ui-1.5.4.jar;C:\Users\jhmff\.m2\repository\org\springdoc\springdoc-openapi-webmvc-core\1.5.4\springdoc-openapi-webmvc-core-1.5.4.jar;C:\Users\jhmff\.m2\repository\org\springdoc\springdoc-openapi-common\1.5.4\springdoc-openapi-common-1.5.4.jar;C:\Users\jhmff\.m2\repository\io\swagger\core\v3\swagger-models\2.1.6\swagger-models-2.1.6.jar;C:\Users\jhmff\.m2\repository\io\swagger\core\v3\swagger-annotations\2.1.6\swagger-annotations-2.1.6.jar;C:\Users\jhmff\.m2\repository\io\swagger\core\v3\swagger-integration\2.1.6\swagger-integration-2.1.6.jar;C:\Users\jhmff\.m2\repository\io\swagger\core\v3\swagger-core\2.1.6\swagger-core-2.1.6.jar;C:\Users\jhmff\.m2\repository\com\fasterxml\jackson\dataformat\jackson-dataformat-yaml\2.11.4\jackson-dataformat-yaml-2.11.4.jar;C:\Users\jhmff\.m2\repository\jakarta\validation\jakarta.validation-api\2.0.2\jakarta.validation-api-2.0.2.jar;C:\Users\jhmff\.m2\repository\io\github\classgraph\classgraph\4.8.69\classgraph-4.8.69.jar;C:\Users\jhmff\.m2\repository\org\apache\commons\commons-lang3\3.11\commons-lang3-3.11.jar;C:\Users\jhmff\.m2\repository\org\webjars\swagger-ui\3.42.0\swagger-ui-3.42.0.jar;C:\Users\jhmff\.m2\repository\org\webjars\webjars-locator-core\0.46\webjars-locator-core-0.46.jar;C:\Users\jhmff\.m2\repository\com\fasterxml\jackson\core\jackson-core\2.11.4\jackson-core-2.11.4.jar;C:\Users\jhmff\.m2\repository\org\fenixedu\feaf4j-api\2.3.1\feaf4j-api-2.3.1.jar;C:\Users\jhmff\.m2\repository\com\google\code\gson\gson\2.8.6\gson-2.8.6.jar;C:\Users\jhmff\.m2\repository\org\slf4j\slf4j-api\1.7.30\slf4j-api-1.7.30.jar;C:\Users\jhmff\.m2\repository\org\fenixedu\feaf4j-okhttp\2.3.1\feaf4j-okhttp-2.3.1.jar;C:\Users\jhmff\.m2\repository\com\squareup\okhttp\okhttp\2.2.0\okhttp-2.2.0.jar;C:\Users\jhmff\.m2\repository\com\squareup\okio\okio\1.2.0\okio-1.2.0.jar;C:\Users\jhmff\.m2\repository\org\springframework\retry\spring-retry\1.3.1\spring-retry-1.3.1.jar;C:\Users\jhmff\.m2\repository\javax\annotation\javax.annotation-api\1.3.2\javax.annotation-api-1.3.2.jar;C:\Users\jhmff\.m2\repository\org\springframework\spring-aspects\5.3.4\spring-aspects-5.3.4.jar;C:\Users\jhmff\.m2\repository\org\aspectj\aspectjweaver\1.9.6\aspectjweaver-1.9.6.jar;C:\Users\jhmff\.m2\repository\io\jsonwebtoken\jjwt-api\0.11.2\jjwt-api-0.11.2.jar;C:\Users\jhmff\.m2\repository\io\jsonwebtoken\jjwt-impl\0.11.2\jjwt-impl-0.11.2.jar;C:\Users\jhmff\.m2\repository\io\jsonwebtoken\jjwt-jackson\0.11.2\jjwt-jackson-0.11.2.jar;C:\Users\jhmff\.m2\repository\com\fasterxml\jackson\core\jackson-databind\2.11.4\jackson-databind-2.11.4.jar;C:\Users\jhmff\.m2\repository\com\fasterxml\jackson\core\jackson-annotations\2.11.4\jackson-annotations-2.11.4.jar;C:\Users\jhmff\.m2\repository\jaxen\jaxen\1.2.0\jaxen-1.2.0.jar;C:\Users\jhmff\.m2\repository\org\jdom\jdom2\2.0.6\jdom2-2.0.6.jar;C:\Users\jhmff\.m2\repository\commons-io\commons-io\2.8.0\commons-io-2.8.0.jar;C:\Users\jhmff\.m2\repository\org\spockframework\spock-spring\2.0-M4-groovy-3.0\spock-spring-2.0-M4-groovy-3.0.jar;C:\Users\jhmff\.m2\repository\org\spockframework\spock-core\2.0-M4-groovy-3.0\spock-core-2.0-M4-groovy-3.0.jar;C:\Users\jhmff\.m2\repository\org\junit\platform\junit-platform-engine\1.7.1\junit-platform-engine-1.7.1.jar;C:\Users\jhmff\.m2\repository\org\apiguardian\apiguardian-api\1.1.0\apiguardian-api-1.1.0.jar;C:\Users\jhmff\.m2\repository\org\opentest4j\opentest4j\1.2.0\opentest4j-1.2.0.jar;C:\Users\jhmff\.m2\repository\org\junit\platform\junit-platform-commons\1.7.1\junit-platform-commons-1.7.1.jar;C:\Users\jhmff\.m2\repository\org\codehaus\groovy\modules\http-builder\http-builder\0.7.1\http-builder-0.7.1.jar;C:\Users\jhmff\.m2\repository\org\apache\httpcomponents\httpclient\4.5.13\httpclient-4.5.13.jar;C:\Users\jhmff\.m2\repository\org\apache\httpcomponents\httpcore\4.4.14\httpcore-4.4.14.jar;C:\Users\jhmff\.m2\repository\commons-codec\commons-codec\1.15\commons-codec-1.15.jar;C:\Users\jhmff\.m2\repository\net\sf\json-lib\json-lib\2.3\json-lib-2.3-jdk15.jar;C:\Users\jhmff\.m2\repository\commons-beanutils\commons-beanutils\1.8.0\commons-beanutils-1.8.0.jar;C:\Users\jhmff\.m2\repository\commons-collections\commons-collections\3.2.1\commons-collections-3.2.1.jar;C:\Users\jhmff\.m2\repository\commons-lang\commons-lang\2.4\commons-lang-2.4.jar;C:\Users\jhmff\.m2\repository\commons-logging\commons-logging\1.1.1\commons-logging-1.1.1.jar;C:\Users\jhmff\.m2\repository\net\sf\ezmorph\ezmorph\1.0.6\ezmorph-1.0.6.jar;C:\Users\jhmff\.m2\repository\net\sourceforge\nekohtml\nekohtml\1.9.22\nekohtml-1.9.22.jar;C:\Users\jhmff\.m2\repository\xerces\xercesImpl\2.11.0\xercesImpl-2.11.0.jar;C:\Users\jhmff\.m2\repository\xml-apis\xml-apis\1.4.01\xml-apis-1.4.01.jar;C:\Users\jhmff\.m2\repository\xml-resolver\xml-resolver\1.2\xml-resolver-1.2.jar;C:\Users\jhmff\.m2\repository\org\codehaus\groovy\groovy\3.0.7\groovy-3.0.7.jar;C:\Users\jhmff\.m2\repository\org\codehaus\groovy\groovy-ant\2.5.14\groovy-ant-2.5.14.jar;C:\Users\jhmff\.m2\repository\org\apache\ant\ant\1.9.15\ant-1.9.15.jar;C:\Users\jhmff\.m2\repository\org\apache\ant\ant-junit\1.9.15\ant-junit-1.9.15.jar;C:\Users\jhmff\.m2\repository\org\apache\ant\ant-launcher\1.9.15\ant-launcher-1.9.15.jar;C:\Users\jhmff\.m2\repository\org\apache\ant\ant-antlr\1.9.15\ant-antlr-1.9.15.jar;C:\Users\jhmff\.m2\repository\org\codehaus\groovy\groovy-astbuilder\3.0.7\groovy-astbuilder-3.0.7.jar;C:\Users\jhmff\.m2\repository\org\codehaus\groovy\groovy-cli-picocli\2.5.14\groovy-cli-picocli-2.5.14.jar;C:\Users\jhmff\.m2\repository\info\picocli\picocli\4.3.2\picocli-4.3.2.jar;C:\Users\jhmff\.m2\repository\org\codehaus\groovy\groovy-console\2.5.14\groovy-console-2.5.14.jar;C:\Users\jhmff\.m2\repository\org\codehaus\groovy\groovy-datetime\2.5.14\groovy-datetime-2.5.14.jar;C:\Users\jhmff\.m2\repository\org\codehaus\groovy\groovy-docgenerator\2.5.14\groovy-docgenerator-2.5.14.jar;C:\Users\jhmff\.m2\repository\com\thoughtworks\qdox\qdox\1.12.1\qdox-1.12.1.jar;C:\Users\jhmff\.m2\repository\org\codehaus\groovy\groovy-groovydoc\2.5.14\groovy-groovydoc-2.5.14.jar;C:\Users\jhmff\.m2\repository\org\codehaus\groovy\groovy-groovysh\2.5.14\groovy-groovysh-2.5.14.jar;C:\Users\jhmff\.m2\repository\jline\jline\2.14.6\jline-2.14.6.jar;C:\Users\jhmff\.m2\repository\org\codehaus\groovy\groovy-jmx\2.5.14\groovy-jmx-2.5.14.jar;C:\Users\jhmff\.m2\repository\org\codehaus\groovy\groovy-json\2.5.14\groovy-json-2.5.14.jar;C:\Users\jhmff\.m2\repository\org\codehaus\groovy\groovy-jsr223\2.5.14\groovy-jsr223-2.5.14.jar;C:\Users\jhmff\.m2\repository\org\codehaus\groovy\groovy-macro\2.5.14\groovy-macro-2.5.14.jar;C:\Users\jhmff\.m2\repository\org\codehaus\groovy\groovy-nio\2.5.14\groovy-nio-2.5.14.jar;C:\Users\jhmff\.m2\repository\org\codehaus\groovy\groovy-servlet\2.5.14\groovy-servlet-2.5.14.jar;C:\Users\jhmff\.m2\repository\org\codehaus\groovy\groovy-sql\2.5.14\groovy-sql-2.5.14.jar;C:\Users\jhmff\.m2\repository\org\codehaus\groovy\groovy-swing\2.5.14\groovy-swing-2.5.14.jar;C:\Users\jhmff\.m2\repository\org\codehaus\groovy\groovy-templates\2.5.14\groovy-templates-2.5.14.jar;C:\Users\jhmff\.m2\repository\org\codehaus\groovy\groovy-test\2.5.14\groovy-test-2.5.14.jar;C:\Users\jhmff\.m2\repository\org\codehaus\groovy\groovy-test-junit5\2.5.14\groovy-test-junit5-2.5.14.jar;C:\Users\jhmff\.m2\repository\org\junit\platform\junit-platform-launcher\1.7.1\junit-platform-launcher-1.7.1.jar;C:\Users\jhmff\.m2\repository\org\codehaus\groovy\groovy-testng\2.5.14\groovy-testng-2.5.14.jar;C:\Users\jhmff\.m2\repository\org\testng\testng\6.13.1\testng-6.13.1.jar;C:\Users\jhmff\.m2\repository\com\beust\jcommander\1.72\jcommander-1.72.jar;C:\Users\jhmff\.m2\repository\org\codehaus\groovy\groovy-xml\2.5.14\groovy-xml-2.5.14.jar;C:\Users\jhmff\.m2\repository\org\objenesis\objenesis\3.1\objenesis-3.1.jar;C:\Users\jhmff\.m2\repository\org\apache\commons\commons-compress\1.20\commons-compress-1.20.jar;C:\Users\jhmff\.m2\repository\com\google\guava\guava\30.1-jre\guava-30.1-jre.jar;C:\Users\jhmff\.m2\repository\com\google\guava\failureaccess\1.0.1\failureaccess-1.0.1.jar;C:\Users\jhmff\.m2\repository\com\google\guava\listenablefuture\9999.0-empty-to-avoid-conflict-with-guava\listenablefuture-9999.0-empty-to-avoid-conflict-with-guava.jar;C:\Users\jhmff\.m2\repository\com\google\code\findbugs\jsr305\3.0.2\jsr305-3.0.2.jar;C:\Users\jhmff\.m2\repository\com\google\errorprone\error_prone_annotations\2.3.4\error_prone_annotations-2.3.4.jar;C:\Users\jhmff\.m2\repository\com\google\j2objc\j2objc-annotations\1.3\j2objc-annotations-1.3.jar;C:\Users\jhmff\.m2\repository\junit\junit\3.8.1\junit-3.8.1.jar;"/>
    <property name="java.vm.vendor" value="Oracle Corporation"/>
    <property name="sun.arch.data.model" value="64"/>
    <property name="user.variant" value=""/>
    <property name="java.vendor.url" value="https://openjdk.java.net/"/>
    <property name="user.timezone" value="Europe/London"/>
    <property name="java.vm.specification.version" value="11"/>
    <property name="os.name" value="Windows 10"/>
    <property name="sun.java.launcher" value="SUN_STANDARD"/>
    <property name="user.country" value="PT"/>
    <property name="sun.boot.library.path" value="C:\Program Files\Java\jdk-11.0.8\bin"/>
    <property name="sun.java.command" value="C:\Users\jhmff\AppData\Local\Temp\surefire7862186556516952733\surefirebooter5146433027844940899.jar C:\Users\jhmff\AppData\Local\Temp\surefire7862186556516952733 2021-03-18T00-26-06_535-jvmRun1 surefire9006062807483087251tmp surefire_014788110750017521078tmp"/>
    <property name="jdk.debug" value="release"/>
    <property name="surefire.test.class.path" value="C:\Users\jhmff\Desktop\IST\MEIC\2ano\2Semestre\Tutor\backend\tutor\target\test-classes;C:\Users\jhmff\Desktop\IST\MEIC\2ano\2Semestre\Tutor\backend\tutor\target\classes;C:\Users\jhmff\Desktop\IST\MEIC\2ano\2Semestre\Tutor\backend\dtos\target\classes;C:\Users\jhmff\Desktop\IST\MEIC\2ano\2Semestre\Tutor\backend\exceptions\target\classes;C:\Users\jhmff\Desktop\IST\MEIC\2ano\2Semestre\Tutor\backend\utils\target\classes;C:\Users\jhmff\.m2\repository\org\springframework\boot\spring-boot-starter\2.4.3\spring-boot-starter-2.4.3.jar;C:\Users\jhmff\.m2\repository\org\springframework\boot\spring-boot\2.4.3\spring-boot-2.4.3.jar;C:\Users\jhmff\.m2\repository\org\springframework\spring-context\5.3.4\spring-context-5.3.4.jar;C:\Users\jhmff\.m2\repository\org\springframework\boot\spring-boot-autoconfigure\2.4.3\spring-boot-autoconfigure-2.4.3.jar;C:\Users\jhmff\.m2\repository\org\springframework\boot\spring-boot-starter-logging\2.4.3\spring-boot-starter-logging-2.4.3.jar;C:\Users\jhmff\.m2\repository\ch\qos\logback\logback-classic\1.2.3\logback-classic-1.2.3.jar;C:\Users\jhmff\.m2\repository\ch\qos\logback\logback-core\1.2.3\logback-core-1.2.3.jar;C:\Users\jhmff\.m2\repository\org\apache\logging\log4j\log4j-to-slf4j\2.13.3\log4j-to-slf4j-2.13.3.jar;C:\Users\jhmff\.m2\repository\org\apache\logging\log4j\log4j-api\2.13.3\log4j-api-2.13.3.jar;C:\Users\jhmff\.m2\repository\org\slf4j\jul-to-slf4j\1.7.30\jul-to-slf4j-1.7.30.jar;C:\Users\jhmff\.m2\repository\jakarta\annotation\jakarta.annotation-api\1.3.5\jakarta.annotation-api-1.3.5.jar;C:\Users\jhmff\.m2\repository\org\springframework\spring-core\5.3.4\spring-core-5.3.4.jar;C:\Users\jhmff\.m2\repository\org\springframework\spring-jcl\5.3.4\spring-jcl-5.3.4.jar;C:\Users\jhmff\.m2\repository\org\yaml\snakeyaml\1.27\snakeyaml-1.27.jar;C:\Users\jhmff\.m2\repository\org\springframework\boot\spring-boot-starter-data-jpa\2.4.3\spring-boot-starter-data-jpa-2.4.3.jar;C:\Users\jhmff\.m2\repository\org\springframework\boot\spring-boot-starter-aop\2.4.3\spring-boot-starter-aop-2.4.3.jar;C:\Users\jhmff\.m2\repository\org\springframework\boot\spring-boot-starter-jdbc\2.4.3\spring-boot-starter-jdbc-2.4.3.jar;C:\Users\jhmff\.m2\repository\com\zaxxer\HikariCP\3.4.5\HikariCP-3.4.5.jar;C:\Users\jhmff\.m2\repository\org\springframework\spring-jdbc\5.3.4\spring-jdbc-5.3.4.jar;C:\Users\jhmff\.m2\repository\jakarta\transaction\jakarta.transaction-api\1.3.3\jakarta.transaction-api-1.3.3.jar;C:\Users\jhmff\.m2\repository\jakarta\persistence\jakarta.persistence-api\2.2.3\jakarta.persistence-api-2.2.3.jar;C:\Users\jhmff\.m2\repository\org\hibernate\hibernate-core\5.4.28.Final\hibernate-core-5.4.28.Final.jar;C:\Users\jhmff\.m2\repository\org\jboss\logging\jboss-logging\3.4.1.Final\jboss-logging-3.4.1.Final.jar;C:\Users\jhmff\.m2\repository\org\javassist\javassist\3.27.0-GA\javassist-3.27.0-GA.jar;C:\Users\jhmff\.m2\repository\net\bytebuddy\byte-buddy\1.10.20\byte-buddy-1.10.20.jar;C:\Users\jhmff\.m2\repository\antlr\antlr\2.7.7\antlr-2.7.7.jar;C:\Users\jhmff\.m2\repository\org\jboss\jandex\2.2.3.Final\jandex-2.2.3.Final.jar;C:\Users\jhmff\.m2\repository\com\fasterxml\classmate\1.5.1\classmate-1.5.1.jar;C:\Users\jhmff\.m2\repository\org\dom4j\dom4j\2.1.3\dom4j-2.1.3.jar;C:\Users\jhmff\.m2\repository\org\hibernate\common\hibernate-commons-annotations\5.1.2.Final\hibernate-commons-annotations-5.1.2.Final.jar;C:\Users\jhmff\.m2\repository\org\glassfish\jaxb\jaxb-runtime\2.3.3\jaxb-runtime-2.3.3.jar;C:\Users\jhmff\.m2\repository\org\glassfish\jaxb\txw2\2.3.3\txw2-2.3.3.jar;C:\Users\jhmff\.m2\repository\com\sun\istack\istack-commons-runtime\3.0.11\istack-commons-runtime-3.0.11.jar;C:\Users\jhmff\.m2\repository\org\springframework\data\spring-data-jpa\2.4.5\spring-data-jpa-2.4.5.jar;C:\Users\jhmff\.m2\repository\org\springframework\data\spring-data-commons\2.4.5\spring-data-commons-2.4.5.jar;C:\Users\jhmff\.m2\repository\org\springframework\spring-orm\5.3.4\spring-orm-5.3.4.jar;C:\Users\jhmff\.m2\repository\org\springframework\spring-tx\5.3.4\spring-tx-5.3.4.jar;C:\Users\jhmff\.m2\repository\org\springframework\spring-beans\5.3.4\spring-beans-5.3.4.jar;C:\Users\jhmff\.m2\repository\org\springframework\boot\spring-boot-starter-web\2.4.3\spring-boot-starter-web-2.4.3.jar;C:\Users\jhmff\.m2\repository\org\springframework\boot\spring-boot-starter-json\2.4.3\spring-boot-starter-json-2.4.3.jar;C:\Users\jhmff\.m2\repository\com\fasterxml\jackson\datatype\jackson-datatype-jdk8\2.11.4\jackson-datatype-jdk8-2.11.4.jar;C:\Users\jhmff\.m2\repository\com\fasterxml\jackson\datatype\jackson-datatype-jsr310\2.11.4\jackson-datatype-jsr310-2.11.4.jar;C:\Users\jhmff\.m2\repository\com\fasterxml\jackson\module\jackson-module-parameter-names\2.11.4\jackson-module-parameter-names-2.11.4.jar;C:\Users\jhmff\.m2\repository\org\springframework\boot\spring-boot-starter-tomcat\2.4.3\spring-boot-starter-tomcat-2.4.3.jar;C:\Users\jhmff\.m2\repository\org\apache\tomcat\embed\tomcat-embed-core\9.0.43\tomcat-embed-core-9.0.43.jar;C:\Users\jhmff\.m2\repository\org\glassfish\jakarta.el\3.0.3\jakarta.el-3.0.3.jar;C:\Users\jhmff\.m2\repository\org\apache\tomcat\embed\tomcat-embed-websocket\9.0.43\tomcat-embed-websocket-9.0.43.jar;C:\Users\jhmff\.m2\repository\org\springframework\spring-web\5.3.4\spring-web-5.3.4.jar;C:\Users\jhmff\.m2\repository\org\springframework\spring-webmvc\5.3.4\spring-webmvc-5.3.4.jar;C:\Users\jhmff\.m2\repository\org\springframework\spring-expression\5.3.4\spring-expression-5.3.4.jar;C:\Users\jhmff\.m2\repository\org\springframework\boot\spring-boot-starter-test\2.4.3\spring-boot-starter-test-2.4.3.jar;C:\Users\jhmff\.m2\repository\org\springframework\boot\spring-boot-test\2.4.3\spring-boot-test-2.4.3.jar;C:\Users\jhmff\.m2\repository\org\springframework\boot\spring-boot-test-autoconfigure\2.4.3\spring-boot-test-autoconfigure-2.4.3.jar;C:\Users\jhmff\.m2\repository\com\jayway\jsonpath\json-path\2.4.0\json-path-2.4.0.jar;C:\Users\jhmff\.m2\repository\net\minidev\json-smart\2.3\json-smart-2.3.jar;C:\Users\jhmff\.m2\repository\net\minidev\accessors-smart\1.2\accessors-smart-1.2.jar;C:\Users\jhmff\.m2\repository\org\ow2\asm\asm\5.0.4\asm-5.0.4.jar;C:\Users\jhmff\.m2\repository\jakarta\xml\bind\jakarta.xml.bind-api\2.3.3\jakarta.xml.bind-api-2.3.3.jar;C:\Users\jhmff\.m2\repository\jakarta\activation\jakarta.activation-api\1.2.2\jakarta.activation-api-1.2.2.jar;C:\Users\jhmff\.m2\repository\org\assertj\assertj-core\3.18.1\assertj-core-3.18.1.jar;C:\Users\jhmff\.m2\repository\org\hamcrest\hamcrest\2.2\hamcrest-2.2.jar;C:\Users\jhmff\.m2\repository\org\junit\jupiter\junit-jupiter\5.7.1\junit-jupiter-5.7.1.jar;C:\Users\jhmff\.m2\repository\org\junit\jupiter\junit-jupiter-api\5.7.1\junit-jupiter-api-5.7.1.jar;C:\Users\jhmff\.m2\repository\org\junit\jupiter\junit-jupiter-params\5.7.1\junit-jupiter-params-5.7.1.jar;C:\Users\jhmff\.m2\repository\org\junit\jupiter\junit-jupiter-engine\5.7.1\junit-jupiter-engine-5.7.1.jar;C:\Users\jhmff\.m2\repository\org\mockito\mockito-core\3.6.28\mockito-core-3.6.28.jar;C:\Users\jhmff\.m2\repository\net\bytebuddy\byte-buddy-agent\1.10.20\byte-buddy-agent-1.10.20.jar;C:\Users\jhmff\.m2\repository\org\mockito\mockito-junit-jupiter\3.6.28\mockito-junit-jupiter-3.6.28.jar;C:\Users\jhmff\.m2\repository\org\skyscreamer\jsonassert\1.5.0\jsonassert-1.5.0.jar;C:\Users\jhmff\.m2\repository\com\vaadin\external\google\android-json\0.0.20131108.vaadin1\android-json-0.0.20131108.vaadin1.jar;C:\Users\jhmff\.m2\repository\org\springframework\spring-test\5.3.4\spring-test-5.3.4.jar;C:\Users\jhmff\.m2\repository\org\xmlunit\xmlunit-core\2.7.0\xmlunit-core-2.7.0.jar;C:\Users\jhmff\.m2\repository\org\springframework\boot\spring-boot-starter-mail\2.4.3\spring-boot-starter-mail-2.4.3.jar;C:\Users\jhmff\.m2\repository\org\springframework\spring-context-support\5.3.4\spring-context-support-5.3.4.jar;C:\Users\jhmff\.m2\repository\com\sun\mail\jakarta.mail\1.6.5\jakarta.mail-1.6.5.jar;C:\Users\jhmff\.m2\repository\com\sun\activation\jakarta.activation\1.2.2\jakarta.activation-1.2.2.jar;C:\Users\jhmff\.m2\repository\org\springframework\boot\spring-boot-devtools\2.4.3\spring-boot-devtools-2.4.3.jar;C:\Users\jhmff\.m2\repository\javax\xml\bind\jaxb-api\2.4.0-b180830.0359\jaxb-api-2.4.0-b180830.0359.jar;C:\Users\jhmff\.m2\repository\javax\activation\javax.activation-api\1.2.0\javax.activation-api-1.2.0.jar;C:\Users\jhmff\.m2\repository\javax\validation\validation-api\2.0.1.Final\validation-api-2.0.1.Final.jar;C:\Users\jhmff\.m2\repository\org\springframework\boot\spring-boot-configuration-processor\2.4.3\spring-boot-configuration-processor-2.4.3.jar;C:\Users\jhmff\.m2\repository\org\springframework\boot\spring-boot-starter-security\2.4.3\spring-boot-starter-security-2.4.3.jar;C:\Users\jhmff\.m2\repository\org\springframework\spring-aop\5.3.4\spring-aop-5.3.4.jar;C:\Users\jhmff\.m2\repository\org\springframework\security\spring-security-config\5.4.5\spring-security-config-5.4.5.jar;C:\Users\jhmff\.m2\repository\org\springframework\security\spring-security-web\5.4.5\spring-security-web-5.4.5.jar;C:\Users\jhmff\.m2\repository\org\springframework\security\spring-security-test\5.4.5\spring-security-test-5.4.5.jar;C:\Users\jhmff\.m2\repository\org\springframework\security\spring-security-core\5.4.5\spring-security-core-5.4.5.jar;C:\Users\jhmff\.m2\repository\org\postgresql\postgresql\42.2.18\postgresql-42.2.18.jar;C:\Users\jhmff\.m2\repository\org\checkerframework\checker-qual\3.5.0\checker-qual-3.5.0.jar;C:\Users\jhmff\.m2\repository\com\h2database\h2\1.4.200\h2-1.4.200.jar;C:\Users\jhmff\.m2\repository\org\springdoc\springdoc-openapi-ui\1.5.4\springdoc-openapi-ui-1.5.4.jar;C:\Users\jhmff\.m2\repository\org\springdoc\springdoc-openapi-webmvc-core\1.5.4\springdoc-openapi-webmvc-core-1.5.4.jar;C:\Users\jhmff\.m2\repository\org\springdoc\springdoc-openapi-common\1.5.4\springdoc-openapi-common-1.5.4.jar;C:\Users\jhmff\.m2\repository\io\swagger\core\v3\swagger-models\2.1.6\swagger-models-2.1.6.jar;C:\Users\jhmff\.m2\repository\io\swagger\core\v3\swagger-annotations\2.1.6\swagger-annotations-2.1.6.jar;C:\Users\jhmff\.m2\repository\io\swagger\core\v3\swagger-integration\2.1.6\swagger-integration-2.1.6.jar;C:\Users\jhmff\.m2\repository\io\swagger\core\v3\swagger-core\2.1.6\swagger-core-2.1.6.jar;C:\Users\jhmff\.m2\repository\com\fasterxml\jackson\dataformat\jackson-dataformat-yaml\2.11.4\jackson-dataformat-yaml-2.11.4.jar;C:\Users\jhmff\.m2\repository\jakarta\validation\jakarta.validation-api\2.0.2\jakarta.validation-api-2.0.2.jar;C:\Users\jhmff\.m2\repository\io\github\classgraph\classgraph\4.8.69\classgraph-4.8.69.jar;C:\Users\jhmff\.m2\repository\org\apache\commons\commons-lang3\3.11\commons-lang3-3.11.jar;C:\Users\jhmff\.m2\repository\org\webjars\swagger-ui\3.42.0\swagger-ui-3.42.0.jar;C:\Users\jhmff\.m2\repository\org\webjars\webjars-locator-core\0.46\webjars-locator-core-0.46.jar;C:\Users\jhmff\.m2\repository\com\fasterxml\jackson\core\jackson-core\2.11.4\jackson-core-2.11.4.jar;C:\Users\jhmff\.m2\repository\org\fenixedu\feaf4j-api\2.3.1\feaf4j-api-2.3.1.jar;C:\Users\jhmff\.m2\repository\com\google\code\gson\gson\2.8.6\gson-2.8.6.jar;C:\Users\jhmff\.m2\repository\org\slf4j\slf4j-api\1.7.30\slf4j-api-1.7.30.jar;C:\Users\jhmff\.m2\repository\org\fenixedu\feaf4j-okhttp\2.3.1\feaf4j-okhttp-2.3.1.jar;C:\Users\jhmff\.m2\repository\com\squareup\okhttp\okhttp\2.2.0\okhttp-2.2.0.jar;C:\Users\jhmff\.m2\repository\com\squareup\okio\okio\1.2.0\okio-1.2.0.jar;C:\Users\jhmff\.m2\repository\org\springframework\retry\spring-retry\1.3.1\spring-retry-1.3.1.jar;C:\Users\jhmff\.m2\repository\javax\annotation\javax.annotation-api\1.3.2\javax.annotation-api-1.3.2.jar;C:\Users\jhmff\.m2\repository\org\springframework\spring-aspects\5.3.4\spring-aspects-5.3.4.jar;C:\Users\jhmff\.m2\repository\org\aspectj\aspectjweaver\1.9.6\aspectjweaver-1.9.6.jar;C:\Users\jhmff\.m2\repository\io\jsonwebtoken\jjwt-api\0.11.2\jjwt-api-0.11.2.jar;C:\Users\jhmff\.m2\repository\io\jsonwebtoken\jjwt-impl\0.11.2\jjwt-impl-0.11.2.jar;C:\Users\jhmff\.m2\repository\io\jsonwebtoken\jjwt-jackson\0.11.2\jjwt-jackson-0.11.2.jar;C:\Users\jhmff\.m2\repository\com\fasterxml\jackson\core\jackson-databind\2.11.4\jackson-databind-2.11.4.jar;C:\Users\jhmff\.m2\repository\com\fasterxml\jackson\core\jackson-annotations\2.11.4\jackson-annotations-2.11.4.jar;C:\Users\jhmff\.m2\repository\jaxen\jaxen\1.2.0\jaxen-1.2.0.jar;C:\Users\jhmff\.m2\repository\org\jdom\jdom2\2.0.6\jdom2-2.0.6.jar;C:\Users\jhmff\.m2\repository\commons-io\commons-io\2.8.0\commons-io-2.8.0.jar;C:\Users\jhmff\.m2\repository\org\spockframework\spock-spring\2.0-M4-groovy-3.0\spock-spring-2.0-M4-groovy-3.0.jar;C:\Users\jhmff\.m2\repository\org\spockframework\spock-core\2.0-M4-groovy-3.0\spock-core-2.0-M4-groovy-3.0.jar;C:\Users\jhmff\.m2\repository\org\junit\platform\junit-platform-engine\1.7.1\junit-platform-engine-1.7.1.jar;C:\Users\jhmff\.m2\repository\org\apiguardian\apiguardian-api\1.1.0\apiguardian-api-1.1.0.jar;C:\Users\jhmff\.m2\repository\org\opentest4j\opentest4j\1.2.0\opentest4j-1.2.0.jar;C:\Users\jhmff\.m2\repository\org\junit\platform\junit-platform-commons\1.7.1\junit-platform-commons-1.7.1.jar;C:\Users\jhmff\.m2\repository\org\codehaus\groovy\modules\http-builder\http-builder\0.7.1\http-builder-0.7.1.jar;C:\Users\jhmff\.m2\repository\org\apache\httpcomponents\httpclient\4.5.13\httpclient-4.5.13.jar;C:\Users\jhmff\.m2\repository\org\apache\httpcomponents\httpcore\4.4.14\httpcore-4.4.14.jar;C:\Users\jhmff\.m2\repository\commons-codec\commons-codec\1.15\commons-codec-1.15.jar;C:\Users\jhmff\.m2\repository\net\sf\json-lib\json-lib\2.3\json-lib-2.3-jdk15.jar;C:\Users\jhmff\.m2\repository\commons-beanutils\commons-beanutils\1.8.0\commons-beanutils-1.8.0.jar;C:\Users\jhmff\.m2\repository\commons-collections\commons-collections\3.2.1\commons-collections-3.2.1.jar;C:\Users\jhmff\.m2\repository\commons-lang\commons-lang\2.4\commons-lang-2.4.jar;C:\Users\jhmff\.m2\repository\commons-logging\commons-logging\1.1.1\commons-logging-1.1.1.jar;C:\Users\jhmff\.m2\repository\net\sf\ezmorph\ezmorph\1.0.6\ezmorph-1.0.6.jar;C:\Users\jhmff\.m2\repository\net\sourceforge\nekohtml\nekohtml\1.9.22\nekohtml-1.9.22.jar;C:\Users\jhmff\.m2\repository\xerces\xercesImpl\2.11.0\xercesImpl-2.11.0.jar;C:\Users\jhmff\.m2\repository\xml-apis\xml-apis\1.4.01\xml-apis-1.4.01.jar;C:\Users\jhmff\.m2\repository\xml-resolver\xml-resolver\1.2\xml-resolver-1.2.jar;C:\Users\jhmff\.m2\repository\org\codehaus\groovy\groovy\3.0.7\groovy-3.0.7.jar;C:\Users\jhmff\.m2\repository\org\codehaus\groovy\groovy-ant\2.5.14\groovy-ant-2.5.14.jar;C:\Users\jhmff\.m2\repository\org\apache\ant\ant\1.9.15\ant-1.9.15.jar;C:\Users\jhmff\.m2\repository\org\apache\ant\ant-junit\1.9.15\ant-junit-1.9.15.jar;C:\Users\jhmff\.m2\repository\org\apache\ant\ant-launcher\1.9.15\ant-launcher-1.9.15.jar;C:\Users\jhmff\.m2\repository\org\apache\ant\ant-antlr\1.9.15\ant-antlr-1.9.15.jar;C:\Users\jhmff\.m2\repository\org\codehaus\groovy\groovy-astbuilder\3.0.7\groovy-astbuilder-3.0.7.jar;C:\Users\jhmff\.m2\repository\org\codehaus\groovy\groovy-cli-picocli\2.5.14\groovy-cli-picocli-2.5.14.jar;C:\Users\jhmff\.m2\repository\info\picocli\picocli\4.3.2\picocli-4.3.2.jar;C:\Users\jhmff\.m2\repository\org\codehaus\groovy\groovy-console\2.5.14\groovy-console-2.5.14.jar;C:\Users\jhmff\.m2\repository\org\codehaus\groovy\groovy-datetime\2.5.14\groovy-datetime-2.5.14.jar;C:\Users\jhmff\.m2\repository\org\codehaus\groovy\groovy-docgenerator\2.5.14\groovy-docgenerator-2.5.14.jar;C:\Users\jhmff\.m2\repository\com\thoughtworks\qdox\qdox\1.12.1\qdox-1.12.1.jar;C:\Users\jhmff\.m2\repository\org\codehaus\groovy\groovy-groovydoc\2.5.14\groovy-groovydoc-2.5.14.jar;C:\Users\jhmff\.m2\repository\org\codehaus\groovy\groovy-groovysh\2.5.14\groovy-groovysh-2.5.14.jar;C:\Users\jhmff\.m2\repository\jline\jline\2.14.6\jline-2.14.6.jar;C:\Users\jhmff\.m2\repository\org\codehaus\groovy\groovy-jmx\2.5.14\groovy-jmx-2.5.14.jar;C:\Users\jhmff\.m2\repository\org\codehaus\groovy\groovy-json\2.5.14\groovy-json-2.5.14.jar;C:\Users\jhmff\.m2\repository\org\codehaus\groovy\groovy-jsr223\2.5.14\groovy-jsr223-2.5.14.jar;C:\Users\jhmff\.m2\repository\org\codehaus\groovy\groovy-macro\2.5.14\groovy-macro-2.5.14.jar;C:\Users\jhmff\.m2\repository\org\codehaus\groovy\groovy-nio\2.5.14\groovy-nio-2.5.14.jar;C:\Users\jhmff\.m2\repository\org\codehaus\groovy\groovy-servlet\2.5.14\groovy-servlet-2.5.14.jar;C:\Users\jhmff\.m2\repository\org\codehaus\groovy\groovy-sql\2.5.14\groovy-sql-2.5.14.jar;C:\Users\jhmff\.m2\repository\org\codehaus\groovy\groovy-swing\2.5.14\groovy-swing-2.5.14.jar;C:\Users\jhmff\.m2\repository\org\codehaus\groovy\groovy-templates\2.5.14\groovy-templates-2.5.14.jar;C:\Users\jhmff\.m2\repository\org\codehaus\groovy\groovy-test\2.5.14\groovy-test-2.5.14.jar;C:\Users\jhmff\.m2\repository\org\codehaus\groovy\groovy-test-junit5\2.5.14\groovy-test-junit5-2.5.14.jar;C:\Users\jhmff\.m2\repository\org\junit\platform\junit-platform-launcher\1.7.1\junit-platform-launcher-1.7.1.jar;C:\Users\jhmff\.m2\repository\org\codehaus\groovy\groovy-testng\2.5.14\groovy-testng-2.5.14.jar;C:\Users\jhmff\.m2\repository\org\testng\testng\6.13.1\testng-6.13.1.jar;C:\Users\jhmff\.m2\repository\com\beust\jcommander\1.72\jcommander-1.72.jar;C:\Users\jhmff\.m2\repository\org\codehaus\groovy\groovy-xml\2.5.14\groovy-xml-2.5.14.jar;C:\Users\jhmff\.m2\repository\org\objenesis\objenesis\3.1\objenesis-3.1.jar;C:\Users\jhmff\.m2\repository\org\apache\commons\commons-compress\1.20\commons-compress-1.20.jar;C:\Users\jhmff\.m2\repository\com\google\guava\guava\30.1-jre\guava-30.1-jre.jar;C:\Users\jhmff\.m2\repository\com\google\guava\failureaccess\1.0.1\failureaccess-1.0.1.jar;C:\Users\jhmff\.m2\repository\com\google\guava\listenablefuture\9999.0-empty-to-avoid-conflict-with-guava\listenablefuture-9999.0-empty-to-avoid-conflict-with-guava.jar;C:\Users\jhmff\.m2\repository\com\google\code\findbugs\jsr305\3.0.2\jsr305-3.0.2.jar;C:\Users\jhmff\.m2\repository\com\google\errorprone\error_prone_annotations\2.3.4\error_prone_annotations-2.3.4.jar;C:\Users\jhmff\.m2\repository\com\google\j2objc\j2objc-annotations\1.3\j2objc-annotations-1.3.jar;C:\Users\jhmff\.m2\repository\junit\junit\3.8.1\junit-3.8.1.jar;"/>
    <property name="sun.cpu.endian" value="little"/>
    <property name="user.home" value="C:\Users\jhmff"/>
    <property name="user.language" value="pt"/>
    <property name="java.specification.vendor" value="Oracle Corporation"/>
    <property name="java.version.date" value="2020-07-14"/>
    <property name="java.home" value="C:\Program Files\Java\jdk-11.0.8"/>
    <property name="file.separator" value="\"/>
    <property name="basedir" value="C:\Users\jhmff\Desktop\IST\MEIC\2ano\2Semestre\Tutor\backend\tutor"/>
    <property name="java.vm.compressedOopsMode" value="Zero based"/>
    <property name="line.separator" value="&#10;"/>
    <property name="java.specification.name" value="Java Platform API Specification"/>
    <property name="java.vm.specification.vendor" value="Oracle Corporation"/>
    <property name="FILE_LOG_CHARSET" value="windows-1252"/>
    <property name="java.awt.graphicsenv" value="sun.awt.Win32GraphicsEnvironment"/>
    <property name="java.awt.headless" value="true"/>
    <property name="surefire.real.class.path" value="C:\Users\jhmff\AppData\Local\Temp\surefire7862186556516952733\surefirebooter5146433027844940899.jar"/>
    <property name="user.script" value=""/>
    <property name="sun.management.compiler" value="HotSpot 64-Bit Tiered Compilers"/>
    <property name="java.runtime.version" value="11.0.8+10-LTS"/>
    <property name="user.name" value="jhmff"/>
    <property name="path.separator" value=";"/>
    <property name="os.version" value="10.0"/>
    <property name="java.runtime.name" value="Java(TM) SE Runtime Environment"/>
    <property name="file.encoding" value="Cp1252"/>
    <property name="spring.beaninfo.ignore" value="true"/>
    <property name="java.vm.name" value="Java HotSpot(TM) 64-Bit Server VM"/>
    <property name="java.vendor.version" value="18.9"/>
    <property name="localRepository" value="C:\Users\jhmff\.m2\repository"/>
    <property name="java.vendor.url.bug" value="https://bugreport.java.com/bugreport/"/>
    <property name="java.io.tmpdir" value="C:\Users\jhmff\AppData\Local\Temp\"/>
    <property name="java.version" value="11.0.8"/>
    <property name="user.dir" value="C:\Users\jhmff\Desktop\IST\MEIC\2ano\2Semestre\Tutor\backend\tutor"/>
    <property name="os.arch" value="amd64"/>
    <property name="java.vm.specification.name" value="Java Virtual Machine Specification"/>
    <property name="PID" value="23484"/>
    <property name="java.awt.printerjob" value="sun.awt.windows.WPrinterJob"/>
    <property name="sun.os.patch.level" value=""/>
    <property name="CONSOLE_LOG_CHARSET" value="windows-1252"/>
    <property name="java.library.path" value="C:\Program Files\Java\jdk-11.0.8\bin;C:\WINDOWS\Sun\Java\bin;C:\WINDOWS\system32;C:\WINDOWS;C:\Users\jhmff\bin;C:\Program Files\Git\mingw64\bin;C:\Program Files\Git\usr\local\bin;C:\Program Files\Git\usr\bin;C:\Program Files\Git\usr\bin;C:\Program Files\Git\mingw64\bin;C:\Program Files\Git\usr\bin;C:\Users\jhmff\bin;C:\Program Files (x86)\apache-jmeter-5.3\bin;C:\Python38;C:\Program Files\Common Files\Oracle\Java\javapath;C:\Program Files (x86)\Common Files\Oracle\Java\javapath;C:\Program Files (x86)\Intel\iCLS Client;C:\Program Files\Intel\iCLS Client;C:\Windows\system32;C:\Windows;C:\Windows\System32\Wbem;C:\Windows\System32\WindowsPowerShell\v1.0;C:\Program Files (x86)\Intel\Intel(R) Management Engine Components\DAL;C:\Program Files\Intel\Intel(R) Management Engine Components\DAL;C:\Program Files (x86)\Intel\Intel(R) Management Engine Components\IPT;C:\Program Files\Intel\Intel(R) Management Engine Components\IPT;C:\Program Files\Intel\WiFi\bin;C:\Gradle\bin;C:\Program Files\Common Files\Intel\WirelessCommon;C:\WINDOWS\System32\Wbem;C:\WINDOWS\System32\WindowsPowerShell\v1.0;C:\Program Files (x86)\NVIDIA Corporation\PhysX\Common;C:\MinGW\bin;C:\WINDOWS\System32\OpenSSH;C:\Program Files\Java\jdk1.8.0_202\bin;C:\Program Files\Java\jre1.8.0_202\bin;C:\ProgramData\chocolatey\bin;C:\Program Files\NVIDIA Corporation\NVIDIA NvDLISR;C:\Program Files\apache-maven-3.6.3\bin;C:\Program Files\Git\usr\bin;C:\Program Files\Git\cmd;C:\Users\jhmff\eclipse\java-2018-12\eclipse;C:\Program Files\apache-maven-3.6.3;C:\Program Files\MySQL\MySQL Server 5.7\bin;C:\WINDOWS\system32;C:\WINDOWS;C:\WINDOWS\System32\Wbem;C:\WINDOWS\System32\WindowsPowerShell\v1.0;C:\WINDOWS\System32\OpenSSH;C:\exiftool;C:\Program Files\Symfony;C:\xampp\php;C:\composer;C:\Program Files\dotnet;C:\Program Files\PuTTY;C:\Program Files\Microsoft SQL Server\Client SDK\ODBC\130\Tools\Binn;C:\Program Files (x86)\Microsoft SQL Server\140\Tools\Binn;C:\Program Files\Microsoft SQL Server\140\Tools\Binn;C:\Program Files\Microsoft SQL Server\140\DTS\Binn;C:\Program Files\Microsoft SQL Server\130\Tools\Binn;C:\Program Files\Microsoft SQL Server\Client SDK\ODBC\170\Tools\Binn;C:\Program Files\PostgreSQL\12\bin;C:\Program Files\nodejs;C:\Program Files (x86)\dotnet;C:\Program Files\Graphviz\bin;C:\Program Files\MySQL\MySQL Shell 8.0\bin;C:\Users\jhmff\AppData\Local\Programs\Python\Python37-32\Scripts;C:\Users\jhmff\AppData\Local\Programs\Python\Python37-32;C:\Users\jhmff\AppData\Local\Microsoft\WindowsApps;C:\Program Files\Microsoft VS Code\bin;C:\Program Files\Oracle\VirtualBox;C ;C:\Program Files\Git\Program Files\Git\bin;C ;C:\Program Files\Git\Program Files\Git\usr\bin&quot;;C:\Python3;C:\Python36\Scripts&quot;;C:\Program Files\JetBrains\IntelliJ IDEA 2019.3.3\bin;C:\Program Files\Docker Toolbox;C:\Program Files\JetBrains\PhpStorm 2019.2.3\bin;C:\Users\jhmff\AppData\Roaming\Composer\vendor\bin;C:\Users\jhmff\AppData\Local\Programs\Microsoft VS Code\bin;C:\Program Files\JetBrains\WebStorm 2020.2\bin;C:\Users\jhmff\AppData\Local\Microsoft\WindowsApps;C:\Users\jhmff\.dotnet\tools;C:\Users\jhmff\AppData\Roaming\npm;C:\Gradle\bin;C:\Users\jhmff\AppData\Local\GitHubDesktop\bin;C:\Program Files\Git\usr\bin\vendor_perl;C:\Program Files\Git\usr\bin\core_perl;."/>
    <property name="java.vendor" value="Oracle Corporation"/>
    <property name="java.vm.info" value="mixed mode"/>
    <property name="java.vm.version" value="11.0.8+10-LTS"/>
    <property name="sun.io.unicode.encoding" value="UnicodeLittle"/>
    <property name="java.class.version" value="55.0"/>
  </properties>
  <testcase name="conclude quiz without conclusionDate, without answering" classname="pt.ulisboa.tecnico.socialsoftware.tutor.answer.service.ConcludeQuizTest" time="0.871">
    <system-out><![CDATA[00:26:21.324 [main] DEBUG org.springframework.test.annotation.ProfileValueUtils - Retrieved @ProfileValueSourceConfiguration [null] for test class [pt.ulisboa.tecnico.socialsoftware.tutor.answer.service.ConcludeQuizTest]
00:26:21.339 [main] DEBUG org.springframework.test.annotation.ProfileValueUtils - Retrieved ProfileValueSource type [class org.springframework.test.annotation.SystemProfileValueSource] for class [pt.ulisboa.tecnico.socialsoftware.tutor.answer.service.ConcludeQuizTest]
00:26:21.340 [main] DEBUG org.springframework.test.annotation.ProfileValueUtils - Retrieved @ProfileValueSourceConfiguration [null] for test class [pt.ulisboa.tecnico.socialsoftware.tutor.answer.service.ConcludeQuizTest]
00:26:21.340 [main] DEBUG org.springframework.test.annotation.ProfileValueUtils - Retrieved ProfileValueSource type [class org.springframework.test.annotation.SystemProfileValueSource] for class [pt.ulisboa.tecnico.socialsoftware.tutor.answer.service.ConcludeQuizTest]
00:26:21.347 [main] DEBUG org.springframework.test.annotation.ProfileValueUtils - Retrieved @ProfileValueSourceConfiguration [null] for test class [pt.ulisboa.tecnico.socialsoftware.tutor.answer.service.ConcludeQuizTest]
00:26:21.347 [main] DEBUG org.springframework.test.annotation.ProfileValueUtils - Retrieved ProfileValueSource type [class org.springframework.test.annotation.SystemProfileValueSource] for class [pt.ulisboa.tecnico.socialsoftware.tutor.answer.service.ConcludeQuizTest]
00:26:21.347 [main] DEBUG org.springframework.test.annotation.ProfileValueUtils - Retrieved @ProfileValueSourceConfiguration [null] for test class [pt.ulisboa.tecnico.socialsoftware.tutor.answer.service.ConcludeQuizTest]
00:26:21.348 [main] DEBUG org.springframework.test.annotation.ProfileValueUtils - Retrieved ProfileValueSource type [class org.springframework.test.annotation.SystemProfileValueSource] for class [pt.ulisboa.tecnico.socialsoftware.tutor.answer.service.ConcludeQuizTest]
00:26:21.348 [main] DEBUG org.springframework.test.annotation.ProfileValueUtils - Retrieved @ProfileValueSourceConfiguration [null] for test class [pt.ulisboa.tecnico.socialsoftware.tutor.answer.service.ConcludeQuizTest]
00:26:21.349 [main] DEBUG org.springframework.test.annotation.ProfileValueUtils - Retrieved ProfileValueSource type [class org.springframework.test.annotation.SystemProfileValueSource] for class [pt.ulisboa.tecnico.socialsoftware.tutor.answer.service.ConcludeQuizTest]
00:26:21.349 [main] DEBUG org.springframework.test.annotation.ProfileValueUtils - Retrieved @ProfileValueSourceConfiguration [null] for test class [pt.ulisboa.tecnico.socialsoftware.tutor.answer.service.ConcludeQuizTest]
00:26:21.350 [main] DEBUG org.springframework.test.annotation.ProfileValueUtils - Retrieved ProfileValueSource type [class org.springframework.test.annotation.SystemProfileValueSource] for class [pt.ulisboa.tecnico.socialsoftware.tutor.answer.service.ConcludeQuizTest]
00:26:21.350 [main] DEBUG org.springframework.test.annotation.ProfileValueUtils - Retrieved @ProfileValueSourceConfiguration [null] for test class [pt.ulisboa.tecnico.socialsoftware.tutor.answer.service.ConcludeQuizTest]
00:26:21.351 [main] DEBUG org.springframework.test.annotation.ProfileValueUtils - Retrieved ProfileValueSource type [class org.springframework.test.annotation.SystemProfileValueSource] for class [pt.ulisboa.tecnico.socialsoftware.tutor.answer.service.ConcludeQuizTest]
00:26:21.351 [main] DEBUG org.springframework.test.annotation.ProfileValueUtils - Retrieved @ProfileValueSourceConfiguration [null] for test class [pt.ulisboa.tecnico.socialsoftware.tutor.answer.service.ConcludeQuizTest]
00:26:21.352 [main] DEBUG org.springframework.test.annotation.ProfileValueUtils - Retrieved ProfileValueSource type [class org.springframework.test.annotation.SystemProfileValueSource] for class [pt.ulisboa.tecnico.socialsoftware.tutor.answer.service.ConcludeQuizTest]
00:26:21.368 [main] DEBUG org.springframework.test.context.BootstrapUtils - Instantiating CacheAwareContextLoaderDelegate from class [org.springframework.test.context.cache.DefaultCacheAwareContextLoaderDelegate]
00:26:21.403 [main] DEBUG org.springframework.test.context.BootstrapUtils - Instantiating BootstrapContext using constructor [public org.springframework.test.context.support.DefaultBootstrapContext(java.lang.Class,org.springframework.test.context.CacheAwareContextLoaderDelegate)]
00:26:21.438 [main] DEBUG org.springframework.test.context.BootstrapUtils - Instantiating TestContextBootstrapper for test class [pt.ulisboa.tecnico.socialsoftware.tutor.answer.service.ConcludeQuizTest] from class [org.springframework.boot.test.autoconfigure.orm.jpa.DataJpaTestContextBootstrapper]
00:26:21.477 [main] INFO org.springframework.boot.test.autoconfigure.orm.jpa.DataJpaTestContextBootstrapper - Neither @ContextConfiguration nor @ContextHierarchy found for test class [pt.ulisboa.tecnico.socialsoftware.tutor.answer.service.ConcludeQuizTest], using SpringBootContextLoader
00:26:21.494 [main] DEBUG org.springframework.test.context.support.AbstractContextLoader - Did not detect default resource location for test class [pt.ulisboa.tecnico.socialsoftware.tutor.answer.service.ConcludeQuizTest]: class path resource [pt/ulisboa/tecnico/socialsoftware/tutor/answer/service/ConcludeQuizTest-context.xml] does not exist
00:26:21.496 [main] DEBUG org.springframework.test.context.support.AbstractContextLoader - Did not detect default resource location for test class [pt.ulisboa.tecnico.socialsoftware.tutor.answer.service.ConcludeQuizTest]: class path resource [pt/ulisboa/tecnico/socialsoftware/tutor/answer/service/ConcludeQuizTestContext.groovy] does not exist
00:26:21.497 [main] INFO org.springframework.test.context.support.AbstractContextLoader - Could not detect default resource locations for test class [pt.ulisboa.tecnico.socialsoftware.tutor.answer.service.ConcludeQuizTest]: no resource found for suffixes {-context.xml, Context.groovy}.
00:26:21.736 [main] DEBUG org.springframework.test.context.support.ActiveProfilesUtils - Could not find an 'annotation declaring class' for annotation type [org.springframework.test.context.ActiveProfiles] and class [pt.ulisboa.tecnico.socialsoftware.tutor.answer.service.ConcludeQuizTest]
00:26:22.036 [main] DEBUG org.springframework.context.annotation.ClassPathScanningCandidateComponentProvider - Identified candidate component class: file [C:\Users\jhmff\Desktop\IST\MEIC\2ano\2Semestre\Tutor\backend\tutor\target\classes\pt\ulisboa\tecnico\socialsoftware\tutor\TutorTestApplication.class]
00:26:22.038 [main] INFO org.springframework.boot.test.context.SpringBootTestContextBootstrapper - Found @SpringBootConfiguration pt.ulisboa.tecnico.socialsoftware.tutor.TutorTestApplication for test class pt.ulisboa.tecnico.socialsoftware.tutor.answer.service.ConcludeQuizTest
00:26:22.058 [main] DEBUG org.springframework.boot.test.autoconfigure.orm.jpa.DataJpaTestContextBootstrapper - @TestExecutionListeners is not present for class [pt.ulisboa.tecnico.socialsoftware.tutor.answer.service.ConcludeQuizTest]: using defaults.
00:26:22.058 [main] INFO org.springframework.boot.test.autoconfigure.orm.jpa.DataJpaTestContextBootstrapper - Loaded default TestExecutionListener class names from location [META-INF/spring.factories]: [org.springframework.boot.test.mock.mockito.MockitoTestExecutionListener, org.springframework.boot.test.mock.mockito.ResetMocksTestExecutionListener, org.springframework.boot.test.autoconfigure.restdocs.RestDocsTestExecutionListener, org.springframework.boot.test.autoconfigure.web.client.MockRestServiceServerResetTestExecutionListener, org.springframework.boot.test.autoconfigure.web.servlet.MockMvcPrintOnlyOnFailureTestExecutionListener, org.springframework.boot.test.autoconfigure.web.servlet.WebDriverTestExecutionListener, org.springframework.boot.test.autoconfigure.webservices.client.MockWebServiceServerTestExecutionListener, org.springframework.test.context.web.ServletTestExecutionListener, org.springframework.test.context.support.DirtiesContextBeforeModesTestExecutionListener, org.springframework.test.context.event.ApplicationEventsTestExecutionListener, org.springframework.test.context.support.DependencyInjectionTestExecutionListener, org.springframework.test.context.support.DirtiesContextTestExecutionListener, org.springframework.test.context.transaction.TransactionalTestExecutionListener, org.springframework.test.context.jdbc.SqlScriptsTestExecutionListener, org.springframework.test.context.event.EventPublishingTestExecutionListener, org.springframework.security.test.context.support.WithSecurityContextTestExecutionListener, org.springframework.security.test.context.support.ReactorContextTestExecutionListener, org.spockframework.spring.SpringMockTestExecutionListener]
00:26:22.135 [main] INFO org.springframework.boot.test.autoconfigure.orm.jpa.DataJpaTestContextBootstrapper - Using TestExecutionListeners: [org.springframework.test.context.web.ServletTestExecutionListener@29c80149, org.springframework.test.context.support.DirtiesContextBeforeModesTestExecutionListener@14ad42, org.springframework.test.context.event.ApplicationEventsTestExecutionListener@608b906d, org.springframework.boot.test.mock.mockito.MockitoTestExecutionListener@173cfb01, org.springframework.boot.test.autoconfigure.SpringBootDependencyInjectionTestExecutionListener@7e1762e6, org.springframework.test.context.support.DirtiesContextTestExecutionListener@5bccaedb, org.springframework.test.context.transaction.TransactionalTestExecutionListener@67784537, org.springframework.test.context.jdbc.SqlScriptsTestExecutionListener@17ec5e2a, org.springframework.test.context.event.EventPublishingTestExecutionListener@52290e63, org.springframework.security.test.context.support.WithSecurityContextTestExecutionListener@6c2dd88b, org.springframework.security.test.context.support.ReactorContextTestExecutionListener@49d979c4, org.springframework.boot.test.mock.mockito.ResetMocksTestExecutionListener@3cb173db, org.springframework.boot.test.autoconfigure.restdocs.RestDocsTestExecutionListener@26712838, org.springframework.boot.test.autoconfigure.web.client.MockRestServiceServerResetTestExecutionListener@249a45fd, org.springframework.boot.test.autoconfigure.web.servlet.MockMvcPrintOnlyOnFailureTestExecutionListener@268f0ff3, org.springframework.boot.test.autoconfigure.web.servlet.WebDriverTestExecutionListener@11978f52, org.springframework.boot.test.autoconfigure.webservices.client.MockWebServiceServerTestExecutionListener@3e0855b0, org.spockframework.spring.SpringMockTestExecutionListener@484b5a21]
00:26:22.173 [main] DEBUG org.springframework.test.annotation.ProfileValueUtils - Retrieved @ProfileValueSourceConfiguration [null] for test class [pt.ulisboa.tecnico.socialsoftware.tutor.answer.service.CreateQuizAnswerTest]
00:26:22.174 [main] DEBUG org.springframework.test.annotation.ProfileValueUtils - Retrieved ProfileValueSource type [class org.springframework.test.annotation.SystemProfileValueSource] for class [pt.ulisboa.tecnico.socialsoftware.tutor.answer.service.CreateQuizAnswerTest]
00:26:22.174 [main] DEBUG org.springframework.test.annotation.ProfileValueUtils - Retrieved @ProfileValueSourceConfiguration [null] for test class [pt.ulisboa.tecnico.socialsoftware.tutor.answer.service.CreateQuizAnswerTest]
00:26:22.174 [main] DEBUG org.springframework.test.annotation.ProfileValueUtils - Retrieved ProfileValueSource type [class org.springframework.test.annotation.SystemProfileValueSource] for class [pt.ulisboa.tecnico.socialsoftware.tutor.answer.service.CreateQuizAnswerTest]
00:26:22.175 [main] DEBUG org.springframework.test.context.BootstrapUtils - Instantiating CacheAwareContextLoaderDelegate from class [org.springframework.test.context.cache.DefaultCacheAwareContextLoaderDelegate]
00:26:22.175 [main] DEBUG org.springframework.test.context.BootstrapUtils - Instantiating BootstrapContext using constructor [public org.springframework.test.context.support.DefaultBootstrapContext(java.lang.Class,org.springframework.test.context.CacheAwareContextLoaderDelegate)]
00:26:22.177 [main] DEBUG org.springframework.test.context.BootstrapUtils - Instantiating TestContextBootstrapper for test class [pt.ulisboa.tecnico.socialsoftware.tutor.answer.service.CreateQuizAnswerTest] from class [org.springframework.boot.test.autoconfigure.orm.jpa.DataJpaTestContextBootstrapper]
00:26:22.177 [main] INFO org.springframework.boot.test.autoconfigure.orm.jpa.DataJpaTestContextBootstrapper - Neither @ContextConfiguration nor @ContextHierarchy found for test class [pt.ulisboa.tecnico.socialsoftware.tutor.answer.service.CreateQuizAnswerTest], using SpringBootContextLoader
00:26:22.178 [main] DEBUG org.springframework.test.context.support.AbstractContextLoader - Did not detect default resource location for test class [pt.ulisboa.tecnico.socialsoftware.tutor.answer.service.CreateQuizAnswerTest]: class path resource [pt/ulisboa/tecnico/socialsoftware/tutor/answer/service/CreateQuizAnswerTest-context.xml] does not exist
00:26:22.179 [main] DEBUG org.springframework.test.context.support.AbstractContextLoader - Did not detect default resource location for test class [pt.ulisboa.tecnico.socialsoftware.tutor.answer.service.CreateQuizAnswerTest]: class path resource [pt/ulisboa/tecnico/socialsoftware/tutor/answer/service/CreateQuizAnswerTestContext.groovy] does not exist
00:26:22.180 [main] INFO org.springframework.test.context.support.AbstractContextLoader - Could not detect default resource locations for test class [pt.ulisboa.tecnico.socialsoftware.tutor.answer.service.CreateQuizAnswerTest]: no resource found for suffixes {-context.xml, Context.groovy}.
00:26:22.190 [main] DEBUG org.springframework.test.context.support.ActiveProfilesUtils - Could not find an 'annotation declaring class' for annotation type [org.springframework.test.context.ActiveProfiles] and class [pt.ulisboa.tecnico.socialsoftware.tutor.answer.service.CreateQuizAnswerTest]
00:26:22.191 [main] INFO org.springframework.boot.test.context.SpringBootTestContextBootstrapper - Found @SpringBootConfiguration pt.ulisboa.tecnico.socialsoftware.tutor.TutorTestApplication for test class pt.ulisboa.tecnico.socialsoftware.tutor.answer.service.CreateQuizAnswerTest
00:26:22.194 [main] DEBUG org.springframework.boot.test.autoconfigure.orm.jpa.DataJpaTestContextBootstrapper - @TestExecutionListeners is not present for class [pt.ulisboa.tecnico.socialsoftware.tutor.answer.service.CreateQuizAnswerTest]: using defaults.
00:26:22.195 [main] INFO org.springframework.boot.test.autoconfigure.orm.jpa.DataJpaTestContextBootstrapper - Loaded default TestExecutionListener class names from location [META-INF/spring.factories]: [org.springframework.boot.test.mock.mockito.MockitoTestExecutionListener, org.springframework.boot.test.mock.mockito.ResetMocksTestExecutionListener, org.springframework.boot.test.autoconfigure.restdocs.RestDocsTestExecutionListener, org.springframework.boot.test.autoconfigure.web.client.MockRestServiceServerResetTestExecutionListener, org.springframework.boot.test.autoconfigure.web.servlet.MockMvcPrintOnlyOnFailureTestExecutionListener, org.springframework.boot.test.autoconfigure.web.servlet.WebDriverTestExecutionListener, org.springframework.boot.test.autoconfigure.webservices.client.MockWebServiceServerTestExecutionListener, org.springframework.test.context.web.ServletTestExecutionListener, org.springframework.test.context.support.DirtiesContextBeforeModesTestExecutionListener, org.springframework.test.context.event.ApplicationEventsTestExecutionListener, org.springframework.test.context.support.DependencyInjectionTestExecutionListener, org.springframework.test.context.support.DirtiesContextTestExecutionListener, org.springframework.test.context.transaction.TransactionalTestExecutionListener, org.springframework.test.context.jdbc.SqlScriptsTestExecutionListener, org.springframework.test.context.event.EventPublishingTestExecutionListener, org.springframework.security.test.context.support.WithSecurityContextTestExecutionListener, org.springframework.security.test.context.support.ReactorContextTestExecutionListener, org.spockframework.spring.SpringMockTestExecutionListener]
00:26:22.197 [main] INFO org.springframework.boot.test.autoconfigure.orm.jpa.DataJpaTestContextBootstrapper - Using TestExecutionListeners: [org.springframework.test.context.web.ServletTestExecutionListener@5e360c3b, org.springframework.test.context.support.DirtiesContextBeforeModesTestExecutionListener@24ac6fef, org.springframework.test.context.event.ApplicationEventsTestExecutionListener@3cb49121, org.springframework.boot.test.mock.mockito.MockitoTestExecutionListener@227b9277, org.springframework.boot.test.autoconfigure.SpringBootDependencyInjectionTestExecutionListener@4c4215d7, org.springframework.test.context.support.DirtiesContextTestExecutionListener@b56d8a7, org.springframework.test.context.transaction.TransactionalTestExecutionListener@13f36d75, org.springframework.test.context.jdbc.SqlScriptsTestExecutionListener@6de5ad56, org.springframework.test.context.event.EventPublishingTestExecutionListener@3155f190, org.springframework.security.test.context.support.WithSecurityContextTestExecutionListener@cfb94fd, org.springframework.security.test.context.support.ReactorContextTestExecutionListener@4ebd8d2, org.springframework.boot.test.mock.mockito.ResetMocksTestExecutionListener@44a44a04, org.springframework.boot.test.autoconfigure.restdocs.RestDocsTestExecutionListener@5a63fa71, org.springframework.boot.test.autoconfigure.web.client.MockRestServiceServerResetTestExecutionListener@a6fc1bc, org.springframework.boot.test.autoconfigure.web.servlet.MockMvcPrintOnlyOnFailureTestExecutionListener@5018b56b, org.springframework.boot.test.autoconfigure.web.servlet.WebDriverTestExecutionListener@360a3106, org.springframework.boot.test.autoconfigure.webservices.client.MockWebServiceServerTestExecutionListener@737ff5c4, org.spockframework.spring.SpringMockTestExecutionListener@7e9a836]
00:26:22.212 [main] DEBUG org.springframework.test.annotation.ProfileValueUtils - Retrieved @ProfileValueSourceConfiguration [null] for test class [pt.ulisboa.tecnico.socialsoftware.tutor.answer.service.FilterByAssessmentTest]
00:26:22.212 [main] DEBUG org.springframework.test.annotation.ProfileValueUtils - Retrieved ProfileValueSource type [class org.springframework.test.annotation.SystemProfileValueSource] for class [pt.ulisboa.tecnico.socialsoftware.tutor.answer.service.FilterByAssessmentTest]
00:26:22.212 [main] DEBUG org.springframework.test.annotation.ProfileValueUtils - Retrieved @ProfileValueSourceConfiguration [null] for test class [pt.ulisboa.tecnico.socialsoftware.tutor.answer.service.FilterByAssessmentTest]
00:26:22.213 [main] DEBUG org.springframework.test.annotation.ProfileValueUtils - Retrieved ProfileValueSource type [class org.springframework.test.annotation.SystemProfileValueSource] for class [pt.ulisboa.tecnico.socialsoftware.tutor.answer.service.FilterByAssessmentTest]
00:26:22.213 [main] DEBUG org.springframework.test.annotation.ProfileValueUtils - Retrieved @ProfileValueSourceConfiguration [null] for test class [pt.ulisboa.tecnico.socialsoftware.tutor.answer.service.FilterByAssessmentTest]
00:26:22.213 [main] DEBUG org.springframework.test.annotation.ProfileValueUtils - Retrieved ProfileValueSource type [class org.springframework.test.annotation.SystemProfileValueSource] for class [pt.ulisboa.tecnico.socialsoftware.tutor.answer.service.FilterByAssessmentTest]
00:26:22.213 [main] DEBUG org.springframework.test.annotation.ProfileValueUtils - Retrieved @ProfileValueSourceConfiguration [null] for test class [pt.ulisboa.tecnico.socialsoftware.tutor.answer.service.FilterByAssessmentTest]
00:26:22.214 [main] DEBUG org.springframework.test.annotation.ProfileValueUtils - Retrieved ProfileValueSource type [class org.springframework.test.annotation.SystemProfileValueSource] for class [pt.ulisboa.tecnico.socialsoftware.tutor.answer.service.FilterByAssessmentTest]
00:26:22.214 [main] DEBUG org.springframework.test.context.BootstrapUtils - Instantiating CacheAwareContextLoaderDelegate from class [org.springframework.test.context.cache.DefaultCacheAwareContextLoaderDelegate]
00:26:22.214 [main] DEBUG org.springframework.test.context.BootstrapUtils - Instantiating BootstrapContext using constructor [public org.springframework.test.context.support.DefaultBootstrapContext(java.lang.Class,org.springframework.test.context.CacheAwareContextLoaderDelegate)]
00:26:22.215 [main] DEBUG org.springframework.test.context.BootstrapUtils - Instantiating TestContextBootstrapper for test class [pt.ulisboa.tecnico.socialsoftware.tutor.answer.service.FilterByAssessmentTest] from class [org.springframework.boot.test.autoconfigure.orm.jpa.DataJpaTestContextBootstrapper]
00:26:22.217 [main] INFO org.springframework.boot.test.autoconfigure.orm.jpa.DataJpaTestContextBootstrapper - Neither @ContextConfiguration nor @ContextHierarchy found for test class [pt.ulisboa.tecnico.socialsoftware.tutor.answer.service.FilterByAssessmentTest], using SpringBootContextLoader
00:26:22.218 [main] DEBUG org.springframework.test.context.support.AbstractContextLoader - Did not detect default resource location for test class [pt.ulisboa.tecnico.socialsoftware.tutor.answer.service.FilterByAssessmentTest]: class path resource [pt/ulisboa/tecnico/socialsoftware/tutor/answer/service/FilterByAssessmentTest-context.xml] does not exist
00:26:22.219 [main] DEBUG org.springframework.test.context.support.AbstractContextLoader - Did not detect default resource location for test class [pt.ulisboa.tecnico.socialsoftware.tutor.answer.service.FilterByAssessmentTest]: class path resource [pt/ulisboa/tecnico/socialsoftware/tutor/answer/service/FilterByAssessmentTestContext.groovy] does not exist
00:26:22.220 [main] INFO org.springframework.test.context.support.AbstractContextLoader - Could not detect default resource locations for test class [pt.ulisboa.tecnico.socialsoftware.tutor.answer.service.FilterByAssessmentTest]: no resource found for suffixes {-context.xml, Context.groovy}.
00:26:22.232 [main] DEBUG org.springframework.test.context.support.ActiveProfilesUtils - Could not find an 'annotation declaring class' for annotation type [org.springframework.test.context.ActiveProfiles] and class [pt.ulisboa.tecnico.socialsoftware.tutor.answer.service.FilterByAssessmentTest]
00:26:22.233 [main] INFO org.springframework.boot.test.context.SpringBootTestContextBootstrapper - Found @SpringBootConfiguration pt.ulisboa.tecnico.socialsoftware.tutor.TutorTestApplication for test class pt.ulisboa.tecnico.socialsoftware.tutor.answer.service.FilterByAssessmentTest
00:26:22.234 [main] DEBUG org.springframework.boot.test.autoconfigure.orm.jpa.DataJpaTestContextBootstrapper - @TestExecutionListeners is not present for class [pt.ulisboa.tecnico.socialsoftware.tutor.answer.service.FilterByAssessmentTest]: using defaults.
00:26:22.235 [main] INFO org.springframework.boot.test.autoconfigure.orm.jpa.DataJpaTestContextBootstrapper - Loaded default TestExecutionListener class names from location [META-INF/spring.factories]: [org.springframework.boot.test.mock.mockito.MockitoTestExecutionListener, org.springframework.boot.test.mock.mockito.ResetMocksTestExecutionListener, org.springframework.boot.test.autoconfigure.restdocs.RestDocsTestExecutionListener, org.springframework.boot.test.autoconfigure.web.client.MockRestServiceServerResetTestExecutionListener, org.springframework.boot.test.autoconfigure.web.servlet.MockMvcPrintOnlyOnFailureTestExecutionListener, org.springframework.boot.test.autoconfigure.web.servlet.WebDriverTestExecutionListener, org.springframework.boot.test.autoconfigure.webservices.client.MockWebServiceServerTestExecutionListener, org.springframework.test.context.web.ServletTestExecutionListener, org.springframework.test.context.support.DirtiesContextBeforeModesTestExecutionListener, org.springframework.test.context.event.ApplicationEventsTestExecutionListener, org.springframework.test.context.support.DependencyInjectionTestExecutionListener, org.springframework.test.context.support.DirtiesContextTestExecutionListener, org.springframework.test.context.transaction.TransactionalTestExecutionListener, org.springframework.test.context.jdbc.SqlScriptsTestExecutionListener, org.springframework.test.context.event.EventPublishingTestExecutionListener, org.springframework.security.test.context.support.WithSecurityContextTestExecutionListener, org.springframework.security.test.context.support.ReactorContextTestExecutionListener, org.spockframework.spring.SpringMockTestExecutionListener]
00:26:22.236 [main] INFO org.springframework.boot.test.autoconfigure.orm.jpa.DataJpaTestContextBootstrapper - Using TestExecutionListeners: [org.springframework.test.context.web.ServletTestExecutionListener@2a6c751f, org.springframework.test.context.support.DirtiesContextBeforeModesTestExecutionListener@6dd2e453, org.springframework.test.context.event.ApplicationEventsTestExecutionListener@433b1597, org.springframework.boot.test.mock.mockito.MockitoTestExecutionListener@5d5cd210, org.springframework.boot.test.autoconfigure.SpringBootDependencyInjectionTestExecutionListener@14d18029, org.springframework.test.context.support.DirtiesContextTestExecutionListener@6edb1e9c, org.springframework.test.context.transaction.TransactionalTestExecutionListener@75d7297d, org.springframework.test.context.jdbc.SqlScriptsTestExecutionListener@4e20a985, org.springframework.test.context.event.EventPublishingTestExecutionListener@56e8a8a0, org.springframework.security.test.context.support.WithSecurityContextTestExecutionListener@6071631f, org.springframework.security.test.context.support.ReactorContextTestExecutionListener@2ca132ad, org.springframework.boot.test.mock.mockito.ResetMocksTestExecutionListener@6706da3d, org.springframework.boot.test.autoconfigure.restdocs.RestDocsTestExecutionListener@7438c3d5, org.springframework.boot.test.autoconfigure.web.client.MockRestServiceServerResetTestExecutionListener@1fba3fd6, org.springframework.boot.test.autoconfigure.web.servlet.MockMvcPrintOnlyOnFailureTestExecutionListener@3aab42d6, org.springframework.boot.test.autoconfigure.web.servlet.WebDriverTestExecutionListener@6badb08c, org.springframework.boot.test.autoconfigure.webservices.client.MockWebServiceServerTestExecutionListener@5939f047, org.spockframework.spring.SpringMockTestExecutionListener@17332039]
00:26:22.251 [main] DEBUG org.springframework.test.annotation.ProfileValueUtils - Retrieved @ProfileValueSourceConfiguration [null] for test class [pt.ulisboa.tecnico.socialsoftware.tutor.answer.service.GenerateStudentQuizTest]
00:26:22.251 [main] DEBUG org.springframework.test.annotation.ProfileValueUtils - Retrieved ProfileValueSource type [class org.springframework.test.annotation.SystemProfileValueSource] for class [pt.ulisboa.tecnico.socialsoftware.tutor.answer.service.GenerateStudentQuizTest]
00:26:22.251 [main] DEBUG org.springframework.test.annotation.ProfileValueUtils - Retrieved @ProfileValueSourceConfiguration [null] for test class [pt.ulisboa.tecnico.socialsoftware.tutor.answer.service.GenerateStudentQuizTest]
00:26:22.252 [main] DEBUG org.springframework.test.annotation.ProfileValueUtils - Retrieved ProfileValueSource type [class org.springframework.test.annotation.SystemProfileValueSource] for class [pt.ulisboa.tecnico.socialsoftware.tutor.answer.service.GenerateStudentQuizTest]
00:26:22.252 [main] DEBUG org.springframework.test.annotation.ProfileValueUtils - Retrieved @ProfileValueSourceConfiguration [null] for test class [pt.ulisboa.tecnico.socialsoftware.tutor.answer.service.GenerateStudentQuizTest]
00:26:22.252 [main] DEBUG org.springframework.test.annotation.ProfileValueUtils - Retrieved ProfileValueSource type [class org.springframework.test.annotation.SystemProfileValueSource] for class [pt.ulisboa.tecnico.socialsoftware.tutor.answer.service.GenerateStudentQuizTest]
00:26:22.252 [main] DEBUG org.springframework.test.annotation.ProfileValueUtils - Retrieved @ProfileValueSourceConfiguration [null] for test class [pt.ulisboa.tecnico.socialsoftware.tutor.answer.service.GenerateStudentQuizTest]
00:26:22.252 [main] DEBUG org.springframework.test.annotation.ProfileValueUtils - Retrieved ProfileValueSource type [class org.springframework.test.annotation.SystemProfileValueSource] for class [pt.ulisboa.tecnico.socialsoftware.tutor.answer.service.GenerateStudentQuizTest]
00:26:22.252 [main] DEBUG org.springframework.test.annotation.ProfileValueUtils - Retrieved @ProfileValueSourceConfiguration [null] for test class [pt.ulisboa.tecnico.socialsoftware.tutor.answer.service.GenerateStudentQuizTest]
00:26:22.252 [main] DEBUG org.springframework.test.annotation.ProfileValueUtils - Retrieved ProfileValueSource type [class org.springframework.test.annotation.SystemProfileValueSource] for class [pt.ulisboa.tecnico.socialsoftware.tutor.answer.service.GenerateStudentQuizTest]
00:26:22.253 [main] DEBUG org.springframework.test.context.BootstrapUtils - Instantiating CacheAwareContextLoaderDelegate from class [org.springframework.test.context.cache.DefaultCacheAwareContextLoaderDelegate]
00:26:22.253 [main] DEBUG org.springframework.test.context.BootstrapUtils - Instantiating BootstrapContext using constructor [public org.springframework.test.context.support.DefaultBootstrapContext(java.lang.Class,org.springframework.test.context.CacheAwareContextLoaderDelegate)]
00:26:22.253 [main] DEBUG org.springframework.test.context.BootstrapUtils - Instantiating TestContextBootstrapper for test class [pt.ulisboa.tecnico.socialsoftware.tutor.answer.service.GenerateStudentQuizTest] from class [org.springframework.boot.test.autoconfigure.orm.jpa.DataJpaTestContextBootstrapper]
00:26:22.254 [main] INFO org.springframework.boot.test.autoconfigure.orm.jpa.DataJpaTestContextBootstrapper - Neither @ContextConfiguration nor @ContextHierarchy found for test class [pt.ulisboa.tecnico.socialsoftware.tutor.answer.service.GenerateStudentQuizTest], using SpringBootContextLoader
00:26:22.256 [main] DEBUG org.springframework.test.context.support.AbstractContextLoader - Did not detect default resource location for test class [pt.ulisboa.tecnico.socialsoftware.tutor.answer.service.GenerateStudentQuizTest]: class path resource [pt/ulisboa/tecnico/socialsoftware/tutor/answer/service/GenerateStudentQuizTest-context.xml] does not exist
00:26:22.257 [main] DEBUG org.springframework.test.context.support.AbstractContextLoader - Did not detect default resource location for test class [pt.ulisboa.tecnico.socialsoftware.tutor.answer.service.GenerateStudentQuizTest]: class path resource [pt/ulisboa/tecnico/socialsoftware/tutor/answer/service/GenerateStudentQuizTestContext.groovy] does not exist
00:26:22.257 [main] INFO org.springframework.test.context.support.AbstractContextLoader - Could not detect default resource locations for test class [pt.ulisboa.tecnico.socialsoftware.tutor.answer.service.GenerateStudentQuizTest]: no resource found for suffixes {-context.xml, Context.groovy}.
00:26:22.275 [main] DEBUG org.springframework.test.context.support.ActiveProfilesUtils - Could not find an 'annotation declaring class' for annotation type [org.springframework.test.context.ActiveProfiles] and class [pt.ulisboa.tecnico.socialsoftware.tutor.answer.service.GenerateStudentQuizTest]
00:26:22.276 [main] INFO org.springframework.boot.test.context.SpringBootTestContextBootstrapper - Found @SpringBootConfiguration pt.ulisboa.tecnico.socialsoftware.tutor.TutorTestApplication for test class pt.ulisboa.tecnico.socialsoftware.tutor.answer.service.GenerateStudentQuizTest
00:26:22.279 [main] DEBUG org.springframework.boot.test.autoconfigure.orm.jpa.DataJpaTestContextBootstrapper - @TestExecutionListeners is not present for class [pt.ulisboa.tecnico.socialsoftware.tutor.answer.service.GenerateStudentQuizTest]: using defaults.
00:26:22.279 [main] INFO org.springframework.boot.test.autoconfigure.orm.jpa.DataJpaTestContextBootstrapper - Loaded default TestExecutionListener class names from location [META-INF/spring.factories]: [org.springframework.boot.test.mock.mockito.MockitoTestExecutionListener, org.springframework.boot.test.mock.mockito.ResetMocksTestExecutionListener, org.springframework.boot.test.autoconfigure.restdocs.RestDocsTestExecutionListener, org.springframework.boot.test.autoconfigure.web.client.MockRestServiceServerResetTestExecutionListener, org.springframework.boot.test.autoconfigure.web.servlet.MockMvcPrintOnlyOnFailureTestExecutionListener, org.springframework.boot.test.autoconfigure.web.servlet.WebDriverTestExecutionListener, org.springframework.boot.test.autoconfigure.webservices.client.MockWebServiceServerTestExecutionListener, org.springframework.test.context.web.ServletTestExecutionListener, org.springframework.test.context.support.DirtiesContextBeforeModesTestExecutionListener, org.springframework.test.context.event.ApplicationEventsTestExecutionListener, org.springframework.test.context.support.DependencyInjectionTestExecutionListener, org.springframework.test.context.support.DirtiesContextTestExecutionListener, org.springframework.test.context.transaction.TransactionalTestExecutionListener, org.springframework.test.context.jdbc.SqlScriptsTestExecutionListener, org.springframework.test.context.event.EventPublishingTestExecutionListener, org.springframework.security.test.context.support.WithSecurityContextTestExecutionListener, org.springframework.security.test.context.support.ReactorContextTestExecutionListener, org.spockframework.spring.SpringMockTestExecutionListener]
00:26:22.282 [main] INFO org.springframework.boot.test.autoconfigure.orm.jpa.DataJpaTestContextBootstrapper - Using TestExecutionListeners: [org.springframework.test.context.web.ServletTestExecutionListener@70bc3a9c, org.springframework.test.context.support.DirtiesContextBeforeModesTestExecutionListener@771cbd13, org.springframework.test.context.event.ApplicationEventsTestExecutionListener@229749f0, org.springframework.boot.test.mock.mockito.MockitoTestExecutionListener@3d57fb9e, org.springframework.boot.test.autoconfigure.SpringBootDependencyInjectionTestExecutionListener@2c2e5e72, org.springframework.test.context.support.DirtiesContextTestExecutionListener@3e489ac1, org.springframework.test.context.transaction.TransactionalTestExecutionListener@26888c31, org.springframework.test.context.jdbc.SqlScriptsTestExecutionListener@24010875, org.springframework.test.context.event.EventPublishingTestExecutionListener@7a021f49, org.springframework.security.test.context.support.WithSecurityContextTestExecutionListener@e60c5a, org.springframework.security.test.context.support.ReactorContextTestExecutionListener@626df173, org.springframework.boot.test.mock.mockito.ResetMocksTestExecutionListener@4e030feb, org.springframework.boot.test.autoconfigure.restdocs.RestDocsTestExecutionListener@2411b935, org.springframework.boot.test.autoconfigure.web.client.MockRestServiceServerResetTestExecutionListener@1425e531, org.springframework.boot.test.autoconfigure.web.servlet.MockMvcPrintOnlyOnFailureTestExecutionListener@194e78af, org.springframework.boot.test.autoconfigure.web.servlet.WebDriverTestExecutionListener@4fe4503a, org.springframework.boot.test.autoconfigure.webservices.client.MockWebServiceServerTestExecutionListener@669580e2, org.spockframework.spring.SpringMockTestExecutionListener@5d22ed6c]
00:26:22.310 [main] DEBUG org.springframework.test.annotation.ProfileValueUtils - Retrieved @ProfileValueSourceConfiguration [null] for test class [pt.ulisboa.tecnico.socialsoftware.tutor.answer.service.GetAvailableQuizzesTest]
00:26:22.311 [main] DEBUG org.springframework.test.annotation.ProfileValueUtils - Retrieved ProfileValueSource type [class org.springframework.test.annotation.SystemProfileValueSource] for class [pt.ulisboa.tecnico.socialsoftware.tutor.answer.service.GetAvailableQuizzesTest]
00:26:22.311 [main] DEBUG org.springframework.test.annotation.ProfileValueUtils - Retrieved @ProfileValueSourceConfiguration [null] for test class [pt.ulisboa.tecnico.socialsoftware.tutor.answer.service.GetAvailableQuizzesTest]
00:26:22.311 [main] DEBUG org.springframework.test.annotation.ProfileValueUtils - Retrieved ProfileValueSource type [class org.springframework.test.annotation.SystemProfileValueSource] for class [pt.ulisboa.tecnico.socialsoftware.tutor.answer.service.GetAvailableQuizzesTest]
00:26:22.311 [main] DEBUG org.springframework.test.annotation.ProfileValueUtils - Retrieved @ProfileValueSourceConfiguration [null] for test class [pt.ulisboa.tecnico.socialsoftware.tutor.answer.service.GetAvailableQuizzesTest]
00:26:22.311 [main] DEBUG org.springframework.test.annotation.ProfileValueUtils - Retrieved ProfileValueSource type [class org.springframework.test.annotation.SystemProfileValueSource] for class [pt.ulisboa.tecnico.socialsoftware.tutor.answer.service.GetAvailableQuizzesTest]
00:26:22.312 [main] DEBUG org.springframework.test.annotation.ProfileValueUtils - Retrieved @ProfileValueSourceConfiguration [null] for test class [pt.ulisboa.tecnico.socialsoftware.tutor.answer.service.GetAvailableQuizzesTest]
00:26:22.312 [main] DEBUG org.springframework.test.annotation.ProfileValueUtils - Retrieved ProfileValueSource type [class org.springframework.test.annotation.SystemProfileValueSource] for class [pt.ulisboa.tecnico.socialsoftware.tutor.answer.service.GetAvailableQuizzesTest]
00:26:22.312 [main] DEBUG org.springframework.test.annotation.ProfileValueUtils - Retrieved @ProfileValueSourceConfiguration [null] for test class [pt.ulisboa.tecnico.socialsoftware.tutor.answer.service.GetAvailableQuizzesTest]
00:26:22.312 [main] DEBUG org.springframework.test.annotation.ProfileValueUtils - Retrieved ProfileValueSource type [class org.springframework.test.annotation.SystemProfileValueSource] for class [pt.ulisboa.tecnico.socialsoftware.tutor.answer.service.GetAvailableQuizzesTest]
00:26:22.313 [main] DEBUG org.springframework.test.context.BootstrapUtils - Instantiating CacheAwareContextLoaderDelegate from class [org.springframework.test.context.cache.DefaultCacheAwareContextLoaderDelegate]
00:26:22.313 [main] DEBUG org.springframework.test.context.BootstrapUtils - Instantiating BootstrapContext using constructor [public org.springframework.test.context.support.DefaultBootstrapContext(java.lang.Class,org.springframework.test.context.CacheAwareContextLoaderDelegate)]
00:26:22.314 [main] DEBUG org.springframework.test.context.BootstrapUtils - Instantiating TestContextBootstrapper for test class [pt.ulisboa.tecnico.socialsoftware.tutor.answer.service.GetAvailableQuizzesTest] from class [org.springframework.boot.test.autoconfigure.orm.jpa.DataJpaTestContextBootstrapper]
00:26:22.315 [main] INFO org.springframework.boot.test.autoconfigure.orm.jpa.DataJpaTestContextBootstrapper - Neither @ContextConfiguration nor @ContextHierarchy found for test class [pt.ulisboa.tecnico.socialsoftware.tutor.answer.service.GetAvailableQuizzesTest], using SpringBootContextLoader
00:26:22.317 [main] DEBUG org.springframework.test.context.support.AbstractContextLoader - Did not detect default resource location for test class [pt.ulisboa.tecnico.socialsoftware.tutor.answer.service.GetAvailableQuizzesTest]: class path resource [pt/ulisboa/tecnico/socialsoftware/tutor/answer/service/GetAvailableQuizzesTest-context.xml] does not exist
00:26:22.319 [main] DEBUG org.springframework.test.context.support.AbstractContextLoader - Did not detect default resource location for test class [pt.ulisboa.tecnico.socialsoftware.tutor.answer.service.GetAvailableQuizzesTest]: class path resource [pt/ulisboa/tecnico/socialsoftware/tutor/answer/service/GetAvailableQuizzesTestContext.groovy] does not exist
00:26:22.319 [main] INFO org.springframework.test.context.support.AbstractContextLoader - Could not detect default resource locations for test class [pt.ulisboa.tecnico.socialsoftware.tutor.answer.service.GetAvailableQuizzesTest]: no resource found for suffixes {-context.xml, Context.groovy}.
00:26:22.329 [main] DEBUG org.springframework.test.context.support.ActiveProfilesUtils - Could not find an 'annotation declaring class' for annotation type [org.springframework.test.context.ActiveProfiles] and class [pt.ulisboa.tecnico.socialsoftware.tutor.answer.service.GetAvailableQuizzesTest]
00:26:22.330 [main] INFO org.springframework.boot.test.context.SpringBootTestContextBootstrapper - Found @SpringBootConfiguration pt.ulisboa.tecnico.socialsoftware.tutor.TutorTestApplication for test class pt.ulisboa.tecnico.socialsoftware.tutor.answer.service.GetAvailableQuizzesTest
00:26:22.332 [main] DEBUG org.springframework.boot.test.autoconfigure.orm.jpa.DataJpaTestContextBootstrapper - @TestExecutionListeners is not present for class [pt.ulisboa.tecnico.socialsoftware.tutor.answer.service.GetAvailableQuizzesTest]: using defaults.
00:26:22.332 [main] INFO org.springframework.boot.test.autoconfigure.orm.jpa.DataJpaTestContextBootstrapper - Loaded default TestExecutionListener class names from location [META-INF/spring.factories]: [org.springframework.boot.test.mock.mockito.MockitoTestExecutionListener, org.springframework.boot.test.mock.mockito.ResetMocksTestExecutionListener, org.springframework.boot.test.autoconfigure.restdocs.RestDocsTestExecutionListener, org.springframework.boot.test.autoconfigure.web.client.MockRestServiceServerResetTestExecutionListener, org.springframework.boot.test.autoconfigure.web.servlet.MockMvcPrintOnlyOnFailureTestExecutionListener, org.springframework.boot.test.autoconfigure.web.servlet.WebDriverTestExecutionListener, org.springframework.boot.test.autoconfigure.webservices.client.MockWebServiceServerTestExecutionListener, org.springframework.test.context.web.ServletTestExecutionListener, org.springframework.test.context.support.DirtiesContextBeforeModesTestExecutionListener, org.springframework.test.context.event.ApplicationEventsTestExecutionListener, org.springframework.test.context.support.DependencyInjectionTestExecutionListener, org.springframework.test.context.support.DirtiesContextTestExecutionListener, org.springframework.test.context.transaction.TransactionalTestExecutionListener, org.springframework.test.context.jdbc.SqlScriptsTestExecutionListener, org.springframework.test.context.event.EventPublishingTestExecutionListener, org.springframework.security.test.context.support.WithSecurityContextTestExecutionListener, org.springframework.security.test.context.support.ReactorContextTestExecutionListener, org.spockframework.spring.SpringMockTestExecutionListener]
00:26:22.334 [main] INFO org.springframework.boot.test.autoconfigure.orm.jpa.DataJpaTestContextBootstrapper - Using TestExecutionListeners: [org.springframework.test.context.web.ServletTestExecutionListener@13f2d42c, org.springframework.test.context.support.DirtiesContextBeforeModesTestExecutionListener@1071ae7c, org.springframework.test.context.event.ApplicationEventsTestExecutionListener@dd9de63, org.springframework.boot.test.mock.mockito.MockitoTestExecutionListener@52a75c12, org.springframework.boot.test.autoconfigure.SpringBootDependencyInjectionTestExecutionListener@57f1a1de, org.springframework.test.context.support.DirtiesContextTestExecutionListener@4a6ef712, org.springframework.test.context.transaction.TransactionalTestExecutionListener@98712fa, org.springframework.test.context.jdbc.SqlScriptsTestExecutionListener@61288814, org.springframework.test.context.event.EventPublishingTestExecutionListener@3b8d2abe, org.springframework.security.test.context.support.WithSecurityContextTestExecutionListener@6669cba, org.springframework.security.test.context.support.ReactorContextTestExecutionListener@37c74e4e, org.springframework.boot.test.mock.mockito.ResetMocksTestExecutionListener@128a188a, org.springframework.boot.test.autoconfigure.restdocs.RestDocsTestExecutionListener@400008bf, org.springframework.boot.test.autoconfigure.web.client.MockRestServiceServerResetTestExecutionListener@72b1df49, org.springframework.boot.test.autoconfigure.web.servlet.MockMvcPrintOnlyOnFailureTestExecutionListener@7f894a6f, org.springframework.boot.test.autoconfigure.web.servlet.WebDriverTestExecutionListener@3d05435c, org.springframework.boot.test.autoconfigure.webservices.client.MockWebServiceServerTestExecutionListener@7d80e1b3, org.spockframework.spring.SpringMockTestExecutionListener@1b732dd]
00:26:22.396 [main] DEBUG org.springframework.test.annotation.ProfileValueUtils - Retrieved @ProfileValueSourceConfiguration [null] for test class [pt.ulisboa.tecnico.socialsoftware.tutor.answer.service.GetQuizByQRCodeTest]
00:26:22.397 [main] DEBUG org.springframework.test.annotation.ProfileValueUtils - Retrieved ProfileValueSource type [class org.springframework.test.annotation.SystemProfileValueSource] for class [pt.ulisboa.tecnico.socialsoftware.tutor.answer.service.GetQuizByQRCodeTest]
00:26:22.397 [main] DEBUG org.springframework.test.annotation.ProfileValueUtils - Retrieved @ProfileValueSourceConfiguration [null] for test class [pt.ulisboa.tecnico.socialsoftware.tutor.answer.service.GetQuizByQRCodeTest]
00:26:22.397 [main] DEBUG org.springframework.test.annotation.ProfileValueUtils - Retrieved ProfileValueSource type [class org.springframework.test.annotation.SystemProfileValueSource] for class [pt.ulisboa.tecnico.socialsoftware.tutor.answer.service.GetQuizByQRCodeTest]
00:26:22.397 [main] DEBUG org.springframework.test.annotation.ProfileValueUtils - Retrieved @ProfileValueSourceConfiguration [null] for test class [pt.ulisboa.tecnico.socialsoftware.tutor.answer.service.GetQuizByQRCodeTest]
00:26:22.397 [main] DEBUG org.springframework.test.annotation.ProfileValueUtils - Retrieved ProfileValueSource type [class org.springframework.test.annotation.SystemProfileValueSource] for class [pt.ulisboa.tecnico.socialsoftware.tutor.answer.service.GetQuizByQRCodeTest]
00:26:22.398 [main] DEBUG org.springframework.test.annotation.ProfileValueUtils - Retrieved @ProfileValueSourceConfiguration [null] for test class [pt.ulisboa.tecnico.socialsoftware.tutor.answer.service.GetQuizByQRCodeTest]
00:26:22.399 [main] DEBUG org.springframework.test.annotation.ProfileValueUtils - Retrieved ProfileValueSource type [class org.springframework.test.annotation.SystemProfileValueSource] for class [pt.ulisboa.tecnico.socialsoftware.tutor.answer.service.GetQuizByQRCodeTest]
00:26:22.399 [main] DEBUG org.springframework.test.annotation.ProfileValueUtils - Retrieved @ProfileValueSourceConfiguration [null] for test class [pt.ulisboa.tecnico.socialsoftware.tutor.answer.service.GetQuizByQRCodeTest]
00:26:22.399 [main] DEBUG org.springframework.test.annotation.ProfileValueUtils - Retrieved ProfileValueSource type [class org.springframework.test.annotation.SystemProfileValueSource] for class [pt.ulisboa.tecnico.socialsoftware.tutor.answer.service.GetQuizByQRCodeTest]
00:26:22.399 [main] DEBUG org.springframework.test.annotation.ProfileValueUtils - Retrieved @ProfileValueSourceConfiguration [null] for test class [pt.ulisboa.tecnico.socialsoftware.tutor.answer.service.GetQuizByQRCodeTest]
00:26:22.399 [main] DEBUG org.springframework.test.annotation.ProfileValueUtils - Retrieved ProfileValueSource type [class org.springframework.test.annotation.SystemProfileValueSource] for class [pt.ulisboa.tecnico.socialsoftware.tutor.answer.service.GetQuizByQRCodeTest]
00:26:22.399 [main] DEBUG org.springframework.test.annotation.ProfileValueUtils - Retrieved @ProfileValueSourceConfiguration [null] for test class [pt.ulisboa.tecnico.socialsoftware.tutor.answer.service.GetQuizByQRCodeTest]
00:26:22.399 [main] DEBUG org.springframework.test.annotation.ProfileValueUtils - Retrieved ProfileValueSource type [class org.springframework.test.annotation.SystemProfileValueSource] for class [pt.ulisboa.tecnico.socialsoftware.tutor.answer.service.GetQuizByQRCodeTest]
00:26:22.400 [main] DEBUG org.springframework.test.context.BootstrapUtils - Instantiating CacheAwareContextLoaderDelegate from class [org.springframework.test.context.cache.DefaultCacheAwareContextLoaderDelegate]
00:26:22.400 [main] DEBUG org.springframework.test.context.BootstrapUtils - Instantiating BootstrapContext using constructor [public org.springframework.test.context.support.DefaultBootstrapContext(java.lang.Class,org.springframework.test.context.CacheAwareContextLoaderDelegate)]
00:26:22.401 [main] DEBUG org.springframework.test.context.BootstrapUtils - Instantiating TestContextBootstrapper for test class [pt.ulisboa.tecnico.socialsoftware.tutor.answer.service.GetQuizByQRCodeTest] from class [org.springframework.boot.test.autoconfigure.orm.jpa.DataJpaTestContextBootstrapper]
00:26:22.401 [main] INFO org.springframework.boot.test.autoconfigure.orm.jpa.DataJpaTestContextBootstrapper - Neither @ContextConfiguration nor @ContextHierarchy found for test class [pt.ulisboa.tecnico.socialsoftware.tutor.answer.service.GetQuizByQRCodeTest], using SpringBootContextLoader
00:26:22.403 [main] DEBUG org.springframework.test.context.support.AbstractContextLoader - Did not detect default resource location for test class [pt.ulisboa.tecnico.socialsoftware.tutor.answer.service.GetQuizByQRCodeTest]: class path resource [pt/ulisboa/tecnico/socialsoftware/tutor/answer/service/GetQuizByQRCodeTest-context.xml] does not exist
00:26:22.404 [main] DEBUG org.springframework.test.context.support.AbstractContextLoader - Did not detect default resource location for test class [pt.ulisboa.tecnico.socialsoftware.tutor.answer.service.GetQuizByQRCodeTest]: class path resource [pt/ulisboa/tecnico/socialsoftware/tutor/answer/service/GetQuizByQRCodeTestContext.groovy] does not exist
00:26:22.405 [main] INFO org.springframework.test.context.support.AbstractContextLoader - Could not detect default resource locations for test class [pt.ulisboa.tecnico.socialsoftware.tutor.answer.service.GetQuizByQRCodeTest]: no resource found for suffixes {-context.xml, Context.groovy}.
00:26:22.416 [main] DEBUG org.springframework.test.context.support.ActiveProfilesUtils - Could not find an 'annotation declaring class' for annotation type [org.springframework.test.context.ActiveProfiles] and class [pt.ulisboa.tecnico.socialsoftware.tutor.answer.service.GetQuizByQRCodeTest]
00:26:22.417 [main] INFO org.springframework.boot.test.context.SpringBootTestContextBootstrapper - Found @SpringBootConfiguration pt.ulisboa.tecnico.socialsoftware.tutor.TutorTestApplication for test class pt.ulisboa.tecnico.socialsoftware.tutor.answer.service.GetQuizByQRCodeTest
00:26:22.419 [main] DEBUG org.springframework.boot.test.autoconfigure.orm.jpa.DataJpaTestContextBootstrapper - @TestExecutionListeners is not present for class [pt.ulisboa.tecnico.socialsoftware.tutor.answer.service.GetQuizByQRCodeTest]: using defaults.
00:26:22.419 [main] INFO org.springframework.boot.test.autoconfigure.orm.jpa.DataJpaTestContextBootstrapper - Loaded default TestExecutionListener class names from location [META-INF/spring.factories]: [org.springframework.boot.test.mock.mockito.MockitoTestExecutionListener, org.springframework.boot.test.mock.mockito.ResetMocksTestExecutionListener, org.springframework.boot.test.autoconfigure.restdocs.RestDocsTestExecutionListener, org.springframework.boot.test.autoconfigure.web.client.MockRestServiceServerResetTestExecutionListener, org.springframework.boot.test.autoconfigure.web.servlet.MockMvcPrintOnlyOnFailureTestExecutionListener, org.springframework.boot.test.autoconfigure.web.servlet.WebDriverTestExecutionListener, org.springframework.boot.test.autoconfigure.webservices.client.MockWebServiceServerTestExecutionListener, org.springframework.test.context.web.ServletTestExecutionListener, org.springframework.test.context.support.DirtiesContextBeforeModesTestExecutionListener, org.springframework.test.context.event.ApplicationEventsTestExecutionListener, org.springframework.test.context.support.DependencyInjectionTestExecutionListener, org.springframework.test.context.support.DirtiesContextTestExecutionListener, org.springframework.test.context.transaction.TransactionalTestExecutionListener, org.springframework.test.context.jdbc.SqlScriptsTestExecutionListener, org.springframework.test.context.event.EventPublishingTestExecutionListener, org.springframework.security.test.context.support.WithSecurityContextTestExecutionListener, org.springframework.security.test.context.support.ReactorContextTestExecutionListener, org.spockframework.spring.SpringMockTestExecutionListener]
00:26:22.421 [main] INFO org.springframework.boot.test.autoconfigure.orm.jpa.DataJpaTestContextBootstrapper - Using TestExecutionListeners: [org.springframework.test.context.web.ServletTestExecutionListener@23954300, org.springframework.test.context.support.DirtiesContextBeforeModesTestExecutionListener@6aae82cc, org.springframework.test.context.event.ApplicationEventsTestExecutionListener@7a587e84, org.springframework.boot.test.mock.mockito.MockitoTestExecutionListener@622ba721, org.springframework.boot.test.autoconfigure.SpringBootDependencyInjectionTestExecutionListener@6b2f7527, org.springframework.test.context.support.DirtiesContextTestExecutionListener@7509226c, org.springframework.test.context.transaction.TransactionalTestExecutionListener@4c9cce17, org.springframework.test.context.jdbc.SqlScriptsTestExecutionListener@73316a0a, org.springframework.test.context.event.EventPublishingTestExecutionListener@63a7af06, org.springframework.security.test.context.support.WithSecurityContextTestExecutionListener@5f01fb5c, org.springframework.security.test.context.support.ReactorContextTestExecutionListener@75c77add, org.springframework.boot.test.mock.mockito.ResetMocksTestExecutionListener@d5e3f55, org.springframework.boot.test.autoconfigure.restdocs.RestDocsTestExecutionListener@53df7e67, org.springframework.boot.test.autoconfigure.web.client.MockRestServiceServerResetTestExecutionListener@3d4b45b, org.springframework.boot.test.autoconfigure.web.servlet.MockMvcPrintOnlyOnFailureTestExecutionListener@4d0b276e, org.springframework.boot.test.autoconfigure.web.servlet.WebDriverTestExecutionListener@31531d0d, org.springframework.boot.test.autoconfigure.webservices.client.MockWebServiceServerTestExecutionListener@19d76106, org.spockframework.spring.SpringMockTestExecutionListener@3f87780b]
00:26:22.454 [main] DEBUG org.springframework.test.annotation.ProfileValueUtils - Retrieved @ProfileValueSourceConfiguration [null] for test class [pt.ulisboa.tecnico.socialsoftware.tutor.answer.service.GetSolvedQuizzesTest]
00:26:22.454 [main] DEBUG org.springframework.test.annotation.ProfileValueUtils - Retrieved ProfileValueSource type [class org.springframework.test.annotation.SystemProfileValueSource] for class [pt.ulisboa.tecnico.socialsoftware.tutor.answer.service.GetSolvedQuizzesTest]
00:26:22.455 [main] DEBUG org.springframework.test.annotation.ProfileValueUtils - Retrieved @ProfileValueSourceConfiguration [null] for test class [pt.ulisboa.tecnico.socialsoftware.tutor.answer.service.GetSolvedQuizzesTest]
00:26:22.455 [main] DEBUG org.springframework.test.annotation.ProfileValueUtils - Retrieved ProfileValueSource type [class org.springframework.test.annotation.SystemProfileValueSource] for class [pt.ulisboa.tecnico.socialsoftware.tutor.answer.service.GetSolvedQuizzesTest]
00:26:22.455 [main] DEBUG org.springframework.test.annotation.ProfileValueUtils - Retrieved @ProfileValueSourceConfiguration [null] for test class [pt.ulisboa.tecnico.socialsoftware.tutor.answer.service.GetSolvedQuizzesTest]
00:26:22.455 [main] DEBUG org.springframework.test.annotation.ProfileValueUtils - Retrieved ProfileValueSource type [class org.springframework.test.annotation.SystemProfileValueSource] for class [pt.ulisboa.tecnico.socialsoftware.tutor.answer.service.GetSolvedQuizzesTest]
00:26:22.456 [main] DEBUG org.springframework.test.context.BootstrapUtils - Instantiating CacheAwareContextLoaderDelegate from class [org.springframework.test.context.cache.DefaultCacheAwareContextLoaderDelegate]
00:26:22.456 [main] DEBUG org.springframework.test.context.BootstrapUtils - Instantiating BootstrapContext using constructor [public org.springframework.test.context.support.DefaultBootstrapContext(java.lang.Class,org.springframework.test.context.CacheAwareContextLoaderDelegate)]
00:26:22.457 [main] DEBUG org.springframework.test.context.BootstrapUtils - Instantiating TestContextBootstrapper for test class [pt.ulisboa.tecnico.socialsoftware.tutor.answer.service.GetSolvedQuizzesTest] from class [org.springframework.boot.test.autoconfigure.orm.jpa.DataJpaTestContextBootstrapper]
00:26:22.459 [main] INFO org.springframework.boot.test.autoconfigure.orm.jpa.DataJpaTestContextBootstrapper - Neither @ContextConfiguration nor @ContextHierarchy found for test class [pt.ulisboa.tecnico.socialsoftware.tutor.answer.service.GetSolvedQuizzesTest], using SpringBootContextLoader
00:26:22.460 [main] DEBUG org.springframework.test.context.support.AbstractContextLoader - Did not detect default resource location for test class [pt.ulisboa.tecnico.socialsoftware.tutor.answer.service.GetSolvedQuizzesTest]: class path resource [pt/ulisboa/tecnico/socialsoftware/tutor/answer/service/GetSolvedQuizzesTest-context.xml] does not exist
00:26:22.462 [main] DEBUG org.springframework.test.context.support.AbstractContextLoader - Did not detect default resource location for test class [pt.ulisboa.tecnico.socialsoftware.tutor.answer.service.GetSolvedQuizzesTest]: class path resource [pt/ulisboa/tecnico/socialsoftware/tutor/answer/service/GetSolvedQuizzesTestContext.groovy] does not exist
00:26:22.462 [main] INFO org.springframework.test.context.support.AbstractContextLoader - Could not detect default resource locations for test class [pt.ulisboa.tecnico.socialsoftware.tutor.answer.service.GetSolvedQuizzesTest]: no resource found for suffixes {-context.xml, Context.groovy}.
00:26:22.475 [main] DEBUG org.springframework.test.context.support.ActiveProfilesUtils - Could not find an 'annotation declaring class' for annotation type [org.springframework.test.context.ActiveProfiles] and class [pt.ulisboa.tecnico.socialsoftware.tutor.answer.service.GetSolvedQuizzesTest]
00:26:22.478 [main] INFO org.springframework.boot.test.context.SpringBootTestContextBootstrapper - Found @SpringBootConfiguration pt.ulisboa.tecnico.socialsoftware.tutor.TutorTestApplication for test class pt.ulisboa.tecnico.socialsoftware.tutor.answer.service.GetSolvedQuizzesTest
00:26:22.482 [main] DEBUG org.springframework.boot.test.autoconfigure.orm.jpa.DataJpaTestContextBootstrapper - @TestExecutionListeners is not present for class [pt.ulisboa.tecnico.socialsoftware.tutor.answer.service.GetSolvedQuizzesTest]: using defaults.
00:26:22.482 [main] INFO org.springframework.boot.test.autoconfigure.orm.jpa.DataJpaTestContextBootstrapper - Loaded default TestExecutionListener class names from location [META-INF/spring.factories]: [org.springframework.boot.test.mock.mockito.MockitoTestExecutionListener, org.springframework.boot.test.mock.mockito.ResetMocksTestExecutionListener, org.springframework.boot.test.autoconfigure.restdocs.RestDocsTestExecutionListener, org.springframework.boot.test.autoconfigure.web.client.MockRestServiceServerResetTestExecutionListener, org.springframework.boot.test.autoconfigure.web.servlet.MockMvcPrintOnlyOnFailureTestExecutionListener, org.springframework.boot.test.autoconfigure.web.servlet.WebDriverTestExecutionListener, org.springframework.boot.test.autoconfigure.webservices.client.MockWebServiceServerTestExecutionListener, org.springframework.test.context.web.ServletTestExecutionListener, org.springframework.test.context.support.DirtiesContextBeforeModesTestExecutionListener, org.springframework.test.context.event.ApplicationEventsTestExecutionListener, org.springframework.test.context.support.DependencyInjectionTestExecutionListener, org.springframework.test.context.support.DirtiesContextTestExecutionListener, org.springframework.test.context.transaction.TransactionalTestExecutionListener, org.springframework.test.context.jdbc.SqlScriptsTestExecutionListener, org.springframework.test.context.event.EventPublishingTestExecutionListener, org.springframework.security.test.context.support.WithSecurityContextTestExecutionListener, org.springframework.security.test.context.support.ReactorContextTestExecutionListener, org.spockframework.spring.SpringMockTestExecutionListener]
00:26:22.486 [main] INFO org.springframework.boot.test.autoconfigure.orm.jpa.DataJpaTestContextBootstrapper - Using TestExecutionListeners: [org.springframework.test.context.web.ServletTestExecutionListener@7305cfb1, org.springframework.test.context.support.DirtiesContextBeforeModesTestExecutionListener@582c1f8d, org.springframework.test.context.event.ApplicationEventsTestExecutionListener@71687d8f, org.springframework.boot.test.mock.mockito.MockitoTestExecutionListener@443253a6, org.springframework.boot.test.autoconfigure.SpringBootDependencyInjectionTestExecutionListener@191774d6, org.springframework.test.context.support.DirtiesContextTestExecutionListener@21ffc00e, org.springframework.test.context.transaction.TransactionalTestExecutionListener@134955bb, org.springframework.test.context.jdbc.SqlScriptsTestExecutionListener@45b08b17, org.springframework.test.context.event.EventPublishingTestExecutionListener@6723e6b3, org.springframework.security.test.context.support.WithSecurityContextTestExecutionListener@3883b5e9, org.springframework.security.test.context.support.ReactorContextTestExecutionListener@61becbcf, org.springframework.boot.test.mock.mockito.ResetMocksTestExecutionListener@20171cdc, org.springframework.boot.test.autoconfigure.restdocs.RestDocsTestExecutionListener@58f97013, org.springframework.boot.test.autoconfigure.web.client.MockRestServiceServerResetTestExecutionListener@7d70ba18, org.springframework.boot.test.autoconfigure.web.servlet.MockMvcPrintOnlyOnFailureTestExecutionListener@6a07e6ca, org.springframework.boot.test.autoconfigure.web.servlet.WebDriverTestExecutionListener@726ef6aa, org.springframework.boot.test.autoconfigure.webservices.client.MockWebServiceServerTestExecutionListener@6104691c, org.spockframework.spring.SpringMockTestExecutionListener@195cbf5e]
00:26:22.529 [main] DEBUG org.springframework.test.annotation.ProfileValueUtils - Retrieved @ProfileValueSourceConfiguration [null] for test class [pt.ulisboa.tecnico.socialsoftware.tutor.answer.service.StartQuizTest]
00:26:22.529 [main] DEBUG org.springframework.test.annotation.ProfileValueUtils - Retrieved ProfileValueSource type [class org.springframework.test.annotation.SystemProfileValueSource] for class [pt.ulisboa.tecnico.socialsoftware.tutor.answer.service.StartQuizTest]
00:26:22.529 [main] DEBUG org.springframework.test.annotation.ProfileValueUtils - Retrieved @ProfileValueSourceConfiguration [null] for test class [pt.ulisboa.tecnico.socialsoftware.tutor.answer.service.StartQuizTest]
00:26:22.529 [main] DEBUG org.springframework.test.annotation.ProfileValueUtils - Retrieved ProfileValueSource type [class org.springframework.test.annotation.SystemProfileValueSource] for class [pt.ulisboa.tecnico.socialsoftware.tutor.answer.service.StartQuizTest]
00:26:22.529 [main] DEBUG org.springframework.test.annotation.ProfileValueUtils - Retrieved @ProfileValueSourceConfiguration [null] for test class [pt.ulisboa.tecnico.socialsoftware.tutor.answer.service.StartQuizTest]
00:26:22.530 [main] DEBUG org.springframework.test.annotation.ProfileValueUtils - Retrieved ProfileValueSource type [class org.springframework.test.annotation.SystemProfileValueSource] for class [pt.ulisboa.tecnico.socialsoftware.tutor.answer.service.StartQuizTest]
00:26:22.530 [main] DEBUG org.springframework.test.annotation.ProfileValueUtils - Retrieved @ProfileValueSourceConfiguration [null] for test class [pt.ulisboa.tecnico.socialsoftware.tutor.answer.service.StartQuizTest]
00:26:22.530 [main] DEBUG org.springframework.test.annotation.ProfileValueUtils - Retrieved ProfileValueSource type [class org.springframework.test.annotation.SystemProfileValueSource] for class [pt.ulisboa.tecnico.socialsoftware.tutor.answer.service.StartQuizTest]
00:26:22.530 [main] DEBUG org.springframework.test.annotation.ProfileValueUtils - Retrieved @ProfileValueSourceConfiguration [null] for test class [pt.ulisboa.tecnico.socialsoftware.tutor.answer.service.StartQuizTest]
00:26:22.530 [main] DEBUG org.springframework.test.annotation.ProfileValueUtils - Retrieved ProfileValueSource type [class org.springframework.test.annotation.SystemProfileValueSource] for class [pt.ulisboa.tecnico.socialsoftware.tutor.answer.service.StartQuizTest]
00:26:22.530 [main] DEBUG org.springframework.test.context.BootstrapUtils - Instantiating CacheAwareContextLoaderDelegate from class [org.springframework.test.context.cache.DefaultCacheAwareContextLoaderDelegate]
00:26:22.531 [main] DEBUG org.springframework.test.context.BootstrapUtils - Instantiating BootstrapContext using constructor [public org.springframework.test.context.support.DefaultBootstrapContext(java.lang.Class,org.springframework.test.context.CacheAwareContextLoaderDelegate)]
00:26:22.532 [main] DEBUG org.springframework.test.context.BootstrapUtils - Instantiating TestContextBootstrapper for test class [pt.ulisboa.tecnico.socialsoftware.tutor.answer.service.StartQuizTest] from class [org.springframework.boot.test.autoconfigure.orm.jpa.DataJpaTestContextBootstrapper]
00:26:22.533 [main] INFO org.springframework.boot.test.autoconfigure.orm.jpa.DataJpaTestContextBootstrapper - Neither @ContextConfiguration nor @ContextHierarchy found for test class [pt.ulisboa.tecnico.socialsoftware.tutor.answer.service.StartQuizTest], using SpringBootContextLoader
00:26:22.535 [main] DEBUG org.springframework.test.context.support.AbstractContextLoader - Did not detect default resource location for test class [pt.ulisboa.tecnico.socialsoftware.tutor.answer.service.StartQuizTest]: class path resource [pt/ulisboa/tecnico/socialsoftware/tutor/answer/service/StartQuizTest-context.xml] does not exist
00:26:22.536 [main] DEBUG org.springframework.test.context.support.AbstractContextLoader - Did not detect default resource location for test class [pt.ulisboa.tecnico.socialsoftware.tutor.answer.service.StartQuizTest]: class path resource [pt/ulisboa/tecnico/socialsoftware/tutor/answer/service/StartQuizTestContext.groovy] does not exist
00:26:22.537 [main] INFO org.springframework.test.context.support.AbstractContextLoader - Could not detect default resource locations for test class [pt.ulisboa.tecnico.socialsoftware.tutor.answer.service.StartQuizTest]: no resource found for suffixes {-context.xml, Context.groovy}.
00:26:22.548 [main] DEBUG org.springframework.test.context.support.ActiveProfilesUtils - Could not find an 'annotation declaring class' for annotation type [org.springframework.test.context.ActiveProfiles] and class [pt.ulisboa.tecnico.socialsoftware.tutor.answer.service.StartQuizTest]
00:26:22.549 [main] INFO org.springframework.boot.test.context.SpringBootTestContextBootstrapper - Found @SpringBootConfiguration pt.ulisboa.tecnico.socialsoftware.tutor.TutorTestApplication for test class pt.ulisboa.tecnico.socialsoftware.tutor.answer.service.StartQuizTest
00:26:22.551 [main] DEBUG org.springframework.boot.test.autoconfigure.orm.jpa.DataJpaTestContextBootstrapper - @TestExecutionListeners is not present for class [pt.ulisboa.tecnico.socialsoftware.tutor.answer.service.StartQuizTest]: using defaults.
00:26:22.551 [main] INFO org.springframework.boot.test.autoconfigure.orm.jpa.DataJpaTestContextBootstrapper - Loaded default TestExecutionListener class names from location [META-INF/spring.factories]: [org.springframework.boot.test.mock.mockito.MockitoTestExecutionListener, org.springframework.boot.test.mock.mockito.ResetMocksTestExecutionListener, org.springframework.boot.test.autoconfigure.restdocs.RestDocsTestExecutionListener, org.springframework.boot.test.autoconfigure.web.client.MockRestServiceServerResetTestExecutionListener, org.springframework.boot.test.autoconfigure.web.servlet.MockMvcPrintOnlyOnFailureTestExecutionListener, org.springframework.boot.test.autoconfigure.web.servlet.WebDriverTestExecutionListener, org.springframework.boot.test.autoconfigure.webservices.client.MockWebServiceServerTestExecutionListener, org.springframework.test.context.web.ServletTestExecutionListener, org.springframework.test.context.support.DirtiesContextBeforeModesTestExecutionListener, org.springframework.test.context.event.ApplicationEventsTestExecutionListener, org.springframework.test.context.support.DependencyInjectionTestExecutionListener, org.springframework.test.context.support.DirtiesContextTestExecutionListener, org.springframework.test.context.transaction.TransactionalTestExecutionListener, org.springframework.test.context.jdbc.SqlScriptsTestExecutionListener, org.springframework.test.context.event.EventPublishingTestExecutionListener, org.springframework.security.test.context.support.WithSecurityContextTestExecutionListener, org.springframework.security.test.context.support.ReactorContextTestExecutionListener, org.spockframework.spring.SpringMockTestExecutionListener]
00:26:22.554 [main] INFO org.springframework.boot.test.autoconfigure.orm.jpa.DataJpaTestContextBootstrapper - Using TestExecutionListeners: [org.springframework.test.context.web.ServletTestExecutionListener@215a329c, org.springframework.test.context.support.DirtiesContextBeforeModesTestExecutionListener@20723ee, org.springframework.test.context.event.ApplicationEventsTestExecutionListener@21c5c68a, org.springframework.boot.test.mock.mockito.MockitoTestExecutionListener@5bb39285, org.springframework.boot.test.autoconfigure.SpringBootDependencyInjectionTestExecutionListener@2b0d85bd, org.springframework.test.context.support.DirtiesContextTestExecutionListener@102ecb61, org.springframework.test.context.transaction.TransactionalTestExecutionListener@1fd0ae78, org.springframework.test.context.jdbc.SqlScriptsTestExecutionListener@583030bd, org.springframework.test.context.event.EventPublishingTestExecutionListener@1f57666b, org.springframework.security.test.context.support.WithSecurityContextTestExecutionListener@7944c323, org.springframework.security.test.context.support.ReactorContextTestExecutionListener@637d111d, org.springframework.boot.test.mock.mockito.ResetMocksTestExecutionListener@3a917017, org.springframework.boot.test.autoconfigure.restdocs.RestDocsTestExecutionListener@1ed12d10, org.springframework.boot.test.autoconfigure.web.client.MockRestServiceServerResetTestExecutionListener@4153a832, org.springframework.boot.test.autoconfigure.web.servlet.MockMvcPrintOnlyOnFailureTestExecutionListener@4a2dbcfc, org.springframework.boot.test.autoconfigure.web.servlet.WebDriverTestExecutionListener@7b8d6c66, org.springframework.boot.test.autoconfigure.webservices.client.MockWebServiceServerTestExecutionListener@6ca367aa, org.spockframework.spring.SpringMockTestExecutionListener@30ed4034]
00:26:22.574 [main] DEBUG org.springframework.test.annotation.ProfileValueUtils - Retrieved @ProfileValueSourceConfiguration [null] for test class [pt.ulisboa.tecnico.socialsoftware.tutor.auth.domain.CheckConfirmationTokenTest]
00:26:22.574 [main] DEBUG org.springframework.test.annotation.ProfileValueUtils - Retrieved ProfileValueSource type [class org.springframework.test.annotation.SystemProfileValueSource] for class [pt.ulisboa.tecnico.socialsoftware.tutor.auth.domain.CheckConfirmationTokenTest]
00:26:22.575 [main] DEBUG org.springframework.test.annotation.ProfileValueUtils - Retrieved @ProfileValueSourceConfiguration [null] for test class [pt.ulisboa.tecnico.socialsoftware.tutor.auth.domain.CheckConfirmationTokenTest]
00:26:22.575 [main] DEBUG org.springframework.test.annotation.ProfileValueUtils - Retrieved ProfileValueSource type [class org.springframework.test.annotation.SystemProfileValueSource] for class [pt.ulisboa.tecnico.socialsoftware.tutor.auth.domain.CheckConfirmationTokenTest]
00:26:22.575 [main] DEBUG org.springframework.test.annotation.ProfileValueUtils - Retrieved @ProfileValueSourceConfiguration [null] for test class [pt.ulisboa.tecnico.socialsoftware.tutor.auth.domain.CheckConfirmationTokenTest]
00:26:22.575 [main] DEBUG org.springframework.test.annotation.ProfileValueUtils - Retrieved ProfileValueSource type [class org.springframework.test.annotation.SystemProfileValueSource] for class [pt.ulisboa.tecnico.socialsoftware.tutor.auth.domain.CheckConfirmationTokenTest]
00:26:22.576 [main] DEBUG org.springframework.test.annotation.ProfileValueUtils - Retrieved @ProfileValueSourceConfiguration [null] for test class [pt.ulisboa.tecnico.socialsoftware.tutor.auth.domain.CheckConfirmationTokenTest]
00:26:22.576 [main] DEBUG org.springframework.test.annotation.ProfileValueUtils - Retrieved ProfileValueSource type [class org.springframework.test.annotation.SystemProfileValueSource] for class [pt.ulisboa.tecnico.socialsoftware.tutor.auth.domain.CheckConfirmationTokenTest]
00:26:22.576 [main] DEBUG org.springframework.test.context.BootstrapUtils - Instantiating CacheAwareContextLoaderDelegate from class [org.springframework.test.context.cache.DefaultCacheAwareContextLoaderDelegate]
00:26:22.576 [main] DEBUG org.springframework.test.context.BootstrapUtils - Instantiating BootstrapContext using constructor [public org.springframework.test.context.support.DefaultBootstrapContext(java.lang.Class,org.springframework.test.context.CacheAwareContextLoaderDelegate)]
00:26:22.578 [main] DEBUG org.springframework.test.context.BootstrapUtils - Instantiating TestContextBootstrapper for test class [pt.ulisboa.tecnico.socialsoftware.tutor.auth.domain.CheckConfirmationTokenTest] from class [org.springframework.boot.test.autoconfigure.orm.jpa.DataJpaTestContextBootstrapper]
00:26:22.579 [main] INFO org.springframework.boot.test.autoconfigure.orm.jpa.DataJpaTestContextBootstrapper - Neither @ContextConfiguration nor @ContextHierarchy found for test class [pt.ulisboa.tecnico.socialsoftware.tutor.auth.domain.CheckConfirmationTokenTest], using SpringBootContextLoader
00:26:22.585 [main] DEBUG org.springframework.test.context.support.AbstractContextLoader - Did not detect default resource location for test class [pt.ulisboa.tecnico.socialsoftware.tutor.auth.domain.CheckConfirmationTokenTest]: class path resource [pt/ulisboa/tecnico/socialsoftware/tutor/auth/domain/CheckConfirmationTokenTest-context.xml] does not exist
00:26:22.588 [main] DEBUG org.springframework.test.context.support.AbstractContextLoader - Did not detect default resource location for test class [pt.ulisboa.tecnico.socialsoftware.tutor.auth.domain.CheckConfirmationTokenTest]: class path resource [pt/ulisboa/tecnico/socialsoftware/tutor/auth/domain/CheckConfirmationTokenTestContext.groovy] does not exist
00:26:22.588 [main] INFO org.springframework.test.context.support.AbstractContextLoader - Could not detect default resource locations for test class [pt.ulisboa.tecnico.socialsoftware.tutor.auth.domain.CheckConfirmationTokenTest]: no resource found for suffixes {-context.xml, Context.groovy}.
00:26:22.601 [main] DEBUG org.springframework.test.context.support.ActiveProfilesUtils - Could not find an 'annotation declaring class' for annotation type [org.springframework.test.context.ActiveProfiles] and class [pt.ulisboa.tecnico.socialsoftware.tutor.auth.domain.CheckConfirmationTokenTest]
00:26:22.672 [main] DEBUG org.springframework.context.annotation.ClassPathScanningCandidateComponentProvider - Identified candidate component class: file [C:\Users\jhmff\Desktop\IST\MEIC\2ano\2Semestre\Tutor\backend\tutor\target\classes\pt\ulisboa\tecnico\socialsoftware\tutor\TutorTestApplication.class]
00:26:22.674 [main] INFO org.springframework.boot.test.context.SpringBootTestContextBootstrapper - Found @SpringBootConfiguration pt.ulisboa.tecnico.socialsoftware.tutor.TutorTestApplication for test class pt.ulisboa.tecnico.socialsoftware.tutor.auth.domain.CheckConfirmationTokenTest
00:26:22.676 [main] DEBUG org.springframework.boot.test.autoconfigure.orm.jpa.DataJpaTestContextBootstrapper - @TestExecutionListeners is not present for class [pt.ulisboa.tecnico.socialsoftware.tutor.auth.domain.CheckConfirmationTokenTest]: using defaults.
00:26:22.676 [main] INFO org.springframework.boot.test.autoconfigure.orm.jpa.DataJpaTestContextBootstrapper - Loaded default TestExecutionListener class names from location [META-INF/spring.factories]: [org.springframework.boot.test.mock.mockito.MockitoTestExecutionListener, org.springframework.boot.test.mock.mockito.ResetMocksTestExecutionListener, org.springframework.boot.test.autoconfigure.restdocs.RestDocsTestExecutionListener, org.springframework.boot.test.autoconfigure.web.client.MockRestServiceServerResetTestExecutionListener, org.springframework.boot.test.autoconfigure.web.servlet.MockMvcPrintOnlyOnFailureTestExecutionListener, org.springframework.boot.test.autoconfigure.web.servlet.WebDriverTestExecutionListener, org.springframework.boot.test.autoconfigure.webservices.client.MockWebServiceServerTestExecutionListener, org.springframework.test.context.web.ServletTestExecutionListener, org.springframework.test.context.support.DirtiesContextBeforeModesTestExecutionListener, org.springframework.test.context.event.ApplicationEventsTestExecutionListener, org.springframework.test.context.support.DependencyInjectionTestExecutionListener, org.springframework.test.context.support.DirtiesContextTestExecutionListener, org.springframework.test.context.transaction.TransactionalTestExecutionListener, org.springframework.test.context.jdbc.SqlScriptsTestExecutionListener, org.springframework.test.context.event.EventPublishingTestExecutionListener, org.springframework.security.test.context.support.WithSecurityContextTestExecutionListener, org.springframework.security.test.context.support.ReactorContextTestExecutionListener, org.spockframework.spring.SpringMockTestExecutionListener]
00:26:22.679 [main] INFO org.springframework.boot.test.autoconfigure.orm.jpa.DataJpaTestContextBootstrapper - Using TestExecutionListeners: [org.springframework.test.context.web.ServletTestExecutionListener@3fc5d397, org.springframework.test.context.support.DirtiesContextBeforeModesTestExecutionListener@25c8c71e, org.springframework.test.context.event.ApplicationEventsTestExecutionListener@57867d96, org.springframework.boot.test.mock.mockito.MockitoTestExecutionListener@1a7a21d0, org.springframework.boot.test.autoconfigure.SpringBootDependencyInjectionTestExecutionListener@bb21063, org.springframework.test.context.support.DirtiesContextTestExecutionListener@6821c63c, org.springframework.test.context.transaction.TransactionalTestExecutionListener@c2f7c63, org.springframework.test.context.jdbc.SqlScriptsTestExecutionListener@4790b897, org.springframework.test.context.event.EventPublishingTestExecutionListener@5cba890e, org.springframework.security.test.context.support.WithSecurityContextTestExecutionListener@3a4cb483, org.springframework.security.test.context.support.ReactorContextTestExecutionListener@4d770bcd, org.springframework.boot.test.mock.mockito.ResetMocksTestExecutionListener@fe156f4, org.springframework.boot.test.autoconfigure.restdocs.RestDocsTestExecutionListener@79b4cff, org.springframework.boot.test.autoconfigure.web.client.MockRestServiceServerResetTestExecutionListener@58ac0823, org.springframework.boot.test.autoconfigure.web.servlet.MockMvcPrintOnlyOnFailureTestExecutionListener@2d705998, org.springframework.boot.test.autoconfigure.web.servlet.WebDriverTestExecutionListener@28a3fc34, org.springframework.boot.test.autoconfigure.webservices.client.MockWebServiceServerTestExecutionListener@7582a16b, org.spockframework.spring.SpringMockTestExecutionListener@4dd752e8]
00:26:22.691 [main] DEBUG org.springframework.test.annotation.ProfileValueUtils - Retrieved @ProfileValueSourceConfiguration [null] for test class [pt.ulisboa.tecnico.socialsoftware.tutor.auth.domain.CreateAuthUserTest]
00:26:22.691 [main] DEBUG org.springframework.test.annotation.ProfileValueUtils - Retrieved ProfileValueSource type [class org.springframework.test.annotation.SystemProfileValueSource] for class [pt.ulisboa.tecnico.socialsoftware.tutor.auth.domain.CreateAuthUserTest]
00:26:22.691 [main] DEBUG org.springframework.test.annotation.ProfileValueUtils - Retrieved @ProfileValueSourceConfiguration [null] for test class [pt.ulisboa.tecnico.socialsoftware.tutor.auth.domain.CreateAuthUserTest]
00:26:22.691 [main] DEBUG org.springframework.test.annotation.ProfileValueUtils - Retrieved ProfileValueSource type [class org.springframework.test.annotation.SystemProfileValueSource] for class [pt.ulisboa.tecnico.socialsoftware.tutor.auth.domain.CreateAuthUserTest]
00:26:22.691 [main] DEBUG org.springframework.test.context.BootstrapUtils - Instantiating CacheAwareContextLoaderDelegate from class [org.springframework.test.context.cache.DefaultCacheAwareContextLoaderDelegate]
00:26:22.692 [main] DEBUG org.springframework.test.context.BootstrapUtils - Instantiating BootstrapContext using constructor [public org.springframework.test.context.support.DefaultBootstrapContext(java.lang.Class,org.springframework.test.context.CacheAwareContextLoaderDelegate)]
00:26:22.692 [main] DEBUG org.springframework.test.context.BootstrapUtils - Instantiating TestContextBootstrapper for test class [pt.ulisboa.tecnico.socialsoftware.tutor.auth.domain.CreateAuthUserTest] from class [org.springframework.boot.test.autoconfigure.orm.jpa.DataJpaTestContextBootstrapper]
00:26:22.693 [main] INFO org.springframework.boot.test.autoconfigure.orm.jpa.DataJpaTestContextBootstrapper - Neither @ContextConfiguration nor @ContextHierarchy found for test class [pt.ulisboa.tecnico.socialsoftware.tutor.auth.domain.CreateAuthUserTest], using SpringBootContextLoader
00:26:22.695 [main] DEBUG org.springframework.test.context.support.AbstractContextLoader - Did not detect default resource location for test class [pt.ulisboa.tecnico.socialsoftware.tutor.auth.domain.CreateAuthUserTest]: class path resource [pt/ulisboa/tecnico/socialsoftware/tutor/auth/domain/CreateAuthUserTest-context.xml] does not exist
00:26:22.696 [main] DEBUG org.springframework.test.context.support.AbstractContextLoader - Did not detect default resource location for test class [pt.ulisboa.tecnico.socialsoftware.tutor.auth.domain.CreateAuthUserTest]: class path resource [pt/ulisboa/tecnico/socialsoftware/tutor/auth/domain/CreateAuthUserTestContext.groovy] does not exist
00:26:22.696 [main] INFO org.springframework.test.context.support.AbstractContextLoader - Could not detect default resource locations for test class [pt.ulisboa.tecnico.socialsoftware.tutor.auth.domain.CreateAuthUserTest]: no resource found for suffixes {-context.xml, Context.groovy}.
00:26:22.704 [main] DEBUG org.springframework.test.context.support.ActiveProfilesUtils - Could not find an 'annotation declaring class' for annotation type [org.springframework.test.context.ActiveProfiles] and class [pt.ulisboa.tecnico.socialsoftware.tutor.auth.domain.CreateAuthUserTest]
00:26:22.707 [main] INFO org.springframework.boot.test.context.SpringBootTestContextBootstrapper - Found @SpringBootConfiguration pt.ulisboa.tecnico.socialsoftware.tutor.TutorTestApplication for test class pt.ulisboa.tecnico.socialsoftware.tutor.auth.domain.CreateAuthUserTest
00:26:22.709 [main] DEBUG org.springframework.boot.test.autoconfigure.orm.jpa.DataJpaTestContextBootstrapper - @TestExecutionListeners is not present for class [pt.ulisboa.tecnico.socialsoftware.tutor.auth.domain.CreateAuthUserTest]: using defaults.
00:26:22.709 [main] INFO org.springframework.boot.test.autoconfigure.orm.jpa.DataJpaTestContextBootstrapper - Loaded default TestExecutionListener class names from location [META-INF/spring.factories]: [org.springframework.boot.test.mock.mockito.MockitoTestExecutionListener, org.springframework.boot.test.mock.mockito.ResetMocksTestExecutionListener, org.springframework.boot.test.autoconfigure.restdocs.RestDocsTestExecutionListener, org.springframework.boot.test.autoconfigure.web.client.MockRestServiceServerResetTestExecutionListener, org.springframework.boot.test.autoconfigure.web.servlet.MockMvcPrintOnlyOnFailureTestExecutionListener, org.springframework.boot.test.autoconfigure.web.servlet.WebDriverTestExecutionListener, org.springframework.boot.test.autoconfigure.webservices.client.MockWebServiceServerTestExecutionListener, org.springframework.test.context.web.ServletTestExecutionListener, org.springframework.test.context.support.DirtiesContextBeforeModesTestExecutionListener, org.springframework.test.context.event.ApplicationEventsTestExecutionListener, org.springframework.test.context.support.DependencyInjectionTestExecutionListener, org.springframework.test.context.support.DirtiesContextTestExecutionListener, org.springframework.test.context.transaction.TransactionalTestExecutionListener, org.springframework.test.context.jdbc.SqlScriptsTestExecutionListener, org.springframework.test.context.event.EventPublishingTestExecutionListener, org.springframework.security.test.context.support.WithSecurityContextTestExecutionListener, org.springframework.security.test.context.support.ReactorContextTestExecutionListener, org.spockframework.spring.SpringMockTestExecutionListener]
00:26:22.714 [main] INFO org.springframework.boot.test.autoconfigure.orm.jpa.DataJpaTestContextBootstrapper - Using TestExecutionListeners: [org.springframework.test.context.web.ServletTestExecutionListener@69c227fd, org.springframework.test.context.support.DirtiesContextBeforeModesTestExecutionListener@14c5283, org.springframework.test.context.event.ApplicationEventsTestExecutionListener@1eb7ec59, org.springframework.boot.test.mock.mockito.MockitoTestExecutionListener@46748b04, org.springframework.boot.test.autoconfigure.SpringBootDependencyInjectionTestExecutionListener@3e71a1f8, org.springframework.test.context.support.DirtiesContextTestExecutionListener@5d4a34ff, org.springframework.test.context.transaction.TransactionalTestExecutionListener@7cbede2b, org.springframework.test.context.jdbc.SqlScriptsTestExecutionListener@1ef04613, org.springframework.test.context.event.EventPublishingTestExecutionListener@2d3d4a54, org.springframework.security.test.context.support.WithSecurityContextTestExecutionListener@215c6ec0, org.springframework.security.test.context.support.ReactorContextTestExecutionListener@2b19b346, org.springframework.boot.test.mock.mockito.ResetMocksTestExecutionListener@37c5b8e8, org.springframework.boot.test.autoconfigure.restdocs.RestDocsTestExecutionListener@706d2bae, org.springframework.boot.test.autoconfigure.web.client.MockRestServiceServerResetTestExecutionListener@3205610d, org.springframework.boot.test.autoconfigure.web.servlet.MockMvcPrintOnlyOnFailureTestExecutionListener@54e06788, org.springframework.boot.test.autoconfigure.web.servlet.WebDriverTestExecutionListener@4e789704, org.springframework.boot.test.autoconfigure.webservices.client.MockWebServiceServerTestExecutionListener@5751e53e, org.spockframework.spring.SpringMockTestExecutionListener@4e45fbd0]
00:26:22.726 [main] DEBUG org.springframework.test.annotation.ProfileValueUtils - Retrieved @ProfileValueSourceConfiguration [null] for test class [pt.ulisboa.tecnico.socialsoftware.tutor.auth.service.DemoAuthTest]
00:26:22.726 [main] DEBUG org.springframework.test.annotation.ProfileValueUtils - Retrieved ProfileValueSource type [class org.springframework.test.annotation.SystemProfileValueSource] for class [pt.ulisboa.tecnico.socialsoftware.tutor.auth.service.DemoAuthTest]
00:26:22.726 [main] DEBUG org.springframework.test.annotation.ProfileValueUtils - Retrieved @ProfileValueSourceConfiguration [null] for test class [pt.ulisboa.tecnico.socialsoftware.tutor.auth.service.DemoAuthTest]
00:26:22.726 [main] DEBUG org.springframework.test.annotation.ProfileValueUtils - Retrieved ProfileValueSource type [class org.springframework.test.annotation.SystemProfileValueSource] for class [pt.ulisboa.tecnico.socialsoftware.tutor.auth.service.DemoAuthTest]
00:26:22.726 [main] DEBUG org.springframework.test.annotation.ProfileValueUtils - Retrieved @ProfileValueSourceConfiguration [null] for test class [pt.ulisboa.tecnico.socialsoftware.tutor.auth.service.DemoAuthTest]
00:26:22.726 [main] DEBUG org.springframework.test.annotation.ProfileValueUtils - Retrieved ProfileValueSource type [class org.springframework.test.annotation.SystemProfileValueSource] for class [pt.ulisboa.tecnico.socialsoftware.tutor.auth.service.DemoAuthTest]
00:26:22.727 [main] DEBUG org.springframework.test.annotation.ProfileValueUtils - Retrieved @ProfileValueSourceConfiguration [null] for test class [pt.ulisboa.tecnico.socialsoftware.tutor.auth.service.DemoAuthTest]
00:26:22.729 [main] DEBUG org.springframework.test.annotation.ProfileValueUtils - Retrieved ProfileValueSource type [class org.springframework.test.annotation.SystemProfileValueSource] for class [pt.ulisboa.tecnico.socialsoftware.tutor.auth.service.DemoAuthTest]
00:26:22.735 [main] DEBUG org.springframework.test.annotation.ProfileValueUtils - Retrieved @ProfileValueSourceConfiguration [null] for test class [pt.ulisboa.tecnico.socialsoftware.tutor.auth.service.DemoAuthTest]
00:26:22.736 [main] DEBUG org.springframework.test.annotation.ProfileValueUtils - Retrieved ProfileValueSource type [class org.springframework.test.annotation.SystemProfileValueSource] for class [pt.ulisboa.tecnico.socialsoftware.tutor.auth.service.DemoAuthTest]
00:26:22.736 [main] DEBUG org.springframework.test.annotation.ProfileValueUtils - Retrieved @ProfileValueSourceConfiguration [null] for test class [pt.ulisboa.tecnico.socialsoftware.tutor.auth.service.DemoAuthTest]
00:26:22.736 [main] DEBUG org.springframework.test.annotation.ProfileValueUtils - Retrieved ProfileValueSource type [class org.springframework.test.annotation.SystemProfileValueSource] for class [pt.ulisboa.tecnico.socialsoftware.tutor.auth.service.DemoAuthTest]
00:26:22.736 [main] DEBUG org.springframework.test.context.BootstrapUtils - Instantiating CacheAwareContextLoaderDelegate from class [org.springframework.test.context.cache.DefaultCacheAwareContextLoaderDelegate]
00:26:22.737 [main] DEBUG org.springframework.test.context.BootstrapUtils - Instantiating BootstrapContext using constructor [public org.springframework.test.context.support.DefaultBootstrapContext(java.lang.Class,org.springframework.test.context.CacheAwareContextLoaderDelegate)]
00:26:22.737 [main] DEBUG org.springframework.test.context.BootstrapUtils - Instantiating TestContextBootstrapper for test class [pt.ulisboa.tecnico.socialsoftware.tutor.auth.service.DemoAuthTest] from class [org.springframework.boot.test.autoconfigure.orm.jpa.DataJpaTestContextBootstrapper]
00:26:22.738 [main] INFO org.springframework.boot.test.autoconfigure.orm.jpa.DataJpaTestContextBootstrapper - Neither @ContextConfiguration nor @ContextHierarchy found for test class [pt.ulisboa.tecnico.socialsoftware.tutor.auth.service.DemoAuthTest], using SpringBootContextLoader
00:26:22.741 [main] DEBUG org.springframework.test.context.support.AbstractContextLoader - Did not detect default resource location for test class [pt.ulisboa.tecnico.socialsoftware.tutor.auth.service.DemoAuthTest]: class path resource [pt/ulisboa/tecnico/socialsoftware/tutor/auth/service/DemoAuthTest-context.xml] does not exist
00:26:22.744 [main] DEBUG org.springframework.test.context.support.AbstractContextLoader - Did not detect default resource location for test class [pt.ulisboa.tecnico.socialsoftware.tutor.auth.service.DemoAuthTest]: class path resource [pt/ulisboa/tecnico/socialsoftware/tutor/auth/service/DemoAuthTestContext.groovy] does not exist
00:26:22.744 [main] INFO org.springframework.test.context.support.AbstractContextLoader - Could not detect default resource locations for test class [pt.ulisboa.tecnico.socialsoftware.tutor.auth.service.DemoAuthTest]: no resource found for suffixes {-context.xml, Context.groovy}.
00:26:22.756 [main] DEBUG org.springframework.test.context.support.ActiveProfilesUtils - Could not find an 'annotation declaring class' for annotation type [org.springframework.test.context.ActiveProfiles] and class [pt.ulisboa.tecnico.socialsoftware.tutor.auth.service.DemoAuthTest]
00:26:22.855 [main] DEBUG org.springframework.context.annotation.ClassPathScanningCandidateComponentProvider - Identified candidate component class: file [C:\Users\jhmff\Desktop\IST\MEIC\2ano\2Semestre\Tutor\backend\tutor\target\classes\pt\ulisboa\tecnico\socialsoftware\tutor\TutorTestApplication.class]
00:26:22.855 [main] INFO org.springframework.boot.test.context.SpringBootTestContextBootstrapper - Found @SpringBootConfiguration pt.ulisboa.tecnico.socialsoftware.tutor.TutorTestApplication for test class pt.ulisboa.tecnico.socialsoftware.tutor.auth.service.DemoAuthTest
00:26:22.866 [main] DEBUG org.springframework.boot.test.autoconfigure.orm.jpa.DataJpaTestContextBootstrapper - @TestExecutionListeners is not present for class [pt.ulisboa.tecnico.socialsoftware.tutor.auth.service.DemoAuthTest]: using defaults.
00:26:22.866 [main] INFO org.springframework.boot.test.autoconfigure.orm.jpa.DataJpaTestContextBootstrapper - Loaded default TestExecutionListener class names from location [META-INF/spring.factories]: [org.springframework.boot.test.mock.mockito.MockitoTestExecutionListener, org.springframework.boot.test.mock.mockito.ResetMocksTestExecutionListener, org.springframework.boot.test.autoconfigure.restdocs.RestDocsTestExecutionListener, org.springframework.boot.test.autoconfigure.web.client.MockRestServiceServerResetTestExecutionListener, org.springframework.boot.test.autoconfigure.web.servlet.MockMvcPrintOnlyOnFailureTestExecutionListener, org.springframework.boot.test.autoconfigure.web.servlet.WebDriverTestExecutionListener, org.springframework.boot.test.autoconfigure.webservices.client.MockWebServiceServerTestExecutionListener, org.springframework.test.context.web.ServletTestExecutionListener, org.springframework.test.context.support.DirtiesContextBeforeModesTestExecutionListener, org.springframework.test.context.event.ApplicationEventsTestExecutionListener, org.springframework.test.context.support.DependencyInjectionTestExecutionListener, org.springframework.test.context.support.DirtiesContextTestExecutionListener, org.springframework.test.context.transaction.TransactionalTestExecutionListener, org.springframework.test.context.jdbc.SqlScriptsTestExecutionListener, org.springframework.test.context.event.EventPublishingTestExecutionListener, org.springframework.security.test.context.support.WithSecurityContextTestExecutionListener, org.springframework.security.test.context.support.ReactorContextTestExecutionListener, org.spockframework.spring.SpringMockTestExecutionListener]
00:26:22.869 [main] INFO org.springframework.boot.test.autoconfigure.orm.jpa.DataJpaTestContextBootstrapper - Using TestExecutionListeners: [org.springframework.test.context.web.ServletTestExecutionListener@7affee54, org.springframework.test.context.support.DirtiesContextBeforeModesTestExecutionListener@96075c0, org.springframework.test.context.event.ApplicationEventsTestExecutionListener@2337bf27, org.springframework.boot.test.mock.mockito.MockitoTestExecutionListener@4679554d, org.springframework.boot.test.autoconfigure.SpringBootDependencyInjectionTestExecutionListener@43719e98, org.springframework.test.context.support.DirtiesContextTestExecutionListener@49353d43, org.springframework.test.context.transaction.TransactionalTestExecutionListener@57e57dc5, org.springframework.test.context.jdbc.SqlScriptsTestExecutionListener@5bba9949, org.springframework.test.context.event.EventPublishingTestExecutionListener@147059f8, org.springframework.security.test.context.support.WithSecurityContextTestExecutionListener@744fb110, org.springframework.security.test.context.support.ReactorContextTestExecutionListener@838e109, org.springframework.boot.test.mock.mockito.ResetMocksTestExecutionListener@7474196, org.springframework.boot.test.autoconfigure.restdocs.RestDocsTestExecutionListener@11ee671f, org.springframework.boot.test.autoconfigure.web.client.MockRestServiceServerResetTestExecutionListener@18209303, org.springframework.boot.test.autoconfigure.web.servlet.MockMvcPrintOnlyOnFailureTestExecutionListener@57df09a7, org.springframework.boot.test.autoconfigure.web.servlet.WebDriverTestExecutionListener@6aa9a93b, org.springframework.boot.test.autoconfigure.webservices.client.MockWebServiceServerTestExecutionListener@81dfdee, org.spockframework.spring.SpringMockTestExecutionListener@14b9df65]
00:26:22.887 [main] DEBUG org.springframework.test.annotation.ProfileValueUtils - Retrieved @ProfileValueSourceConfiguration [null] for test class [pt.ulisboa.tecnico.socialsoftware.tutor.auth.service.ExternalUserAuthTest]
00:26:22.887 [main] DEBUG org.springframework.test.annotation.ProfileValueUtils - Retrieved ProfileValueSource type [class org.springframework.test.annotation.SystemProfileValueSource] for class [pt.ulisboa.tecnico.socialsoftware.tutor.auth.service.ExternalUserAuthTest]
00:26:22.887 [main] DEBUG org.springframework.test.annotation.ProfileValueUtils - Retrieved @ProfileValueSourceConfiguration [null] for test class [pt.ulisboa.tecnico.socialsoftware.tutor.auth.service.ExternalUserAuthTest]
00:26:22.887 [main] DEBUG org.springframework.test.annotation.ProfileValueUtils - Retrieved ProfileValueSource type [class org.springframework.test.annotation.SystemProfileValueSource] for class [pt.ulisboa.tecnico.socialsoftware.tutor.auth.service.ExternalUserAuthTest]
00:26:22.887 [main] DEBUG org.springframework.test.annotation.ProfileValueUtils - Retrieved @ProfileValueSourceConfiguration [null] for test class [pt.ulisboa.tecnico.socialsoftware.tutor.auth.service.ExternalUserAuthTest]
00:26:22.887 [main] DEBUG org.springframework.test.annotation.ProfileValueUtils - Retrieved ProfileValueSource type [class org.springframework.test.annotation.SystemProfileValueSource] for class [pt.ulisboa.tecnico.socialsoftware.tutor.auth.service.ExternalUserAuthTest]
00:26:22.888 [main] DEBUG org.springframework.test.context.BootstrapUtils - Instantiating CacheAwareContextLoaderDelegate from class [org.springframework.test.context.cache.DefaultCacheAwareContextLoaderDelegate]
00:26:22.888 [main] DEBUG org.springframework.test.context.BootstrapUtils - Instantiating BootstrapContext using constructor [public org.springframework.test.context.support.DefaultBootstrapContext(java.lang.Class,org.springframework.test.context.CacheAwareContextLoaderDelegate)]
00:26:22.888 [main] DEBUG org.springframework.test.context.BootstrapUtils - Instantiating TestContextBootstrapper for test class [pt.ulisboa.tecnico.socialsoftware.tutor.auth.service.ExternalUserAuthTest] from class [org.springframework.boot.test.autoconfigure.orm.jpa.DataJpaTestContextBootstrapper]
00:26:22.889 [main] INFO org.springframework.boot.test.autoconfigure.orm.jpa.DataJpaTestContextBootstrapper - Neither @ContextConfiguration nor @ContextHierarchy found for test class [pt.ulisboa.tecnico.socialsoftware.tutor.auth.service.ExternalUserAuthTest], using SpringBootContextLoader
00:26:22.891 [main] DEBUG org.springframework.test.context.support.AbstractContextLoader - Did not detect default resource location for test class [pt.ulisboa.tecnico.socialsoftware.tutor.auth.service.ExternalUserAuthTest]: class path resource [pt/ulisboa/tecnico/socialsoftware/tutor/auth/service/ExternalUserAuthTest-context.xml] does not exist
00:26:22.893 [main] DEBUG org.springframework.test.context.support.AbstractContextLoader - Did not detect default resource location for test class [pt.ulisboa.tecnico.socialsoftware.tutor.auth.service.ExternalUserAuthTest]: class path resource [pt/ulisboa/tecnico/socialsoftware/tutor/auth/service/ExternalUserAuthTestContext.groovy] does not exist
00:26:22.893 [main] INFO org.springframework.test.context.support.AbstractContextLoader - Could not detect default resource locations for test class [pt.ulisboa.tecnico.socialsoftware.tutor.auth.service.ExternalUserAuthTest]: no resource found for suffixes {-context.xml, Context.groovy}.
00:26:22.915 [main] DEBUG org.springframework.test.context.support.ActiveProfilesUtils - Could not find an 'annotation declaring class' for annotation type [org.springframework.test.context.ActiveProfiles] and class [pt.ulisboa.tecnico.socialsoftware.tutor.auth.service.ExternalUserAuthTest]
00:26:22.916 [main] INFO org.springframework.boot.test.context.SpringBootTestContextBootstrapper - Found @SpringBootConfiguration pt.ulisboa.tecnico.socialsoftware.tutor.TutorTestApplication for test class pt.ulisboa.tecnico.socialsoftware.tutor.auth.service.ExternalUserAuthTest
00:26:22.917 [main] DEBUG org.springframework.boot.test.autoconfigure.orm.jpa.DataJpaTestContextBootstrapper - @TestExecutionListeners is not present for class [pt.ulisboa.tecnico.socialsoftware.tutor.auth.service.ExternalUserAuthTest]: using defaults.
00:26:22.917 [main] INFO org.springframework.boot.test.autoconfigure.orm.jpa.DataJpaTestContextBootstrapper - Loaded default TestExecutionListener class names from location [META-INF/spring.factories]: [org.springframework.boot.test.mock.mockito.MockitoTestExecutionListener, org.springframework.boot.test.mock.mockito.ResetMocksTestExecutionListener, org.springframework.boot.test.autoconfigure.restdocs.RestDocsTestExecutionListener, org.springframework.boot.test.autoconfigure.web.client.MockRestServiceServerResetTestExecutionListener, org.springframework.boot.test.autoconfigure.web.servlet.MockMvcPrintOnlyOnFailureTestExecutionListener, org.springframework.boot.test.autoconfigure.web.servlet.WebDriverTestExecutionListener, org.springframework.boot.test.autoconfigure.webservices.client.MockWebServiceServerTestExecutionListener, org.springframework.test.context.web.ServletTestExecutionListener, org.springframework.test.context.support.DirtiesContextBeforeModesTestExecutionListener, org.springframework.test.context.event.ApplicationEventsTestExecutionListener, org.springframework.test.context.support.DependencyInjectionTestExecutionListener, org.springframework.test.context.support.DirtiesContextTestExecutionListener, org.springframework.test.context.transaction.TransactionalTestExecutionListener, org.springframework.test.context.jdbc.SqlScriptsTestExecutionListener, org.springframework.test.context.event.EventPublishingTestExecutionListener, org.springframework.security.test.context.support.WithSecurityContextTestExecutionListener, org.springframework.security.test.context.support.ReactorContextTestExecutionListener, org.spockframework.spring.SpringMockTestExecutionListener]
00:26:22.919 [main] INFO org.springframework.boot.test.autoconfigure.orm.jpa.DataJpaTestContextBootstrapper - Using TestExecutionListeners: [org.springframework.test.context.web.ServletTestExecutionListener@18dafd3b, org.springframework.test.context.support.DirtiesContextBeforeModesTestExecutionListener@2954c429, org.springframework.test.context.event.ApplicationEventsTestExecutionListener@4a45ca1c, org.springframework.boot.test.mock.mockito.MockitoTestExecutionListener@4742466e, org.springframework.boot.test.autoconfigure.SpringBootDependencyInjectionTestExecutionListener@83e5898, org.springframework.test.context.support.DirtiesContextTestExecutionListener@7c4a03a, org.springframework.test.context.transaction.TransactionalTestExecutionListener@63b58ff4, org.springframework.test.context.jdbc.SqlScriptsTestExecutionListener@3691d4da, org.springframework.test.context.event.EventPublishingTestExecutionListener@4c91a008, org.springframework.security.test.context.support.WithSecurityContextTestExecutionListener@6ef61cd0, org.springframework.security.test.context.support.ReactorContextTestExecutionListener@2173e4d5, org.springframework.boot.test.mock.mockito.ResetMocksTestExecutionListener@197cc325, org.springframework.boot.test.autoconfigure.restdocs.RestDocsTestExecutionListener@582ca1e2, org.springframework.boot.test.autoconfigure.web.client.MockRestServiceServerResetTestExecutionListener@66226ab, org.springframework.boot.test.autoconfigure.web.servlet.MockMvcPrintOnlyOnFailureTestExecutionListener@38093ffe, org.springframework.boot.test.autoconfigure.web.servlet.WebDriverTestExecutionListener@4713b631, org.springframework.boot.test.autoconfigure.webservices.client.MockWebServiceServerTestExecutionListener@7a0d2c80, org.spockframework.spring.SpringMockTestExecutionListener@6d4d0a14]
00:26:22.976 [main] DEBUG org.springframework.test.annotation.ProfileValueUtils - Retrieved @ProfileValueSourceConfiguration [null] for test class [pt.ulisboa.tecnico.socialsoftware.tutor.auth.service.FenixAuthTest]
00:26:22.976 [main] DEBUG org.springframework.test.annotation.ProfileValueUtils - Retrieved ProfileValueSource type [class org.springframework.test.annotation.SystemProfileValueSource] for class [pt.ulisboa.tecnico.socialsoftware.tutor.auth.service.FenixAuthTest]
00:26:22.976 [main] DEBUG org.springframework.test.annotation.ProfileValueUtils - Retrieved @ProfileValueSourceConfiguration [null] for test class [pt.ulisboa.tecnico.socialsoftware.tutor.auth.service.FenixAuthTest]
00:26:22.976 [main] DEBUG org.springframework.test.annotation.ProfileValueUtils - Retrieved ProfileValueSource type [class org.springframework.test.annotation.SystemProfileValueSource] for class [pt.ulisboa.tecnico.socialsoftware.tutor.auth.service.FenixAuthTest]
00:26:22.976 [main] DEBUG org.springframework.test.annotation.ProfileValueUtils - Retrieved @ProfileValueSourceConfiguration [null] for test class [pt.ulisboa.tecnico.socialsoftware.tutor.auth.service.FenixAuthTest]
00:26:22.976 [main] DEBUG org.springframework.test.annotation.ProfileValueUtils - Retrieved ProfileValueSource type [class org.springframework.test.annotation.SystemProfileValueSource] for class [pt.ulisboa.tecnico.socialsoftware.tutor.auth.service.FenixAuthTest]
00:26:22.977 [main] DEBUG org.springframework.test.annotation.ProfileValueUtils - Retrieved @ProfileValueSourceConfiguration [null] for test class [pt.ulisboa.tecnico.socialsoftware.tutor.auth.service.FenixAuthTest]
00:26:22.977 [main] DEBUG org.springframework.test.annotation.ProfileValueUtils - Retrieved ProfileValueSource type [class org.springframework.test.annotation.SystemProfileValueSource] for class [pt.ulisboa.tecnico.socialsoftware.tutor.auth.service.FenixAuthTest]
00:26:22.977 [main] DEBUG org.springframework.test.annotation.ProfileValueUtils - Retrieved @ProfileValueSourceConfiguration [null] for test class [pt.ulisboa.tecnico.socialsoftware.tutor.auth.service.FenixAuthTest]
00:26:22.977 [main] DEBUG org.springframework.test.annotation.ProfileValueUtils - Retrieved ProfileValueSource type [class org.springframework.test.annotation.SystemProfileValueSource] for class [pt.ulisboa.tecnico.socialsoftware.tutor.auth.service.FenixAuthTest]
00:26:22.977 [main] DEBUG org.springframework.test.annotation.ProfileValueUtils - Retrieved @ProfileValueSourceConfiguration [null] for test class [pt.ulisboa.tecnico.socialsoftware.tutor.auth.service.FenixAuthTest]
00:26:22.977 [main] DEBUG org.springframework.test.annotation.ProfileValueUtils - Retrieved ProfileValueSource type [class org.springframework.test.annotation.SystemProfileValueSource] for class [pt.ulisboa.tecnico.socialsoftware.tutor.auth.service.FenixAuthTest]
00:26:22.977 [main] DEBUG org.springframework.test.annotation.ProfileValueUtils - Retrieved @ProfileValueSourceConfiguration [null] for test class [pt.ulisboa.tecnico.socialsoftware.tutor.auth.service.FenixAuthTest]
00:26:22.977 [main] DEBUG org.springframework.test.annotation.ProfileValueUtils - Retrieved ProfileValueSource type [class org.springframework.test.annotation.SystemProfileValueSource] for class [pt.ulisboa.tecnico.socialsoftware.tutor.auth.service.FenixAuthTest]
00:26:22.977 [main] DEBUG org.springframework.test.annotation.ProfileValueUtils - Retrieved @ProfileValueSourceConfiguration [null] for test class [pt.ulisboa.tecnico.socialsoftware.tutor.auth.service.FenixAuthTest]
00:26:22.977 [main] DEBUG org.springframework.test.annotation.ProfileValueUtils - Retrieved ProfileValueSource type [class org.springframework.test.annotation.SystemProfileValueSource] for class [pt.ulisboa.tecnico.socialsoftware.tutor.auth.service.FenixAuthTest]
00:26:22.977 [main] DEBUG org.springframework.test.annotation.ProfileValueUtils - Retrieved @ProfileValueSourceConfiguration [null] for test class [pt.ulisboa.tecnico.socialsoftware.tutor.auth.service.FenixAuthTest]
00:26:22.978 [main] DEBUG org.springframework.test.annotation.ProfileValueUtils - Retrieved ProfileValueSource type [class org.springframework.test.annotation.SystemProfileValueSource] for class [pt.ulisboa.tecnico.socialsoftware.tutor.auth.service.FenixAuthTest]
00:26:22.978 [main] DEBUG org.springframework.test.annotation.ProfileValueUtils - Retrieved @ProfileValueSourceConfiguration [null] for test class [pt.ulisboa.tecnico.socialsoftware.tutor.auth.service.FenixAuthTest]
00:26:22.978 [main] DEBUG org.springframework.test.annotation.ProfileValueUtils - Retrieved ProfileValueSource type [class org.springframework.test.annotation.SystemProfileValueSource] for class [pt.ulisboa.tecnico.socialsoftware.tutor.auth.service.FenixAuthTest]
00:26:22.978 [main] DEBUG org.springframework.test.annotation.ProfileValueUtils - Retrieved @ProfileValueSourceConfiguration [null] for test class [pt.ulisboa.tecnico.socialsoftware.tutor.auth.service.FenixAuthTest]
00:26:22.978 [main] DEBUG org.springframework.test.annotation.ProfileValueUtils - Retrieved ProfileValueSource type [class org.springframework.test.annotation.SystemProfileValueSource] for class [pt.ulisboa.tecnico.socialsoftware.tutor.auth.service.FenixAuthTest]
00:26:22.978 [main] DEBUG org.springframework.test.annotation.ProfileValueUtils - Retrieved @ProfileValueSourceConfiguration [null] for test class [pt.ulisboa.tecnico.socialsoftware.tutor.auth.service.FenixAuthTest]
00:26:22.978 [main] DEBUG org.springframework.test.annotation.ProfileValueUtils - Retrieved ProfileValueSource type [class org.springframework.test.annotation.SystemProfileValueSource] for class [pt.ulisboa.tecnico.socialsoftware.tutor.auth.service.FenixAuthTest]
00:26:22.978 [main] DEBUG org.springframework.test.annotation.ProfileValueUtils - Retrieved @ProfileValueSourceConfiguration [null] for test class [pt.ulisboa.tecnico.socialsoftware.tutor.auth.service.FenixAuthTest]
00:26:22.978 [main] DEBUG org.springframework.test.annotation.ProfileValueUtils - Retrieved ProfileValueSource type [class org.springframework.test.annotation.SystemProfileValueSource] for class [pt.ulisboa.tecnico.socialsoftware.tutor.auth.service.FenixAuthTest]
00:26:22.979 [main] DEBUG org.springframework.test.annotation.ProfileValueUtils - Retrieved @ProfileValueSourceConfiguration [null] for test class [pt.ulisboa.tecnico.socialsoftware.tutor.auth.service.FenixAuthTest]
00:26:22.979 [main] DEBUG org.springframework.test.annotation.ProfileValueUtils - Retrieved ProfileValueSource type [class org.springframework.test.annotation.SystemProfileValueSource] for class [pt.ulisboa.tecnico.socialsoftware.tutor.auth.service.FenixAuthTest]
00:26:22.979 [main] DEBUG org.springframework.test.annotation.ProfileValueUtils - Retrieved @ProfileValueSourceConfiguration [null] for test class [pt.ulisboa.tecnico.socialsoftware.tutor.auth.service.FenixAuthTest]
00:26:22.979 [main] DEBUG org.springframework.test.annotation.ProfileValueUtils - Retrieved ProfileValueSource type [class org.springframework.test.annotation.SystemProfileValueSource] for class [pt.ulisboa.tecnico.socialsoftware.tutor.auth.service.FenixAuthTest]
00:26:22.979 [main] DEBUG org.springframework.test.annotation.ProfileValueUtils - Retrieved @ProfileValueSourceConfiguration [null] for test class [pt.ulisboa.tecnico.socialsoftware.tutor.auth.service.FenixAuthTest]
00:26:22.979 [main] DEBUG org.springframework.test.annotation.ProfileValueUtils - Retrieved ProfileValueSource type [class org.springframework.test.annotation.SystemProfileValueSource] for class [pt.ulisboa.tecnico.socialsoftware.tutor.auth.service.FenixAuthTest]
00:26:22.979 [main] DEBUG org.springframework.test.annotation.ProfileValueUtils - Retrieved @ProfileValueSourceConfiguration [null] for test class [pt.ulisboa.tecnico.socialsoftware.tutor.auth.service.FenixAuthTest]
00:26:22.979 [main] DEBUG org.springframework.test.annotation.ProfileValueUtils - Retrieved ProfileValueSource type [class org.springframework.test.annotation.SystemProfileValueSource] for class [pt.ulisboa.tecnico.socialsoftware.tutor.auth.service.FenixAuthTest]
00:26:22.979 [main] DEBUG org.springframework.test.context.BootstrapUtils - Instantiating CacheAwareContextLoaderDelegate from class [org.springframework.test.context.cache.DefaultCacheAwareContextLoaderDelegate]
00:26:22.980 [main] DEBUG org.springframework.test.context.BootstrapUtils - Instantiating BootstrapContext using constructor [public org.springframework.test.context.support.DefaultBootstrapContext(java.lang.Class,org.springframework.test.context.CacheAwareContextLoaderDelegate)]
00:26:22.980 [main] DEBUG org.springframework.test.context.BootstrapUtils - Instantiating TestContextBootstrapper for test class [pt.ulisboa.tecnico.socialsoftware.tutor.auth.service.FenixAuthTest] from class [org.springframework.boot.test.autoconfigure.orm.jpa.DataJpaTestContextBootstrapper]
00:26:22.981 [main] INFO org.springframework.boot.test.autoconfigure.orm.jpa.DataJpaTestContextBootstrapper - Neither @ContextConfiguration nor @ContextHierarchy found for test class [pt.ulisboa.tecnico.socialsoftware.tutor.auth.service.FenixAuthTest], using SpringBootContextLoader
00:26:22.983 [main] DEBUG org.springframework.test.context.support.AbstractContextLoader - Did not detect default resource location for test class [pt.ulisboa.tecnico.socialsoftware.tutor.auth.service.FenixAuthTest]: class path resource [pt/ulisboa/tecnico/socialsoftware/tutor/auth/service/FenixAuthTest-context.xml] does not exist
00:26:22.984 [main] DEBUG org.springframework.test.context.support.AbstractContextLoader - Did not detect default resource location for test class [pt.ulisboa.tecnico.socialsoftware.tutor.auth.service.FenixAuthTest]: class path resource [pt/ulisboa/tecnico/socialsoftware/tutor/auth/service/FenixAuthTestContext.groovy] does not exist
00:26:22.987 [main] INFO org.springframework.test.context.support.AbstractContextLoader - Could not detect default resource locations for test class [pt.ulisboa.tecnico.socialsoftware.tutor.auth.service.FenixAuthTest]: no resource found for suffixes {-context.xml, Context.groovy}.
00:26:22.996 [main] DEBUG org.springframework.test.context.support.ActiveProfilesUtils - Could not find an 'annotation declaring class' for annotation type [org.springframework.test.context.ActiveProfiles] and class [pt.ulisboa.tecnico.socialsoftware.tutor.auth.service.FenixAuthTest]
00:26:22.999 [main] INFO org.springframework.boot.test.context.SpringBootTestContextBootstrapper - Found @SpringBootConfiguration pt.ulisboa.tecnico.socialsoftware.tutor.TutorTestApplication for test class pt.ulisboa.tecnico.socialsoftware.tutor.auth.service.FenixAuthTest
00:26:23.003 [main] DEBUG org.springframework.boot.test.autoconfigure.orm.jpa.DataJpaTestContextBootstrapper - @TestExecutionListeners is not present for class [pt.ulisboa.tecnico.socialsoftware.tutor.auth.service.FenixAuthTest]: using defaults.
00:26:23.003 [main] INFO org.springframework.boot.test.autoconfigure.orm.jpa.DataJpaTestContextBootstrapper - Loaded default TestExecutionListener class names from location [META-INF/spring.factories]: [org.springframework.boot.test.mock.mockito.MockitoTestExecutionListener, org.springframework.boot.test.mock.mockito.ResetMocksTestExecutionListener, org.springframework.boot.test.autoconfigure.restdocs.RestDocsTestExecutionListener, org.springframework.boot.test.autoconfigure.web.client.MockRestServiceServerResetTestExecutionListener, org.springframework.boot.test.autoconfigure.web.servlet.MockMvcPrintOnlyOnFailureTestExecutionListener, org.springframework.boot.test.autoconfigure.web.servlet.WebDriverTestExecutionListener, org.springframework.boot.test.autoconfigure.webservices.client.MockWebServiceServerTestExecutionListener, org.springframework.test.context.web.ServletTestExecutionListener, org.springframework.test.context.support.DirtiesContextBeforeModesTestExecutionListener, org.springframework.test.context.event.ApplicationEventsTestExecutionListener, org.springframework.test.context.support.DependencyInjectionTestExecutionListener, org.springframework.test.context.support.DirtiesContextTestExecutionListener, org.springframework.test.context.transaction.TransactionalTestExecutionListener, org.springframework.test.context.jdbc.SqlScriptsTestExecutionListener, org.springframework.test.context.event.EventPublishingTestExecutionListener, org.springframework.security.test.context.support.WithSecurityContextTestExecutionListener, org.springframework.security.test.context.support.ReactorContextTestExecutionListener, org.spockframework.spring.SpringMockTestExecutionListener]
00:26:23.008 [main] INFO org.springframework.boot.test.autoconfigure.orm.jpa.DataJpaTestContextBootstrapper - Using TestExecutionListeners: [org.springframework.test.context.web.ServletTestExecutionListener@45b6c666, org.springframework.test.context.support.DirtiesContextBeforeModesTestExecutionListener@60e80279, org.springframework.test.context.event.ApplicationEventsTestExecutionListener@7fc56d61, org.springframework.boot.test.mock.mockito.MockitoTestExecutionListener@1382a7d8, org.springframework.boot.test.autoconfigure.SpringBootDependencyInjectionTestExecutionListener@6074d638, org.springframework.test.context.support.DirtiesContextTestExecutionListener@402feb85, org.springframework.test.context.transaction.TransactionalTestExecutionListener@14d53884, org.springframework.test.context.jdbc.SqlScriptsTestExecutionListener@126ff1a1, org.springframework.test.context.event.EventPublishingTestExecutionListener@546c30c2, org.springframework.security.test.context.support.WithSecurityContextTestExecutionListener@6ba08a09, org.springframework.security.test.context.support.ReactorContextTestExecutionListener@568c9ee1, org.springframework.boot.test.mock.mockito.ResetMocksTestExecutionListener@3b839f68, org.springframework.boot.test.autoconfigure.restdocs.RestDocsTestExecutionListener@e5c52fa, org.springframework.boot.test.autoconfigure.web.client.MockRestServiceServerResetTestExecutionListener@614361fa, org.springframework.boot.test.autoconfigure.web.servlet.MockMvcPrintOnlyOnFailureTestExecutionListener@538a90a5, org.springframework.boot.test.autoconfigure.web.servlet.WebDriverTestExecutionListener@74d53d63, org.springframework.boot.test.autoconfigure.webservices.client.MockWebServiceServerTestExecutionListener@18f27a81, org.spockframework.spring.SpringMockTestExecutionListener@624494d4]
00:26:23.036 [main] DEBUG org.springframework.test.annotation.ProfileValueUtils - Retrieved @ProfileValueSourceConfiguration [null] for test class [pt.ulisboa.tecnico.socialsoftware.tutor.discussion.service.ChangeReplyAvailabilityTest]
00:26:23.036 [main] DEBUG org.springframework.test.annotation.ProfileValueUtils - Retrieved ProfileValueSource type [class org.springframework.test.annotation.SystemProfileValueSource] for class [pt.ulisboa.tecnico.socialsoftware.tutor.discussion.service.ChangeReplyAvailabilityTest]
00:26:23.036 [main] DEBUG org.springframework.test.annotation.ProfileValueUtils - Retrieved @ProfileValueSourceConfiguration [null] for test class [pt.ulisboa.tecnico.socialsoftware.tutor.discussion.service.ChangeReplyAvailabilityTest]
00:26:23.036 [main] DEBUG org.springframework.test.annotation.ProfileValueUtils - Retrieved ProfileValueSource type [class org.springframework.test.annotation.SystemProfileValueSource] for class [pt.ulisboa.tecnico.socialsoftware.tutor.discussion.service.ChangeReplyAvailabilityTest]
00:26:23.036 [main] DEBUG org.springframework.test.annotation.ProfileValueUtils - Retrieved @ProfileValueSourceConfiguration [null] for test class [pt.ulisboa.tecnico.socialsoftware.tutor.discussion.service.ChangeReplyAvailabilityTest]
00:26:23.036 [main] DEBUG org.springframework.test.annotation.ProfileValueUtils - Retrieved ProfileValueSource type [class org.springframework.test.annotation.SystemProfileValueSource] for class [pt.ulisboa.tecnico.socialsoftware.tutor.discussion.service.ChangeReplyAvailabilityTest]
00:26:23.037 [main] DEBUG org.springframework.test.context.BootstrapUtils - Instantiating CacheAwareContextLoaderDelegate from class [org.springframework.test.context.cache.DefaultCacheAwareContextLoaderDelegate]
00:26:23.037 [main] DEBUG org.springframework.test.context.BootstrapUtils - Instantiating BootstrapContext using constructor [public org.springframework.test.context.support.DefaultBootstrapContext(java.lang.Class,org.springframework.test.context.CacheAwareContextLoaderDelegate)]
00:26:23.038 [main] DEBUG org.springframework.test.context.BootstrapUtils - Instantiating TestContextBootstrapper for test class [pt.ulisboa.tecnico.socialsoftware.tutor.discussion.service.ChangeReplyAvailabilityTest] from class [org.springframework.boot.test.autoconfigure.orm.jpa.DataJpaTestContextBootstrapper]
00:26:23.038 [main] INFO org.springframework.boot.test.autoconfigure.orm.jpa.DataJpaTestContextBootstrapper - Neither @ContextConfiguration nor @ContextHierarchy found for test class [pt.ulisboa.tecnico.socialsoftware.tutor.discussion.service.ChangeReplyAvailabilityTest], using SpringBootContextLoader
00:26:23.041 [main] DEBUG org.springframework.test.context.support.AbstractContextLoader - Did not detect default resource location for test class [pt.ulisboa.tecnico.socialsoftware.tutor.discussion.service.ChangeReplyAvailabilityTest]: class path resource [pt/ulisboa/tecnico/socialsoftware/tutor/discussion/service/ChangeReplyAvailabilityTest-context.xml] does not exist
00:26:23.043 [main] DEBUG org.springframework.test.context.support.AbstractContextLoader - Did not detect default resource location for test class [pt.ulisboa.tecnico.socialsoftware.tutor.discussion.service.ChangeReplyAvailabilityTest]: class path resource [pt/ulisboa/tecnico/socialsoftware/tutor/discussion/service/ChangeReplyAvailabilityTestContext.groovy] does not exist
00:26:23.043 [main] INFO org.springframework.test.context.support.AbstractContextLoader - Could not detect default resource locations for test class [pt.ulisboa.tecnico.socialsoftware.tutor.discussion.service.ChangeReplyAvailabilityTest]: no resource found for suffixes {-context.xml, Context.groovy}.
00:26:23.055 [main] DEBUG org.springframework.test.context.support.ActiveProfilesUtils - Could not find an 'annotation declaring class' for annotation type [org.springframework.test.context.ActiveProfiles] and class [pt.ulisboa.tecnico.socialsoftware.tutor.discussion.service.ChangeReplyAvailabilityTest]
00:26:23.107 [main] DEBUG org.springframework.context.annotation.ClassPathScanningCandidateComponentProvider - Identified candidate component class: file [C:\Users\jhmff\Desktop\IST\MEIC\2ano\2Semestre\Tutor\backend\tutor\target\classes\pt\ulisboa\tecnico\socialsoftware\tutor\TutorTestApplication.class]
00:26:23.107 [main] INFO org.springframework.boot.test.context.SpringBootTestContextBootstrapper - Found @SpringBootConfiguration pt.ulisboa.tecnico.socialsoftware.tutor.TutorTestApplication for test class pt.ulisboa.tecnico.socialsoftware.tutor.discussion.service.ChangeReplyAvailabilityTest
00:26:23.110 [main] DEBUG org.springframework.boot.test.autoconfigure.orm.jpa.DataJpaTestContextBootstrapper - @TestExecutionListeners is not present for class [pt.ulisboa.tecnico.socialsoftware.tutor.discussion.service.ChangeReplyAvailabilityTest]: using defaults.
00:26:23.110 [main] INFO org.springframework.boot.test.autoconfigure.orm.jpa.DataJpaTestContextBootstrapper - Loaded default TestExecutionListener class names from location [META-INF/spring.factories]: [org.springframework.boot.test.mock.mockito.MockitoTestExecutionListener, org.springframework.boot.test.mock.mockito.ResetMocksTestExecutionListener, org.springframework.boot.test.autoconfigure.restdocs.RestDocsTestExecutionListener, org.springframework.boot.test.autoconfigure.web.client.MockRestServiceServerResetTestExecutionListener, org.springframework.boot.test.autoconfigure.web.servlet.MockMvcPrintOnlyOnFailureTestExecutionListener, org.springframework.boot.test.autoconfigure.web.servlet.WebDriverTestExecutionListener, org.springframework.boot.test.autoconfigure.webservices.client.MockWebServiceServerTestExecutionListener, org.springframework.test.context.web.ServletTestExecutionListener, org.springframework.test.context.support.DirtiesContextBeforeModesTestExecutionListener, org.springframework.test.context.event.ApplicationEventsTestExecutionListener, org.springframework.test.context.support.DependencyInjectionTestExecutionListener, org.springframework.test.context.support.DirtiesContextTestExecutionListener, org.springframework.test.context.transaction.TransactionalTestExecutionListener, org.springframework.test.context.jdbc.SqlScriptsTestExecutionListener, org.springframework.test.context.event.EventPublishingTestExecutionListener, org.springframework.security.test.context.support.WithSecurityContextTestExecutionListener, org.springframework.security.test.context.support.ReactorContextTestExecutionListener, org.spockframework.spring.SpringMockTestExecutionListener]
00:26:23.113 [main] INFO org.springframework.boot.test.autoconfigure.orm.jpa.DataJpaTestContextBootstrapper - Using TestExecutionListeners: [org.springframework.test.context.web.ServletTestExecutionListener@6978a32a, org.springframework.test.context.support.DirtiesContextBeforeModesTestExecutionListener@55665086, org.springframework.test.context.event.ApplicationEventsTestExecutionListener@233ece92, org.springframework.boot.test.mock.mockito.MockitoTestExecutionListener@4a14f7d7, org.springframework.boot.test.autoconfigure.SpringBootDependencyInjectionTestExecutionListener@66596c4c, org.springframework.test.context.support.DirtiesContextTestExecutionListener@15ce261, org.springframework.test.context.transaction.TransactionalTestExecutionListener@54c3e686, org.springframework.test.context.jdbc.SqlScriptsTestExecutionListener@39840986, org.springframework.test.context.event.EventPublishingTestExecutionListener@141229f6, org.springframework.security.test.context.support.WithSecurityContextTestExecutionListener@723b8eff, org.springframework.security.test.context.support.ReactorContextTestExecutionListener@3987a1e8, org.springframework.boot.test.mock.mockito.ResetMocksTestExecutionListener@20d65767, org.springframework.boot.test.autoconfigure.restdocs.RestDocsTestExecutionListener@250e8712, org.springframework.boot.test.autoconfigure.web.client.MockRestServiceServerResetTestExecutionListener@becb93a, org.springframework.boot.test.autoconfigure.web.servlet.MockMvcPrintOnlyOnFailureTestExecutionListener@f60c14e, org.springframework.boot.test.autoconfigure.web.servlet.WebDriverTestExecutionListener@1d1fd2aa, org.springframework.boot.test.autoconfigure.webservices.client.MockWebServiceServerTestExecutionListener@4c78e00c, org.spockframework.spring.SpringMockTestExecutionListener@22b3b5d0]
00:26:23.128 [main] DEBUG org.springframework.test.annotation.ProfileValueUtils - Retrieved @ProfileValueSourceConfiguration [null] for test class [pt.ulisboa.tecnico.socialsoftware.tutor.discussion.service.ChangeStatusTest]
00:26:23.128 [main] DEBUG org.springframework.test.annotation.ProfileValueUtils - Retrieved ProfileValueSource type [class org.springframework.test.annotation.SystemProfileValueSource] for class [pt.ulisboa.tecnico.socialsoftware.tutor.discussion.service.ChangeStatusTest]
00:26:23.128 [main] DEBUG org.springframework.test.annotation.ProfileValueUtils - Retrieved @ProfileValueSourceConfiguration [null] for test class [pt.ulisboa.tecnico.socialsoftware.tutor.discussion.service.ChangeStatusTest]
00:26:23.129 [main] DEBUG org.springframework.test.annotation.ProfileValueUtils - Retrieved ProfileValueSource type [class org.springframework.test.annotation.SystemProfileValueSource] for class [pt.ulisboa.tecnico.socialsoftware.tutor.discussion.service.ChangeStatusTest]
00:26:23.129 [main] DEBUG org.springframework.test.annotation.ProfileValueUtils - Retrieved @ProfileValueSourceConfiguration [null] for test class [pt.ulisboa.tecnico.socialsoftware.tutor.discussion.service.ChangeStatusTest]
00:26:23.129 [main] DEBUG org.springframework.test.annotation.ProfileValueUtils - Retrieved ProfileValueSource type [class org.springframework.test.annotation.SystemProfileValueSource] for class [pt.ulisboa.tecnico.socialsoftware.tutor.discussion.service.ChangeStatusTest]
00:26:23.129 [main] DEBUG org.springframework.test.annotation.ProfileValueUtils - Retrieved @ProfileValueSourceConfiguration [null] for test class [pt.ulisboa.tecnico.socialsoftware.tutor.discussion.service.ChangeStatusTest]
00:26:23.129 [main] DEBUG org.springframework.test.annotation.ProfileValueUtils - Retrieved ProfileValueSource type [class org.springframework.test.annotation.SystemProfileValueSource] for class [pt.ulisboa.tecnico.socialsoftware.tutor.discussion.service.ChangeStatusTest]
00:26:23.129 [main] DEBUG org.springframework.test.context.BootstrapUtils - Instantiating CacheAwareContextLoaderDelegate from class [org.springframework.test.context.cache.DefaultCacheAwareContextLoaderDelegate]
00:26:23.130 [main] DEBUG org.springframework.test.context.BootstrapUtils - Instantiating BootstrapContext using constructor [public org.springframework.test.context.support.DefaultBootstrapContext(java.lang.Class,org.springframework.test.context.CacheAwareContextLoaderDelegate)]
00:26:23.130 [main] DEBUG org.springframework.test.context.BootstrapUtils - Instantiating TestContextBootstrapper for test class [pt.ulisboa.tecnico.socialsoftware.tutor.discussion.service.ChangeStatusTest] from class [org.springframework.boot.test.autoconfigure.orm.jpa.DataJpaTestContextBootstrapper]
00:26:23.131 [main] INFO org.springframework.boot.test.autoconfigure.orm.jpa.DataJpaTestContextBootstrapper - Neither @ContextConfiguration nor @ContextHierarchy found for test class [pt.ulisboa.tecnico.socialsoftware.tutor.discussion.service.ChangeStatusTest], using SpringBootContextLoader
00:26:23.132 [main] DEBUG org.springframework.test.context.support.AbstractContextLoader - Did not detect default resource location for test class [pt.ulisboa.tecnico.socialsoftware.tutor.discussion.service.ChangeStatusTest]: class path resource [pt/ulisboa/tecnico/socialsoftware/tutor/discussion/service/ChangeStatusTest-context.xml] does not exist
00:26:23.133 [main] DEBUG org.springframework.test.context.support.AbstractContextLoader - Did not detect default resource location for test class [pt.ulisboa.tecnico.socialsoftware.tutor.discussion.service.ChangeStatusTest]: class path resource [pt/ulisboa/tecnico/socialsoftware/tutor/discussion/service/ChangeStatusTestContext.groovy] does not exist
00:26:23.134 [main] INFO org.springframework.test.context.support.AbstractContextLoader - Could not detect default resource locations for test class [pt.ulisboa.tecnico.socialsoftware.tutor.discussion.service.ChangeStatusTest]: no resource found for suffixes {-context.xml, Context.groovy}.
00:26:23.161 [main] DEBUG org.springframework.test.context.support.ActiveProfilesUtils - Could not find an 'annotation declaring class' for annotation type [org.springframework.test.context.ActiveProfiles] and class [pt.ulisboa.tecnico.socialsoftware.tutor.discussion.service.ChangeStatusTest]
00:26:23.162 [main] INFO org.springframework.boot.test.context.SpringBootTestContextBootstrapper - Found @SpringBootConfiguration pt.ulisboa.tecnico.socialsoftware.tutor.TutorTestApplication for test class pt.ulisboa.tecnico.socialsoftware.tutor.discussion.service.ChangeStatusTest
00:26:23.169 [main] DEBUG org.springframework.boot.test.autoconfigure.orm.jpa.DataJpaTestContextBootstrapper - @TestExecutionListeners is not present for class [pt.ulisboa.tecnico.socialsoftware.tutor.discussion.service.ChangeStatusTest]: using defaults.
00:26:23.169 [main] INFO org.springframework.boot.test.autoconfigure.orm.jpa.DataJpaTestContextBootstrapper - Loaded default TestExecutionListener class names from location [META-INF/spring.factories]: [org.springframework.boot.test.mock.mockito.MockitoTestExecutionListener, org.springframework.boot.test.mock.mockito.ResetMocksTestExecutionListener, org.springframework.boot.test.autoconfigure.restdocs.RestDocsTestExecutionListener, org.springframework.boot.test.autoconfigure.web.client.MockRestServiceServerResetTestExecutionListener, org.springframework.boot.test.autoconfigure.web.servlet.MockMvcPrintOnlyOnFailureTestExecutionListener, org.springframework.boot.test.autoconfigure.web.servlet.WebDriverTestExecutionListener, org.springframework.boot.test.autoconfigure.webservices.client.MockWebServiceServerTestExecutionListener, org.springframework.test.context.web.ServletTestExecutionListener, org.springframework.test.context.support.DirtiesContextBeforeModesTestExecutionListener, org.springframework.test.context.event.ApplicationEventsTestExecutionListener, org.springframework.test.context.support.DependencyInjectionTestExecutionListener, org.springframework.test.context.support.DirtiesContextTestExecutionListener, org.springframework.test.context.transaction.TransactionalTestExecutionListener, org.springframework.test.context.jdbc.SqlScriptsTestExecutionListener, org.springframework.test.context.event.EventPublishingTestExecutionListener, org.springframework.security.test.context.support.WithSecurityContextTestExecutionListener, org.springframework.security.test.context.support.ReactorContextTestExecutionListener, org.spockframework.spring.SpringMockTestExecutionListener]
00:26:23.176 [main] INFO org.springframework.boot.test.autoconfigure.orm.jpa.DataJpaTestContextBootstrapper - Using TestExecutionListeners: [org.springframework.test.context.web.ServletTestExecutionListener@3cc817bd, org.springframework.test.context.support.DirtiesContextBeforeModesTestExecutionListener@64b8eb96, org.springframework.test.context.event.ApplicationEventsTestExecutionListener@776a7ec6, org.springframework.boot.test.mock.mockito.MockitoTestExecutionListener@2d23a5be, org.springframework.boot.test.autoconfigure.SpringBootDependencyInjectionTestExecutionListener@51aa2a58, org.springframework.test.context.support.DirtiesContextTestExecutionListener@726d8fa0, org.springframework.test.context.transaction.TransactionalTestExecutionListener@56554365, org.springframework.test.context.jdbc.SqlScriptsTestExecutionListener@666b1244, org.springframework.test.context.event.EventPublishingTestExecutionListener@66130c3b, org.springframework.security.test.context.support.WithSecurityContextTestExecutionListener@789d8fd6, org.springframework.security.test.context.support.ReactorContextTestExecutionListener@42fa5cb, org.springframework.boot.test.mock.mockito.ResetMocksTestExecutionListener@3ae87e38, org.springframework.boot.test.autoconfigure.restdocs.RestDocsTestExecutionListener@44e4cf8a, org.springframework.boot.test.autoconfigure.web.client.MockRestServiceServerResetTestExecutionListener@50930bff, org.springframework.boot.test.autoconfigure.web.servlet.MockMvcPrintOnlyOnFailureTestExecutionListener@296bfddb, org.springframework.boot.test.autoconfigure.web.servlet.WebDriverTestExecutionListener@508b4f70, org.springframework.boot.test.autoconfigure.webservices.client.MockWebServiceServerTestExecutionListener@32f14274, org.spockframework.spring.SpringMockTestExecutionListener@7af56b26]
00:26:23.193 [main] DEBUG org.springframework.test.annotation.ProfileValueUtils - Retrieved @ProfileValueSourceConfiguration [null] for test class [pt.ulisboa.tecnico.socialsoftware.tutor.discussion.service.CreateDiscussionTest]
00:26:23.193 [main] DEBUG org.springframework.test.annotation.ProfileValueUtils - Retrieved ProfileValueSource type [class org.springframework.test.annotation.SystemProfileValueSource] for class [pt.ulisboa.tecnico.socialsoftware.tutor.discussion.service.CreateDiscussionTest]
00:26:23.193 [main] DEBUG org.springframework.test.annotation.ProfileValueUtils - Retrieved @ProfileValueSourceConfiguration [null] for test class [pt.ulisboa.tecnico.socialsoftware.tutor.discussion.service.CreateDiscussionTest]
00:26:23.193 [main] DEBUG org.springframework.test.annotation.ProfileValueUtils - Retrieved ProfileValueSource type [class org.springframework.test.annotation.SystemProfileValueSource] for class [pt.ulisboa.tecnico.socialsoftware.tutor.discussion.service.CreateDiscussionTest]
00:26:23.193 [main] DEBUG org.springframework.test.annotation.ProfileValueUtils - Retrieved @ProfileValueSourceConfiguration [null] for test class [pt.ulisboa.tecnico.socialsoftware.tutor.discussion.service.CreateDiscussionTest]
00:26:23.193 [main] DEBUG org.springframework.test.annotation.ProfileValueUtils - Retrieved ProfileValueSource type [class org.springframework.test.annotation.SystemProfileValueSource] for class [pt.ulisboa.tecnico.socialsoftware.tutor.discussion.service.CreateDiscussionTest]
00:26:23.194 [main] DEBUG org.springframework.test.annotation.ProfileValueUtils - Retrieved @ProfileValueSourceConfiguration [null] for test class [pt.ulisboa.tecnico.socialsoftware.tutor.discussion.service.CreateDiscussionTest]
00:26:23.194 [main] DEBUG org.springframework.test.annotation.ProfileValueUtils - Retrieved ProfileValueSource type [class org.springframework.test.annotation.SystemProfileValueSource] for class [pt.ulisboa.tecnico.socialsoftware.tutor.discussion.service.CreateDiscussionTest]
00:26:23.194 [main] DEBUG org.springframework.test.context.BootstrapUtils - Instantiating CacheAwareContextLoaderDelegate from class [org.springframework.test.context.cache.DefaultCacheAwareContextLoaderDelegate]
00:26:23.195 [main] DEBUG org.springframework.test.context.BootstrapUtils - Instantiating BootstrapContext using constructor [public org.springframework.test.context.support.DefaultBootstrapContext(java.lang.Class,org.springframework.test.context.CacheAwareContextLoaderDelegate)]
00:26:23.196 [main] DEBUG org.springframework.test.context.BootstrapUtils - Instantiating TestContextBootstrapper for test class [pt.ulisboa.tecnico.socialsoftware.tutor.discussion.service.CreateDiscussionTest] from class [org.springframework.boot.test.autoconfigure.orm.jpa.DataJpaTestContextBootstrapper]
00:26:23.198 [main] INFO org.springframework.boot.test.autoconfigure.orm.jpa.DataJpaTestContextBootstrapper - Neither @ContextConfiguration nor @ContextHierarchy found for test class [pt.ulisboa.tecnico.socialsoftware.tutor.discussion.service.CreateDiscussionTest], using SpringBootContextLoader
00:26:23.200 [main] DEBUG org.springframework.test.context.support.AbstractContextLoader - Did not detect default resource location for test class [pt.ulisboa.tecnico.socialsoftware.tutor.discussion.service.CreateDiscussionTest]: class path resource [pt/ulisboa/tecnico/socialsoftware/tutor/discussion/service/CreateDiscussionTest-context.xml] does not exist
00:26:23.201 [main] DEBUG org.springframework.test.context.support.AbstractContextLoader - Did not detect default resource location for test class [pt.ulisboa.tecnico.socialsoftware.tutor.discussion.service.CreateDiscussionTest]: class path resource [pt/ulisboa/tecnico/socialsoftware/tutor/discussion/service/CreateDiscussionTestContext.groovy] does not exist
00:26:23.202 [main] INFO org.springframework.test.context.support.AbstractContextLoader - Could not detect default resource locations for test class [pt.ulisboa.tecnico.socialsoftware.tutor.discussion.service.CreateDiscussionTest]: no resource found for suffixes {-context.xml, Context.groovy}.
00:26:23.225 [main] DEBUG org.springframework.test.context.support.ActiveProfilesUtils - Could not find an 'annotation declaring class' for annotation type [org.springframework.test.context.ActiveProfiles] and class [pt.ulisboa.tecnico.socialsoftware.tutor.discussion.service.CreateDiscussionTest]
00:26:23.226 [main] INFO org.springframework.boot.test.context.SpringBootTestContextBootstrapper - Found @SpringBootConfiguration pt.ulisboa.tecnico.socialsoftware.tutor.TutorTestApplication for test class pt.ulisboa.tecnico.socialsoftware.tutor.discussion.service.CreateDiscussionTest
00:26:23.229 [main] DEBUG org.springframework.boot.test.autoconfigure.orm.jpa.DataJpaTestContextBootstrapper - @TestExecutionListeners is not present for class [pt.ulisboa.tecnico.socialsoftware.tutor.discussion.service.CreateDiscussionTest]: using defaults.
00:26:23.229 [main] INFO org.springframework.boot.test.autoconfigure.orm.jpa.DataJpaTestContextBootstrapper - Loaded default TestExecutionListener class names from location [META-INF/spring.factories]: [org.springframework.boot.test.mock.mockito.MockitoTestExecutionListener, org.springframework.boot.test.mock.mockito.ResetMocksTestExecutionListener, org.springframework.boot.test.autoconfigure.restdocs.RestDocsTestExecutionListener, org.springframework.boot.test.autoconfigure.web.client.MockRestServiceServerResetTestExecutionListener, org.springframework.boot.test.autoconfigure.web.servlet.MockMvcPrintOnlyOnFailureTestExecutionListener, org.springframework.boot.test.autoconfigure.web.servlet.WebDriverTestExecutionListener, org.springframework.boot.test.autoconfigure.webservices.client.MockWebServiceServerTestExecutionListener, org.springframework.test.context.web.ServletTestExecutionListener, org.springframework.test.context.support.DirtiesContextBeforeModesTestExecutionListener, org.springframework.test.context.event.ApplicationEventsTestExecutionListener, org.springframework.test.context.support.DependencyInjectionTestExecutionListener, org.springframework.test.context.support.DirtiesContextTestExecutionListener, org.springframework.test.context.transaction.TransactionalTestExecutionListener, org.springframework.test.context.jdbc.SqlScriptsTestExecutionListener, org.springframework.test.context.event.EventPublishingTestExecutionListener, org.springframework.security.test.context.support.WithSecurityContextTestExecutionListener, org.springframework.security.test.context.support.ReactorContextTestExecutionListener, org.spockframework.spring.SpringMockTestExecutionListener]
00:26:23.244 [main] INFO org.springframework.boot.test.autoconfigure.orm.jpa.DataJpaTestContextBootstrapper - Using TestExecutionListeners: [org.springframework.test.context.web.ServletTestExecutionListener@12a9e864, org.springframework.test.context.support.DirtiesContextBeforeModesTestExecutionListener@462f8fe9, org.springframework.test.context.event.ApplicationEventsTestExecutionListener@3c6fc4cd, org.springframework.boot.test.mock.mockito.MockitoTestExecutionListener@b2e1df3, org.springframework.boot.test.autoconfigure.SpringBootDependencyInjectionTestExecutionListener@56193e3a, org.springframework.test.context.support.DirtiesContextTestExecutionListener@6cf3b3d7, org.springframework.test.context.transaction.TransactionalTestExecutionListener@2e785b28, org.springframework.test.context.jdbc.SqlScriptsTestExecutionListener@55c20a91, org.springframework.test.context.event.EventPublishingTestExecutionListener@4a3516fd, org.springframework.security.test.context.support.WithSecurityContextTestExecutionListener@3ba96967, org.springframework.security.test.context.support.ReactorContextTestExecutionListener@5764d421, org.springframework.boot.test.mock.mockito.ResetMocksTestExecutionListener@1237cade, org.springframework.boot.test.autoconfigure.restdocs.RestDocsTestExecutionListener@70d7a49b, org.springframework.boot.test.autoconfigure.web.client.MockRestServiceServerResetTestExecutionListener@4509b7, org.springframework.boot.test.autoconfigure.web.servlet.MockMvcPrintOnlyOnFailureTestExecutionListener@71f10042, org.springframework.boot.test.autoconfigure.web.servlet.WebDriverTestExecutionListener@5dbc4598, org.springframework.boot.test.autoconfigure.webservices.client.MockWebServiceServerTestExecutionListener@1002d1c8, org.spockframework.spring.SpringMockTestExecutionListener@38a27ace]
00:26:23.270 [main] DEBUG org.springframework.test.annotation.ProfileValueUtils - Retrieved @ProfileValueSourceConfiguration [null] for test class [pt.ulisboa.tecnico.socialsoftware.tutor.discussion.service.CreateReplyTest]
00:26:23.270 [main] DEBUG org.springframework.test.annotation.ProfileValueUtils - Retrieved ProfileValueSource type [class org.springframework.test.annotation.SystemProfileValueSource] for class [pt.ulisboa.tecnico.socialsoftware.tutor.discussion.service.CreateReplyTest]
00:26:23.271 [main] DEBUG org.springframework.test.annotation.ProfileValueUtils - Retrieved @ProfileValueSourceConfiguration [null] for test class [pt.ulisboa.tecnico.socialsoftware.tutor.discussion.service.CreateReplyTest]
00:26:23.271 [main] DEBUG org.springframework.test.annotation.ProfileValueUtils - Retrieved ProfileValueSource type [class org.springframework.test.annotation.SystemProfileValueSource] for class [pt.ulisboa.tecnico.socialsoftware.tutor.discussion.service.CreateReplyTest]
00:26:23.271 [main] DEBUG org.springframework.test.annotation.ProfileValueUtils - Retrieved @ProfileValueSourceConfiguration [null] for test class [pt.ulisboa.tecnico.socialsoftware.tutor.discussion.service.CreateReplyTest]
00:26:23.272 [main] DEBUG org.springframework.test.annotation.ProfileValueUtils - Retrieved ProfileValueSource type [class org.springframework.test.annotation.SystemProfileValueSource] for class [pt.ulisboa.tecnico.socialsoftware.tutor.discussion.service.CreateReplyTest]
00:26:23.272 [main] DEBUG org.springframework.test.annotation.ProfileValueUtils - Retrieved @ProfileValueSourceConfiguration [null] for test class [pt.ulisboa.tecnico.socialsoftware.tutor.discussion.service.CreateReplyTest]
00:26:23.273 [main] DEBUG org.springframework.test.annotation.ProfileValueUtils - Retrieved ProfileValueSource type [class org.springframework.test.annotation.SystemProfileValueSource] for class [pt.ulisboa.tecnico.socialsoftware.tutor.discussion.service.CreateReplyTest]
00:26:23.273 [main] DEBUG org.springframework.test.annotation.ProfileValueUtils - Retrieved @ProfileValueSourceConfiguration [null] for test class [pt.ulisboa.tecnico.socialsoftware.tutor.discussion.service.CreateReplyTest]
00:26:23.273 [main] DEBUG org.springframework.test.annotation.ProfileValueUtils - Retrieved ProfileValueSource type [class org.springframework.test.annotation.SystemProfileValueSource] for class [pt.ulisboa.tecnico.socialsoftware.tutor.discussion.service.CreateReplyTest]
00:26:23.274 [main] DEBUG org.springframework.test.context.BootstrapUtils - Instantiating CacheAwareContextLoaderDelegate from class [org.springframework.test.context.cache.DefaultCacheAwareContextLoaderDelegate]
00:26:23.274 [main] DEBUG org.springframework.test.context.BootstrapUtils - Instantiating BootstrapContext using constructor [public org.springframework.test.context.support.DefaultBootstrapContext(java.lang.Class,org.springframework.test.context.CacheAwareContextLoaderDelegate)]
00:26:23.274 [main] DEBUG org.springframework.test.context.BootstrapUtils - Instantiating TestContextBootstrapper for test class [pt.ulisboa.tecnico.socialsoftware.tutor.discussion.service.CreateReplyTest] from class [org.springframework.boot.test.autoconfigure.orm.jpa.DataJpaTestContextBootstrapper]
00:26:23.275 [main] INFO org.springframework.boot.test.autoconfigure.orm.jpa.DataJpaTestContextBootstrapper - Neither @ContextConfiguration nor @ContextHierarchy found for test class [pt.ulisboa.tecnico.socialsoftware.tutor.discussion.service.CreateReplyTest], using SpringBootContextLoader
00:26:23.277 [main] DEBUG org.springframework.test.context.support.AbstractContextLoader - Did not detect default resource location for test class [pt.ulisboa.tecnico.socialsoftware.tutor.discussion.service.CreateReplyTest]: class path resource [pt/ulisboa/tecnico/socialsoftware/tutor/discussion/service/CreateReplyTest-context.xml] does not exist
00:26:23.279 [main] DEBUG org.springframework.test.context.support.AbstractContextLoader - Did not detect default resource location for test class [pt.ulisboa.tecnico.socialsoftware.tutor.discussion.service.CreateReplyTest]: class path resource [pt/ulisboa/tecnico/socialsoftware/tutor/discussion/service/CreateReplyTestContext.groovy] does not exist
00:26:23.280 [main] INFO org.springframework.test.context.support.AbstractContextLoader - Could not detect default resource locations for test class [pt.ulisboa.tecnico.socialsoftware.tutor.discussion.service.CreateReplyTest]: no resource found for suffixes {-context.xml, Context.groovy}.
00:26:23.288 [main] DEBUG org.springframework.test.context.support.ActiveProfilesUtils - Could not find an 'annotation declaring class' for annotation type [org.springframework.test.context.ActiveProfiles] and class [pt.ulisboa.tecnico.socialsoftware.tutor.discussion.service.CreateReplyTest]
00:26:23.289 [main] INFO org.springframework.boot.test.context.SpringBootTestContextBootstrapper - Found @SpringBootConfiguration pt.ulisboa.tecnico.socialsoftware.tutor.TutorTestApplication for test class pt.ulisboa.tecnico.socialsoftware.tutor.discussion.service.CreateReplyTest
00:26:23.291 [main] DEBUG org.springframework.boot.test.autoconfigure.orm.jpa.DataJpaTestContextBootstrapper - @TestExecutionListeners is not present for class [pt.ulisboa.tecnico.socialsoftware.tutor.discussion.service.CreateReplyTest]: using defaults.
00:26:23.291 [main] INFO org.springframework.boot.test.autoconfigure.orm.jpa.DataJpaTestContextBootstrapper - Loaded default TestExecutionListener class names from location [META-INF/spring.factories]: [org.springframework.boot.test.mock.mockito.MockitoTestExecutionListener, org.springframework.boot.test.mock.mockito.ResetMocksTestExecutionListener, org.springframework.boot.test.autoconfigure.restdocs.RestDocsTestExecutionListener, org.springframework.boot.test.autoconfigure.web.client.MockRestServiceServerResetTestExecutionListener, org.springframework.boot.test.autoconfigure.web.servlet.MockMvcPrintOnlyOnFailureTestExecutionListener, org.springframework.boot.test.autoconfigure.web.servlet.WebDriverTestExecutionListener, org.springframework.boot.test.autoconfigure.webservices.client.MockWebServiceServerTestExecutionListener, org.springframework.test.context.web.ServletTestExecutionListener, org.springframework.test.context.support.DirtiesContextBeforeModesTestExecutionListener, org.springframework.test.context.event.ApplicationEventsTestExecutionListener, org.springframework.test.context.support.DependencyInjectionTestExecutionListener, org.springframework.test.context.support.DirtiesContextTestExecutionListener, org.springframework.test.context.transaction.TransactionalTestExecutionListener, org.springframework.test.context.jdbc.SqlScriptsTestExecutionListener, org.springframework.test.context.event.EventPublishingTestExecutionListener, org.springframework.security.test.context.support.WithSecurityContextTestExecutionListener, org.springframework.security.test.context.support.ReactorContextTestExecutionListener, org.spockframework.spring.SpringMockTestExecutionListener]
00:26:23.295 [main] INFO org.springframework.boot.test.autoconfigure.orm.jpa.DataJpaTestContextBootstrapper - Using TestExecutionListeners: [org.springframework.test.context.web.ServletTestExecutionListener@5cc669d, org.springframework.test.context.support.DirtiesContextBeforeModesTestExecutionListener@351be56b, org.springframework.test.context.event.ApplicationEventsTestExecutionListener@212c0aff, org.springframework.boot.test.mock.mockito.MockitoTestExecutionListener@21780905, org.springframework.boot.test.autoconfigure.SpringBootDependencyInjectionTestExecutionListener@47666b39, org.springframework.test.context.support.DirtiesContextTestExecutionListener@2dbcee03, org.springframework.test.context.transaction.TransactionalTestExecutionListener@6c8672b9, org.springframework.test.context.jdbc.SqlScriptsTestExecutionListener@dd77e0d, org.springframework.test.context.event.EventPublishingTestExecutionListener@799cf32d, org.springframework.security.test.context.support.WithSecurityContextTestExecutionListener@331ad6eb, org.springframework.security.test.context.support.ReactorContextTestExecutionListener@6cd6698b, org.springframework.boot.test.mock.mockito.ResetMocksTestExecutionListener@5ac7550a, org.springframework.boot.test.autoconfigure.restdocs.RestDocsTestExecutionListener@44dcc0e4, org.springframework.boot.test.autoconfigure.web.client.MockRestServiceServerResetTestExecutionListener@2114eb1a, org.springframework.boot.test.autoconfigure.web.servlet.MockMvcPrintOnlyOnFailureTestExecutionListener@7e514482, org.springframework.boot.test.autoconfigure.web.servlet.WebDriverTestExecutionListener@1e5e3147, org.springframework.boot.test.autoconfigure.webservices.client.MockWebServiceServerTestExecutionListener@3c271988, org.spockframework.spring.SpringMockTestExecutionListener@3aed692d]
00:26:23.315 [main] DEBUG org.springframework.test.annotation.ProfileValueUtils - Retrieved @ProfileValueSourceConfiguration [null] for test class [pt.ulisboa.tecnico.socialsoftware.tutor.discussion.service.GetUserDiscussionsTest]
00:26:23.351 [main] DEBUG org.springframework.test.annotation.ProfileValueUtils - Retrieved ProfileValueSource type [class org.springframework.test.annotation.SystemProfileValueSource] for class [pt.ulisboa.tecnico.socialsoftware.tutor.discussion.service.GetUserDiscussionsTest]
00:26:23.351 [main] DEBUG org.springframework.test.annotation.ProfileValueUtils - Retrieved @ProfileValueSourceConfiguration [null] for test class [pt.ulisboa.tecnico.socialsoftware.tutor.discussion.service.GetUserDiscussionsTest]
00:26:23.351 [main] DEBUG org.springframework.test.annotation.ProfileValueUtils - Retrieved ProfileValueSource type [class org.springframework.test.annotation.SystemProfileValueSource] for class [pt.ulisboa.tecnico.socialsoftware.tutor.discussion.service.GetUserDiscussionsTest]
00:26:23.351 [main] DEBUG org.springframework.test.annotation.ProfileValueUtils - Retrieved @ProfileValueSourceConfiguration [null] for test class [pt.ulisboa.tecnico.socialsoftware.tutor.discussion.service.GetUserDiscussionsTest]
00:26:23.352 [main] DEBUG org.springframework.test.annotation.ProfileValueUtils - Retrieved ProfileValueSource type [class org.springframework.test.annotation.SystemProfileValueSource] for class [pt.ulisboa.tecnico.socialsoftware.tutor.discussion.service.GetUserDiscussionsTest]
00:26:23.352 [main] DEBUG org.springframework.test.annotation.ProfileValueUtils - Retrieved @ProfileValueSourceConfiguration [null] for test class [pt.ulisboa.tecnico.socialsoftware.tutor.discussion.service.GetUserDiscussionsTest]
00:26:23.352 [main] DEBUG org.springframework.test.annotation.ProfileValueUtils - Retrieved ProfileValueSource type [class org.springframework.test.annotation.SystemProfileValueSource] for class [pt.ulisboa.tecnico.socialsoftware.tutor.discussion.service.GetUserDiscussionsTest]
00:26:23.352 [main] DEBUG org.springframework.test.context.BootstrapUtils - Instantiating CacheAwareContextLoaderDelegate from class [org.springframework.test.context.cache.DefaultCacheAwareContextLoaderDelegate]
00:26:23.352 [main] DEBUG org.springframework.test.context.BootstrapUtils - Instantiating BootstrapContext using constructor [public org.springframework.test.context.support.DefaultBootstrapContext(java.lang.Class,org.springframework.test.context.CacheAwareContextLoaderDelegate)]
00:26:23.353 [main] DEBUG org.springframework.test.context.BootstrapUtils - Instantiating TestContextBootstrapper for test class [pt.ulisboa.tecnico.socialsoftware.tutor.discussion.service.GetUserDiscussionsTest] from class [org.springframework.boot.test.autoconfigure.orm.jpa.DataJpaTestContextBootstrapper]
00:26:23.354 [main] INFO org.springframework.boot.test.autoconfigure.orm.jpa.DataJpaTestContextBootstrapper - Neither @ContextConfiguration nor @ContextHierarchy found for test class [pt.ulisboa.tecnico.socialsoftware.tutor.discussion.service.GetUserDiscussionsTest], using SpringBootContextLoader
00:26:23.355 [main] DEBUG org.springframework.test.context.support.AbstractContextLoader - Did not detect default resource location for test class [pt.ulisboa.tecnico.socialsoftware.tutor.discussion.service.GetUserDiscussionsTest]: class path resource [pt/ulisboa/tecnico/socialsoftware/tutor/discussion/service/GetUserDiscussionsTest-context.xml] does not exist
00:26:23.357 [main] DEBUG org.springframework.test.context.support.AbstractContextLoader - Did not detect default resource location for test class [pt.ulisboa.tecnico.socialsoftware.tutor.discussion.service.GetUserDiscussionsTest]: class path resource [pt/ulisboa/tecnico/socialsoftware/tutor/discussion/service/GetUserDiscussionsTestContext.groovy] does not exist
00:26:23.357 [main] INFO org.springframework.test.context.support.AbstractContextLoader - Could not detect default resource locations for test class [pt.ulisboa.tecnico.socialsoftware.tutor.discussion.service.GetUserDiscussionsTest]: no resource found for suffixes {-context.xml, Context.groovy}.
00:26:23.371 [main] DEBUG org.springframework.test.context.support.ActiveProfilesUtils - Could not find an 'annotation declaring class' for annotation type [org.springframework.test.context.ActiveProfiles] and class [pt.ulisboa.tecnico.socialsoftware.tutor.discussion.service.GetUserDiscussionsTest]
00:26:23.372 [main] INFO org.springframework.boot.test.context.SpringBootTestContextBootstrapper - Found @SpringBootConfiguration pt.ulisboa.tecnico.socialsoftware.tutor.TutorTestApplication for test class pt.ulisboa.tecnico.socialsoftware.tutor.discussion.service.GetUserDiscussionsTest
00:26:23.377 [main] DEBUG org.springframework.boot.test.autoconfigure.orm.jpa.DataJpaTestContextBootstrapper - @TestExecutionListeners is not present for class [pt.ulisboa.tecnico.socialsoftware.tutor.discussion.service.GetUserDiscussionsTest]: using defaults.
00:26:23.377 [main] INFO org.springframework.boot.test.autoconfigure.orm.jpa.DataJpaTestContextBootstrapper - Loaded default TestExecutionListener class names from location [META-INF/spring.factories]: [org.springframework.boot.test.mock.mockito.MockitoTestExecutionListener, org.springframework.boot.test.mock.mockito.ResetMocksTestExecutionListener, org.springframework.boot.test.autoconfigure.restdocs.RestDocsTestExecutionListener, org.springframework.boot.test.autoconfigure.web.client.MockRestServiceServerResetTestExecutionListener, org.springframework.boot.test.autoconfigure.web.servlet.MockMvcPrintOnlyOnFailureTestExecutionListener, org.springframework.boot.test.autoconfigure.web.servlet.WebDriverTestExecutionListener, org.springframework.boot.test.autoconfigure.webservices.client.MockWebServiceServerTestExecutionListener, org.springframework.test.context.web.ServletTestExecutionListener, org.springframework.test.context.support.DirtiesContextBeforeModesTestExecutionListener, org.springframework.test.context.event.ApplicationEventsTestExecutionListener, org.springframework.test.context.support.DependencyInjectionTestExecutionListener, org.springframework.test.context.support.DirtiesContextTestExecutionListener, org.springframework.test.context.transaction.TransactionalTestExecutionListener, org.springframework.test.context.jdbc.SqlScriptsTestExecutionListener, org.springframework.test.context.event.EventPublishingTestExecutionListener, org.springframework.security.test.context.support.WithSecurityContextTestExecutionListener, org.springframework.security.test.context.support.ReactorContextTestExecutionListener, org.spockframework.spring.SpringMockTestExecutionListener]
00:26:23.382 [main] INFO org.springframework.boot.test.autoconfigure.orm.jpa.DataJpaTestContextBootstrapper - Using TestExecutionListeners: [org.springframework.test.context.web.ServletTestExecutionListener@22846a1d, org.springframework.test.context.support.DirtiesContextBeforeModesTestExecutionListener@fe38c0e, org.springframework.test.context.event.ApplicationEventsTestExecutionListener@6167c42f, org.springframework.boot.test.mock.mockito.MockitoTestExecutionListener@2cbc2db2, org.springframework.boot.test.autoconfigure.SpringBootDependencyInjectionTestExecutionListener@2de96eba, org.springframework.test.context.support.DirtiesContextTestExecutionListener@3ef914f5, org.springframework.test.context.transaction.TransactionalTestExecutionListener@61e0f9b9, org.springframework.test.context.jdbc.SqlScriptsTestExecutionListener@2c7c898a, org.springframework.test.context.event.EventPublishingTestExecutionListener@4a86be01, org.springframework.security.test.context.support.WithSecurityContextTestExecutionListener@3cae4518, org.springframework.security.test.context.support.ReactorContextTestExecutionListener@5a654e05, org.springframework.boot.test.mock.mockito.ResetMocksTestExecutionListener@121dac1a, org.springframework.boot.test.autoconfigure.restdocs.RestDocsTestExecutionListener@6d946eee, org.springframework.boot.test.autoconfigure.web.client.MockRestServiceServerResetTestExecutionListener@23dc70c1, org.springframework.boot.test.autoconfigure.web.servlet.MockMvcPrintOnlyOnFailureTestExecutionListener@53b907d9, org.springframework.boot.test.autoconfigure.web.servlet.WebDriverTestExecutionListener@2c3b0cc8, org.springframework.boot.test.autoconfigure.webservices.client.MockWebServiceServerTestExecutionListener@6296e4bf, org.spockframework.spring.SpringMockTestExecutionListener@220cda54]
00:26:23.399 [main] DEBUG org.springframework.test.annotation.ProfileValueUtils - Retrieved @ProfileValueSourceConfiguration [null] for test class [pt.ulisboa.tecnico.socialsoftware.tutor.execution.domain.CreateCourseExecutionsTest]
00:26:23.399 [main] DEBUG org.springframework.test.annotation.ProfileValueUtils - Retrieved ProfileValueSource type [class org.springframework.test.annotation.SystemProfileValueSource] for class [pt.ulisboa.tecnico.socialsoftware.tutor.execution.domain.CreateCourseExecutionsTest]
00:26:23.400 [main] DEBUG org.springframework.test.annotation.ProfileValueUtils - Retrieved @ProfileValueSourceConfiguration [null] for test class [pt.ulisboa.tecnico.socialsoftware.tutor.execution.domain.CreateCourseExecutionsTest]
00:26:23.400 [main] DEBUG org.springframework.test.annotation.ProfileValueUtils - Retrieved ProfileValueSource type [class org.springframework.test.annotation.SystemProfileValueSource] for class [pt.ulisboa.tecnico.socialsoftware.tutor.execution.domain.CreateCourseExecutionsTest]
00:26:23.401 [main] DEBUG org.springframework.test.annotation.ProfileValueUtils - Retrieved @ProfileValueSourceConfiguration [null] for test class [pt.ulisboa.tecnico.socialsoftware.tutor.execution.domain.CreateCourseExecutionsTest]
00:26:23.402 [main] DEBUG org.springframework.test.annotation.ProfileValueUtils - Retrieved ProfileValueSource type [class org.springframework.test.annotation.SystemProfileValueSource] for class [pt.ulisboa.tecnico.socialsoftware.tutor.execution.domain.CreateCourseExecutionsTest]
00:26:23.402 [main] DEBUG org.springframework.test.context.BootstrapUtils - Instantiating CacheAwareContextLoaderDelegate from class [org.springframework.test.context.cache.DefaultCacheAwareContextLoaderDelegate]
00:26:23.403 [main] DEBUG org.springframework.test.context.BootstrapUtils - Instantiating BootstrapContext using constructor [public org.springframework.test.context.support.DefaultBootstrapContext(java.lang.Class,org.springframework.test.context.CacheAwareContextLoaderDelegate)]
00:26:23.403 [main] DEBUG org.springframework.test.context.BootstrapUtils - Instantiating TestContextBootstrapper for test class [pt.ulisboa.tecnico.socialsoftware.tutor.execution.domain.CreateCourseExecutionsTest] from class [org.springframework.boot.test.autoconfigure.orm.jpa.DataJpaTestContextBootstrapper]
00:26:23.404 [main] INFO org.springframework.boot.test.autoconfigure.orm.jpa.DataJpaTestContextBootstrapper - Neither @ContextConfiguration nor @ContextHierarchy found for test class [pt.ulisboa.tecnico.socialsoftware.tutor.execution.domain.CreateCourseExecutionsTest], using SpringBootContextLoader
00:26:23.405 [main] DEBUG org.springframework.test.context.support.AbstractContextLoader - Did not detect default resource location for test class [pt.ulisboa.tecnico.socialsoftware.tutor.execution.domain.CreateCourseExecutionsTest]: class path resource [pt/ulisboa/tecnico/socialsoftware/tutor/execution/domain/CreateCourseExecutionsTest-context.xml] does not exist
00:26:23.407 [main] DEBUG org.springframework.test.context.support.AbstractContextLoader - Did not detect default resource location for test class [pt.ulisboa.tecnico.socialsoftware.tutor.execution.domain.CreateCourseExecutionsTest]: class path resource [pt/ulisboa/tecnico/socialsoftware/tutor/execution/domain/CreateCourseExecutionsTestContext.groovy] does not exist
00:26:23.407 [main] INFO org.springframework.test.context.support.AbstractContextLoader - Could not detect default resource locations for test class [pt.ulisboa.tecnico.socialsoftware.tutor.execution.domain.CreateCourseExecutionsTest]: no resource found for suffixes {-context.xml, Context.groovy}.
00:26:23.415 [main] DEBUG org.springframework.test.context.support.ActiveProfilesUtils - Could not find an 'annotation declaring class' for annotation type [org.springframework.test.context.ActiveProfiles] and class [pt.ulisboa.tecnico.socialsoftware.tutor.execution.domain.CreateCourseExecutionsTest]
00:26:23.444 [main] DEBUG org.springframework.context.annotation.ClassPathScanningCandidateComponentProvider - Identified candidate component class: file [C:\Users\jhmff\Desktop\IST\MEIC\2ano\2Semestre\Tutor\backend\tutor\target\classes\pt\ulisboa\tecnico\socialsoftware\tutor\TutorTestApplication.class]
00:26:23.445 [main] INFO org.springframework.boot.test.context.SpringBootTestContextBootstrapper - Found @SpringBootConfiguration pt.ulisboa.tecnico.socialsoftware.tutor.TutorTestApplication for test class pt.ulisboa.tecnico.socialsoftware.tutor.execution.domain.CreateCourseExecutionsTest
00:26:23.446 [main] DEBUG org.springframework.boot.test.autoconfigure.orm.jpa.DataJpaTestContextBootstrapper - @TestExecutionListeners is not present for class [pt.ulisboa.tecnico.socialsoftware.tutor.execution.domain.CreateCourseExecutionsTest]: using defaults.
00:26:23.446 [main] INFO org.springframework.boot.test.autoconfigure.orm.jpa.DataJpaTestContextBootstrapper - Loaded default TestExecutionListener class names from location [META-INF/spring.factories]: [org.springframework.boot.test.mock.mockito.MockitoTestExecutionListener, org.springframework.boot.test.mock.mockito.ResetMocksTestExecutionListener, org.springframework.boot.test.autoconfigure.restdocs.RestDocsTestExecutionListener, org.springframework.boot.test.autoconfigure.web.client.MockRestServiceServerResetTestExecutionListener, org.springframework.boot.test.autoconfigure.web.servlet.MockMvcPrintOnlyOnFailureTestExecutionListener, org.springframework.boot.test.autoconfigure.web.servlet.WebDriverTestExecutionListener, org.springframework.boot.test.autoconfigure.webservices.client.MockWebServiceServerTestExecutionListener, org.springframework.test.context.web.ServletTestExecutionListener, org.springframework.test.context.support.DirtiesContextBeforeModesTestExecutionListener, org.springframework.test.context.event.ApplicationEventsTestExecutionListener, org.springframework.test.context.support.DependencyInjectionTestExecutionListener, org.springframework.test.context.support.DirtiesContextTestExecutionListener, org.springframework.test.context.transaction.TransactionalTestExecutionListener, org.springframework.test.context.jdbc.SqlScriptsTestExecutionListener, org.springframework.test.context.event.EventPublishingTestExecutionListener, org.springframework.security.test.context.support.WithSecurityContextTestExecutionListener, org.springframework.security.test.context.support.ReactorContextTestExecutionListener, org.spockframework.spring.SpringMockTestExecutionListener]
00:26:23.452 [main] INFO org.springframework.boot.test.autoconfigure.orm.jpa.DataJpaTestContextBootstrapper - Using TestExecutionListeners: [org.springframework.test.context.web.ServletTestExecutionListener@b5311cb, org.springframework.test.context.support.DirtiesContextBeforeModesTestExecutionListener@34e9de8d, org.springframework.test.context.event.ApplicationEventsTestExecutionListener@33a8f553, org.springframework.boot.test.mock.mockito.MockitoTestExecutionListener@61ca5134, org.springframework.boot.test.autoconfigure.SpringBootDependencyInjectionTestExecutionListener@7204d98f, org.springframework.test.context.support.DirtiesContextTestExecutionListener@8636cf4, org.springframework.test.context.transaction.TransactionalTestExecutionListener@7c9512c6, org.springframework.test.context.jdbc.SqlScriptsTestExecutionListener@4f65af91, org.springframework.test.context.event.EventPublishingTestExecutionListener@1b79df53, org.springframework.security.test.context.support.WithSecurityContextTestExecutionListener@8ee1404, org.springframework.security.test.context.support.ReactorContextTestExecutionListener@5c3924fd, org.springframework.boot.test.mock.mockito.ResetMocksTestExecutionListener@3ec211cc, org.springframework.boot.test.autoconfigure.restdocs.RestDocsTestExecutionListener@6b94c200, org.springframework.boot.test.autoconfigure.web.client.MockRestServiceServerResetTestExecutionListener@1322b542, org.springframework.boot.test.autoconfigure.web.servlet.MockMvcPrintOnlyOnFailureTestExecutionListener@6a97517, org.springframework.boot.test.autoconfigure.web.servlet.WebDriverTestExecutionListener@284b487f, org.springframework.boot.test.autoconfigure.webservices.client.MockWebServiceServerTestExecutionListener@65021bb4, org.spockframework.spring.SpringMockTestExecutionListener@630c3af3]
00:26:23.467 [main] DEBUG org.springframework.test.annotation.ProfileValueUtils - Retrieved @ProfileValueSourceConfiguration [null] for test class [pt.ulisboa.tecnico.socialsoftware.tutor.execution.service.AnonymizeCourseExecutionUsersTest]
00:26:23.467 [main] DEBUG org.springframework.test.annotation.ProfileValueUtils - Retrieved ProfileValueSource type [class org.springframework.test.annotation.SystemProfileValueSource] for class [pt.ulisboa.tecnico.socialsoftware.tutor.execution.service.AnonymizeCourseExecutionUsersTest]
00:26:23.467 [main] DEBUG org.springframework.test.annotation.ProfileValueUtils - Retrieved @ProfileValueSourceConfiguration [null] for test class [pt.ulisboa.tecnico.socialsoftware.tutor.execution.service.AnonymizeCourseExecutionUsersTest]
00:26:23.467 [main] DEBUG org.springframework.test.annotation.ProfileValueUtils - Retrieved ProfileValueSource type [class org.springframework.test.annotation.SystemProfileValueSource] for class [pt.ulisboa.tecnico.socialsoftware.tutor.execution.service.AnonymizeCourseExecutionUsersTest]
00:26:23.467 [main] DEBUG org.springframework.test.context.BootstrapUtils - Instantiating CacheAwareContextLoaderDelegate from class [org.springframework.test.context.cache.DefaultCacheAwareContextLoaderDelegate]
00:26:23.467 [main] DEBUG org.springframework.test.context.BootstrapUtils - Instantiating BootstrapContext using constructor [public org.springframework.test.context.support.DefaultBootstrapContext(java.lang.Class,org.springframework.test.context.CacheAwareContextLoaderDelegate)]
00:26:23.468 [main] DEBUG org.springframework.test.context.BootstrapUtils - Instantiating TestContextBootstrapper for test class [pt.ulisboa.tecnico.socialsoftware.tutor.execution.service.AnonymizeCourseExecutionUsersTest] from class [org.springframework.boot.test.autoconfigure.orm.jpa.DataJpaTestContextBootstrapper]
00:26:23.468 [main] INFO org.springframework.boot.test.autoconfigure.orm.jpa.DataJpaTestContextBootstrapper - Neither @ContextConfiguration nor @ContextHierarchy found for test class [pt.ulisboa.tecnico.socialsoftware.tutor.execution.service.AnonymizeCourseExecutionUsersTest], using SpringBootContextLoader
00:26:23.470 [main] DEBUG org.springframework.test.context.support.AbstractContextLoader - Did not detect default resource location for test class [pt.ulisboa.tecnico.socialsoftware.tutor.execution.service.AnonymizeCourseExecutionUsersTest]: class path resource [pt/ulisboa/tecnico/socialsoftware/tutor/execution/service/AnonymizeCourseExecutionUsersTest-context.xml] does not exist
00:26:23.471 [main] DEBUG org.springframework.test.context.support.AbstractContextLoader - Did not detect default resource location for test class [pt.ulisboa.tecnico.socialsoftware.tutor.execution.service.AnonymizeCourseExecutionUsersTest]: class path resource [pt/ulisboa/tecnico/socialsoftware/tutor/execution/service/AnonymizeCourseExecutionUsersTestContext.groovy] does not exist
00:26:23.471 [main] INFO org.springframework.test.context.support.AbstractContextLoader - Could not detect default resource locations for test class [pt.ulisboa.tecnico.socialsoftware.tutor.execution.service.AnonymizeCourseExecutionUsersTest]: no resource found for suffixes {-context.xml, Context.groovy}.
00:26:23.478 [main] DEBUG org.springframework.test.context.support.ActiveProfilesUtils - Could not find an 'annotation declaring class' for annotation type [org.springframework.test.context.ActiveProfiles] and class [pt.ulisboa.tecnico.socialsoftware.tutor.execution.service.AnonymizeCourseExecutionUsersTest]
00:26:23.517 [main] DEBUG org.springframework.context.annotation.ClassPathScanningCandidateComponentProvider - Identified candidate component class: file [C:\Users\jhmff\Desktop\IST\MEIC\2ano\2Semestre\Tutor\backend\tutor\target\classes\pt\ulisboa\tecnico\socialsoftware\tutor\TutorTestApplication.class]
00:26:23.517 [main] INFO org.springframework.boot.test.context.SpringBootTestContextBootstrapper - Found @SpringBootConfiguration pt.ulisboa.tecnico.socialsoftware.tutor.TutorTestApplication for test class pt.ulisboa.tecnico.socialsoftware.tutor.execution.service.AnonymizeCourseExecutionUsersTest
00:26:23.518 [main] DEBUG org.springframework.boot.test.autoconfigure.orm.jpa.DataJpaTestContextBootstrapper - @TestExecutionListeners is not present for class [pt.ulisboa.tecnico.socialsoftware.tutor.execution.service.AnonymizeCourseExecutionUsersTest]: using defaults.
00:26:23.519 [main] INFO org.springframework.boot.test.autoconfigure.orm.jpa.DataJpaTestContextBootstrapper - Loaded default TestExecutionListener class names from location [META-INF/spring.factories]: [org.springframework.boot.test.mock.mockito.MockitoTestExecutionListener, org.springframework.boot.test.mock.mockito.ResetMocksTestExecutionListener, org.springframework.boot.test.autoconfigure.restdocs.RestDocsTestExecutionListener, org.springframework.boot.test.autoconfigure.web.client.MockRestServiceServerResetTestExecutionListener, org.springframework.boot.test.autoconfigure.web.servlet.MockMvcPrintOnlyOnFailureTestExecutionListener, org.springframework.boot.test.autoconfigure.web.servlet.WebDriverTestExecutionListener, org.springframework.boot.test.autoconfigure.webservices.client.MockWebServiceServerTestExecutionListener, org.springframework.test.context.web.ServletTestExecutionListener, org.springframework.test.context.support.DirtiesContextBeforeModesTestExecutionListener, org.springframework.test.context.event.ApplicationEventsTestExecutionListener, org.springframework.test.context.support.DependencyInjectionTestExecutionListener, org.springframework.test.context.support.DirtiesContextTestExecutionListener, org.springframework.test.context.transaction.TransactionalTestExecutionListener, org.springframework.test.context.jdbc.SqlScriptsTestExecutionListener, org.springframework.test.context.event.EventPublishingTestExecutionListener, org.springframework.security.test.context.support.WithSecurityContextTestExecutionListener, org.springframework.security.test.context.support.ReactorContextTestExecutionListener, org.spockframework.spring.SpringMockTestExecutionListener]
00:26:23.525 [main] INFO org.springframework.boot.test.autoconfigure.orm.jpa.DataJpaTestContextBootstrapper - Using TestExecutionListeners: [org.springframework.test.context.web.ServletTestExecutionListener@39420d59, org.springframework.test.context.support.DirtiesContextBeforeModesTestExecutionListener@4fbbd98c, org.springframework.test.context.event.ApplicationEventsTestExecutionListener@5dd227b7, org.springframework.boot.test.mock.mockito.MockitoTestExecutionListener@3d3b852e, org.springframework.boot.test.autoconfigure.SpringBootDependencyInjectionTestExecutionListener@14ba7f15, org.springframework.test.context.support.DirtiesContextTestExecutionListener@55cb3b7, org.springframework.test.context.transaction.TransactionalTestExecutionListener@497fd334, org.springframework.test.context.jdbc.SqlScriptsTestExecutionListener@280c3dc0, org.springframework.test.context.event.EventPublishingTestExecutionListener@6f89ad03, org.springframework.security.test.context.support.WithSecurityContextTestExecutionListener@f287a4e, org.springframework.security.test.context.support.ReactorContextTestExecutionListener@3879feec, org.springframework.boot.test.mock.mockito.ResetMocksTestExecutionListener@71d2261e, org.springframework.boot.test.autoconfigure.restdocs.RestDocsTestExecutionListener@53917c92, org.springframework.boot.test.autoconfigure.web.client.MockRestServiceServerResetTestExecutionListener@1fa796a4, org.springframework.boot.test.autoconfigure.web.servlet.MockMvcPrintOnlyOnFailureTestExecutionListener@68de8522, org.springframework.boot.test.autoconfigure.web.servlet.WebDriverTestExecutionListener@8dcacf1, org.springframework.boot.test.autoconfigure.webservices.client.MockWebServiceServerTestExecutionListener@50f13494, org.spockframework.spring.SpringMockTestExecutionListener@73c09a98]
00:26:23.546 [main] DEBUG org.springframework.test.annotation.ProfileValueUtils - Retrieved @ProfileValueSourceConfiguration [null] for test class [pt.ulisboa.tecnico.socialsoftware.tutor.execution.service.CreateAssessmentTest]
00:26:23.547 [main] DEBUG org.springframework.test.annotation.ProfileValueUtils - Retrieved ProfileValueSource type [class org.springframework.test.annotation.SystemProfileValueSource] for class [pt.ulisboa.tecnico.socialsoftware.tutor.execution.service.CreateAssessmentTest]
00:26:23.547 [main] DEBUG org.springframework.test.annotation.ProfileValueUtils - Retrieved @ProfileValueSourceConfiguration [null] for test class [pt.ulisboa.tecnico.socialsoftware.tutor.execution.service.CreateAssessmentTest]
00:26:23.547 [main] DEBUG org.springframework.test.annotation.ProfileValueUtils - Retrieved ProfileValueSource type [class org.springframework.test.annotation.SystemProfileValueSource] for class [pt.ulisboa.tecnico.socialsoftware.tutor.execution.service.CreateAssessmentTest]
00:26:23.547 [main] DEBUG org.springframework.test.context.BootstrapUtils - Instantiating CacheAwareContextLoaderDelegate from class [org.springframework.test.context.cache.DefaultCacheAwareContextLoaderDelegate]
00:26:23.547 [main] DEBUG org.springframework.test.context.BootstrapUtils - Instantiating BootstrapContext using constructor [public org.springframework.test.context.support.DefaultBootstrapContext(java.lang.Class,org.springframework.test.context.CacheAwareContextLoaderDelegate)]
00:26:23.548 [main] DEBUG org.springframework.test.context.BootstrapUtils - Instantiating TestContextBootstrapper for test class [pt.ulisboa.tecnico.socialsoftware.tutor.execution.service.CreateAssessmentTest] from class [org.springframework.boot.test.autoconfigure.orm.jpa.DataJpaTestContextBootstrapper]
00:26:23.548 [main] INFO org.springframework.boot.test.autoconfigure.orm.jpa.DataJpaTestContextBootstrapper - Neither @ContextConfiguration nor @ContextHierarchy found for test class [pt.ulisboa.tecnico.socialsoftware.tutor.execution.service.CreateAssessmentTest], using SpringBootContextLoader
00:26:23.550 [main] DEBUG org.springframework.test.context.support.AbstractContextLoader - Did not detect default resource location for test class [pt.ulisboa.tecnico.socialsoftware.tutor.execution.service.CreateAssessmentTest]: class path resource [pt/ulisboa/tecnico/socialsoftware/tutor/execution/service/CreateAssessmentTest-context.xml] does not exist
00:26:23.551 [main] DEBUG org.springframework.test.context.support.AbstractContextLoader - Did not detect default resource location for test class [pt.ulisboa.tecnico.socialsoftware.tutor.execution.service.CreateAssessmentTest]: class path resource [pt/ulisboa/tecnico/socialsoftware/tutor/execution/service/CreateAssessmentTestContext.groovy] does not exist
00:26:23.552 [main] INFO org.springframework.test.context.support.AbstractContextLoader - Could not detect default resource locations for test class [pt.ulisboa.tecnico.socialsoftware.tutor.execution.service.CreateAssessmentTest]: no resource found for suffixes {-context.xml, Context.groovy}.
00:26:23.558 [main] DEBUG org.springframework.test.context.support.ActiveProfilesUtils - Could not find an 'annotation declaring class' for annotation type [org.springframework.test.context.ActiveProfiles] and class [pt.ulisboa.tecnico.socialsoftware.tutor.execution.service.CreateAssessmentTest]
00:26:23.559 [main] INFO org.springframework.boot.test.context.SpringBootTestContextBootstrapper - Found @SpringBootConfiguration pt.ulisboa.tecnico.socialsoftware.tutor.TutorTestApplication for test class pt.ulisboa.tecnico.socialsoftware.tutor.execution.service.CreateAssessmentTest
00:26:23.561 [main] DEBUG org.springframework.boot.test.autoconfigure.orm.jpa.DataJpaTestContextBootstrapper - @TestExecutionListeners is not present for class [pt.ulisboa.tecnico.socialsoftware.tutor.execution.service.CreateAssessmentTest]: using defaults.
00:26:23.562 [main] INFO org.springframework.boot.test.autoconfigure.orm.jpa.DataJpaTestContextBootstrapper - Loaded default TestExecutionListener class names from location [META-INF/spring.factories]: [org.springframework.boot.test.mock.mockito.MockitoTestExecutionListener, org.springframework.boot.test.mock.mockito.ResetMocksTestExecutionListener, org.springframework.boot.test.autoconfigure.restdocs.RestDocsTestExecutionListener, org.springframework.boot.test.autoconfigure.web.client.MockRestServiceServerResetTestExecutionListener, org.springframework.boot.test.autoconfigure.web.servlet.MockMvcPrintOnlyOnFailureTestExecutionListener, org.springframework.boot.test.autoconfigure.web.servlet.WebDriverTestExecutionListener, org.springframework.boot.test.autoconfigure.webservices.client.MockWebServiceServerTestExecutionListener, org.springframework.test.context.web.ServletTestExecutionListener, org.springframework.test.context.support.DirtiesContextBeforeModesTestExecutionListener, org.springframework.test.context.event.ApplicationEventsTestExecutionListener, org.springframework.test.context.support.DependencyInjectionTestExecutionListener, org.springframework.test.context.support.DirtiesContextTestExecutionListener, org.springframework.test.context.transaction.TransactionalTestExecutionListener, org.springframework.test.context.jdbc.SqlScriptsTestExecutionListener, org.springframework.test.context.event.EventPublishingTestExecutionListener, org.springframework.security.test.context.support.WithSecurityContextTestExecutionListener, org.springframework.security.test.context.support.ReactorContextTestExecutionListener, org.spockframework.spring.SpringMockTestExecutionListener]
00:26:23.569 [main] INFO org.springframework.boot.test.autoconfigure.orm.jpa.DataJpaTestContextBootstrapper - Using TestExecutionListeners: [org.springframework.test.context.web.ServletTestExecutionListener@632b96b8, org.springframework.test.context.support.DirtiesContextBeforeModesTestExecutionListener@544e6b, org.springframework.test.context.event.ApplicationEventsTestExecutionListener@5b430541, org.springframework.boot.test.mock.mockito.MockitoTestExecutionListener@65a66a75, org.springframework.boot.test.autoconfigure.SpringBootDependencyInjectionTestExecutionListener@5a07ae2f, org.springframework.test.context.support.DirtiesContextTestExecutionListener@78829412, org.springframework.test.context.transaction.TransactionalTestExecutionListener@3ba8ef4e, org.springframework.test.context.jdbc.SqlScriptsTestExecutionListener@6d0bcf8c, org.springframework.test.context.event.EventPublishingTestExecutionListener@a1a72d4, org.springframework.security.test.context.support.WithSecurityContextTestExecutionListener@66d44581, org.springframework.security.test.context.support.ReactorContextTestExecutionListener@1afa048a, org.springframework.boot.test.mock.mockito.ResetMocksTestExecutionListener@293ecff6, org.springframework.boot.test.autoconfigure.restdocs.RestDocsTestExecutionListener@70eb94d7, org.springframework.boot.test.autoconfigure.web.client.MockRestServiceServerResetTestExecutionListener@34d72f06, org.springframework.boot.test.autoconfigure.web.servlet.MockMvcPrintOnlyOnFailureTestExecutionListener@7e43b342, org.springframework.boot.test.autoconfigure.web.servlet.WebDriverTestExecutionListener@21dd9203, org.springframework.boot.test.autoconfigure.webservices.client.MockWebServiceServerTestExecutionListener@dbcf7c3, org.spockframework.spring.SpringMockTestExecutionListener@1e466d]
00:26:23.596 [main] DEBUG org.springframework.test.annotation.ProfileValueUtils - Retrieved @ProfileValueSourceConfiguration [null] for test class [pt.ulisboa.tecnico.socialsoftware.tutor.execution.service.CreateExternalCourseExecutionTest]
00:26:23.596 [main] DEBUG org.springframework.test.annotation.ProfileValueUtils - Retrieved ProfileValueSource type [class org.springframework.test.annotation.SystemProfileValueSource] for class [pt.ulisboa.tecnico.socialsoftware.tutor.execution.service.CreateExternalCourseExecutionTest]
00:26:23.596 [main] DEBUG org.springframework.test.annotation.ProfileValueUtils - Retrieved @ProfileValueSourceConfiguration [null] for test class [pt.ulisboa.tecnico.socialsoftware.tutor.execution.service.CreateExternalCourseExecutionTest]
00:26:23.596 [main] DEBUG org.springframework.test.annotation.ProfileValueUtils - Retrieved ProfileValueSource type [class org.springframework.test.annotation.SystemProfileValueSource] for class [pt.ulisboa.tecnico.socialsoftware.tutor.execution.service.CreateExternalCourseExecutionTest]
00:26:23.596 [main] DEBUG org.springframework.test.annotation.ProfileValueUtils - Retrieved @ProfileValueSourceConfiguration [null] for test class [pt.ulisboa.tecnico.socialsoftware.tutor.execution.service.CreateExternalCourseExecutionTest]
00:26:23.597 [main] DEBUG org.springframework.test.annotation.ProfileValueUtils - Retrieved ProfileValueSource type [class org.springframework.test.annotation.SystemProfileValueSource] for class [pt.ulisboa.tecnico.socialsoftware.tutor.execution.service.CreateExternalCourseExecutionTest]
00:26:23.597 [main] DEBUG org.springframework.test.annotation.ProfileValueUtils - Retrieved @ProfileValueSourceConfiguration [null] for test class [pt.ulisboa.tecnico.socialsoftware.tutor.execution.service.CreateExternalCourseExecutionTest]
00:26:23.598 [main] DEBUG org.springframework.test.annotation.ProfileValueUtils - Retrieved ProfileValueSource type [class org.springframework.test.annotation.SystemProfileValueSource] for class [pt.ulisboa.tecnico.socialsoftware.tutor.execution.service.CreateExternalCourseExecutionTest]
00:26:23.598 [main] DEBUG org.springframework.test.context.BootstrapUtils - Instantiating CacheAwareContextLoaderDelegate from class [org.springframework.test.context.cache.DefaultCacheAwareContextLoaderDelegate]
00:26:23.598 [main] DEBUG org.springframework.test.context.BootstrapUtils - Instantiating BootstrapContext using constructor [public org.springframework.test.context.support.DefaultBootstrapContext(java.lang.Class,org.springframework.test.context.CacheAwareContextLoaderDelegate)]
00:26:23.598 [main] DEBUG org.springframework.test.context.BootstrapUtils - Instantiating TestContextBootstrapper for test class [pt.ulisboa.tecnico.socialsoftware.tutor.execution.service.CreateExternalCourseExecutionTest] from class [org.springframework.boot.test.autoconfigure.orm.jpa.DataJpaTestContextBootstrapper]
00:26:23.601 [main] INFO org.springframework.boot.test.autoconfigure.orm.jpa.DataJpaTestContextBootstrapper - Neither @ContextConfiguration nor @ContextHierarchy found for test class [pt.ulisboa.tecnico.socialsoftware.tutor.execution.service.CreateExternalCourseExecutionTest], using SpringBootContextLoader
00:26:23.603 [main] DEBUG org.springframework.test.context.support.AbstractContextLoader - Did not detect default resource location for test class [pt.ulisboa.tecnico.socialsoftware.tutor.execution.service.CreateExternalCourseExecutionTest]: class path resource [pt/ulisboa/tecnico/socialsoftware/tutor/execution/service/CreateExternalCourseExecutionTest-context.xml] does not exist
00:26:23.607 [main] DEBUG org.springframework.test.context.support.AbstractContextLoader - Did not detect default resource location for test class [pt.ulisboa.tecnico.socialsoftware.tutor.execution.service.CreateExternalCourseExecutionTest]: class path resource [pt/ulisboa/tecnico/socialsoftware/tutor/execution/service/CreateExternalCourseExecutionTestContext.groovy] does not exist
00:26:23.608 [main] INFO org.springframework.test.context.support.AbstractContextLoader - Could not detect default resource locations for test class [pt.ulisboa.tecnico.socialsoftware.tutor.execution.service.CreateExternalCourseExecutionTest]: no resource found for suffixes {-context.xml, Context.groovy}.
00:26:23.615 [main] DEBUG org.springframework.test.context.support.ActiveProfilesUtils - Could not find an 'annotation declaring class' for annotation type [org.springframework.test.context.ActiveProfiles] and class [pt.ulisboa.tecnico.socialsoftware.tutor.execution.service.CreateExternalCourseExecutionTest]
00:26:23.618 [main] INFO org.springframework.boot.test.context.SpringBootTestContextBootstrapper - Found @SpringBootConfiguration pt.ulisboa.tecnico.socialsoftware.tutor.TutorTestApplication for test class pt.ulisboa.tecnico.socialsoftware.tutor.execution.service.CreateExternalCourseExecutionTest
00:26:23.619 [main] DEBUG org.springframework.boot.test.autoconfigure.orm.jpa.DataJpaTestContextBootstrapper - @TestExecutionListeners is not present for class [pt.ulisboa.tecnico.socialsoftware.tutor.execution.service.CreateExternalCourseExecutionTest]: using defaults.
00:26:23.620 [main] INFO org.springframework.boot.test.autoconfigure.orm.jpa.DataJpaTestContextBootstrapper - Loaded default TestExecutionListener class names from location [META-INF/spring.factories]: [org.springframework.boot.test.mock.mockito.MockitoTestExecutionListener, org.springframework.boot.test.mock.mockito.ResetMocksTestExecutionListener, org.springframework.boot.test.autoconfigure.restdocs.RestDocsTestExecutionListener, org.springframework.boot.test.autoconfigure.web.client.MockRestServiceServerResetTestExecutionListener, org.springframework.boot.test.autoconfigure.web.servlet.MockMvcPrintOnlyOnFailureTestExecutionListener, org.springframework.boot.test.autoconfigure.web.servlet.WebDriverTestExecutionListener, org.springframework.boot.test.autoconfigure.webservices.client.MockWebServiceServerTestExecutionListener, org.springframework.test.context.web.ServletTestExecutionListener, org.springframework.test.context.support.DirtiesContextBeforeModesTestExecutionListener, org.springframework.test.context.event.ApplicationEventsTestExecutionListener, org.springframework.test.context.support.DependencyInjectionTestExecutionListener, org.springframework.test.context.support.DirtiesContextTestExecutionListener, org.springframework.test.context.transaction.TransactionalTestExecutionListener, org.springframework.test.context.jdbc.SqlScriptsTestExecutionListener, org.springframework.test.context.event.EventPublishingTestExecutionListener, org.springframework.security.test.context.support.WithSecurityContextTestExecutionListener, org.springframework.security.test.context.support.ReactorContextTestExecutionListener, org.spockframework.spring.SpringMockTestExecutionListener]
00:26:23.625 [main] INFO org.springframework.boot.test.autoconfigure.orm.jpa.DataJpaTestContextBootstrapper - Using TestExecutionListeners: [org.springframework.test.context.web.ServletTestExecutionListener@7d8d671b, org.springframework.test.context.support.DirtiesContextBeforeModesTestExecutionListener@28b68067, org.springframework.test.context.event.ApplicationEventsTestExecutionListener@19540247, org.springframework.boot.test.mock.mockito.MockitoTestExecutionListener@acb1c9c, org.springframework.boot.test.autoconfigure.SpringBootDependencyInjectionTestExecutionListener@1c681761, org.springframework.test.context.support.DirtiesContextTestExecutionListener@411933, org.springframework.test.context.transaction.TransactionalTestExecutionListener@393e7546, org.springframework.test.context.jdbc.SqlScriptsTestExecutionListener@6b43b101, org.springframework.test.context.event.EventPublishingTestExecutionListener@37cc6017, org.springframework.security.test.context.support.WithSecurityContextTestExecutionListener@3fcc7f5c, org.springframework.security.test.context.support.ReactorContextTestExecutionListener@7512a9a6, org.springframework.boot.test.mock.mockito.ResetMocksTestExecutionListener@32fd5bc, org.springframework.boot.test.autoconfigure.restdocs.RestDocsTestExecutionListener@5737d116, org.springframework.boot.test.autoconfigure.web.client.MockRestServiceServerResetTestExecutionListener@b5d7233, org.springframework.boot.test.autoconfigure.web.servlet.MockMvcPrintOnlyOnFailureTestExecutionListener@6be2b567, org.springframework.boot.test.autoconfigure.web.servlet.WebDriverTestExecutionListener@169d1f92, org.springframework.boot.test.autoconfigure.webservices.client.MockWebServiceServerTestExecutionListener@7fcbc336, org.spockframework.spring.SpringMockTestExecutionListener@1fe7fa16]
00:26:23.647 [main] DEBUG org.springframework.test.annotation.ProfileValueUtils - Retrieved @ProfileValueSourceConfiguration [null] for test class [pt.ulisboa.tecnico.socialsoftware.tutor.execution.service.CreateTecnicoCourseExecutionTest]
00:26:23.647 [main] DEBUG org.springframework.test.annotation.ProfileValueUtils - Retrieved ProfileValueSource type [class org.springframework.test.annotation.SystemProfileValueSource] for class [pt.ulisboa.tecnico.socialsoftware.tutor.execution.service.CreateTecnicoCourseExecutionTest]
00:26:23.647 [main] DEBUG org.springframework.test.annotation.ProfileValueUtils - Retrieved @ProfileValueSourceConfiguration [null] for test class [pt.ulisboa.tecnico.socialsoftware.tutor.execution.service.CreateTecnicoCourseExecutionTest]
00:26:23.647 [main] DEBUG org.springframework.test.annotation.ProfileValueUtils - Retrieved ProfileValueSource type [class org.springframework.test.annotation.SystemProfileValueSource] for class [pt.ulisboa.tecnico.socialsoftware.tutor.execution.service.CreateTecnicoCourseExecutionTest]
00:26:23.647 [main] DEBUG org.springframework.test.annotation.ProfileValueUtils - Retrieved @ProfileValueSourceConfiguration [null] for test class [pt.ulisboa.tecnico.socialsoftware.tutor.execution.service.CreateTecnicoCourseExecutionTest]
00:26:23.648 [main] DEBUG org.springframework.test.annotation.ProfileValueUtils - Retrieved ProfileValueSource type [class org.springframework.test.annotation.SystemProfileValueSource] for class [pt.ulisboa.tecnico.socialsoftware.tutor.execution.service.CreateTecnicoCourseExecutionTest]
00:26:23.648 [main] DEBUG org.springframework.test.annotation.ProfileValueUtils - Retrieved @ProfileValueSourceConfiguration [null] for test class [pt.ulisboa.tecnico.socialsoftware.tutor.execution.service.CreateTecnicoCourseExecutionTest]
00:26:23.648 [main] DEBUG org.springframework.test.annotation.ProfileValueUtils - Retrieved ProfileValueSource type [class org.springframework.test.annotation.SystemProfileValueSource] for class [pt.ulisboa.tecnico.socialsoftware.tutor.execution.service.CreateTecnicoCourseExecutionTest]
00:26:23.648 [main] DEBUG org.springframework.test.annotation.ProfileValueUtils - Retrieved @ProfileValueSourceConfiguration [null] for test class [pt.ulisboa.tecnico.socialsoftware.tutor.execution.service.CreateTecnicoCourseExecutionTest]
00:26:23.648 [main] DEBUG org.springframework.test.annotation.ProfileValueUtils - Retrieved ProfileValueSource type [class org.springframework.test.annotation.SystemProfileValueSource] for class [pt.ulisboa.tecnico.socialsoftware.tutor.execution.service.CreateTecnicoCourseExecutionTest]
00:26:23.648 [main] DEBUG org.springframework.test.annotation.ProfileValueUtils - Retrieved @ProfileValueSourceConfiguration [null] for test class [pt.ulisboa.tecnico.socialsoftware.tutor.execution.service.CreateTecnicoCourseExecutionTest]
00:26:23.648 [main] DEBUG org.springframework.test.annotation.ProfileValueUtils - Retrieved ProfileValueSource type [class org.springframework.test.annotation.SystemProfileValueSource] for class [pt.ulisboa.tecnico.socialsoftware.tutor.execution.service.CreateTecnicoCourseExecutionTest]
00:26:23.648 [main] DEBUG org.springframework.test.annotation.ProfileValueUtils - Retrieved @ProfileValueSourceConfiguration [null] for test class [pt.ulisboa.tecnico.socialsoftware.tutor.execution.service.CreateTecnicoCourseExecutionTest]
00:26:23.648 [main] DEBUG org.springframework.test.annotation.ProfileValueUtils - Retrieved ProfileValueSource type [class org.springframework.test.annotation.SystemProfileValueSource] for class [pt.ulisboa.tecnico.socialsoftware.tutor.execution.service.CreateTecnicoCourseExecutionTest]
00:26:23.649 [main] DEBUG org.springframework.test.context.BootstrapUtils - Instantiating CacheAwareContextLoaderDelegate from class [org.springframework.test.context.cache.DefaultCacheAwareContextLoaderDelegate]
00:26:23.649 [main] DEBUG org.springframework.test.context.BootstrapUtils - Instantiating BootstrapContext using constructor [public org.springframework.test.context.support.DefaultBootstrapContext(java.lang.Class,org.springframework.test.context.CacheAwareContextLoaderDelegate)]
00:26:23.649 [main] DEBUG org.springframework.test.context.BootstrapUtils - Instantiating TestContextBootstrapper for test class [pt.ulisboa.tecnico.socialsoftware.tutor.execution.service.CreateTecnicoCourseExecutionTest] from class [org.springframework.boot.test.autoconfigure.orm.jpa.DataJpaTestContextBootstrapper]
00:26:23.650 [main] INFO org.springframework.boot.test.autoconfigure.orm.jpa.DataJpaTestContextBootstrapper - Neither @ContextConfiguration nor @ContextHierarchy found for test class [pt.ulisboa.tecnico.socialsoftware.tutor.execution.service.CreateTecnicoCourseExecutionTest], using SpringBootContextLoader
00:26:23.651 [main] DEBUG org.springframework.test.context.support.AbstractContextLoader - Did not detect default resource location for test class [pt.ulisboa.tecnico.socialsoftware.tutor.execution.service.CreateTecnicoCourseExecutionTest]: class path resource [pt/ulisboa/tecnico/socialsoftware/tutor/execution/service/CreateTecnicoCourseExecutionTest-context.xml] does not exist
00:26:23.653 [main] DEBUG org.springframework.test.context.support.AbstractContextLoader - Did not detect default resource location for test class [pt.ulisboa.tecnico.socialsoftware.tutor.execution.service.CreateTecnicoCourseExecutionTest]: class path resource [pt/ulisboa/tecnico/socialsoftware/tutor/execution/service/CreateTecnicoCourseExecutionTestContext.groovy] does not exist
00:26:23.653 [main] INFO org.springframework.test.context.support.AbstractContextLoader - Could not detect default resource locations for test class [pt.ulisboa.tecnico.socialsoftware.tutor.execution.service.CreateTecnicoCourseExecutionTest]: no resource found for suffixes {-context.xml, Context.groovy}.
00:26:23.669 [main] DEBUG org.springframework.test.context.support.ActiveProfilesUtils - Could not find an 'annotation declaring class' for annotation type [org.springframework.test.context.ActiveProfiles] and class [pt.ulisboa.tecnico.socialsoftware.tutor.execution.service.CreateTecnicoCourseExecutionTest]
00:26:23.671 [main] INFO org.springframework.boot.test.context.SpringBootTestContextBootstrapper - Found @SpringBootConfiguration pt.ulisboa.tecnico.socialsoftware.tutor.TutorTestApplication for test class pt.ulisboa.tecnico.socialsoftware.tutor.execution.service.CreateTecnicoCourseExecutionTest
00:26:23.672 [main] DEBUG org.springframework.boot.test.autoconfigure.orm.jpa.DataJpaTestContextBootstrapper - @TestExecutionListeners is not present for class [pt.ulisboa.tecnico.socialsoftware.tutor.execution.service.CreateTecnicoCourseExecutionTest]: using defaults.
00:26:23.673 [main] INFO org.springframework.boot.test.autoconfigure.orm.jpa.DataJpaTestContextBootstrapper - Loaded default TestExecutionListener class names from location [META-INF/spring.factories]: [org.springframework.boot.test.mock.mockito.MockitoTestExecutionListener, org.springframework.boot.test.mock.mockito.ResetMocksTestExecutionListener, org.springframework.boot.test.autoconfigure.restdocs.RestDocsTestExecutionListener, org.springframework.boot.test.autoconfigure.web.client.MockRestServiceServerResetTestExecutionListener, org.springframework.boot.test.autoconfigure.web.servlet.MockMvcPrintOnlyOnFailureTestExecutionListener, org.springframework.boot.test.autoconfigure.web.servlet.WebDriverTestExecutionListener, org.springframework.boot.test.autoconfigure.webservices.client.MockWebServiceServerTestExecutionListener, org.springframework.test.context.web.ServletTestExecutionListener, org.springframework.test.context.support.DirtiesContextBeforeModesTestExecutionListener, org.springframework.test.context.event.ApplicationEventsTestExecutionListener, org.springframework.test.context.support.DependencyInjectionTestExecutionListener, org.springframework.test.context.support.DirtiesContextTestExecutionListener, org.springframework.test.context.transaction.TransactionalTestExecutionListener, org.springframework.test.context.jdbc.SqlScriptsTestExecutionListener, org.springframework.test.context.event.EventPublishingTestExecutionListener, org.springframework.security.test.context.support.WithSecurityContextTestExecutionListener, org.springframework.security.test.context.support.ReactorContextTestExecutionListener, org.spockframework.spring.SpringMockTestExecutionListener]
00:26:23.677 [main] INFO org.springframework.boot.test.autoconfigure.orm.jpa.DataJpaTestContextBootstrapper - Using TestExecutionListeners: [org.springframework.test.context.web.ServletTestExecutionListener@af94b0b, org.springframework.test.context.support.DirtiesContextBeforeModesTestExecutionListener@208185c0, org.springframework.test.context.event.ApplicationEventsTestExecutionListener@1831447c, org.springframework.boot.test.mock.mockito.MockitoTestExecutionListener@7741507c, org.springframework.boot.test.autoconfigure.SpringBootDependencyInjectionTestExecutionListener@37a0fc8c, org.springframework.test.context.support.DirtiesContextTestExecutionListener@1ba3c03d, org.springframework.test.context.transaction.TransactionalTestExecutionListener@9a37591, org.springframework.test.context.jdbc.SqlScriptsTestExecutionListener@749c0669, org.springframework.test.context.event.EventPublishingTestExecutionListener@4468c0ea, org.springframework.security.test.context.support.WithSecurityContextTestExecutionListener@41cf4272, org.springframework.security.test.context.support.ReactorContextTestExecutionListener@53d2b827, org.springframework.boot.test.mock.mockito.ResetMocksTestExecutionListener@4769537a, org.springframework.boot.test.autoconfigure.restdocs.RestDocsTestExecutionListener@4504a4ed, org.springframework.boot.test.autoconfigure.web.client.MockRestServiceServerResetTestExecutionListener@7ee3a2ed, org.springframework.boot.test.autoconfigure.web.servlet.MockMvcPrintOnlyOnFailureTestExecutionListener@38363e96, org.springframework.boot.test.autoconfigure.web.servlet.WebDriverTestExecutionListener@35c95869, org.springframework.boot.test.autoconfigure.webservices.client.MockWebServiceServerTestExecutionListener@558aa1f1, org.spockframework.spring.SpringMockTestExecutionListener@361d8567]
00:26:23.692 [main] DEBUG org.springframework.test.annotation.ProfileValueUtils - Retrieved @ProfileValueSourceConfiguration [null] for test class [pt.ulisboa.tecnico.socialsoftware.tutor.execution.service.DeleteExternalInactiveUsersTest]
00:26:23.692 [main] DEBUG org.springframework.test.annotation.ProfileValueUtils - Retrieved ProfileValueSource type [class org.springframework.test.annotation.SystemProfileValueSource] for class [pt.ulisboa.tecnico.socialsoftware.tutor.execution.service.DeleteExternalInactiveUsersTest]
00:26:23.692 [main] DEBUG org.springframework.test.annotation.ProfileValueUtils - Retrieved @ProfileValueSourceConfiguration [null] for test class [pt.ulisboa.tecnico.socialsoftware.tutor.execution.service.DeleteExternalInactiveUsersTest]
00:26:23.692 [main] DEBUG org.springframework.test.annotation.ProfileValueUtils - Retrieved ProfileValueSource type [class org.springframework.test.annotation.SystemProfileValueSource] for class [pt.ulisboa.tecnico.socialsoftware.tutor.execution.service.DeleteExternalInactiveUsersTest]
00:26:23.692 [main] DEBUG org.springframework.test.annotation.ProfileValueUtils - Retrieved @ProfileValueSourceConfiguration [null] for test class [pt.ulisboa.tecnico.socialsoftware.tutor.execution.service.DeleteExternalInactiveUsersTest]
00:26:23.692 [main] DEBUG org.springframework.test.annotation.ProfileValueUtils - Retrieved ProfileValueSource type [class org.springframework.test.annotation.SystemProfileValueSource] for class [pt.ulisboa.tecnico.socialsoftware.tutor.execution.service.DeleteExternalInactiveUsersTest]
00:26:23.692 [main] DEBUG org.springframework.test.annotation.ProfileValueUtils - Retrieved @ProfileValueSourceConfiguration [null] for test class [pt.ulisboa.tecnico.socialsoftware.tutor.execution.service.DeleteExternalInactiveUsersTest]
00:26:23.692 [main] DEBUG org.springframework.test.annotation.ProfileValueUtils - Retrieved ProfileValueSource type [class org.springframework.test.annotation.SystemProfileValueSource] for class [pt.ulisboa.tecnico.socialsoftware.tutor.execution.service.DeleteExternalInactiveUsersTest]
00:26:23.692 [main] DEBUG org.springframework.test.annotation.ProfileValueUtils - Retrieved @ProfileValueSourceConfiguration [null] for test class [pt.ulisboa.tecnico.socialsoftware.tutor.execution.service.DeleteExternalInactiveUsersTest]
00:26:23.692 [main] DEBUG org.springframework.test.annotation.ProfileValueUtils - Retrieved ProfileValueSource type [class org.springframework.test.annotation.SystemProfileValueSource] for class [pt.ulisboa.tecnico.socialsoftware.tutor.execution.service.DeleteExternalInactiveUsersTest]
00:26:23.693 [main] DEBUG org.springframework.test.context.BootstrapUtils - Instantiating CacheAwareContextLoaderDelegate from class [org.springframework.test.context.cache.DefaultCacheAwareContextLoaderDelegate]
00:26:23.693 [main] DEBUG org.springframework.test.context.BootstrapUtils - Instantiating BootstrapContext using constructor [public org.springframework.test.context.support.DefaultBootstrapContext(java.lang.Class,org.springframework.test.context.CacheAwareContextLoaderDelegate)]
00:26:23.694 [main] DEBUG org.springframework.test.context.BootstrapUtils - Instantiating TestContextBootstrapper for test class [pt.ulisboa.tecnico.socialsoftware.tutor.execution.service.DeleteExternalInactiveUsersTest] from class [org.springframework.boot.test.autoconfigure.orm.jpa.DataJpaTestContextBootstrapper]
00:26:23.695 [main] INFO org.springframework.boot.test.autoconfigure.orm.jpa.DataJpaTestContextBootstrapper - Neither @ContextConfiguration nor @ContextHierarchy found for test class [pt.ulisboa.tecnico.socialsoftware.tutor.execution.service.DeleteExternalInactiveUsersTest], using SpringBootContextLoader
00:26:23.696 [main] DEBUG org.springframework.test.context.support.AbstractContextLoader - Did not detect default resource location for test class [pt.ulisboa.tecnico.socialsoftware.tutor.execution.service.DeleteExternalInactiveUsersTest]: class path resource [pt/ulisboa/tecnico/socialsoftware/tutor/execution/service/DeleteExternalInactiveUsersTest-context.xml] does not exist
00:26:23.698 [main] DEBUG org.springframework.test.context.support.AbstractContextLoader - Did not detect default resource location for test class [pt.ulisboa.tecnico.socialsoftware.tutor.execution.service.DeleteExternalInactiveUsersTest]: class path resource [pt/ulisboa/tecnico/socialsoftware/tutor/execution/service/DeleteExternalInactiveUsersTestContext.groovy] does not exist
00:26:23.698 [main] INFO org.springframework.test.context.support.AbstractContextLoader - Could not detect default resource locations for test class [pt.ulisboa.tecnico.socialsoftware.tutor.execution.service.DeleteExternalInactiveUsersTest]: no resource found for suffixes {-context.xml, Context.groovy}.
00:26:23.709 [main] DEBUG org.springframework.test.context.support.ActiveProfilesUtils - Could not find an 'annotation declaring class' for annotation type [org.springframework.test.context.ActiveProfiles] and class [pt.ulisboa.tecnico.socialsoftware.tutor.execution.service.DeleteExternalInactiveUsersTest]
00:26:23.711 [main] INFO org.springframework.boot.test.context.SpringBootTestContextBootstrapper - Found @SpringBootConfiguration pt.ulisboa.tecnico.socialsoftware.tutor.TutorTestApplication for test class pt.ulisboa.tecnico.socialsoftware.tutor.execution.service.DeleteExternalInactiveUsersTest
00:26:23.713 [main] DEBUG org.springframework.boot.test.autoconfigure.orm.jpa.DataJpaTestContextBootstrapper - @TestExecutionListeners is not present for class [pt.ulisboa.tecnico.socialsoftware.tutor.execution.service.DeleteExternalInactiveUsersTest]: using defaults.
00:26:23.713 [main] INFO org.springframework.boot.test.autoconfigure.orm.jpa.DataJpaTestContextBootstrapper - Loaded default TestExecutionListener class names from location [META-INF/spring.factories]: [org.springframework.boot.test.mock.mockito.MockitoTestExecutionListener, org.springframework.boot.test.mock.mockito.ResetMocksTestExecutionListener, org.springframework.boot.test.autoconfigure.restdocs.RestDocsTestExecutionListener, org.springframework.boot.test.autoconfigure.web.client.MockRestServiceServerResetTestExecutionListener, org.springframework.boot.test.autoconfigure.web.servlet.MockMvcPrintOnlyOnFailureTestExecutionListener, org.springframework.boot.test.autoconfigure.web.servlet.WebDriverTestExecutionListener, org.springframework.boot.test.autoconfigure.webservices.client.MockWebServiceServerTestExecutionListener, org.springframework.test.context.web.ServletTestExecutionListener, org.springframework.test.context.support.DirtiesContextBeforeModesTestExecutionListener, org.springframework.test.context.event.ApplicationEventsTestExecutionListener, org.springframework.test.context.support.DependencyInjectionTestExecutionListener, org.springframework.test.context.support.DirtiesContextTestExecutionListener, org.springframework.test.context.transaction.TransactionalTestExecutionListener, org.springframework.test.context.jdbc.SqlScriptsTestExecutionListener, org.springframework.test.context.event.EventPublishingTestExecutionListener, org.springframework.security.test.context.support.WithSecurityContextTestExecutionListener, org.springframework.security.test.context.support.ReactorContextTestExecutionListener, org.spockframework.spring.SpringMockTestExecutionListener]
00:26:23.716 [main] INFO org.springframework.boot.test.autoconfigure.orm.jpa.DataJpaTestContextBootstrapper - Using TestExecutionListeners: [org.springframework.test.context.web.ServletTestExecutionListener@44e3f3e5, org.springframework.test.context.support.DirtiesContextBeforeModesTestExecutionListener@6be1f37f, org.springframework.test.context.event.ApplicationEventsTestExecutionListener@69ed96e1, org.springframework.boot.test.mock.mockito.MockitoTestExecutionListener@61648dd2, org.springframework.boot.test.autoconfigure.SpringBootDependencyInjectionTestExecutionListener@3ac326c0, org.springframework.test.context.support.DirtiesContextTestExecutionListener@5e5d40ec, org.springframework.test.context.transaction.TransactionalTestExecutionListener@5b028f58, org.springframework.test.context.jdbc.SqlScriptsTestExecutionListener@1e4d93f7, org.springframework.test.context.event.EventPublishingTestExecutionListener@3d1b43d8, org.springframework.security.test.context.support.WithSecurityContextTestExecutionListener@9f52eb7, org.springframework.security.test.context.support.ReactorContextTestExecutionListener@46c2189e, org.springframework.boot.test.mock.mockito.ResetMocksTestExecutionListener@3462e99a, org.springframework.boot.test.autoconfigure.restdocs.RestDocsTestExecutionListener@5300694d, org.springframework.boot.test.autoconfigure.web.client.MockRestServiceServerResetTestExecutionListener@7320750c, org.springframework.boot.test.autoconfigure.web.servlet.MockMvcPrintOnlyOnFailureTestExecutionListener@2570851e, org.springframework.boot.test.autoconfigure.web.servlet.WebDriverTestExecutionListener@67d8613, org.springframework.boot.test.autoconfigure.webservices.client.MockWebServiceServerTestExecutionListener@5667dd90, org.spockframework.spring.SpringMockTestExecutionListener@261f5a45]
00:26:23.734 [main] DEBUG org.springframework.test.annotation.ProfileValueUtils - Retrieved @ProfileValueSourceConfiguration [null] for test class [pt.ulisboa.tecnico.socialsoftware.tutor.execution.service.GetCourseExecutionsPerformanceTest]
00:26:23.734 [main] DEBUG org.springframework.test.annotation.ProfileValueUtils - Retrieved ProfileValueSource type [class org.springframework.test.annotation.SystemProfileValueSource] for class [pt.ulisboa.tecnico.socialsoftware.tutor.execution.service.GetCourseExecutionsPerformanceTest]
00:26:23.735 [main] DEBUG org.springframework.test.annotation.ProfileValueUtils - Retrieved @ProfileValueSourceConfiguration [null] for test class [pt.ulisboa.tecnico.socialsoftware.tutor.execution.service.GetCourseExecutionsPerformanceTest]
00:26:23.735 [main] DEBUG org.springframework.test.annotation.ProfileValueUtils - Retrieved ProfileValueSource type [class org.springframework.test.annotation.SystemProfileValueSource] for class [pt.ulisboa.tecnico.socialsoftware.tutor.execution.service.GetCourseExecutionsPerformanceTest]
00:26:23.735 [main] DEBUG org.springframework.test.context.BootstrapUtils - Instantiating CacheAwareContextLoaderDelegate from class [org.springframework.test.context.cache.DefaultCacheAwareContextLoaderDelegate]
00:26:23.735 [main] DEBUG org.springframework.test.context.BootstrapUtils - Instantiating BootstrapContext using constructor [public org.springframework.test.context.support.DefaultBootstrapContext(java.lang.Class,org.springframework.test.context.CacheAwareContextLoaderDelegate)]
00:26:23.735 [main] DEBUG org.springframework.test.context.BootstrapUtils - Instantiating TestContextBootstrapper for test class [pt.ulisboa.tecnico.socialsoftware.tutor.execution.service.GetCourseExecutionsPerformanceTest] from class [org.springframework.boot.test.autoconfigure.orm.jpa.DataJpaTestContextBootstrapper]
00:26:23.736 [main] INFO org.springframework.boot.test.autoconfigure.orm.jpa.DataJpaTestContextBootstrapper - Neither @ContextConfiguration nor @ContextHierarchy found for test class [pt.ulisboa.tecnico.socialsoftware.tutor.execution.service.GetCourseExecutionsPerformanceTest], using SpringBootContextLoader
00:26:23.737 [main] DEBUG org.springframework.test.context.support.AbstractContextLoader - Did not detect default resource location for test class [pt.ulisboa.tecnico.socialsoftware.tutor.execution.service.GetCourseExecutionsPerformanceTest]: class path resource [pt/ulisboa/tecnico/socialsoftware/tutor/execution/service/GetCourseExecutionsPerformanceTest-context.xml] does not exist
00:26:23.739 [main] DEBUG org.springframework.test.context.support.AbstractContextLoader - Did not detect default resource location for test class [pt.ulisboa.tecnico.socialsoftware.tutor.execution.service.GetCourseExecutionsPerformanceTest]: class path resource [pt/ulisboa/tecnico/socialsoftware/tutor/execution/service/GetCourseExecutionsPerformanceTestContext.groovy] does not exist
00:26:23.739 [main] INFO org.springframework.test.context.support.AbstractContextLoader - Could not detect default resource locations for test class [pt.ulisboa.tecnico.socialsoftware.tutor.execution.service.GetCourseExecutionsPerformanceTest]: no resource found for suffixes {-context.xml, Context.groovy}.
00:26:23.745 [main] DEBUG org.springframework.test.context.support.ActiveProfilesUtils - Could not find an 'annotation declaring class' for annotation type [org.springframework.test.context.ActiveProfiles] and class [pt.ulisboa.tecnico.socialsoftware.tutor.execution.service.GetCourseExecutionsPerformanceTest]
00:26:23.746 [main] INFO org.springframework.boot.test.context.SpringBootTestContextBootstrapper - Found @SpringBootConfiguration pt.ulisboa.tecnico.socialsoftware.tutor.TutorTestApplication for test class pt.ulisboa.tecnico.socialsoftware.tutor.execution.service.GetCourseExecutionsPerformanceTest
00:26:23.747 [main] DEBUG org.springframework.boot.test.autoconfigure.orm.jpa.DataJpaTestContextBootstrapper - @TestExecutionListeners is not present for class [pt.ulisboa.tecnico.socialsoftware.tutor.execution.service.GetCourseExecutionsPerformanceTest]: using defaults.
00:26:23.750 [main] INFO org.springframework.boot.test.autoconfigure.orm.jpa.DataJpaTestContextBootstrapper - Loaded default TestExecutionListener class names from location [META-INF/spring.factories]: [org.springframework.boot.test.mock.mockito.MockitoTestExecutionListener, org.springframework.boot.test.mock.mockito.ResetMocksTestExecutionListener, org.springframework.boot.test.autoconfigure.restdocs.RestDocsTestExecutionListener, org.springframework.boot.test.autoconfigure.web.client.MockRestServiceServerResetTestExecutionListener, org.springframework.boot.test.autoconfigure.web.servlet.MockMvcPrintOnlyOnFailureTestExecutionListener, org.springframework.boot.test.autoconfigure.web.servlet.WebDriverTestExecutionListener, org.springframework.boot.test.autoconfigure.webservices.client.MockWebServiceServerTestExecutionListener, org.springframework.test.context.web.ServletTestExecutionListener, org.springframework.test.context.support.DirtiesContextBeforeModesTestExecutionListener, org.springframework.test.context.event.ApplicationEventsTestExecutionListener, org.springframework.test.context.support.DependencyInjectionTestExecutionListener, org.springframework.test.context.support.DirtiesContextTestExecutionListener, org.springframework.test.context.transaction.TransactionalTestExecutionListener, org.springframework.test.context.jdbc.SqlScriptsTestExecutionListener, org.springframework.test.context.event.EventPublishingTestExecutionListener, org.springframework.security.test.context.support.WithSecurityContextTestExecutionListener, org.springframework.security.test.context.support.ReactorContextTestExecutionListener, org.spockframework.spring.SpringMockTestExecutionListener]
00:26:23.756 [main] INFO org.springframework.boot.test.autoconfigure.orm.jpa.DataJpaTestContextBootstrapper - Using TestExecutionListeners: [org.springframework.test.context.web.ServletTestExecutionListener@4407fea2, org.springframework.test.context.support.DirtiesContextBeforeModesTestExecutionListener@64e3bc2, org.springframework.test.context.event.ApplicationEventsTestExecutionListener@54ed249f, org.springframework.boot.test.mock.mockito.MockitoTestExecutionListener@4714f447, org.springframework.boot.test.autoconfigure.SpringBootDependencyInjectionTestExecutionListener@3c1df0e9, org.springframework.test.context.support.DirtiesContextTestExecutionListener@4b7a4c83, org.springframework.test.context.transaction.TransactionalTestExecutionListener@768e40af, org.springframework.test.context.jdbc.SqlScriptsTestExecutionListener@165824f5, org.springframework.test.context.event.EventPublishingTestExecutionListener@4511146f, org.springframework.security.test.context.support.WithSecurityContextTestExecutionListener@5c16561a, org.springframework.security.test.context.support.ReactorContextTestExecutionListener@5819ee0f, org.springframework.boot.test.mock.mockito.ResetMocksTestExecutionListener@f310675, org.springframework.boot.test.autoconfigure.restdocs.RestDocsTestExecutionListener@424ec990, org.springframework.boot.test.autoconfigure.web.client.MockRestServiceServerResetTestExecutionListener@2c06e145, org.springframework.boot.test.autoconfigure.web.servlet.MockMvcPrintOnlyOnFailureTestExecutionListener@3b780b5c, org.springframework.boot.test.autoconfigure.web.servlet.WebDriverTestExecutionListener@3c7db0e8, org.springframework.boot.test.autoconfigure.webservices.client.MockWebServiceServerTestExecutionListener@84becbe, org.spockframework.spring.SpringMockTestExecutionListener@13dc383b]
00:26:23.774 [main] DEBUG org.springframework.test.annotation.ProfileValueUtils - Retrieved @ProfileValueSourceConfiguration [null] for test class [pt.ulisboa.tecnico.socialsoftware.tutor.execution.service.GetCourseExecutionsTest]
00:26:23.775 [main] DEBUG org.springframework.test.annotation.ProfileValueUtils - Retrieved ProfileValueSource type [class org.springframework.test.annotation.SystemProfileValueSource] for class [pt.ulisboa.tecnico.socialsoftware.tutor.execution.service.GetCourseExecutionsTest]
00:26:23.775 [main] DEBUG org.springframework.test.annotation.ProfileValueUtils - Retrieved @ProfileValueSourceConfiguration [null] for test class [pt.ulisboa.tecnico.socialsoftware.tutor.execution.service.GetCourseExecutionsTest]
00:26:23.775 [main] DEBUG org.springframework.test.annotation.ProfileValueUtils - Retrieved ProfileValueSource type [class org.springframework.test.annotation.SystemProfileValueSource] for class [pt.ulisboa.tecnico.socialsoftware.tutor.execution.service.GetCourseExecutionsTest]
00:26:23.775 [main] DEBUG org.springframework.test.annotation.ProfileValueUtils - Retrieved @ProfileValueSourceConfiguration [null] for test class [pt.ulisboa.tecnico.socialsoftware.tutor.execution.service.GetCourseExecutionsTest]
00:26:23.775 [main] DEBUG org.springframework.test.annotation.ProfileValueUtils - Retrieved ProfileValueSource type [class org.springframework.test.annotation.SystemProfileValueSource] for class [pt.ulisboa.tecnico.socialsoftware.tutor.execution.service.GetCourseExecutionsTest]
00:26:23.775 [main] DEBUG org.springframework.test.context.BootstrapUtils - Instantiating CacheAwareContextLoaderDelegate from class [org.springframework.test.context.cache.DefaultCacheAwareContextLoaderDelegate]
00:26:23.775 [main] DEBUG org.springframework.test.context.BootstrapUtils - Instantiating BootstrapContext using constructor [public org.springframework.test.context.support.DefaultBootstrapContext(java.lang.Class,org.springframework.test.context.CacheAwareContextLoaderDelegate)]
00:26:23.776 [main] DEBUG org.springframework.test.context.BootstrapUtils - Instantiating TestContextBootstrapper for test class [pt.ulisboa.tecnico.socialsoftware.tutor.execution.service.GetCourseExecutionsTest] from class [org.springframework.boot.test.autoconfigure.orm.jpa.DataJpaTestContextBootstrapper]
00:26:23.776 [main] INFO org.springframework.boot.test.autoconfigure.orm.jpa.DataJpaTestContextBootstrapper - Neither @ContextConfiguration nor @ContextHierarchy found for test class [pt.ulisboa.tecnico.socialsoftware.tutor.execution.service.GetCourseExecutionsTest], using SpringBootContextLoader
00:26:23.778 [main] DEBUG org.springframework.test.context.support.AbstractContextLoader - Did not detect default resource location for test class [pt.ulisboa.tecnico.socialsoftware.tutor.execution.service.GetCourseExecutionsTest]: class path resource [pt/ulisboa/tecnico/socialsoftware/tutor/execution/service/GetCourseExecutionsTest-context.xml] does not exist
00:26:23.779 [main] DEBUG org.springframework.test.context.support.AbstractContextLoader - Did not detect default resource location for test class [pt.ulisboa.tecnico.socialsoftware.tutor.execution.service.GetCourseExecutionsTest]: class path resource [pt/ulisboa/tecnico/socialsoftware/tutor/execution/service/GetCourseExecutionsTestContext.groovy] does not exist
00:26:23.779 [main] INFO org.springframework.test.context.support.AbstractContextLoader - Could not detect default resource locations for test class [pt.ulisboa.tecnico.socialsoftware.tutor.execution.service.GetCourseExecutionsTest]: no resource found for suffixes {-context.xml, Context.groovy}.
00:26:23.793 [main] DEBUG org.springframework.test.context.support.ActiveProfilesUtils - Could not find an 'annotation declaring class' for annotation type [org.springframework.test.context.ActiveProfiles] and class [pt.ulisboa.tecnico.socialsoftware.tutor.execution.service.GetCourseExecutionsTest]
00:26:23.794 [main] INFO org.springframework.boot.test.context.SpringBootTestContextBootstrapper - Found @SpringBootConfiguration pt.ulisboa.tecnico.socialsoftware.tutor.TutorTestApplication for test class pt.ulisboa.tecnico.socialsoftware.tutor.execution.service.GetCourseExecutionsTest
00:26:23.795 [main] DEBUG org.springframework.boot.test.autoconfigure.orm.jpa.DataJpaTestContextBootstrapper - @TestExecutionListeners is not present for class [pt.ulisboa.tecnico.socialsoftware.tutor.execution.service.GetCourseExecutionsTest]: using defaults.
00:26:23.796 [main] INFO org.springframework.boot.test.autoconfigure.orm.jpa.DataJpaTestContextBootstrapper - Loaded default TestExecutionListener class names from location [META-INF/spring.factories]: [org.springframework.boot.test.mock.mockito.MockitoTestExecutionListener, org.springframework.boot.test.mock.mockito.ResetMocksTestExecutionListener, org.springframework.boot.test.autoconfigure.restdocs.RestDocsTestExecutionListener, org.springframework.boot.test.autoconfigure.web.client.MockRestServiceServerResetTestExecutionListener, org.springframework.boot.test.autoconfigure.web.servlet.MockMvcPrintOnlyOnFailureTestExecutionListener, org.springframework.boot.test.autoconfigure.web.servlet.WebDriverTestExecutionListener, org.springframework.boot.test.autoconfigure.webservices.client.MockWebServiceServerTestExecutionListener, org.springframework.test.context.web.ServletTestExecutionListener, org.springframework.test.context.support.DirtiesContextBeforeModesTestExecutionListener, org.springframework.test.context.event.ApplicationEventsTestExecutionListener, org.springframework.test.context.support.DependencyInjectionTestExecutionListener, org.springframework.test.context.support.DirtiesContextTestExecutionListener, org.springframework.test.context.transaction.TransactionalTestExecutionListener, org.springframework.test.context.jdbc.SqlScriptsTestExecutionListener, org.springframework.test.context.event.EventPublishingTestExecutionListener, org.springframework.security.test.context.support.WithSecurityContextTestExecutionListener, org.springframework.security.test.context.support.ReactorContextTestExecutionListener, org.spockframework.spring.SpringMockTestExecutionListener]
00:26:23.798 [main] INFO org.springframework.boot.test.autoconfigure.orm.jpa.DataJpaTestContextBootstrapper - Using TestExecutionListeners: [org.springframework.test.context.web.ServletTestExecutionListener@34d3bfca, org.springframework.test.context.support.DirtiesContextBeforeModesTestExecutionListener@6655f3cd, org.springframework.test.context.event.ApplicationEventsTestExecutionListener@2484c868, org.springframework.boot.test.mock.mockito.MockitoTestExecutionListener@19d13d04, org.springframework.boot.test.autoconfigure.SpringBootDependencyInjectionTestExecutionListener@30d5fc1b, org.springframework.test.context.support.DirtiesContextTestExecutionListener@7957aa57, org.springframework.test.context.transaction.TransactionalTestExecutionListener@7b92ea9d, org.springframework.test.context.jdbc.SqlScriptsTestExecutionListener@6b3bc1f6, org.springframework.test.context.event.EventPublishingTestExecutionListener@7491cdae, org.springframework.security.test.context.support.WithSecurityContextTestExecutionListener@3050d479, org.springframework.security.test.context.support.ReactorContextTestExecutionListener@5c7a06ec, org.springframework.boot.test.mock.mockito.ResetMocksTestExecutionListener@697b48e4, org.springframework.boot.test.autoconfigure.restdocs.RestDocsTestExecutionListener@137d04d8, org.springframework.boot.test.autoconfigure.web.client.MockRestServiceServerResetTestExecutionListener@25b8f9d2, org.springframework.boot.test.autoconfigure.web.servlet.MockMvcPrintOnlyOnFailureTestExecutionListener@2979c6ef, org.springframework.boot.test.autoconfigure.web.servlet.WebDriverTestExecutionListener@1af6974c, org.springframework.boot.test.autoconfigure.webservices.client.MockWebServiceServerTestExecutionListener@61d61b0e, org.spockframework.spring.SpringMockTestExecutionListener@3c2188f]
00:26:23.810 [main] DEBUG org.springframework.test.annotation.ProfileValueUtils - Retrieved @ProfileValueSourceConfiguration [null] for test class [pt.ulisboa.tecnico.socialsoftware.tutor.execution.service.RemoveCourseExecutionsTest]
00:26:23.811 [main] DEBUG org.springframework.test.annotation.ProfileValueUtils - Retrieved ProfileValueSource type [class org.springframework.test.annotation.SystemProfileValueSource] for class [pt.ulisboa.tecnico.socialsoftware.tutor.execution.service.RemoveCourseExecutionsTest]
00:26:23.811 [main] DEBUG org.springframework.test.annotation.ProfileValueUtils - Retrieved @ProfileValueSourceConfiguration [null] for test class [pt.ulisboa.tecnico.socialsoftware.tutor.execution.service.RemoveCourseExecutionsTest]
00:26:23.811 [main] DEBUG org.springframework.test.annotation.ProfileValueUtils - Retrieved ProfileValueSource type [class org.springframework.test.annotation.SystemProfileValueSource] for class [pt.ulisboa.tecnico.socialsoftware.tutor.execution.service.RemoveCourseExecutionsTest]
00:26:23.811 [main] DEBUG org.springframework.test.annotation.ProfileValueUtils - Retrieved @ProfileValueSourceConfiguration [null] for test class [pt.ulisboa.tecnico.socialsoftware.tutor.execution.service.RemoveCourseExecutionsTest]
00:26:23.811 [main] DEBUG org.springframework.test.annotation.ProfileValueUtils - Retrieved ProfileValueSource type [class org.springframework.test.annotation.SystemProfileValueSource] for class [pt.ulisboa.tecnico.socialsoftware.tutor.execution.service.RemoveCourseExecutionsTest]
00:26:23.811 [main] DEBUG org.springframework.test.annotation.ProfileValueUtils - Retrieved @ProfileValueSourceConfiguration [null] for test class [pt.ulisboa.tecnico.socialsoftware.tutor.execution.service.RemoveCourseExecutionsTest]
00:26:23.811 [main] DEBUG org.springframework.test.annotation.ProfileValueUtils - Retrieved ProfileValueSource type [class org.springframework.test.annotation.SystemProfileValueSource] for class [pt.ulisboa.tecnico.socialsoftware.tutor.execution.service.RemoveCourseExecutionsTest]
00:26:23.811 [main] DEBUG org.springframework.test.context.BootstrapUtils - Instantiating CacheAwareContextLoaderDelegate from class [org.springframework.test.context.cache.DefaultCacheAwareContextLoaderDelegate]
00:26:23.811 [main] DEBUG org.springframework.test.context.BootstrapUtils - Instantiating BootstrapContext using constructor [public org.springframework.test.context.support.DefaultBootstrapContext(java.lang.Class,org.springframework.test.context.CacheAwareContextLoaderDelegate)]
00:26:23.812 [main] DEBUG org.springframework.test.context.BootstrapUtils - Instantiating TestContextBootstrapper for test class [pt.ulisboa.tecnico.socialsoftware.tutor.execution.service.RemoveCourseExecutionsTest] from class [org.springframework.boot.test.autoconfigure.orm.jpa.DataJpaTestContextBootstrapper]
00:26:23.813 [main] INFO org.springframework.boot.test.autoconfigure.orm.jpa.DataJpaTestContextBootstrapper - Neither @ContextConfiguration nor @ContextHierarchy found for test class [pt.ulisboa.tecnico.socialsoftware.tutor.execution.service.RemoveCourseExecutionsTest], using SpringBootContextLoader
00:26:23.817 [main] DEBUG org.springframework.test.context.support.AbstractContextLoader - Did not detect default resource location for test class [pt.ulisboa.tecnico.socialsoftware.tutor.execution.service.RemoveCourseExecutionsTest]: class path resource [pt/ulisboa/tecnico/socialsoftware/tutor/execution/service/RemoveCourseExecutionsTest-context.xml] does not exist
00:26:23.818 [main] DEBUG org.springframework.test.context.support.AbstractContextLoader - Did not detect default resource location for test class [pt.ulisboa.tecnico.socialsoftware.tutor.execution.service.RemoveCourseExecutionsTest]: class path resource [pt/ulisboa/tecnico/socialsoftware/tutor/execution/service/RemoveCourseExecutionsTestContext.groovy] does not exist
00:26:23.819 [main] INFO org.springframework.test.context.support.AbstractContextLoader - Could not detect default resource locations for test class [pt.ulisboa.tecnico.socialsoftware.tutor.execution.service.RemoveCourseExecutionsTest]: no resource found for suffixes {-context.xml, Context.groovy}.
00:26:23.830 [main] DEBUG org.springframework.test.context.support.ActiveProfilesUtils - Could not find an 'annotation declaring class' for annotation type [org.springframework.test.context.ActiveProfiles] and class [pt.ulisboa.tecnico.socialsoftware.tutor.execution.service.RemoveCourseExecutionsTest]
00:26:23.831 [main] INFO org.springframework.boot.test.context.SpringBootTestContextBootstrapper - Found @SpringBootConfiguration pt.ulisboa.tecnico.socialsoftware.tutor.TutorTestApplication for test class pt.ulisboa.tecnico.socialsoftware.tutor.execution.service.RemoveCourseExecutionsTest
00:26:23.832 [main] DEBUG org.springframework.boot.test.autoconfigure.orm.jpa.DataJpaTestContextBootstrapper - @TestExecutionListeners is not present for class [pt.ulisboa.tecnico.socialsoftware.tutor.execution.service.RemoveCourseExecutionsTest]: using defaults.
00:26:23.832 [main] INFO org.springframework.boot.test.autoconfigure.orm.jpa.DataJpaTestContextBootstrapper - Loaded default TestExecutionListener class names from location [META-INF/spring.factories]: [org.springframework.boot.test.mock.mockito.MockitoTestExecutionListener, org.springframework.boot.test.mock.mockito.ResetMocksTestExecutionListener, org.springframework.boot.test.autoconfigure.restdocs.RestDocsTestExecutionListener, org.springframework.boot.test.autoconfigure.web.client.MockRestServiceServerResetTestExecutionListener, org.springframework.boot.test.autoconfigure.web.servlet.MockMvcPrintOnlyOnFailureTestExecutionListener, org.springframework.boot.test.autoconfigure.web.servlet.WebDriverTestExecutionListener, org.springframework.boot.test.autoconfigure.webservices.client.MockWebServiceServerTestExecutionListener, org.springframework.test.context.web.ServletTestExecutionListener, org.springframework.test.context.support.DirtiesContextBeforeModesTestExecutionListener, org.springframework.test.context.event.ApplicationEventsTestExecutionListener, org.springframework.test.context.support.DependencyInjectionTestExecutionListener, org.springframework.test.context.support.DirtiesContextTestExecutionListener, org.springframework.test.context.transaction.TransactionalTestExecutionListener, org.springframework.test.context.jdbc.SqlScriptsTestExecutionListener, org.springframework.test.context.event.EventPublishingTestExecutionListener, org.springframework.security.test.context.support.WithSecurityContextTestExecutionListener, org.springframework.security.test.context.support.ReactorContextTestExecutionListener, org.spockframework.spring.SpringMockTestExecutionListener]
00:26:23.834 [main] INFO org.springframework.boot.test.autoconfigure.orm.jpa.DataJpaTestContextBootstrapper - Using TestExecutionListeners: [org.springframework.test.context.web.ServletTestExecutionListener@4b9dc62f, org.springframework.test.context.support.DirtiesContextBeforeModesTestExecutionListener@6cb3463b, org.springframework.test.context.event.ApplicationEventsTestExecutionListener@2f9236d8, org.springframework.boot.test.mock.mockito.MockitoTestExecutionListener@4536a09a, org.springframework.boot.test.autoconfigure.SpringBootDependencyInjectionTestExecutionListener@603faaad, org.springframework.test.context.support.DirtiesContextTestExecutionListener@16cbba0f, org.springframework.test.context.transaction.TransactionalTestExecutionListener@28d16af8, org.springframework.test.context.jdbc.SqlScriptsTestExecutionListener@58932d08, org.springframework.test.context.event.EventPublishingTestExecutionListener@45648e75, org.springframework.security.test.context.support.WithSecurityContextTestExecutionListener@e344f14, org.springframework.security.test.context.support.ReactorContextTestExecutionListener@2d117280, org.springframework.boot.test.mock.mockito.ResetMocksTestExecutionListener@6c2be147, org.springframework.boot.test.autoconfigure.restdocs.RestDocsTestExecutionListener@dddcd91, org.springframework.boot.test.autoconfigure.web.client.MockRestServiceServerResetTestExecutionListener@21bd6fd1, org.springframework.boot.test.autoconfigure.web.servlet.MockMvcPrintOnlyOnFailureTestExecutionListener@79e9c14, org.springframework.boot.test.autoconfigure.web.servlet.WebDriverTestExecutionListener@340c7479, org.springframework.boot.test.autoconfigure.webservices.client.MockWebServiceServerTestExecutionListener@575e862c, org.spockframework.spring.SpringMockTestExecutionListener@1d57b8f1]
00:26:23.855 [main] DEBUG org.springframework.test.annotation.ProfileValueUtils - Retrieved @ProfileValueSourceConfiguration [null] for test class [pt.ulisboa.tecnico.socialsoftware.tutor.execution.service.UpdateAssessmentTest]
00:26:23.855 [main] DEBUG org.springframework.test.annotation.ProfileValueUtils - Retrieved ProfileValueSource type [class org.springframework.test.annotation.SystemProfileValueSource] for class [pt.ulisboa.tecnico.socialsoftware.tutor.execution.service.UpdateAssessmentTest]
00:26:23.855 [main] DEBUG org.springframework.test.annotation.ProfileValueUtils - Retrieved @ProfileValueSourceConfiguration [null] for test class [pt.ulisboa.tecnico.socialsoftware.tutor.execution.service.UpdateAssessmentTest]
00:26:23.855 [main] DEBUG org.springframework.test.annotation.ProfileValueUtils - Retrieved ProfileValueSource type [class org.springframework.test.annotation.SystemProfileValueSource] for class [pt.ulisboa.tecnico.socialsoftware.tutor.execution.service.UpdateAssessmentTest]
00:26:23.855 [main] DEBUG org.springframework.test.annotation.ProfileValueUtils - Retrieved @ProfileValueSourceConfiguration [null] for test class [pt.ulisboa.tecnico.socialsoftware.tutor.execution.service.UpdateAssessmentTest]
00:26:23.855 [main] DEBUG org.springframework.test.annotation.ProfileValueUtils - Retrieved ProfileValueSource type [class org.springframework.test.annotation.SystemProfileValueSource] for class [pt.ulisboa.tecnico.socialsoftware.tutor.execution.service.UpdateAssessmentTest]
00:26:23.856 [main] DEBUG org.springframework.test.context.BootstrapUtils - Instantiating CacheAwareContextLoaderDelegate from class [org.springframework.test.context.cache.DefaultCacheAwareContextLoaderDelegate]
00:26:23.856 [main] DEBUG org.springframework.test.context.BootstrapUtils - Instantiating BootstrapContext using constructor [public org.springframework.test.context.support.DefaultBootstrapContext(java.lang.Class,org.springframework.test.context.CacheAwareContextLoaderDelegate)]
00:26:23.856 [main] DEBUG org.springframework.test.context.BootstrapUtils - Instantiating TestContextBootstrapper for test class [pt.ulisboa.tecnico.socialsoftware.tutor.execution.service.UpdateAssessmentTest] from class [org.springframework.boot.test.autoconfigure.orm.jpa.DataJpaTestContextBootstrapper]
00:26:23.857 [main] INFO org.springframework.boot.test.autoconfigure.orm.jpa.DataJpaTestContextBootstrapper - Neither @ContextConfiguration nor @ContextHierarchy found for test class [pt.ulisboa.tecnico.socialsoftware.tutor.execution.service.UpdateAssessmentTest], using SpringBootContextLoader
00:26:23.858 [main] DEBUG org.springframework.test.context.support.AbstractContextLoader - Did not detect default resource location for test class [pt.ulisboa.tecnico.socialsoftware.tutor.execution.service.UpdateAssessmentTest]: class path resource [pt/ulisboa/tecnico/socialsoftware/tutor/execution/service/UpdateAssessmentTest-context.xml] does not exist
00:26:23.859 [main] DEBUG org.springframework.test.context.support.AbstractContextLoader - Did not detect default resource location for test class [pt.ulisboa.tecnico.socialsoftware.tutor.execution.service.UpdateAssessmentTest]: class path resource [pt/ulisboa/tecnico/socialsoftware/tutor/execution/service/UpdateAssessmentTestContext.groovy] does not exist
00:26:23.860 [main] INFO org.springframework.test.context.support.AbstractContextLoader - Could not detect default resource locations for test class [pt.ulisboa.tecnico.socialsoftware.tutor.execution.service.UpdateAssessmentTest]: no resource found for suffixes {-context.xml, Context.groovy}.
00:26:23.865 [main] DEBUG org.springframework.test.context.support.ActiveProfilesUtils - Could not find an 'annotation declaring class' for annotation type [org.springframework.test.context.ActiveProfiles] and class [pt.ulisboa.tecnico.socialsoftware.tutor.execution.service.UpdateAssessmentTest]
00:26:23.866 [main] INFO org.springframework.boot.test.context.SpringBootTestContextBootstrapper - Found @SpringBootConfiguration pt.ulisboa.tecnico.socialsoftware.tutor.TutorTestApplication for test class pt.ulisboa.tecnico.socialsoftware.tutor.execution.service.UpdateAssessmentTest
00:26:23.868 [main] DEBUG org.springframework.boot.test.autoconfigure.orm.jpa.DataJpaTestContextBootstrapper - @TestExecutionListeners is not present for class [pt.ulisboa.tecnico.socialsoftware.tutor.execution.service.UpdateAssessmentTest]: using defaults.
00:26:23.868 [main] INFO org.springframework.boot.test.autoconfigure.orm.jpa.DataJpaTestContextBootstrapper - Loaded default TestExecutionListener class names from location [META-INF/spring.factories]: [org.springframework.boot.test.mock.mockito.MockitoTestExecutionListener, org.springframework.boot.test.mock.mockito.ResetMocksTestExecutionListener, org.springframework.boot.test.autoconfigure.restdocs.RestDocsTestExecutionListener, org.springframework.boot.test.autoconfigure.web.client.MockRestServiceServerResetTestExecutionListener, org.springframework.boot.test.autoconfigure.web.servlet.MockMvcPrintOnlyOnFailureTestExecutionListener, org.springframework.boot.test.autoconfigure.web.servlet.WebDriverTestExecutionListener, org.springframework.boot.test.autoconfigure.webservices.client.MockWebServiceServerTestExecutionListener, org.springframework.test.context.web.ServletTestExecutionListener, org.springframework.test.context.support.DirtiesContextBeforeModesTestExecutionListener, org.springframework.test.context.event.ApplicationEventsTestExecutionListener, org.springframework.test.context.support.DependencyInjectionTestExecutionListener, org.springframework.test.context.support.DirtiesContextTestExecutionListener, org.springframework.test.context.transaction.TransactionalTestExecutionListener, org.springframework.test.context.jdbc.SqlScriptsTestExecutionListener, org.springframework.test.context.event.EventPublishingTestExecutionListener, org.springframework.security.test.context.support.WithSecurityContextTestExecutionListener, org.springframework.security.test.context.support.ReactorContextTestExecutionListener, org.spockframework.spring.SpringMockTestExecutionListener]
00:26:23.870 [main] INFO org.springframework.boot.test.autoconfigure.orm.jpa.DataJpaTestContextBootstrapper - Using TestExecutionListeners: [org.springframework.test.context.web.ServletTestExecutionListener@3369e2ce, org.springframework.test.context.support.DirtiesContextBeforeModesTestExecutionListener@5f26cb8b, org.springframework.test.context.event.ApplicationEventsTestExecutionListener@3a2a56f6, org.springframework.boot.test.mock.mockito.MockitoTestExecutionListener@6a8da5c5, org.springframework.boot.test.autoconfigure.SpringBootDependencyInjectionTestExecutionListener@160e45c8, org.springframework.test.context.support.DirtiesContextTestExecutionListener@7f9dbe11, org.springframework.test.context.transaction.TransactionalTestExecutionListener@17e8caf2, org.springframework.test.context.jdbc.SqlScriptsTestExecutionListener@104cf647, org.springframework.test.context.event.EventPublishingTestExecutionListener@7488c183, org.springframework.security.test.context.support.WithSecurityContextTestExecutionListener@66779435, org.springframework.security.test.context.support.ReactorContextTestExecutionListener@37196d53, org.springframework.boot.test.mock.mockito.ResetMocksTestExecutionListener@40105b39, org.springframework.boot.test.autoconfigure.restdocs.RestDocsTestExecutionListener@72a61e61, org.springframework.boot.test.autoconfigure.web.client.MockRestServiceServerResetTestExecutionListener@282aea3c, org.springframework.boot.test.autoconfigure.web.servlet.MockMvcPrintOnlyOnFailureTestExecutionListener@54a5799f, org.springframework.boot.test.autoconfigure.web.servlet.WebDriverTestExecutionListener@162e29a1, org.springframework.boot.test.autoconfigure.webservices.client.MockWebServiceServerTestExecutionListener@54b96813, org.spockframework.spring.SpringMockTestExecutionListener@2b3d03b2]
00:26:23.884 [main] DEBUG org.springframework.test.annotation.ProfileValueUtils - Retrieved @ProfileValueSourceConfiguration [null] for test class [pt.ulisboa.tecnico.socialsoftware.tutor.impexp.service.ImportExportCodeFillInAnswersTest]
00:26:23.884 [main] DEBUG org.springframework.test.annotation.ProfileValueUtils - Retrieved ProfileValueSource type [class org.springframework.test.annotation.SystemProfileValueSource] for class [pt.ulisboa.tecnico.socialsoftware.tutor.impexp.service.ImportExportCodeFillInAnswersTest]
00:26:23.885 [main] DEBUG org.springframework.test.annotation.ProfileValueUtils - Retrieved @ProfileValueSourceConfiguration [null] for test class [pt.ulisboa.tecnico.socialsoftware.tutor.impexp.service.ImportExportCodeFillInAnswersTest]
00:26:23.885 [main] DEBUG org.springframework.test.annotation.ProfileValueUtils - Retrieved ProfileValueSource type [class org.springframework.test.annotation.SystemProfileValueSource] for class [pt.ulisboa.tecnico.socialsoftware.tutor.impexp.service.ImportExportCodeFillInAnswersTest]
00:26:23.885 [main] DEBUG org.springframework.test.context.BootstrapUtils - Instantiating CacheAwareContextLoaderDelegate from class [org.springframework.test.context.cache.DefaultCacheAwareContextLoaderDelegate]
00:26:23.885 [main] DEBUG org.springframework.test.context.BootstrapUtils - Instantiating BootstrapContext using constructor [public org.springframework.test.context.support.DefaultBootstrapContext(java.lang.Class,org.springframework.test.context.CacheAwareContextLoaderDelegate)]
00:26:23.885 [main] DEBUG org.springframework.test.context.BootstrapUtils - Instantiating TestContextBootstrapper for test class [pt.ulisboa.tecnico.socialsoftware.tutor.impexp.service.ImportExportCodeFillInAnswersTest] from class [org.springframework.boot.test.autoconfigure.orm.jpa.DataJpaTestContextBootstrapper]
00:26:23.886 [main] INFO org.springframework.boot.test.autoconfigure.orm.jpa.DataJpaTestContextBootstrapper - Neither @ContextConfiguration nor @ContextHierarchy found for test class [pt.ulisboa.tecnico.socialsoftware.tutor.impexp.service.ImportExportCodeFillInAnswersTest], using SpringBootContextLoader
00:26:23.889 [main] DEBUG org.springframework.test.context.support.AbstractContextLoader - Did not detect default resource location for test class [pt.ulisboa.tecnico.socialsoftware.tutor.impexp.service.ImportExportCodeFillInAnswersTest]: class path resource [pt/ulisboa/tecnico/socialsoftware/tutor/impexp/service/ImportExportCodeFillInAnswersTest-context.xml] does not exist
00:26:23.890 [main] DEBUG org.springframework.test.context.support.AbstractContextLoader - Did not detect default resource location for test class [pt.ulisboa.tecnico.socialsoftware.tutor.impexp.service.ImportExportCodeFillInAnswersTest]: class path resource [pt/ulisboa/tecnico/socialsoftware/tutor/impexp/service/ImportExportCodeFillInAnswersTestContext.groovy] does not exist
00:26:23.890 [main] INFO org.springframework.test.context.support.AbstractContextLoader - Could not detect default resource locations for test class [pt.ulisboa.tecnico.socialsoftware.tutor.impexp.service.ImportExportCodeFillInAnswersTest]: no resource found for suffixes {-context.xml, Context.groovy}.
00:26:23.899 [main] DEBUG org.springframework.test.context.support.ActiveProfilesUtils - Could not find an 'annotation declaring class' for annotation type [org.springframework.test.context.ActiveProfiles] and class [pt.ulisboa.tecnico.socialsoftware.tutor.impexp.service.ImportExportCodeFillInAnswersTest]
00:26:23.933 [main] DEBUG org.springframework.context.annotation.ClassPathScanningCandidateComponentProvider - Identified candidate component class: file [C:\Users\jhmff\Desktop\IST\MEIC\2ano\2Semestre\Tutor\backend\tutor\target\classes\pt\ulisboa\tecnico\socialsoftware\tutor\TutorTestApplication.class]
00:26:23.934 [main] INFO org.springframework.boot.test.context.SpringBootTestContextBootstrapper - Found @SpringBootConfiguration pt.ulisboa.tecnico.socialsoftware.tutor.TutorTestApplication for test class pt.ulisboa.tecnico.socialsoftware.tutor.impexp.service.ImportExportCodeFillInAnswersTest
00:26:23.935 [main] DEBUG org.springframework.boot.test.autoconfigure.orm.jpa.DataJpaTestContextBootstrapper - @TestExecutionListeners is not present for class [pt.ulisboa.tecnico.socialsoftware.tutor.impexp.service.ImportExportCodeFillInAnswersTest]: using defaults.
00:26:23.935 [main] INFO org.springframework.boot.test.autoconfigure.orm.jpa.DataJpaTestContextBootstrapper - Loaded default TestExecutionListener class names from location [META-INF/spring.factories]: [org.springframework.boot.test.mock.mockito.MockitoTestExecutionListener, org.springframework.boot.test.mock.mockito.ResetMocksTestExecutionListener, org.springframework.boot.test.autoconfigure.restdocs.RestDocsTestExecutionListener, org.springframework.boot.test.autoconfigure.web.client.MockRestServiceServerResetTestExecutionListener, org.springframework.boot.test.autoconfigure.web.servlet.MockMvcPrintOnlyOnFailureTestExecutionListener, org.springframework.boot.test.autoconfigure.web.servlet.WebDriverTestExecutionListener, org.springframework.boot.test.autoconfigure.webservices.client.MockWebServiceServerTestExecutionListener, org.springframework.test.context.web.ServletTestExecutionListener, org.springframework.test.context.support.DirtiesContextBeforeModesTestExecutionListener, org.springframework.test.context.event.ApplicationEventsTestExecutionListener, org.springframework.test.context.support.DependencyInjectionTestExecutionListener, org.springframework.test.context.support.DirtiesContextTestExecutionListener, org.springframework.test.context.transaction.TransactionalTestExecutionListener, org.springframework.test.context.jdbc.SqlScriptsTestExecutionListener, org.springframework.test.context.event.EventPublishingTestExecutionListener, org.springframework.security.test.context.support.WithSecurityContextTestExecutionListener, org.springframework.security.test.context.support.ReactorContextTestExecutionListener, org.spockframework.spring.SpringMockTestExecutionListener]
00:26:23.937 [main] INFO org.springframework.boot.test.autoconfigure.orm.jpa.DataJpaTestContextBootstrapper - Using TestExecutionListeners: [org.springframework.test.context.web.ServletTestExecutionListener@3c108c05, org.springframework.test.context.support.DirtiesContextBeforeModesTestExecutionListener@193d7ac7, org.springframework.test.context.event.ApplicationEventsTestExecutionListener@7d0333c8, org.springframework.boot.test.mock.mockito.MockitoTestExecutionListener@185b7cc6, org.springframework.boot.test.autoconfigure.SpringBootDependencyInjectionTestExecutionListener@2093bb6c, org.springframework.test.context.support.DirtiesContextTestExecutionListener@528a16fb, org.springframework.test.context.transaction.TransactionalTestExecutionListener@3673e211, org.springframework.test.context.jdbc.SqlScriptsTestExecutionListener@758d0555, org.springframework.test.context.event.EventPublishingTestExecutionListener@48788853, org.springframework.security.test.context.support.WithSecurityContextTestExecutionListener@4ac77269, org.springframework.security.test.context.support.ReactorContextTestExecutionListener@638d624a, org.springframework.boot.test.mock.mockito.ResetMocksTestExecutionListener@7eb774c3, org.springframework.boot.test.autoconfigure.restdocs.RestDocsTestExecutionListener@72015156, org.springframework.boot.test.autoconfigure.web.client.MockRestServiceServerResetTestExecutionListener@3a42145, org.springframework.boot.test.autoconfigure.web.servlet.MockMvcPrintOnlyOnFailureTestExecutionListener@bb38c49, org.springframework.boot.test.autoconfigure.web.servlet.WebDriverTestExecutionListener@4e67e090, org.springframework.boot.test.autoconfigure.webservices.client.MockWebServiceServerTestExecutionListener@361483eb, org.spockframework.spring.SpringMockTestExecutionListener@14983265]
00:26:23.948 [main] DEBUG org.springframework.test.annotation.ProfileValueUtils - Retrieved @ProfileValueSourceConfiguration [null] for test class [pt.ulisboa.tecnico.socialsoftware.tutor.impexp.service.ImportExportCodeFillInQuestionsTest]
00:26:23.948 [main] DEBUG org.springframework.test.annotation.ProfileValueUtils - Retrieved ProfileValueSource type [class org.springframework.test.annotation.SystemProfileValueSource] for class [pt.ulisboa.tecnico.socialsoftware.tutor.impexp.service.ImportExportCodeFillInQuestionsTest]
00:26:23.949 [main] DEBUG org.springframework.test.annotation.ProfileValueUtils - Retrieved @ProfileValueSourceConfiguration [null] for test class [pt.ulisboa.tecnico.socialsoftware.tutor.impexp.service.ImportExportCodeFillInQuestionsTest]
00:26:23.949 [main] DEBUG org.springframework.test.annotation.ProfileValueUtils - Retrieved ProfileValueSource type [class org.springframework.test.annotation.SystemProfileValueSource] for class [pt.ulisboa.tecnico.socialsoftware.tutor.impexp.service.ImportExportCodeFillInQuestionsTest]
00:26:23.949 [main] DEBUG org.springframework.test.annotation.ProfileValueUtils - Retrieved @ProfileValueSourceConfiguration [null] for test class [pt.ulisboa.tecnico.socialsoftware.tutor.impexp.service.ImportExportCodeFillInQuestionsTest]
00:26:23.949 [main] DEBUG org.springframework.test.annotation.ProfileValueUtils - Retrieved ProfileValueSource type [class org.springframework.test.annotation.SystemProfileValueSource] for class [pt.ulisboa.tecnico.socialsoftware.tutor.impexp.service.ImportExportCodeFillInQuestionsTest]
00:26:23.949 [main] DEBUG org.springframework.test.context.BootstrapUtils - Instantiating CacheAwareContextLoaderDelegate from class [org.springframework.test.context.cache.DefaultCacheAwareContextLoaderDelegate]
00:26:23.949 [main] DEBUG org.springframework.test.context.BootstrapUtils - Instantiating BootstrapContext using constructor [public org.springframework.test.context.support.DefaultBootstrapContext(java.lang.Class,org.springframework.test.context.CacheAwareContextLoaderDelegate)]
00:26:23.950 [main] DEBUG org.springframework.test.context.BootstrapUtils - Instantiating TestContextBootstrapper for test class [pt.ulisboa.tecnico.socialsoftware.tutor.impexp.service.ImportExportCodeFillInQuestionsTest] from class [org.springframework.boot.test.autoconfigure.orm.jpa.DataJpaTestContextBootstrapper]
00:26:23.950 [main] INFO org.springframework.boot.test.autoconfigure.orm.jpa.DataJpaTestContextBootstrapper - Neither @ContextConfiguration nor @ContextHierarchy found for test class [pt.ulisboa.tecnico.socialsoftware.tutor.impexp.service.ImportExportCodeFillInQuestionsTest], using SpringBootContextLoader
00:26:23.952 [main] DEBUG org.springframework.test.context.support.AbstractContextLoader - Did not detect default resource location for test class [pt.ulisboa.tecnico.socialsoftware.tutor.impexp.service.ImportExportCodeFillInQuestionsTest]: class path resource [pt/ulisboa/tecnico/socialsoftware/tutor/impexp/service/ImportExportCodeFillInQuestionsTest-context.xml] does not exist
00:26:23.953 [main] DEBUG org.springframework.test.context.support.AbstractContextLoader - Did not detect default resource location for test class [pt.ulisboa.tecnico.socialsoftware.tutor.impexp.service.ImportExportCodeFillInQuestionsTest]: class path resource [pt/ulisboa/tecnico/socialsoftware/tutor/impexp/service/ImportExportCodeFillInQuestionsTestContext.groovy] does not exist
00:26:23.953 [main] INFO org.springframework.test.context.support.AbstractContextLoader - Could not detect default resource locations for test class [pt.ulisboa.tecnico.socialsoftware.tutor.impexp.service.ImportExportCodeFillInQuestionsTest]: no resource found for suffixes {-context.xml, Context.groovy}.
00:26:23.960 [main] DEBUG org.springframework.test.context.support.ActiveProfilesUtils - Could not find an 'annotation declaring class' for annotation type [org.springframework.test.context.ActiveProfiles] and class [pt.ulisboa.tecnico.socialsoftware.tutor.impexp.service.ImportExportCodeFillInQuestionsTest]
00:26:23.961 [main] INFO org.springframework.boot.test.context.SpringBootTestContextBootstrapper - Found @SpringBootConfiguration pt.ulisboa.tecnico.socialsoftware.tutor.TutorTestApplication for test class pt.ulisboa.tecnico.socialsoftware.tutor.impexp.service.ImportExportCodeFillInQuestionsTest
00:26:23.962 [main] DEBUG org.springframework.boot.test.autoconfigure.orm.jpa.DataJpaTestContextBootstrapper - @TestExecutionListeners is not present for class [pt.ulisboa.tecnico.socialsoftware.tutor.impexp.service.ImportExportCodeFillInQuestionsTest]: using defaults.
00:26:23.962 [main] INFO org.springframework.boot.test.autoconfigure.orm.jpa.DataJpaTestContextBootstrapper - Loaded default TestExecutionListener class names from location [META-INF/spring.factories]: [org.springframework.boot.test.mock.mockito.MockitoTestExecutionListener, org.springframework.boot.test.mock.mockito.ResetMocksTestExecutionListener, org.springframework.boot.test.autoconfigure.restdocs.RestDocsTestExecutionListener, org.springframework.boot.test.autoconfigure.web.client.MockRestServiceServerResetTestExecutionListener, org.springframework.boot.test.autoconfigure.web.servlet.MockMvcPrintOnlyOnFailureTestExecutionListener, org.springframework.boot.test.autoconfigure.web.servlet.WebDriverTestExecutionListener, org.springframework.boot.test.autoconfigure.webservices.client.MockWebServiceServerTestExecutionListener, org.springframework.test.context.web.ServletTestExecutionListener, org.springframework.test.context.support.DirtiesContextBeforeModesTestExecutionListener, org.springframework.test.context.event.ApplicationEventsTestExecutionListener, org.springframework.test.context.support.DependencyInjectionTestExecutionListener, org.springframework.test.context.support.DirtiesContextTestExecutionListener, org.springframework.test.context.transaction.TransactionalTestExecutionListener, org.springframework.test.context.jdbc.SqlScriptsTestExecutionListener, org.springframework.test.context.event.EventPublishingTestExecutionListener, org.springframework.security.test.context.support.WithSecurityContextTestExecutionListener, org.springframework.security.test.context.support.ReactorContextTestExecutionListener, org.spockframework.spring.SpringMockTestExecutionListener]
00:26:23.965 [main] INFO org.springframework.boot.test.autoconfigure.orm.jpa.DataJpaTestContextBootstrapper - Using TestExecutionListeners: [org.springframework.test.context.web.ServletTestExecutionListener@658098a2, org.springframework.test.context.support.DirtiesContextBeforeModesTestExecutionListener@50628080, org.springframework.test.context.event.ApplicationEventsTestExecutionListener@155318b5, org.springframework.boot.test.mock.mockito.MockitoTestExecutionListener@1add90e0, org.springframework.boot.test.autoconfigure.SpringBootDependencyInjectionTestExecutionListener@7bf94e91, org.springframework.test.context.support.DirtiesContextTestExecutionListener@3fdbb7ee, org.springframework.test.context.transaction.TransactionalTestExecutionListener@32c08610, org.springframework.test.context.jdbc.SqlScriptsTestExecutionListener@44ec4a38, org.springframework.test.context.event.EventPublishingTestExecutionListener@755009f2, org.springframework.security.test.context.support.WithSecurityContextTestExecutionListener@1756a471, org.springframework.security.test.context.support.ReactorContextTestExecutionListener@2190508d, org.springframework.boot.test.mock.mockito.ResetMocksTestExecutionListener@70b630d, org.springframework.boot.test.autoconfigure.restdocs.RestDocsTestExecutionListener@72e1e587, org.springframework.boot.test.autoconfigure.web.client.MockRestServiceServerResetTestExecutionListener@5036a286, org.springframework.boot.test.autoconfigure.web.servlet.MockMvcPrintOnlyOnFailureTestExecutionListener@73818435, org.springframework.boot.test.autoconfigure.web.servlet.WebDriverTestExecutionListener@2fce8243, org.springframework.boot.test.autoconfigure.webservices.client.MockWebServiceServerTestExecutionListener@52fe87e0, org.spockframework.spring.SpringMockTestExecutionListener@37393dab]
00:26:23.979 [main] DEBUG org.springframework.test.annotation.ProfileValueUtils - Retrieved @ProfileValueSourceConfiguration [null] for test class [pt.ulisboa.tecnico.socialsoftware.tutor.impexp.service.ImportExportCodeOderAnswersTest]
00:26:23.979 [main] DEBUG org.springframework.test.annotation.ProfileValueUtils - Retrieved ProfileValueSource type [class org.springframework.test.annotation.SystemProfileValueSource] for class [pt.ulisboa.tecnico.socialsoftware.tutor.impexp.service.ImportExportCodeOderAnswersTest]
00:26:23.979 [main] DEBUG org.springframework.test.annotation.ProfileValueUtils - Retrieved @ProfileValueSourceConfiguration [null] for test class [pt.ulisboa.tecnico.socialsoftware.tutor.impexp.service.ImportExportCodeOderAnswersTest]
00:26:23.979 [main] DEBUG org.springframework.test.annotation.ProfileValueUtils - Retrieved ProfileValueSource type [class org.springframework.test.annotation.SystemProfileValueSource] for class [pt.ulisboa.tecnico.socialsoftware.tutor.impexp.service.ImportExportCodeOderAnswersTest]
00:26:23.979 [main] DEBUG org.springframework.test.context.BootstrapUtils - Instantiating CacheAwareContextLoaderDelegate from class [org.springframework.test.context.cache.DefaultCacheAwareContextLoaderDelegate]
00:26:23.979 [main] DEBUG org.springframework.test.context.BootstrapUtils - Instantiating BootstrapContext using constructor [public org.springframework.test.context.support.DefaultBootstrapContext(java.lang.Class,org.springframework.test.context.CacheAwareContextLoaderDelegate)]
00:26:23.980 [main] DEBUG org.springframework.test.context.BootstrapUtils - Instantiating TestContextBootstrapper for test class [pt.ulisboa.tecnico.socialsoftware.tutor.impexp.service.ImportExportCodeOderAnswersTest] from class [org.springframework.boot.test.autoconfigure.orm.jpa.DataJpaTestContextBootstrapper]
00:26:23.981 [main] INFO org.springframework.boot.test.autoconfigure.orm.jpa.DataJpaTestContextBootstrapper - Neither @ContextConfiguration nor @ContextHierarchy found for test class [pt.ulisboa.tecnico.socialsoftware.tutor.impexp.service.ImportExportCodeOderAnswersTest], using SpringBootContextLoader
00:26:23.982 [main] DEBUG org.springframework.test.context.support.AbstractContextLoader - Did not detect default resource location for test class [pt.ulisboa.tecnico.socialsoftware.tutor.impexp.service.ImportExportCodeOderAnswersTest]: class path resource [pt/ulisboa/tecnico/socialsoftware/tutor/impexp/service/ImportExportCodeOderAnswersTest-context.xml] does not exist
00:26:23.983 [main] DEBUG org.springframework.test.context.support.AbstractContextLoader - Did not detect default resource location for test class [pt.ulisboa.tecnico.socialsoftware.tutor.impexp.service.ImportExportCodeOderAnswersTest]: class path resource [pt/ulisboa/tecnico/socialsoftware/tutor/impexp/service/ImportExportCodeOderAnswersTestContext.groovy] does not exist
00:26:23.983 [main] INFO org.springframework.test.context.support.AbstractContextLoader - Could not detect default resource locations for test class [pt.ulisboa.tecnico.socialsoftware.tutor.impexp.service.ImportExportCodeOderAnswersTest]: no resource found for suffixes {-context.xml, Context.groovy}.
00:26:23.990 [main] DEBUG org.springframework.test.context.support.ActiveProfilesUtils - Could not find an 'annotation declaring class' for annotation type [org.springframework.test.context.ActiveProfiles] and class [pt.ulisboa.tecnico.socialsoftware.tutor.impexp.service.ImportExportCodeOderAnswersTest]
00:26:23.991 [main] INFO org.springframework.boot.test.context.SpringBootTestContextBootstrapper - Found @SpringBootConfiguration pt.ulisboa.tecnico.socialsoftware.tutor.TutorTestApplication for test class pt.ulisboa.tecnico.socialsoftware.tutor.impexp.service.ImportExportCodeOderAnswersTest
00:26:23.992 [main] DEBUG org.springframework.boot.test.autoconfigure.orm.jpa.DataJpaTestContextBootstrapper - @TestExecutionListeners is not present for class [pt.ulisboa.tecnico.socialsoftware.tutor.impexp.service.ImportExportCodeOderAnswersTest]: using defaults.
00:26:23.992 [main] INFO org.springframework.boot.test.autoconfigure.orm.jpa.DataJpaTestContextBootstrapper - Loaded default TestExecutionListener class names from location [META-INF/spring.factories]: [org.springframework.boot.test.mock.mockito.MockitoTestExecutionListener, org.springframework.boot.test.mock.mockito.ResetMocksTestExecutionListener, org.springframework.boot.test.autoconfigure.restdocs.RestDocsTestExecutionListener, org.springframework.boot.test.autoconfigure.web.client.MockRestServiceServerResetTestExecutionListener, org.springframework.boot.test.autoconfigure.web.servlet.MockMvcPrintOnlyOnFailureTestExecutionListener, org.springframework.boot.test.autoconfigure.web.servlet.WebDriverTestExecutionListener, org.springframework.boot.test.autoconfigure.webservices.client.MockWebServiceServerTestExecutionListener, org.springframework.test.context.web.ServletTestExecutionListener, org.springframework.test.context.support.DirtiesContextBeforeModesTestExecutionListener, org.springframework.test.context.event.ApplicationEventsTestExecutionListener, org.springframework.test.context.support.DependencyInjectionTestExecutionListener, org.springframework.test.context.support.DirtiesContextTestExecutionListener, org.springframework.test.context.transaction.TransactionalTestExecutionListener, org.springframework.test.context.jdbc.SqlScriptsTestExecutionListener, org.springframework.test.context.event.EventPublishingTestExecutionListener, org.springframework.security.test.context.support.WithSecurityContextTestExecutionListener, org.springframework.security.test.context.support.ReactorContextTestExecutionListener, org.spockframework.spring.SpringMockTestExecutionListener]
00:26:23.994 [main] INFO org.springframework.boot.test.autoconfigure.orm.jpa.DataJpaTestContextBootstrapper - Using TestExecutionListeners: [org.springframework.test.context.web.ServletTestExecutionListener@1a7437d8, org.springframework.test.context.support.DirtiesContextBeforeModesTestExecutionListener@6f695077, org.springframework.test.context.event.ApplicationEventsTestExecutionListener@5b31a9e3, org.springframework.boot.test.mock.mockito.MockitoTestExecutionListener@282240, org.springframework.boot.test.autoconfigure.SpringBootDependencyInjectionTestExecutionListener@3b590f6a, org.springframework.test.context.support.DirtiesContextTestExecutionListener@1e160a9e, org.springframework.test.context.transaction.TransactionalTestExecutionListener@483ed60e, org.springframework.test.context.jdbc.SqlScriptsTestExecutionListener@9c5d76b, org.springframework.test.context.event.EventPublishingTestExecutionListener@7a14ab66, org.springframework.security.test.context.support.WithSecurityContextTestExecutionListener@54780c40, org.springframework.security.test.context.support.ReactorContextTestExecutionListener@6ac83e67, org.springframework.boot.test.mock.mockito.ResetMocksTestExecutionListener@4d91d2da, org.springframework.boot.test.autoconfigure.restdocs.RestDocsTestExecutionListener@12811f95, org.springframework.boot.test.autoconfigure.web.client.MockRestServiceServerResetTestExecutionListener@68f1b89, org.springframework.boot.test.autoconfigure.web.servlet.MockMvcPrintOnlyOnFailureTestExecutionListener@2d1f3639, org.springframework.boot.test.autoconfigure.web.servlet.WebDriverTestExecutionListener@6e5b3642, org.springframework.boot.test.autoconfigure.webservices.client.MockWebServiceServerTestExecutionListener@74bcf1ab, org.spockframework.spring.SpringMockTestExecutionListener@a11efe6]
00:26:24.007 [main] DEBUG org.springframework.test.annotation.ProfileValueUtils - Retrieved @ProfileValueSourceConfiguration [null] for test class [pt.ulisboa.tecnico.socialsoftware.tutor.impexp.service.ImportExportCodeOrderQuestionsTest]
00:26:24.007 [main] DEBUG org.springframework.test.annotation.ProfileValueUtils - Retrieved ProfileValueSource type [class org.springframework.test.annotation.SystemProfileValueSource] for class [pt.ulisboa.tecnico.socialsoftware.tutor.impexp.service.ImportExportCodeOrderQuestionsTest]
00:26:24.007 [main] DEBUG org.springframework.test.annotation.ProfileValueUtils - Retrieved @ProfileValueSourceConfiguration [null] for test class [pt.ulisboa.tecnico.socialsoftware.tutor.impexp.service.ImportExportCodeOrderQuestionsTest]
00:26:24.007 [main] DEBUG org.springframework.test.annotation.ProfileValueUtils - Retrieved ProfileValueSource type [class org.springframework.test.annotation.SystemProfileValueSource] for class [pt.ulisboa.tecnico.socialsoftware.tutor.impexp.service.ImportExportCodeOrderQuestionsTest]
00:26:24.007 [main] DEBUG org.springframework.test.annotation.ProfileValueUtils - Retrieved @ProfileValueSourceConfiguration [null] for test class [pt.ulisboa.tecnico.socialsoftware.tutor.impexp.service.ImportExportCodeOrderQuestionsTest]
00:26:24.007 [main] DEBUG org.springframework.test.annotation.ProfileValueUtils - Retrieved ProfileValueSource type [class org.springframework.test.annotation.SystemProfileValueSource] for class [pt.ulisboa.tecnico.socialsoftware.tutor.impexp.service.ImportExportCodeOrderQuestionsTest]
00:26:24.007 [main] DEBUG org.springframework.test.context.BootstrapUtils - Instantiating CacheAwareContextLoaderDelegate from class [org.springframework.test.context.cache.DefaultCacheAwareContextLoaderDelegate]
00:26:24.008 [main] DEBUG org.springframework.test.context.BootstrapUtils - Instantiating BootstrapContext using constructor [public org.springframework.test.context.support.DefaultBootstrapContext(java.lang.Class,org.springframework.test.context.CacheAwareContextLoaderDelegate)]
00:26:24.008 [main] DEBUG org.springframework.test.context.BootstrapUtils - Instantiating TestContextBootstrapper for test class [pt.ulisboa.tecnico.socialsoftware.tutor.impexp.service.ImportExportCodeOrderQuestionsTest] from class [org.springframework.boot.test.autoconfigure.orm.jpa.DataJpaTestContextBootstrapper]
00:26:24.009 [main] INFO org.springframework.boot.test.autoconfigure.orm.jpa.DataJpaTestContextBootstrapper - Neither @ContextConfiguration nor @ContextHierarchy found for test class [pt.ulisboa.tecnico.socialsoftware.tutor.impexp.service.ImportExportCodeOrderQuestionsTest], using SpringBootContextLoader
00:26:24.010 [main] DEBUG org.springframework.test.context.support.AbstractContextLoader - Did not detect default resource location for test class [pt.ulisboa.tecnico.socialsoftware.tutor.impexp.service.ImportExportCodeOrderQuestionsTest]: class path resource [pt/ulisboa/tecnico/socialsoftware/tutor/impexp/service/ImportExportCodeOrderQuestionsTest-context.xml] does not exist
00:26:24.011 [main] DEBUG org.springframework.test.context.support.AbstractContextLoader - Did not detect default resource location for test class [pt.ulisboa.tecnico.socialsoftware.tutor.impexp.service.ImportExportCodeOrderQuestionsTest]: class path resource [pt/ulisboa/tecnico/socialsoftware/tutor/impexp/service/ImportExportCodeOrderQuestionsTestContext.groovy] does not exist
00:26:24.012 [main] INFO org.springframework.test.context.support.AbstractContextLoader - Could not detect default resource locations for test class [pt.ulisboa.tecnico.socialsoftware.tutor.impexp.service.ImportExportCodeOrderQuestionsTest]: no resource found for suffixes {-context.xml, Context.groovy}.
00:26:24.017 [main] DEBUG org.springframework.test.context.support.ActiveProfilesUtils - Could not find an 'annotation declaring class' for annotation type [org.springframework.test.context.ActiveProfiles] and class [pt.ulisboa.tecnico.socialsoftware.tutor.impexp.service.ImportExportCodeOrderQuestionsTest]
00:26:24.019 [main] INFO org.springframework.boot.test.context.SpringBootTestContextBootstrapper - Found @SpringBootConfiguration pt.ulisboa.tecnico.socialsoftware.tutor.TutorTestApplication for test class pt.ulisboa.tecnico.socialsoftware.tutor.impexp.service.ImportExportCodeOrderQuestionsTest
00:26:24.020 [main] DEBUG org.springframework.boot.test.autoconfigure.orm.jpa.DataJpaTestContextBootstrapper - @TestExecutionListeners is not present for class [pt.ulisboa.tecnico.socialsoftware.tutor.impexp.service.ImportExportCodeOrderQuestionsTest]: using defaults.
00:26:24.020 [main] INFO org.springframework.boot.test.autoconfigure.orm.jpa.DataJpaTestContextBootstrapper - Loaded default TestExecutionListener class names from location [META-INF/spring.factories]: [org.springframework.boot.test.mock.mockito.MockitoTestExecutionListener, org.springframework.boot.test.mock.mockito.ResetMocksTestExecutionListener, org.springframework.boot.test.autoconfigure.restdocs.RestDocsTestExecutionListener, org.springframework.boot.test.autoconfigure.web.client.MockRestServiceServerResetTestExecutionListener, org.springframework.boot.test.autoconfigure.web.servlet.MockMvcPrintOnlyOnFailureTestExecutionListener, org.springframework.boot.test.autoconfigure.web.servlet.WebDriverTestExecutionListener, org.springframework.boot.test.autoconfigure.webservices.client.MockWebServiceServerTestExecutionListener, org.springframework.test.context.web.ServletTestExecutionListener, org.springframework.test.context.support.DirtiesContextBeforeModesTestExecutionListener, org.springframework.test.context.event.ApplicationEventsTestExecutionListener, org.springframework.test.context.support.DependencyInjectionTestExecutionListener, org.springframework.test.context.support.DirtiesContextTestExecutionListener, org.springframework.test.context.transaction.TransactionalTestExecutionListener, org.springframework.test.context.jdbc.SqlScriptsTestExecutionListener, org.springframework.test.context.event.EventPublishingTestExecutionListener, org.springframework.security.test.context.support.WithSecurityContextTestExecutionListener, org.springframework.security.test.context.support.ReactorContextTestExecutionListener, org.spockframework.spring.SpringMockTestExecutionListener]
00:26:24.021 [main] INFO org.springframework.boot.test.autoconfigure.orm.jpa.DataJpaTestContextBootstrapper - Using TestExecutionListeners: [org.springframework.test.context.web.ServletTestExecutionListener@7a7f2247, org.springframework.test.context.support.DirtiesContextBeforeModesTestExecutionListener@4946dfde, org.springframework.test.context.event.ApplicationEventsTestExecutionListener@77972964, org.springframework.boot.test.mock.mockito.MockitoTestExecutionListener@794f937a, org.springframework.boot.test.autoconfigure.SpringBootDependencyInjectionTestExecutionListener@7aa1fb0e, org.springframework.test.context.support.DirtiesContextTestExecutionListener@5e663ab, org.springframework.test.context.transaction.TransactionalTestExecutionListener@4b74a67a, org.springframework.test.context.jdbc.SqlScriptsTestExecutionListener@4e25282d, org.springframework.test.context.event.EventPublishingTestExecutionListener@3b29d36c, org.springframework.security.test.context.support.WithSecurityContextTestExecutionListener@d641499, org.springframework.security.test.context.support.ReactorContextTestExecutionListener@634d3439, org.springframework.boot.test.mock.mockito.ResetMocksTestExecutionListener@44e0c3d, org.springframework.boot.test.autoconfigure.restdocs.RestDocsTestExecutionListener@71891d6b, org.springframework.boot.test.autoconfigure.web.client.MockRestServiceServerResetTestExecutionListener@5ce41f1f, org.springframework.boot.test.autoconfigure.web.servlet.MockMvcPrintOnlyOnFailureTestExecutionListener@56820446, org.springframework.boot.test.autoconfigure.web.servlet.WebDriverTestExecutionListener@2259d54f, org.springframework.boot.test.autoconfigure.webservices.client.MockWebServiceServerTestExecutionListener@1b82f62a, org.spockframework.spring.SpringMockTestExecutionListener@67e21ea2]
00:26:24.033 [main] DEBUG org.springframework.test.annotation.ProfileValueUtils - Retrieved @ProfileValueSourceConfiguration [null] for test class [pt.ulisboa.tecnico.socialsoftware.tutor.impexp.service.ImportExportMultipleChoiceAnswersTest]
00:26:24.033 [main] DEBUG org.springframework.test.annotation.ProfileValueUtils - Retrieved ProfileValueSource type [class org.springframework.test.annotation.SystemProfileValueSource] for class [pt.ulisboa.tecnico.socialsoftware.tutor.impexp.service.ImportExportMultipleChoiceAnswersTest]
00:26:24.033 [main] DEBUG org.springframework.test.annotation.ProfileValueUtils - Retrieved @ProfileValueSourceConfiguration [null] for test class [pt.ulisboa.tecnico.socialsoftware.tutor.impexp.service.ImportExportMultipleChoiceAnswersTest]
00:26:24.034 [main] DEBUG org.springframework.test.annotation.ProfileValueUtils - Retrieved ProfileValueSource type [class org.springframework.test.annotation.SystemProfileValueSource] for class [pt.ulisboa.tecnico.socialsoftware.tutor.impexp.service.ImportExportMultipleChoiceAnswersTest]
00:26:24.034 [main] DEBUG org.springframework.test.context.BootstrapUtils - Instantiating CacheAwareContextLoaderDelegate from class [org.springframework.test.context.cache.DefaultCacheAwareContextLoaderDelegate]
00:26:24.034 [main] DEBUG org.springframework.test.context.BootstrapUtils - Instantiating BootstrapContext using constructor [public org.springframework.test.context.support.DefaultBootstrapContext(java.lang.Class,org.springframework.test.context.CacheAwareContextLoaderDelegate)]
00:26:24.035 [main] DEBUG org.springframework.test.context.BootstrapUtils - Instantiating TestContextBootstrapper for test class [pt.ulisboa.tecnico.socialsoftware.tutor.impexp.service.ImportExportMultipleChoiceAnswersTest] from class [org.springframework.boot.test.autoconfigure.orm.jpa.DataJpaTestContextBootstrapper]
00:26:24.035 [main] INFO org.springframework.boot.test.autoconfigure.orm.jpa.DataJpaTestContextBootstrapper - Neither @ContextConfiguration nor @ContextHierarchy found for test class [pt.ulisboa.tecnico.socialsoftware.tutor.impexp.service.ImportExportMultipleChoiceAnswersTest], using SpringBootContextLoader
00:26:24.037 [main] DEBUG org.springframework.test.context.support.AbstractContextLoader - Did not detect default resource location for test class [pt.ulisboa.tecnico.socialsoftware.tutor.impexp.service.ImportExportMultipleChoiceAnswersTest]: class path resource [pt/ulisboa/tecnico/socialsoftware/tutor/impexp/service/ImportExportMultipleChoiceAnswersTest-context.xml] does not exist
00:26:24.040 [main] DEBUG org.springframework.test.context.support.AbstractContextLoader - Did not detect default resource location for test class [pt.ulisboa.tecnico.socialsoftware.tutor.impexp.service.ImportExportMultipleChoiceAnswersTest]: class path resource [pt/ulisboa/tecnico/socialsoftware/tutor/impexp/service/ImportExportMultipleChoiceAnswersTestContext.groovy] does not exist
00:26:24.040 [main] INFO org.springframework.test.context.support.AbstractContextLoader - Could not detect default resource locations for test class [pt.ulisboa.tecnico.socialsoftware.tutor.impexp.service.ImportExportMultipleChoiceAnswersTest]: no resource found for suffixes {-context.xml, Context.groovy}.
00:26:24.045 [main] DEBUG org.springframework.test.context.support.ActiveProfilesUtils - Could not find an 'annotation declaring class' for annotation type [org.springframework.test.context.ActiveProfiles] and class [pt.ulisboa.tecnico.socialsoftware.tutor.impexp.service.ImportExportMultipleChoiceAnswersTest]
00:26:24.046 [main] INFO org.springframework.boot.test.context.SpringBootTestContextBootstrapper - Found @SpringBootConfiguration pt.ulisboa.tecnico.socialsoftware.tutor.TutorTestApplication for test class pt.ulisboa.tecnico.socialsoftware.tutor.impexp.service.ImportExportMultipleChoiceAnswersTest
00:26:24.048 [main] DEBUG org.springframework.boot.test.autoconfigure.orm.jpa.DataJpaTestContextBootstrapper - @TestExecutionListeners is not present for class [pt.ulisboa.tecnico.socialsoftware.tutor.impexp.service.ImportExportMultipleChoiceAnswersTest]: using defaults.
00:26:24.048 [main] INFO org.springframework.boot.test.autoconfigure.orm.jpa.DataJpaTestContextBootstrapper - Loaded default TestExecutionListener class names from location [META-INF/spring.factories]: [org.springframework.boot.test.mock.mockito.MockitoTestExecutionListener, org.springframework.boot.test.mock.mockito.ResetMocksTestExecutionListener, org.springframework.boot.test.autoconfigure.restdocs.RestDocsTestExecutionListener, org.springframework.boot.test.autoconfigure.web.client.MockRestServiceServerResetTestExecutionListener, org.springframework.boot.test.autoconfigure.web.servlet.MockMvcPrintOnlyOnFailureTestExecutionListener, org.springframework.boot.test.autoconfigure.web.servlet.WebDriverTestExecutionListener, org.springframework.boot.test.autoconfigure.webservices.client.MockWebServiceServerTestExecutionListener, org.springframework.test.context.web.ServletTestExecutionListener, org.springframework.test.context.support.DirtiesContextBeforeModesTestExecutionListener, org.springframework.test.context.event.ApplicationEventsTestExecutionListener, org.springframework.test.context.support.DependencyInjectionTestExecutionListener, org.springframework.test.context.support.DirtiesContextTestExecutionListener, org.springframework.test.context.transaction.TransactionalTestExecutionListener, org.springframework.test.context.jdbc.SqlScriptsTestExecutionListener, org.springframework.test.context.event.EventPublishingTestExecutionListener, org.springframework.security.test.context.support.WithSecurityContextTestExecutionListener, org.springframework.security.test.context.support.ReactorContextTestExecutionListener, org.spockframework.spring.SpringMockTestExecutionListener]
00:26:24.050 [main] INFO org.springframework.boot.test.autoconfigure.orm.jpa.DataJpaTestContextBootstrapper - Using TestExecutionListeners: [org.springframework.test.context.web.ServletTestExecutionListener@5216532a, org.springframework.test.context.support.DirtiesContextBeforeModesTestExecutionListener@862624f, org.springframework.test.context.event.ApplicationEventsTestExecutionListener@3aa8c337, org.springframework.boot.test.mock.mockito.MockitoTestExecutionListener@78e7b83, org.springframework.boot.test.autoconfigure.SpringBootDependencyInjectionTestExecutionListener@6761f75b, org.springframework.test.context.support.DirtiesContextTestExecutionListener@7c8a91e2, org.springframework.test.context.transaction.TransactionalTestExecutionListener@c7443f, org.springframework.test.context.jdbc.SqlScriptsTestExecutionListener@74e175c7, org.springframework.test.context.event.EventPublishingTestExecutionListener@1c528f2f, org.springframework.security.test.context.support.WithSecurityContextTestExecutionListener@34ff08c6, org.springframework.security.test.context.support.ReactorContextTestExecutionListener@e2344da, org.springframework.boot.test.mock.mockito.ResetMocksTestExecutionListener@71135794, org.springframework.boot.test.autoconfigure.restdocs.RestDocsTestExecutionListener@79b0956e, org.springframework.boot.test.autoconfigure.web.client.MockRestServiceServerResetTestExecutionListener@35451ba6, org.springframework.boot.test.autoconfigure.web.servlet.MockMvcPrintOnlyOnFailureTestExecutionListener@21d48c40, org.springframework.boot.test.autoconfigure.web.servlet.WebDriverTestExecutionListener@4a10c019, org.springframework.boot.test.autoconfigure.webservices.client.MockWebServiceServerTestExecutionListener@37f627d0, org.spockframework.spring.SpringMockTestExecutionListener@2a7392a3]
00:26:24.088 [main] DEBUG org.springframework.test.annotation.ProfileValueUtils - Retrieved @ProfileValueSourceConfiguration [null] for test class [pt.ulisboa.tecnico.socialsoftware.tutor.impexp.service.ImportExportMultipleChoiceQuestionsTest]
00:26:24.088 [main] DEBUG org.springframework.test.annotation.ProfileValueUtils - Retrieved ProfileValueSource type [class org.springframework.test.annotation.SystemProfileValueSource] for class [pt.ulisboa.tecnico.socialsoftware.tutor.impexp.service.ImportExportMultipleChoiceQuestionsTest]
00:26:24.088 [main] DEBUG org.springframework.test.annotation.ProfileValueUtils - Retrieved @ProfileValueSourceConfiguration [null] for test class [pt.ulisboa.tecnico.socialsoftware.tutor.impexp.service.ImportExportMultipleChoiceQuestionsTest]
00:26:24.088 [main] DEBUG org.springframework.test.annotation.ProfileValueUtils - Retrieved ProfileValueSource type [class org.springframework.test.annotation.SystemProfileValueSource] for class [pt.ulisboa.tecnico.socialsoftware.tutor.impexp.service.ImportExportMultipleChoiceQuestionsTest]
00:26:24.088 [main] DEBUG org.springframework.test.annotation.ProfileValueUtils - Retrieved @ProfileValueSourceConfiguration [null] for test class [pt.ulisboa.tecnico.socialsoftware.tutor.impexp.service.ImportExportMultipleChoiceQuestionsTest]
00:26:24.088 [main] DEBUG org.springframework.test.annotation.ProfileValueUtils - Retrieved ProfileValueSource type [class org.springframework.test.annotation.SystemProfileValueSource] for class [pt.ulisboa.tecnico.socialsoftware.tutor.impexp.service.ImportExportMultipleChoiceQuestionsTest]
00:26:24.088 [main] DEBUG org.springframework.test.context.BootstrapUtils - Instantiating CacheAwareContextLoaderDelegate from class [org.springframework.test.context.cache.DefaultCacheAwareContextLoaderDelegate]
00:26:24.088 [main] DEBUG org.springframework.test.context.BootstrapUtils - Instantiating BootstrapContext using constructor [public org.springframework.test.context.support.DefaultBootstrapContext(java.lang.Class,org.springframework.test.context.CacheAwareContextLoaderDelegate)]
00:26:24.089 [main] DEBUG org.springframework.test.context.BootstrapUtils - Instantiating TestContextBootstrapper for test class [pt.ulisboa.tecnico.socialsoftware.tutor.impexp.service.ImportExportMultipleChoiceQuestionsTest] from class [org.springframework.boot.test.autoconfigure.orm.jpa.DataJpaTestContextBootstrapper]
00:26:24.090 [main] INFO org.springframework.boot.test.autoconfigure.orm.jpa.DataJpaTestContextBootstrapper - Neither @ContextConfiguration nor @ContextHierarchy found for test class [pt.ulisboa.tecnico.socialsoftware.tutor.impexp.service.ImportExportMultipleChoiceQuestionsTest], using SpringBootContextLoader
00:26:24.092 [main] DEBUG org.springframework.test.context.support.AbstractContextLoader - Did not detect default resource location for test class [pt.ulisboa.tecnico.socialsoftware.tutor.impexp.service.ImportExportMultipleChoiceQuestionsTest]: class path resource [pt/ulisboa/tecnico/socialsoftware/tutor/impexp/service/ImportExportMultipleChoiceQuestionsTest-context.xml] does not exist
00:26:24.093 [main] DEBUG org.springframework.test.context.support.AbstractContextLoader - Did not detect default resource location for test class [pt.ulisboa.tecnico.socialsoftware.tutor.impexp.service.ImportExportMultipleChoiceQuestionsTest]: class path resource [pt/ulisboa/tecnico/socialsoftware/tutor/impexp/service/ImportExportMultipleChoiceQuestionsTestContext.groovy] does not exist
00:26:24.093 [main] INFO org.springframework.test.context.support.AbstractContextLoader - Could not detect default resource locations for test class [pt.ulisboa.tecnico.socialsoftware.tutor.impexp.service.ImportExportMultipleChoiceQuestionsTest]: no resource found for suffixes {-context.xml, Context.groovy}.
00:26:24.099 [main] DEBUG org.springframework.test.context.support.ActiveProfilesUtils - Could not find an 'annotation declaring class' for annotation type [org.springframework.test.context.ActiveProfiles] and class [pt.ulisboa.tecnico.socialsoftware.tutor.impexp.service.ImportExportMultipleChoiceQuestionsTest]
00:26:24.100 [main] INFO org.springframework.boot.test.context.SpringBootTestContextBootstrapper - Found @SpringBootConfiguration pt.ulisboa.tecnico.socialsoftware.tutor.TutorTestApplication for test class pt.ulisboa.tecnico.socialsoftware.tutor.impexp.service.ImportExportMultipleChoiceQuestionsTest
00:26:24.101 [main] DEBUG org.springframework.boot.test.autoconfigure.orm.jpa.DataJpaTestContextBootstrapper - @TestExecutionListeners is not present for class [pt.ulisboa.tecnico.socialsoftware.tutor.impexp.service.ImportExportMultipleChoiceQuestionsTest]: using defaults.
00:26:24.102 [main] INFO org.springframework.boot.test.autoconfigure.orm.jpa.DataJpaTestContextBootstrapper - Loaded default TestExecutionListener class names from location [META-INF/spring.factories]: [org.springframework.boot.test.mock.mockito.MockitoTestExecutionListener, org.springframework.boot.test.mock.mockito.ResetMocksTestExecutionListener, org.springframework.boot.test.autoconfigure.restdocs.RestDocsTestExecutionListener, org.springframework.boot.test.autoconfigure.web.client.MockRestServiceServerResetTestExecutionListener, org.springframework.boot.test.autoconfigure.web.servlet.MockMvcPrintOnlyOnFailureTestExecutionListener, org.springframework.boot.test.autoconfigure.web.servlet.WebDriverTestExecutionListener, org.springframework.boot.test.autoconfigure.webservices.client.MockWebServiceServerTestExecutionListener, org.springframework.test.context.web.ServletTestExecutionListener, org.springframework.test.context.support.DirtiesContextBeforeModesTestExecutionListener, org.springframework.test.context.event.ApplicationEventsTestExecutionListener, org.springframework.test.context.support.DependencyInjectionTestExecutionListener, org.springframework.test.context.support.DirtiesContextTestExecutionListener, org.springframework.test.context.transaction.TransactionalTestExecutionListener, org.springframework.test.context.jdbc.SqlScriptsTestExecutionListener, org.springframework.test.context.event.EventPublishingTestExecutionListener, org.springframework.security.test.context.support.WithSecurityContextTestExecutionListener, org.springframework.security.test.context.support.ReactorContextTestExecutionListener, org.spockframework.spring.SpringMockTestExecutionListener]
00:26:24.104 [main] INFO org.springframework.boot.test.autoconfigure.orm.jpa.DataJpaTestContextBootstrapper - Using TestExecutionListeners: [org.springframework.test.context.web.ServletTestExecutionListener@3085befb, org.springframework.test.context.support.DirtiesContextBeforeModesTestExecutionListener@62264d4f, org.springframework.test.context.event.ApplicationEventsTestExecutionListener@2bc0603f, org.springframework.boot.test.mock.mockito.MockitoTestExecutionListener@4ed19540, org.springframework.boot.test.autoconfigure.SpringBootDependencyInjectionTestExecutionListener@533e8807, org.springframework.test.context.support.DirtiesContextTestExecutionListener@322eb1a, org.springframework.test.context.transaction.TransactionalTestExecutionListener@2b4ba2d9, org.springframework.test.context.jdbc.SqlScriptsTestExecutionListener@69f24965, org.springframework.test.context.event.EventPublishingTestExecutionListener@4eab9aec, org.springframework.security.test.context.support.WithSecurityContextTestExecutionListener@5a45c218, org.springframework.security.test.context.support.ReactorContextTestExecutionListener@2c6efee3, org.springframework.boot.test.mock.mockito.ResetMocksTestExecutionListener@57ac236a, org.springframework.boot.test.autoconfigure.restdocs.RestDocsTestExecutionListener@4542af89, org.springframework.boot.test.autoconfigure.web.client.MockRestServiceServerResetTestExecutionListener@3163e03b, org.springframework.boot.test.autoconfigure.web.servlet.MockMvcPrintOnlyOnFailureTestExecutionListener@6aa18912, org.springframework.boot.test.autoconfigure.web.servlet.WebDriverTestExecutionListener@5c20505f, org.springframework.boot.test.autoconfigure.webservices.client.MockWebServiceServerTestExecutionListener@cce92b5, org.spockframework.spring.SpringMockTestExecutionListener@2202c92f]
00:26:24.117 [main] DEBUG org.springframework.test.annotation.ProfileValueUtils - Retrieved @ProfileValueSourceConfiguration [null] for test class [pt.ulisboa.tecnico.socialsoftware.tutor.impexp.service.ImportExportQuizzesTest]
00:26:24.117 [main] DEBUG org.springframework.test.annotation.ProfileValueUtils - Retrieved ProfileValueSource type [class org.springframework.test.annotation.SystemProfileValueSource] for class [pt.ulisboa.tecnico.socialsoftware.tutor.impexp.service.ImportExportQuizzesTest]
00:26:24.117 [main] DEBUG org.springframework.test.annotation.ProfileValueUtils - Retrieved @ProfileValueSourceConfiguration [null] for test class [pt.ulisboa.tecnico.socialsoftware.tutor.impexp.service.ImportExportQuizzesTest]
00:26:24.117 [main] DEBUG org.springframework.test.annotation.ProfileValueUtils - Retrieved ProfileValueSource type [class org.springframework.test.annotation.SystemProfileValueSource] for class [pt.ulisboa.tecnico.socialsoftware.tutor.impexp.service.ImportExportQuizzesTest]
00:26:24.117 [main] DEBUG org.springframework.test.annotation.ProfileValueUtils - Retrieved @ProfileValueSourceConfiguration [null] for test class [pt.ulisboa.tecnico.socialsoftware.tutor.impexp.service.ImportExportQuizzesTest]
00:26:24.117 [main] DEBUG org.springframework.test.annotation.ProfileValueUtils - Retrieved ProfileValueSource type [class org.springframework.test.annotation.SystemProfileValueSource] for class [pt.ulisboa.tecnico.socialsoftware.tutor.impexp.service.ImportExportQuizzesTest]
00:26:24.117 [main] DEBUG org.springframework.test.context.BootstrapUtils - Instantiating CacheAwareContextLoaderDelegate from class [org.springframework.test.context.cache.DefaultCacheAwareContextLoaderDelegate]
00:26:24.117 [main] DEBUG org.springframework.test.context.BootstrapUtils - Instantiating BootstrapContext using constructor [public org.springframework.test.context.support.DefaultBootstrapContext(java.lang.Class,org.springframework.test.context.CacheAwareContextLoaderDelegate)]
00:26:24.118 [main] DEBUG org.springframework.test.context.BootstrapUtils - Instantiating TestContextBootstrapper for test class [pt.ulisboa.tecnico.socialsoftware.tutor.impexp.service.ImportExportQuizzesTest] from class [org.springframework.boot.test.autoconfigure.orm.jpa.DataJpaTestContextBootstrapper]
00:26:24.118 [main] INFO org.springframework.boot.test.autoconfigure.orm.jpa.DataJpaTestContextBootstrapper - Neither @ContextConfiguration nor @ContextHierarchy found for test class [pt.ulisboa.tecnico.socialsoftware.tutor.impexp.service.ImportExportQuizzesTest], using SpringBootContextLoader
00:26:24.120 [main] DEBUG org.springframework.test.context.support.AbstractContextLoader - Did not detect default resource location for test class [pt.ulisboa.tecnico.socialsoftware.tutor.impexp.service.ImportExportQuizzesTest]: class path resource [pt/ulisboa/tecnico/socialsoftware/tutor/impexp/service/ImportExportQuizzesTest-context.xml] does not exist
00:26:24.121 [main] DEBUG org.springframework.test.context.support.AbstractContextLoader - Did not detect default resource location for test class [pt.ulisboa.tecnico.socialsoftware.tutor.impexp.service.ImportExportQuizzesTest]: class path resource [pt/ulisboa/tecnico/socialsoftware/tutor/impexp/service/ImportExportQuizzesTestContext.groovy] does not exist
00:26:24.121 [main] INFO org.springframework.test.context.support.AbstractContextLoader - Could not detect default resource locations for test class [pt.ulisboa.tecnico.socialsoftware.tutor.impexp.service.ImportExportQuizzesTest]: no resource found for suffixes {-context.xml, Context.groovy}.
00:26:24.134 [main] DEBUG org.springframework.test.context.support.ActiveProfilesUtils - Could not find an 'annotation declaring class' for annotation type [org.springframework.test.context.ActiveProfiles] and class [pt.ulisboa.tecnico.socialsoftware.tutor.impexp.service.ImportExportQuizzesTest]
00:26:24.135 [main] INFO org.springframework.boot.test.context.SpringBootTestContextBootstrapper - Found @SpringBootConfiguration pt.ulisboa.tecnico.socialsoftware.tutor.TutorTestApplication for test class pt.ulisboa.tecnico.socialsoftware.tutor.impexp.service.ImportExportQuizzesTest
00:26:24.137 [main] DEBUG org.springframework.boot.test.autoconfigure.orm.jpa.DataJpaTestContextBootstrapper - @TestExecutionListeners is not present for class [pt.ulisboa.tecnico.socialsoftware.tutor.impexp.service.ImportExportQuizzesTest]: using defaults.
00:26:24.137 [main] INFO org.springframework.boot.test.autoconfigure.orm.jpa.DataJpaTestContextBootstrapper - Loaded default TestExecutionListener class names from location [META-INF/spring.factories]: [org.springframework.boot.test.mock.mockito.MockitoTestExecutionListener, org.springframework.boot.test.mock.mockito.ResetMocksTestExecutionListener, org.springframework.boot.test.autoconfigure.restdocs.RestDocsTestExecutionListener, org.springframework.boot.test.autoconfigure.web.client.MockRestServiceServerResetTestExecutionListener, org.springframework.boot.test.autoconfigure.web.servlet.MockMvcPrintOnlyOnFailureTestExecutionListener, org.springframework.boot.test.autoconfigure.web.servlet.WebDriverTestExecutionListener, org.springframework.boot.test.autoconfigure.webservices.client.MockWebServiceServerTestExecutionListener, org.springframework.test.context.web.ServletTestExecutionListener, org.springframework.test.context.support.DirtiesContextBeforeModesTestExecutionListener, org.springframework.test.context.event.ApplicationEventsTestExecutionListener, org.springframework.test.context.support.DependencyInjectionTestExecutionListener, org.springframework.test.context.support.DirtiesContextTestExecutionListener, org.springframework.test.context.transaction.TransactionalTestExecutionListener, org.springframework.test.context.jdbc.SqlScriptsTestExecutionListener, org.springframework.test.context.event.EventPublishingTestExecutionListener, org.springframework.security.test.context.support.WithSecurityContextTestExecutionListener, org.springframework.security.test.context.support.ReactorContextTestExecutionListener, org.spockframework.spring.SpringMockTestExecutionListener]
00:26:24.140 [main] INFO org.springframework.boot.test.autoconfigure.orm.jpa.DataJpaTestContextBootstrapper - Using TestExecutionListeners: [org.springframework.test.context.web.ServletTestExecutionListener@1018f702, org.springframework.test.context.support.DirtiesContextBeforeModesTestExecutionListener@5400db7e, org.springframework.test.context.event.ApplicationEventsTestExecutionListener@a84b6de, org.springframework.boot.test.mock.mockito.MockitoTestExecutionListener@76eee0b1, org.springframework.boot.test.autoconfigure.SpringBootDependencyInjectionTestExecutionListener@2119b989, org.springframework.test.context.support.DirtiesContextTestExecutionListener@73905dff, org.springframework.test.context.transaction.TransactionalTestExecutionListener@5c0d3715, org.springframework.test.context.jdbc.SqlScriptsTestExecutionListener@5d67bf4d, org.springframework.test.context.event.EventPublishingTestExecutionListener@31de8099, org.springframework.security.test.context.support.WithSecurityContextTestExecutionListener@40d04cf8, org.springframework.security.test.context.support.ReactorContextTestExecutionListener@75507e68, org.springframework.boot.test.mock.mockito.ResetMocksTestExecutionListener@152d2a58, org.springframework.boot.test.autoconfigure.restdocs.RestDocsTestExecutionListener@50b2ba2c, org.springframework.boot.test.autoconfigure.web.client.MockRestServiceServerResetTestExecutionListener@12478b4e, org.springframework.boot.test.autoconfigure.web.servlet.MockMvcPrintOnlyOnFailureTestExecutionListener@64921450, org.springframework.boot.test.autoconfigure.web.servlet.WebDriverTestExecutionListener@18918d70, org.springframework.boot.test.autoconfigure.webservices.client.MockWebServiceServerTestExecutionListener@5d373794, org.spockframework.spring.SpringMockTestExecutionListener@7304ca87]
00:26:24.152 [main] DEBUG org.springframework.test.annotation.ProfileValueUtils - Retrieved @ProfileValueSourceConfiguration [null] for test class [pt.ulisboa.tecnico.socialsoftware.tutor.impexp.service.ImportExportTopicsTest]
00:26:24.153 [main] DEBUG org.springframework.test.annotation.ProfileValueUtils - Retrieved ProfileValueSource type [class org.springframework.test.annotation.SystemProfileValueSource] for class [pt.ulisboa.tecnico.socialsoftware.tutor.impexp.service.ImportExportTopicsTest]
00:26:24.153 [main] DEBUG org.springframework.test.annotation.ProfileValueUtils - Retrieved @ProfileValueSourceConfiguration [null] for test class [pt.ulisboa.tecnico.socialsoftware.tutor.impexp.service.ImportExportTopicsTest]
00:26:24.153 [main] DEBUG org.springframework.test.annotation.ProfileValueUtils - Retrieved ProfileValueSource type [class org.springframework.test.annotation.SystemProfileValueSource] for class [pt.ulisboa.tecnico.socialsoftware.tutor.impexp.service.ImportExportTopicsTest]
00:26:24.153 [main] DEBUG org.springframework.test.context.BootstrapUtils - Instantiating CacheAwareContextLoaderDelegate from class [org.springframework.test.context.cache.DefaultCacheAwareContextLoaderDelegate]
00:26:24.153 [main] DEBUG org.springframework.test.context.BootstrapUtils - Instantiating BootstrapContext using constructor [public org.springframework.test.context.support.DefaultBootstrapContext(java.lang.Class,org.springframework.test.context.CacheAwareContextLoaderDelegate)]
00:26:24.154 [main] DEBUG org.springframework.test.context.BootstrapUtils - Instantiating TestContextBootstrapper for test class [pt.ulisboa.tecnico.socialsoftware.tutor.impexp.service.ImportExportTopicsTest] from class [org.springframework.boot.test.autoconfigure.orm.jpa.DataJpaTestContextBootstrapper]
00:26:24.154 [main] INFO org.springframework.boot.test.autoconfigure.orm.jpa.DataJpaTestContextBootstrapper - Neither @ContextConfiguration nor @ContextHierarchy found for test class [pt.ulisboa.tecnico.socialsoftware.tutor.impexp.service.ImportExportTopicsTest], using SpringBootContextLoader
00:26:24.156 [main] DEBUG org.springframework.test.context.support.AbstractContextLoader - Did not detect default resource location for test class [pt.ulisboa.tecnico.socialsoftware.tutor.impexp.service.ImportExportTopicsTest]: class path resource [pt/ulisboa/tecnico/socialsoftware/tutor/impexp/service/ImportExportTopicsTest-context.xml] does not exist
00:26:24.157 [main] DEBUG org.springframework.test.context.support.AbstractContextLoader - Did not detect default resource location for test class [pt.ulisboa.tecnico.socialsoftware.tutor.impexp.service.ImportExportTopicsTest]: class path resource [pt/ulisboa/tecnico/socialsoftware/tutor/impexp/service/ImportExportTopicsTestContext.groovy] does not exist
00:26:24.157 [main] INFO org.springframework.test.context.support.AbstractContextLoader - Could not detect default resource locations for test class [pt.ulisboa.tecnico.socialsoftware.tutor.impexp.service.ImportExportTopicsTest]: no resource found for suffixes {-context.xml, Context.groovy}.
00:26:24.163 [main] DEBUG org.springframework.test.context.support.ActiveProfilesUtils - Could not find an 'annotation declaring class' for annotation type [org.springframework.test.context.ActiveProfiles] and class [pt.ulisboa.tecnico.socialsoftware.tutor.impexp.service.ImportExportTopicsTest]
00:26:24.164 [main] INFO org.springframework.boot.test.context.SpringBootTestContextBootstrapper - Found @SpringBootConfiguration pt.ulisboa.tecnico.socialsoftware.tutor.TutorTestApplication for test class pt.ulisboa.tecnico.socialsoftware.tutor.impexp.service.ImportExportTopicsTest
00:26:24.165 [main] DEBUG org.springframework.boot.test.autoconfigure.orm.jpa.DataJpaTestContextBootstrapper - @TestExecutionListeners is not present for class [pt.ulisboa.tecnico.socialsoftware.tutor.impexp.service.ImportExportTopicsTest]: using defaults.
00:26:24.165 [main] INFO org.springframework.boot.test.autoconfigure.orm.jpa.DataJpaTestContextBootstrapper - Loaded default TestExecutionListener class names from location [META-INF/spring.factories]: [org.springframework.boot.test.mock.mockito.MockitoTestExecutionListener, org.springframework.boot.test.mock.mockito.ResetMocksTestExecutionListener, org.springframework.boot.test.autoconfigure.restdocs.RestDocsTestExecutionListener, org.springframework.boot.test.autoconfigure.web.client.MockRestServiceServerResetTestExecutionListener, org.springframework.boot.test.autoconfigure.web.servlet.MockMvcPrintOnlyOnFailureTestExecutionListener, org.springframework.boot.test.autoconfigure.web.servlet.WebDriverTestExecutionListener, org.springframework.boot.test.autoconfigure.webservices.client.MockWebServiceServerTestExecutionListener, org.springframework.test.context.web.ServletTestExecutionListener, org.springframework.test.context.support.DirtiesContextBeforeModesTestExecutionListener, org.springframework.test.context.event.ApplicationEventsTestExecutionListener, org.springframework.test.context.support.DependencyInjectionTestExecutionListener, org.springframework.test.context.support.DirtiesContextTestExecutionListener, org.springframework.test.context.transaction.TransactionalTestExecutionListener, org.springframework.test.context.jdbc.SqlScriptsTestExecutionListener, org.springframework.test.context.event.EventPublishingTestExecutionListener, org.springframework.security.test.context.support.WithSecurityContextTestExecutionListener, org.springframework.security.test.context.support.ReactorContextTestExecutionListener, org.spockframework.spring.SpringMockTestExecutionListener]
00:26:24.167 [main] INFO org.springframework.boot.test.autoconfigure.orm.jpa.DataJpaTestContextBootstrapper - Using TestExecutionListeners: [org.springframework.test.context.web.ServletTestExecutionListener@78324e97, org.springframework.test.context.support.DirtiesContextBeforeModesTestExecutionListener@73417494, org.springframework.test.context.event.ApplicationEventsTestExecutionListener@29b0c169, org.springframework.boot.test.mock.mockito.MockitoTestExecutionListener@4d1b4fa1, org.springframework.boot.test.autoconfigure.SpringBootDependencyInjectionTestExecutionListener@27b7e663, org.springframework.test.context.support.DirtiesContextTestExecutionListener@5f2ad3d5, org.springframework.test.context.transaction.TransactionalTestExecutionListener@703eead0, org.springframework.test.context.jdbc.SqlScriptsTestExecutionListener@674fd531, org.springframework.test.context.event.EventPublishingTestExecutionListener@7f53b345, org.springframework.security.test.context.support.WithSecurityContextTestExecutionListener@76ee7301, org.springframework.security.test.context.support.ReactorContextTestExecutionListener@71817f66, org.springframework.boot.test.mock.mockito.ResetMocksTestExecutionListener@68feca3a, org.springframework.boot.test.autoconfigure.restdocs.RestDocsTestExecutionListener@ad585fb, org.springframework.boot.test.autoconfigure.web.client.MockRestServiceServerResetTestExecutionListener@fa689db, org.springframework.boot.test.autoconfigure.web.servlet.MockMvcPrintOnlyOnFailureTestExecutionListener@75a6bd06, org.springframework.boot.test.autoconfigure.web.servlet.WebDriverTestExecutionListener@6b170692, org.springframework.boot.test.autoconfigure.webservices.client.MockWebServiceServerTestExecutionListener@4d4bac56, org.spockframework.spring.SpringMockTestExecutionListener@76980c75]
00:26:24.191 [main] DEBUG org.springframework.test.annotation.ProfileValueUtils - Retrieved @ProfileValueSourceConfiguration [null] for test class [pt.ulisboa.tecnico.socialsoftware.tutor.impexp.service.ImportExportUsersTest]
00:26:24.192 [main] DEBUG org.springframework.test.annotation.ProfileValueUtils - Retrieved ProfileValueSource type [class org.springframework.test.annotation.SystemProfileValueSource] for class [pt.ulisboa.tecnico.socialsoftware.tutor.impexp.service.ImportExportUsersTest]
00:26:24.192 [main] DEBUG org.springframework.test.annotation.ProfileValueUtils - Retrieved @ProfileValueSourceConfiguration [null] for test class [pt.ulisboa.tecnico.socialsoftware.tutor.impexp.service.ImportExportUsersTest]
00:26:24.192 [main] DEBUG org.springframework.test.annotation.ProfileValueUtils - Retrieved ProfileValueSource type [class org.springframework.test.annotation.SystemProfileValueSource] for class [pt.ulisboa.tecnico.socialsoftware.tutor.impexp.service.ImportExportUsersTest]
00:26:24.192 [main] DEBUG org.springframework.test.annotation.ProfileValueUtils - Retrieved @ProfileValueSourceConfiguration [null] for test class [pt.ulisboa.tecnico.socialsoftware.tutor.impexp.service.ImportExportUsersTest]
00:26:24.192 [main] DEBUG org.springframework.test.annotation.ProfileValueUtils - Retrieved ProfileValueSource type [class org.springframework.test.annotation.SystemProfileValueSource] for class [pt.ulisboa.tecnico.socialsoftware.tutor.impexp.service.ImportExportUsersTest]
00:26:24.192 [main] DEBUG org.springframework.test.context.BootstrapUtils - Instantiating CacheAwareContextLoaderDelegate from class [org.springframework.test.context.cache.DefaultCacheAwareContextLoaderDelegate]
00:26:24.192 [main] DEBUG org.springframework.test.context.BootstrapUtils - Instantiating BootstrapContext using constructor [public org.springframework.test.context.support.DefaultBootstrapContext(java.lang.Class,org.springframework.test.context.CacheAwareContextLoaderDelegate)]
00:26:24.193 [main] DEBUG org.springframework.test.context.BootstrapUtils - Instantiating TestContextBootstrapper for test class [pt.ulisboa.tecnico.socialsoftware.tutor.impexp.service.ImportExportUsersTest] from class [org.springframework.boot.test.autoconfigure.orm.jpa.DataJpaTestContextBootstrapper]
00:26:24.193 [main] INFO org.springframework.boot.test.autoconfigure.orm.jpa.DataJpaTestContextBootstrapper - Neither @ContextConfiguration nor @ContextHierarchy found for test class [pt.ulisboa.tecnico.socialsoftware.tutor.impexp.service.ImportExportUsersTest], using SpringBootContextLoader
00:26:24.195 [main] DEBUG org.springframework.test.context.support.AbstractContextLoader - Did not detect default resource location for test class [pt.ulisboa.tecnico.socialsoftware.tutor.impexp.service.ImportExportUsersTest]: class path resource [pt/ulisboa/tecnico/socialsoftware/tutor/impexp/service/ImportExportUsersTest-context.xml] does not exist
00:26:24.197 [main] DEBUG org.springframework.test.context.support.AbstractContextLoader - Did not detect default resource location for test class [pt.ulisboa.tecnico.socialsoftware.tutor.impexp.service.ImportExportUsersTest]: class path resource [pt/ulisboa/tecnico/socialsoftware/tutor/impexp/service/ImportExportUsersTestContext.groovy] does not exist
00:26:24.197 [main] INFO org.springframework.test.context.support.AbstractContextLoader - Could not detect default resource locations for test class [pt.ulisboa.tecnico.socialsoftware.tutor.impexp.service.ImportExportUsersTest]: no resource found for suffixes {-context.xml, Context.groovy}.
00:26:24.203 [main] DEBUG org.springframework.test.context.support.ActiveProfilesUtils - Could not find an 'annotation declaring class' for annotation type [org.springframework.test.context.ActiveProfiles] and class [pt.ulisboa.tecnico.socialsoftware.tutor.impexp.service.ImportExportUsersTest]
00:26:24.204 [main] INFO org.springframework.boot.test.context.SpringBootTestContextBootstrapper - Found @SpringBootConfiguration pt.ulisboa.tecnico.socialsoftware.tutor.TutorTestApplication for test class pt.ulisboa.tecnico.socialsoftware.tutor.impexp.service.ImportExportUsersTest
00:26:24.206 [main] DEBUG org.springframework.boot.test.autoconfigure.orm.jpa.DataJpaTestContextBootstrapper - @TestExecutionListeners is not present for class [pt.ulisboa.tecnico.socialsoftware.tutor.impexp.service.ImportExportUsersTest]: using defaults.
00:26:24.206 [main] INFO org.springframework.boot.test.autoconfigure.orm.jpa.DataJpaTestContextBootstrapper - Loaded default TestExecutionListener class names from location [META-INF/spring.factories]: [org.springframework.boot.test.mock.mockito.MockitoTestExecutionListener, org.springframework.boot.test.mock.mockito.ResetMocksTestExecutionListener, org.springframework.boot.test.autoconfigure.restdocs.RestDocsTestExecutionListener, org.springframework.boot.test.autoconfigure.web.client.MockRestServiceServerResetTestExecutionListener, org.springframework.boot.test.autoconfigure.web.servlet.MockMvcPrintOnlyOnFailureTestExecutionListener, org.springframework.boot.test.autoconfigure.web.servlet.WebDriverTestExecutionListener, org.springframework.boot.test.autoconfigure.webservices.client.MockWebServiceServerTestExecutionListener, org.springframework.test.context.web.ServletTestExecutionListener, org.springframework.test.context.support.DirtiesContextBeforeModesTestExecutionListener, org.springframework.test.context.event.ApplicationEventsTestExecutionListener, org.springframework.test.context.support.DependencyInjectionTestExecutionListener, org.springframework.test.context.support.DirtiesContextTestExecutionListener, org.springframework.test.context.transaction.TransactionalTestExecutionListener, org.springframework.test.context.jdbc.SqlScriptsTestExecutionListener, org.springframework.test.context.event.EventPublishingTestExecutionListener, org.springframework.security.test.context.support.WithSecurityContextTestExecutionListener, org.springframework.security.test.context.support.ReactorContextTestExecutionListener, org.spockframework.spring.SpringMockTestExecutionListener]
00:26:24.209 [main] INFO org.springframework.boot.test.autoconfigure.orm.jpa.DataJpaTestContextBootstrapper - Using TestExecutionListeners: [org.springframework.test.context.web.ServletTestExecutionListener@7b4c793b, org.springframework.test.context.support.DirtiesContextBeforeModesTestExecutionListener@51a69e8f, org.springframework.test.context.event.ApplicationEventsTestExecutionListener@6442cf3e, org.springframework.boot.test.mock.mockito.MockitoTestExecutionListener@60f1f95b, org.springframework.boot.test.autoconfigure.SpringBootDependencyInjectionTestExecutionListener@786cc1df, org.springframework.test.context.support.DirtiesContextTestExecutionListener@1ddb6abb, org.springframework.test.context.transaction.TransactionalTestExecutionListener@6f926d01, org.springframework.test.context.jdbc.SqlScriptsTestExecutionListener@c67a89, org.springframework.test.context.event.EventPublishingTestExecutionListener@1e3a2177, org.springframework.security.test.context.support.WithSecurityContextTestExecutionListener@58720eb9, org.springframework.security.test.context.support.ReactorContextTestExecutionListener@24749ad3, org.springframework.boot.test.mock.mockito.ResetMocksTestExecutionListener@1755aee6, org.springframework.boot.test.autoconfigure.restdocs.RestDocsTestExecutionListener@582b14e2, org.springframework.boot.test.autoconfigure.web.client.MockRestServiceServerResetTestExecutionListener@10e4ce98, org.springframework.boot.test.autoconfigure.web.servlet.MockMvcPrintOnlyOnFailureTestExecutionListener@10466c55, org.springframework.boot.test.autoconfigure.web.servlet.WebDriverTestExecutionListener@2a5ed225, org.springframework.boot.test.autoconfigure.webservices.client.MockWebServiceServerTestExecutionListener@2a525f88, org.spockframework.spring.SpringMockTestExecutionListener@1cf4d454]
00:26:24.218 [main] DEBUG org.springframework.test.annotation.ProfileValueUtils - Retrieved @ProfileValueSourceConfiguration [null] for test class [pt.ulisboa.tecnico.socialsoftware.tutor.question.domain.MultipleChoiceQuestionTest]
00:26:24.218 [main] DEBUG org.springframework.test.annotation.ProfileValueUtils - Retrieved ProfileValueSource type [class org.springframework.test.annotation.SystemProfileValueSource] for class [pt.ulisboa.tecnico.socialsoftware.tutor.question.domain.MultipleChoiceQuestionTest]
00:26:24.218 [main] DEBUG org.springframework.test.annotation.ProfileValueUtils - Retrieved @ProfileValueSourceConfiguration [null] for test class [pt.ulisboa.tecnico.socialsoftware.tutor.question.domain.MultipleChoiceQuestionTest]
00:26:24.218 [main] DEBUG org.springframework.test.annotation.ProfileValueUtils - Retrieved ProfileValueSource type [class org.springframework.test.annotation.SystemProfileValueSource] for class [pt.ulisboa.tecnico.socialsoftware.tutor.question.domain.MultipleChoiceQuestionTest]
00:26:24.218 [main] DEBUG org.springframework.test.context.BootstrapUtils - Instantiating CacheAwareContextLoaderDelegate from class [org.springframework.test.context.cache.DefaultCacheAwareContextLoaderDelegate]
00:26:24.218 [main] DEBUG org.springframework.test.context.BootstrapUtils - Instantiating BootstrapContext using constructor [public org.springframework.test.context.support.DefaultBootstrapContext(java.lang.Class,org.springframework.test.context.CacheAwareContextLoaderDelegate)]
00:26:24.219 [main] DEBUG org.springframework.test.context.BootstrapUtils - Instantiating TestContextBootstrapper for test class [pt.ulisboa.tecnico.socialsoftware.tutor.question.domain.MultipleChoiceQuestionTest] from class [org.springframework.boot.test.autoconfigure.orm.jpa.DataJpaTestContextBootstrapper]
00:26:24.220 [main] INFO org.springframework.boot.test.autoconfigure.orm.jpa.DataJpaTestContextBootstrapper - Neither @ContextConfiguration nor @ContextHierarchy found for test class [pt.ulisboa.tecnico.socialsoftware.tutor.question.domain.MultipleChoiceQuestionTest], using SpringBootContextLoader
00:26:24.221 [main] DEBUG org.springframework.test.context.support.AbstractContextLoader - Did not detect default resource location for test class [pt.ulisboa.tecnico.socialsoftware.tutor.question.domain.MultipleChoiceQuestionTest]: class path resource [pt/ulisboa/tecnico/socialsoftware/tutor/question/domain/MultipleChoiceQuestionTest-context.xml] does not exist
00:26:24.222 [main] DEBUG org.springframework.test.context.support.AbstractContextLoader - Did not detect default resource location for test class [pt.ulisboa.tecnico.socialsoftware.tutor.question.domain.MultipleChoiceQuestionTest]: class path resource [pt/ulisboa/tecnico/socialsoftware/tutor/question/domain/MultipleChoiceQuestionTestContext.groovy] does not exist
00:26:24.222 [main] INFO org.springframework.test.context.support.AbstractContextLoader - Could not detect default resource locations for test class [pt.ulisboa.tecnico.socialsoftware.tutor.question.domain.MultipleChoiceQuestionTest]: no resource found for suffixes {-context.xml, Context.groovy}.
00:26:24.227 [main] DEBUG org.springframework.test.context.support.ActiveProfilesUtils - Could not find an 'annotation declaring class' for annotation type [org.springframework.test.context.ActiveProfiles] and class [pt.ulisboa.tecnico.socialsoftware.tutor.question.domain.MultipleChoiceQuestionTest]
00:26:24.254 [main] DEBUG org.springframework.context.annotation.ClassPathScanningCandidateComponentProvider - Identified candidate component class: file [C:\Users\jhmff\Desktop\IST\MEIC\2ano\2Semestre\Tutor\backend\tutor\target\classes\pt\ulisboa\tecnico\socialsoftware\tutor\TutorTestApplication.class]
00:26:24.254 [main] INFO org.springframework.boot.test.context.SpringBootTestContextBootstrapper - Found @SpringBootConfiguration pt.ulisboa.tecnico.socialsoftware.tutor.TutorTestApplication for test class pt.ulisboa.tecnico.socialsoftware.tutor.question.domain.MultipleChoiceQuestionTest
00:26:24.255 [main] DEBUG org.springframework.boot.test.autoconfigure.orm.jpa.DataJpaTestContextBootstrapper - @TestExecutionListeners is not present for class [pt.ulisboa.tecnico.socialsoftware.tutor.question.domain.MultipleChoiceQuestionTest]: using defaults.
00:26:24.255 [main] INFO org.springframework.boot.test.autoconfigure.orm.jpa.DataJpaTestContextBootstrapper - Loaded default TestExecutionListener class names from location [META-INF/spring.factories]: [org.springframework.boot.test.mock.mockito.MockitoTestExecutionListener, org.springframework.boot.test.mock.mockito.ResetMocksTestExecutionListener, org.springframework.boot.test.autoconfigure.restdocs.RestDocsTestExecutionListener, org.springframework.boot.test.autoconfigure.web.client.MockRestServiceServerResetTestExecutionListener, org.springframework.boot.test.autoconfigure.web.servlet.MockMvcPrintOnlyOnFailureTestExecutionListener, org.springframework.boot.test.autoconfigure.web.servlet.WebDriverTestExecutionListener, org.springframework.boot.test.autoconfigure.webservices.client.MockWebServiceServerTestExecutionListener, org.springframework.test.context.web.ServletTestExecutionListener, org.springframework.test.context.support.DirtiesContextBeforeModesTestExecutionListener, org.springframework.test.context.event.ApplicationEventsTestExecutionListener, org.springframework.test.context.support.DependencyInjectionTestExecutionListener, org.springframework.test.context.support.DirtiesContextTestExecutionListener, org.springframework.test.context.transaction.TransactionalTestExecutionListener, org.springframework.test.context.jdbc.SqlScriptsTestExecutionListener, org.springframework.test.context.event.EventPublishingTestExecutionListener, org.springframework.security.test.context.support.WithSecurityContextTestExecutionListener, org.springframework.security.test.context.support.ReactorContextTestExecutionListener, org.spockframework.spring.SpringMockTestExecutionListener]
00:26:24.258 [main] INFO org.springframework.boot.test.autoconfigure.orm.jpa.DataJpaTestContextBootstrapper - Using TestExecutionListeners: [org.springframework.test.context.web.ServletTestExecutionListener@1fcf73b9, org.springframework.test.context.support.DirtiesContextBeforeModesTestExecutionListener@3b80bb63, org.springframework.test.context.event.ApplicationEventsTestExecutionListener@17ebbf1e, org.springframework.boot.test.mock.mockito.MockitoTestExecutionListener@5c65fa69, org.springframework.boot.test.autoconfigure.SpringBootDependencyInjectionTestExecutionListener@38d308e7, org.springframework.test.context.support.DirtiesContextTestExecutionListener@6b6f73d, org.springframework.test.context.transaction.TransactionalTestExecutionListener@4c6fabba, org.springframework.test.context.jdbc.SqlScriptsTestExecutionListener@3f2ab6ec, org.springframework.test.context.event.EventPublishingTestExecutionListener@1f1e15de, org.springframework.security.test.context.support.WithSecurityContextTestExecutionListener@2ea0161f, org.springframework.security.test.context.support.ReactorContextTestExecutionListener@1f235a0a, org.springframework.boot.test.mock.mockito.ResetMocksTestExecutionListener@75d402d4, org.springframework.boot.test.autoconfigure.restdocs.RestDocsTestExecutionListener@1a0b4955, org.springframework.boot.test.autoconfigure.web.client.MockRestServiceServerResetTestExecutionListener@3435a4e5, org.springframework.boot.test.autoconfigure.web.servlet.MockMvcPrintOnlyOnFailureTestExecutionListener@31434b63, org.springframework.boot.test.autoconfigure.web.servlet.WebDriverTestExecutionListener@64d42d3d, org.springframework.boot.test.autoconfigure.webservices.client.MockWebServiceServerTestExecutionListener@24558113, org.spockframework.spring.SpringMockTestExecutionListener@3d5e0bf0]
00:26:24.284 [main] DEBUG org.springframework.test.annotation.ProfileValueUtils - Retrieved @ProfileValueSourceConfiguration [null] for test class [pt.ulisboa.tecnico.socialsoftware.tutor.question.service.CreateQuestionTest]
00:26:24.284 [main] DEBUG org.springframework.test.annotation.ProfileValueUtils - Retrieved ProfileValueSource type [class org.springframework.test.annotation.SystemProfileValueSource] for class [pt.ulisboa.tecnico.socialsoftware.tutor.question.service.CreateQuestionTest]
00:26:24.285 [main] DEBUG org.springframework.test.annotation.ProfileValueUtils - Retrieved @ProfileValueSourceConfiguration [null] for test class [pt.ulisboa.tecnico.socialsoftware.tutor.question.service.CreateQuestionTest]
00:26:24.285 [main] DEBUG org.springframework.test.annotation.ProfileValueUtils - Retrieved ProfileValueSource type [class org.springframework.test.annotation.SystemProfileValueSource] for class [pt.ulisboa.tecnico.socialsoftware.tutor.question.service.CreateQuestionTest]
00:26:24.285 [main] DEBUG org.springframework.test.annotation.ProfileValueUtils - Retrieved @ProfileValueSourceConfiguration [null] for test class [pt.ulisboa.tecnico.socialsoftware.tutor.question.service.CreateQuestionTest]
00:26:24.285 [main] DEBUG org.springframework.test.annotation.ProfileValueUtils - Retrieved ProfileValueSource type [class org.springframework.test.annotation.SystemProfileValueSource] for class [pt.ulisboa.tecnico.socialsoftware.tutor.question.service.CreateQuestionTest]
00:26:24.285 [main] DEBUG org.springframework.test.annotation.ProfileValueUtils - Retrieved @ProfileValueSourceConfiguration [null] for test class [pt.ulisboa.tecnico.socialsoftware.tutor.question.service.CreateQuestionTest]
00:26:24.286 [main] DEBUG org.springframework.test.annotation.ProfileValueUtils - Retrieved ProfileValueSource type [class org.springframework.test.annotation.SystemProfileValueSource] for class [pt.ulisboa.tecnico.socialsoftware.tutor.question.service.CreateQuestionTest]
00:26:24.286 [main] DEBUG org.springframework.test.annotation.ProfileValueUtils - Retrieved @ProfileValueSourceConfiguration [null] for test class [pt.ulisboa.tecnico.socialsoftware.tutor.question.service.CreateQuestionTest]
00:26:24.286 [main] DEBUG org.springframework.test.annotation.ProfileValueUtils - Retrieved ProfileValueSource type [class org.springframework.test.annotation.SystemProfileValueSource] for class [pt.ulisboa.tecnico.socialsoftware.tutor.question.service.CreateQuestionTest]
00:26:24.286 [main] DEBUG org.springframework.test.annotation.ProfileValueUtils - Retrieved @ProfileValueSourceConfiguration [null] for test class [pt.ulisboa.tecnico.socialsoftware.tutor.question.service.CreateQuestionTest]
00:26:24.286 [main] DEBUG org.springframework.test.annotation.ProfileValueUtils - Retrieved ProfileValueSource type [class org.springframework.test.annotation.SystemProfileValueSource] for class [pt.ulisboa.tecnico.socialsoftware.tutor.question.service.CreateQuestionTest]
00:26:24.286 [main] DEBUG org.springframework.test.annotation.ProfileValueUtils - Retrieved @ProfileValueSourceConfiguration [null] for test class [pt.ulisboa.tecnico.socialsoftware.tutor.question.service.CreateQuestionTest]
00:26:24.286 [main] DEBUG org.springframework.test.annotation.ProfileValueUtils - Retrieved ProfileValueSource type [class org.springframework.test.annotation.SystemProfileValueSource] for class [pt.ulisboa.tecnico.socialsoftware.tutor.question.service.CreateQuestionTest]
00:26:24.286 [main] DEBUG org.springframework.test.annotation.ProfileValueUtils - Retrieved @ProfileValueSourceConfiguration [null] for test class [pt.ulisboa.tecnico.socialsoftware.tutor.question.service.CreateQuestionTest]
00:26:24.286 [main] DEBUG org.springframework.test.annotation.ProfileValueUtils - Retrieved ProfileValueSource type [class org.springframework.test.annotation.SystemProfileValueSource] for class [pt.ulisboa.tecnico.socialsoftware.tutor.question.service.CreateQuestionTest]
00:26:24.286 [main] DEBUG org.springframework.test.annotation.ProfileValueUtils - Retrieved @ProfileValueSourceConfiguration [null] for test class [pt.ulisboa.tecnico.socialsoftware.tutor.question.service.CreateQuestionTest]
00:26:24.286 [main] DEBUG org.springframework.test.annotation.ProfileValueUtils - Retrieved ProfileValueSource type [class org.springframework.test.annotation.SystemProfileValueSource] for class [pt.ulisboa.tecnico.socialsoftware.tutor.question.service.CreateQuestionTest]
00:26:24.286 [main] DEBUG org.springframework.test.annotation.ProfileValueUtils - Retrieved @ProfileValueSourceConfiguration [null] for test class [pt.ulisboa.tecnico.socialsoftware.tutor.question.service.CreateQuestionTest]
00:26:24.286 [main] DEBUG org.springframework.test.annotation.ProfileValueUtils - Retrieved ProfileValueSource type [class org.springframework.test.annotation.SystemProfileValueSource] for class [pt.ulisboa.tecnico.socialsoftware.tutor.question.service.CreateQuestionTest]
00:26:24.286 [main] DEBUG org.springframework.test.annotation.ProfileValueUtils - Retrieved @ProfileValueSourceConfiguration [null] for test class [pt.ulisboa.tecnico.socialsoftware.tutor.question.service.CreateQuestionTest]
00:26:24.286 [main] DEBUG org.springframework.test.annotation.ProfileValueUtils - Retrieved ProfileValueSource type [class org.springframework.test.annotation.SystemProfileValueSource] for class [pt.ulisboa.tecnico.socialsoftware.tutor.question.service.CreateQuestionTest]
00:26:24.287 [main] DEBUG org.springframework.test.annotation.ProfileValueUtils - Retrieved @ProfileValueSourceConfiguration [null] for test class [pt.ulisboa.tecnico.socialsoftware.tutor.question.service.CreateQuestionTest]
00:26:24.287 [main] DEBUG org.springframework.test.annotation.ProfileValueUtils - Retrieved ProfileValueSource type [class org.springframework.test.annotation.SystemProfileValueSource] for class [pt.ulisboa.tecnico.socialsoftware.tutor.question.service.CreateQuestionTest]
00:26:24.287 [main] DEBUG org.springframework.test.annotation.ProfileValueUtils - Retrieved @ProfileValueSourceConfiguration [null] for test class [pt.ulisboa.tecnico.socialsoftware.tutor.question.service.CreateQuestionTest]
00:26:24.287 [main] DEBUG org.springframework.test.annotation.ProfileValueUtils - Retrieved ProfileValueSource type [class org.springframework.test.annotation.SystemProfileValueSource] for class [pt.ulisboa.tecnico.socialsoftware.tutor.question.service.CreateQuestionTest]
00:26:24.287 [main] DEBUG org.springframework.test.context.BootstrapUtils - Instantiating CacheAwareContextLoaderDelegate from class [org.springframework.test.context.cache.DefaultCacheAwareContextLoaderDelegate]
00:26:24.288 [main] DEBUG org.springframework.test.context.BootstrapUtils - Instantiating BootstrapContext using constructor [public org.springframework.test.context.support.DefaultBootstrapContext(java.lang.Class,org.springframework.test.context.CacheAwareContextLoaderDelegate)]
00:26:24.288 [main] DEBUG org.springframework.test.context.BootstrapUtils - Instantiating TestContextBootstrapper for test class [pt.ulisboa.tecnico.socialsoftware.tutor.question.service.CreateQuestionTest] from class [org.springframework.boot.test.autoconfigure.orm.jpa.DataJpaTestContextBootstrapper]
00:26:24.289 [main] INFO org.springframework.boot.test.autoconfigure.orm.jpa.DataJpaTestContextBootstrapper - Neither @ContextConfiguration nor @ContextHierarchy found for test class [pt.ulisboa.tecnico.socialsoftware.tutor.question.service.CreateQuestionTest], using SpringBootContextLoader
00:26:24.290 [main] DEBUG org.springframework.test.context.support.AbstractContextLoader - Did not detect default resource location for test class [pt.ulisboa.tecnico.socialsoftware.tutor.question.service.CreateQuestionTest]: class path resource [pt/ulisboa/tecnico/socialsoftware/tutor/question/service/CreateQuestionTest-context.xml] does not exist
00:26:24.291 [main] DEBUG org.springframework.test.context.support.AbstractContextLoader - Did not detect default resource location for test class [pt.ulisboa.tecnico.socialsoftware.tutor.question.service.CreateQuestionTest]: class path resource [pt/ulisboa/tecnico/socialsoftware/tutor/question/service/CreateQuestionTestContext.groovy] does not exist
00:26:24.291 [main] INFO org.springframework.test.context.support.AbstractContextLoader - Could not detect default resource locations for test class [pt.ulisboa.tecnico.socialsoftware.tutor.question.service.CreateQuestionTest]: no resource found for suffixes {-context.xml, Context.groovy}.
00:26:24.296 [main] DEBUG org.springframework.test.context.support.ActiveProfilesUtils - Could not find an 'annotation declaring class' for annotation type [org.springframework.test.context.ActiveProfiles] and class [pt.ulisboa.tecnico.socialsoftware.tutor.question.service.CreateQuestionTest]
00:26:24.326 [main] DEBUG org.springframework.context.annotation.ClassPathScanningCandidateComponentProvider - Identified candidate component class: file [C:\Users\jhmff\Desktop\IST\MEIC\2ano\2Semestre\Tutor\backend\tutor\target\classes\pt\ulisboa\tecnico\socialsoftware\tutor\TutorTestApplication.class]
00:26:24.326 [main] INFO org.springframework.boot.test.context.SpringBootTestContextBootstrapper - Found @SpringBootConfiguration pt.ulisboa.tecnico.socialsoftware.tutor.TutorTestApplication for test class pt.ulisboa.tecnico.socialsoftware.tutor.question.service.CreateQuestionTest
00:26:24.327 [main] DEBUG org.springframework.boot.test.autoconfigure.orm.jpa.DataJpaTestContextBootstrapper - @TestExecutionListeners is not present for class [pt.ulisboa.tecnico.socialsoftware.tutor.question.service.CreateQuestionTest]: using defaults.
00:26:24.327 [main] INFO org.springframework.boot.test.autoconfigure.orm.jpa.DataJpaTestContextBootstrapper - Loaded default TestExecutionListener class names from location [META-INF/spring.factories]: [org.springframework.boot.test.mock.mockito.MockitoTestExecutionListener, org.springframework.boot.test.mock.mockito.ResetMocksTestExecutionListener, org.springframework.boot.test.autoconfigure.restdocs.RestDocsTestExecutionListener, org.springframework.boot.test.autoconfigure.web.client.MockRestServiceServerResetTestExecutionListener, org.springframework.boot.test.autoconfigure.web.servlet.MockMvcPrintOnlyOnFailureTestExecutionListener, org.springframework.boot.test.autoconfigure.web.servlet.WebDriverTestExecutionListener, org.springframework.boot.test.autoconfigure.webservices.client.MockWebServiceServerTestExecutionListener, org.springframework.test.context.web.ServletTestExecutionListener, org.springframework.test.context.support.DirtiesContextBeforeModesTestExecutionListener, org.springframework.test.context.event.ApplicationEventsTestExecutionListener, org.springframework.test.context.support.DependencyInjectionTestExecutionListener, org.springframework.test.context.support.DirtiesContextTestExecutionListener, org.springframework.test.context.transaction.TransactionalTestExecutionListener, org.springframework.test.context.jdbc.SqlScriptsTestExecutionListener, org.springframework.test.context.event.EventPublishingTestExecutionListener, org.springframework.security.test.context.support.WithSecurityContextTestExecutionListener, org.springframework.security.test.context.support.ReactorContextTestExecutionListener, org.spockframework.spring.SpringMockTestExecutionListener]
00:26:24.329 [main] INFO org.springframework.boot.test.autoconfigure.orm.jpa.DataJpaTestContextBootstrapper - Using TestExecutionListeners: [org.springframework.test.context.web.ServletTestExecutionListener@52fed5b7, org.springframework.test.context.support.DirtiesContextBeforeModesTestExecutionListener@530e08a7, org.springframework.test.context.event.ApplicationEventsTestExecutionListener@6920fa35, org.springframework.boot.test.mock.mockito.MockitoTestExecutionListener@19542115, org.springframework.boot.test.autoconfigure.SpringBootDependencyInjectionTestExecutionListener@3da30ce5, org.springframework.test.context.support.DirtiesContextTestExecutionListener@1e4b70c6, org.springframework.test.context.transaction.TransactionalTestExecutionListener@7054c068, org.springframework.test.context.jdbc.SqlScriptsTestExecutionListener@48301bfe, org.springframework.test.context.event.EventPublishingTestExecutionListener@6dd1f239, org.springframework.security.test.context.support.WithSecurityContextTestExecutionListener@28d97205, org.springframework.security.test.context.support.ReactorContextTestExecutionListener@7e58b0f6, org.springframework.boot.test.mock.mockito.ResetMocksTestExecutionListener@367fbb28, org.springframework.boot.test.autoconfigure.restdocs.RestDocsTestExecutionListener@54ddd7e4, org.springframework.boot.test.autoconfigure.web.client.MockRestServiceServerResetTestExecutionListener@37f7ce20, org.springframework.boot.test.autoconfigure.web.servlet.MockMvcPrintOnlyOnFailureTestExecutionListener@c931728, org.springframework.boot.test.autoconfigure.web.servlet.WebDriverTestExecutionListener@477e5b69, org.springframework.boot.test.autoconfigure.webservices.client.MockWebServiceServerTestExecutionListener@7da6d695, org.spockframework.spring.SpringMockTestExecutionListener@74a991cf]
00:26:24.350 [main] DEBUG org.springframework.test.annotation.ProfileValueUtils - Retrieved @ProfileValueSourceConfiguration [null] for test class [pt.ulisboa.tecnico.socialsoftware.tutor.question.service.CreateTopicTest]
00:26:24.350 [main] DEBUG org.springframework.test.annotation.ProfileValueUtils - Retrieved ProfileValueSource type [class org.springframework.test.annotation.SystemProfileValueSource] for class [pt.ulisboa.tecnico.socialsoftware.tutor.question.service.CreateTopicTest]
00:26:24.350 [main] DEBUG org.springframework.test.annotation.ProfileValueUtils - Retrieved @ProfileValueSourceConfiguration [null] for test class [pt.ulisboa.tecnico.socialsoftware.tutor.question.service.CreateTopicTest]
00:26:24.350 [main] DEBUG org.springframework.test.annotation.ProfileValueUtils - Retrieved ProfileValueSource type [class org.springframework.test.annotation.SystemProfileValueSource] for class [pt.ulisboa.tecnico.socialsoftware.tutor.question.service.CreateTopicTest]
00:26:24.350 [main] DEBUG org.springframework.test.annotation.ProfileValueUtils - Retrieved @ProfileValueSourceConfiguration [null] for test class [pt.ulisboa.tecnico.socialsoftware.tutor.question.service.CreateTopicTest]
00:26:24.351 [main] DEBUG org.springframework.test.annotation.ProfileValueUtils - Retrieved ProfileValueSource type [class org.springframework.test.annotation.SystemProfileValueSource] for class [pt.ulisboa.tecnico.socialsoftware.tutor.question.service.CreateTopicTest]
00:26:24.351 [main] DEBUG org.springframework.test.context.BootstrapUtils - Instantiating CacheAwareContextLoaderDelegate from class [org.springframework.test.context.cache.DefaultCacheAwareContextLoaderDelegate]
00:26:24.351 [main] DEBUG org.springframework.test.context.BootstrapUtils - Instantiating BootstrapContext using constructor [public org.springframework.test.context.support.DefaultBootstrapContext(java.lang.Class,org.springframework.test.context.CacheAwareContextLoaderDelegate)]
00:26:24.351 [main] DEBUG org.springframework.test.context.BootstrapUtils - Instantiating TestContextBootstrapper for test class [pt.ulisboa.tecnico.socialsoftware.tutor.question.service.CreateTopicTest] from class [org.springframework.boot.test.autoconfigure.orm.jpa.DataJpaTestContextBootstrapper]
00:26:24.352 [main] INFO org.springframework.boot.test.autoconfigure.orm.jpa.DataJpaTestContextBootstrapper - Neither @ContextConfiguration nor @ContextHierarchy found for test class [pt.ulisboa.tecnico.socialsoftware.tutor.question.service.CreateTopicTest], using SpringBootContextLoader
00:26:24.353 [main] DEBUG org.springframework.test.context.support.AbstractContextLoader - Did not detect default resource location for test class [pt.ulisboa.tecnico.socialsoftware.tutor.question.service.CreateTopicTest]: class path resource [pt/ulisboa/tecnico/socialsoftware/tutor/question/service/CreateTopicTest-context.xml] does not exist
00:26:24.354 [main] DEBUG org.springframework.test.context.support.AbstractContextLoader - Did not detect default resource location for test class [pt.ulisboa.tecnico.socialsoftware.tutor.question.service.CreateTopicTest]: class path resource [pt/ulisboa/tecnico/socialsoftware/tutor/question/service/CreateTopicTestContext.groovy] does not exist
00:26:24.354 [main] INFO org.springframework.test.context.support.AbstractContextLoader - Could not detect default resource locations for test class [pt.ulisboa.tecnico.socialsoftware.tutor.question.service.CreateTopicTest]: no resource found for suffixes {-context.xml, Context.groovy}.
00:26:24.358 [main] DEBUG org.springframework.test.context.support.ActiveProfilesUtils - Could not find an 'annotation declaring class' for annotation type [org.springframework.test.context.ActiveProfiles] and class [pt.ulisboa.tecnico.socialsoftware.tutor.question.service.CreateTopicTest]
00:26:24.359 [main] INFO org.springframework.boot.test.context.SpringBootTestContextBootstrapper - Found @SpringBootConfiguration pt.ulisboa.tecnico.socialsoftware.tutor.TutorTestApplication for test class pt.ulisboa.tecnico.socialsoftware.tutor.question.service.CreateTopicTest
00:26:24.360 [main] DEBUG org.springframework.boot.test.autoconfigure.orm.jpa.DataJpaTestContextBootstrapper - @TestExecutionListeners is not present for class [pt.ulisboa.tecnico.socialsoftware.tutor.question.service.CreateTopicTest]: using defaults.
00:26:24.361 [main] INFO org.springframework.boot.test.autoconfigure.orm.jpa.DataJpaTestContextBootstrapper - Loaded default TestExecutionListener class names from location [META-INF/spring.factories]: [org.springframework.boot.test.mock.mockito.MockitoTestExecutionListener, org.springframework.boot.test.mock.mockito.ResetMocksTestExecutionListener, org.springframework.boot.test.autoconfigure.restdocs.RestDocsTestExecutionListener, org.springframework.boot.test.autoconfigure.web.client.MockRestServiceServerResetTestExecutionListener, org.springframework.boot.test.autoconfigure.web.servlet.MockMvcPrintOnlyOnFailureTestExecutionListener, org.springframework.boot.test.autoconfigure.web.servlet.WebDriverTestExecutionListener, org.springframework.boot.test.autoconfigure.webservices.client.MockWebServiceServerTestExecutionListener, org.springframework.test.context.web.ServletTestExecutionListener, org.springframework.test.context.support.DirtiesContextBeforeModesTestExecutionListener, org.springframework.test.context.event.ApplicationEventsTestExecutionListener, org.springframework.test.context.support.DependencyInjectionTestExecutionListener, org.springframework.test.context.support.DirtiesContextTestExecutionListener, org.springframework.test.context.transaction.TransactionalTestExecutionListener, org.springframework.test.context.jdbc.SqlScriptsTestExecutionListener, org.springframework.test.context.event.EventPublishingTestExecutionListener, org.springframework.security.test.context.support.WithSecurityContextTestExecutionListener, org.springframework.security.test.context.support.ReactorContextTestExecutionListener, org.spockframework.spring.SpringMockTestExecutionListener]
00:26:24.363 [main] INFO org.springframework.boot.test.autoconfigure.orm.jpa.DataJpaTestContextBootstrapper - Using TestExecutionListeners: [org.springframework.test.context.web.ServletTestExecutionListener@9a16af1, org.springframework.test.context.support.DirtiesContextBeforeModesTestExecutionListener@47e70f54, org.springframework.test.context.event.ApplicationEventsTestExecutionListener@30a6984c, org.springframework.boot.test.mock.mockito.MockitoTestExecutionListener@45302e66, org.springframework.boot.test.autoconfigure.SpringBootDependencyInjectionTestExecutionListener@47c422d3, org.springframework.test.context.support.DirtiesContextTestExecutionListener@382608d0, org.springframework.test.context.transaction.TransactionalTestExecutionListener@3c468360, org.springframework.test.context.jdbc.SqlScriptsTestExecutionListener@7841c990, org.springframework.test.context.event.EventPublishingTestExecutionListener@1e75bef1, org.springframework.security.test.context.support.WithSecurityContextTestExecutionListener@169d5567, org.springframework.security.test.context.support.ReactorContextTestExecutionListener@1e489957, org.springframework.boot.test.mock.mockito.ResetMocksTestExecutionListener@68b3de47, org.springframework.boot.test.autoconfigure.restdocs.RestDocsTestExecutionListener@5b827796, org.springframework.boot.test.autoconfigure.web.client.MockRestServiceServerResetTestExecutionListener@27c827ec, org.springframework.boot.test.autoconfigure.web.servlet.MockMvcPrintOnlyOnFailureTestExecutionListener@7d108063, org.springframework.boot.test.autoconfigure.web.servlet.WebDriverTestExecutionListener@b272860, org.springframework.boot.test.autoconfigure.webservices.client.MockWebServiceServerTestExecutionListener@4351d055, org.spockframework.spring.SpringMockTestExecutionListener@25c06894]
00:26:24.373 [main] DEBUG org.springframework.test.annotation.ProfileValueUtils - Retrieved @ProfileValueSourceConfiguration [null] for test class [pt.ulisboa.tecnico.socialsoftware.tutor.question.service.FindQuestionsTest]
00:26:24.374 [main] DEBUG org.springframework.test.annotation.ProfileValueUtils - Retrieved ProfileValueSource type [class org.springframework.test.annotation.SystemProfileValueSource] for class [pt.ulisboa.tecnico.socialsoftware.tutor.question.service.FindQuestionsTest]
00:26:24.374 [main] DEBUG org.springframework.test.annotation.ProfileValueUtils - Retrieved @ProfileValueSourceConfiguration [null] for test class [pt.ulisboa.tecnico.socialsoftware.tutor.question.service.FindQuestionsTest]
00:26:24.374 [main] DEBUG org.springframework.test.annotation.ProfileValueUtils - Retrieved ProfileValueSource type [class org.springframework.test.annotation.SystemProfileValueSource] for class [pt.ulisboa.tecnico.socialsoftware.tutor.question.service.FindQuestionsTest]
00:26:24.374 [main] DEBUG org.springframework.test.context.BootstrapUtils - Instantiating CacheAwareContextLoaderDelegate from class [org.springframework.test.context.cache.DefaultCacheAwareContextLoaderDelegate]
00:26:24.374 [main] DEBUG org.springframework.test.context.BootstrapUtils - Instantiating BootstrapContext using constructor [public org.springframework.test.context.support.DefaultBootstrapContext(java.lang.Class,org.springframework.test.context.CacheAwareContextLoaderDelegate)]
00:26:24.374 [main] DEBUG org.springframework.test.context.BootstrapUtils - Instantiating TestContextBootstrapper for test class [pt.ulisboa.tecnico.socialsoftware.tutor.question.service.FindQuestionsTest] from class [org.springframework.boot.test.autoconfigure.orm.jpa.DataJpaTestContextBootstrapper]
00:26:24.374 [main] INFO org.springframework.boot.test.autoconfigure.orm.jpa.DataJpaTestContextBootstrapper - Neither @ContextConfiguration nor @ContextHierarchy found for test class [pt.ulisboa.tecnico.socialsoftware.tutor.question.service.FindQuestionsTest], using SpringBootContextLoader
00:26:24.375 [main] DEBUG org.springframework.test.context.support.AbstractContextLoader - Did not detect default resource location for test class [pt.ulisboa.tecnico.socialsoftware.tutor.question.service.FindQuestionsTest]: class path resource [pt/ulisboa/tecnico/socialsoftware/tutor/question/service/FindQuestionsTest-context.xml] does not exist
00:26:24.377 [main] DEBUG org.springframework.test.context.support.AbstractContextLoader - Did not detect default resource location for test class [pt.ulisboa.tecnico.socialsoftware.tutor.question.service.FindQuestionsTest]: class path resource [pt/ulisboa/tecnico/socialsoftware/tutor/question/service/FindQuestionsTestContext.groovy] does not exist
00:26:24.377 [main] INFO org.springframework.test.context.support.AbstractContextLoader - Could not detect default resource locations for test class [pt.ulisboa.tecnico.socialsoftware.tutor.question.service.FindQuestionsTest]: no resource found for suffixes {-context.xml, Context.groovy}.
00:26:24.381 [main] DEBUG org.springframework.test.context.support.ActiveProfilesUtils - Could not find an 'annotation declaring class' for annotation type [org.springframework.test.context.ActiveProfiles] and class [pt.ulisboa.tecnico.socialsoftware.tutor.question.service.FindQuestionsTest]
00:26:24.382 [main] INFO org.springframework.boot.test.context.SpringBootTestContextBootstrapper - Found @SpringBootConfiguration pt.ulisboa.tecnico.socialsoftware.tutor.TutorTestApplication for test class pt.ulisboa.tecnico.socialsoftware.tutor.question.service.FindQuestionsTest
00:26:24.382 [main] DEBUG org.springframework.boot.test.autoconfigure.orm.jpa.DataJpaTestContextBootstrapper - @TestExecutionListeners is not present for class [pt.ulisboa.tecnico.socialsoftware.tutor.question.service.FindQuestionsTest]: using defaults.
00:26:24.382 [main] INFO org.springframework.boot.test.autoconfigure.orm.jpa.DataJpaTestContextBootstrapper - Loaded default TestExecutionListener class names from location [META-INF/spring.factories]: [org.springframework.boot.test.mock.mockito.MockitoTestExecutionListener, org.springframework.boot.test.mock.mockito.ResetMocksTestExecutionListener, org.springframework.boot.test.autoconfigure.restdocs.RestDocsTestExecutionListener, org.springframework.boot.test.autoconfigure.web.client.MockRestServiceServerResetTestExecutionListener, org.springframework.boot.test.autoconfigure.web.servlet.MockMvcPrintOnlyOnFailureTestExecutionListener, org.springframework.boot.test.autoconfigure.web.servlet.WebDriverTestExecutionListener, org.springframework.boot.test.autoconfigure.webservices.client.MockWebServiceServerTestExecutionListener, org.springframework.test.context.web.ServletTestExecutionListener, org.springframework.test.context.support.DirtiesContextBeforeModesTestExecutionListener, org.springframework.test.context.event.ApplicationEventsTestExecutionListener, org.springframework.test.context.support.DependencyInjectionTestExecutionListener, org.springframework.test.context.support.DirtiesContextTestExecutionListener, org.springframework.test.context.transaction.TransactionalTestExecutionListener, org.springframework.test.context.jdbc.SqlScriptsTestExecutionListener, org.springframework.test.context.event.EventPublishingTestExecutionListener, org.springframework.security.test.context.support.WithSecurityContextTestExecutionListener, org.springframework.security.test.context.support.ReactorContextTestExecutionListener, org.spockframework.spring.SpringMockTestExecutionListener]
00:26:24.384 [main] INFO org.springframework.boot.test.autoconfigure.orm.jpa.DataJpaTestContextBootstrapper - Using TestExecutionListeners: [org.springframework.test.context.web.ServletTestExecutionListener@1cc42abe, org.springframework.test.context.support.DirtiesContextBeforeModesTestExecutionListener@6f071d0c, org.springframework.test.context.event.ApplicationEventsTestExecutionListener@138d978e, org.springframework.boot.test.mock.mockito.MockitoTestExecutionListener@357e7113, org.springframework.boot.test.autoconfigure.SpringBootDependencyInjectionTestExecutionListener@8d23cd8, org.springframework.test.context.support.DirtiesContextTestExecutionListener@5feaafb3, org.springframework.test.context.transaction.TransactionalTestExecutionListener@20a46227, org.springframework.test.context.jdbc.SqlScriptsTestExecutionListener@669469c9, org.springframework.test.context.event.EventPublishingTestExecutionListener@7f39ad3f, org.springframework.security.test.context.support.WithSecurityContextTestExecutionListener@7524125c, org.springframework.security.test.context.support.ReactorContextTestExecutionListener@7612f385, org.springframework.boot.test.mock.mockito.ResetMocksTestExecutionListener@330d16af, org.springframework.boot.test.autoconfigure.restdocs.RestDocsTestExecutionListener@16f15a4, org.springframework.boot.test.autoconfigure.web.client.MockRestServiceServerResetTestExecutionListener@548c5127, org.springframework.boot.test.autoconfigure.web.servlet.MockMvcPrintOnlyOnFailureTestExecutionListener@35630ee8, org.springframework.boot.test.autoconfigure.web.servlet.WebDriverTestExecutionListener@6e80de85, org.springframework.boot.test.autoconfigure.webservices.client.MockWebServiceServerTestExecutionListener@173b24c4, org.spockframework.spring.SpringMockTestExecutionListener@21084a6d]
00:26:24.399 [main] DEBUG org.springframework.test.annotation.ProfileValueUtils - Retrieved @ProfileValueSourceConfiguration [null] for test class [pt.ulisboa.tecnico.socialsoftware.tutor.question.service.RemoveQuestionTest]
00:26:24.400 [main] DEBUG org.springframework.test.annotation.ProfileValueUtils - Retrieved ProfileValueSource type [class org.springframework.test.annotation.SystemProfileValueSource] for class [pt.ulisboa.tecnico.socialsoftware.tutor.question.service.RemoveQuestionTest]
00:26:24.400 [main] DEBUG org.springframework.test.annotation.ProfileValueUtils - Retrieved @ProfileValueSourceConfiguration [null] for test class [pt.ulisboa.tecnico.socialsoftware.tutor.question.service.RemoveQuestionTest]
00:26:24.400 [main] DEBUG org.springframework.test.annotation.ProfileValueUtils - Retrieved ProfileValueSource type [class org.springframework.test.annotation.SystemProfileValueSource] for class [pt.ulisboa.tecnico.socialsoftware.tutor.question.service.RemoveQuestionTest]
00:26:24.400 [main] DEBUG org.springframework.test.annotation.ProfileValueUtils - Retrieved @ProfileValueSourceConfiguration [null] for test class [pt.ulisboa.tecnico.socialsoftware.tutor.question.service.RemoveQuestionTest]
00:26:24.400 [main] DEBUG org.springframework.test.annotation.ProfileValueUtils - Retrieved ProfileValueSource type [class org.springframework.test.annotation.SystemProfileValueSource] for class [pt.ulisboa.tecnico.socialsoftware.tutor.question.service.RemoveQuestionTest]
00:26:24.400 [main] DEBUG org.springframework.test.annotation.ProfileValueUtils - Retrieved @ProfileValueSourceConfiguration [null] for test class [pt.ulisboa.tecnico.socialsoftware.tutor.question.service.RemoveQuestionTest]
00:26:24.400 [main] DEBUG org.springframework.test.annotation.ProfileValueUtils - Retrieved ProfileValueSource type [class org.springframework.test.annotation.SystemProfileValueSource] for class [pt.ulisboa.tecnico.socialsoftware.tutor.question.service.RemoveQuestionTest]
00:26:24.400 [main] DEBUG org.springframework.test.annotation.ProfileValueUtils - Retrieved @ProfileValueSourceConfiguration [null] for test class [pt.ulisboa.tecnico.socialsoftware.tutor.question.service.RemoveQuestionTest]
00:26:24.400 [main] DEBUG org.springframework.test.annotation.ProfileValueUtils - Retrieved ProfileValueSource type [class org.springframework.test.annotation.SystemProfileValueSource] for class [pt.ulisboa.tecnico.socialsoftware.tutor.question.service.RemoveQuestionTest]
00:26:24.400 [main] DEBUG org.springframework.test.context.BootstrapUtils - Instantiating CacheAwareContextLoaderDelegate from class [org.springframework.test.context.cache.DefaultCacheAwareContextLoaderDelegate]
00:26:24.400 [main] DEBUG org.springframework.test.context.BootstrapUtils - Instantiating BootstrapContext using constructor [public org.springframework.test.context.support.DefaultBootstrapContext(java.lang.Class,org.springframework.test.context.CacheAwareContextLoaderDelegate)]
00:26:24.400 [main] DEBUG org.springframework.test.context.BootstrapUtils - Instantiating TestContextBootstrapper for test class [pt.ulisboa.tecnico.socialsoftware.tutor.question.service.RemoveQuestionTest] from class [org.springframework.boot.test.autoconfigure.orm.jpa.DataJpaTestContextBootstrapper]
00:26:24.401 [main] INFO org.springframework.boot.test.autoconfigure.orm.jpa.DataJpaTestContextBootstrapper - Neither @ContextConfiguration nor @ContextHierarchy found for test class [pt.ulisboa.tecnico.socialsoftware.tutor.question.service.RemoveQuestionTest], using SpringBootContextLoader
00:26:24.403 [main] DEBUG org.springframework.test.context.support.AbstractContextLoader - Did not detect default resource location for test class [pt.ulisboa.tecnico.socialsoftware.tutor.question.service.RemoveQuestionTest]: class path resource [pt/ulisboa/tecnico/socialsoftware/tutor/question/service/RemoveQuestionTest-context.xml] does not exist
00:26:24.404 [main] DEBUG org.springframework.test.context.support.AbstractContextLoader - Did not detect default resource location for test class [pt.ulisboa.tecnico.socialsoftware.tutor.question.service.RemoveQuestionTest]: class path resource [pt/ulisboa/tecnico/socialsoftware/tutor/question/service/RemoveQuestionTestContext.groovy] does not exist
00:26:24.404 [main] INFO org.springframework.test.context.support.AbstractContextLoader - Could not detect default resource locations for test class [pt.ulisboa.tecnico.socialsoftware.tutor.question.service.RemoveQuestionTest]: no resource found for suffixes {-context.xml, Context.groovy}.
00:26:24.411 [main] DEBUG org.springframework.test.context.support.ActiveProfilesUtils - Could not find an 'annotation declaring class' for annotation type [org.springframework.test.context.ActiveProfiles] and class [pt.ulisboa.tecnico.socialsoftware.tutor.question.service.RemoveQuestionTest]
00:26:24.412 [main] INFO org.springframework.boot.test.context.SpringBootTestContextBootstrapper - Found @SpringBootConfiguration pt.ulisboa.tecnico.socialsoftware.tutor.TutorTestApplication for test class pt.ulisboa.tecnico.socialsoftware.tutor.question.service.RemoveQuestionTest
00:26:24.413 [main] DEBUG org.springframework.boot.test.autoconfigure.orm.jpa.DataJpaTestContextBootstrapper - @TestExecutionListeners is not present for class [pt.ulisboa.tecnico.socialsoftware.tutor.question.service.RemoveQuestionTest]: using defaults.
00:26:24.413 [main] INFO org.springframework.boot.test.autoconfigure.orm.jpa.DataJpaTestContextBootstrapper - Loaded default TestExecutionListener class names from location [META-INF/spring.factories]: [org.springframework.boot.test.mock.mockito.MockitoTestExecutionListener, org.springframework.boot.test.mock.mockito.ResetMocksTestExecutionListener, org.springframework.boot.test.autoconfigure.restdocs.RestDocsTestExecutionListener, org.springframework.boot.test.autoconfigure.web.client.MockRestServiceServerResetTestExecutionListener, org.springframework.boot.test.autoconfigure.web.servlet.MockMvcPrintOnlyOnFailureTestExecutionListener, org.springframework.boot.test.autoconfigure.web.servlet.WebDriverTestExecutionListener, org.springframework.boot.test.autoconfigure.webservices.client.MockWebServiceServerTestExecutionListener, org.springframework.test.context.web.ServletTestExecutionListener, org.springframework.test.context.support.DirtiesContextBeforeModesTestExecutionListener, org.springframework.test.context.event.ApplicationEventsTestExecutionListener, org.springframework.test.context.support.DependencyInjectionTestExecutionListener, org.springframework.test.context.support.DirtiesContextTestExecutionListener, org.springframework.test.context.transaction.TransactionalTestExecutionListener, org.springframework.test.context.jdbc.SqlScriptsTestExecutionListener, org.springframework.test.context.event.EventPublishingTestExecutionListener, org.springframework.security.test.context.support.WithSecurityContextTestExecutionListener, org.springframework.security.test.context.support.ReactorContextTestExecutionListener, org.spockframework.spring.SpringMockTestExecutionListener]
00:26:24.415 [main] INFO org.springframework.boot.test.autoconfigure.orm.jpa.DataJpaTestContextBootstrapper - Using TestExecutionListeners: [org.springframework.test.context.web.ServletTestExecutionListener@1f229c40, org.springframework.test.context.support.DirtiesContextBeforeModesTestExecutionListener@215404a1, org.springframework.test.context.event.ApplicationEventsTestExecutionListener@391b03b, org.springframework.boot.test.mock.mockito.MockitoTestExecutionListener@4a977146, org.springframework.boot.test.autoconfigure.SpringBootDependencyInjectionTestExecutionListener@41dc34c8, org.springframework.test.context.support.DirtiesContextTestExecutionListener@402c415e, org.springframework.test.context.transaction.TransactionalTestExecutionListener@4e322108, org.springframework.test.context.jdbc.SqlScriptsTestExecutionListener@3f5e64c9, org.springframework.test.context.event.EventPublishingTestExecutionListener@1f847d9e, org.springframework.security.test.context.support.WithSecurityContextTestExecutionListener@3d00e981, org.springframework.security.test.context.support.ReactorContextTestExecutionListener@6265a548, org.springframework.boot.test.mock.mockito.ResetMocksTestExecutionListener@2e51ede1, org.springframework.boot.test.autoconfigure.restdocs.RestDocsTestExecutionListener@12051d38, org.springframework.boot.test.autoconfigure.web.client.MockRestServiceServerResetTestExecutionListener@28f3a218, org.springframework.boot.test.autoconfigure.web.servlet.MockMvcPrintOnlyOnFailureTestExecutionListener@67730dab, org.springframework.boot.test.autoconfigure.web.servlet.WebDriverTestExecutionListener@466cca41, org.springframework.boot.test.autoconfigure.webservices.client.MockWebServiceServerTestExecutionListener@7c3ae369, org.spockframework.spring.SpringMockTestExecutionListener@496c6d94]
00:26:24.428 [main] DEBUG org.springframework.test.annotation.ProfileValueUtils - Retrieved @ProfileValueSourceConfiguration [null] for test class [pt.ulisboa.tecnico.socialsoftware.tutor.question.service.RemoveTopicTest]
00:26:24.428 [main] DEBUG org.springframework.test.annotation.ProfileValueUtils - Retrieved ProfileValueSource type [class org.springframework.test.annotation.SystemProfileValueSource] for class [pt.ulisboa.tecnico.socialsoftware.tutor.question.service.RemoveTopicTest]
00:26:24.428 [main] DEBUG org.springframework.test.annotation.ProfileValueUtils - Retrieved @ProfileValueSourceConfiguration [null] for test class [pt.ulisboa.tecnico.socialsoftware.tutor.question.service.RemoveTopicTest]
00:26:24.428 [main] DEBUG org.springframework.test.annotation.ProfileValueUtils - Retrieved ProfileValueSource type [class org.springframework.test.annotation.SystemProfileValueSource] for class [pt.ulisboa.tecnico.socialsoftware.tutor.question.service.RemoveTopicTest]
00:26:24.428 [main] DEBUG org.springframework.test.annotation.ProfileValueUtils - Retrieved @ProfileValueSourceConfiguration [null] for test class [pt.ulisboa.tecnico.socialsoftware.tutor.question.service.RemoveTopicTest]
00:26:24.429 [main] DEBUG org.springframework.test.annotation.ProfileValueUtils - Retrieved ProfileValueSource type [class org.springframework.test.annotation.SystemProfileValueSource] for class [pt.ulisboa.tecnico.socialsoftware.tutor.question.service.RemoveTopicTest]
00:26:24.429 [main] DEBUG org.springframework.test.context.BootstrapUtils - Instantiating CacheAwareContextLoaderDelegate from class [org.springframework.test.context.cache.DefaultCacheAwareContextLoaderDelegate]
00:26:24.429 [main] DEBUG org.springframework.test.context.BootstrapUtils - Instantiating BootstrapContext using constructor [public org.springframework.test.context.support.DefaultBootstrapContext(java.lang.Class,org.springframework.test.context.CacheAwareContextLoaderDelegate)]
00:26:24.429 [main] DEBUG org.springframework.test.context.BootstrapUtils - Instantiating TestContextBootstrapper for test class [pt.ulisboa.tecnico.socialsoftware.tutor.question.service.RemoveTopicTest] from class [org.springframework.boot.test.autoconfigure.orm.jpa.DataJpaTestContextBootstrapper]
00:26:24.429 [main] INFO org.springframework.boot.test.autoconfigure.orm.jpa.DataJpaTestContextBootstrapper - Neither @ContextConfiguration nor @ContextHierarchy found for test class [pt.ulisboa.tecnico.socialsoftware.tutor.question.service.RemoveTopicTest], using SpringBootContextLoader
00:26:24.431 [main] DEBUG org.springframework.test.context.support.AbstractContextLoader - Did not detect default resource location for test class [pt.ulisboa.tecnico.socialsoftware.tutor.question.service.RemoveTopicTest]: class path resource [pt/ulisboa/tecnico/socialsoftware/tutor/question/service/RemoveTopicTest-context.xml] does not exist
00:26:24.432 [main] DEBUG org.springframework.test.context.support.AbstractContextLoader - Did not detect default resource location for test class [pt.ulisboa.tecnico.socialsoftware.tutor.question.service.RemoveTopicTest]: class path resource [pt/ulisboa/tecnico/socialsoftware/tutor/question/service/RemoveTopicTestContext.groovy] does not exist
00:26:24.432 [main] INFO org.springframework.test.context.support.AbstractContextLoader - Could not detect default resource locations for test class [pt.ulisboa.tecnico.socialsoftware.tutor.question.service.RemoveTopicTest]: no resource found for suffixes {-context.xml, Context.groovy}.
00:26:24.444 [main] DEBUG org.springframework.test.context.support.ActiveProfilesUtils - Could not find an 'annotation declaring class' for annotation type [org.springframework.test.context.ActiveProfiles] and class [pt.ulisboa.tecnico.socialsoftware.tutor.question.service.RemoveTopicTest]
00:26:24.444 [main] INFO org.springframework.boot.test.context.SpringBootTestContextBootstrapper - Found @SpringBootConfiguration pt.ulisboa.tecnico.socialsoftware.tutor.TutorTestApplication for test class pt.ulisboa.tecnico.socialsoftware.tutor.question.service.RemoveTopicTest
00:26:24.445 [main] DEBUG org.springframework.boot.test.autoconfigure.orm.jpa.DataJpaTestContextBootstrapper - @TestExecutionListeners is not present for class [pt.ulisboa.tecnico.socialsoftware.tutor.question.service.RemoveTopicTest]: using defaults.
00:26:24.445 [main] INFO org.springframework.boot.test.autoconfigure.orm.jpa.DataJpaTestContextBootstrapper - Loaded default TestExecutionListener class names from location [META-INF/spring.factories]: [org.springframework.boot.test.mock.mockito.MockitoTestExecutionListener, org.springframework.boot.test.mock.mockito.ResetMocksTestExecutionListener, org.springframework.boot.test.autoconfigure.restdocs.RestDocsTestExecutionListener, org.springframework.boot.test.autoconfigure.web.client.MockRestServiceServerResetTestExecutionListener, org.springframework.boot.test.autoconfigure.web.servlet.MockMvcPrintOnlyOnFailureTestExecutionListener, org.springframework.boot.test.autoconfigure.web.servlet.WebDriverTestExecutionListener, org.springframework.boot.test.autoconfigure.webservices.client.MockWebServiceServerTestExecutionListener, org.springframework.test.context.web.ServletTestExecutionListener, org.springframework.test.context.support.DirtiesContextBeforeModesTestExecutionListener, org.springframework.test.context.event.ApplicationEventsTestExecutionListener, org.springframework.test.context.support.DependencyInjectionTestExecutionListener, org.springframework.test.context.support.DirtiesContextTestExecutionListener, org.springframework.test.context.transaction.TransactionalTestExecutionListener, org.springframework.test.context.jdbc.SqlScriptsTestExecutionListener, org.springframework.test.context.event.EventPublishingTestExecutionListener, org.springframework.security.test.context.support.WithSecurityContextTestExecutionListener, org.springframework.security.test.context.support.ReactorContextTestExecutionListener, org.spockframework.spring.SpringMockTestExecutionListener]
00:26:24.447 [main] INFO org.springframework.boot.test.autoconfigure.orm.jpa.DataJpaTestContextBootstrapper - Using TestExecutionListeners: [org.springframework.test.context.web.ServletTestExecutionListener@10f60e36, org.springframework.test.context.support.DirtiesContextBeforeModesTestExecutionListener@8ad182c, org.springframework.test.context.event.ApplicationEventsTestExecutionListener@7e84af34, org.springframework.boot.test.mock.mockito.MockitoTestExecutionListener@218e186b, org.springframework.boot.test.autoconfigure.SpringBootDependencyInjectionTestExecutionListener@12925d2, org.springframework.test.context.support.DirtiesContextTestExecutionListener@612531a3, org.springframework.test.context.transaction.TransactionalTestExecutionListener@3a83cfbc, org.springframework.test.context.jdbc.SqlScriptsTestExecutionListener@6b9fc5c7, org.springframework.test.context.event.EventPublishingTestExecutionListener@23d07ad3, org.springframework.security.test.context.support.WithSecurityContextTestExecutionListener@6b30ff23, org.springframework.security.test.context.support.ReactorContextTestExecutionListener@4fea23d6, org.springframework.boot.test.mock.mockito.ResetMocksTestExecutionListener@5ace6611, org.springframework.boot.test.autoconfigure.restdocs.RestDocsTestExecutionListener@7a689979, org.springframework.boot.test.autoconfigure.web.client.MockRestServiceServerResetTestExecutionListener@164db8f0, org.springframework.boot.test.autoconfigure.web.servlet.MockMvcPrintOnlyOnFailureTestExecutionListener@8a7cd7c, org.springframework.boot.test.autoconfigure.web.servlet.WebDriverTestExecutionListener@21f0cc97, org.springframework.boot.test.autoconfigure.webservices.client.MockWebServiceServerTestExecutionListener@1f6d3a81, org.spockframework.spring.SpringMockTestExecutionListener@641c8ba4]
00:26:24.460 [main] DEBUG org.springframework.test.annotation.ProfileValueUtils - Retrieved @ProfileValueSourceConfiguration [null] for test class [pt.ulisboa.tecnico.socialsoftware.tutor.question.service.UpdateQuestionTest]
00:26:24.460 [main] DEBUG org.springframework.test.annotation.ProfileValueUtils - Retrieved ProfileValueSource type [class org.springframework.test.annotation.SystemProfileValueSource] for class [pt.ulisboa.tecnico.socialsoftware.tutor.question.service.UpdateQuestionTest]
00:26:24.461 [main] DEBUG org.springframework.test.annotation.ProfileValueUtils - Retrieved @ProfileValueSourceConfiguration [null] for test class [pt.ulisboa.tecnico.socialsoftware.tutor.question.service.UpdateQuestionTest]
00:26:24.462 [main] DEBUG org.springframework.test.annotation.ProfileValueUtils - Retrieved ProfileValueSource type [class org.springframework.test.annotation.SystemProfileValueSource] for class [pt.ulisboa.tecnico.socialsoftware.tutor.question.service.UpdateQuestionTest]
00:26:24.462 [main] DEBUG org.springframework.test.annotation.ProfileValueUtils - Retrieved @ProfileValueSourceConfiguration [null] for test class [pt.ulisboa.tecnico.socialsoftware.tutor.question.service.UpdateQuestionTest]
00:26:24.462 [main] DEBUG org.springframework.test.annotation.ProfileValueUtils - Retrieved ProfileValueSource type [class org.springframework.test.annotation.SystemProfileValueSource] for class [pt.ulisboa.tecnico.socialsoftware.tutor.question.service.UpdateQuestionTest]
00:26:24.462 [main] DEBUG org.springframework.test.annotation.ProfileValueUtils - Retrieved @ProfileValueSourceConfiguration [null] for test class [pt.ulisboa.tecnico.socialsoftware.tutor.question.service.UpdateQuestionTest]
00:26:24.463 [main] DEBUG org.springframework.test.annotation.ProfileValueUtils - Retrieved ProfileValueSource type [class org.springframework.test.annotation.SystemProfileValueSource] for class [pt.ulisboa.tecnico.socialsoftware.tutor.question.service.UpdateQuestionTest]
00:26:24.463 [main] DEBUG org.springframework.test.annotation.ProfileValueUtils - Retrieved @ProfileValueSourceConfiguration [null] for test class [pt.ulisboa.tecnico.socialsoftware.tutor.question.service.UpdateQuestionTest]
00:26:24.463 [main] DEBUG org.springframework.test.annotation.ProfileValueUtils - Retrieved ProfileValueSource type [class org.springframework.test.annotation.SystemProfileValueSource] for class [pt.ulisboa.tecnico.socialsoftware.tutor.question.service.UpdateQuestionTest]
00:26:24.463 [main] DEBUG org.springframework.test.context.BootstrapUtils - Instantiating CacheAwareContextLoaderDelegate from class [org.springframework.test.context.cache.DefaultCacheAwareContextLoaderDelegate]
00:26:24.463 [main] DEBUG org.springframework.test.context.BootstrapUtils - Instantiating BootstrapContext using constructor [public org.springframework.test.context.support.DefaultBootstrapContext(java.lang.Class,org.springframework.test.context.CacheAwareContextLoaderDelegate)]
00:26:24.463 [main] DEBUG org.springframework.test.context.BootstrapUtils - Instantiating TestContextBootstrapper for test class [pt.ulisboa.tecnico.socialsoftware.tutor.question.service.UpdateQuestionTest] from class [org.springframework.boot.test.autoconfigure.orm.jpa.DataJpaTestContextBootstrapper]
00:26:24.464 [main] INFO org.springframework.boot.test.autoconfigure.orm.jpa.DataJpaTestContextBootstrapper - Neither @ContextConfiguration nor @ContextHierarchy found for test class [pt.ulisboa.tecnico.socialsoftware.tutor.question.service.UpdateQuestionTest], using SpringBootContextLoader
00:26:24.465 [main] DEBUG org.springframework.test.context.support.AbstractContextLoader - Did not detect default resource location for test class [pt.ulisboa.tecnico.socialsoftware.tutor.question.service.UpdateQuestionTest]: class path resource [pt/ulisboa/tecnico/socialsoftware/tutor/question/service/UpdateQuestionTest-context.xml] does not exist
00:26:24.466 [main] DEBUG org.springframework.test.context.support.AbstractContextLoader - Did not detect default resource location for test class [pt.ulisboa.tecnico.socialsoftware.tutor.question.service.UpdateQuestionTest]: class path resource [pt/ulisboa/tecnico/socialsoftware/tutor/question/service/UpdateQuestionTestContext.groovy] does not exist
00:26:24.466 [main] INFO org.springframework.test.context.support.AbstractContextLoader - Could not detect default resource locations for test class [pt.ulisboa.tecnico.socialsoftware.tutor.question.service.UpdateQuestionTest]: no resource found for suffixes {-context.xml, Context.groovy}.
00:26:24.469 [main] DEBUG org.springframework.test.context.support.ActiveProfilesUtils - Could not find an 'annotation declaring class' for annotation type [org.springframework.test.context.ActiveProfiles] and class [pt.ulisboa.tecnico.socialsoftware.tutor.question.service.UpdateQuestionTest]
00:26:24.470 [main] INFO org.springframework.boot.test.context.SpringBootTestContextBootstrapper - Found @SpringBootConfiguration pt.ulisboa.tecnico.socialsoftware.tutor.TutorTestApplication for test class pt.ulisboa.tecnico.socialsoftware.tutor.question.service.UpdateQuestionTest
00:26:24.470 [main] DEBUG org.springframework.boot.test.autoconfigure.orm.jpa.DataJpaTestContextBootstrapper - @TestExecutionListeners is not present for class [pt.ulisboa.tecnico.socialsoftware.tutor.question.service.UpdateQuestionTest]: using defaults.
00:26:24.470 [main] INFO org.springframework.boot.test.autoconfigure.orm.jpa.DataJpaTestContextBootstrapper - Loaded default TestExecutionListener class names from location [META-INF/spring.factories]: [org.springframework.boot.test.mock.mockito.MockitoTestExecutionListener, org.springframework.boot.test.mock.mockito.ResetMocksTestExecutionListener, org.springframework.boot.test.autoconfigure.restdocs.RestDocsTestExecutionListener, org.springframework.boot.test.autoconfigure.web.client.MockRestServiceServerResetTestExecutionListener, org.springframework.boot.test.autoconfigure.web.servlet.MockMvcPrintOnlyOnFailureTestExecutionListener, org.springframework.boot.test.autoconfigure.web.servlet.WebDriverTestExecutionListener, org.springframework.boot.test.autoconfigure.webservices.client.MockWebServiceServerTestExecutionListener, org.springframework.test.context.web.ServletTestExecutionListener, org.springframework.test.context.support.DirtiesContextBeforeModesTestExecutionListener, org.springframework.test.context.event.ApplicationEventsTestExecutionListener, org.springframework.test.context.support.DependencyInjectionTestExecutionListener, org.springframework.test.context.support.DirtiesContextTestExecutionListener, org.springframework.test.context.transaction.TransactionalTestExecutionListener, org.springframework.test.context.jdbc.SqlScriptsTestExecutionListener, org.springframework.test.context.event.EventPublishingTestExecutionListener, org.springframework.security.test.context.support.WithSecurityContextTestExecutionListener, org.springframework.security.test.context.support.ReactorContextTestExecutionListener, org.spockframework.spring.SpringMockTestExecutionListener]
00:26:24.472 [main] INFO org.springframework.boot.test.autoconfigure.orm.jpa.DataJpaTestContextBootstrapper - Using TestExecutionListeners: [org.springframework.test.context.web.ServletTestExecutionListener@11896af6, org.springframework.test.context.support.DirtiesContextBeforeModesTestExecutionListener@6b6e2c83, org.springframework.test.context.event.ApplicationEventsTestExecutionListener@2fbb098f, org.springframework.boot.test.mock.mockito.MockitoTestExecutionListener@7866a7a6, org.springframework.boot.test.autoconfigure.SpringBootDependencyInjectionTestExecutionListener@2262bc86, org.springframework.test.context.support.DirtiesContextTestExecutionListener@3872867d, org.springframework.test.context.transaction.TransactionalTestExecutionListener@4f72078d, org.springframework.test.context.jdbc.SqlScriptsTestExecutionListener@2e4d252, org.springframework.test.context.event.EventPublishingTestExecutionListener@3555d804, org.springframework.security.test.context.support.WithSecurityContextTestExecutionListener@19b8f1bd, org.springframework.security.test.context.support.ReactorContextTestExecutionListener@46a9c368, org.springframework.boot.test.mock.mockito.ResetMocksTestExecutionListener@62fbefad, org.springframework.boot.test.autoconfigure.restdocs.RestDocsTestExecutionListener@79f59e0e, org.springframework.boot.test.autoconfigure.web.client.MockRestServiceServerResetTestExecutionListener@279ebd94, org.springframework.boot.test.autoconfigure.web.servlet.MockMvcPrintOnlyOnFailureTestExecutionListener@2fa4888c, org.springframework.boot.test.autoconfigure.web.servlet.WebDriverTestExecutionListener@121f9c52, org.springframework.boot.test.autoconfigure.webservices.client.MockWebServiceServerTestExecutionListener@47cf65f1, org.spockframework.spring.SpringMockTestExecutionListener@156f0281]
00:26:24.485 [main] DEBUG org.springframework.test.annotation.ProfileValueUtils - Retrieved @ProfileValueSourceConfiguration [null] for test class [pt.ulisboa.tecnico.socialsoftware.tutor.question.service.UpdateTopicsTest]
00:26:24.485 [main] DEBUG org.springframework.test.annotation.ProfileValueUtils - Retrieved ProfileValueSource type [class org.springframework.test.annotation.SystemProfileValueSource] for class [pt.ulisboa.tecnico.socialsoftware.tutor.question.service.UpdateTopicsTest]
00:26:24.485 [main] DEBUG org.springframework.test.annotation.ProfileValueUtils - Retrieved @ProfileValueSourceConfiguration [null] for test class [pt.ulisboa.tecnico.socialsoftware.tutor.question.service.UpdateTopicsTest]
00:26:24.485 [main] DEBUG org.springframework.test.annotation.ProfileValueUtils - Retrieved ProfileValueSource type [class org.springframework.test.annotation.SystemProfileValueSource] for class [pt.ulisboa.tecnico.socialsoftware.tutor.question.service.UpdateTopicsTest]
00:26:24.485 [main] DEBUG org.springframework.test.annotation.ProfileValueUtils - Retrieved @ProfileValueSourceConfiguration [null] for test class [pt.ulisboa.tecnico.socialsoftware.tutor.question.service.UpdateTopicsTest]
00:26:24.485 [main] DEBUG org.springframework.test.annotation.ProfileValueUtils - Retrieved ProfileValueSource type [class org.springframework.test.annotation.SystemProfileValueSource] for class [pt.ulisboa.tecnico.socialsoftware.tutor.question.service.UpdateTopicsTest]
00:26:24.485 [main] DEBUG org.springframework.test.annotation.ProfileValueUtils - Retrieved @ProfileValueSourceConfiguration [null] for test class [pt.ulisboa.tecnico.socialsoftware.tutor.question.service.UpdateTopicsTest]
00:26:24.485 [main] DEBUG org.springframework.test.annotation.ProfileValueUtils - Retrieved ProfileValueSource type [class org.springframework.test.annotation.SystemProfileValueSource] for class [pt.ulisboa.tecnico.socialsoftware.tutor.question.service.UpdateTopicsTest]
00:26:24.485 [main] DEBUG org.springframework.test.annotation.ProfileValueUtils - Retrieved @ProfileValueSourceConfiguration [null] for test class [pt.ulisboa.tecnico.socialsoftware.tutor.question.service.UpdateTopicsTest]
00:26:24.485 [main] DEBUG org.springframework.test.annotation.ProfileValueUtils - Retrieved ProfileValueSource type [class org.springframework.test.annotation.SystemProfileValueSource] for class [pt.ulisboa.tecnico.socialsoftware.tutor.question.service.UpdateTopicsTest]
00:26:24.485 [main] DEBUG org.springframework.test.context.BootstrapUtils - Instantiating CacheAwareContextLoaderDelegate from class [org.springframework.test.context.cache.DefaultCacheAwareContextLoaderDelegate]
00:26:24.486 [main] DEBUG org.springframework.test.context.BootstrapUtils - Instantiating BootstrapContext using constructor [public org.springframework.test.context.support.DefaultBootstrapContext(java.lang.Class,org.springframework.test.context.CacheAwareContextLoaderDelegate)]
00:26:24.486 [main] DEBUG org.springframework.test.context.BootstrapUtils - Instantiating TestContextBootstrapper for test class [pt.ulisboa.tecnico.socialsoftware.tutor.question.service.UpdateTopicsTest] from class [org.springframework.boot.test.autoconfigure.orm.jpa.DataJpaTestContextBootstrapper]
00:26:24.486 [main] INFO org.springframework.boot.test.autoconfigure.orm.jpa.DataJpaTestContextBootstrapper - Neither @ContextConfiguration nor @ContextHierarchy found for test class [pt.ulisboa.tecnico.socialsoftware.tutor.question.service.UpdateTopicsTest], using SpringBootContextLoader
00:26:24.487 [main] DEBUG org.springframework.test.context.support.AbstractContextLoader - Did not detect default resource location for test class [pt.ulisboa.tecnico.socialsoftware.tutor.question.service.UpdateTopicsTest]: class path resource [pt/ulisboa/tecnico/socialsoftware/tutor/question/service/UpdateTopicsTest-context.xml] does not exist
00:26:24.488 [main] DEBUG org.springframework.test.context.support.AbstractContextLoader - Did not detect default resource location for test class [pt.ulisboa.tecnico.socialsoftware.tutor.question.service.UpdateTopicsTest]: class path resource [pt/ulisboa/tecnico/socialsoftware/tutor/question/service/UpdateTopicsTestContext.groovy] does not exist
00:26:24.488 [main] INFO org.springframework.test.context.support.AbstractContextLoader - Could not detect default resource locations for test class [pt.ulisboa.tecnico.socialsoftware.tutor.question.service.UpdateTopicsTest]: no resource found for suffixes {-context.xml, Context.groovy}.
00:26:24.494 [main] DEBUG org.springframework.test.context.support.ActiveProfilesUtils - Could not find an 'annotation declaring class' for annotation type [org.springframework.test.context.ActiveProfiles] and class [pt.ulisboa.tecnico.socialsoftware.tutor.question.service.UpdateTopicsTest]
00:26:24.495 [main] INFO org.springframework.boot.test.context.SpringBootTestContextBootstrapper - Found @SpringBootConfiguration pt.ulisboa.tecnico.socialsoftware.tutor.TutorTestApplication for test class pt.ulisboa.tecnico.socialsoftware.tutor.question.service.UpdateTopicsTest
00:26:24.496 [main] DEBUG org.springframework.boot.test.autoconfigure.orm.jpa.DataJpaTestContextBootstrapper - @TestExecutionListeners is not present for class [pt.ulisboa.tecnico.socialsoftware.tutor.question.service.UpdateTopicsTest]: using defaults.
00:26:24.496 [main] INFO org.springframework.boot.test.autoconfigure.orm.jpa.DataJpaTestContextBootstrapper - Loaded default TestExecutionListener class names from location [META-INF/spring.factories]: [org.springframework.boot.test.mock.mockito.MockitoTestExecutionListener, org.springframework.boot.test.mock.mockito.ResetMocksTestExecutionListener, org.springframework.boot.test.autoconfigure.restdocs.RestDocsTestExecutionListener, org.springframework.boot.test.autoconfigure.web.client.MockRestServiceServerResetTestExecutionListener, org.springframework.boot.test.autoconfigure.web.servlet.MockMvcPrintOnlyOnFailureTestExecutionListener, org.springframework.boot.test.autoconfigure.web.servlet.WebDriverTestExecutionListener, org.springframework.boot.test.autoconfigure.webservices.client.MockWebServiceServerTestExecutionListener, org.springframework.test.context.web.ServletTestExecutionListener, org.springframework.test.context.support.DirtiesContextBeforeModesTestExecutionListener, org.springframework.test.context.event.ApplicationEventsTestExecutionListener, org.springframework.test.context.support.DependencyInjectionTestExecutionListener, org.springframework.test.context.support.DirtiesContextTestExecutionListener, org.springframework.test.context.transaction.TransactionalTestExecutionListener, org.springframework.test.context.jdbc.SqlScriptsTestExecutionListener, org.springframework.test.context.event.EventPublishingTestExecutionListener, org.springframework.security.test.context.support.WithSecurityContextTestExecutionListener, org.springframework.security.test.context.support.ReactorContextTestExecutionListener, org.spockframework.spring.SpringMockTestExecutionListener]
00:26:24.498 [main] INFO org.springframework.boot.test.autoconfigure.orm.jpa.DataJpaTestContextBootstrapper - Using TestExecutionListeners: [org.springframework.test.context.web.ServletTestExecutionListener@7c0b792e, org.springframework.test.context.support.DirtiesContextBeforeModesTestExecutionListener@2210af14, org.springframework.test.context.event.ApplicationEventsTestExecutionListener@136a4800, org.springframework.boot.test.mock.mockito.MockitoTestExecutionListener@14d6ede3, org.springframework.boot.test.autoconfigure.SpringBootDependencyInjectionTestExecutionListener@3333245e, org.springframework.test.context.support.DirtiesContextTestExecutionListener@147c4523, org.springframework.test.context.transaction.TransactionalTestExecutionListener@551725e4, org.springframework.test.context.jdbc.SqlScriptsTestExecutionListener@760d6350, org.springframework.test.context.event.EventPublishingTestExecutionListener@5cb6b81b, org.springframework.security.test.context.support.WithSecurityContextTestExecutionListener@2a15bbf3, org.springframework.security.test.context.support.ReactorContextTestExecutionListener@46c19350, org.springframework.boot.test.mock.mockito.ResetMocksTestExecutionListener@5b4b6f3b, org.springframework.boot.test.autoconfigure.restdocs.RestDocsTestExecutionListener@32d46229, org.springframework.boot.test.autoconfigure.web.client.MockRestServiceServerResetTestExecutionListener@35198da3, org.springframework.boot.test.autoconfigure.web.servlet.MockMvcPrintOnlyOnFailureTestExecutionListener@7f08c343, org.springframework.boot.test.autoconfigure.web.servlet.WebDriverTestExecutionListener@7fba492e, org.springframework.boot.test.autoconfigure.webservices.client.MockWebServiceServerTestExecutionListener@6eeeb9da, org.spockframework.spring.SpringMockTestExecutionListener@17635531]
00:26:24.510 [main] DEBUG org.springframework.test.annotation.ProfileValueUtils - Retrieved @ProfileValueSourceConfiguration [null] for test class [pt.ulisboa.tecnico.socialsoftware.tutor.questionsubmission.service.CreateQuestionSubmissionTest]
00:26:24.510 [main] DEBUG org.springframework.test.annotation.ProfileValueUtils - Retrieved ProfileValueSource type [class org.springframework.test.annotation.SystemProfileValueSource] for class [pt.ulisboa.tecnico.socialsoftware.tutor.questionsubmission.service.CreateQuestionSubmissionTest]
00:26:24.510 [main] DEBUG org.springframework.test.annotation.ProfileValueUtils - Retrieved @ProfileValueSourceConfiguration [null] for test class [pt.ulisboa.tecnico.socialsoftware.tutor.questionsubmission.service.CreateQuestionSubmissionTest]
00:26:24.510 [main] DEBUG org.springframework.test.annotation.ProfileValueUtils - Retrieved ProfileValueSource type [class org.springframework.test.annotation.SystemProfileValueSource] for class [pt.ulisboa.tecnico.socialsoftware.tutor.questionsubmission.service.CreateQuestionSubmissionTest]
00:26:24.510 [main] DEBUG org.springframework.test.annotation.ProfileValueUtils - Retrieved @ProfileValueSourceConfiguration [null] for test class [pt.ulisboa.tecnico.socialsoftware.tutor.questionsubmission.service.CreateQuestionSubmissionTest]
00:26:24.510 [main] DEBUG org.springframework.test.annotation.ProfileValueUtils - Retrieved ProfileValueSource type [class org.springframework.test.annotation.SystemProfileValueSource] for class [pt.ulisboa.tecnico.socialsoftware.tutor.questionsubmission.service.CreateQuestionSubmissionTest]
00:26:24.510 [main] DEBUG org.springframework.test.context.BootstrapUtils - Instantiating CacheAwareContextLoaderDelegate from class [org.springframework.test.context.cache.DefaultCacheAwareContextLoaderDelegate]
00:26:24.510 [main] DEBUG org.springframework.test.context.BootstrapUtils - Instantiating BootstrapContext using constructor [public org.springframework.test.context.support.DefaultBootstrapContext(java.lang.Class,org.springframework.test.context.CacheAwareContextLoaderDelegate)]
00:26:24.510 [main] DEBUG org.springframework.test.context.BootstrapUtils - Instantiating TestContextBootstrapper for test class [pt.ulisboa.tecnico.socialsoftware.tutor.questionsubmission.service.CreateQuestionSubmissionTest] from class [org.springframework.boot.test.autoconfigure.orm.jpa.DataJpaTestContextBootstrapper]
00:26:24.511 [main] INFO org.springframework.boot.test.autoconfigure.orm.jpa.DataJpaTestContextBootstrapper - Neither @ContextConfiguration nor @ContextHierarchy found for test class [pt.ulisboa.tecnico.socialsoftware.tutor.questionsubmission.service.CreateQuestionSubmissionTest], using SpringBootContextLoader
00:26:24.512 [main] DEBUG org.springframework.test.context.support.AbstractContextLoader - Did not detect default resource location for test class [pt.ulisboa.tecnico.socialsoftware.tutor.questionsubmission.service.CreateQuestionSubmissionTest]: class path resource [pt/ulisboa/tecnico/socialsoftware/tutor/questionsubmission/service/CreateQuestionSubmissionTest-context.xml] does not exist
00:26:24.513 [main] DEBUG org.springframework.test.context.support.AbstractContextLoader - Did not detect default resource location for test class [pt.ulisboa.tecnico.socialsoftware.tutor.questionsubmission.service.CreateQuestionSubmissionTest]: class path resource [pt/ulisboa/tecnico/socialsoftware/tutor/questionsubmission/service/CreateQuestionSubmissionTestContext.groovy] does not exist
00:26:24.513 [main] INFO org.springframework.test.context.support.AbstractContextLoader - Could not detect default resource locations for test class [pt.ulisboa.tecnico.socialsoftware.tutor.questionsubmission.service.CreateQuestionSubmissionTest]: no resource found for suffixes {-context.xml, Context.groovy}.
00:26:24.519 [main] DEBUG org.springframework.test.context.support.ActiveProfilesUtils - Could not find an 'annotation declaring class' for annotation type [org.springframework.test.context.ActiveProfiles] and class [pt.ulisboa.tecnico.socialsoftware.tutor.questionsubmission.service.CreateQuestionSubmissionTest]
00:26:24.553 [main] DEBUG org.springframework.context.annotation.ClassPathScanningCandidateComponentProvider - Identified candidate component class: file [C:\Users\jhmff\Desktop\IST\MEIC\2ano\2Semestre\Tutor\backend\tutor\target\classes\pt\ulisboa\tecnico\socialsoftware\tutor\TutorTestApplication.class]
00:26:24.553 [main] INFO org.springframework.boot.test.context.SpringBootTestContextBootstrapper - Found @SpringBootConfiguration pt.ulisboa.tecnico.socialsoftware.tutor.TutorTestApplication for test class pt.ulisboa.tecnico.socialsoftware.tutor.questionsubmission.service.CreateQuestionSubmissionTest
00:26:24.553 [main] DEBUG org.springframework.boot.test.autoconfigure.orm.jpa.DataJpaTestContextBootstrapper - @TestExecutionListeners is not present for class [pt.ulisboa.tecnico.socialsoftware.tutor.questionsubmission.service.CreateQuestionSubmissionTest]: using defaults.
00:26:24.553 [main] INFO org.springframework.boot.test.autoconfigure.orm.jpa.DataJpaTestContextBootstrapper - Loaded default TestExecutionListener class names from location [META-INF/spring.factories]: [org.springframework.boot.test.mock.mockito.MockitoTestExecutionListener, org.springframework.boot.test.mock.mockito.ResetMocksTestExecutionListener, org.springframework.boot.test.autoconfigure.restdocs.RestDocsTestExecutionListener, org.springframework.boot.test.autoconfigure.web.client.MockRestServiceServerResetTestExecutionListener, org.springframework.boot.test.autoconfigure.web.servlet.MockMvcPrintOnlyOnFailureTestExecutionListener, org.springframework.boot.test.autoconfigure.web.servlet.WebDriverTestExecutionListener, org.springframework.boot.test.autoconfigure.webservices.client.MockWebServiceServerTestExecutionListener, org.springframework.test.context.web.ServletTestExecutionListener, org.springframework.test.context.support.DirtiesContextBeforeModesTestExecutionListener, org.springframework.test.context.event.ApplicationEventsTestExecutionListener, org.springframework.test.context.support.DependencyInjectionTestExecutionListener, org.springframework.test.context.support.DirtiesContextTestExecutionListener, org.springframework.test.context.transaction.TransactionalTestExecutionListener, org.springframework.test.context.jdbc.SqlScriptsTestExecutionListener, org.springframework.test.context.event.EventPublishingTestExecutionListener, org.springframework.security.test.context.support.WithSecurityContextTestExecutionListener, org.springframework.security.test.context.support.ReactorContextTestExecutionListener, org.spockframework.spring.SpringMockTestExecutionListener]
00:26:24.555 [main] INFO org.springframework.boot.test.autoconfigure.orm.jpa.DataJpaTestContextBootstrapper - Using TestExecutionListeners: [org.springframework.test.context.web.ServletTestExecutionListener@3adb4cc8, org.springframework.test.context.support.DirtiesContextBeforeModesTestExecutionListener@779136bf, org.springframework.test.context.event.ApplicationEventsTestExecutionListener@f9ac719, org.springframework.boot.test.mock.mockito.MockitoTestExecutionListener@53a3fc8b, org.springframework.boot.test.autoconfigure.SpringBootDependencyInjectionTestExecutionListener@337e573b, org.springframework.test.context.support.DirtiesContextTestExecutionListener@4d24ab25, org.springframework.test.context.transaction.TransactionalTestExecutionListener@145f1f97, org.springframework.test.context.jdbc.SqlScriptsTestExecutionListener@58d4fe33, org.springframework.test.context.event.EventPublishingTestExecutionListener@1952ad9d, org.springframework.security.test.context.support.WithSecurityContextTestExecutionListener@71c74011, org.springframework.security.test.context.support.ReactorContextTestExecutionListener@1d884a19, org.springframework.boot.test.mock.mockito.ResetMocksTestExecutionListener@62d21afd, org.springframework.boot.test.autoconfigure.restdocs.RestDocsTestExecutionListener@6ee07d7f, org.springframework.boot.test.autoconfigure.web.client.MockRestServiceServerResetTestExecutionListener@256c6f7a, org.springframework.boot.test.autoconfigure.web.servlet.MockMvcPrintOnlyOnFailureTestExecutionListener@7a6b214c, org.springframework.boot.test.autoconfigure.web.servlet.WebDriverTestExecutionListener@81cd90e, org.springframework.boot.test.autoconfigure.webservices.client.MockWebServiceServerTestExecutionListener@65fa56f7, org.spockframework.spring.SpringMockTestExecutionListener@232be28d]
00:26:24.568 [main] DEBUG org.springframework.test.annotation.ProfileValueUtils - Retrieved @ProfileValueSourceConfiguration [null] for test class [pt.ulisboa.tecnico.socialsoftware.tutor.questionsubmission.service.CreateReviewTest]
00:26:24.568 [main] DEBUG org.springframework.test.annotation.ProfileValueUtils - Retrieved ProfileValueSource type [class org.springframework.test.annotation.SystemProfileValueSource] for class [pt.ulisboa.tecnico.socialsoftware.tutor.questionsubmission.service.CreateReviewTest]
00:26:24.568 [main] DEBUG org.springframework.test.annotation.ProfileValueUtils - Retrieved @ProfileValueSourceConfiguration [null] for test class [pt.ulisboa.tecnico.socialsoftware.tutor.questionsubmission.service.CreateReviewTest]
00:26:24.568 [main] DEBUG org.springframework.test.annotation.ProfileValueUtils - Retrieved ProfileValueSource type [class org.springframework.test.annotation.SystemProfileValueSource] for class [pt.ulisboa.tecnico.socialsoftware.tutor.questionsubmission.service.CreateReviewTest]
00:26:24.568 [main] DEBUG org.springframework.test.annotation.ProfileValueUtils - Retrieved @ProfileValueSourceConfiguration [null] for test class [pt.ulisboa.tecnico.socialsoftware.tutor.questionsubmission.service.CreateReviewTest]
00:26:24.568 [main] DEBUG org.springframework.test.annotation.ProfileValueUtils - Retrieved ProfileValueSource type [class org.springframework.test.annotation.SystemProfileValueSource] for class [pt.ulisboa.tecnico.socialsoftware.tutor.questionsubmission.service.CreateReviewTest]
00:26:24.568 [main] DEBUG org.springframework.test.annotation.ProfileValueUtils - Retrieved @ProfileValueSourceConfiguration [null] for test class [pt.ulisboa.tecnico.socialsoftware.tutor.questionsubmission.service.CreateReviewTest]
00:26:24.568 [main] DEBUG org.springframework.test.annotation.ProfileValueUtils - Retrieved ProfileValueSource type [class org.springframework.test.annotation.SystemProfileValueSource] for class [pt.ulisboa.tecnico.socialsoftware.tutor.questionsubmission.service.CreateReviewTest]
00:26:24.568 [main] DEBUG org.springframework.test.context.BootstrapUtils - Instantiating CacheAwareContextLoaderDelegate from class [org.springframework.test.context.cache.DefaultCacheAwareContextLoaderDelegate]
00:26:24.568 [main] DEBUG org.springframework.test.context.BootstrapUtils - Instantiating BootstrapContext using constructor [public org.springframework.test.context.support.DefaultBootstrapContext(java.lang.Class,org.springframework.test.context.CacheAwareContextLoaderDelegate)]
00:26:24.568 [main] DEBUG org.springframework.test.context.BootstrapUtils - Instantiating TestContextBootstrapper for test class [pt.ulisboa.tecnico.socialsoftware.tutor.questionsubmission.service.CreateReviewTest] from class [org.springframework.boot.test.autoconfigure.orm.jpa.DataJpaTestContextBootstrapper]
00:26:24.569 [main] INFO org.springframework.boot.test.autoconfigure.orm.jpa.DataJpaTestContextBootstrapper - Neither @ContextConfiguration nor @ContextHierarchy found for test class [pt.ulisboa.tecnico.socialsoftware.tutor.questionsubmission.service.CreateReviewTest], using SpringBootContextLoader
00:26:24.570 [main] DEBUG org.springframework.test.context.support.AbstractContextLoader - Did not detect default resource location for test class [pt.ulisboa.tecnico.socialsoftware.tutor.questionsubmission.service.CreateReviewTest]: class path resource [pt/ulisboa/tecnico/socialsoftware/tutor/questionsubmission/service/CreateReviewTest-context.xml] does not exist
00:26:24.571 [main] DEBUG org.springframework.test.context.support.AbstractContextLoader - Did not detect default resource location for test class [pt.ulisboa.tecnico.socialsoftware.tutor.questionsubmission.service.CreateReviewTest]: class path resource [pt/ulisboa/tecnico/socialsoftware/tutor/questionsubmission/service/CreateReviewTestContext.groovy] does not exist
00:26:24.571 [main] INFO org.springframework.test.context.support.AbstractContextLoader - Could not detect default resource locations for test class [pt.ulisboa.tecnico.socialsoftware.tutor.questionsubmission.service.CreateReviewTest]: no resource found for suffixes {-context.xml, Context.groovy}.
00:26:24.575 [main] DEBUG org.springframework.test.context.support.ActiveProfilesUtils - Could not find an 'annotation declaring class' for annotation type [org.springframework.test.context.ActiveProfiles] and class [pt.ulisboa.tecnico.socialsoftware.tutor.questionsubmission.service.CreateReviewTest]
00:26:24.576 [main] INFO org.springframework.boot.test.context.SpringBootTestContextBootstrapper - Found @SpringBootConfiguration pt.ulisboa.tecnico.socialsoftware.tutor.TutorTestApplication for test class pt.ulisboa.tecnico.socialsoftware.tutor.questionsubmission.service.CreateReviewTest
00:26:24.577 [main] DEBUG org.springframework.boot.test.autoconfigure.orm.jpa.DataJpaTestContextBootstrapper - @TestExecutionListeners is not present for class [pt.ulisboa.tecnico.socialsoftware.tutor.questionsubmission.service.CreateReviewTest]: using defaults.
00:26:24.577 [main] INFO org.springframework.boot.test.autoconfigure.orm.jpa.DataJpaTestContextBootstrapper - Loaded default TestExecutionListener class names from location [META-INF/spring.factories]: [org.springframework.boot.test.mock.mockito.MockitoTestExecutionListener, org.springframework.boot.test.mock.mockito.ResetMocksTestExecutionListener, org.springframework.boot.test.autoconfigure.restdocs.RestDocsTestExecutionListener, org.springframework.boot.test.autoconfigure.web.client.MockRestServiceServerResetTestExecutionListener, org.springframework.boot.test.autoconfigure.web.servlet.MockMvcPrintOnlyOnFailureTestExecutionListener, org.springframework.boot.test.autoconfigure.web.servlet.WebDriverTestExecutionListener, org.springframework.boot.test.autoconfigure.webservices.client.MockWebServiceServerTestExecutionListener, org.springframework.test.context.web.ServletTestExecutionListener, org.springframework.test.context.support.DirtiesContextBeforeModesTestExecutionListener, org.springframework.test.context.event.ApplicationEventsTestExecutionListener, org.springframework.test.context.support.DependencyInjectionTestExecutionListener, org.springframework.test.context.support.DirtiesContextTestExecutionListener, org.springframework.test.context.transaction.TransactionalTestExecutionListener, org.springframework.test.context.jdbc.SqlScriptsTestExecutionListener, org.springframework.test.context.event.EventPublishingTestExecutionListener, org.springframework.security.test.context.support.WithSecurityContextTestExecutionListener, org.springframework.security.test.context.support.ReactorContextTestExecutionListener, org.spockframework.spring.SpringMockTestExecutionListener]
00:26:24.578 [main] INFO org.springframework.boot.test.autoconfigure.orm.jpa.DataJpaTestContextBootstrapper - Using TestExecutionListeners: [org.springframework.test.context.web.ServletTestExecutionListener@4844e24b, org.springframework.test.context.support.DirtiesContextBeforeModesTestExecutionListener@2571bdf4, org.springframework.test.context.event.ApplicationEventsTestExecutionListener@241abc2, org.springframework.boot.test.mock.mockito.MockitoTestExecutionListener@7e5e7753, org.springframework.boot.test.autoconfigure.SpringBootDependencyInjectionTestExecutionListener@11678469, org.springframework.test.context.support.DirtiesContextTestExecutionListener@395115ac, org.springframework.test.context.transaction.TransactionalTestExecutionListener@36c1b6ff, org.springframework.test.context.jdbc.SqlScriptsTestExecutionListener@3b28ab9b, org.springframework.test.context.event.EventPublishingTestExecutionListener@16c1345b, org.springframework.security.test.context.support.WithSecurityContextTestExecutionListener@278cbf5a, org.springframework.security.test.context.support.ReactorContextTestExecutionListener@1c41931a, org.springframework.boot.test.mock.mockito.ResetMocksTestExecutionListener@62cb977a, org.springframework.boot.test.autoconfigure.restdocs.RestDocsTestExecutionListener@7db70494, org.springframework.boot.test.autoconfigure.web.client.MockRestServiceServerResetTestExecutionListener@3f030217, org.springframework.boot.test.autoconfigure.web.servlet.MockMvcPrintOnlyOnFailureTestExecutionListener@2fca9fae, org.springframework.boot.test.autoconfigure.web.servlet.WebDriverTestExecutionListener@1104ad6a, org.springframework.boot.test.autoconfigure.webservices.client.MockWebServiceServerTestExecutionListener@54d2887a, org.spockframework.spring.SpringMockTestExecutionListener@73e63b4d]
00:26:24.593 [main] DEBUG org.springframework.test.annotation.ProfileValueUtils - Retrieved @ProfileValueSourceConfiguration [null] for test class [pt.ulisboa.tecnico.socialsoftware.tutor.questionsubmission.service.GetAllStudentsQuestionSubmissionsInfoTest]
00:26:24.593 [main] DEBUG org.springframework.test.annotation.ProfileValueUtils - Retrieved ProfileValueSource type [class org.springframework.test.annotation.SystemProfileValueSource] for class [pt.ulisboa.tecnico.socialsoftware.tutor.questionsubmission.service.GetAllStudentsQuestionSubmissionsInfoTest]
00:26:24.593 [main] DEBUG org.springframework.test.annotation.ProfileValueUtils - Retrieved @ProfileValueSourceConfiguration [null] for test class [pt.ulisboa.tecnico.socialsoftware.tutor.questionsubmission.service.GetAllStudentsQuestionSubmissionsInfoTest]
00:26:24.593 [main] DEBUG org.springframework.test.annotation.ProfileValueUtils - Retrieved ProfileValueSource type [class org.springframework.test.annotation.SystemProfileValueSource] for class [pt.ulisboa.tecnico.socialsoftware.tutor.questionsubmission.service.GetAllStudentsQuestionSubmissionsInfoTest]
00:26:24.594 [main] DEBUG org.springframework.test.annotation.ProfileValueUtils - Retrieved @ProfileValueSourceConfiguration [null] for test class [pt.ulisboa.tecnico.socialsoftware.tutor.questionsubmission.service.GetAllStudentsQuestionSubmissionsInfoTest]
00:26:24.594 [main] DEBUG org.springframework.test.annotation.ProfileValueUtils - Retrieved ProfileValueSource type [class org.springframework.test.annotation.SystemProfileValueSource] for class [pt.ulisboa.tecnico.socialsoftware.tutor.questionsubmission.service.GetAllStudentsQuestionSubmissionsInfoTest]
00:26:24.594 [main] DEBUG org.springframework.test.context.BootstrapUtils - Instantiating CacheAwareContextLoaderDelegate from class [org.springframework.test.context.cache.DefaultCacheAwareContextLoaderDelegate]
00:26:24.594 [main] DEBUG org.springframework.test.context.BootstrapUtils - Instantiating BootstrapContext using constructor [public org.springframework.test.context.support.DefaultBootstrapContext(java.lang.Class,org.springframework.test.context.CacheAwareContextLoaderDelegate)]
00:26:24.594 [main] DEBUG org.springframework.test.context.BootstrapUtils - Instantiating TestContextBootstrapper for test class [pt.ulisboa.tecnico.socialsoftware.tutor.questionsubmission.service.GetAllStudentsQuestionSubmissionsInfoTest] from class [org.springframework.boot.test.autoconfigure.orm.jpa.DataJpaTestContextBootstrapper]
00:26:24.595 [main] INFO org.springframework.boot.test.autoconfigure.orm.jpa.DataJpaTestContextBootstrapper - Neither @ContextConfiguration nor @ContextHierarchy found for test class [pt.ulisboa.tecnico.socialsoftware.tutor.questionsubmission.service.GetAllStudentsQuestionSubmissionsInfoTest], using SpringBootContextLoader
00:26:24.596 [main] DEBUG org.springframework.test.context.support.AbstractContextLoader - Did not detect default resource location for test class [pt.ulisboa.tecnico.socialsoftware.tutor.questionsubmission.service.GetAllStudentsQuestionSubmissionsInfoTest]: class path resource [pt/ulisboa/tecnico/socialsoftware/tutor/questionsubmission/service/GetAllStudentsQuestionSubmissionsInfoTest-context.xml] does not exist
00:26:24.597 [main] DEBUG org.springframework.test.context.support.AbstractContextLoader - Did not detect default resource location for test class [pt.ulisboa.tecnico.socialsoftware.tutor.questionsubmission.service.GetAllStudentsQuestionSubmissionsInfoTest]: class path resource [pt/ulisboa/tecnico/socialsoftware/tutor/questionsubmission/service/GetAllStudentsQuestionSubmissionsInfoTestContext.groovy] does not exist
00:26:24.597 [main] INFO org.springframework.test.context.support.AbstractContextLoader - Could not detect default resource locations for test class [pt.ulisboa.tecnico.socialsoftware.tutor.questionsubmission.service.GetAllStudentsQuestionSubmissionsInfoTest]: no resource found for suffixes {-context.xml, Context.groovy}.
00:26:24.602 [main] DEBUG org.springframework.test.context.support.ActiveProfilesUtils - Could not find an 'annotation declaring class' for annotation type [org.springframework.test.context.ActiveProfiles] and class [pt.ulisboa.tecnico.socialsoftware.tutor.questionsubmission.service.GetAllStudentsQuestionSubmissionsInfoTest]
00:26:24.604 [main] INFO org.springframework.boot.test.context.SpringBootTestContextBootstrapper - Found @SpringBootConfiguration pt.ulisboa.tecnico.socialsoftware.tutor.TutorTestApplication for test class pt.ulisboa.tecnico.socialsoftware.tutor.questionsubmission.service.GetAllStudentsQuestionSubmissionsInfoTest
00:26:24.604 [main] DEBUG org.springframework.boot.test.autoconfigure.orm.jpa.DataJpaTestContextBootstrapper - @TestExecutionListeners is not present for class [pt.ulisboa.tecnico.socialsoftware.tutor.questionsubmission.service.GetAllStudentsQuestionSubmissionsInfoTest]: using defaults.
00:26:24.605 [main] INFO org.springframework.boot.test.autoconfigure.orm.jpa.DataJpaTestContextBootstrapper - Loaded default TestExecutionListener class names from location [META-INF/spring.factories]: [org.springframework.boot.test.mock.mockito.MockitoTestExecutionListener, org.springframework.boot.test.mock.mockito.ResetMocksTestExecutionListener, org.springframework.boot.test.autoconfigure.restdocs.RestDocsTestExecutionListener, org.springframework.boot.test.autoconfigure.web.client.MockRestServiceServerResetTestExecutionListener, org.springframework.boot.test.autoconfigure.web.servlet.MockMvcPrintOnlyOnFailureTestExecutionListener, org.springframework.boot.test.autoconfigure.web.servlet.WebDriverTestExecutionListener, org.springframework.boot.test.autoconfigure.webservices.client.MockWebServiceServerTestExecutionListener, org.springframework.test.context.web.ServletTestExecutionListener, org.springframework.test.context.support.DirtiesContextBeforeModesTestExecutionListener, org.springframework.test.context.event.ApplicationEventsTestExecutionListener, org.springframework.test.context.support.DependencyInjectionTestExecutionListener, org.springframework.test.context.support.DirtiesContextTestExecutionListener, org.springframework.test.context.transaction.TransactionalTestExecutionListener, org.springframework.test.context.jdbc.SqlScriptsTestExecutionListener, org.springframework.test.context.event.EventPublishingTestExecutionListener, org.springframework.security.test.context.support.WithSecurityContextTestExecutionListener, org.springframework.security.test.context.support.ReactorContextTestExecutionListener, org.spockframework.spring.SpringMockTestExecutionListener]
00:26:24.607 [main] INFO org.springframework.boot.test.autoconfigure.orm.jpa.DataJpaTestContextBootstrapper - Using TestExecutionListeners: [org.springframework.test.context.web.ServletTestExecutionListener@2e564c78, org.springframework.test.context.support.DirtiesContextBeforeModesTestExecutionListener@470866d1, org.springframework.test.context.event.ApplicationEventsTestExecutionListener@11267e87, org.springframework.boot.test.mock.mockito.MockitoTestExecutionListener@118c1faa, org.springframework.boot.test.autoconfigure.SpringBootDependencyInjectionTestExecutionListener@da5b46f, org.springframework.test.context.support.DirtiesContextTestExecutionListener@99f75e4, org.springframework.test.context.transaction.TransactionalTestExecutionListener@2b6ff016, org.springframework.test.context.jdbc.SqlScriptsTestExecutionListener@5aefdb9e, org.springframework.test.context.event.EventPublishingTestExecutionListener@7a491a60, org.springframework.security.test.context.support.WithSecurityContextTestExecutionListener@80b6098, org.springframework.security.test.context.support.ReactorContextTestExecutionListener@5c30decf, org.springframework.boot.test.mock.mockito.ResetMocksTestExecutionListener@7827cdfc, org.springframework.boot.test.autoconfigure.restdocs.RestDocsTestExecutionListener@4a0f4282, org.springframework.boot.test.autoconfigure.web.client.MockRestServiceServerResetTestExecutionListener@19d3f4fb, org.springframework.boot.test.autoconfigure.web.servlet.MockMvcPrintOnlyOnFailureTestExecutionListener@43cf97a8, org.springframework.boot.test.autoconfigure.web.servlet.WebDriverTestExecutionListener@5c1ea00, org.springframework.boot.test.autoconfigure.webservices.client.MockWebServiceServerTestExecutionListener@356ab368, org.spockframework.spring.SpringMockTestExecutionListener@3398ed12]
00:26:24.618 [main] DEBUG org.springframework.test.annotation.ProfileValueUtils - Retrieved @ProfileValueSourceConfiguration [null] for test class [pt.ulisboa.tecnico.socialsoftware.tutor.questionsubmission.service.GetCourseExecutionQuestionSubmissionsTest]
00:26:24.618 [main] DEBUG org.springframework.test.annotation.ProfileValueUtils - Retrieved ProfileValueSource type [class org.springframework.test.annotation.SystemProfileValueSource] for class [pt.ulisboa.tecnico.socialsoftware.tutor.questionsubmission.service.GetCourseExecutionQuestionSubmissionsTest]
00:26:24.618 [main] DEBUG org.springframework.test.annotation.ProfileValueUtils - Retrieved @ProfileValueSourceConfiguration [null] for test class [pt.ulisboa.tecnico.socialsoftware.tutor.questionsubmission.service.GetCourseExecutionQuestionSubmissionsTest]
00:26:24.618 [main] DEBUG org.springframework.test.annotation.ProfileValueUtils - Retrieved ProfileValueSource type [class org.springframework.test.annotation.SystemProfileValueSource] for class [pt.ulisboa.tecnico.socialsoftware.tutor.questionsubmission.service.GetCourseExecutionQuestionSubmissionsTest]
00:26:24.619 [main] DEBUG org.springframework.test.annotation.ProfileValueUtils - Retrieved @ProfileValueSourceConfiguration [null] for test class [pt.ulisboa.tecnico.socialsoftware.tutor.questionsubmission.service.GetCourseExecutionQuestionSubmissionsTest]
00:26:24.619 [main] DEBUG org.springframework.test.annotation.ProfileValueUtils - Retrieved ProfileValueSource type [class org.springframework.test.annotation.SystemProfileValueSource] for class [pt.ulisboa.tecnico.socialsoftware.tutor.questionsubmission.service.GetCourseExecutionQuestionSubmissionsTest]
00:26:24.619 [main] DEBUG org.springframework.test.annotation.ProfileValueUtils - Retrieved @ProfileValueSourceConfiguration [null] for test class [pt.ulisboa.tecnico.socialsoftware.tutor.questionsubmission.service.GetCourseExecutionQuestionSubmissionsTest]
00:26:24.619 [main] DEBUG org.springframework.test.annotation.ProfileValueUtils - Retrieved ProfileValueSource type [class org.springframework.test.annotation.SystemProfileValueSource] for class [pt.ulisboa.tecnico.socialsoftware.tutor.questionsubmission.service.GetCourseExecutionQuestionSubmissionsTest]
00:26:24.619 [main] DEBUG org.springframework.test.context.BootstrapUtils - Instantiating CacheAwareContextLoaderDelegate from class [org.springframework.test.context.cache.DefaultCacheAwareContextLoaderDelegate]
00:26:24.619 [main] DEBUG org.springframework.test.context.BootstrapUtils - Instantiating BootstrapContext using constructor [public org.springframework.test.context.support.DefaultBootstrapContext(java.lang.Class,org.springframework.test.context.CacheAwareContextLoaderDelegate)]
00:26:24.619 [main] DEBUG org.springframework.test.context.BootstrapUtils - Instantiating TestContextBootstrapper for test class [pt.ulisboa.tecnico.socialsoftware.tutor.questionsubmission.service.GetCourseExecutionQuestionSubmissionsTest] from class [org.springframework.boot.test.autoconfigure.orm.jpa.DataJpaTestContextBootstrapper]
00:26:24.620 [main] INFO org.springframework.boot.test.autoconfigure.orm.jpa.DataJpaTestContextBootstrapper - Neither @ContextConfiguration nor @ContextHierarchy found for test class [pt.ulisboa.tecnico.socialsoftware.tutor.questionsubmission.service.GetCourseExecutionQuestionSubmissionsTest], using SpringBootContextLoader
00:26:24.621 [main] DEBUG org.springframework.test.context.support.AbstractContextLoader - Did not detect default resource location for test class [pt.ulisboa.tecnico.socialsoftware.tutor.questionsubmission.service.GetCourseExecutionQuestionSubmissionsTest]: class path resource [pt/ulisboa/tecnico/socialsoftware/tutor/questionsubmission/service/GetCourseExecutionQuestionSubmissionsTest-context.xml] does not exist
00:26:24.622 [main] DEBUG org.springframework.test.context.support.AbstractContextLoader - Did not detect default resource location for test class [pt.ulisboa.tecnico.socialsoftware.tutor.questionsubmission.service.GetCourseExecutionQuestionSubmissionsTest]: class path resource [pt/ulisboa/tecnico/socialsoftware/tutor/questionsubmission/service/GetCourseExecutionQuestionSubmissionsTestContext.groovy] does not exist
00:26:24.622 [main] INFO org.springframework.test.context.support.AbstractContextLoader - Could not detect default resource locations for test class [pt.ulisboa.tecnico.socialsoftware.tutor.questionsubmission.service.GetCourseExecutionQuestionSubmissionsTest]: no resource found for suffixes {-context.xml, Context.groovy}.
00:26:24.628 [main] DEBUG org.springframework.test.context.support.ActiveProfilesUtils - Could not find an 'annotation declaring class' for annotation type [org.springframework.test.context.ActiveProfiles] and class [pt.ulisboa.tecnico.socialsoftware.tutor.questionsubmission.service.GetCourseExecutionQuestionSubmissionsTest]
00:26:24.629 [main] INFO org.springframework.boot.test.context.SpringBootTestContextBootstrapper - Found @SpringBootConfiguration pt.ulisboa.tecnico.socialsoftware.tutor.TutorTestApplication for test class pt.ulisboa.tecnico.socialsoftware.tutor.questionsubmission.service.GetCourseExecutionQuestionSubmissionsTest
00:26:24.631 [main] DEBUG org.springframework.boot.test.autoconfigure.orm.jpa.DataJpaTestContextBootstrapper - @TestExecutionListeners is not present for class [pt.ulisboa.tecnico.socialsoftware.tutor.questionsubmission.service.GetCourseExecutionQuestionSubmissionsTest]: using defaults.
00:26:24.631 [main] INFO org.springframework.boot.test.autoconfigure.orm.jpa.DataJpaTestContextBootstrapper - Loaded default TestExecutionListener class names from location [META-INF/spring.factories]: [org.springframework.boot.test.mock.mockito.MockitoTestExecutionListener, org.springframework.boot.test.mock.mockito.ResetMocksTestExecutionListener, org.springframework.boot.test.autoconfigure.restdocs.RestDocsTestExecutionListener, org.springframework.boot.test.autoconfigure.web.client.MockRestServiceServerResetTestExecutionListener, org.springframework.boot.test.autoconfigure.web.servlet.MockMvcPrintOnlyOnFailureTestExecutionListener, org.springframework.boot.test.autoconfigure.web.servlet.WebDriverTestExecutionListener, org.springframework.boot.test.autoconfigure.webservices.client.MockWebServiceServerTestExecutionListener, org.springframework.test.context.web.ServletTestExecutionListener, org.springframework.test.context.support.DirtiesContextBeforeModesTestExecutionListener, org.springframework.test.context.event.ApplicationEventsTestExecutionListener, org.springframework.test.context.support.DependencyInjectionTestExecutionListener, org.springframework.test.context.support.DirtiesContextTestExecutionListener, org.springframework.test.context.transaction.TransactionalTestExecutionListener, org.springframework.test.context.jdbc.SqlScriptsTestExecutionListener, org.springframework.test.context.event.EventPublishingTestExecutionListener, org.springframework.security.test.context.support.WithSecurityContextTestExecutionListener, org.springframework.security.test.context.support.ReactorContextTestExecutionListener, org.spockframework.spring.SpringMockTestExecutionListener]
00:26:24.633 [main] INFO org.springframework.boot.test.autoconfigure.orm.jpa.DataJpaTestContextBootstrapper - Using TestExecutionListeners: [org.springframework.test.context.web.ServletTestExecutionListener@2d2fe68a, org.springframework.test.context.support.DirtiesContextBeforeModesTestExecutionListener@38213efa, org.springframework.test.context.event.ApplicationEventsTestExecutionListener@73c1dda3, org.springframework.boot.test.mock.mockito.MockitoTestExecutionListener@c3c63c1, org.springframework.boot.test.autoconfigure.SpringBootDependencyInjectionTestExecutionListener@5e75cf7a, org.springframework.test.context.support.DirtiesContextTestExecutionListener@6f12fca0, org.springframework.test.context.transaction.TransactionalTestExecutionListener@12c30824, org.springframework.test.context.jdbc.SqlScriptsTestExecutionListener@7d0e43d6, org.springframework.test.context.event.EventPublishingTestExecutionListener@df04d12, org.springframework.security.test.context.support.WithSecurityContextTestExecutionListener@757f47f0, org.springframework.security.test.context.support.ReactorContextTestExecutionListener@7ff7e353, org.springframework.boot.test.mock.mockito.ResetMocksTestExecutionListener@70680f88, org.springframework.boot.test.autoconfigure.restdocs.RestDocsTestExecutionListener@7f7f544a, org.springframework.boot.test.autoconfigure.web.client.MockRestServiceServerResetTestExecutionListener@70b0dc92, org.springframework.boot.test.autoconfigure.web.servlet.MockMvcPrintOnlyOnFailureTestExecutionListener@309d54ac, org.springframework.boot.test.autoconfigure.web.servlet.WebDriverTestExecutionListener@390978, org.springframework.boot.test.autoconfigure.webservices.client.MockWebServiceServerTestExecutionListener@561c031, org.spockframework.spring.SpringMockTestExecutionListener@7343d843]
00:26:24.643 [main] DEBUG org.springframework.test.annotation.ProfileValueUtils - Retrieved @ProfileValueSourceConfiguration [null] for test class [pt.ulisboa.tecnico.socialsoftware.tutor.questionsubmission.service.GetQuestionSubmissionReviewsTest]
00:26:24.643 [main] DEBUG org.springframework.test.annotation.ProfileValueUtils - Retrieved ProfileValueSource type [class org.springframework.test.annotation.SystemProfileValueSource] for class [pt.ulisboa.tecnico.socialsoftware.tutor.questionsubmission.service.GetQuestionSubmissionReviewsTest]
00:26:24.643 [main] DEBUG org.springframework.test.annotation.ProfileValueUtils - Retrieved @ProfileValueSourceConfiguration [null] for test class [pt.ulisboa.tecnico.socialsoftware.tutor.questionsubmission.service.GetQuestionSubmissionReviewsTest]
00:26:24.643 [main] DEBUG org.springframework.test.annotation.ProfileValueUtils - Retrieved ProfileValueSource type [class org.springframework.test.annotation.SystemProfileValueSource] for class [pt.ulisboa.tecnico.socialsoftware.tutor.questionsubmission.service.GetQuestionSubmissionReviewsTest]
00:26:24.643 [main] DEBUG org.springframework.test.annotation.ProfileValueUtils - Retrieved @ProfileValueSourceConfiguration [null] for test class [pt.ulisboa.tecnico.socialsoftware.tutor.questionsubmission.service.GetQuestionSubmissionReviewsTest]
00:26:24.643 [main] DEBUG org.springframework.test.annotation.ProfileValueUtils - Retrieved ProfileValueSource type [class org.springframework.test.annotation.SystemProfileValueSource] for class [pt.ulisboa.tecnico.socialsoftware.tutor.questionsubmission.service.GetQuestionSubmissionReviewsTest]
00:26:24.643 [main] DEBUG org.springframework.test.context.BootstrapUtils - Instantiating CacheAwareContextLoaderDelegate from class [org.springframework.test.context.cache.DefaultCacheAwareContextLoaderDelegate]
00:26:24.643 [main] DEBUG org.springframework.test.context.BootstrapUtils - Instantiating BootstrapContext using constructor [public org.springframework.test.context.support.DefaultBootstrapContext(java.lang.Class,org.springframework.test.context.CacheAwareContextLoaderDelegate)]
00:26:24.644 [main] DEBUG org.springframework.test.context.BootstrapUtils - Instantiating TestContextBootstrapper for test class [pt.ulisboa.tecnico.socialsoftware.tutor.questionsubmission.service.GetQuestionSubmissionReviewsTest] from class [org.springframework.boot.test.autoconfigure.orm.jpa.DataJpaTestContextBootstrapper]
00:26:24.644 [main] INFO org.springframework.boot.test.autoconfigure.orm.jpa.DataJpaTestContextBootstrapper - Neither @ContextConfiguration nor @ContextHierarchy found for test class [pt.ulisboa.tecnico.socialsoftware.tutor.questionsubmission.service.GetQuestionSubmissionReviewsTest], using SpringBootContextLoader
00:26:24.645 [main] DEBUG org.springframework.test.context.support.AbstractContextLoader - Did not detect default resource location for test class [pt.ulisboa.tecnico.socialsoftware.tutor.questionsubmission.service.GetQuestionSubmissionReviewsTest]: class path resource [pt/ulisboa/tecnico/socialsoftware/tutor/questionsubmission/service/GetQuestionSubmissionReviewsTest-context.xml] does not exist
00:26:24.646 [main] DEBUG org.springframework.test.context.support.AbstractContextLoader - Did not detect default resource location for test class [pt.ulisboa.tecnico.socialsoftware.tutor.questionsubmission.service.GetQuestionSubmissionReviewsTest]: class path resource [pt/ulisboa/tecnico/socialsoftware/tutor/questionsubmission/service/GetQuestionSubmissionReviewsTestContext.groovy] does not exist
00:26:24.646 [main] INFO org.springframework.test.context.support.AbstractContextLoader - Could not detect default resource locations for test class [pt.ulisboa.tecnico.socialsoftware.tutor.questionsubmission.service.GetQuestionSubmissionReviewsTest]: no resource found for suffixes {-context.xml, Context.groovy}.
00:26:24.651 [main] DEBUG org.springframework.test.context.support.ActiveProfilesUtils - Could not find an 'annotation declaring class' for annotation type [org.springframework.test.context.ActiveProfiles] and class [pt.ulisboa.tecnico.socialsoftware.tutor.questionsubmission.service.GetQuestionSubmissionReviewsTest]
00:26:24.652 [main] INFO org.springframework.boot.test.context.SpringBootTestContextBootstrapper - Found @SpringBootConfiguration pt.ulisboa.tecnico.socialsoftware.tutor.TutorTestApplication for test class pt.ulisboa.tecnico.socialsoftware.tutor.questionsubmission.service.GetQuestionSubmissionReviewsTest
00:26:24.653 [main] DEBUG org.springframework.boot.test.autoconfigure.orm.jpa.DataJpaTestContextBootstrapper - @TestExecutionListeners is not present for class [pt.ulisboa.tecnico.socialsoftware.tutor.questionsubmission.service.GetQuestionSubmissionReviewsTest]: using defaults.
00:26:24.653 [main] INFO org.springframework.boot.test.autoconfigure.orm.jpa.DataJpaTestContextBootstrapper - Loaded default TestExecutionListener class names from location [META-INF/spring.factories]: [org.springframework.boot.test.mock.mockito.MockitoTestExecutionListener, org.springframework.boot.test.mock.mockito.ResetMocksTestExecutionListener, org.springframework.boot.test.autoconfigure.restdocs.RestDocsTestExecutionListener, org.springframework.boot.test.autoconfigure.web.client.MockRestServiceServerResetTestExecutionListener, org.springframework.boot.test.autoconfigure.web.servlet.MockMvcPrintOnlyOnFailureTestExecutionListener, org.springframework.boot.test.autoconfigure.web.servlet.WebDriverTestExecutionListener, org.springframework.boot.test.autoconfigure.webservices.client.MockWebServiceServerTestExecutionListener, org.springframework.test.context.web.ServletTestExecutionListener, org.springframework.test.context.support.DirtiesContextBeforeModesTestExecutionListener, org.springframework.test.context.event.ApplicationEventsTestExecutionListener, org.springframework.test.context.support.DependencyInjectionTestExecutionListener, org.springframework.test.context.support.DirtiesContextTestExecutionListener, org.springframework.test.context.transaction.TransactionalTestExecutionListener, org.springframework.test.context.jdbc.SqlScriptsTestExecutionListener, org.springframework.test.context.event.EventPublishingTestExecutionListener, org.springframework.security.test.context.support.WithSecurityContextTestExecutionListener, org.springframework.security.test.context.support.ReactorContextTestExecutionListener, org.spockframework.spring.SpringMockTestExecutionListener]
00:26:24.655 [main] INFO org.springframework.boot.test.autoconfigure.orm.jpa.DataJpaTestContextBootstrapper - Using TestExecutionListeners: [org.springframework.test.context.web.ServletTestExecutionListener@6a0aa5e2, org.springframework.test.context.support.DirtiesContextBeforeModesTestExecutionListener@630bd5e7, org.springframework.test.context.event.ApplicationEventsTestExecutionListener@2389f546, org.springframework.boot.test.mock.mockito.MockitoTestExecutionListener@5b6ec94a, org.springframework.boot.test.autoconfigure.SpringBootDependencyInjectionTestExecutionListener@64745270, org.springframework.test.context.support.DirtiesContextTestExecutionListener@596d17f4, org.springframework.test.context.transaction.TransactionalTestExecutionListener@35a2ea5a, org.springframework.test.context.jdbc.SqlScriptsTestExecutionListener@18ab513d, org.springframework.test.context.event.EventPublishingTestExecutionListener@5e8a678a, org.springframework.security.test.context.support.WithSecurityContextTestExecutionListener@6fe91918, org.springframework.security.test.context.support.ReactorContextTestExecutionListener@4d3bde85, org.springframework.boot.test.mock.mockito.ResetMocksTestExecutionListener@f5b4ca6, org.springframework.boot.test.autoconfigure.restdocs.RestDocsTestExecutionListener@260ccf0, org.springframework.boot.test.autoconfigure.web.client.MockRestServiceServerResetTestExecutionListener@2566247d, org.springframework.boot.test.autoconfigure.web.servlet.MockMvcPrintOnlyOnFailureTestExecutionListener@363a09a2, org.springframework.boot.test.autoconfigure.web.servlet.WebDriverTestExecutionListener@63d14dbf, org.springframework.boot.test.autoconfigure.webservices.client.MockWebServiceServerTestExecutionListener@67521a79, org.spockframework.spring.SpringMockTestExecutionListener@73839f22]
00:26:24.668 [main] DEBUG org.springframework.test.annotation.ProfileValueUtils - Retrieved @ProfileValueSourceConfiguration [null] for test class [pt.ulisboa.tecnico.socialsoftware.tutor.questionsubmission.service.GetStudentQuestionSubmissionsTest]
00:26:24.668 [main] DEBUG org.springframework.test.annotation.ProfileValueUtils - Retrieved ProfileValueSource type [class org.springframework.test.annotation.SystemProfileValueSource] for class [pt.ulisboa.tecnico.socialsoftware.tutor.questionsubmission.service.GetStudentQuestionSubmissionsTest]
00:26:24.668 [main] DEBUG org.springframework.test.annotation.ProfileValueUtils - Retrieved @ProfileValueSourceConfiguration [null] for test class [pt.ulisboa.tecnico.socialsoftware.tutor.questionsubmission.service.GetStudentQuestionSubmissionsTest]
00:26:24.668 [main] DEBUG org.springframework.test.annotation.ProfileValueUtils - Retrieved ProfileValueSource type [class org.springframework.test.annotation.SystemProfileValueSource] for class [pt.ulisboa.tecnico.socialsoftware.tutor.questionsubmission.service.GetStudentQuestionSubmissionsTest]
00:26:24.668 [main] DEBUG org.springframework.test.annotation.ProfileValueUtils - Retrieved @ProfileValueSourceConfiguration [null] for test class [pt.ulisboa.tecnico.socialsoftware.tutor.questionsubmission.service.GetStudentQuestionSubmissionsTest]
00:26:24.668 [main] DEBUG org.springframework.test.annotation.ProfileValueUtils - Retrieved ProfileValueSource type [class org.springframework.test.annotation.SystemProfileValueSource] for class [pt.ulisboa.tecnico.socialsoftware.tutor.questionsubmission.service.GetStudentQuestionSubmissionsTest]
00:26:24.669 [main] DEBUG org.springframework.test.annotation.ProfileValueUtils - Retrieved @ProfileValueSourceConfiguration [null] for test class [pt.ulisboa.tecnico.socialsoftware.tutor.questionsubmission.service.GetStudentQuestionSubmissionsTest]
00:26:24.669 [main] DEBUG org.springframework.test.annotation.ProfileValueUtils - Retrieved ProfileValueSource type [class org.springframework.test.annotation.SystemProfileValueSource] for class [pt.ulisboa.tecnico.socialsoftware.tutor.questionsubmission.service.GetStudentQuestionSubmissionsTest]
00:26:24.669 [main] DEBUG org.springframework.test.context.BootstrapUtils - Instantiating CacheAwareContextLoaderDelegate from class [org.springframework.test.context.cache.DefaultCacheAwareContextLoaderDelegate]
00:26:24.669 [main] DEBUG org.springframework.test.context.BootstrapUtils - Instantiating BootstrapContext using constructor [public org.springframework.test.context.support.DefaultBootstrapContext(java.lang.Class,org.springframework.test.context.CacheAwareContextLoaderDelegate)]
00:26:24.669 [main] DEBUG org.springframework.test.context.BootstrapUtils - Instantiating TestContextBootstrapper for test class [pt.ulisboa.tecnico.socialsoftware.tutor.questionsubmission.service.GetStudentQuestionSubmissionsTest] from class [org.springframework.boot.test.autoconfigure.orm.jpa.DataJpaTestContextBootstrapper]
00:26:24.669 [main] INFO org.springframework.boot.test.autoconfigure.orm.jpa.DataJpaTestContextBootstrapper - Neither @ContextConfiguration nor @ContextHierarchy found for test class [pt.ulisboa.tecnico.socialsoftware.tutor.questionsubmission.service.GetStudentQuestionSubmissionsTest], using SpringBootContextLoader
00:26:24.670 [main] DEBUG org.springframework.test.context.support.AbstractContextLoader - Did not detect default resource location for test class [pt.ulisboa.tecnico.socialsoftware.tutor.questionsubmission.service.GetStudentQuestionSubmissionsTest]: class path resource [pt/ulisboa/tecnico/socialsoftware/tutor/questionsubmission/service/GetStudentQuestionSubmissionsTest-context.xml] does not exist
00:26:24.671 [main] DEBUG org.springframework.test.context.support.AbstractContextLoader - Did not detect default resource location for test class [pt.ulisboa.tecnico.socialsoftware.tutor.questionsubmission.service.GetStudentQuestionSubmissionsTest]: class path resource [pt/ulisboa/tecnico/socialsoftware/tutor/questionsubmission/service/GetStudentQuestionSubmissionsTestContext.groovy] does not exist
00:26:24.671 [main] INFO org.springframework.test.context.support.AbstractContextLoader - Could not detect default resource locations for test class [pt.ulisboa.tecnico.socialsoftware.tutor.questionsubmission.service.GetStudentQuestionSubmissionsTest]: no resource found for suffixes {-context.xml, Context.groovy}.
00:26:24.676 [main] DEBUG org.springframework.test.context.support.ActiveProfilesUtils - Could not find an 'annotation declaring class' for annotation type [org.springframework.test.context.ActiveProfiles] and class [pt.ulisboa.tecnico.socialsoftware.tutor.questionsubmission.service.GetStudentQuestionSubmissionsTest]
00:26:24.677 [main] INFO org.springframework.boot.test.context.SpringBootTestContextBootstrapper - Found @SpringBootConfiguration pt.ulisboa.tecnico.socialsoftware.tutor.TutorTestApplication for test class pt.ulisboa.tecnico.socialsoftware.tutor.questionsubmission.service.GetStudentQuestionSubmissionsTest
00:26:24.678 [main] DEBUG org.springframework.boot.test.autoconfigure.orm.jpa.DataJpaTestContextBootstrapper - @TestExecutionListeners is not present for class [pt.ulisboa.tecnico.socialsoftware.tutor.questionsubmission.service.GetStudentQuestionSubmissionsTest]: using defaults.
00:26:24.678 [main] INFO org.springframework.boot.test.autoconfigure.orm.jpa.DataJpaTestContextBootstrapper - Loaded default TestExecutionListener class names from location [META-INF/spring.factories]: [org.springframework.boot.test.mock.mockito.MockitoTestExecutionListener, org.springframework.boot.test.mock.mockito.ResetMocksTestExecutionListener, org.springframework.boot.test.autoconfigure.restdocs.RestDocsTestExecutionListener, org.springframework.boot.test.autoconfigure.web.client.MockRestServiceServerResetTestExecutionListener, org.springframework.boot.test.autoconfigure.web.servlet.MockMvcPrintOnlyOnFailureTestExecutionListener, org.springframework.boot.test.autoconfigure.web.servlet.WebDriverTestExecutionListener, org.springframework.boot.test.autoconfigure.webservices.client.MockWebServiceServerTestExecutionListener, org.springframework.test.context.web.ServletTestExecutionListener, org.springframework.test.context.support.DirtiesContextBeforeModesTestExecutionListener, org.springframework.test.context.event.ApplicationEventsTestExecutionListener, org.springframework.test.context.support.DependencyInjectionTestExecutionListener, org.springframework.test.context.support.DirtiesContextTestExecutionListener, org.springframework.test.context.transaction.TransactionalTestExecutionListener, org.springframework.test.context.jdbc.SqlScriptsTestExecutionListener, org.springframework.test.context.event.EventPublishingTestExecutionListener, org.springframework.security.test.context.support.WithSecurityContextTestExecutionListener, org.springframework.security.test.context.support.ReactorContextTestExecutionListener, org.spockframework.spring.SpringMockTestExecutionListener]
00:26:24.680 [main] INFO org.springframework.boot.test.autoconfigure.orm.jpa.DataJpaTestContextBootstrapper - Using TestExecutionListeners: [org.springframework.test.context.web.ServletTestExecutionListener@27422187, org.springframework.test.context.support.DirtiesContextBeforeModesTestExecutionListener@7205a8b7, org.springframework.test.context.event.ApplicationEventsTestExecutionListener@1ee126de, org.springframework.boot.test.mock.mockito.MockitoTestExecutionListener@22cce199, org.springframework.boot.test.autoconfigure.SpringBootDependencyInjectionTestExecutionListener@14b4b25e, org.springframework.test.context.support.DirtiesContextTestExecutionListener@4babe06f, org.springframework.test.context.transaction.TransactionalTestExecutionListener@5c6be812, org.springframework.test.context.jdbc.SqlScriptsTestExecutionListener@19ee0a2f, org.springframework.test.context.event.EventPublishingTestExecutionListener@28796d0e, org.springframework.security.test.context.support.WithSecurityContextTestExecutionListener@3cc548f6, org.springframework.security.test.context.support.ReactorContextTestExecutionListener@3fed0c04, org.springframework.boot.test.mock.mockito.ResetMocksTestExecutionListener@563bd6a4, org.springframework.boot.test.autoconfigure.restdocs.RestDocsTestExecutionListener@3549c070, org.springframework.boot.test.autoconfigure.web.client.MockRestServiceServerResetTestExecutionListener@235dacd7, org.springframework.boot.test.autoconfigure.web.servlet.MockMvcPrintOnlyOnFailureTestExecutionListener@74070994, org.springframework.boot.test.autoconfigure.web.servlet.WebDriverTestExecutionListener@7c816f46, org.springframework.boot.test.autoconfigure.webservices.client.MockWebServiceServerTestExecutionListener@7307ae6, org.spockframework.spring.SpringMockTestExecutionListener@49c555c3]
00:26:24.689 [main] DEBUG org.springframework.test.annotation.ProfileValueUtils - Retrieved @ProfileValueSourceConfiguration [null] for test class [pt.ulisboa.tecnico.socialsoftware.tutor.questionsubmission.service.RemoveQuestionSubmissionTest]
00:26:24.689 [main] DEBUG org.springframework.test.annotation.ProfileValueUtils - Retrieved ProfileValueSource type [class org.springframework.test.annotation.SystemProfileValueSource] for class [pt.ulisboa.tecnico.socialsoftware.tutor.questionsubmission.service.RemoveQuestionSubmissionTest]
00:26:24.689 [main] DEBUG org.springframework.test.annotation.ProfileValueUtils - Retrieved @ProfileValueSourceConfiguration [null] for test class [pt.ulisboa.tecnico.socialsoftware.tutor.questionsubmission.service.RemoveQuestionSubmissionTest]
00:26:24.689 [main] DEBUG org.springframework.test.annotation.ProfileValueUtils - Retrieved ProfileValueSource type [class org.springframework.test.annotation.SystemProfileValueSource] for class [pt.ulisboa.tecnico.socialsoftware.tutor.questionsubmission.service.RemoveQuestionSubmissionTest]
00:26:24.689 [main] DEBUG org.springframework.test.annotation.ProfileValueUtils - Retrieved @ProfileValueSourceConfiguration [null] for test class [pt.ulisboa.tecnico.socialsoftware.tutor.questionsubmission.service.RemoveQuestionSubmissionTest]
00:26:24.689 [main] DEBUG org.springframework.test.annotation.ProfileValueUtils - Retrieved ProfileValueSource type [class org.springframework.test.annotation.SystemProfileValueSource] for class [pt.ulisboa.tecnico.socialsoftware.tutor.questionsubmission.service.RemoveQuestionSubmissionTest]
00:26:24.689 [main] DEBUG org.springframework.test.context.BootstrapUtils - Instantiating CacheAwareContextLoaderDelegate from class [org.springframework.test.context.cache.DefaultCacheAwareContextLoaderDelegate]
00:26:24.689 [main] DEBUG org.springframework.test.context.BootstrapUtils - Instantiating BootstrapContext using constructor [public org.springframework.test.context.support.DefaultBootstrapContext(java.lang.Class,org.springframework.test.context.CacheAwareContextLoaderDelegate)]
00:26:24.690 [main] DEBUG org.springframework.test.context.BootstrapUtils - Instantiating TestContextBootstrapper for test class [pt.ulisboa.tecnico.socialsoftware.tutor.questionsubmission.service.RemoveQuestionSubmissionTest] from class [org.springframework.boot.test.autoconfigure.orm.jpa.DataJpaTestContextBootstrapper]
00:26:24.690 [main] INFO org.springframework.boot.test.autoconfigure.orm.jpa.DataJpaTestContextBootstrapper - Neither @ContextConfiguration nor @ContextHierarchy found for test class [pt.ulisboa.tecnico.socialsoftware.tutor.questionsubmission.service.RemoveQuestionSubmissionTest], using SpringBootContextLoader
00:26:24.691 [main] DEBUG org.springframework.test.context.support.AbstractContextLoader - Did not detect default resource location for test class [pt.ulisboa.tecnico.socialsoftware.tutor.questionsubmission.service.RemoveQuestionSubmissionTest]: class path resource [pt/ulisboa/tecnico/socialsoftware/tutor/questionsubmission/service/RemoveQuestionSubmissionTest-context.xml] does not exist
00:26:24.692 [main] DEBUG org.springframework.test.context.support.AbstractContextLoader - Did not detect default resource location for test class [pt.ulisboa.tecnico.socialsoftware.tutor.questionsubmission.service.RemoveQuestionSubmissionTest]: class path resource [pt/ulisboa/tecnico/socialsoftware/tutor/questionsubmission/service/RemoveQuestionSubmissionTestContext.groovy] does not exist
00:26:24.692 [main] INFO org.springframework.test.context.support.AbstractContextLoader - Could not detect default resource locations for test class [pt.ulisboa.tecnico.socialsoftware.tutor.questionsubmission.service.RemoveQuestionSubmissionTest]: no resource found for suffixes {-context.xml, Context.groovy}.
00:26:24.700 [main] DEBUG org.springframework.test.context.support.ActiveProfilesUtils - Could not find an 'annotation declaring class' for annotation type [org.springframework.test.context.ActiveProfiles] and class [pt.ulisboa.tecnico.socialsoftware.tutor.questionsubmission.service.RemoveQuestionSubmissionTest]
00:26:24.701 [main] INFO org.springframework.boot.test.context.SpringBootTestContextBootstrapper - Found @SpringBootConfiguration pt.ulisboa.tecnico.socialsoftware.tutor.TutorTestApplication for test class pt.ulisboa.tecnico.socialsoftware.tutor.questionsubmission.service.RemoveQuestionSubmissionTest
00:26:24.702 [main] DEBUG org.springframework.boot.test.autoconfigure.orm.jpa.DataJpaTestContextBootstrapper - @TestExecutionListeners is not present for class [pt.ulisboa.tecnico.socialsoftware.tutor.questionsubmission.service.RemoveQuestionSubmissionTest]: using defaults.
00:26:24.702 [main] INFO org.springframework.boot.test.autoconfigure.orm.jpa.DataJpaTestContextBootstrapper - Loaded default TestExecutionListener class names from location [META-INF/spring.factories]: [org.springframework.boot.test.mock.mockito.MockitoTestExecutionListener, org.springframework.boot.test.mock.mockito.ResetMocksTestExecutionListener, org.springframework.boot.test.autoconfigure.restdocs.RestDocsTestExecutionListener, org.springframework.boot.test.autoconfigure.web.client.MockRestServiceServerResetTestExecutionListener, org.springframework.boot.test.autoconfigure.web.servlet.MockMvcPrintOnlyOnFailureTestExecutionListener, org.springframework.boot.test.autoconfigure.web.servlet.WebDriverTestExecutionListener, org.springframework.boot.test.autoconfigure.webservices.client.MockWebServiceServerTestExecutionListener, org.springframework.test.context.web.ServletTestExecutionListener, org.springframework.test.context.support.DirtiesContextBeforeModesTestExecutionListener, org.springframework.test.context.event.ApplicationEventsTestExecutionListener, org.springframework.test.context.support.DependencyInjectionTestExecutionListener, org.springframework.test.context.support.DirtiesContextTestExecutionListener, org.springframework.test.context.transaction.TransactionalTestExecutionListener, org.springframework.test.context.jdbc.SqlScriptsTestExecutionListener, org.springframework.test.context.event.EventPublishingTestExecutionListener, org.springframework.security.test.context.support.WithSecurityContextTestExecutionListener, org.springframework.security.test.context.support.ReactorContextTestExecutionListener, org.spockframework.spring.SpringMockTestExecutionListener]
00:26:24.704 [main] INFO org.springframework.boot.test.autoconfigure.orm.jpa.DataJpaTestContextBootstrapper - Using TestExecutionListeners: [org.springframework.test.context.web.ServletTestExecutionListener@3d8b9dee, org.springframework.test.context.support.DirtiesContextBeforeModesTestExecutionListener@45cddfd3, org.springframework.test.context.event.ApplicationEventsTestExecutionListener@40dc2ade, org.springframework.boot.test.mock.mockito.MockitoTestExecutionListener@51d76ad3, org.springframework.boot.test.autoconfigure.SpringBootDependencyInjectionTestExecutionListener@30d2f9ea, org.springframework.test.context.support.DirtiesContextTestExecutionListener@1bca9b64, org.springframework.test.context.transaction.TransactionalTestExecutionListener@3a61d819, org.springframework.test.context.jdbc.SqlScriptsTestExecutionListener@508abc74, org.springframework.test.context.event.EventPublishingTestExecutionListener@77b01226, org.springframework.security.test.context.support.WithSecurityContextTestExecutionListener@386ea60f, org.springframework.security.test.context.support.ReactorContextTestExecutionListener@c7b100b, org.springframework.boot.test.mock.mockito.ResetMocksTestExecutionListener@99774ec, org.springframework.boot.test.autoconfigure.restdocs.RestDocsTestExecutionListener@7ec176da, org.springframework.boot.test.autoconfigure.web.client.MockRestServiceServerResetTestExecutionListener@33d2f9d3, org.springframework.boot.test.autoconfigure.web.servlet.MockMvcPrintOnlyOnFailureTestExecutionListener@677d4cea, org.springframework.boot.test.autoconfigure.web.servlet.WebDriverTestExecutionListener@55ff64fd, org.springframework.boot.test.autoconfigure.webservices.client.MockWebServiceServerTestExecutionListener@20fdaf3e, org.spockframework.spring.SpringMockTestExecutionListener@445c693]
00:26:24.712 [main] DEBUG org.springframework.test.annotation.ProfileValueUtils - Retrieved @ProfileValueSourceConfiguration [null] for test class [pt.ulisboa.tecnico.socialsoftware.tutor.questionsubmission.service.ToggleNotificationReadTest]
00:26:24.712 [main] DEBUG org.springframework.test.annotation.ProfileValueUtils - Retrieved ProfileValueSource type [class org.springframework.test.annotation.SystemProfileValueSource] for class [pt.ulisboa.tecnico.socialsoftware.tutor.questionsubmission.service.ToggleNotificationReadTest]
00:26:24.712 [main] DEBUG org.springframework.test.annotation.ProfileValueUtils - Retrieved @ProfileValueSourceConfiguration [null] for test class [pt.ulisboa.tecnico.socialsoftware.tutor.questionsubmission.service.ToggleNotificationReadTest]
00:26:24.712 [main] DEBUG org.springframework.test.annotation.ProfileValueUtils - Retrieved ProfileValueSource type [class org.springframework.test.annotation.SystemProfileValueSource] for class [pt.ulisboa.tecnico.socialsoftware.tutor.questionsubmission.service.ToggleNotificationReadTest]
00:26:24.712 [main] DEBUG org.springframework.test.context.BootstrapUtils - Instantiating CacheAwareContextLoaderDelegate from class [org.springframework.test.context.cache.DefaultCacheAwareContextLoaderDelegate]
00:26:24.712 [main] DEBUG org.springframework.test.context.BootstrapUtils - Instantiating BootstrapContext using constructor [public org.springframework.test.context.support.DefaultBootstrapContext(java.lang.Class,org.springframework.test.context.CacheAwareContextLoaderDelegate)]
00:26:24.712 [main] DEBUG org.springframework.test.context.BootstrapUtils - Instantiating TestContextBootstrapper for test class [pt.ulisboa.tecnico.socialsoftware.tutor.questionsubmission.service.ToggleNotificationReadTest] from class [org.springframework.boot.test.autoconfigure.orm.jpa.DataJpaTestContextBootstrapper]
00:26:24.713 [main] INFO org.springframework.boot.test.autoconfigure.orm.jpa.DataJpaTestContextBootstrapper - Neither @ContextConfiguration nor @ContextHierarchy found for test class [pt.ulisboa.tecnico.socialsoftware.tutor.questionsubmission.service.ToggleNotificationReadTest], using SpringBootContextLoader
00:26:24.714 [main] DEBUG org.springframework.test.context.support.AbstractContextLoader - Did not detect default resource location for test class [pt.ulisboa.tecnico.socialsoftware.tutor.questionsubmission.service.ToggleNotificationReadTest]: class path resource [pt/ulisboa/tecnico/socialsoftware/tutor/questionsubmission/service/ToggleNotificationReadTest-context.xml] does not exist
00:26:24.715 [main] DEBUG org.springframework.test.context.support.AbstractContextLoader - Did not detect default resource location for test class [pt.ulisboa.tecnico.socialsoftware.tutor.questionsubmission.service.ToggleNotificationReadTest]: class path resource [pt/ulisboa/tecnico/socialsoftware/tutor/questionsubmission/service/ToggleNotificationReadTestContext.groovy] does not exist
00:26:24.715 [main] INFO org.springframework.test.context.support.AbstractContextLoader - Could not detect default resource locations for test class [pt.ulisboa.tecnico.socialsoftware.tutor.questionsubmission.service.ToggleNotificationReadTest]: no resource found for suffixes {-context.xml, Context.groovy}.
00:26:24.719 [main] DEBUG org.springframework.test.context.support.ActiveProfilesUtils - Could not find an 'annotation declaring class' for annotation type [org.springframework.test.context.ActiveProfiles] and class [pt.ulisboa.tecnico.socialsoftware.tutor.questionsubmission.service.ToggleNotificationReadTest]
00:26:24.720 [main] INFO org.springframework.boot.test.context.SpringBootTestContextBootstrapper - Found @SpringBootConfiguration pt.ulisboa.tecnico.socialsoftware.tutor.TutorTestApplication for test class pt.ulisboa.tecnico.socialsoftware.tutor.questionsubmission.service.ToggleNotificationReadTest
00:26:24.721 [main] DEBUG org.springframework.boot.test.autoconfigure.orm.jpa.DataJpaTestContextBootstrapper - @TestExecutionListeners is not present for class [pt.ulisboa.tecnico.socialsoftware.tutor.questionsubmission.service.ToggleNotificationReadTest]: using defaults.
00:26:24.721 [main] INFO org.springframework.boot.test.autoconfigure.orm.jpa.DataJpaTestContextBootstrapper - Loaded default TestExecutionListener class names from location [META-INF/spring.factories]: [org.springframework.boot.test.mock.mockito.MockitoTestExecutionListener, org.springframework.boot.test.mock.mockito.ResetMocksTestExecutionListener, org.springframework.boot.test.autoconfigure.restdocs.RestDocsTestExecutionListener, org.springframework.boot.test.autoconfigure.web.client.MockRestServiceServerResetTestExecutionListener, org.springframework.boot.test.autoconfigure.web.servlet.MockMvcPrintOnlyOnFailureTestExecutionListener, org.springframework.boot.test.autoconfigure.web.servlet.WebDriverTestExecutionListener, org.springframework.boot.test.autoconfigure.webservices.client.MockWebServiceServerTestExecutionListener, org.springframework.test.context.web.ServletTestExecutionListener, org.springframework.test.context.support.DirtiesContextBeforeModesTestExecutionListener, org.springframework.test.context.event.ApplicationEventsTestExecutionListener, org.springframework.test.context.support.DependencyInjectionTestExecutionListener, org.springframework.test.context.support.DirtiesContextTestExecutionListener, org.springframework.test.context.transaction.TransactionalTestExecutionListener, org.springframework.test.context.jdbc.SqlScriptsTestExecutionListener, org.springframework.test.context.event.EventPublishingTestExecutionListener, org.springframework.security.test.context.support.WithSecurityContextTestExecutionListener, org.springframework.security.test.context.support.ReactorContextTestExecutionListener, org.spockframework.spring.SpringMockTestExecutionListener]
00:26:24.723 [main] INFO org.springframework.boot.test.autoconfigure.orm.jpa.DataJpaTestContextBootstrapper - Using TestExecutionListeners: [org.springframework.test.context.web.ServletTestExecutionListener@38326fd5, org.springframework.test.context.support.DirtiesContextBeforeModesTestExecutionListener@4a467ada, org.springframework.test.context.event.ApplicationEventsTestExecutionListener@92775a3, org.springframework.boot.test.mock.mockito.MockitoTestExecutionListener@2512155e, org.springframework.boot.test.autoconfigure.SpringBootDependencyInjectionTestExecutionListener@ef59aee, org.springframework.test.context.support.DirtiesContextTestExecutionListener@779cb140, org.springframework.test.context.transaction.TransactionalTestExecutionListener@45a4587d, org.springframework.test.context.jdbc.SqlScriptsTestExecutionListener@70a91d72, org.springframework.test.context.event.EventPublishingTestExecutionListener@52a9db63, org.springframework.security.test.context.support.WithSecurityContextTestExecutionListener@402d76c7, org.springframework.security.test.context.support.ReactorContextTestExecutionListener@27adb90f, org.springframework.boot.test.mock.mockito.ResetMocksTestExecutionListener@1fd77205, org.springframework.boot.test.autoconfigure.restdocs.RestDocsTestExecutionListener@3b9c05f, org.springframework.boot.test.autoconfigure.web.client.MockRestServiceServerResetTestExecutionListener@288915a1, org.springframework.boot.test.autoconfigure.web.servlet.MockMvcPrintOnlyOnFailureTestExecutionListener@62a6a47e, org.springframework.boot.test.autoconfigure.web.servlet.WebDriverTestExecutionListener@4645a575, org.springframework.boot.test.autoconfigure.webservices.client.MockWebServiceServerTestExecutionListener@b332eda, org.spockframework.spring.SpringMockTestExecutionListener@6bf70600]
00:26:24.734 [main] DEBUG org.springframework.test.annotation.ProfileValueUtils - Retrieved @ProfileValueSourceConfiguration [null] for test class [pt.ulisboa.tecnico.socialsoftware.tutor.questionsubmission.service.UpdateQuestionSubmissionTest]
00:26:24.735 [main] DEBUG org.springframework.test.annotation.ProfileValueUtils - Retrieved ProfileValueSource type [class org.springframework.test.annotation.SystemProfileValueSource] for class [pt.ulisboa.tecnico.socialsoftware.tutor.questionsubmission.service.UpdateQuestionSubmissionTest]
00:26:24.735 [main] DEBUG org.springframework.test.annotation.ProfileValueUtils - Retrieved @ProfileValueSourceConfiguration [null] for test class [pt.ulisboa.tecnico.socialsoftware.tutor.questionsubmission.service.UpdateQuestionSubmissionTest]
00:26:24.735 [main] DEBUG org.springframework.test.annotation.ProfileValueUtils - Retrieved ProfileValueSource type [class org.springframework.test.annotation.SystemProfileValueSource] for class [pt.ulisboa.tecnico.socialsoftware.tutor.questionsubmission.service.UpdateQuestionSubmissionTest]
00:26:24.735 [main] DEBUG org.springframework.test.annotation.ProfileValueUtils - Retrieved @ProfileValueSourceConfiguration [null] for test class [pt.ulisboa.tecnico.socialsoftware.tutor.questionsubmission.service.UpdateQuestionSubmissionTest]
00:26:24.735 [main] DEBUG org.springframework.test.annotation.ProfileValueUtils - Retrieved ProfileValueSource type [class org.springframework.test.annotation.SystemProfileValueSource] for class [pt.ulisboa.tecnico.socialsoftware.tutor.questionsubmission.service.UpdateQuestionSubmissionTest]
00:26:24.735 [main] DEBUG org.springframework.test.annotation.ProfileValueUtils - Retrieved @ProfileValueSourceConfiguration [null] for test class [pt.ulisboa.tecnico.socialsoftware.tutor.questionsubmission.service.UpdateQuestionSubmissionTest]
00:26:24.735 [main] DEBUG org.springframework.test.annotation.ProfileValueUtils - Retrieved ProfileValueSource type [class org.springframework.test.annotation.SystemProfileValueSource] for class [pt.ulisboa.tecnico.socialsoftware.tutor.questionsubmission.service.UpdateQuestionSubmissionTest]
00:26:24.735 [main] DEBUG org.springframework.test.context.BootstrapUtils - Instantiating CacheAwareContextLoaderDelegate from class [org.springframework.test.context.cache.DefaultCacheAwareContextLoaderDelegate]
00:26:24.735 [main] DEBUG org.springframework.test.context.BootstrapUtils - Instantiating BootstrapContext using constructor [public org.springframework.test.context.support.DefaultBootstrapContext(java.lang.Class,org.springframework.test.context.CacheAwareContextLoaderDelegate)]
00:26:24.735 [main] DEBUG org.springframework.test.context.BootstrapUtils - Instantiating TestContextBootstrapper for test class [pt.ulisboa.tecnico.socialsoftware.tutor.questionsubmission.service.UpdateQuestionSubmissionTest] from class [org.springframework.boot.test.autoconfigure.orm.jpa.DataJpaTestContextBootstrapper]
00:26:24.736 [main] INFO org.springframework.boot.test.autoconfigure.orm.jpa.DataJpaTestContextBootstrapper - Neither @ContextConfiguration nor @ContextHierarchy found for test class [pt.ulisboa.tecnico.socialsoftware.tutor.questionsubmission.service.UpdateQuestionSubmissionTest], using SpringBootContextLoader
00:26:24.737 [main] DEBUG org.springframework.test.context.support.AbstractContextLoader - Did not detect default resource location for test class [pt.ulisboa.tecnico.socialsoftware.tutor.questionsubmission.service.UpdateQuestionSubmissionTest]: class path resource [pt/ulisboa/tecnico/socialsoftware/tutor/questionsubmission/service/UpdateQuestionSubmissionTest-context.xml] does not exist
00:26:24.738 [main] DEBUG org.springframework.test.context.support.AbstractContextLoader - Did not detect default resource location for test class [pt.ulisboa.tecnico.socialsoftware.tutor.questionsubmission.service.UpdateQuestionSubmissionTest]: class path resource [pt/ulisboa/tecnico/socialsoftware/tutor/questionsubmission/service/UpdateQuestionSubmissionTestContext.groovy] does not exist
00:26:24.738 [main] INFO org.springframework.test.context.support.AbstractContextLoader - Could not detect default resource locations for test class [pt.ulisboa.tecnico.socialsoftware.tutor.questionsubmission.service.UpdateQuestionSubmissionTest]: no resource found for suffixes {-context.xml, Context.groovy}.
00:26:24.743 [main] DEBUG org.springframework.test.context.support.ActiveProfilesUtils - Could not find an 'annotation declaring class' for annotation type [org.springframework.test.context.ActiveProfiles] and class [pt.ulisboa.tecnico.socialsoftware.tutor.questionsubmission.service.UpdateQuestionSubmissionTest]
00:26:24.744 [main] INFO org.springframework.boot.test.context.SpringBootTestContextBootstrapper - Found @SpringBootConfiguration pt.ulisboa.tecnico.socialsoftware.tutor.TutorTestApplication for test class pt.ulisboa.tecnico.socialsoftware.tutor.questionsubmission.service.UpdateQuestionSubmissionTest
00:26:24.745 [main] DEBUG org.springframework.boot.test.autoconfigure.orm.jpa.DataJpaTestContextBootstrapper - @TestExecutionListeners is not present for class [pt.ulisboa.tecnico.socialsoftware.tutor.questionsubmission.service.UpdateQuestionSubmissionTest]: using defaults.
00:26:24.745 [main] INFO org.springframework.boot.test.autoconfigure.orm.jpa.DataJpaTestContextBootstrapper - Loaded default TestExecutionListener class names from location [META-INF/spring.factories]: [org.springframework.boot.test.mock.mockito.MockitoTestExecutionListener, org.springframework.boot.test.mock.mockito.ResetMocksTestExecutionListener, org.springframework.boot.test.autoconfigure.restdocs.RestDocsTestExecutionListener, org.springframework.boot.test.autoconfigure.web.client.MockRestServiceServerResetTestExecutionListener, org.springframework.boot.test.autoconfigure.web.servlet.MockMvcPrintOnlyOnFailureTestExecutionListener, org.springframework.boot.test.autoconfigure.web.servlet.WebDriverTestExecutionListener, org.springframework.boot.test.autoconfigure.webservices.client.MockWebServiceServerTestExecutionListener, org.springframework.test.context.web.ServletTestExecutionListener, org.springframework.test.context.support.DirtiesContextBeforeModesTestExecutionListener, org.springframework.test.context.event.ApplicationEventsTestExecutionListener, org.springframework.test.context.support.DependencyInjectionTestExecutionListener, org.springframework.test.context.support.DirtiesContextTestExecutionListener, org.springframework.test.context.transaction.TransactionalTestExecutionListener, org.springframework.test.context.jdbc.SqlScriptsTestExecutionListener, org.springframework.test.context.event.EventPublishingTestExecutionListener, org.springframework.security.test.context.support.WithSecurityContextTestExecutionListener, org.springframework.security.test.context.support.ReactorContextTestExecutionListener, org.spockframework.spring.SpringMockTestExecutionListener]
00:26:24.747 [main] INFO org.springframework.boot.test.autoconfigure.orm.jpa.DataJpaTestContextBootstrapper - Using TestExecutionListeners: [org.springframework.test.context.web.ServletTestExecutionListener@3b7b099b, org.springframework.test.context.support.DirtiesContextBeforeModesTestExecutionListener@5abc488d, org.springframework.test.context.event.ApplicationEventsTestExecutionListener@30d944d8, org.springframework.boot.test.mock.mockito.MockitoTestExecutionListener@1c76b2fe, org.springframework.boot.test.autoconfigure.SpringBootDependencyInjectionTestExecutionListener@7fa2473a, org.springframework.test.context.support.DirtiesContextTestExecutionListener@47629063, org.springframework.test.context.transaction.TransactionalTestExecutionListener@3d67e3d3, org.springframework.test.context.jdbc.SqlScriptsTestExecutionListener@14af57c3, org.springframework.test.context.event.EventPublishingTestExecutionListener@795949fb, org.springframework.security.test.context.support.WithSecurityContextTestExecutionListener@2aeb3f3b, org.springframework.security.test.context.support.ReactorContextTestExecutionListener@281028ce, org.springframework.boot.test.mock.mockito.ResetMocksTestExecutionListener@46ef7340, org.springframework.boot.test.autoconfigure.restdocs.RestDocsTestExecutionListener@75caecf7, org.springframework.boot.test.autoconfigure.web.client.MockRestServiceServerResetTestExecutionListener@62b0792, org.springframework.boot.test.autoconfigure.web.servlet.MockMvcPrintOnlyOnFailureTestExecutionListener@2fd409c1, org.springframework.boot.test.autoconfigure.web.servlet.WebDriverTestExecutionListener@121c1a08, org.springframework.boot.test.autoconfigure.webservices.client.MockWebServiceServerTestExecutionListener@3013e1e8, org.spockframework.spring.SpringMockTestExecutionListener@6e5a77ef]
00:26:24.757 [main] DEBUG org.springframework.test.annotation.ProfileValueUtils - Retrieved @ProfileValueSourceConfiguration [null] for test class [pt.ulisboa.tecnico.socialsoftware.tutor.quiz.service.AddQuestionToQuizTest]
00:26:24.757 [main] DEBUG org.springframework.test.annotation.ProfileValueUtils - Retrieved ProfileValueSource type [class org.springframework.test.annotation.SystemProfileValueSource] for class [pt.ulisboa.tecnico.socialsoftware.tutor.quiz.service.AddQuestionToQuizTest]
00:26:24.757 [main] DEBUG org.springframework.test.annotation.ProfileValueUtils - Retrieved @ProfileValueSourceConfiguration [null] for test class [pt.ulisboa.tecnico.socialsoftware.tutor.quiz.service.AddQuestionToQuizTest]
00:26:24.757 [main] DEBUG org.springframework.test.annotation.ProfileValueUtils - Retrieved ProfileValueSource type [class org.springframework.test.annotation.SystemProfileValueSource] for class [pt.ulisboa.tecnico.socialsoftware.tutor.quiz.service.AddQuestionToQuizTest]
00:26:24.757 [main] DEBUG org.springframework.test.context.BootstrapUtils - Instantiating CacheAwareContextLoaderDelegate from class [org.springframework.test.context.cache.DefaultCacheAwareContextLoaderDelegate]
00:26:24.757 [main] DEBUG org.springframework.test.context.BootstrapUtils - Instantiating BootstrapContext using constructor [public org.springframework.test.context.support.DefaultBootstrapContext(java.lang.Class,org.springframework.test.context.CacheAwareContextLoaderDelegate)]
00:26:24.757 [main] DEBUG org.springframework.test.context.BootstrapUtils - Instantiating TestContextBootstrapper for test class [pt.ulisboa.tecnico.socialsoftware.tutor.quiz.service.AddQuestionToQuizTest] from class [org.springframework.boot.test.autoconfigure.orm.jpa.DataJpaTestContextBootstrapper]
00:26:24.758 [main] INFO org.springframework.boot.test.autoconfigure.orm.jpa.DataJpaTestContextBootstrapper - Neither @ContextConfiguration nor @ContextHierarchy found for test class [pt.ulisboa.tecnico.socialsoftware.tutor.quiz.service.AddQuestionToQuizTest], using SpringBootContextLoader
00:26:24.759 [main] DEBUG org.springframework.test.context.support.AbstractContextLoader - Did not detect default resource location for test class [pt.ulisboa.tecnico.socialsoftware.tutor.quiz.service.AddQuestionToQuizTest]: class path resource [pt/ulisboa/tecnico/socialsoftware/tutor/quiz/service/AddQuestionToQuizTest-context.xml] does not exist
00:26:24.763 [main] DEBUG org.springframework.test.context.support.AbstractContextLoader - Did not detect default resource location for test class [pt.ulisboa.tecnico.socialsoftware.tutor.quiz.service.AddQuestionToQuizTest]: class path resource [pt/ulisboa/tecnico/socialsoftware/tutor/quiz/service/AddQuestionToQuizTestContext.groovy] does not exist
00:26:24.763 [main] INFO org.springframework.test.context.support.AbstractContextLoader - Could not detect default resource locations for test class [pt.ulisboa.tecnico.socialsoftware.tutor.quiz.service.AddQuestionToQuizTest]: no resource found for suffixes {-context.xml, Context.groovy}.
00:26:24.768 [main] DEBUG org.springframework.test.context.support.ActiveProfilesUtils - Could not find an 'annotation declaring class' for annotation type [org.springframework.test.context.ActiveProfiles] and class [pt.ulisboa.tecnico.socialsoftware.tutor.quiz.service.AddQuestionToQuizTest]
00:26:24.790 [main] DEBUG org.springframework.context.annotation.ClassPathScanningCandidateComponentProvider - Identified candidate component class: file [C:\Users\jhmff\Desktop\IST\MEIC\2ano\2Semestre\Tutor\backend\tutor\target\classes\pt\ulisboa\tecnico\socialsoftware\tutor\TutorTestApplication.class]
00:26:24.790 [main] INFO org.springframework.boot.test.context.SpringBootTestContextBootstrapper - Found @SpringBootConfiguration pt.ulisboa.tecnico.socialsoftware.tutor.TutorTestApplication for test class pt.ulisboa.tecnico.socialsoftware.tutor.quiz.service.AddQuestionToQuizTest
00:26:24.791 [main] DEBUG org.springframework.boot.test.autoconfigure.orm.jpa.DataJpaTestContextBootstrapper - @TestExecutionListeners is not present for class [pt.ulisboa.tecnico.socialsoftware.tutor.quiz.service.AddQuestionToQuizTest]: using defaults.
00:26:24.791 [main] INFO org.springframework.boot.test.autoconfigure.orm.jpa.DataJpaTestContextBootstrapper - Loaded default TestExecutionListener class names from location [META-INF/spring.factories]: [org.springframework.boot.test.mock.mockito.MockitoTestExecutionListener, org.springframework.boot.test.mock.mockito.ResetMocksTestExecutionListener, org.springframework.boot.test.autoconfigure.restdocs.RestDocsTestExecutionListener, org.springframework.boot.test.autoconfigure.web.client.MockRestServiceServerResetTestExecutionListener, org.springframework.boot.test.autoconfigure.web.servlet.MockMvcPrintOnlyOnFailureTestExecutionListener, org.springframework.boot.test.autoconfigure.web.servlet.WebDriverTestExecutionListener, org.springframework.boot.test.autoconfigure.webservices.client.MockWebServiceServerTestExecutionListener, org.springframework.test.context.web.ServletTestExecutionListener, org.springframework.test.context.support.DirtiesContextBeforeModesTestExecutionListener, org.springframework.test.context.event.ApplicationEventsTestExecutionListener, org.springframework.test.context.support.DependencyInjectionTestExecutionListener, org.springframework.test.context.support.DirtiesContextTestExecutionListener, org.springframework.test.context.transaction.TransactionalTestExecutionListener, org.springframework.test.context.jdbc.SqlScriptsTestExecutionListener, org.springframework.test.context.event.EventPublishingTestExecutionListener, org.springframework.security.test.context.support.WithSecurityContextTestExecutionListener, org.springframework.security.test.context.support.ReactorContextTestExecutionListener, org.spockframework.spring.SpringMockTestExecutionListener]
00:26:24.792 [main] INFO org.springframework.boot.test.autoconfigure.orm.jpa.DataJpaTestContextBootstrapper - Using TestExecutionListeners: [org.springframework.test.context.web.ServletTestExecutionListener@4bba2704, org.springframework.test.context.support.DirtiesContextBeforeModesTestExecutionListener@5b5f61cc, org.springframework.test.context.event.ApplicationEventsTestExecutionListener@39179470, org.springframework.boot.test.mock.mockito.MockitoTestExecutionListener@3ef04239, org.springframework.boot.test.autoconfigure.SpringBootDependencyInjectionTestExecutionListener@2468c0e4, org.springframework.test.context.support.DirtiesContextTestExecutionListener@49994a4, org.springframework.test.context.transaction.TransactionalTestExecutionListener@1a82453, org.springframework.test.context.jdbc.SqlScriptsTestExecutionListener@3df54fd5, org.springframework.test.context.event.EventPublishingTestExecutionListener@5ff8d76f, org.springframework.security.test.context.support.WithSecurityContextTestExecutionListener@178c4480, org.springframework.security.test.context.support.ReactorContextTestExecutionListener@5746609e, org.springframework.boot.test.mock.mockito.ResetMocksTestExecutionListener@40da1644, org.springframework.boot.test.autoconfigure.restdocs.RestDocsTestExecutionListener@5980e29f, org.springframework.boot.test.autoconfigure.web.client.MockRestServiceServerResetTestExecutionListener@2cdd156b, org.springframework.boot.test.autoconfigure.web.servlet.MockMvcPrintOnlyOnFailureTestExecutionListener@487bc2fe, org.springframework.boot.test.autoconfigure.web.servlet.WebDriverTestExecutionListener@58038583, org.springframework.boot.test.autoconfigure.webservices.client.MockWebServiceServerTestExecutionListener@6491006, org.spockframework.spring.SpringMockTestExecutionListener@42fb2be9]
00:26:24.806 [main] DEBUG org.springframework.test.annotation.ProfileValueUtils - Retrieved @ProfileValueSourceConfiguration [null] for test class [pt.ulisboa.tecnico.socialsoftware.tutor.quiz.service.CreateQuizTest]
00:26:24.807 [main] DEBUG org.springframework.test.annotation.ProfileValueUtils - Retrieved ProfileValueSource type [class org.springframework.test.annotation.SystemProfileValueSource] for class [pt.ulisboa.tecnico.socialsoftware.tutor.quiz.service.CreateQuizTest]
00:26:24.807 [main] DEBUG org.springframework.test.annotation.ProfileValueUtils - Retrieved @ProfileValueSourceConfiguration [null] for test class [pt.ulisboa.tecnico.socialsoftware.tutor.quiz.service.CreateQuizTest]
00:26:24.807 [main] DEBUG org.springframework.test.annotation.ProfileValueUtils - Retrieved ProfileValueSource type [class org.springframework.test.annotation.SystemProfileValueSource] for class [pt.ulisboa.tecnico.socialsoftware.tutor.quiz.service.CreateQuizTest]
00:26:24.807 [main] DEBUG org.springframework.test.annotation.ProfileValueUtils - Retrieved @ProfileValueSourceConfiguration [null] for test class [pt.ulisboa.tecnico.socialsoftware.tutor.quiz.service.CreateQuizTest]
00:26:24.807 [main] DEBUG org.springframework.test.annotation.ProfileValueUtils - Retrieved ProfileValueSource type [class org.springframework.test.annotation.SystemProfileValueSource] for class [pt.ulisboa.tecnico.socialsoftware.tutor.quiz.service.CreateQuizTest]
00:26:24.807 [main] DEBUG org.springframework.test.annotation.ProfileValueUtils - Retrieved @ProfileValueSourceConfiguration [null] for test class [pt.ulisboa.tecnico.socialsoftware.tutor.quiz.service.CreateQuizTest]
00:26:24.807 [main] DEBUG org.springframework.test.annotation.ProfileValueUtils - Retrieved ProfileValueSource type [class org.springframework.test.annotation.SystemProfileValueSource] for class [pt.ulisboa.tecnico.socialsoftware.tutor.quiz.service.CreateQuizTest]
00:26:24.807 [main] DEBUG org.springframework.test.context.BootstrapUtils - Instantiating CacheAwareContextLoaderDelegate from class [org.springframework.test.context.cache.DefaultCacheAwareContextLoaderDelegate]
00:26:24.807 [main] DEBUG org.springframework.test.context.BootstrapUtils - Instantiating BootstrapContext using constructor [public org.springframework.test.context.support.DefaultBootstrapContext(java.lang.Class,org.springframework.test.context.CacheAwareContextLoaderDelegate)]
00:26:24.807 [main] DEBUG org.springframework.test.context.BootstrapUtils - Instantiating TestContextBootstrapper for test class [pt.ulisboa.tecnico.socialsoftware.tutor.quiz.service.CreateQuizTest] from class [org.springframework.boot.test.autoconfigure.orm.jpa.DataJpaTestContextBootstrapper]
00:26:24.808 [main] INFO org.springframework.boot.test.autoconfigure.orm.jpa.DataJpaTestContextBootstrapper - Neither @ContextConfiguration nor @ContextHierarchy found for test class [pt.ulisboa.tecnico.socialsoftware.tutor.quiz.service.CreateQuizTest], using SpringBootContextLoader
00:26:24.809 [main] DEBUG org.springframework.test.context.support.AbstractContextLoader - Did not detect default resource location for test class [pt.ulisboa.tecnico.socialsoftware.tutor.quiz.service.CreateQuizTest]: class path resource [pt/ulisboa/tecnico/socialsoftware/tutor/quiz/service/CreateQuizTest-context.xml] does not exist
00:26:24.810 [main] DEBUG org.springframework.test.context.support.AbstractContextLoader - Did not detect default resource location for test class [pt.ulisboa.tecnico.socialsoftware.tutor.quiz.service.CreateQuizTest]: class path resource [pt/ulisboa/tecnico/socialsoftware/tutor/quiz/service/CreateQuizTestContext.groovy] does not exist
00:26:24.810 [main] INFO org.springframework.test.context.support.AbstractContextLoader - Could not detect default resource locations for test class [pt.ulisboa.tecnico.socialsoftware.tutor.quiz.service.CreateQuizTest]: no resource found for suffixes {-context.xml, Context.groovy}.
00:26:24.814 [main] DEBUG org.springframework.test.context.support.ActiveProfilesUtils - Could not find an 'annotation declaring class' for annotation type [org.springframework.test.context.ActiveProfiles] and class [pt.ulisboa.tecnico.socialsoftware.tutor.quiz.service.CreateQuizTest]
00:26:24.815 [main] INFO org.springframework.boot.test.context.SpringBootTestContextBootstrapper - Found @SpringBootConfiguration pt.ulisboa.tecnico.socialsoftware.tutor.TutorTestApplication for test class pt.ulisboa.tecnico.socialsoftware.tutor.quiz.service.CreateQuizTest
00:26:24.816 [main] DEBUG org.springframework.boot.test.autoconfigure.orm.jpa.DataJpaTestContextBootstrapper - @TestExecutionListeners is not present for class [pt.ulisboa.tecnico.socialsoftware.tutor.quiz.service.CreateQuizTest]: using defaults.
00:26:24.816 [main] INFO org.springframework.boot.test.autoconfigure.orm.jpa.DataJpaTestContextBootstrapper - Loaded default TestExecutionListener class names from location [META-INF/spring.factories]: [org.springframework.boot.test.mock.mockito.MockitoTestExecutionListener, org.springframework.boot.test.mock.mockito.ResetMocksTestExecutionListener, org.springframework.boot.test.autoconfigure.restdocs.RestDocsTestExecutionListener, org.springframework.boot.test.autoconfigure.web.client.MockRestServiceServerResetTestExecutionListener, org.springframework.boot.test.autoconfigure.web.servlet.MockMvcPrintOnlyOnFailureTestExecutionListener, org.springframework.boot.test.autoconfigure.web.servlet.WebDriverTestExecutionListener, org.springframework.boot.test.autoconfigure.webservices.client.MockWebServiceServerTestExecutionListener, org.springframework.test.context.web.ServletTestExecutionListener, org.springframework.test.context.support.DirtiesContextBeforeModesTestExecutionListener, org.springframework.test.context.event.ApplicationEventsTestExecutionListener, org.springframework.test.context.support.DependencyInjectionTestExecutionListener, org.springframework.test.context.support.DirtiesContextTestExecutionListener, org.springframework.test.context.transaction.TransactionalTestExecutionListener, org.springframework.test.context.jdbc.SqlScriptsTestExecutionListener, org.springframework.test.context.event.EventPublishingTestExecutionListener, org.springframework.security.test.context.support.WithSecurityContextTestExecutionListener, org.springframework.security.test.context.support.ReactorContextTestExecutionListener, org.spockframework.spring.SpringMockTestExecutionListener]
00:26:24.818 [main] INFO org.springframework.boot.test.autoconfigure.orm.jpa.DataJpaTestContextBootstrapper - Using TestExecutionListeners: [org.springframework.test.context.web.ServletTestExecutionListener@5f32de90, org.springframework.test.context.support.DirtiesContextBeforeModesTestExecutionListener@1181526e, org.springframework.test.context.event.ApplicationEventsTestExecutionListener@5134a7d6, org.springframework.boot.test.mock.mockito.MockitoTestExecutionListener@3b8a8abc, org.springframework.boot.test.autoconfigure.SpringBootDependencyInjectionTestExecutionListener@72851503, org.springframework.test.context.support.DirtiesContextTestExecutionListener@690c3b1f, org.springframework.test.context.transaction.TransactionalTestExecutionListener@1d722bff, org.springframework.test.context.jdbc.SqlScriptsTestExecutionListener@72c29d87, org.springframework.test.context.event.EventPublishingTestExecutionListener@2835b3d1, org.springframework.security.test.context.support.WithSecurityContextTestExecutionListener@20e9b10b, org.springframework.security.test.context.support.ReactorContextTestExecutionListener@2c485b3a, org.springframework.boot.test.mock.mockito.ResetMocksTestExecutionListener@4a00d591, org.springframework.boot.test.autoconfigure.restdocs.RestDocsTestExecutionListener@4fae4c3b, org.springframework.boot.test.autoconfigure.web.client.MockRestServiceServerResetTestExecutionListener@2222cd2c, org.springframework.boot.test.autoconfigure.web.servlet.MockMvcPrintOnlyOnFailureTestExecutionListener@4cddc3d9, org.springframework.boot.test.autoconfigure.web.servlet.WebDriverTestExecutionListener@3d2b8e, org.springframework.boot.test.autoconfigure.webservices.client.MockWebServiceServerTestExecutionListener@3dcf6026, org.spockframework.spring.SpringMockTestExecutionListener@930911e]
00:26:24.828 [main] DEBUG org.springframework.test.annotation.ProfileValueUtils - Retrieved @ProfileValueSourceConfiguration [null] for test class [pt.ulisboa.tecnico.socialsoftware.tutor.quiz.service.RemoveQuizTest]
00:26:24.828 [main] DEBUG org.springframework.test.annotation.ProfileValueUtils - Retrieved ProfileValueSource type [class org.springframework.test.annotation.SystemProfileValueSource] for class [pt.ulisboa.tecnico.socialsoftware.tutor.quiz.service.RemoveQuizTest]
00:26:24.828 [main] DEBUG org.springframework.test.annotation.ProfileValueUtils - Retrieved @ProfileValueSourceConfiguration [null] for test class [pt.ulisboa.tecnico.socialsoftware.tutor.quiz.service.RemoveQuizTest]
00:26:24.828 [main] DEBUG org.springframework.test.annotation.ProfileValueUtils - Retrieved ProfileValueSource type [class org.springframework.test.annotation.SystemProfileValueSource] for class [pt.ulisboa.tecnico.socialsoftware.tutor.quiz.service.RemoveQuizTest]
00:26:24.828 [main] DEBUG org.springframework.test.annotation.ProfileValueUtils - Retrieved @ProfileValueSourceConfiguration [null] for test class [pt.ulisboa.tecnico.socialsoftware.tutor.quiz.service.RemoveQuizTest]
00:26:24.828 [main] DEBUG org.springframework.test.annotation.ProfileValueUtils - Retrieved ProfileValueSource type [class org.springframework.test.annotation.SystemProfileValueSource] for class [pt.ulisboa.tecnico.socialsoftware.tutor.quiz.service.RemoveQuizTest]
00:26:24.829 [main] DEBUG org.springframework.test.context.BootstrapUtils - Instantiating CacheAwareContextLoaderDelegate from class [org.springframework.test.context.cache.DefaultCacheAwareContextLoaderDelegate]
00:26:24.829 [main] DEBUG org.springframework.test.context.BootstrapUtils - Instantiating BootstrapContext using constructor [public org.springframework.test.context.support.DefaultBootstrapContext(java.lang.Class,org.springframework.test.context.CacheAwareContextLoaderDelegate)]
00:26:24.829 [main] DEBUG org.springframework.test.context.BootstrapUtils - Instantiating TestContextBootstrapper for test class [pt.ulisboa.tecnico.socialsoftware.tutor.quiz.service.RemoveQuizTest] from class [org.springframework.boot.test.autoconfigure.orm.jpa.DataJpaTestContextBootstrapper]
00:26:24.829 [main] INFO org.springframework.boot.test.autoconfigure.orm.jpa.DataJpaTestContextBootstrapper - Neither @ContextConfiguration nor @ContextHierarchy found for test class [pt.ulisboa.tecnico.socialsoftware.tutor.quiz.service.RemoveQuizTest], using SpringBootContextLoader
00:26:24.830 [main] DEBUG org.springframework.test.context.support.AbstractContextLoader - Did not detect default resource location for test class [pt.ulisboa.tecnico.socialsoftware.tutor.quiz.service.RemoveQuizTest]: class path resource [pt/ulisboa/tecnico/socialsoftware/tutor/quiz/service/RemoveQuizTest-context.xml] does not exist
00:26:24.831 [main] DEBUG org.springframework.test.context.support.AbstractContextLoader - Did not detect default resource location for test class [pt.ulisboa.tecnico.socialsoftware.tutor.quiz.service.RemoveQuizTest]: class path resource [pt/ulisboa/tecnico/socialsoftware/tutor/quiz/service/RemoveQuizTestContext.groovy] does not exist
00:26:24.831 [main] INFO org.springframework.test.context.support.AbstractContextLoader - Could not detect default resource locations for test class [pt.ulisboa.tecnico.socialsoftware.tutor.quiz.service.RemoveQuizTest]: no resource found for suffixes {-context.xml, Context.groovy}.
00:26:24.837 [main] DEBUG org.springframework.test.context.support.ActiveProfilesUtils - Could not find an 'annotation declaring class' for annotation type [org.springframework.test.context.ActiveProfiles] and class [pt.ulisboa.tecnico.socialsoftware.tutor.quiz.service.RemoveQuizTest]
00:26:24.838 [main] INFO org.springframework.boot.test.context.SpringBootTestContextBootstrapper - Found @SpringBootConfiguration pt.ulisboa.tecnico.socialsoftware.tutor.TutorTestApplication for test class pt.ulisboa.tecnico.socialsoftware.tutor.quiz.service.RemoveQuizTest
00:26:24.839 [main] DEBUG org.springframework.boot.test.autoconfigure.orm.jpa.DataJpaTestContextBootstrapper - @TestExecutionListeners is not present for class [pt.ulisboa.tecnico.socialsoftware.tutor.quiz.service.RemoveQuizTest]: using defaults.
00:26:24.840 [main] INFO org.springframework.boot.test.autoconfigure.orm.jpa.DataJpaTestContextBootstrapper - Loaded default TestExecutionListener class names from location [META-INF/spring.factories]: [org.springframework.boot.test.mock.mockito.MockitoTestExecutionListener, org.springframework.boot.test.mock.mockito.ResetMocksTestExecutionListener, org.springframework.boot.test.autoconfigure.restdocs.RestDocsTestExecutionListener, org.springframework.boot.test.autoconfigure.web.client.MockRestServiceServerResetTestExecutionListener, org.springframework.boot.test.autoconfigure.web.servlet.MockMvcPrintOnlyOnFailureTestExecutionListener, org.springframework.boot.test.autoconfigure.web.servlet.WebDriverTestExecutionListener, org.springframework.boot.test.autoconfigure.webservices.client.MockWebServiceServerTestExecutionListener, org.springframework.test.context.web.ServletTestExecutionListener, org.springframework.test.context.support.DirtiesContextBeforeModesTestExecutionListener, org.springframework.test.context.event.ApplicationEventsTestExecutionListener, org.springframework.test.context.support.DependencyInjectionTestExecutionListener, org.springframework.test.context.support.DirtiesContextTestExecutionListener, org.springframework.test.context.transaction.TransactionalTestExecutionListener, org.springframework.test.context.jdbc.SqlScriptsTestExecutionListener, org.springframework.test.context.event.EventPublishingTestExecutionListener, org.springframework.security.test.context.support.WithSecurityContextTestExecutionListener, org.springframework.security.test.context.support.ReactorContextTestExecutionListener, org.spockframework.spring.SpringMockTestExecutionListener]
00:26:24.841 [main] INFO org.springframework.boot.test.autoconfigure.orm.jpa.DataJpaTestContextBootstrapper - Using TestExecutionListeners: [org.springframework.test.context.web.ServletTestExecutionListener@1c0a143, org.springframework.test.context.support.DirtiesContextBeforeModesTestExecutionListener@58267ba1, org.springframework.test.context.event.ApplicationEventsTestExecutionListener@e356940, org.springframework.boot.test.mock.mockito.MockitoTestExecutionListener@38991781, org.springframework.boot.test.autoconfigure.SpringBootDependencyInjectionTestExecutionListener@3c577368, org.springframework.test.context.support.DirtiesContextTestExecutionListener@57c7ec30, org.springframework.test.context.transaction.TransactionalTestExecutionListener@729de0e1, org.springframework.test.context.jdbc.SqlScriptsTestExecutionListener@2c8c42c, org.springframework.test.context.event.EventPublishingTestExecutionListener@5032b2e, org.springframework.security.test.context.support.WithSecurityContextTestExecutionListener@6d4df1d2, org.springframework.security.test.context.support.ReactorContextTestExecutionListener@70ca8e72, org.springframework.boot.test.mock.mockito.ResetMocksTestExecutionListener@34e7cde3, org.springframework.boot.test.autoconfigure.restdocs.RestDocsTestExecutionListener@2821da0a, org.springframework.boot.test.autoconfigure.web.client.MockRestServiceServerResetTestExecutionListener@2ae07dbd, org.springframework.boot.test.autoconfigure.web.servlet.MockMvcPrintOnlyOnFailureTestExecutionListener@e7ddf8d, org.springframework.boot.test.autoconfigure.web.servlet.WebDriverTestExecutionListener@47f8374, org.springframework.boot.test.autoconfigure.webservices.client.MockWebServiceServerTestExecutionListener@22a8e87b, org.spockframework.spring.SpringMockTestExecutionListener@b8c6406]
00:26:24.853 [main] DEBUG org.springframework.test.annotation.ProfileValueUtils - Retrieved @ProfileValueSourceConfiguration [null] for test class [pt.ulisboa.tecnico.socialsoftware.tutor.user.domain.AddCourseTest]
00:26:24.853 [main] DEBUG org.springframework.test.annotation.ProfileValueUtils - Retrieved ProfileValueSource type [class org.springframework.test.annotation.SystemProfileValueSource] for class [pt.ulisboa.tecnico.socialsoftware.tutor.user.domain.AddCourseTest]
00:26:24.853 [main] DEBUG org.springframework.test.annotation.ProfileValueUtils - Retrieved @ProfileValueSourceConfiguration [null] for test class [pt.ulisboa.tecnico.socialsoftware.tutor.user.domain.AddCourseTest]
00:26:24.853 [main] DEBUG org.springframework.test.annotation.ProfileValueUtils - Retrieved ProfileValueSource type [class org.springframework.test.annotation.SystemProfileValueSource] for class [pt.ulisboa.tecnico.socialsoftware.tutor.user.domain.AddCourseTest]
00:26:24.853 [main] DEBUG org.springframework.test.context.BootstrapUtils - Instantiating CacheAwareContextLoaderDelegate from class [org.springframework.test.context.cache.DefaultCacheAwareContextLoaderDelegate]
00:26:24.853 [main] DEBUG org.springframework.test.context.BootstrapUtils - Instantiating BootstrapContext using constructor [public org.springframework.test.context.support.DefaultBootstrapContext(java.lang.Class,org.springframework.test.context.CacheAwareContextLoaderDelegate)]
00:26:24.853 [main] DEBUG org.springframework.test.context.BootstrapUtils - Instantiating TestContextBootstrapper for test class [pt.ulisboa.tecnico.socialsoftware.tutor.user.domain.AddCourseTest] from class [org.springframework.boot.test.autoconfigure.orm.jpa.DataJpaTestContextBootstrapper]
00:26:24.854 [main] INFO org.springframework.boot.test.autoconfigure.orm.jpa.DataJpaTestContextBootstrapper - Neither @ContextConfiguration nor @ContextHierarchy found for test class [pt.ulisboa.tecnico.socialsoftware.tutor.user.domain.AddCourseTest], using SpringBootContextLoader
00:26:24.855 [main] DEBUG org.springframework.test.context.support.AbstractContextLoader - Did not detect default resource location for test class [pt.ulisboa.tecnico.socialsoftware.tutor.user.domain.AddCourseTest]: class path resource [pt/ulisboa/tecnico/socialsoftware/tutor/user/domain/AddCourseTest-context.xml] does not exist
00:26:24.856 [main] DEBUG org.springframework.test.context.support.AbstractContextLoader - Did not detect default resource location for test class [pt.ulisboa.tecnico.socialsoftware.tutor.user.domain.AddCourseTest]: class path resource [pt/ulisboa/tecnico/socialsoftware/tutor/user/domain/AddCourseTestContext.groovy] does not exist
00:26:24.856 [main] INFO org.springframework.test.context.support.AbstractContextLoader - Could not detect default resource locations for test class [pt.ulisboa.tecnico.socialsoftware.tutor.user.domain.AddCourseTest]: no resource found for suffixes {-context.xml, Context.groovy}.
00:26:24.861 [main] DEBUG org.springframework.test.context.support.ActiveProfilesUtils - Could not find an 'annotation declaring class' for annotation type [org.springframework.test.context.ActiveProfiles] and class [pt.ulisboa.tecnico.socialsoftware.tutor.user.domain.AddCourseTest]
00:26:24.887 [main] DEBUG org.springframework.context.annotation.ClassPathScanningCandidateComponentProvider - Identified candidate component class: file [C:\Users\jhmff\Desktop\IST\MEIC\2ano\2Semestre\Tutor\backend\tutor\target\classes\pt\ulisboa\tecnico\socialsoftware\tutor\TutorTestApplication.class]
00:26:24.887 [main] INFO org.springframework.boot.test.context.SpringBootTestContextBootstrapper - Found @SpringBootConfiguration pt.ulisboa.tecnico.socialsoftware.tutor.TutorTestApplication for test class pt.ulisboa.tecnico.socialsoftware.tutor.user.domain.AddCourseTest
00:26:24.888 [main] DEBUG org.springframework.boot.test.autoconfigure.orm.jpa.DataJpaTestContextBootstrapper - @TestExecutionListeners is not present for class [pt.ulisboa.tecnico.socialsoftware.tutor.user.domain.AddCourseTest]: using defaults.
00:26:24.888 [main] INFO org.springframework.boot.test.autoconfigure.orm.jpa.DataJpaTestContextBootstrapper - Loaded default TestExecutionListener class names from location [META-INF/spring.factories]: [org.springframework.boot.test.mock.mockito.MockitoTestExecutionListener, org.springframework.boot.test.mock.mockito.ResetMocksTestExecutionListener, org.springframework.boot.test.autoconfigure.restdocs.RestDocsTestExecutionListener, org.springframework.boot.test.autoconfigure.web.client.MockRestServiceServerResetTestExecutionListener, org.springframework.boot.test.autoconfigure.web.servlet.MockMvcPrintOnlyOnFailureTestExecutionListener, org.springframework.boot.test.autoconfigure.web.servlet.WebDriverTestExecutionListener, org.springframework.boot.test.autoconfigure.webservices.client.MockWebServiceServerTestExecutionListener, org.springframework.test.context.web.ServletTestExecutionListener, org.springframework.test.context.support.DirtiesContextBeforeModesTestExecutionListener, org.springframework.test.context.event.ApplicationEventsTestExecutionListener, org.springframework.test.context.support.DependencyInjectionTestExecutionListener, org.springframework.test.context.support.DirtiesContextTestExecutionListener, org.springframework.test.context.transaction.TransactionalTestExecutionListener, org.springframework.test.context.jdbc.SqlScriptsTestExecutionListener, org.springframework.test.context.event.EventPublishingTestExecutionListener, org.springframework.security.test.context.support.WithSecurityContextTestExecutionListener, org.springframework.security.test.context.support.ReactorContextTestExecutionListener, org.spockframework.spring.SpringMockTestExecutionListener]
00:26:24.890 [main] INFO org.springframework.boot.test.autoconfigure.orm.jpa.DataJpaTestContextBootstrapper - Using TestExecutionListeners: [org.springframework.test.context.web.ServletTestExecutionListener@7137cd14, org.springframework.test.context.support.DirtiesContextBeforeModesTestExecutionListener@47d0195b, org.springframework.test.context.event.ApplicationEventsTestExecutionListener@6de2344a, org.springframework.boot.test.mock.mockito.MockitoTestExecutionListener@577dac16, org.springframework.boot.test.autoconfigure.SpringBootDependencyInjectionTestExecutionListener@18ed9480, org.springframework.test.context.support.DirtiesContextTestExecutionListener@5fb05c07, org.springframework.test.context.transaction.TransactionalTestExecutionListener@238c63df, org.springframework.test.context.jdbc.SqlScriptsTestExecutionListener@192b76a4, org.springframework.test.context.event.EventPublishingTestExecutionListener@6d96a895, org.springframework.security.test.context.support.WithSecurityContextTestExecutionListener@309b8144, org.springframework.security.test.context.support.ReactorContextTestExecutionListener@70c99e13, org.springframework.boot.test.mock.mockito.ResetMocksTestExecutionListener@321558f8, org.springframework.boot.test.autoconfigure.restdocs.RestDocsTestExecutionListener@6a9f8c2f, org.springframework.boot.test.autoconfigure.web.client.MockRestServiceServerResetTestExecutionListener@662b199, org.springframework.boot.test.autoconfigure.web.servlet.MockMvcPrintOnlyOnFailureTestExecutionListener@3a678e40, org.springframework.boot.test.autoconfigure.web.servlet.WebDriverTestExecutionListener@222dc36c, org.springframework.boot.test.autoconfigure.webservices.client.MockWebServiceServerTestExecutionListener@3445ddf2, org.spockframework.spring.SpringMockTestExecutionListener@27b84c9a]
00:26:24.896 [main] DEBUG org.springframework.test.annotation.ProfileValueUtils - Retrieved @ProfileValueSourceConfiguration [null] for test class [pt.ulisboa.tecnico.socialsoftware.tutor.user.domain.AddQuizAnswerTest]
00:26:24.896 [main] DEBUG org.springframework.test.annotation.ProfileValueUtils - Retrieved ProfileValueSource type [class org.springframework.test.annotation.SystemProfileValueSource] for class [pt.ulisboa.tecnico.socialsoftware.tutor.user.domain.AddQuizAnswerTest]
00:26:24.896 [main] DEBUG org.springframework.test.annotation.ProfileValueUtils - Retrieved @ProfileValueSourceConfiguration [null] for test class [pt.ulisboa.tecnico.socialsoftware.tutor.user.domain.AddQuizAnswerTest]
00:26:24.896 [main] DEBUG org.springframework.test.annotation.ProfileValueUtils - Retrieved ProfileValueSource type [class org.springframework.test.annotation.SystemProfileValueSource] for class [pt.ulisboa.tecnico.socialsoftware.tutor.user.domain.AddQuizAnswerTest]
00:26:24.896 [main] DEBUG org.springframework.test.context.BootstrapUtils - Instantiating CacheAwareContextLoaderDelegate from class [org.springframework.test.context.cache.DefaultCacheAwareContextLoaderDelegate]
00:26:24.896 [main] DEBUG org.springframework.test.context.BootstrapUtils - Instantiating BootstrapContext using constructor [public org.springframework.test.context.support.DefaultBootstrapContext(java.lang.Class,org.springframework.test.context.CacheAwareContextLoaderDelegate)]
00:26:24.896 [main] DEBUG org.springframework.test.context.BootstrapUtils - Instantiating TestContextBootstrapper for test class [pt.ulisboa.tecnico.socialsoftware.tutor.user.domain.AddQuizAnswerTest] from class [org.springframework.boot.test.autoconfigure.orm.jpa.DataJpaTestContextBootstrapper]
00:26:24.896 [main] INFO org.springframework.boot.test.autoconfigure.orm.jpa.DataJpaTestContextBootstrapper - Neither @ContextConfiguration nor @ContextHierarchy found for test class [pt.ulisboa.tecnico.socialsoftware.tutor.user.domain.AddQuizAnswerTest], using SpringBootContextLoader
00:26:24.897 [main] DEBUG org.springframework.test.context.support.AbstractContextLoader - Did not detect default resource location for test class [pt.ulisboa.tecnico.socialsoftware.tutor.user.domain.AddQuizAnswerTest]: class path resource [pt/ulisboa/tecnico/socialsoftware/tutor/user/domain/AddQuizAnswerTest-context.xml] does not exist
00:26:24.898 [main] DEBUG org.springframework.test.context.support.AbstractContextLoader - Did not detect default resource location for test class [pt.ulisboa.tecnico.socialsoftware.tutor.user.domain.AddQuizAnswerTest]: class path resource [pt/ulisboa/tecnico/socialsoftware/tutor/user/domain/AddQuizAnswerTestContext.groovy] does not exist
00:26:24.898 [main] INFO org.springframework.test.context.support.AbstractContextLoader - Could not detect default resource locations for test class [pt.ulisboa.tecnico.socialsoftware.tutor.user.domain.AddQuizAnswerTest]: no resource found for suffixes {-context.xml, Context.groovy}.
00:26:24.902 [main] DEBUG org.springframework.test.context.support.ActiveProfilesUtils - Could not find an 'annotation declaring class' for annotation type [org.springframework.test.context.ActiveProfiles] and class [pt.ulisboa.tecnico.socialsoftware.tutor.user.domain.AddQuizAnswerTest]
00:26:24.903 [main] INFO org.springframework.boot.test.context.SpringBootTestContextBootstrapper - Found @SpringBootConfiguration pt.ulisboa.tecnico.socialsoftware.tutor.TutorTestApplication for test class pt.ulisboa.tecnico.socialsoftware.tutor.user.domain.AddQuizAnswerTest
00:26:24.904 [main] DEBUG org.springframework.boot.test.autoconfigure.orm.jpa.DataJpaTestContextBootstrapper - @TestExecutionListeners is not present for class [pt.ulisboa.tecnico.socialsoftware.tutor.user.domain.AddQuizAnswerTest]: using defaults.
00:26:24.904 [main] INFO org.springframework.boot.test.autoconfigure.orm.jpa.DataJpaTestContextBootstrapper - Loaded default TestExecutionListener class names from location [META-INF/spring.factories]: [org.springframework.boot.test.mock.mockito.MockitoTestExecutionListener, org.springframework.boot.test.mock.mockito.ResetMocksTestExecutionListener, org.springframework.boot.test.autoconfigure.restdocs.RestDocsTestExecutionListener, org.springframework.boot.test.autoconfigure.web.client.MockRestServiceServerResetTestExecutionListener, org.springframework.boot.test.autoconfigure.web.servlet.MockMvcPrintOnlyOnFailureTestExecutionListener, org.springframework.boot.test.autoconfigure.web.servlet.WebDriverTestExecutionListener, org.springframework.boot.test.autoconfigure.webservices.client.MockWebServiceServerTestExecutionListener, org.springframework.test.context.web.ServletTestExecutionListener, org.springframework.test.context.support.DirtiesContextBeforeModesTestExecutionListener, org.springframework.test.context.event.ApplicationEventsTestExecutionListener, org.springframework.test.context.support.DependencyInjectionTestExecutionListener, org.springframework.test.context.support.DirtiesContextTestExecutionListener, org.springframework.test.context.transaction.TransactionalTestExecutionListener, org.springframework.test.context.jdbc.SqlScriptsTestExecutionListener, org.springframework.test.context.event.EventPublishingTestExecutionListener, org.springframework.security.test.context.support.WithSecurityContextTestExecutionListener, org.springframework.security.test.context.support.ReactorContextTestExecutionListener, org.spockframework.spring.SpringMockTestExecutionListener]
00:26:24.905 [main] INFO org.springframework.boot.test.autoconfigure.orm.jpa.DataJpaTestContextBootstrapper - Using TestExecutionListeners: [org.springframework.test.context.web.ServletTestExecutionListener@20a2930f, org.springframework.test.context.support.DirtiesContextBeforeModesTestExecutionListener@609edb55, org.springframework.test.context.event.ApplicationEventsTestExecutionListener@147892be, org.springframework.boot.test.mock.mockito.MockitoTestExecutionListener@13d1653, org.springframework.boot.test.autoconfigure.SpringBootDependencyInjectionTestExecutionListener@3533d790, org.springframework.test.context.support.DirtiesContextTestExecutionListener@23e1f610, org.springframework.test.context.transaction.TransactionalTestExecutionListener@73dc7db0, org.springframework.test.context.jdbc.SqlScriptsTestExecutionListener@1a3a6216, org.springframework.test.context.event.EventPublishingTestExecutionListener@319ea996, org.springframework.security.test.context.support.WithSecurityContextTestExecutionListener@1de398c3, org.springframework.security.test.context.support.ReactorContextTestExecutionListener@dc24732, org.springframework.boot.test.mock.mockito.ResetMocksTestExecutionListener@44a1ae4e, org.springframework.boot.test.autoconfigure.restdocs.RestDocsTestExecutionListener@377d55, org.springframework.boot.test.autoconfigure.web.client.MockRestServiceServerResetTestExecutionListener@193c810, org.springframework.boot.test.autoconfigure.web.servlet.MockMvcPrintOnlyOnFailureTestExecutionListener@1ef7e4c7, org.springframework.boot.test.autoconfigure.web.servlet.WebDriverTestExecutionListener@57edfa89, org.springframework.boot.test.autoconfigure.webservices.client.MockWebServiceServerTestExecutionListener@6c0bf8f4, org.spockframework.spring.SpringMockTestExecutionListener@73476e2d]
00:26:24.917 [main] DEBUG org.springframework.test.annotation.ProfileValueUtils - Retrieved @ProfileValueSourceConfiguration [null] for test class [pt.ulisboa.tecnico.socialsoftware.tutor.user.domain.CreateUserTest]
00:26:24.917 [main] DEBUG org.springframework.test.annotation.ProfileValueUtils - Retrieved ProfileValueSource type [class org.springframework.test.annotation.SystemProfileValueSource] for class [pt.ulisboa.tecnico.socialsoftware.tutor.user.domain.CreateUserTest]
00:26:24.917 [main] DEBUG org.springframework.test.annotation.ProfileValueUtils - Retrieved @ProfileValueSourceConfiguration [null] for test class [pt.ulisboa.tecnico.socialsoftware.tutor.user.domain.CreateUserTest]
00:26:24.917 [main] DEBUG org.springframework.test.annotation.ProfileValueUtils - Retrieved ProfileValueSource type [class org.springframework.test.annotation.SystemProfileValueSource] for class [pt.ulisboa.tecnico.socialsoftware.tutor.user.domain.CreateUserTest]
00:26:24.917 [main] DEBUG org.springframework.test.annotation.ProfileValueUtils - Retrieved @ProfileValueSourceConfiguration [null] for test class [pt.ulisboa.tecnico.socialsoftware.tutor.user.domain.CreateUserTest]
00:26:24.918 [main] DEBUG org.springframework.test.annotation.ProfileValueUtils - Retrieved ProfileValueSource type [class org.springframework.test.annotation.SystemProfileValueSource] for class [pt.ulisboa.tecnico.socialsoftware.tutor.user.domain.CreateUserTest]
00:26:24.918 [main] DEBUG org.springframework.test.annotation.ProfileValueUtils - Retrieved @ProfileValueSourceConfiguration [null] for test class [pt.ulisboa.tecnico.socialsoftware.tutor.user.domain.CreateUserTest]
00:26:24.918 [main] DEBUG org.springframework.test.annotation.ProfileValueUtils - Retrieved ProfileValueSource type [class org.springframework.test.annotation.SystemProfileValueSource] for class [pt.ulisboa.tecnico.socialsoftware.tutor.user.domain.CreateUserTest]
00:26:24.918 [main] DEBUG org.springframework.test.annotation.ProfileValueUtils - Retrieved @ProfileValueSourceConfiguration [null] for test class [pt.ulisboa.tecnico.socialsoftware.tutor.user.domain.CreateUserTest]
00:26:24.918 [main] DEBUG org.springframework.test.annotation.ProfileValueUtils - Retrieved ProfileValueSource type [class org.springframework.test.annotation.SystemProfileValueSource] for class [pt.ulisboa.tecnico.socialsoftware.tutor.user.domain.CreateUserTest]
00:26:24.918 [main] DEBUG org.springframework.test.context.BootstrapUtils - Instantiating CacheAwareContextLoaderDelegate from class [org.springframework.test.context.cache.DefaultCacheAwareContextLoaderDelegate]
00:26:24.918 [main] DEBUG org.springframework.test.context.BootstrapUtils - Instantiating BootstrapContext using constructor [public org.springframework.test.context.support.DefaultBootstrapContext(java.lang.Class,org.springframework.test.context.CacheAwareContextLoaderDelegate)]
00:26:24.918 [main] DEBUG org.springframework.test.context.BootstrapUtils - Instantiating TestContextBootstrapper for test class [pt.ulisboa.tecnico.socialsoftware.tutor.user.domain.CreateUserTest] from class [org.springframework.boot.test.autoconfigure.orm.jpa.DataJpaTestContextBootstrapper]
00:26:24.918 [main] INFO org.springframework.boot.test.autoconfigure.orm.jpa.DataJpaTestContextBootstrapper - Neither @ContextConfiguration nor @ContextHierarchy found for test class [pt.ulisboa.tecnico.socialsoftware.tutor.user.domain.CreateUserTest], using SpringBootContextLoader
00:26:24.919 [main] DEBUG org.springframework.test.context.support.AbstractContextLoader - Did not detect default resource location for test class [pt.ulisboa.tecnico.socialsoftware.tutor.user.domain.CreateUserTest]: class path resource [pt/ulisboa/tecnico/socialsoftware/tutor/user/domain/CreateUserTest-context.xml] does not exist
00:26:24.920 [main] DEBUG org.springframework.test.context.support.AbstractContextLoader - Did not detect default resource location for test class [pt.ulisboa.tecnico.socialsoftware.tutor.user.domain.CreateUserTest]: class path resource [pt/ulisboa/tecnico/socialsoftware/tutor/user/domain/CreateUserTestContext.groovy] does not exist
00:26:24.920 [main] INFO org.springframework.test.context.support.AbstractContextLoader - Could not detect default resource locations for test class [pt.ulisboa.tecnico.socialsoftware.tutor.user.domain.CreateUserTest]: no resource found for suffixes {-context.xml, Context.groovy}.
00:26:24.924 [main] DEBUG org.springframework.test.context.support.ActiveProfilesUtils - Could not find an 'annotation declaring class' for annotation type [org.springframework.test.context.ActiveProfiles] and class [pt.ulisboa.tecnico.socialsoftware.tutor.user.domain.CreateUserTest]
00:26:24.925 [main] INFO org.springframework.boot.test.context.SpringBootTestContextBootstrapper - Found @SpringBootConfiguration pt.ulisboa.tecnico.socialsoftware.tutor.TutorTestApplication for test class pt.ulisboa.tecnico.socialsoftware.tutor.user.domain.CreateUserTest
00:26:24.926 [main] DEBUG org.springframework.boot.test.autoconfigure.orm.jpa.DataJpaTestContextBootstrapper - @TestExecutionListeners is not present for class [pt.ulisboa.tecnico.socialsoftware.tutor.user.domain.CreateUserTest]: using defaults.
00:26:24.926 [main] INFO org.springframework.boot.test.autoconfigure.orm.jpa.DataJpaTestContextBootstrapper - Loaded default TestExecutionListener class names from location [META-INF/spring.factories]: [org.springframework.boot.test.mock.mockito.MockitoTestExecutionListener, org.springframework.boot.test.mock.mockito.ResetMocksTestExecutionListener, org.springframework.boot.test.autoconfigure.restdocs.RestDocsTestExecutionListener, org.springframework.boot.test.autoconfigure.web.client.MockRestServiceServerResetTestExecutionListener, org.springframework.boot.test.autoconfigure.web.servlet.MockMvcPrintOnlyOnFailureTestExecutionListener, org.springframework.boot.test.autoconfigure.web.servlet.WebDriverTestExecutionListener, org.springframework.boot.test.autoconfigure.webservices.client.MockWebServiceServerTestExecutionListener, org.springframework.test.context.web.ServletTestExecutionListener, org.springframework.test.context.support.DirtiesContextBeforeModesTestExecutionListener, org.springframework.test.context.event.ApplicationEventsTestExecutionListener, org.springframework.test.context.support.DependencyInjectionTestExecutionListener, org.springframework.test.context.support.DirtiesContextTestExecutionListener, org.springframework.test.context.transaction.TransactionalTestExecutionListener, org.springframework.test.context.jdbc.SqlScriptsTestExecutionListener, org.springframework.test.context.event.EventPublishingTestExecutionListener, org.springframework.security.test.context.support.WithSecurityContextTestExecutionListener, org.springframework.security.test.context.support.ReactorContextTestExecutionListener, org.spockframework.spring.SpringMockTestExecutionListener]
00:26:24.927 [main] INFO org.springframework.boot.test.autoconfigure.orm.jpa.DataJpaTestContextBootstrapper - Using TestExecutionListeners: [org.springframework.test.context.web.ServletTestExecutionListener@938e54a, org.springframework.test.context.support.DirtiesContextBeforeModesTestExecutionListener@220d7eb7, org.springframework.test.context.event.ApplicationEventsTestExecutionListener@a165c11, org.springframework.boot.test.mock.mockito.MockitoTestExecutionListener@1eda12b3, org.springframework.boot.test.autoconfigure.SpringBootDependencyInjectionTestExecutionListener@5006a697, org.springframework.test.context.support.DirtiesContextTestExecutionListener@193792e6, org.springframework.test.context.transaction.TransactionalTestExecutionListener@21f9a305, org.springframework.test.context.jdbc.SqlScriptsTestExecutionListener@6ff87203, org.springframework.test.context.event.EventPublishingTestExecutionListener@aaf4375, org.springframework.security.test.context.support.WithSecurityContextTestExecutionListener@2f2a5064, org.springframework.security.test.context.support.ReactorContextTestExecutionListener@43a72f0f, org.springframework.boot.test.mock.mockito.ResetMocksTestExecutionListener@6fe33512, org.springframework.boot.test.autoconfigure.restdocs.RestDocsTestExecutionListener@1fa77770, org.springframework.boot.test.autoconfigure.web.client.MockRestServiceServerResetTestExecutionListener@62f3ad90, org.springframework.boot.test.autoconfigure.web.servlet.MockMvcPrintOnlyOnFailureTestExecutionListener@18d63996, org.springframework.boot.test.autoconfigure.web.servlet.WebDriverTestExecutionListener@6e6bd43b, org.springframework.boot.test.autoconfigure.webservices.client.MockWebServiceServerTestExecutionListener@4a532271, org.spockframework.spring.SpringMockTestExecutionListener@35b38986]
00:26:24.937 [main] DEBUG org.springframework.test.annotation.ProfileValueUtils - Retrieved @ProfileValueSourceConfiguration [null] for test class [pt.ulisboa.tecnico.socialsoftware.tutor.user.domain.FilterQuestionsByStudentModelTest]
00:26:24.937 [main] DEBUG org.springframework.test.annotation.ProfileValueUtils - Retrieved ProfileValueSource type [class org.springframework.test.annotation.SystemProfileValueSource] for class [pt.ulisboa.tecnico.socialsoftware.tutor.user.domain.FilterQuestionsByStudentModelTest]
00:26:24.937 [main] DEBUG org.springframework.test.annotation.ProfileValueUtils - Retrieved @ProfileValueSourceConfiguration [null] for test class [pt.ulisboa.tecnico.socialsoftware.tutor.user.domain.FilterQuestionsByStudentModelTest]
00:26:24.937 [main] DEBUG org.springframework.test.annotation.ProfileValueUtils - Retrieved ProfileValueSource type [class org.springframework.test.annotation.SystemProfileValueSource] for class [pt.ulisboa.tecnico.socialsoftware.tutor.user.domain.FilterQuestionsByStudentModelTest]
00:26:24.937 [main] DEBUG org.springframework.test.annotation.ProfileValueUtils - Retrieved @ProfileValueSourceConfiguration [null] for test class [pt.ulisboa.tecnico.socialsoftware.tutor.user.domain.FilterQuestionsByStudentModelTest]
00:26:24.937 [main] DEBUG org.springframework.test.annotation.ProfileValueUtils - Retrieved ProfileValueSource type [class org.springframework.test.annotation.SystemProfileValueSource] for class [pt.ulisboa.tecnico.socialsoftware.tutor.user.domain.FilterQuestionsByStudentModelTest]
00:26:24.938 [main] DEBUG org.springframework.test.annotation.ProfileValueUtils - Retrieved @ProfileValueSourceConfiguration [null] for test class [pt.ulisboa.tecnico.socialsoftware.tutor.user.domain.FilterQuestionsByStudentModelTest]
00:26:24.938 [main] DEBUG org.springframework.test.annotation.ProfileValueUtils - Retrieved ProfileValueSource type [class org.springframework.test.annotation.SystemProfileValueSource] for class [pt.ulisboa.tecnico.socialsoftware.tutor.user.domain.FilterQuestionsByStudentModelTest]
00:26:24.938 [main] DEBUG org.springframework.test.annotation.ProfileValueUtils - Retrieved @ProfileValueSourceConfiguration [null] for test class [pt.ulisboa.tecnico.socialsoftware.tutor.user.domain.FilterQuestionsByStudentModelTest]
00:26:24.938 [main] DEBUG org.springframework.test.annotation.ProfileValueUtils - Retrieved ProfileValueSource type [class org.springframework.test.annotation.SystemProfileValueSource] for class [pt.ulisboa.tecnico.socialsoftware.tutor.user.domain.FilterQuestionsByStudentModelTest]
00:26:24.938 [main] DEBUG org.springframework.test.context.BootstrapUtils - Instantiating CacheAwareContextLoaderDelegate from class [org.springframework.test.context.cache.DefaultCacheAwareContextLoaderDelegate]
00:26:24.938 [main] DEBUG org.springframework.test.context.BootstrapUtils - Instantiating BootstrapContext using constructor [public org.springframework.test.context.support.DefaultBootstrapContext(java.lang.Class,org.springframework.test.context.CacheAwareContextLoaderDelegate)]
00:26:24.938 [main] DEBUG org.springframework.test.context.BootstrapUtils - Instantiating TestContextBootstrapper for test class [pt.ulisboa.tecnico.socialsoftware.tutor.user.domain.FilterQuestionsByStudentModelTest] from class [org.springframework.boot.test.autoconfigure.orm.jpa.DataJpaTestContextBootstrapper]
00:26:24.939 [main] INFO org.springframework.boot.test.autoconfigure.orm.jpa.DataJpaTestContextBootstrapper - Neither @ContextConfiguration nor @ContextHierarchy found for test class [pt.ulisboa.tecnico.socialsoftware.tutor.user.domain.FilterQuestionsByStudentModelTest], using SpringBootContextLoader
00:26:24.940 [main] DEBUG org.springframework.test.context.support.AbstractContextLoader - Did not detect default resource location for test class [pt.ulisboa.tecnico.socialsoftware.tutor.user.domain.FilterQuestionsByStudentModelTest]: class path resource [pt/ulisboa/tecnico/socialsoftware/tutor/user/domain/FilterQuestionsByStudentModelTest-context.xml] does not exist
00:26:24.941 [main] DEBUG org.springframework.test.context.support.AbstractContextLoader - Did not detect default resource location for test class [pt.ulisboa.tecnico.socialsoftware.tutor.user.domain.FilterQuestionsByStudentModelTest]: class path resource [pt/ulisboa/tecnico/socialsoftware/tutor/user/domain/FilterQuestionsByStudentModelTestContext.groovy] does not exist
00:26:24.941 [main] INFO org.springframework.test.context.support.AbstractContextLoader - Could not detect default resource locations for test class [pt.ulisboa.tecnico.socialsoftware.tutor.user.domain.FilterQuestionsByStudentModelTest]: no resource found for suffixes {-context.xml, Context.groovy}.
00:26:24.948 [main] DEBUG org.springframework.test.context.support.ActiveProfilesUtils - Could not find an 'annotation declaring class' for annotation type [org.springframework.test.context.ActiveProfiles] and class [pt.ulisboa.tecnico.socialsoftware.tutor.user.domain.FilterQuestionsByStudentModelTest]
00:26:24.949 [main] INFO org.springframework.boot.test.context.SpringBootTestContextBootstrapper - Found @SpringBootConfiguration pt.ulisboa.tecnico.socialsoftware.tutor.TutorTestApplication for test class pt.ulisboa.tecnico.socialsoftware.tutor.user.domain.FilterQuestionsByStudentModelTest
00:26:24.950 [main] DEBUG org.springframework.boot.test.autoconfigure.orm.jpa.DataJpaTestContextBootstrapper - @TestExecutionListeners is not present for class [pt.ulisboa.tecnico.socialsoftware.tutor.user.domain.FilterQuestionsByStudentModelTest]: using defaults.
00:26:24.950 [main] INFO org.springframework.boot.test.autoconfigure.orm.jpa.DataJpaTestContextBootstrapper - Loaded default TestExecutionListener class names from location [META-INF/spring.factories]: [org.springframework.boot.test.mock.mockito.MockitoTestExecutionListener, org.springframework.boot.test.mock.mockito.ResetMocksTestExecutionListener, org.springframework.boot.test.autoconfigure.restdocs.RestDocsTestExecutionListener, org.springframework.boot.test.autoconfigure.web.client.MockRestServiceServerResetTestExecutionListener, org.springframework.boot.test.autoconfigure.web.servlet.MockMvcPrintOnlyOnFailureTestExecutionListener, org.springframework.boot.test.autoconfigure.web.servlet.WebDriverTestExecutionListener, org.springframework.boot.test.autoconfigure.webservices.client.MockWebServiceServerTestExecutionListener, org.springframework.test.context.web.ServletTestExecutionListener, org.springframework.test.context.support.DirtiesContextBeforeModesTestExecutionListener, org.springframework.test.context.event.ApplicationEventsTestExecutionListener, org.springframework.test.context.support.DependencyInjectionTestExecutionListener, org.springframework.test.context.support.DirtiesContextTestExecutionListener, org.springframework.test.context.transaction.TransactionalTestExecutionListener, org.springframework.test.context.jdbc.SqlScriptsTestExecutionListener, org.springframework.test.context.event.EventPublishingTestExecutionListener, org.springframework.security.test.context.support.WithSecurityContextTestExecutionListener, org.springframework.security.test.context.support.ReactorContextTestExecutionListener, org.spockframework.spring.SpringMockTestExecutionListener]
00:26:24.953 [main] INFO org.springframework.boot.test.autoconfigure.orm.jpa.DataJpaTestContextBootstrapper - Using TestExecutionListeners: [org.springframework.test.context.web.ServletTestExecutionListener@8bd9d08, org.springframework.test.context.support.DirtiesContextBeforeModesTestExecutionListener@189f3ccd, org.springframework.test.context.event.ApplicationEventsTestExecutionListener@2eb0932c, org.springframework.boot.test.mock.mockito.MockitoTestExecutionListener@82382d1, org.springframework.boot.test.autoconfigure.SpringBootDependencyInjectionTestExecutionListener@6c120b00, org.springframework.test.context.support.DirtiesContextTestExecutionListener@d8a2b1b, org.springframework.test.context.transaction.TransactionalTestExecutionListener@2709e075, org.springframework.test.context.jdbc.SqlScriptsTestExecutionListener@3328db4f, org.springframework.test.context.event.EventPublishingTestExecutionListener@4f9e9c21, org.springframework.security.test.context.support.WithSecurityContextTestExecutionListener@1390a43a, org.springframework.security.test.context.support.ReactorContextTestExecutionListener@7bf2e475, org.springframework.boot.test.mock.mockito.ResetMocksTestExecutionListener@e75bae7, org.springframework.boot.test.autoconfigure.restdocs.RestDocsTestExecutionListener@3531509c, org.springframework.boot.test.autoconfigure.web.client.MockRestServiceServerResetTestExecutionListener@23169374, org.springframework.boot.test.autoconfigure.web.servlet.MockMvcPrintOnlyOnFailureTestExecutionListener@4f2b1a2f, org.springframework.boot.test.autoconfigure.web.servlet.WebDriverTestExecutionListener@6c2a33af, org.springframework.boot.test.autoconfigure.webservices.client.MockWebServiceServerTestExecutionListener@53202b06, org.spockframework.spring.SpringMockTestExecutionListener@44ba9f25]
00:26:24.963 [main] DEBUG org.springframework.test.annotation.ProfileValueUtils - Retrieved @ProfileValueSourceConfiguration [null] for test class [pt.ulisboa.tecnico.socialsoftware.tutor.user.domain.GetAuthoritiesTest]
00:26:24.963 [main] DEBUG org.springframework.test.annotation.ProfileValueUtils - Retrieved ProfileValueSource type [class org.springframework.test.annotation.SystemProfileValueSource] for class [pt.ulisboa.tecnico.socialsoftware.tutor.user.domain.GetAuthoritiesTest]
00:26:24.963 [main] DEBUG org.springframework.test.annotation.ProfileValueUtils - Retrieved @ProfileValueSourceConfiguration [null] for test class [pt.ulisboa.tecnico.socialsoftware.tutor.user.domain.GetAuthoritiesTest]
00:26:24.964 [main] DEBUG org.springframework.test.annotation.ProfileValueUtils - Retrieved ProfileValueSource type [class org.springframework.test.annotation.SystemProfileValueSource] for class [pt.ulisboa.tecnico.socialsoftware.tutor.user.domain.GetAuthoritiesTest]
00:26:24.964 [main] DEBUG org.springframework.test.context.BootstrapUtils - Instantiating CacheAwareContextLoaderDelegate from class [org.springframework.test.context.cache.DefaultCacheAwareContextLoaderDelegate]
00:26:24.964 [main] DEBUG org.springframework.test.context.BootstrapUtils - Instantiating BootstrapContext using constructor [public org.springframework.test.context.support.DefaultBootstrapContext(java.lang.Class,org.springframework.test.context.CacheAwareContextLoaderDelegate)]
00:26:24.964 [main] DEBUG org.springframework.test.context.BootstrapUtils - Instantiating TestContextBootstrapper for test class [pt.ulisboa.tecnico.socialsoftware.tutor.user.domain.GetAuthoritiesTest] from class [org.springframework.boot.test.autoconfigure.orm.jpa.DataJpaTestContextBootstrapper]
00:26:24.964 [main] INFO org.springframework.boot.test.autoconfigure.orm.jpa.DataJpaTestContextBootstrapper - Neither @ContextConfiguration nor @ContextHierarchy found for test class [pt.ulisboa.tecnico.socialsoftware.tutor.user.domain.GetAuthoritiesTest], using SpringBootContextLoader
00:26:24.965 [main] DEBUG org.springframework.test.context.support.AbstractContextLoader - Did not detect default resource location for test class [pt.ulisboa.tecnico.socialsoftware.tutor.user.domain.GetAuthoritiesTest]: class path resource [pt/ulisboa/tecnico/socialsoftware/tutor/user/domain/GetAuthoritiesTest-context.xml] does not exist
00:26:24.966 [main] DEBUG org.springframework.test.context.support.AbstractContextLoader - Did not detect default resource location for test class [pt.ulisboa.tecnico.socialsoftware.tutor.user.domain.GetAuthoritiesTest]: class path resource [pt/ulisboa/tecnico/socialsoftware/tutor/user/domain/GetAuthoritiesTestContext.groovy] does not exist
00:26:24.966 [main] INFO org.springframework.test.context.support.AbstractContextLoader - Could not detect default resource locations for test class [pt.ulisboa.tecnico.socialsoftware.tutor.user.domain.GetAuthoritiesTest]: no resource found for suffixes {-context.xml, Context.groovy}.
00:26:24.970 [main] DEBUG org.springframework.test.context.support.ActiveProfilesUtils - Could not find an 'annotation declaring class' for annotation type [org.springframework.test.context.ActiveProfiles] and class [pt.ulisboa.tecnico.socialsoftware.tutor.user.domain.GetAuthoritiesTest]
00:26:24.971 [main] INFO org.springframework.boot.test.context.SpringBootTestContextBootstrapper - Found @SpringBootConfiguration pt.ulisboa.tecnico.socialsoftware.tutor.TutorTestApplication for test class pt.ulisboa.tecnico.socialsoftware.tutor.user.domain.GetAuthoritiesTest
00:26:24.972 [main] DEBUG org.springframework.boot.test.autoconfigure.orm.jpa.DataJpaTestContextBootstrapper - @TestExecutionListeners is not present for class [pt.ulisboa.tecnico.socialsoftware.tutor.user.domain.GetAuthoritiesTest]: using defaults.
00:26:24.972 [main] INFO org.springframework.boot.test.autoconfigure.orm.jpa.DataJpaTestContextBootstrapper - Loaded default TestExecutionListener class names from location [META-INF/spring.factories]: [org.springframework.boot.test.mock.mockito.MockitoTestExecutionListener, org.springframework.boot.test.mock.mockito.ResetMocksTestExecutionListener, org.springframework.boot.test.autoconfigure.restdocs.RestDocsTestExecutionListener, org.springframework.boot.test.autoconfigure.web.client.MockRestServiceServerResetTestExecutionListener, org.springframework.boot.test.autoconfigure.web.servlet.MockMvcPrintOnlyOnFailureTestExecutionListener, org.springframework.boot.test.autoconfigure.web.servlet.WebDriverTestExecutionListener, org.springframework.boot.test.autoconfigure.webservices.client.MockWebServiceServerTestExecutionListener, org.springframework.test.context.web.ServletTestExecutionListener, org.springframework.test.context.support.DirtiesContextBeforeModesTestExecutionListener, org.springframework.test.context.event.ApplicationEventsTestExecutionListener, org.springframework.test.context.support.DependencyInjectionTestExecutionListener, org.springframework.test.context.support.DirtiesContextTestExecutionListener, org.springframework.test.context.transaction.TransactionalTestExecutionListener, org.springframework.test.context.jdbc.SqlScriptsTestExecutionListener, org.springframework.test.context.event.EventPublishingTestExecutionListener, org.springframework.security.test.context.support.WithSecurityContextTestExecutionListener, org.springframework.security.test.context.support.ReactorContextTestExecutionListener, org.spockframework.spring.SpringMockTestExecutionListener]
00:26:24.974 [main] INFO org.springframework.boot.test.autoconfigure.orm.jpa.DataJpaTestContextBootstrapper - Using TestExecutionListeners: [org.springframework.test.context.web.ServletTestExecutionListener@3b171fbd, org.springframework.test.context.support.DirtiesContextBeforeModesTestExecutionListener@1ece052b, org.springframework.test.context.event.ApplicationEventsTestExecutionListener@20dc763b, org.springframework.boot.test.mock.mockito.MockitoTestExecutionListener@4c81e7c2, org.springframework.boot.test.autoconfigure.SpringBootDependencyInjectionTestExecutionListener@4fe8e318, org.springframework.test.context.support.DirtiesContextTestExecutionListener@21e15093, org.springframework.test.context.transaction.TransactionalTestExecutionListener@62cf873a, org.springframework.test.context.jdbc.SqlScriptsTestExecutionListener@21b3d356, org.springframework.test.context.event.EventPublishingTestExecutionListener@294b045b, org.springframework.security.test.context.support.WithSecurityContextTestExecutionListener@285ac29, org.springframework.security.test.context.support.ReactorContextTestExecutionListener@1ced1d14, org.springframework.boot.test.mock.mockito.ResetMocksTestExecutionListener@237b54bc, org.springframework.boot.test.autoconfigure.restdocs.RestDocsTestExecutionListener@5263f554, org.springframework.boot.test.autoconfigure.web.client.MockRestServiceServerResetTestExecutionListener@7d28efd5, org.springframework.boot.test.autoconfigure.web.servlet.MockMvcPrintOnlyOnFailureTestExecutionListener@95958d9, org.springframework.boot.test.autoconfigure.web.servlet.WebDriverTestExecutionListener@70fe33fa, org.springframework.boot.test.autoconfigure.webservices.client.MockWebServiceServerTestExecutionListener@3dfaa1e4, org.spockframework.spring.SpringMockTestExecutionListener@796a7c9]
00:26:24.987 [main] DEBUG org.springframework.test.annotation.ProfileValueUtils - Retrieved @ProfileValueSourceConfiguration [null] for test class [pt.ulisboa.tecnico.socialsoftware.tutor.user.domain.GetNumberOfAnswersTest]
00:26:24.987 [main] DEBUG org.springframework.test.annotation.ProfileValueUtils - Retrieved ProfileValueSource type [class org.springframework.test.annotation.SystemProfileValueSource] for class [pt.ulisboa.tecnico.socialsoftware.tutor.user.domain.GetNumberOfAnswersTest]
00:26:24.988 [main] DEBUG org.springframework.test.annotation.ProfileValueUtils - Retrieved @ProfileValueSourceConfiguration [null] for test class [pt.ulisboa.tecnico.socialsoftware.tutor.user.domain.GetNumberOfAnswersTest]
00:26:24.988 [main] DEBUG org.springframework.test.annotation.ProfileValueUtils - Retrieved ProfileValueSource type [class org.springframework.test.annotation.SystemProfileValueSource] for class [pt.ulisboa.tecnico.socialsoftware.tutor.user.domain.GetNumberOfAnswersTest]
00:26:24.988 [main] DEBUG org.springframework.test.context.BootstrapUtils - Instantiating CacheAwareContextLoaderDelegate from class [org.springframework.test.context.cache.DefaultCacheAwareContextLoaderDelegate]
00:26:24.988 [main] DEBUG org.springframework.test.context.BootstrapUtils - Instantiating BootstrapContext using constructor [public org.springframework.test.context.support.DefaultBootstrapContext(java.lang.Class,org.springframework.test.context.CacheAwareContextLoaderDelegate)]
00:26:24.988 [main] DEBUG org.springframework.test.context.BootstrapUtils - Instantiating TestContextBootstrapper for test class [pt.ulisboa.tecnico.socialsoftware.tutor.user.domain.GetNumberOfAnswersTest] from class [org.springframework.boot.test.autoconfigure.orm.jpa.DataJpaTestContextBootstrapper]
00:26:24.988 [main] INFO org.springframework.boot.test.autoconfigure.orm.jpa.DataJpaTestContextBootstrapper - Neither @ContextConfiguration nor @ContextHierarchy found for test class [pt.ulisboa.tecnico.socialsoftware.tutor.user.domain.GetNumberOfAnswersTest], using SpringBootContextLoader
00:26:24.990 [main] DEBUG org.springframework.test.context.support.AbstractContextLoader - Did not detect default resource location for test class [pt.ulisboa.tecnico.socialsoftware.tutor.user.domain.GetNumberOfAnswersTest]: class path resource [pt/ulisboa/tecnico/socialsoftware/tutor/user/domain/GetNumberOfAnswersTest-context.xml] does not exist
00:26:24.991 [main] DEBUG org.springframework.test.context.support.AbstractContextLoader - Did not detect default resource location for test class [pt.ulisboa.tecnico.socialsoftware.tutor.user.domain.GetNumberOfAnswersTest]: class path resource [pt/ulisboa/tecnico/socialsoftware/tutor/user/domain/GetNumberOfAnswersTestContext.groovy] does not exist
00:26:24.991 [main] INFO org.springframework.test.context.support.AbstractContextLoader - Could not detect default resource locations for test class [pt.ulisboa.tecnico.socialsoftware.tutor.user.domain.GetNumberOfAnswersTest]: no resource found for suffixes {-context.xml, Context.groovy}.
00:26:24.994 [main] DEBUG org.springframework.test.context.support.ActiveProfilesUtils - Could not find an 'annotation declaring class' for annotation type [org.springframework.test.context.ActiveProfiles] and class [pt.ulisboa.tecnico.socialsoftware.tutor.user.domain.GetNumberOfAnswersTest]
00:26:24.995 [main] INFO org.springframework.boot.test.context.SpringBootTestContextBootstrapper - Found @SpringBootConfiguration pt.ulisboa.tecnico.socialsoftware.tutor.TutorTestApplication for test class pt.ulisboa.tecnico.socialsoftware.tutor.user.domain.GetNumberOfAnswersTest
00:26:24.996 [main] DEBUG org.springframework.boot.test.autoconfigure.orm.jpa.DataJpaTestContextBootstrapper - @TestExecutionListeners is not present for class [pt.ulisboa.tecnico.socialsoftware.tutor.user.domain.GetNumberOfAnswersTest]: using defaults.
00:26:24.996 [main] INFO org.springframework.boot.test.autoconfigure.orm.jpa.DataJpaTestContextBootstrapper - Loaded default TestExecutionListener class names from location [META-INF/spring.factories]: [org.springframework.boot.test.mock.mockito.MockitoTestExecutionListener, org.springframework.boot.test.mock.mockito.ResetMocksTestExecutionListener, org.springframework.boot.test.autoconfigure.restdocs.RestDocsTestExecutionListener, org.springframework.boot.test.autoconfigure.web.client.MockRestServiceServerResetTestExecutionListener, org.springframework.boot.test.autoconfigure.web.servlet.MockMvcPrintOnlyOnFailureTestExecutionListener, org.springframework.boot.test.autoconfigure.web.servlet.WebDriverTestExecutionListener, org.springframework.boot.test.autoconfigure.webservices.client.MockWebServiceServerTestExecutionListener, org.springframework.test.context.web.ServletTestExecutionListener, org.springframework.test.context.support.DirtiesContextBeforeModesTestExecutionListener, org.springframework.test.context.event.ApplicationEventsTestExecutionListener, org.springframework.test.context.support.DependencyInjectionTestExecutionListener, org.springframework.test.context.support.DirtiesContextTestExecutionListener, org.springframework.test.context.transaction.TransactionalTestExecutionListener, org.springframework.test.context.jdbc.SqlScriptsTestExecutionListener, org.springframework.test.context.event.EventPublishingTestExecutionListener, org.springframework.security.test.context.support.WithSecurityContextTestExecutionListener, org.springframework.security.test.context.support.ReactorContextTestExecutionListener, org.spockframework.spring.SpringMockTestExecutionListener]
00:26:24.998 [main] INFO org.springframework.boot.test.autoconfigure.orm.jpa.DataJpaTestContextBootstrapper - Using TestExecutionListeners: [org.springframework.test.context.web.ServletTestExecutionListener@2cdcedef, org.springframework.test.context.support.DirtiesContextBeforeModesTestExecutionListener@43778d6d, org.springframework.test.context.event.ApplicationEventsTestExecutionListener@44ac94c2, org.springframework.boot.test.mock.mockito.MockitoTestExecutionListener@19b33b0d, org.springframework.boot.test.autoconfigure.SpringBootDependencyInjectionTestExecutionListener@524b1e41, org.springframework.test.context.support.DirtiesContextTestExecutionListener@2da8ed80, org.springframework.test.context.transaction.TransactionalTestExecutionListener@d827673, org.springframework.test.context.jdbc.SqlScriptsTestExecutionListener@d695f9d, org.springframework.test.context.event.EventPublishingTestExecutionListener@7daf167, org.springframework.security.test.context.support.WithSecurityContextTestExecutionListener@6df4d8f1, org.springframework.security.test.context.support.ReactorContextTestExecutionListener@735b1ad2, org.springframework.boot.test.mock.mockito.ResetMocksTestExecutionListener@34893693, org.springframework.boot.test.autoconfigure.restdocs.RestDocsTestExecutionListener@6408a8ac, org.springframework.boot.test.autoconfigure.web.client.MockRestServiceServerResetTestExecutionListener@2f70d78c, org.springframework.boot.test.autoconfigure.web.servlet.MockMvcPrintOnlyOnFailureTestExecutionListener@456c53a, org.springframework.boot.test.autoconfigure.web.servlet.WebDriverTestExecutionListener@7916568d, org.springframework.boot.test.autoconfigure.webservices.client.MockWebServiceServerTestExecutionListener@58fadccb, org.spockframework.spring.SpringMockTestExecutionListener@711fbcef]
00:26:25.007 [main] DEBUG org.springframework.test.annotation.ProfileValueUtils - Retrieved @ProfileValueSourceConfiguration [null] for test class [pt.ulisboa.tecnico.socialsoftware.tutor.user.domain.GetNumberOfCorrectAnswersTest]
00:26:25.007 [main] DEBUG org.springframework.test.annotation.ProfileValueUtils - Retrieved ProfileValueSource type [class org.springframework.test.annotation.SystemProfileValueSource] for class [pt.ulisboa.tecnico.socialsoftware.tutor.user.domain.GetNumberOfCorrectAnswersTest]
00:26:25.007 [main] DEBUG org.springframework.test.annotation.ProfileValueUtils - Retrieved @ProfileValueSourceConfiguration [null] for test class [pt.ulisboa.tecnico.socialsoftware.tutor.user.domain.GetNumberOfCorrectAnswersTest]
00:26:25.007 [main] DEBUG org.springframework.test.annotation.ProfileValueUtils - Retrieved ProfileValueSource type [class org.springframework.test.annotation.SystemProfileValueSource] for class [pt.ulisboa.tecnico.socialsoftware.tutor.user.domain.GetNumberOfCorrectAnswersTest]
00:26:25.007 [main] DEBUG org.springframework.test.context.BootstrapUtils - Instantiating CacheAwareContextLoaderDelegate from class [org.springframework.test.context.cache.DefaultCacheAwareContextLoaderDelegate]
00:26:25.007 [main] DEBUG org.springframework.test.context.BootstrapUtils - Instantiating BootstrapContext using constructor [public org.springframework.test.context.support.DefaultBootstrapContext(java.lang.Class,org.springframework.test.context.CacheAwareContextLoaderDelegate)]
00:26:25.008 [main] DEBUG org.springframework.test.context.BootstrapUtils - Instantiating TestContextBootstrapper for test class [pt.ulisboa.tecnico.socialsoftware.tutor.user.domain.GetNumberOfCorrectAnswersTest] from class [org.springframework.boot.test.autoconfigure.orm.jpa.DataJpaTestContextBootstrapper]
00:26:25.008 [main] INFO org.springframework.boot.test.autoconfigure.orm.jpa.DataJpaTestContextBootstrapper - Neither @ContextConfiguration nor @ContextHierarchy found for test class [pt.ulisboa.tecnico.socialsoftware.tutor.user.domain.GetNumberOfCorrectAnswersTest], using SpringBootContextLoader
00:26:25.009 [main] DEBUG org.springframework.test.context.support.AbstractContextLoader - Did not detect default resource location for test class [pt.ulisboa.tecnico.socialsoftware.tutor.user.domain.GetNumberOfCorrectAnswersTest]: class path resource [pt/ulisboa/tecnico/socialsoftware/tutor/user/domain/GetNumberOfCorrectAnswersTest-context.xml] does not exist
00:26:25.010 [main] DEBUG org.springframework.test.context.support.AbstractContextLoader - Did not detect default resource location for test class [pt.ulisboa.tecnico.socialsoftware.tutor.user.domain.GetNumberOfCorrectAnswersTest]: class path resource [pt/ulisboa/tecnico/socialsoftware/tutor/user/domain/GetNumberOfCorrectAnswersTestContext.groovy] does not exist
00:26:25.010 [main] INFO org.springframework.test.context.support.AbstractContextLoader - Could not detect default resource locations for test class [pt.ulisboa.tecnico.socialsoftware.tutor.user.domain.GetNumberOfCorrectAnswersTest]: no resource found for suffixes {-context.xml, Context.groovy}.
00:26:25.014 [main] DEBUG org.springframework.test.context.support.ActiveProfilesUtils - Could not find an 'annotation declaring class' for annotation type [org.springframework.test.context.ActiveProfiles] and class [pt.ulisboa.tecnico.socialsoftware.tutor.user.domain.GetNumberOfCorrectAnswersTest]
00:26:25.015 [main] INFO org.springframework.boot.test.context.SpringBootTestContextBootstrapper - Found @SpringBootConfiguration pt.ulisboa.tecnico.socialsoftware.tutor.TutorTestApplication for test class pt.ulisboa.tecnico.socialsoftware.tutor.user.domain.GetNumberOfCorrectAnswersTest
00:26:25.015 [main] DEBUG org.springframework.boot.test.autoconfigure.orm.jpa.DataJpaTestContextBootstrapper - @TestExecutionListeners is not present for class [pt.ulisboa.tecnico.socialsoftware.tutor.user.domain.GetNumberOfCorrectAnswersTest]: using defaults.
00:26:25.016 [main] INFO org.springframework.boot.test.autoconfigure.orm.jpa.DataJpaTestContextBootstrapper - Loaded default TestExecutionListener class names from location [META-INF/spring.factories]: [org.springframework.boot.test.mock.mockito.MockitoTestExecutionListener, org.springframework.boot.test.mock.mockito.ResetMocksTestExecutionListener, org.springframework.boot.test.autoconfigure.restdocs.RestDocsTestExecutionListener, org.springframework.boot.test.autoconfigure.web.client.MockRestServiceServerResetTestExecutionListener, org.springframework.boot.test.autoconfigure.web.servlet.MockMvcPrintOnlyOnFailureTestExecutionListener, org.springframework.boot.test.autoconfigure.web.servlet.WebDriverTestExecutionListener, org.springframework.boot.test.autoconfigure.webservices.client.MockWebServiceServerTestExecutionListener, org.springframework.test.context.web.ServletTestExecutionListener, org.springframework.test.context.support.DirtiesContextBeforeModesTestExecutionListener, org.springframework.test.context.event.ApplicationEventsTestExecutionListener, org.springframework.test.context.support.DependencyInjectionTestExecutionListener, org.springframework.test.context.support.DirtiesContextTestExecutionListener, org.springframework.test.context.transaction.TransactionalTestExecutionListener, org.springframework.test.context.jdbc.SqlScriptsTestExecutionListener, org.springframework.test.context.event.EventPublishingTestExecutionListener, org.springframework.security.test.context.support.WithSecurityContextTestExecutionListener, org.springframework.security.test.context.support.ReactorContextTestExecutionListener, org.spockframework.spring.SpringMockTestExecutionListener]
00:26:25.017 [main] INFO org.springframework.boot.test.autoconfigure.orm.jpa.DataJpaTestContextBootstrapper - Using TestExecutionListeners: [org.springframework.test.context.web.ServletTestExecutionListener@d408c5d, org.springframework.test.context.support.DirtiesContextBeforeModesTestExecutionListener@74ed1d35, org.springframework.test.context.event.ApplicationEventsTestExecutionListener@7acf07b2, org.springframework.boot.test.mock.mockito.MockitoTestExecutionListener@5d50e7f6, org.springframework.boot.test.autoconfigure.SpringBootDependencyInjectionTestExecutionListener@54fbaa65, org.springframework.test.context.support.DirtiesContextTestExecutionListener@48e3017a, org.springframework.test.context.transaction.TransactionalTestExecutionListener@4a937d43, org.springframework.test.context.jdbc.SqlScriptsTestExecutionListener@10264cb0, org.springframework.test.context.event.EventPublishingTestExecutionListener@19877453, org.springframework.security.test.context.support.WithSecurityContextTestExecutionListener@49bf5ec8, org.springframework.security.test.context.support.ReactorContextTestExecutionListener@18174bd9, org.springframework.boot.test.mock.mockito.ResetMocksTestExecutionListener@3af6d7a7, org.springframework.boot.test.autoconfigure.restdocs.RestDocsTestExecutionListener@18711946, org.springframework.boot.test.autoconfigure.web.client.MockRestServiceServerResetTestExecutionListener@2b8b5d9e, org.springframework.boot.test.autoconfigure.web.servlet.MockMvcPrintOnlyOnFailureTestExecutionListener@9e092b5, org.springframework.boot.test.autoconfigure.web.servlet.WebDriverTestExecutionListener@52737c1, org.springframework.boot.test.autoconfigure.webservices.client.MockWebServiceServerTestExecutionListener@158cb50a, org.spockframework.spring.SpringMockTestExecutionListener@649a6d88]
00:26:25.026 [main] DEBUG org.springframework.test.annotation.ProfileValueUtils - Retrieved @ProfileValueSourceConfiguration [null] for test class [pt.ulisboa.tecnico.socialsoftware.tutor.user.domain.GetNumberOfQuizzesTest]
00:26:25.026 [main] DEBUG org.springframework.test.annotation.ProfileValueUtils - Retrieved ProfileValueSource type [class org.springframework.test.annotation.SystemProfileValueSource] for class [pt.ulisboa.tecnico.socialsoftware.tutor.user.domain.GetNumberOfQuizzesTest]
00:26:25.026 [main] DEBUG org.springframework.test.annotation.ProfileValueUtils - Retrieved @ProfileValueSourceConfiguration [null] for test class [pt.ulisboa.tecnico.socialsoftware.tutor.user.domain.GetNumberOfQuizzesTest]
00:26:25.026 [main] DEBUG org.springframework.test.annotation.ProfileValueUtils - Retrieved ProfileValueSource type [class org.springframework.test.annotation.SystemProfileValueSource] for class [pt.ulisboa.tecnico.socialsoftware.tutor.user.domain.GetNumberOfQuizzesTest]
00:26:25.026 [main] DEBUG org.springframework.test.context.BootstrapUtils - Instantiating CacheAwareContextLoaderDelegate from class [org.springframework.test.context.cache.DefaultCacheAwareContextLoaderDelegate]
00:26:25.026 [main] DEBUG org.springframework.test.context.BootstrapUtils - Instantiating BootstrapContext using constructor [public org.springframework.test.context.support.DefaultBootstrapContext(java.lang.Class,org.springframework.test.context.CacheAwareContextLoaderDelegate)]
00:26:25.027 [main] DEBUG org.springframework.test.context.BootstrapUtils - Instantiating TestContextBootstrapper for test class [pt.ulisboa.tecnico.socialsoftware.tutor.user.domain.GetNumberOfQuizzesTest] from class [org.springframework.boot.test.autoconfigure.orm.jpa.DataJpaTestContextBootstrapper]
00:26:25.027 [main] INFO org.springframework.boot.test.autoconfigure.orm.jpa.DataJpaTestContextBootstrapper - Neither @ContextConfiguration nor @ContextHierarchy found for test class [pt.ulisboa.tecnico.socialsoftware.tutor.user.domain.GetNumberOfQuizzesTest], using SpringBootContextLoader
00:26:25.028 [main] DEBUG org.springframework.test.context.support.AbstractContextLoader - Did not detect default resource location for test class [pt.ulisboa.tecnico.socialsoftware.tutor.user.domain.GetNumberOfQuizzesTest]: class path resource [pt/ulisboa/tecnico/socialsoftware/tutor/user/domain/GetNumberOfQuizzesTest-context.xml] does not exist
00:26:25.029 [main] DEBUG org.springframework.test.context.support.AbstractContextLoader - Did not detect default resource location for test class [pt.ulisboa.tecnico.socialsoftware.tutor.user.domain.GetNumberOfQuizzesTest]: class path resource [pt/ulisboa/tecnico/socialsoftware/tutor/user/domain/GetNumberOfQuizzesTestContext.groovy] does not exist
00:26:25.029 [main] INFO org.springframework.test.context.support.AbstractContextLoader - Could not detect default resource locations for test class [pt.ulisboa.tecnico.socialsoftware.tutor.user.domain.GetNumberOfQuizzesTest]: no resource found for suffixes {-context.xml, Context.groovy}.
00:26:25.034 [main] DEBUG org.springframework.test.context.support.ActiveProfilesUtils - Could not find an 'annotation declaring class' for annotation type [org.springframework.test.context.ActiveProfiles] and class [pt.ulisboa.tecnico.socialsoftware.tutor.user.domain.GetNumberOfQuizzesTest]
00:26:25.034 [main] INFO org.springframework.boot.test.context.SpringBootTestContextBootstrapper - Found @SpringBootConfiguration pt.ulisboa.tecnico.socialsoftware.tutor.TutorTestApplication for test class pt.ulisboa.tecnico.socialsoftware.tutor.user.domain.GetNumberOfQuizzesTest
00:26:25.035 [main] DEBUG org.springframework.boot.test.autoconfigure.orm.jpa.DataJpaTestContextBootstrapper - @TestExecutionListeners is not present for class [pt.ulisboa.tecnico.socialsoftware.tutor.user.domain.GetNumberOfQuizzesTest]: using defaults.
00:26:25.035 [main] INFO org.springframework.boot.test.autoconfigure.orm.jpa.DataJpaTestContextBootstrapper - Loaded default TestExecutionListener class names from location [META-INF/spring.factories]: [org.springframework.boot.test.mock.mockito.MockitoTestExecutionListener, org.springframework.boot.test.mock.mockito.ResetMocksTestExecutionListener, org.springframework.boot.test.autoconfigure.restdocs.RestDocsTestExecutionListener, org.springframework.boot.test.autoconfigure.web.client.MockRestServiceServerResetTestExecutionListener, org.springframework.boot.test.autoconfigure.web.servlet.MockMvcPrintOnlyOnFailureTestExecutionListener, org.springframework.boot.test.autoconfigure.web.servlet.WebDriverTestExecutionListener, org.springframework.boot.test.autoconfigure.webservices.client.MockWebServiceServerTestExecutionListener, org.springframework.test.context.web.ServletTestExecutionListener, org.springframework.test.context.support.DirtiesContextBeforeModesTestExecutionListener, org.springframework.test.context.event.ApplicationEventsTestExecutionListener, org.springframework.test.context.support.DependencyInjectionTestExecutionListener, org.springframework.test.context.support.DirtiesContextTestExecutionListener, org.springframework.test.context.transaction.TransactionalTestExecutionListener, org.springframework.test.context.jdbc.SqlScriptsTestExecutionListener, org.springframework.test.context.event.EventPublishingTestExecutionListener, org.springframework.security.test.context.support.WithSecurityContextTestExecutionListener, org.springframework.security.test.context.support.ReactorContextTestExecutionListener, org.spockframework.spring.SpringMockTestExecutionListener]
00:26:25.037 [main] INFO org.springframework.boot.test.autoconfigure.orm.jpa.DataJpaTestContextBootstrapper - Using TestExecutionListeners: [org.springframework.test.context.web.ServletTestExecutionListener@73db1a6, org.springframework.test.context.support.DirtiesContextBeforeModesTestExecutionListener@12a7515b, org.springframework.test.context.event.ApplicationEventsTestExecutionListener@2c28654e, org.springframework.boot.test.mock.mockito.MockitoTestExecutionListener@2ded31cc, org.springframework.boot.test.autoconfigure.SpringBootDependencyInjectionTestExecutionListener@47b71556, org.springframework.test.context.support.DirtiesContextTestExecutionListener@6fb2b972, org.springframework.test.context.transaction.TransactionalTestExecutionListener@5fa3df, org.springframework.test.context.jdbc.SqlScriptsTestExecutionListener@44f88149, org.springframework.test.context.event.EventPublishingTestExecutionListener@3b1a3125, org.springframework.security.test.context.support.WithSecurityContextTestExecutionListener@4199761d, org.springframework.security.test.context.support.ReactorContextTestExecutionListener@3ca564aa, org.springframework.boot.test.mock.mockito.ResetMocksTestExecutionListener@3cd758be, org.springframework.boot.test.autoconfigure.restdocs.RestDocsTestExecutionListener@562ec518, org.springframework.boot.test.autoconfigure.web.client.MockRestServiceServerResetTestExecutionListener@5c8d685e, org.springframework.boot.test.autoconfigure.web.servlet.MockMvcPrintOnlyOnFailureTestExecutionListener@4b1ad751, org.springframework.boot.test.autoconfigure.web.servlet.WebDriverTestExecutionListener@4d0e6424, org.springframework.boot.test.autoconfigure.webservices.client.MockWebServiceServerTestExecutionListener@6da86e98, org.spockframework.spring.SpringMockTestExecutionListener@5a5024eb]
00:26:25.047 [main] DEBUG org.springframework.test.annotation.ProfileValueUtils - Retrieved @ProfileValueSourceConfiguration [null] for test class [pt.ulisboa.tecnico.socialsoftware.tutor.user.domain.IncreaseNumberOfAnswersTest]
00:26:25.047 [main] DEBUG org.springframework.test.annotation.ProfileValueUtils - Retrieved ProfileValueSource type [class org.springframework.test.annotation.SystemProfileValueSource] for class [pt.ulisboa.tecnico.socialsoftware.tutor.user.domain.IncreaseNumberOfAnswersTest]
00:26:25.047 [main] DEBUG org.springframework.test.annotation.ProfileValueUtils - Retrieved @ProfileValueSourceConfiguration [null] for test class [pt.ulisboa.tecnico.socialsoftware.tutor.user.domain.IncreaseNumberOfAnswersTest]
00:26:25.047 [main] DEBUG org.springframework.test.annotation.ProfileValueUtils - Retrieved ProfileValueSource type [class org.springframework.test.annotation.SystemProfileValueSource] for class [pt.ulisboa.tecnico.socialsoftware.tutor.user.domain.IncreaseNumberOfAnswersTest]
00:26:25.048 [main] DEBUG org.springframework.test.context.BootstrapUtils - Instantiating CacheAwareContextLoaderDelegate from class [org.springframework.test.context.cache.DefaultCacheAwareContextLoaderDelegate]
00:26:25.048 [main] DEBUG org.springframework.test.context.BootstrapUtils - Instantiating BootstrapContext using constructor [public org.springframework.test.context.support.DefaultBootstrapContext(java.lang.Class,org.springframework.test.context.CacheAwareContextLoaderDelegate)]
00:26:25.048 [main] DEBUG org.springframework.test.context.BootstrapUtils - Instantiating TestContextBootstrapper for test class [pt.ulisboa.tecnico.socialsoftware.tutor.user.domain.IncreaseNumberOfAnswersTest] from class [org.springframework.boot.test.autoconfigure.orm.jpa.DataJpaTestContextBootstrapper]
00:26:25.048 [main] INFO org.springframework.boot.test.autoconfigure.orm.jpa.DataJpaTestContextBootstrapper - Neither @ContextConfiguration nor @ContextHierarchy found for test class [pt.ulisboa.tecnico.socialsoftware.tutor.user.domain.IncreaseNumberOfAnswersTest], using SpringBootContextLoader
00:26:25.049 [main] DEBUG org.springframework.test.context.support.AbstractContextLoader - Did not detect default resource location for test class [pt.ulisboa.tecnico.socialsoftware.tutor.user.domain.IncreaseNumberOfAnswersTest]: class path resource [pt/ulisboa/tecnico/socialsoftware/tutor/user/domain/IncreaseNumberOfAnswersTest-context.xml] does not exist
00:26:25.050 [main] DEBUG org.springframework.test.context.support.AbstractContextLoader - Did not detect default resource location for test class [pt.ulisboa.tecnico.socialsoftware.tutor.user.domain.IncreaseNumberOfAnswersTest]: class path resource [pt/ulisboa/tecnico/socialsoftware/tutor/user/domain/IncreaseNumberOfAnswersTestContext.groovy] does not exist
00:26:25.050 [main] INFO org.springframework.test.context.support.AbstractContextLoader - Could not detect default resource locations for test class [pt.ulisboa.tecnico.socialsoftware.tutor.user.domain.IncreaseNumberOfAnswersTest]: no resource found for suffixes {-context.xml, Context.groovy}.
00:26:25.056 [main] DEBUG org.springframework.test.context.support.ActiveProfilesUtils - Could not find an 'annotation declaring class' for annotation type [org.springframework.test.context.ActiveProfiles] and class [pt.ulisboa.tecnico.socialsoftware.tutor.user.domain.IncreaseNumberOfAnswersTest]
00:26:25.057 [main] INFO org.springframework.boot.test.context.SpringBootTestContextBootstrapper - Found @SpringBootConfiguration pt.ulisboa.tecnico.socialsoftware.tutor.TutorTestApplication for test class pt.ulisboa.tecnico.socialsoftware.tutor.user.domain.IncreaseNumberOfAnswersTest
00:26:25.059 [main] DEBUG org.springframework.boot.test.autoconfigure.orm.jpa.DataJpaTestContextBootstrapper - @TestExecutionListeners is not present for class [pt.ulisboa.tecnico.socialsoftware.tutor.user.domain.IncreaseNumberOfAnswersTest]: using defaults.
00:26:25.060 [main] INFO org.springframework.boot.test.autoconfigure.orm.jpa.DataJpaTestContextBootstrapper - Loaded default TestExecutionListener class names from location [META-INF/spring.factories]: [org.springframework.boot.test.mock.mockito.MockitoTestExecutionListener, org.springframework.boot.test.mock.mockito.ResetMocksTestExecutionListener, org.springframework.boot.test.autoconfigure.restdocs.RestDocsTestExecutionListener, org.springframework.boot.test.autoconfigure.web.client.MockRestServiceServerResetTestExecutionListener, org.springframework.boot.test.autoconfigure.web.servlet.MockMvcPrintOnlyOnFailureTestExecutionListener, org.springframework.boot.test.autoconfigure.web.servlet.WebDriverTestExecutionListener, org.springframework.boot.test.autoconfigure.webservices.client.MockWebServiceServerTestExecutionListener, org.springframework.test.context.web.ServletTestExecutionListener, org.springframework.test.context.support.DirtiesContextBeforeModesTestExecutionListener, org.springframework.test.context.event.ApplicationEventsTestExecutionListener, org.springframework.test.context.support.DependencyInjectionTestExecutionListener, org.springframework.test.context.support.DirtiesContextTestExecutionListener, org.springframework.test.context.transaction.TransactionalTestExecutionListener, org.springframework.test.context.jdbc.SqlScriptsTestExecutionListener, org.springframework.test.context.event.EventPublishingTestExecutionListener, org.springframework.security.test.context.support.WithSecurityContextTestExecutionListener, org.springframework.security.test.context.support.ReactorContextTestExecutionListener, org.spockframework.spring.SpringMockTestExecutionListener]
00:26:25.061 [main] INFO org.springframework.boot.test.autoconfigure.orm.jpa.DataJpaTestContextBootstrapper - Using TestExecutionListeners: [org.springframework.test.context.web.ServletTestExecutionListener@2c4e63b3, org.springframework.test.context.support.DirtiesContextBeforeModesTestExecutionListener@2703785e, org.springframework.test.context.event.ApplicationEventsTestExecutionListener@3a7f382, org.springframework.boot.test.mock.mockito.MockitoTestExecutionListener@5a2297d7, org.springframework.boot.test.autoconfigure.SpringBootDependencyInjectionTestExecutionListener@52e34db, org.springframework.test.context.support.DirtiesContextTestExecutionListener@39d37da8, org.springframework.test.context.transaction.TransactionalTestExecutionListener@554a2f3, org.springframework.test.context.jdbc.SqlScriptsTestExecutionListener@4b8601a1, org.springframework.test.context.event.EventPublishingTestExecutionListener@3f7a7ce6, org.springframework.security.test.context.support.WithSecurityContextTestExecutionListener@1de6689c, org.springframework.security.test.context.support.ReactorContextTestExecutionListener@3d8512e9, org.springframework.boot.test.mock.mockito.ResetMocksTestExecutionListener@46f597f1, org.springframework.boot.test.autoconfigure.restdocs.RestDocsTestExecutionListener@2a045e85, org.springframework.boot.test.autoconfigure.web.client.MockRestServiceServerResetTestExecutionListener@48861d1, org.springframework.boot.test.autoconfigure.web.servlet.MockMvcPrintOnlyOnFailureTestExecutionListener@118f39f3, org.springframework.boot.test.autoconfigure.web.servlet.WebDriverTestExecutionListener@7baf7e2c, org.springframework.boot.test.autoconfigure.webservices.client.MockWebServiceServerTestExecutionListener@73d7e7aa, org.spockframework.spring.SpringMockTestExecutionListener@349686e8]
00:26:25.076 [main] DEBUG org.springframework.test.annotation.ProfileValueUtils - Retrieved @ProfileValueSourceConfiguration [null] for test class [pt.ulisboa.tecnico.socialsoftware.tutor.user.domain.IncreaseNumberOfQuizzesTest]
00:26:25.076 [main] DEBUG org.springframework.test.annotation.ProfileValueUtils - Retrieved ProfileValueSource type [class org.springframework.test.annotation.SystemProfileValueSource] for class [pt.ulisboa.tecnico.socialsoftware.tutor.user.domain.IncreaseNumberOfQuizzesTest]
00:26:25.076 [main] DEBUG org.springframework.test.annotation.ProfileValueUtils - Retrieved @ProfileValueSourceConfiguration [null] for test class [pt.ulisboa.tecnico.socialsoftware.tutor.user.domain.IncreaseNumberOfQuizzesTest]
00:26:25.076 [main] DEBUG org.springframework.test.annotation.ProfileValueUtils - Retrieved ProfileValueSource type [class org.springframework.test.annotation.SystemProfileValueSource] for class [pt.ulisboa.tecnico.socialsoftware.tutor.user.domain.IncreaseNumberOfQuizzesTest]
00:26:25.076 [main] DEBUG org.springframework.test.context.BootstrapUtils - Instantiating CacheAwareContextLoaderDelegate from class [org.springframework.test.context.cache.DefaultCacheAwareContextLoaderDelegate]
00:26:25.076 [main] DEBUG org.springframework.test.context.BootstrapUtils - Instantiating BootstrapContext using constructor [public org.springframework.test.context.support.DefaultBootstrapContext(java.lang.Class,org.springframework.test.context.CacheAwareContextLoaderDelegate)]
00:26:25.077 [main] DEBUG org.springframework.test.context.BootstrapUtils - Instantiating TestContextBootstrapper for test class [pt.ulisboa.tecnico.socialsoftware.tutor.user.domain.IncreaseNumberOfQuizzesTest] from class [org.springframework.boot.test.autoconfigure.orm.jpa.DataJpaTestContextBootstrapper]
00:26:25.077 [main] INFO org.springframework.boot.test.autoconfigure.orm.jpa.DataJpaTestContextBootstrapper - Neither @ContextConfiguration nor @ContextHierarchy found for test class [pt.ulisboa.tecnico.socialsoftware.tutor.user.domain.IncreaseNumberOfQuizzesTest], using SpringBootContextLoader
00:26:25.078 [main] DEBUG org.springframework.test.context.support.AbstractContextLoader - Did not detect default resource location for test class [pt.ulisboa.tecnico.socialsoftware.tutor.user.domain.IncreaseNumberOfQuizzesTest]: class path resource [pt/ulisboa/tecnico/socialsoftware/tutor/user/domain/IncreaseNumberOfQuizzesTest-context.xml] does not exist
00:26:25.079 [main] DEBUG org.springframework.test.context.support.AbstractContextLoader - Did not detect default resource location for test class [pt.ulisboa.tecnico.socialsoftware.tutor.user.domain.IncreaseNumberOfQuizzesTest]: class path resource [pt/ulisboa/tecnico/socialsoftware/tutor/user/domain/IncreaseNumberOfQuizzesTestContext.groovy] does not exist
00:26:25.079 [main] INFO org.springframework.test.context.support.AbstractContextLoader - Could not detect default resource locations for test class [pt.ulisboa.tecnico.socialsoftware.tutor.user.domain.IncreaseNumberOfQuizzesTest]: no resource found for suffixes {-context.xml, Context.groovy}.
00:26:25.083 [main] DEBUG org.springframework.test.context.support.ActiveProfilesUtils - Could not find an 'annotation declaring class' for annotation type [org.springframework.test.context.ActiveProfiles] and class [pt.ulisboa.tecnico.socialsoftware.tutor.user.domain.IncreaseNumberOfQuizzesTest]
00:26:25.084 [main] INFO org.springframework.boot.test.context.SpringBootTestContextBootstrapper - Found @SpringBootConfiguration pt.ulisboa.tecnico.socialsoftware.tutor.TutorTestApplication for test class pt.ulisboa.tecnico.socialsoftware.tutor.user.domain.IncreaseNumberOfQuizzesTest
00:26:25.085 [main] DEBUG org.springframework.boot.test.autoconfigure.orm.jpa.DataJpaTestContextBootstrapper - @TestExecutionListeners is not present for class [pt.ulisboa.tecnico.socialsoftware.tutor.user.domain.IncreaseNumberOfQuizzesTest]: using defaults.
00:26:25.086 [main] INFO org.springframework.boot.test.autoconfigure.orm.jpa.DataJpaTestContextBootstrapper - Loaded default TestExecutionListener class names from location [META-INF/spring.factories]: [org.springframework.boot.test.mock.mockito.MockitoTestExecutionListener, org.springframework.boot.test.mock.mockito.ResetMocksTestExecutionListener, org.springframework.boot.test.autoconfigure.restdocs.RestDocsTestExecutionListener, org.springframework.boot.test.autoconfigure.web.client.MockRestServiceServerResetTestExecutionListener, org.springframework.boot.test.autoconfigure.web.servlet.MockMvcPrintOnlyOnFailureTestExecutionListener, org.springframework.boot.test.autoconfigure.web.servlet.WebDriverTestExecutionListener, org.springframework.boot.test.autoconfigure.webservices.client.MockWebServiceServerTestExecutionListener, org.springframework.test.context.web.ServletTestExecutionListener, org.springframework.test.context.support.DirtiesContextBeforeModesTestExecutionListener, org.springframework.test.context.event.ApplicationEventsTestExecutionListener, org.springframework.test.context.support.DependencyInjectionTestExecutionListener, org.springframework.test.context.support.DirtiesContextTestExecutionListener, org.springframework.test.context.transaction.TransactionalTestExecutionListener, org.springframework.test.context.jdbc.SqlScriptsTestExecutionListener, org.springframework.test.context.event.EventPublishingTestExecutionListener, org.springframework.security.test.context.support.WithSecurityContextTestExecutionListener, org.springframework.security.test.context.support.ReactorContextTestExecutionListener, org.spockframework.spring.SpringMockTestExecutionListener]
00:26:25.089 [main] INFO org.springframework.boot.test.autoconfigure.orm.jpa.DataJpaTestContextBootstrapper - Using TestExecutionListeners: [org.springframework.test.context.web.ServletTestExecutionListener@69374e28, org.springframework.test.context.support.DirtiesContextBeforeModesTestExecutionListener@39c93af6, org.springframework.test.context.event.ApplicationEventsTestExecutionListener@3903cfc9, org.springframework.boot.test.mock.mockito.MockitoTestExecutionListener@7b1b1784, org.springframework.boot.test.autoconfigure.SpringBootDependencyInjectionTestExecutionListener@288e50c1, org.springframework.test.context.support.DirtiesContextTestExecutionListener@58e0d1ac, org.springframework.test.context.transaction.TransactionalTestExecutionListener@7fba30fe, org.springframework.test.context.jdbc.SqlScriptsTestExecutionListener@5cbebfba, org.springframework.test.context.event.EventPublishingTestExecutionListener@66ce4b4, org.springframework.security.test.context.support.WithSecurityContextTestExecutionListener@58df2864, org.springframework.security.test.context.support.ReactorContextTestExecutionListener@76ccde41, org.springframework.boot.test.mock.mockito.ResetMocksTestExecutionListener@5f26fc4d, org.springframework.boot.test.autoconfigure.restdocs.RestDocsTestExecutionListener@3e8eea59, org.springframework.boot.test.autoconfigure.web.client.MockRestServiceServerResetTestExecutionListener@1fb379e4, org.springframework.boot.test.autoconfigure.web.servlet.MockMvcPrintOnlyOnFailureTestExecutionListener@f9d8285, org.springframework.boot.test.autoconfigure.web.servlet.WebDriverTestExecutionListener@67b1c3af, org.springframework.boot.test.autoconfigure.webservices.client.MockWebServiceServerTestExecutionListener@2e243122, org.spockframework.spring.SpringMockTestExecutionListener@2a5c115b]
00:26:25.099 [main] DEBUG org.springframework.test.annotation.ProfileValueUtils - Retrieved @ProfileValueSourceConfiguration [null] for test class [pt.ulisboa.tecnico.socialsoftware.tutor.user.domain.RemoveTest]
00:26:25.099 [main] DEBUG org.springframework.test.annotation.ProfileValueUtils - Retrieved ProfileValueSource type [class org.springframework.test.annotation.SystemProfileValueSource] for class [pt.ulisboa.tecnico.socialsoftware.tutor.user.domain.RemoveTest]
00:26:25.099 [main] DEBUG org.springframework.test.annotation.ProfileValueUtils - Retrieved @ProfileValueSourceConfiguration [null] for test class [pt.ulisboa.tecnico.socialsoftware.tutor.user.domain.RemoveTest]
00:26:25.099 [main] DEBUG org.springframework.test.annotation.ProfileValueUtils - Retrieved ProfileValueSource type [class org.springframework.test.annotation.SystemProfileValueSource] for class [pt.ulisboa.tecnico.socialsoftware.tutor.user.domain.RemoveTest]
00:26:25.100 [main] DEBUG org.springframework.test.annotation.ProfileValueUtils - Retrieved @ProfileValueSourceConfiguration [null] for test class [pt.ulisboa.tecnico.socialsoftware.tutor.user.domain.RemoveTest]
00:26:25.100 [main] DEBUG org.springframework.test.annotation.ProfileValueUtils - Retrieved ProfileValueSource type [class org.springframework.test.annotation.SystemProfileValueSource] for class [pt.ulisboa.tecnico.socialsoftware.tutor.user.domain.RemoveTest]
00:26:25.100 [main] DEBUG org.springframework.test.context.BootstrapUtils - Instantiating CacheAwareContextLoaderDelegate from class [org.springframework.test.context.cache.DefaultCacheAwareContextLoaderDelegate]
00:26:25.100 [main] DEBUG org.springframework.test.context.BootstrapUtils - Instantiating BootstrapContext using constructor [public org.springframework.test.context.support.DefaultBootstrapContext(java.lang.Class,org.springframework.test.context.CacheAwareContextLoaderDelegate)]
00:26:25.100 [main] DEBUG org.springframework.test.context.BootstrapUtils - Instantiating TestContextBootstrapper for test class [pt.ulisboa.tecnico.socialsoftware.tutor.user.domain.RemoveTest] from class [org.springframework.boot.test.autoconfigure.orm.jpa.DataJpaTestContextBootstrapper]
00:26:25.100 [main] INFO org.springframework.boot.test.autoconfigure.orm.jpa.DataJpaTestContextBootstrapper - Neither @ContextConfiguration nor @ContextHierarchy found for test class [pt.ulisboa.tecnico.socialsoftware.tutor.user.domain.RemoveTest], using SpringBootContextLoader
00:26:25.101 [main] DEBUG org.springframework.test.context.support.AbstractContextLoader - Did not detect default resource location for test class [pt.ulisboa.tecnico.socialsoftware.tutor.user.domain.RemoveTest]: class path resource [pt/ulisboa/tecnico/socialsoftware/tutor/user/domain/RemoveTest-context.xml] does not exist
00:26:25.102 [main] DEBUG org.springframework.test.context.support.AbstractContextLoader - Did not detect default resource location for test class [pt.ulisboa.tecnico.socialsoftware.tutor.user.domain.RemoveTest]: class path resource [pt/ulisboa/tecnico/socialsoftware/tutor/user/domain/RemoveTestContext.groovy] does not exist
00:26:25.102 [main] INFO org.springframework.test.context.support.AbstractContextLoader - Could not detect default resource locations for test class [pt.ulisboa.tecnico.socialsoftware.tutor.user.domain.RemoveTest]: no resource found for suffixes {-context.xml, Context.groovy}.
00:26:25.106 [main] DEBUG org.springframework.test.context.support.ActiveProfilesUtils - Could not find an 'annotation declaring class' for annotation type [org.springframework.test.context.ActiveProfiles] and class [pt.ulisboa.tecnico.socialsoftware.tutor.user.domain.RemoveTest]
00:26:25.107 [main] INFO org.springframework.boot.test.context.SpringBootTestContextBootstrapper - Found @SpringBootConfiguration pt.ulisboa.tecnico.socialsoftware.tutor.TutorTestApplication for test class pt.ulisboa.tecnico.socialsoftware.tutor.user.domain.RemoveTest
00:26:25.109 [main] DEBUG org.springframework.boot.test.autoconfigure.orm.jpa.DataJpaTestContextBootstrapper - @TestExecutionListeners is not present for class [pt.ulisboa.tecnico.socialsoftware.tutor.user.domain.RemoveTest]: using defaults.
00:26:25.109 [main] INFO org.springframework.boot.test.autoconfigure.orm.jpa.DataJpaTestContextBootstrapper - Loaded default TestExecutionListener class names from location [META-INF/spring.factories]: [org.springframework.boot.test.mock.mockito.MockitoTestExecutionListener, org.springframework.boot.test.mock.mockito.ResetMocksTestExecutionListener, org.springframework.boot.test.autoconfigure.restdocs.RestDocsTestExecutionListener, org.springframework.boot.test.autoconfigure.web.client.MockRestServiceServerResetTestExecutionListener, org.springframework.boot.test.autoconfigure.web.servlet.MockMvcPrintOnlyOnFailureTestExecutionListener, org.springframework.boot.test.autoconfigure.web.servlet.WebDriverTestExecutionListener, org.springframework.boot.test.autoconfigure.webservices.client.MockWebServiceServerTestExecutionListener, org.springframework.test.context.web.ServletTestExecutionListener, org.springframework.test.context.support.DirtiesContextBeforeModesTestExecutionListener, org.springframework.test.context.event.ApplicationEventsTestExecutionListener, org.springframework.test.context.support.DependencyInjectionTestExecutionListener, org.springframework.test.context.support.DirtiesContextTestExecutionListener, org.springframework.test.context.transaction.TransactionalTestExecutionListener, org.springframework.test.context.jdbc.SqlScriptsTestExecutionListener, org.springframework.test.context.event.EventPublishingTestExecutionListener, org.springframework.security.test.context.support.WithSecurityContextTestExecutionListener, org.springframework.security.test.context.support.ReactorContextTestExecutionListener, org.spockframework.spring.SpringMockTestExecutionListener]
00:26:25.112 [main] INFO org.springframework.boot.test.autoconfigure.orm.jpa.DataJpaTestContextBootstrapper - Using TestExecutionListeners: [org.springframework.test.context.web.ServletTestExecutionListener@7f5c4ff8, org.springframework.test.context.support.DirtiesContextBeforeModesTestExecutionListener@7692c0e9, org.springframework.test.context.event.ApplicationEventsTestExecutionListener@431f8830, org.springframework.boot.test.mock.mockito.MockitoTestExecutionListener@75bbe39d, org.springframework.boot.test.autoconfigure.SpringBootDependencyInjectionTestExecutionListener@6805415d, org.springframework.test.context.support.DirtiesContextTestExecutionListener@870413c, org.springframework.test.context.transaction.TransactionalTestExecutionListener@3791160a, org.springframework.test.context.jdbc.SqlScriptsTestExecutionListener@1d9cac6e, org.springframework.test.context.event.EventPublishingTestExecutionListener@5f510929, org.springframework.security.test.context.support.WithSecurityContextTestExecutionListener@55a2ca5e, org.springframework.security.test.context.support.ReactorContextTestExecutionListener@6abca7a6, org.springframework.boot.test.mock.mockito.ResetMocksTestExecutionListener@12bb8943, org.springframework.boot.test.autoconfigure.restdocs.RestDocsTestExecutionListener@45f4c27c, org.springframework.boot.test.autoconfigure.web.client.MockRestServiceServerResetTestExecutionListener@64710a6, org.springframework.boot.test.autoconfigure.web.servlet.MockMvcPrintOnlyOnFailureTestExecutionListener@949165f, org.springframework.boot.test.autoconfigure.web.servlet.WebDriverTestExecutionListener@47f677a4, org.springframework.boot.test.autoconfigure.webservices.client.MockWebServiceServerTestExecutionListener@2472ba04, org.spockframework.spring.SpringMockTestExecutionListener@1a0e5c0c]
00:26:25.126 [main] DEBUG org.springframework.test.annotation.ProfileValueUtils - Retrieved @ProfileValueSourceConfiguration [null] for test class [pt.ulisboa.tecnico.socialsoftware.tutor.user.service.ConfirmRegistrationTest]
00:26:25.126 [main] DEBUG org.springframework.test.annotation.ProfileValueUtils - Retrieved ProfileValueSource type [class org.springframework.test.annotation.SystemProfileValueSource] for class [pt.ulisboa.tecnico.socialsoftware.tutor.user.service.ConfirmRegistrationTest]
00:26:25.126 [main] DEBUG org.springframework.test.annotation.ProfileValueUtils - Retrieved @ProfileValueSourceConfiguration [null] for test class [pt.ulisboa.tecnico.socialsoftware.tutor.user.service.ConfirmRegistrationTest]
00:26:25.126 [main] DEBUG org.springframework.test.annotation.ProfileValueUtils - Retrieved ProfileValueSource type [class org.springframework.test.annotation.SystemProfileValueSource] for class [pt.ulisboa.tecnico.socialsoftware.tutor.user.service.ConfirmRegistrationTest]
00:26:25.127 [main] DEBUG org.springframework.test.annotation.ProfileValueUtils - Retrieved @ProfileValueSourceConfiguration [null] for test class [pt.ulisboa.tecnico.socialsoftware.tutor.user.service.ConfirmRegistrationTest]
00:26:25.127 [main] DEBUG org.springframework.test.annotation.ProfileValueUtils - Retrieved ProfileValueSource type [class org.springframework.test.annotation.SystemProfileValueSource] for class [pt.ulisboa.tecnico.socialsoftware.tutor.user.service.ConfirmRegistrationTest]
00:26:25.127 [main] DEBUG org.springframework.test.annotation.ProfileValueUtils - Retrieved @ProfileValueSourceConfiguration [null] for test class [pt.ulisboa.tecnico.socialsoftware.tutor.user.service.ConfirmRegistrationTest]
00:26:25.127 [main] DEBUG org.springframework.test.annotation.ProfileValueUtils - Retrieved ProfileValueSource type [class org.springframework.test.annotation.SystemProfileValueSource] for class [pt.ulisboa.tecnico.socialsoftware.tutor.user.service.ConfirmRegistrationTest]
00:26:25.127 [main] DEBUG org.springframework.test.annotation.ProfileValueUtils - Retrieved @ProfileValueSourceConfiguration [null] for test class [pt.ulisboa.tecnico.socialsoftware.tutor.user.service.ConfirmRegistrationTest]
00:26:25.127 [main] DEBUG org.springframework.test.annotation.ProfileValueUtils - Retrieved ProfileValueSource type [class org.springframework.test.annotation.SystemProfileValueSource] for class [pt.ulisboa.tecnico.socialsoftware.tutor.user.service.ConfirmRegistrationTest]
00:26:25.128 [main] DEBUG org.springframework.test.context.BootstrapUtils - Instantiating CacheAwareContextLoaderDelegate from class [org.springframework.test.context.cache.DefaultCacheAwareContextLoaderDelegate]
00:26:25.128 [main] DEBUG org.springframework.test.context.BootstrapUtils - Instantiating BootstrapContext using constructor [public org.springframework.test.context.support.DefaultBootstrapContext(java.lang.Class,org.springframework.test.context.CacheAwareContextLoaderDelegate)]
00:26:25.128 [main] DEBUG org.springframework.test.context.BootstrapUtils - Instantiating TestContextBootstrapper for test class [pt.ulisboa.tecnico.socialsoftware.tutor.user.service.ConfirmRegistrationTest] from class [org.springframework.boot.test.autoconfigure.orm.jpa.DataJpaTestContextBootstrapper]
00:26:25.128 [main] INFO org.springframework.boot.test.autoconfigure.orm.jpa.DataJpaTestContextBootstrapper - Neither @ContextConfiguration nor @ContextHierarchy found for test class [pt.ulisboa.tecnico.socialsoftware.tutor.user.service.ConfirmRegistrationTest], using SpringBootContextLoader
00:26:25.130 [main] DEBUG org.springframework.test.context.support.AbstractContextLoader - Did not detect default resource location for test class [pt.ulisboa.tecnico.socialsoftware.tutor.user.service.ConfirmRegistrationTest]: class path resource [pt/ulisboa/tecnico/socialsoftware/tutor/user/service/ConfirmRegistrationTest-context.xml] does not exist
00:26:25.131 [main] DEBUG org.springframework.test.context.support.AbstractContextLoader - Did not detect default resource location for test class [pt.ulisboa.tecnico.socialsoftware.tutor.user.service.ConfirmRegistrationTest]: class path resource [pt/ulisboa/tecnico/socialsoftware/tutor/user/service/ConfirmRegistrationTestContext.groovy] does not exist
00:26:25.131 [main] INFO org.springframework.test.context.support.AbstractContextLoader - Could not detect default resource locations for test class [pt.ulisboa.tecnico.socialsoftware.tutor.user.service.ConfirmRegistrationTest]: no resource found for suffixes {-context.xml, Context.groovy}.
00:26:25.136 [main] DEBUG org.springframework.test.context.support.ActiveProfilesUtils - Could not find an 'annotation declaring class' for annotation type [org.springframework.test.context.ActiveProfiles] and class [pt.ulisboa.tecnico.socialsoftware.tutor.user.service.ConfirmRegistrationTest]
00:26:25.163 [main] DEBUG org.springframework.context.annotation.ClassPathScanningCandidateComponentProvider - Identified candidate component class: file [C:\Users\jhmff\Desktop\IST\MEIC\2ano\2Semestre\Tutor\backend\tutor\target\classes\pt\ulisboa\tecnico\socialsoftware\tutor\TutorTestApplication.class]
00:26:25.163 [main] INFO org.springframework.boot.test.context.SpringBootTestContextBootstrapper - Found @SpringBootConfiguration pt.ulisboa.tecnico.socialsoftware.tutor.TutorTestApplication for test class pt.ulisboa.tecnico.socialsoftware.tutor.user.service.ConfirmRegistrationTest
00:26:25.163 [main] DEBUG org.springframework.boot.test.autoconfigure.orm.jpa.DataJpaTestContextBootstrapper - @TestExecutionListeners is not present for class [pt.ulisboa.tecnico.socialsoftware.tutor.user.service.ConfirmRegistrationTest]: using defaults.
00:26:25.163 [main] INFO org.springframework.boot.test.autoconfigure.orm.jpa.DataJpaTestContextBootstrapper - Loaded default TestExecutionListener class names from location [META-INF/spring.factories]: [org.springframework.boot.test.mock.mockito.MockitoTestExecutionListener, org.springframework.boot.test.mock.mockito.ResetMocksTestExecutionListener, org.springframework.boot.test.autoconfigure.restdocs.RestDocsTestExecutionListener, org.springframework.boot.test.autoconfigure.web.client.MockRestServiceServerResetTestExecutionListener, org.springframework.boot.test.autoconfigure.web.servlet.MockMvcPrintOnlyOnFailureTestExecutionListener, org.springframework.boot.test.autoconfigure.web.servlet.WebDriverTestExecutionListener, org.springframework.boot.test.autoconfigure.webservices.client.MockWebServiceServerTestExecutionListener, org.springframework.test.context.web.ServletTestExecutionListener, org.springframework.test.context.support.DirtiesContextBeforeModesTestExecutionListener, org.springframework.test.context.event.ApplicationEventsTestExecutionListener, org.springframework.test.context.support.DependencyInjectionTestExecutionListener, org.springframework.test.context.support.DirtiesContextTestExecutionListener, org.springframework.test.context.transaction.TransactionalTestExecutionListener, org.springframework.test.context.jdbc.SqlScriptsTestExecutionListener, org.springframework.test.context.event.EventPublishingTestExecutionListener, org.springframework.security.test.context.support.WithSecurityContextTestExecutionListener, org.springframework.security.test.context.support.ReactorContextTestExecutionListener, org.spockframework.spring.SpringMockTestExecutionListener]
00:26:25.165 [main] INFO org.springframework.boot.test.autoconfigure.orm.jpa.DataJpaTestContextBootstrapper - Using TestExecutionListeners: [org.springframework.test.context.web.ServletTestExecutionListener@4c376b44, org.springframework.test.context.support.DirtiesContextBeforeModesTestExecutionListener@47596e9, org.springframework.test.context.event.ApplicationEventsTestExecutionListener@5ab29866, org.springframework.boot.test.mock.mockito.MockitoTestExecutionListener@74cad577, org.springframework.boot.test.autoconfigure.SpringBootDependencyInjectionTestExecutionListener@350ede1, org.springframework.test.context.support.DirtiesContextTestExecutionListener@2bbaf1bc, org.springframework.test.context.transaction.TransactionalTestExecutionListener@65852d05, org.springframework.test.context.jdbc.SqlScriptsTestExecutionListener@47462daf, org.springframework.test.context.event.EventPublishingTestExecutionListener@43fdef43, org.springframework.security.test.context.support.WithSecurityContextTestExecutionListener@3f36c191, org.springframework.security.test.context.support.ReactorContextTestExecutionListener@73973e77, org.springframework.boot.test.mock.mockito.ResetMocksTestExecutionListener@54a5eff, org.springframework.boot.test.autoconfigure.restdocs.RestDocsTestExecutionListener@29612ee2, org.springframework.boot.test.autoconfigure.web.client.MockRestServiceServerResetTestExecutionListener@20524816, org.springframework.boot.test.autoconfigure.web.servlet.MockMvcPrintOnlyOnFailureTestExecutionListener@6a7cbeed, org.springframework.boot.test.autoconfigure.web.servlet.WebDriverTestExecutionListener@3d96b8fb, org.springframework.boot.test.autoconfigure.webservices.client.MockWebServiceServerTestExecutionListener@1d208795, org.spockframework.spring.SpringMockTestExecutionListener@2f006edf]
00:26:25.174 [main] DEBUG org.springframework.test.annotation.ProfileValueUtils - Retrieved @ProfileValueSourceConfiguration [null] for test class [pt.ulisboa.tecnico.socialsoftware.tutor.user.service.ImportUsersTest]
00:26:25.174 [main] DEBUG org.springframework.test.annotation.ProfileValueUtils - Retrieved ProfileValueSource type [class org.springframework.test.annotation.SystemProfileValueSource] for class [pt.ulisboa.tecnico.socialsoftware.tutor.user.service.ImportUsersTest]
00:26:25.174 [main] DEBUG org.springframework.test.annotation.ProfileValueUtils - Retrieved @ProfileValueSourceConfiguration [null] for test class [pt.ulisboa.tecnico.socialsoftware.tutor.user.service.ImportUsersTest]
00:26:25.174 [main] DEBUG org.springframework.test.annotation.ProfileValueUtils - Retrieved ProfileValueSource type [class org.springframework.test.annotation.SystemProfileValueSource] for class [pt.ulisboa.tecnico.socialsoftware.tutor.user.service.ImportUsersTest]
00:26:25.174 [main] DEBUG org.springframework.test.annotation.ProfileValueUtils - Retrieved @ProfileValueSourceConfiguration [null] for test class [pt.ulisboa.tecnico.socialsoftware.tutor.user.service.ImportUsersTest]
00:26:25.174 [main] DEBUG org.springframework.test.annotation.ProfileValueUtils - Retrieved ProfileValueSource type [class org.springframework.test.annotation.SystemProfileValueSource] for class [pt.ulisboa.tecnico.socialsoftware.tutor.user.service.ImportUsersTest]
00:26:25.174 [main] DEBUG org.springframework.test.annotation.ProfileValueUtils - Retrieved @ProfileValueSourceConfiguration [null] for test class [pt.ulisboa.tecnico.socialsoftware.tutor.user.service.ImportUsersTest]
00:26:25.174 [main] DEBUG org.springframework.test.annotation.ProfileValueUtils - Retrieved ProfileValueSource type [class org.springframework.test.annotation.SystemProfileValueSource] for class [pt.ulisboa.tecnico.socialsoftware.tutor.user.service.ImportUsersTest]
00:26:25.175 [main] DEBUG org.springframework.test.annotation.ProfileValueUtils - Retrieved @ProfileValueSourceConfiguration [null] for test class [pt.ulisboa.tecnico.socialsoftware.tutor.user.service.ImportUsersTest]
00:26:25.175 [main] DEBUG org.springframework.test.annotation.ProfileValueUtils - Retrieved ProfileValueSource type [class org.springframework.test.annotation.SystemProfileValueSource] for class [pt.ulisboa.tecnico.socialsoftware.tutor.user.service.ImportUsersTest]
00:26:25.175 [main] DEBUG org.springframework.test.context.BootstrapUtils - Instantiating CacheAwareContextLoaderDelegate from class [org.springframework.test.context.cache.DefaultCacheAwareContextLoaderDelegate]
00:26:25.175 [main] DEBUG org.springframework.test.context.BootstrapUtils - Instantiating BootstrapContext using constructor [public org.springframework.test.context.support.DefaultBootstrapContext(java.lang.Class,org.springframework.test.context.CacheAwareContextLoaderDelegate)]
00:26:25.175 [main] DEBUG org.springframework.test.context.BootstrapUtils - Instantiating TestContextBootstrapper for test class [pt.ulisboa.tecnico.socialsoftware.tutor.user.service.ImportUsersTest] from class [org.springframework.boot.test.autoconfigure.orm.jpa.DataJpaTestContextBootstrapper]
00:26:25.175 [main] INFO org.springframework.boot.test.autoconfigure.orm.jpa.DataJpaTestContextBootstrapper - Neither @ContextConfiguration nor @ContextHierarchy found for test class [pt.ulisboa.tecnico.socialsoftware.tutor.user.service.ImportUsersTest], using SpringBootContextLoader
00:26:25.176 [main] DEBUG org.springframework.test.context.support.AbstractContextLoader - Did not detect default resource location for test class [pt.ulisboa.tecnico.socialsoftware.tutor.user.service.ImportUsersTest]: class path resource [pt/ulisboa/tecnico/socialsoftware/tutor/user/service/ImportUsersTest-context.xml] does not exist
00:26:25.176 [main] DEBUG org.springframework.test.context.support.AbstractContextLoader - Did not detect default resource location for test class [pt.ulisboa.tecnico.socialsoftware.tutor.user.service.ImportUsersTest]: class path resource [pt/ulisboa/tecnico/socialsoftware/tutor/user/service/ImportUsersTestContext.groovy] does not exist
00:26:25.176 [main] INFO org.springframework.test.context.support.AbstractContextLoader - Could not detect default resource locations for test class [pt.ulisboa.tecnico.socialsoftware.tutor.user.service.ImportUsersTest]: no resource found for suffixes {-context.xml, Context.groovy}.
00:26:25.181 [main] DEBUG org.springframework.test.context.support.ActiveProfilesUtils - Could not find an 'annotation declaring class' for annotation type [org.springframework.test.context.ActiveProfiles] and class [pt.ulisboa.tecnico.socialsoftware.tutor.user.service.ImportUsersTest]
00:26:25.182 [main] INFO org.springframework.boot.test.context.SpringBootTestContextBootstrapper - Found @SpringBootConfiguration pt.ulisboa.tecnico.socialsoftware.tutor.TutorTestApplication for test class pt.ulisboa.tecnico.socialsoftware.tutor.user.service.ImportUsersTest
00:26:25.182 [main] DEBUG org.springframework.boot.test.autoconfigure.orm.jpa.DataJpaTestContextBootstrapper - @TestExecutionListeners is not present for class [pt.ulisboa.tecnico.socialsoftware.tutor.user.service.ImportUsersTest]: using defaults.
00:26:25.183 [main] INFO org.springframework.boot.test.autoconfigure.orm.jpa.DataJpaTestContextBootstrapper - Loaded default TestExecutionListener class names from location [META-INF/spring.factories]: [org.springframework.boot.test.mock.mockito.MockitoTestExecutionListener, org.springframework.boot.test.mock.mockito.ResetMocksTestExecutionListener, org.springframework.boot.test.autoconfigure.restdocs.RestDocsTestExecutionListener, org.springframework.boot.test.autoconfigure.web.client.MockRestServiceServerResetTestExecutionListener, org.springframework.boot.test.autoconfigure.web.servlet.MockMvcPrintOnlyOnFailureTestExecutionListener, org.springframework.boot.test.autoconfigure.web.servlet.WebDriverTestExecutionListener, org.springframework.boot.test.autoconfigure.webservices.client.MockWebServiceServerTestExecutionListener, org.springframework.test.context.web.ServletTestExecutionListener, org.springframework.test.context.support.DirtiesContextBeforeModesTestExecutionListener, org.springframework.test.context.event.ApplicationEventsTestExecutionListener, org.springframework.test.context.support.DependencyInjectionTestExecutionListener, org.springframework.test.context.support.DirtiesContextTestExecutionListener, org.springframework.test.context.transaction.TransactionalTestExecutionListener, org.springframework.test.context.jdbc.SqlScriptsTestExecutionListener, org.springframework.test.context.event.EventPublishingTestExecutionListener, org.springframework.security.test.context.support.WithSecurityContextTestExecutionListener, org.springframework.security.test.context.support.ReactorContextTestExecutionListener, org.spockframework.spring.SpringMockTestExecutionListener]
00:26:25.184 [main] INFO org.springframework.boot.test.autoconfigure.orm.jpa.DataJpaTestContextBootstrapper - Using TestExecutionListeners: [org.springframework.test.context.web.ServletTestExecutionListener@481eb705, org.springframework.test.context.support.DirtiesContextBeforeModesTestExecutionListener@2ae0eb98, org.springframework.test.context.event.ApplicationEventsTestExecutionListener@c5c2a84, org.springframework.boot.test.mock.mockito.MockitoTestExecutionListener@42a89cef, org.springframework.boot.test.autoconfigure.SpringBootDependencyInjectionTestExecutionListener@7f33ad20, org.springframework.test.context.support.DirtiesContextTestExecutionListener@52a23575, org.springframework.test.context.transaction.TransactionalTestExecutionListener@3f473daf, org.springframework.test.context.jdbc.SqlScriptsTestExecutionListener@390e814c, org.springframework.test.context.event.EventPublishingTestExecutionListener@5bb661e0, org.springframework.security.test.context.support.WithSecurityContextTestExecutionListener@18fcfe7e, org.springframework.security.test.context.support.ReactorContextTestExecutionListener@1ed0128b, org.springframework.boot.test.mock.mockito.ResetMocksTestExecutionListener@5319e4fc, org.springframework.boot.test.autoconfigure.restdocs.RestDocsTestExecutionListener@3b48361e, org.springframework.boot.test.autoconfigure.web.client.MockRestServiceServerResetTestExecutionListener@44b82007, org.springframework.boot.test.autoconfigure.web.servlet.MockMvcPrintOnlyOnFailureTestExecutionListener@5ae22651, org.springframework.boot.test.autoconfigure.web.servlet.WebDriverTestExecutionListener@464017f5, org.springframework.boot.test.autoconfigure.webservices.client.MockWebServiceServerTestExecutionListener@3c4231e5, org.spockframework.spring.SpringMockTestExecutionListener@397f9672]
00:26:25.196 [main] DEBUG org.springframework.test.annotation.ProfileValueUtils - Retrieved @ProfileValueSourceConfiguration [null] for test class [pt.ulisboa.tecnico.socialsoftware.tutor.user.service.RegisterExternalUserTest]
00:26:25.196 [main] DEBUG org.springframework.test.annotation.ProfileValueUtils - Retrieved ProfileValueSource type [class org.springframework.test.annotation.SystemProfileValueSource] for class [pt.ulisboa.tecnico.socialsoftware.tutor.user.service.RegisterExternalUserTest]
00:26:25.196 [main] DEBUG org.springframework.test.annotation.ProfileValueUtils - Retrieved @ProfileValueSourceConfiguration [null] for test class [pt.ulisboa.tecnico.socialsoftware.tutor.user.service.RegisterExternalUserTest]
00:26:25.196 [main] DEBUG org.springframework.test.annotation.ProfileValueUtils - Retrieved ProfileValueSource type [class org.springframework.test.annotation.SystemProfileValueSource] for class [pt.ulisboa.tecnico.socialsoftware.tutor.user.service.RegisterExternalUserTest]
00:26:25.196 [main] DEBUG org.springframework.test.annotation.ProfileValueUtils - Retrieved @ProfileValueSourceConfiguration [null] for test class [pt.ulisboa.tecnico.socialsoftware.tutor.user.service.RegisterExternalUserTest]
00:26:25.196 [main] DEBUG org.springframework.test.annotation.ProfileValueUtils - Retrieved ProfileValueSource type [class org.springframework.test.annotation.SystemProfileValueSource] for class [pt.ulisboa.tecnico.socialsoftware.tutor.user.service.RegisterExternalUserTest]
00:26:25.197 [main] DEBUG org.springframework.test.annotation.ProfileValueUtils - Retrieved @ProfileValueSourceConfiguration [null] for test class [pt.ulisboa.tecnico.socialsoftware.tutor.user.service.RegisterExternalUserTest]
00:26:25.197 [main] DEBUG org.springframework.test.annotation.ProfileValueUtils - Retrieved ProfileValueSource type [class org.springframework.test.annotation.SystemProfileValueSource] for class [pt.ulisboa.tecnico.socialsoftware.tutor.user.service.RegisterExternalUserTest]
00:26:25.197 [main] DEBUG org.springframework.test.annotation.ProfileValueUtils - Retrieved @ProfileValueSourceConfiguration [null] for test class [pt.ulisboa.tecnico.socialsoftware.tutor.user.service.RegisterExternalUserTest]
00:26:25.197 [main] DEBUG org.springframework.test.annotation.ProfileValueUtils - Retrieved ProfileValueSource type [class org.springframework.test.annotation.SystemProfileValueSource] for class [pt.ulisboa.tecnico.socialsoftware.tutor.user.service.RegisterExternalUserTest]
00:26:25.197 [main] DEBUG org.springframework.test.context.BootstrapUtils - Instantiating CacheAwareContextLoaderDelegate from class [org.springframework.test.context.cache.DefaultCacheAwareContextLoaderDelegate]
00:26:25.197 [main] DEBUG org.springframework.test.context.BootstrapUtils - Instantiating BootstrapContext using constructor [public org.springframework.test.context.support.DefaultBootstrapContext(java.lang.Class,org.springframework.test.context.CacheAwareContextLoaderDelegate)]
00:26:25.197 [main] DEBUG org.springframework.test.context.BootstrapUtils - Instantiating TestContextBootstrapper for test class [pt.ulisboa.tecnico.socialsoftware.tutor.user.service.RegisterExternalUserTest] from class [org.springframework.boot.test.autoconfigure.orm.jpa.DataJpaTestContextBootstrapper]
00:26:25.197 [main] INFO org.springframework.boot.test.autoconfigure.orm.jpa.DataJpaTestContextBootstrapper - Neither @ContextConfiguration nor @ContextHierarchy found for test class [pt.ulisboa.tecnico.socialsoftware.tutor.user.service.RegisterExternalUserTest], using SpringBootContextLoader
00:26:25.198 [main] DEBUG org.springframework.test.context.support.AbstractContextLoader - Did not detect default resource location for test class [pt.ulisboa.tecnico.socialsoftware.tutor.user.service.RegisterExternalUserTest]: class path resource [pt/ulisboa/tecnico/socialsoftware/tutor/user/service/RegisterExternalUserTest-context.xml] does not exist
00:26:25.199 [main] DEBUG org.springframework.test.context.support.AbstractContextLoader - Did not detect default resource location for test class [pt.ulisboa.tecnico.socialsoftware.tutor.user.service.RegisterExternalUserTest]: class path resource [pt/ulisboa/tecnico/socialsoftware/tutor/user/service/RegisterExternalUserTestContext.groovy] does not exist
00:26:25.199 [main] INFO org.springframework.test.context.support.AbstractContextLoader - Could not detect default resource locations for test class [pt.ulisboa.tecnico.socialsoftware.tutor.user.service.RegisterExternalUserTest]: no resource found for suffixes {-context.xml, Context.groovy}.
00:26:25.203 [main] DEBUG org.springframework.test.context.support.ActiveProfilesUtils - Could not find an 'annotation declaring class' for annotation type [org.springframework.test.context.ActiveProfiles] and class [pt.ulisboa.tecnico.socialsoftware.tutor.user.service.RegisterExternalUserTest]
00:26:25.203 [main] INFO org.springframework.boot.test.context.SpringBootTestContextBootstrapper - Found @SpringBootConfiguration pt.ulisboa.tecnico.socialsoftware.tutor.TutorTestApplication for test class pt.ulisboa.tecnico.socialsoftware.tutor.user.service.RegisterExternalUserTest
00:26:25.204 [main] DEBUG org.springframework.boot.test.autoconfigure.orm.jpa.DataJpaTestContextBootstrapper - @TestExecutionListeners is not present for class [pt.ulisboa.tecnico.socialsoftware.tutor.user.service.RegisterExternalUserTest]: using defaults.
00:26:25.204 [main] INFO org.springframework.boot.test.autoconfigure.orm.jpa.DataJpaTestContextBootstrapper - Loaded default TestExecutionListener class names from location [META-INF/spring.factories]: [org.springframework.boot.test.mock.mockito.MockitoTestExecutionListener, org.springframework.boot.test.mock.mockito.ResetMocksTestExecutionListener, org.springframework.boot.test.autoconfigure.restdocs.RestDocsTestExecutionListener, org.springframework.boot.test.autoconfigure.web.client.MockRestServiceServerResetTestExecutionListener, org.springframework.boot.test.autoconfigure.web.servlet.MockMvcPrintOnlyOnFailureTestExecutionListener, org.springframework.boot.test.autoconfigure.web.servlet.WebDriverTestExecutionListener, org.springframework.boot.test.autoconfigure.webservices.client.MockWebServiceServerTestExecutionListener, org.springframework.test.context.web.ServletTestExecutionListener, org.springframework.test.context.support.DirtiesContextBeforeModesTestExecutionListener, org.springframework.test.context.event.ApplicationEventsTestExecutionListener, org.springframework.test.context.support.DependencyInjectionTestExecutionListener, org.springframework.test.context.support.DirtiesContextTestExecutionListener, org.springframework.test.context.transaction.TransactionalTestExecutionListener, org.springframework.test.context.jdbc.SqlScriptsTestExecutionListener, org.springframework.test.context.event.EventPublishingTestExecutionListener, org.springframework.security.test.context.support.WithSecurityContextTestExecutionListener, org.springframework.security.test.context.support.ReactorContextTestExecutionListener, org.spockframework.spring.SpringMockTestExecutionListener]
00:26:25.206 [main] INFO org.springframework.boot.test.autoconfigure.orm.jpa.DataJpaTestContextBootstrapper - Using TestExecutionListeners: [org.springframework.test.context.web.ServletTestExecutionListener@79aa675b, org.springframework.test.context.support.DirtiesContextBeforeModesTestExecutionListener@3fe59f84, org.springframework.test.context.event.ApplicationEventsTestExecutionListener@38eafdab, org.springframework.boot.test.mock.mockito.MockitoTestExecutionListener@373c8f35, org.springframework.boot.test.autoconfigure.SpringBootDependencyInjectionTestExecutionListener@1d86b636, org.springframework.test.context.support.DirtiesContextTestExecutionListener@e0c03bd, org.springframework.test.context.transaction.TransactionalTestExecutionListener@61e4a072, org.springframework.test.context.jdbc.SqlScriptsTestExecutionListener@32f2de5c, org.springframework.test.context.event.EventPublishingTestExecutionListener@1a6df932, org.springframework.security.test.context.support.WithSecurityContextTestExecutionListener@74120029, org.springframework.security.test.context.support.ReactorContextTestExecutionListener@3031d9e9, org.springframework.boot.test.mock.mockito.ResetMocksTestExecutionListener@1415f18d, org.springframework.boot.test.autoconfigure.restdocs.RestDocsTestExecutionListener@61c42e54, org.springframework.boot.test.autoconfigure.web.client.MockRestServiceServerResetTestExecutionListener@533690d, org.springframework.boot.test.autoconfigure.web.servlet.MockMvcPrintOnlyOnFailureTestExecutionListener@3bf306d3, org.springframework.boot.test.autoconfigure.web.servlet.WebDriverTestExecutionListener@5101b9, org.springframework.boot.test.autoconfigure.webservices.client.MockWebServiceServerTestExecutionListener@40273969, org.spockframework.spring.SpringMockTestExecutionListener@5ec25b61]
00:26:25.216 [main] DEBUG org.springframework.test.annotation.ProfileValueUtils - Retrieved @ProfileValueSourceConfiguration [null] for test class [pt.ulisboa.tecnico.socialsoftware.tutor.user.service.ResetDemoStudentTest]
00:26:25.216 [main] DEBUG org.springframework.test.annotation.ProfileValueUtils - Retrieved ProfileValueSource type [class org.springframework.test.annotation.SystemProfileValueSource] for class [pt.ulisboa.tecnico.socialsoftware.tutor.user.service.ResetDemoStudentTest]
00:26:25.216 [main] DEBUG org.springframework.test.annotation.ProfileValueUtils - Retrieved @ProfileValueSourceConfiguration [null] for test class [pt.ulisboa.tecnico.socialsoftware.tutor.user.service.ResetDemoStudentTest]
00:26:25.216 [main] DEBUG org.springframework.test.annotation.ProfileValueUtils - Retrieved ProfileValueSource type [class org.springframework.test.annotation.SystemProfileValueSource] for class [pt.ulisboa.tecnico.socialsoftware.tutor.user.service.ResetDemoStudentTest]
00:26:25.216 [main] DEBUG org.springframework.test.context.BootstrapUtils - Instantiating CacheAwareContextLoaderDelegate from class [org.springframework.test.context.cache.DefaultCacheAwareContextLoaderDelegate]
00:26:25.216 [main] DEBUG org.springframework.test.context.BootstrapUtils - Instantiating BootstrapContext using constructor [public org.springframework.test.context.support.DefaultBootstrapContext(java.lang.Class,org.springframework.test.context.CacheAwareContextLoaderDelegate)]
00:26:25.216 [main] DEBUG org.springframework.test.context.BootstrapUtils - Instantiating TestContextBootstrapper for test class [pt.ulisboa.tecnico.socialsoftware.tutor.user.service.ResetDemoStudentTest] from class [org.springframework.boot.test.autoconfigure.orm.jpa.DataJpaTestContextBootstrapper]
00:26:25.217 [main] INFO org.springframework.boot.test.autoconfigure.orm.jpa.DataJpaTestContextBootstrapper - Neither @ContextConfiguration nor @ContextHierarchy found for test class [pt.ulisboa.tecnico.socialsoftware.tutor.user.service.ResetDemoStudentTest], using SpringBootContextLoader
00:26:25.218 [main] DEBUG org.springframework.test.context.support.AbstractContextLoader - Did not detect default resource location for test class [pt.ulisboa.tecnico.socialsoftware.tutor.user.service.ResetDemoStudentTest]: class path resource [pt/ulisboa/tecnico/socialsoftware/tutor/user/service/ResetDemoStudentTest-context.xml] does not exist
00:26:25.219 [main] DEBUG org.springframework.test.context.support.AbstractContextLoader - Did not detect default resource location for test class [pt.ulisboa.tecnico.socialsoftware.tutor.user.service.ResetDemoStudentTest]: class path resource [pt/ulisboa/tecnico/socialsoftware/tutor/user/service/ResetDemoStudentTestContext.groovy] does not exist
00:26:25.219 [main] INFO org.springframework.test.context.support.AbstractContextLoader - Could not detect default resource locations for test class [pt.ulisboa.tecnico.socialsoftware.tutor.user.service.ResetDemoStudentTest]: no resource found for suffixes {-context.xml, Context.groovy}.
00:26:25.225 [main] DEBUG org.springframework.test.context.support.ActiveProfilesUtils - Could not find an 'annotation declaring class' for annotation type [org.springframework.test.context.ActiveProfiles] and class [pt.ulisboa.tecnico.socialsoftware.tutor.user.service.ResetDemoStudentTest]
00:26:25.226 [main] INFO org.springframework.boot.test.context.SpringBootTestContextBootstrapper - Found @SpringBootConfiguration pt.ulisboa.tecnico.socialsoftware.tutor.TutorTestApplication for test class pt.ulisboa.tecnico.socialsoftware.tutor.user.service.ResetDemoStudentTest
00:26:25.227 [main] DEBUG org.springframework.boot.test.autoconfigure.orm.jpa.DataJpaTestContextBootstrapper - @TestExecutionListeners is not present for class [pt.ulisboa.tecnico.socialsoftware.tutor.user.service.ResetDemoStudentTest]: using defaults.
00:26:25.227 [main] INFO org.springframework.boot.test.autoconfigure.orm.jpa.DataJpaTestContextBootstrapper - Loaded default TestExecutionListener class names from location [META-INF/spring.factories]: [org.springframework.boot.test.mock.mockito.MockitoTestExecutionListener, org.springframework.boot.test.mock.mockito.ResetMocksTestExecutionListener, org.springframework.boot.test.autoconfigure.restdocs.RestDocsTestExecutionListener, org.springframework.boot.test.autoconfigure.web.client.MockRestServiceServerResetTestExecutionListener, org.springframework.boot.test.autoconfigure.web.servlet.MockMvcPrintOnlyOnFailureTestExecutionListener, org.springframework.boot.test.autoconfigure.web.servlet.WebDriverTestExecutionListener, org.springframework.boot.test.autoconfigure.webservices.client.MockWebServiceServerTestExecutionListener, org.springframework.test.context.web.ServletTestExecutionListener, org.springframework.test.context.support.DirtiesContextBeforeModesTestExecutionListener, org.springframework.test.context.event.ApplicationEventsTestExecutionListener, org.springframework.test.context.support.DependencyInjectionTestExecutionListener, org.springframework.test.context.support.DirtiesContextTestExecutionListener, org.springframework.test.context.transaction.TransactionalTestExecutionListener, org.springframework.test.context.jdbc.SqlScriptsTestExecutionListener, org.springframework.test.context.event.EventPublishingTestExecutionListener, org.springframework.security.test.context.support.WithSecurityContextTestExecutionListener, org.springframework.security.test.context.support.ReactorContextTestExecutionListener, org.spockframework.spring.SpringMockTestExecutionListener]
00:26:25.229 [main] INFO org.springframework.boot.test.autoconfigure.orm.jpa.DataJpaTestContextBootstrapper - Using TestExecutionListeners: [org.springframework.test.context.web.ServletTestExecutionListener@63e81ac6, org.springframework.test.context.support.DirtiesContextBeforeModesTestExecutionListener@45775a15, org.springframework.test.context.event.ApplicationEventsTestExecutionListener@2396dc4e, org.springframework.boot.test.mock.mockito.MockitoTestExecutionListener@7bb888b7, org.springframework.boot.test.autoconfigure.SpringBootDependencyInjectionTestExecutionListener@5825932c, org.springframework.test.context.support.DirtiesContextTestExecutionListener@277dddcf, org.springframework.test.context.transaction.TransactionalTestExecutionListener@321c01c2, org.springframework.test.context.jdbc.SqlScriptsTestExecutionListener@d5eca06, org.springframework.test.context.event.EventPublishingTestExecutionListener@79169472, org.springframework.security.test.context.support.WithSecurityContextTestExecutionListener@304cad3a, org.springframework.security.test.context.support.ReactorContextTestExecutionListener@628cb8e0, org.springframework.boot.test.mock.mockito.ResetMocksTestExecutionListener@19f9404d, org.springframework.boot.test.autoconfigure.restdocs.RestDocsTestExecutionListener@5481f204, org.springframework.boot.test.autoconfigure.web.client.MockRestServiceServerResetTestExecutionListener@171b0d3, org.springframework.boot.test.autoconfigure.web.servlet.MockMvcPrintOnlyOnFailureTestExecutionListener@63d43a5, org.springframework.boot.test.autoconfigure.web.servlet.WebDriverTestExecutionListener@55159007, org.springframework.boot.test.autoconfigure.webservices.client.MockWebServiceServerTestExecutionListener@edf4973, org.spockframework.spring.SpringMockTestExecutionListener@2a49753]
00:26:25.332 [main] DEBUG org.springframework.test.annotation.ProfileValueUtils - Retrieved @ProfileValueSourceConfiguration [null] for test class [pt.ulisboa.tecnico.socialsoftware.tutor.answer.service.ConcludeQuizTest]
00:26:25.332 [main] DEBUG org.springframework.test.annotation.ProfileValueUtils - Retrieved ProfileValueSource type [class org.springframework.test.annotation.SystemProfileValueSource] for class [pt.ulisboa.tecnico.socialsoftware.tutor.answer.service.ConcludeQuizTest]
00:26:25.332 [main] DEBUG org.springframework.test.annotation.ProfileValueUtils - Retrieved @ProfileValueSourceConfiguration [null] for test class [pt.ulisboa.tecnico.socialsoftware.tutor.answer.service.ConcludeQuizTest]
00:26:25.332 [main] DEBUG org.springframework.test.annotation.ProfileValueUtils - Retrieved ProfileValueSource type [class org.springframework.test.annotation.SystemProfileValueSource] for class [pt.ulisboa.tecnico.socialsoftware.tutor.answer.service.ConcludeQuizTest]
00:26:25.332 [main] DEBUG org.springframework.test.annotation.ProfileValueUtils - Retrieved @ProfileValueSourceConfiguration [null] for test class [pt.ulisboa.tecnico.socialsoftware.tutor.answer.service.ConcludeQuizTest]
00:26:25.332 [main] DEBUG org.springframework.test.annotation.ProfileValueUtils - Retrieved ProfileValueSource type [class org.springframework.test.annotation.SystemProfileValueSource] for class [pt.ulisboa.tecnico.socialsoftware.tutor.answer.service.ConcludeQuizTest]
00:26:25.332 [main] DEBUG org.springframework.test.annotation.ProfileValueUtils - Retrieved @ProfileValueSourceConfiguration [null] for test class [pt.ulisboa.tecnico.socialsoftware.tutor.answer.service.ConcludeQuizTest]
00:26:25.332 [main] DEBUG org.springframework.test.annotation.ProfileValueUtils - Retrieved ProfileValueSource type [class org.springframework.test.annotation.SystemProfileValueSource] for class [pt.ulisboa.tecnico.socialsoftware.tutor.answer.service.ConcludeQuizTest]
00:26:25.332 [main] DEBUG org.springframework.test.annotation.ProfileValueUtils - Retrieved @ProfileValueSourceConfiguration [null] for test class [pt.ulisboa.tecnico.socialsoftware.tutor.answer.service.ConcludeQuizTest]
00:26:25.332 [main] DEBUG org.springframework.test.annotation.ProfileValueUtils - Retrieved ProfileValueSource type [class org.springframework.test.annotation.SystemProfileValueSource] for class [pt.ulisboa.tecnico.socialsoftware.tutor.answer.service.ConcludeQuizTest]
00:26:25.332 [main] DEBUG org.springframework.test.annotation.ProfileValueUtils - Retrieved @ProfileValueSourceConfiguration [null] for test class [pt.ulisboa.tecnico.socialsoftware.tutor.answer.service.ConcludeQuizTest]
00:26:25.333 [main] DEBUG org.springframework.test.annotation.ProfileValueUtils - Retrieved ProfileValueSource type [class org.springframework.test.annotation.SystemProfileValueSource] for class [pt.ulisboa.tecnico.socialsoftware.tutor.answer.service.ConcludeQuizTest]
00:26:25.333 [main] DEBUG org.springframework.test.annotation.ProfileValueUtils - Retrieved @ProfileValueSourceConfiguration [null] for test class [pt.ulisboa.tecnico.socialsoftware.tutor.answer.service.ConcludeQuizTest]
00:26:25.333 [main] DEBUG org.springframework.test.annotation.ProfileValueUtils - Retrieved ProfileValueSource type [class org.springframework.test.annotation.SystemProfileValueSource] for class [pt.ulisboa.tecnico.socialsoftware.tutor.answer.service.ConcludeQuizTest]
00:26:25.333 [main] DEBUG org.springframework.test.annotation.ProfileValueUtils - Retrieved @ProfileValueSourceConfiguration [null] for test class [pt.ulisboa.tecnico.socialsoftware.tutor.answer.service.ConcludeQuizTest]
00:26:25.333 [main] DEBUG org.springframework.test.annotation.ProfileValueUtils - Retrieved ProfileValueSource type [class org.springframework.test.annotation.SystemProfileValueSource] for class [pt.ulisboa.tecnico.socialsoftware.tutor.answer.service.ConcludeQuizTest]
00:26:25.333 [main] DEBUG org.springframework.test.context.BootstrapUtils - Instantiating CacheAwareContextLoaderDelegate from class [org.springframework.test.context.cache.DefaultCacheAwareContextLoaderDelegate]
00:26:25.333 [main] DEBUG org.springframework.test.context.BootstrapUtils - Instantiating BootstrapContext using constructor [public org.springframework.test.context.support.DefaultBootstrapContext(java.lang.Class,org.springframework.test.context.CacheAwareContextLoaderDelegate)]
00:26:25.333 [main] DEBUG org.springframework.test.context.BootstrapUtils - Instantiating TestContextBootstrapper for test class [pt.ulisboa.tecnico.socialsoftware.tutor.answer.service.ConcludeQuizTest] from class [org.springframework.boot.test.autoconfigure.orm.jpa.DataJpaTestContextBootstrapper]
00:26:25.334 [main] INFO org.springframework.boot.test.autoconfigure.orm.jpa.DataJpaTestContextBootstrapper - Neither @ContextConfiguration nor @ContextHierarchy found for test class [pt.ulisboa.tecnico.socialsoftware.tutor.answer.service.ConcludeQuizTest], using SpringBootContextLoader
00:26:25.334 [main] DEBUG org.springframework.test.context.support.AbstractContextLoader - Did not detect default resource location for test class [pt.ulisboa.tecnico.socialsoftware.tutor.answer.service.ConcludeQuizTest]: class path resource [pt/ulisboa/tecnico/socialsoftware/tutor/answer/service/ConcludeQuizTest-context.xml] does not exist
00:26:25.335 [main] DEBUG org.springframework.test.context.support.AbstractContextLoader - Did not detect default resource location for test class [pt.ulisboa.tecnico.socialsoftware.tutor.answer.service.ConcludeQuizTest]: class path resource [pt/ulisboa/tecnico/socialsoftware/tutor/answer/service/ConcludeQuizTestContext.groovy] does not exist
00:26:25.335 [main] INFO org.springframework.test.context.support.AbstractContextLoader - Could not detect default resource locations for test class [pt.ulisboa.tecnico.socialsoftware.tutor.answer.service.ConcludeQuizTest]: no resource found for suffixes {-context.xml, Context.groovy}.
00:26:25.340 [main] DEBUG org.springframework.test.context.support.ActiveProfilesUtils - Could not find an 'annotation declaring class' for annotation type [org.springframework.test.context.ActiveProfiles] and class [pt.ulisboa.tecnico.socialsoftware.tutor.answer.service.ConcludeQuizTest]
00:26:25.340 [main] INFO org.springframework.boot.test.context.SpringBootTestContextBootstrapper - Found @SpringBootConfiguration pt.ulisboa.tecnico.socialsoftware.tutor.TutorTestApplication for test class pt.ulisboa.tecnico.socialsoftware.tutor.answer.service.ConcludeQuizTest
00:26:25.363 [main] DEBUG org.springframework.boot.test.autoconfigure.orm.jpa.DataJpaTestContextBootstrapper - @TestExecutionListeners is not present for class [pt.ulisboa.tecnico.socialsoftware.tutor.answer.service.ConcludeQuizTest]: using defaults.
00:26:25.363 [main] INFO org.springframework.boot.test.autoconfigure.orm.jpa.DataJpaTestContextBootstrapper - Loaded default TestExecutionListener class names from location [META-INF/spring.factories]: [org.springframework.boot.test.mock.mockito.MockitoTestExecutionListener, org.springframework.boot.test.mock.mockito.ResetMocksTestExecutionListener, org.springframework.boot.test.autoconfigure.restdocs.RestDocsTestExecutionListener, org.springframework.boot.test.autoconfigure.web.client.MockRestServiceServerResetTestExecutionListener, org.springframework.boot.test.autoconfigure.web.servlet.MockMvcPrintOnlyOnFailureTestExecutionListener, org.springframework.boot.test.autoconfigure.web.servlet.WebDriverTestExecutionListener, org.springframework.boot.test.autoconfigure.webservices.client.MockWebServiceServerTestExecutionListener, org.springframework.test.context.web.ServletTestExecutionListener, org.springframework.test.context.support.DirtiesContextBeforeModesTestExecutionListener, org.springframework.test.context.event.ApplicationEventsTestExecutionListener, org.springframework.test.context.support.DependencyInjectionTestExecutionListener, org.springframework.test.context.support.DirtiesContextTestExecutionListener, org.springframework.test.context.transaction.TransactionalTestExecutionListener, org.springframework.test.context.jdbc.SqlScriptsTestExecutionListener, org.springframework.test.context.event.EventPublishingTestExecutionListener, org.springframework.security.test.context.support.WithSecurityContextTestExecutionListener, org.springframework.security.test.context.support.ReactorContextTestExecutionListener, org.spockframework.spring.SpringMockTestExecutionListener]
00:26:25.365 [main] INFO org.springframework.boot.test.autoconfigure.orm.jpa.DataJpaTestContextBootstrapper - Using TestExecutionListeners: [org.springframework.test.context.web.ServletTestExecutionListener@1978eab7, org.springframework.test.context.support.DirtiesContextBeforeModesTestExecutionListener@49dacc93, org.springframework.test.context.event.ApplicationEventsTestExecutionListener@dd025d9, org.springframework.boot.test.mock.mockito.MockitoTestExecutionListener@3bea478e, org.springframework.boot.test.autoconfigure.SpringBootDependencyInjectionTestExecutionListener@65192f16, org.springframework.test.context.support.DirtiesContextTestExecutionListener@7ab8c972, org.springframework.test.context.transaction.TransactionalTestExecutionListener@76cad511, org.springframework.test.context.jdbc.SqlScriptsTestExecutionListener@1ff52a71, org.springframework.test.context.event.EventPublishingTestExecutionListener@3338d706, org.springframework.security.test.context.support.WithSecurityContextTestExecutionListener@f776b4a, org.springframework.security.test.context.support.ReactorContextTestExecutionListener@2fb555e8, org.springframework.boot.test.mock.mockito.ResetMocksTestExecutionListener@19a544cd, org.springframework.boot.test.autoconfigure.restdocs.RestDocsTestExecutionListener@6c502018, org.springframework.boot.test.autoconfigure.web.client.MockRestServiceServerResetTestExecutionListener@58c93be3, org.springframework.boot.test.autoconfigure.web.servlet.MockMvcPrintOnlyOnFailureTestExecutionListener@5dd62f07, org.springframework.boot.test.autoconfigure.web.servlet.WebDriverTestExecutionListener@6e669b5c, org.springframework.boot.test.autoconfigure.webservices.client.MockWebServiceServerTestExecutionListener@3db3668, org.spockframework.spring.SpringMockTestExecutionListener@125c03d3]
00:26:25.366 [main] DEBUG org.springframework.test.annotation.ProfileValueUtils - Retrieved @ProfileValueSourceConfiguration [null] for test class [pt.ulisboa.tecnico.socialsoftware.tutor.answer.service.CreateQuizAnswerTest]
00:26:25.366 [main] DEBUG org.springframework.test.annotation.ProfileValueUtils - Retrieved ProfileValueSource type [class org.springframework.test.annotation.SystemProfileValueSource] for class [pt.ulisboa.tecnico.socialsoftware.tutor.answer.service.CreateQuizAnswerTest]
00:26:25.366 [main] DEBUG org.springframework.test.annotation.ProfileValueUtils - Retrieved @ProfileValueSourceConfiguration [null] for test class [pt.ulisboa.tecnico.socialsoftware.tutor.answer.service.CreateQuizAnswerTest]
00:26:25.366 [main] DEBUG org.springframework.test.annotation.ProfileValueUtils - Retrieved ProfileValueSource type [class org.springframework.test.annotation.SystemProfileValueSource] for class [pt.ulisboa.tecnico.socialsoftware.tutor.answer.service.CreateQuizAnswerTest]
00:26:25.366 [main] DEBUG org.springframework.test.context.BootstrapUtils - Instantiating CacheAwareContextLoaderDelegate from class [org.springframework.test.context.cache.DefaultCacheAwareContextLoaderDelegate]
00:26:25.366 [main] DEBUG org.springframework.test.context.BootstrapUtils - Instantiating BootstrapContext using constructor [public org.springframework.test.context.support.DefaultBootstrapContext(java.lang.Class,org.springframework.test.context.CacheAwareContextLoaderDelegate)]
00:26:25.366 [main] DEBUG org.springframework.test.context.BootstrapUtils - Instantiating TestContextBootstrapper for test class [pt.ulisboa.tecnico.socialsoftware.tutor.answer.service.CreateQuizAnswerTest] from class [org.springframework.boot.test.autoconfigure.orm.jpa.DataJpaTestContextBootstrapper]
00:26:25.366 [main] INFO org.springframework.boot.test.autoconfigure.orm.jpa.DataJpaTestContextBootstrapper - Neither @ContextConfiguration nor @ContextHierarchy found for test class [pt.ulisboa.tecnico.socialsoftware.tutor.answer.service.CreateQuizAnswerTest], using SpringBootContextLoader
00:26:25.367 [main] DEBUG org.springframework.test.context.support.AbstractContextLoader - Did not detect default resource location for test class [pt.ulisboa.tecnico.socialsoftware.tutor.answer.service.CreateQuizAnswerTest]: class path resource [pt/ulisboa/tecnico/socialsoftware/tutor/answer/service/CreateQuizAnswerTest-context.xml] does not exist
00:26:25.368 [main] DEBUG org.springframework.test.context.support.AbstractContextLoader - Did not detect default resource location for test class [pt.ulisboa.tecnico.socialsoftware.tutor.answer.service.CreateQuizAnswerTest]: class path resource [pt/ulisboa/tecnico/socialsoftware/tutor/answer/service/CreateQuizAnswerTestContext.groovy] does not exist
00:26:25.368 [main] INFO org.springframework.test.context.support.AbstractContextLoader - Could not detect default resource locations for test class [pt.ulisboa.tecnico.socialsoftware.tutor.answer.service.CreateQuizAnswerTest]: no resource found for suffixes {-context.xml, Context.groovy}.
00:26:25.372 [main] DEBUG org.springframework.test.context.support.ActiveProfilesUtils - Could not find an 'annotation declaring class' for annotation type [org.springframework.test.context.ActiveProfiles] and class [pt.ulisboa.tecnico.socialsoftware.tutor.answer.service.CreateQuizAnswerTest]
00:26:25.373 [main] INFO org.springframework.boot.test.context.SpringBootTestContextBootstrapper - Found @SpringBootConfiguration pt.ulisboa.tecnico.socialsoftware.tutor.TutorTestApplication for test class pt.ulisboa.tecnico.socialsoftware.tutor.answer.service.CreateQuizAnswerTest
00:26:25.374 [main] DEBUG org.springframework.boot.test.autoconfigure.orm.jpa.DataJpaTestContextBootstrapper - @TestExecutionListeners is not present for class [pt.ulisboa.tecnico.socialsoftware.tutor.answer.service.CreateQuizAnswerTest]: using defaults.
00:26:25.374 [main] INFO org.springframework.boot.test.autoconfigure.orm.jpa.DataJpaTestContextBootstrapper - Loaded default TestExecutionListener class names from location [META-INF/spring.factories]: [org.springframework.boot.test.mock.mockito.MockitoTestExecutionListener, org.springframework.boot.test.mock.mockito.ResetMocksTestExecutionListener, org.springframework.boot.test.autoconfigure.restdocs.RestDocsTestExecutionListener, org.springframework.boot.test.autoconfigure.web.client.MockRestServiceServerResetTestExecutionListener, org.springframework.boot.test.autoconfigure.web.servlet.MockMvcPrintOnlyOnFailureTestExecutionListener, org.springframework.boot.test.autoconfigure.web.servlet.WebDriverTestExecutionListener, org.springframework.boot.test.autoconfigure.webservices.client.MockWebServiceServerTestExecutionListener, org.springframework.test.context.web.ServletTestExecutionListener, org.springframework.test.context.support.DirtiesContextBeforeModesTestExecutionListener, org.springframework.test.context.event.ApplicationEventsTestExecutionListener, org.springframework.test.context.support.DependencyInjectionTestExecutionListener, org.springframework.test.context.support.DirtiesContextTestExecutionListener, org.springframework.test.context.transaction.TransactionalTestExecutionListener, org.springframework.test.context.jdbc.SqlScriptsTestExecutionListener, org.springframework.test.context.event.EventPublishingTestExecutionListener, org.springframework.security.test.context.support.WithSecurityContextTestExecutionListener, org.springframework.security.test.context.support.ReactorContextTestExecutionListener, org.spockframework.spring.SpringMockTestExecutionListener]
00:26:25.376 [main] INFO org.springframework.boot.test.autoconfigure.orm.jpa.DataJpaTestContextBootstrapper - Using TestExecutionListeners: [org.springframework.test.context.web.ServletTestExecutionListener@7e9ea888, org.springframework.test.context.support.DirtiesContextBeforeModesTestExecutionListener@24f8707c, org.springframework.test.context.event.ApplicationEventsTestExecutionListener@7e4a6afd, org.springframework.boot.test.mock.mockito.MockitoTestExecutionListener@c7aac7c, org.springframework.boot.test.autoconfigure.SpringBootDependencyInjectionTestExecutionListener@7ab8f93, org.springframework.test.context.support.DirtiesContextTestExecutionListener@6037748a, org.springframework.test.context.transaction.TransactionalTestExecutionListener@4d87e7f3, org.springframework.test.context.jdbc.SqlScriptsTestExecutionListener@14c7ab73, org.springframework.test.context.event.EventPublishingTestExecutionListener@4fcb796f, org.springframework.security.test.context.support.WithSecurityContextTestExecutionListener@1483c738, org.springframework.security.test.context.support.ReactorContextTestExecutionListener@66c91224, org.springframework.boot.test.mock.mockito.ResetMocksTestExecutionListener@4ffcb1bd, org.springframework.boot.test.autoconfigure.restdocs.RestDocsTestExecutionListener@5be8a92c, org.springframework.boot.test.autoconfigure.web.client.MockRestServiceServerResetTestExecutionListener@51d80f6e, org.springframework.boot.test.autoconfigure.web.servlet.MockMvcPrintOnlyOnFailureTestExecutionListener@7fae6f43, org.springframework.boot.test.autoconfigure.web.servlet.WebDriverTestExecutionListener@55f54852, org.springframework.boot.test.autoconfigure.webservices.client.MockWebServiceServerTestExecutionListener@4bca2a09, org.spockframework.spring.SpringMockTestExecutionListener@5af8ef61]
00:26:25.376 [main] DEBUG org.springframework.test.annotation.ProfileValueUtils - Retrieved @ProfileValueSourceConfiguration [null] for test class [pt.ulisboa.tecnico.socialsoftware.tutor.answer.service.FilterByAssessmentTest]
00:26:25.376 [main] DEBUG org.springframework.test.annotation.ProfileValueUtils - Retrieved ProfileValueSource type [class org.springframework.test.annotation.SystemProfileValueSource] for class [pt.ulisboa.tecnico.socialsoftware.tutor.answer.service.FilterByAssessmentTest]
00:26:25.376 [main] DEBUG org.springframework.test.annotation.ProfileValueUtils - Retrieved @ProfileValueSourceConfiguration [null] for test class [pt.ulisboa.tecnico.socialsoftware.tutor.answer.service.FilterByAssessmentTest]
00:26:25.376 [main] DEBUG org.springframework.test.annotation.ProfileValueUtils - Retrieved ProfileValueSource type [class org.springframework.test.annotation.SystemProfileValueSource] for class [pt.ulisboa.tecnico.socialsoftware.tutor.answer.service.FilterByAssessmentTest]
00:26:25.376 [main] DEBUG org.springframework.test.annotation.ProfileValueUtils - Retrieved @ProfileValueSourceConfiguration [null] for test class [pt.ulisboa.tecnico.socialsoftware.tutor.answer.service.FilterByAssessmentTest]
00:26:25.377 [main] DEBUG org.springframework.test.annotation.ProfileValueUtils - Retrieved ProfileValueSource type [class org.springframework.test.annotation.SystemProfileValueSource] for class [pt.ulisboa.tecnico.socialsoftware.tutor.answer.service.FilterByAssessmentTest]
00:26:25.377 [main] DEBUG org.springframework.test.annotation.ProfileValueUtils - Retrieved @ProfileValueSourceConfiguration [null] for test class [pt.ulisboa.tecnico.socialsoftware.tutor.answer.service.FilterByAssessmentTest]
00:26:25.377 [main] DEBUG org.springframework.test.annotation.ProfileValueUtils - Retrieved ProfileValueSource type [class org.springframework.test.annotation.SystemProfileValueSource] for class [pt.ulisboa.tecnico.socialsoftware.tutor.answer.service.FilterByAssessmentTest]
00:26:25.377 [main] DEBUG org.springframework.test.context.BootstrapUtils - Instantiating CacheAwareContextLoaderDelegate from class [org.springframework.test.context.cache.DefaultCacheAwareContextLoaderDelegate]
00:26:25.377 [main] DEBUG org.springframework.test.context.BootstrapUtils - Instantiating BootstrapContext using constructor [public org.springframework.test.context.support.DefaultBootstrapContext(java.lang.Class,org.springframework.test.context.CacheAwareContextLoaderDelegate)]
00:26:25.377 [main] DEBUG org.springframework.test.context.BootstrapUtils - Instantiating TestContextBootstrapper for test class [pt.ulisboa.tecnico.socialsoftware.tutor.answer.service.FilterByAssessmentTest] from class [org.springframework.boot.test.autoconfigure.orm.jpa.DataJpaTestContextBootstrapper]
00:26:25.377 [main] INFO org.springframework.boot.test.autoconfigure.orm.jpa.DataJpaTestContextBootstrapper - Neither @ContextConfiguration nor @ContextHierarchy found for test class [pt.ulisboa.tecnico.socialsoftware.tutor.answer.service.FilterByAssessmentTest], using SpringBootContextLoader
00:26:25.379 [main] DEBUG org.springframework.test.context.support.AbstractContextLoader - Did not detect default resource location for test class [pt.ulisboa.tecnico.socialsoftware.tutor.answer.service.FilterByAssessmentTest]: class path resource [pt/ulisboa/tecnico/socialsoftware/tutor/answer/service/FilterByAssessmentTest-context.xml] does not exist
00:26:25.379 [main] DEBUG org.springframework.test.context.support.AbstractContextLoader - Did not detect default resource location for test class [pt.ulisboa.tecnico.socialsoftware.tutor.answer.service.FilterByAssessmentTest]: class path resource [pt/ulisboa/tecnico/socialsoftware/tutor/answer/service/FilterByAssessmentTestContext.groovy] does not exist
00:26:25.379 [main] INFO org.springframework.test.context.support.AbstractContextLoader - Could not detect default resource locations for test class [pt.ulisboa.tecnico.socialsoftware.tutor.answer.service.FilterByAssessmentTest]: no resource found for suffixes {-context.xml, Context.groovy}.
00:26:25.383 [main] DEBUG org.springframework.test.context.support.ActiveProfilesUtils - Could not find an 'annotation declaring class' for annotation type [org.springframework.test.context.ActiveProfiles] and class [pt.ulisboa.tecnico.socialsoftware.tutor.answer.service.FilterByAssessmentTest]
00:26:25.383 [main] INFO org.springframework.boot.test.context.SpringBootTestContextBootstrapper - Found @SpringBootConfiguration pt.ulisboa.tecnico.socialsoftware.tutor.TutorTestApplication for test class pt.ulisboa.tecnico.socialsoftware.tutor.answer.service.FilterByAssessmentTest
00:26:25.384 [main] DEBUG org.springframework.boot.test.autoconfigure.orm.jpa.DataJpaTestContextBootstrapper - @TestExecutionListeners is not present for class [pt.ulisboa.tecnico.socialsoftware.tutor.answer.service.FilterByAssessmentTest]: using defaults.
00:26:25.384 [main] INFO org.springframework.boot.test.autoconfigure.orm.jpa.DataJpaTestContextBootstrapper - Loaded default TestExecutionListener class names from location [META-INF/spring.factories]: [org.springframework.boot.test.mock.mockito.MockitoTestExecutionListener, org.springframework.boot.test.mock.mockito.ResetMocksTestExecutionListener, org.springframework.boot.test.autoconfigure.restdocs.RestDocsTestExecutionListener, org.springframework.boot.test.autoconfigure.web.client.MockRestServiceServerResetTestExecutionListener, org.springframework.boot.test.autoconfigure.web.servlet.MockMvcPrintOnlyOnFailureTestExecutionListener, org.springframework.boot.test.autoconfigure.web.servlet.WebDriverTestExecutionListener, org.springframework.boot.test.autoconfigure.webservices.client.MockWebServiceServerTestExecutionListener, org.springframework.test.context.web.ServletTestExecutionListener, org.springframework.test.context.support.DirtiesContextBeforeModesTestExecutionListener, org.springframework.test.context.event.ApplicationEventsTestExecutionListener, org.springframework.test.context.support.DependencyInjectionTestExecutionListener, org.springframework.test.context.support.DirtiesContextTestExecutionListener, org.springframework.test.context.transaction.TransactionalTestExecutionListener, org.springframework.test.context.jdbc.SqlScriptsTestExecutionListener, org.springframework.test.context.event.EventPublishingTestExecutionListener, org.springframework.security.test.context.support.WithSecurityContextTestExecutionListener, org.springframework.security.test.context.support.ReactorContextTestExecutionListener, org.spockframework.spring.SpringMockTestExecutionListener]
00:26:25.385 [main] INFO org.springframework.boot.test.autoconfigure.orm.jpa.DataJpaTestContextBootstrapper - Using TestExecutionListeners: [org.springframework.test.context.web.ServletTestExecutionListener@5620470a, org.springframework.test.context.support.DirtiesContextBeforeModesTestExecutionListener@29682244, org.springframework.test.context.event.ApplicationEventsTestExecutionListener@3368cf02, org.springframework.boot.test.mock.mockito.MockitoTestExecutionListener@2e76ade9, org.springframework.boot.test.autoconfigure.SpringBootDependencyInjectionTestExecutionListener@7a3ab73a, org.springframework.test.context.support.DirtiesContextTestExecutionListener@12a8d03b, org.springframework.test.context.transaction.TransactionalTestExecutionListener@67cd1db3, org.springframework.test.context.jdbc.SqlScriptsTestExecutionListener@7ccfed46, org.springframework.test.context.event.EventPublishingTestExecutionListener@53630682, org.springframework.security.test.context.support.WithSecurityContextTestExecutionListener@71e2ddd, org.springframework.security.test.context.support.ReactorContextTestExecutionListener@8318808, org.springframework.boot.test.mock.mockito.ResetMocksTestExecutionListener@b97f195, org.springframework.boot.test.autoconfigure.restdocs.RestDocsTestExecutionListener@408bb173, org.springframework.boot.test.autoconfigure.web.client.MockRestServiceServerResetTestExecutionListener@360d0c7a, org.springframework.boot.test.autoconfigure.web.servlet.MockMvcPrintOnlyOnFailureTestExecutionListener@32f8a37b, org.springframework.boot.test.autoconfigure.web.servlet.WebDriverTestExecutionListener@657e7e8, org.springframework.boot.test.autoconfigure.webservices.client.MockWebServiceServerTestExecutionListener@1b4ade78, org.spockframework.spring.SpringMockTestExecutionListener@45fa7fb7]
00:26:25.385 [main] DEBUG org.springframework.test.annotation.ProfileValueUtils - Retrieved @ProfileValueSourceConfiguration [null] for test class [pt.ulisboa.tecnico.socialsoftware.tutor.answer.service.GenerateStudentQuizTest]
00:26:25.385 [main] DEBUG org.springframework.test.annotation.ProfileValueUtils - Retrieved ProfileValueSource type [class org.springframework.test.annotation.SystemProfileValueSource] for class [pt.ulisboa.tecnico.socialsoftware.tutor.answer.service.GenerateStudentQuizTest]
00:26:25.385 [main] DEBUG org.springframework.test.annotation.ProfileValueUtils - Retrieved @ProfileValueSourceConfiguration [null] for test class [pt.ulisboa.tecnico.socialsoftware.tutor.answer.service.GenerateStudentQuizTest]
00:26:25.385 [main] DEBUG org.springframework.test.annotation.ProfileValueUtils - Retrieved ProfileValueSource type [class org.springframework.test.annotation.SystemProfileValueSource] for class [pt.ulisboa.tecnico.socialsoftware.tutor.answer.service.GenerateStudentQuizTest]
00:26:25.385 [main] DEBUG org.springframework.test.annotation.ProfileValueUtils - Retrieved @ProfileValueSourceConfiguration [null] for test class [pt.ulisboa.tecnico.socialsoftware.tutor.answer.service.GenerateStudentQuizTest]
00:26:25.385 [main] DEBUG org.springframework.test.annotation.ProfileValueUtils - Retrieved ProfileValueSource type [class org.springframework.test.annotation.SystemProfileValueSource] for class [pt.ulisboa.tecnico.socialsoftware.tutor.answer.service.GenerateStudentQuizTest]
00:26:25.386 [main] DEBUG org.springframework.test.annotation.ProfileValueUtils - Retrieved @ProfileValueSourceConfiguration [null] for test class [pt.ulisboa.tecnico.socialsoftware.tutor.answer.service.GenerateStudentQuizTest]
00:26:25.386 [main] DEBUG org.springframework.test.annotation.ProfileValueUtils - Retrieved ProfileValueSource type [class org.springframework.test.annotation.SystemProfileValueSource] for class [pt.ulisboa.tecnico.socialsoftware.tutor.answer.service.GenerateStudentQuizTest]
00:26:25.386 [main] DEBUG org.springframework.test.annotation.ProfileValueUtils - Retrieved @ProfileValueSourceConfiguration [null] for test class [pt.ulisboa.tecnico.socialsoftware.tutor.answer.service.GenerateStudentQuizTest]
00:26:25.386 [main] DEBUG org.springframework.test.annotation.ProfileValueUtils - Retrieved ProfileValueSource type [class org.springframework.test.annotation.SystemProfileValueSource] for class [pt.ulisboa.tecnico.socialsoftware.tutor.answer.service.GenerateStudentQuizTest]
00:26:25.386 [main] DEBUG org.springframework.test.context.BootstrapUtils - Instantiating CacheAwareContextLoaderDelegate from class [org.springframework.test.context.cache.DefaultCacheAwareContextLoaderDelegate]
00:26:25.386 [main] DEBUG org.springframework.test.context.BootstrapUtils - Instantiating BootstrapContext using constructor [public org.springframework.test.context.support.DefaultBootstrapContext(java.lang.Class,org.springframework.test.context.CacheAwareContextLoaderDelegate)]
00:26:25.386 [main] DEBUG org.springframework.test.context.BootstrapUtils - Instantiating TestContextBootstrapper for test class [pt.ulisboa.tecnico.socialsoftware.tutor.answer.service.GenerateStudentQuizTest] from class [org.springframework.boot.test.autoconfigure.orm.jpa.DataJpaTestContextBootstrapper]
00:26:25.387 [main] INFO org.springframework.boot.test.autoconfigure.orm.jpa.DataJpaTestContextBootstrapper - Neither @ContextConfiguration nor @ContextHierarchy found for test class [pt.ulisboa.tecnico.socialsoftware.tutor.answer.service.GenerateStudentQuizTest], using SpringBootContextLoader
00:26:25.388 [main] DEBUG org.springframework.test.context.support.AbstractContextLoader - Did not detect default resource location for test class [pt.ulisboa.tecnico.socialsoftware.tutor.answer.service.GenerateStudentQuizTest]: class path resource [pt/ulisboa/tecnico/socialsoftware/tutor/answer/service/GenerateStudentQuizTest-context.xml] does not exist
00:26:25.388 [main] DEBUG org.springframework.test.context.support.AbstractContextLoader - Did not detect default resource location for test class [pt.ulisboa.tecnico.socialsoftware.tutor.answer.service.GenerateStudentQuizTest]: class path resource [pt/ulisboa/tecnico/socialsoftware/tutor/answer/service/GenerateStudentQuizTestContext.groovy] does not exist
00:26:25.389 [main] INFO org.springframework.test.context.support.AbstractContextLoader - Could not detect default resource locations for test class [pt.ulisboa.tecnico.socialsoftware.tutor.answer.service.GenerateStudentQuizTest]: no resource found for suffixes {-context.xml, Context.groovy}.
00:26:25.393 [main] DEBUG org.springframework.test.context.support.ActiveProfilesUtils - Could not find an 'annotation declaring class' for annotation type [org.springframework.test.context.ActiveProfiles] and class [pt.ulisboa.tecnico.socialsoftware.tutor.answer.service.GenerateStudentQuizTest]
00:26:25.394 [main] INFO org.springframework.boot.test.context.SpringBootTestContextBootstrapper - Found @SpringBootConfiguration pt.ulisboa.tecnico.socialsoftware.tutor.TutorTestApplication for test class pt.ulisboa.tecnico.socialsoftware.tutor.answer.service.GenerateStudentQuizTest
00:26:25.395 [main] DEBUG org.springframework.boot.test.autoconfigure.orm.jpa.DataJpaTestContextBootstrapper - @TestExecutionListeners is not present for class [pt.ulisboa.tecnico.socialsoftware.tutor.answer.service.GenerateStudentQuizTest]: using defaults.
00:26:25.395 [main] INFO org.springframework.boot.test.autoconfigure.orm.jpa.DataJpaTestContextBootstrapper - Loaded default TestExecutionListener class names from location [META-INF/spring.factories]: [org.springframework.boot.test.mock.mockito.MockitoTestExecutionListener, org.springframework.boot.test.mock.mockito.ResetMocksTestExecutionListener, org.springframework.boot.test.autoconfigure.restdocs.RestDocsTestExecutionListener, org.springframework.boot.test.autoconfigure.web.client.MockRestServiceServerResetTestExecutionListener, org.springframework.boot.test.autoconfigure.web.servlet.MockMvcPrintOnlyOnFailureTestExecutionListener, org.springframework.boot.test.autoconfigure.web.servlet.WebDriverTestExecutionListener, org.springframework.boot.test.autoconfigure.webservices.client.MockWebServiceServerTestExecutionListener, org.springframework.test.context.web.ServletTestExecutionListener, org.springframework.test.context.support.DirtiesContextBeforeModesTestExecutionListener, org.springframework.test.context.event.ApplicationEventsTestExecutionListener, org.springframework.test.context.support.DependencyInjectionTestExecutionListener, org.springframework.test.context.support.DirtiesContextTestExecutionListener, org.springframework.test.context.transaction.TransactionalTestExecutionListener, org.springframework.test.context.jdbc.SqlScriptsTestExecutionListener, org.springframework.test.context.event.EventPublishingTestExecutionListener, org.springframework.security.test.context.support.WithSecurityContextTestExecutionListener, org.springframework.security.test.context.support.ReactorContextTestExecutionListener, org.spockframework.spring.SpringMockTestExecutionListener]
00:26:25.397 [main] INFO org.springframework.boot.test.autoconfigure.orm.jpa.DataJpaTestContextBootstrapper - Using TestExecutionListeners: [org.springframework.test.context.web.ServletTestExecutionListener@32eeef08, org.springframework.test.context.support.DirtiesContextBeforeModesTestExecutionListener@bbf361a, org.springframework.test.context.event.ApplicationEventsTestExecutionListener@46cb800b, org.springframework.boot.test.mock.mockito.MockitoTestExecutionListener@505a48a2, org.springframework.boot.test.autoconfigure.SpringBootDependencyInjectionTestExecutionListener@15096b0e, org.springframework.test.context.support.DirtiesContextTestExecutionListener@67748053, org.springframework.test.context.transaction.TransactionalTestExecutionListener@7da59f6e, org.springframework.test.context.jdbc.SqlScriptsTestExecutionListener@7fb8d720, org.springframework.test.context.event.EventPublishingTestExecutionListener@21b792c2, org.springframework.security.test.context.support.WithSecurityContextTestExecutionListener@6202f8bf, org.springframework.security.test.context.support.ReactorContextTestExecutionListener@330d557e, org.springframework.boot.test.mock.mockito.ResetMocksTestExecutionListener@ab595e8, org.springframework.boot.test.autoconfigure.restdocs.RestDocsTestExecutionListener@170937fe, org.springframework.boot.test.autoconfigure.web.client.MockRestServiceServerResetTestExecutionListener@623be2a0, org.springframework.boot.test.autoconfigure.web.servlet.MockMvcPrintOnlyOnFailureTestExecutionListener@3b44ed3c, org.springframework.boot.test.autoconfigure.web.servlet.WebDriverTestExecutionListener@1df83569, org.springframework.boot.test.autoconfigure.webservices.client.MockWebServiceServerTestExecutionListener@439047ef, org.spockframework.spring.SpringMockTestExecutionListener@7e0393df]
00:26:25.398 [main] DEBUG org.springframework.test.annotation.ProfileValueUtils - Retrieved @ProfileValueSourceConfiguration [null] for test class [pt.ulisboa.tecnico.socialsoftware.tutor.answer.service.GetAvailableQuizzesTest]
00:26:25.398 [main] DEBUG org.springframework.test.annotation.ProfileValueUtils - Retrieved ProfileValueSource type [class org.springframework.test.annotation.SystemProfileValueSource] for class [pt.ulisboa.tecnico.socialsoftware.tutor.answer.service.GetAvailableQuizzesTest]
00:26:25.398 [main] DEBUG org.springframework.test.annotation.ProfileValueUtils - Retrieved @ProfileValueSourceConfiguration [null] for test class [pt.ulisboa.tecnico.socialsoftware.tutor.answer.service.GetAvailableQuizzesTest]
00:26:25.398 [main] DEBUG org.springframework.test.annotation.ProfileValueUtils - Retrieved ProfileValueSource type [class org.springframework.test.annotation.SystemProfileValueSource] for class [pt.ulisboa.tecnico.socialsoftware.tutor.answer.service.GetAvailableQuizzesTest]
00:26:25.398 [main] DEBUG org.springframework.test.annotation.ProfileValueUtils - Retrieved @ProfileValueSourceConfiguration [null] for test class [pt.ulisboa.tecnico.socialsoftware.tutor.answer.service.GetAvailableQuizzesTest]
00:26:25.398 [main] DEBUG org.springframework.test.annotation.ProfileValueUtils - Retrieved ProfileValueSource type [class org.springframework.test.annotation.SystemProfileValueSource] for class [pt.ulisboa.tecnico.socialsoftware.tutor.answer.service.GetAvailableQuizzesTest]
00:26:25.398 [main] DEBUG org.springframework.test.annotation.ProfileValueUtils - Retrieved @ProfileValueSourceConfiguration [null] for test class [pt.ulisboa.tecnico.socialsoftware.tutor.answer.service.GetAvailableQuizzesTest]
00:26:25.399 [main] DEBUG org.springframework.test.annotation.ProfileValueUtils - Retrieved ProfileValueSource type [class org.springframework.test.annotation.SystemProfileValueSource] for class [pt.ulisboa.tecnico.socialsoftware.tutor.answer.service.GetAvailableQuizzesTest]
00:26:25.399 [main] DEBUG org.springframework.test.annotation.ProfileValueUtils - Retrieved @ProfileValueSourceConfiguration [null] for test class [pt.ulisboa.tecnico.socialsoftware.tutor.answer.service.GetAvailableQuizzesTest]
00:26:25.399 [main] DEBUG org.springframework.test.annotation.ProfileValueUtils - Retrieved ProfileValueSource type [class org.springframework.test.annotation.SystemProfileValueSource] for class [pt.ulisboa.tecnico.socialsoftware.tutor.answer.service.GetAvailableQuizzesTest]
00:26:25.399 [main] DEBUG org.springframework.test.context.BootstrapUtils - Instantiating CacheAwareContextLoaderDelegate from class [org.springframework.test.context.cache.DefaultCacheAwareContextLoaderDelegate]
00:26:25.399 [main] DEBUG org.springframework.test.context.BootstrapUtils - Instantiating BootstrapContext using constructor [public org.springframework.test.context.support.DefaultBootstrapContext(java.lang.Class,org.springframework.test.context.CacheAwareContextLoaderDelegate)]
00:26:25.399 [main] DEBUG org.springframework.test.context.BootstrapUtils - Instantiating TestContextBootstrapper for test class [pt.ulisboa.tecnico.socialsoftware.tutor.answer.service.GetAvailableQuizzesTest] from class [org.springframework.boot.test.autoconfigure.orm.jpa.DataJpaTestContextBootstrapper]
00:26:25.399 [main] INFO org.springframework.boot.test.autoconfigure.orm.jpa.DataJpaTestContextBootstrapper - Neither @ContextConfiguration nor @ContextHierarchy found for test class [pt.ulisboa.tecnico.socialsoftware.tutor.answer.service.GetAvailableQuizzesTest], using SpringBootContextLoader
00:26:25.400 [main] DEBUG org.springframework.test.context.support.AbstractContextLoader - Did not detect default resource location for test class [pt.ulisboa.tecnico.socialsoftware.tutor.answer.service.GetAvailableQuizzesTest]: class path resource [pt/ulisboa/tecnico/socialsoftware/tutor/answer/service/GetAvailableQuizzesTest-context.xml] does not exist
00:26:25.401 [main] DEBUG org.springframework.test.context.support.AbstractContextLoader - Did not detect default resource location for test class [pt.ulisboa.tecnico.socialsoftware.tutor.answer.service.GetAvailableQuizzesTest]: class path resource [pt/ulisboa/tecnico/socialsoftware/tutor/answer/service/GetAvailableQuizzesTestContext.groovy] does not exist
00:26:25.401 [main] INFO org.springframework.test.context.support.AbstractContextLoader - Could not detect default resource locations for test class [pt.ulisboa.tecnico.socialsoftware.tutor.answer.service.GetAvailableQuizzesTest]: no resource found for suffixes {-context.xml, Context.groovy}.
00:26:25.406 [main] DEBUG org.springframework.test.context.support.ActiveProfilesUtils - Could not find an 'annotation declaring class' for annotation type [org.springframework.test.context.ActiveProfiles] and class [pt.ulisboa.tecnico.socialsoftware.tutor.answer.service.GetAvailableQuizzesTest]
00:26:25.407 [main] INFO org.springframework.boot.test.context.SpringBootTestContextBootstrapper - Found @SpringBootConfiguration pt.ulisboa.tecnico.socialsoftware.tutor.TutorTestApplication for test class pt.ulisboa.tecnico.socialsoftware.tutor.answer.service.GetAvailableQuizzesTest
00:26:25.408 [main] DEBUG org.springframework.boot.test.autoconfigure.orm.jpa.DataJpaTestContextBootstrapper - @TestExecutionListeners is not present for class [pt.ulisboa.tecnico.socialsoftware.tutor.answer.service.GetAvailableQuizzesTest]: using defaults.
00:26:25.408 [main] INFO org.springframework.boot.test.autoconfigure.orm.jpa.DataJpaTestContextBootstrapper - Loaded default TestExecutionListener class names from location [META-INF/spring.factories]: [org.springframework.boot.test.mock.mockito.MockitoTestExecutionListener, org.springframework.boot.test.mock.mockito.ResetMocksTestExecutionListener, org.springframework.boot.test.autoconfigure.restdocs.RestDocsTestExecutionListener, org.springframework.boot.test.autoconfigure.web.client.MockRestServiceServerResetTestExecutionListener, org.springframework.boot.test.autoconfigure.web.servlet.MockMvcPrintOnlyOnFailureTestExecutionListener, org.springframework.boot.test.autoconfigure.web.servlet.WebDriverTestExecutionListener, org.springframework.boot.test.autoconfigure.webservices.client.MockWebServiceServerTestExecutionListener, org.springframework.test.context.web.ServletTestExecutionListener, org.springframework.test.context.support.DirtiesContextBeforeModesTestExecutionListener, org.springframework.test.context.event.ApplicationEventsTestExecutionListener, org.springframework.test.context.support.DependencyInjectionTestExecutionListener, org.springframework.test.context.support.DirtiesContextTestExecutionListener, org.springframework.test.context.transaction.TransactionalTestExecutionListener, org.springframework.test.context.jdbc.SqlScriptsTestExecutionListener, org.springframework.test.context.event.EventPublishingTestExecutionListener, org.springframework.security.test.context.support.WithSecurityContextTestExecutionListener, org.springframework.security.test.context.support.ReactorContextTestExecutionListener, org.spockframework.spring.SpringMockTestExecutionListener]
00:26:25.411 [main] INFO org.springframework.boot.test.autoconfigure.orm.jpa.DataJpaTestContextBootstrapper - Using TestExecutionListeners: [org.springframework.test.context.web.ServletTestExecutionListener@62b2bc2e, org.springframework.test.context.support.DirtiesContextBeforeModesTestExecutionListener@3e3d8e6c, org.springframework.test.context.event.ApplicationEventsTestExecutionListener@7fd3197b, org.springframework.boot.test.mock.mockito.MockitoTestExecutionListener@1d2ce035, org.springframework.boot.test.autoconfigure.SpringBootDependencyInjectionTestExecutionListener@6a087c72, org.springframework.test.context.support.DirtiesContextTestExecutionListener@3894d1b1, org.springframework.test.context.transaction.TransactionalTestExecutionListener@5f6b1f19, org.springframework.test.context.jdbc.SqlScriptsTestExecutionListener@253c7189, org.springframework.test.context.event.EventPublishingTestExecutionListener@cfe72b0, org.springframework.security.test.context.support.WithSecurityContextTestExecutionListener@12f933c7, org.springframework.security.test.context.support.ReactorContextTestExecutionListener@156d7556, org.springframework.boot.test.mock.mockito.ResetMocksTestExecutionListener@531bfe4b, org.springframework.boot.test.autoconfigure.restdocs.RestDocsTestExecutionListener@2c8f7d6a, org.springframework.boot.test.autoconfigure.web.client.MockRestServiceServerResetTestExecutionListener@77331437, org.springframework.boot.test.autoconfigure.web.servlet.MockMvcPrintOnlyOnFailureTestExecutionListener@98a0842, org.springframework.boot.test.autoconfigure.web.servlet.WebDriverTestExecutionListener@56f569e, org.springframework.boot.test.autoconfigure.webservices.client.MockWebServiceServerTestExecutionListener@525c0f74, org.spockframework.spring.SpringMockTestExecutionListener@3da12ba4]
00:26:25.412 [main] DEBUG org.springframework.test.annotation.ProfileValueUtils - Retrieved @ProfileValueSourceConfiguration [null] for test class [pt.ulisboa.tecnico.socialsoftware.tutor.answer.service.GetQuizByQRCodeTest]
00:26:25.412 [main] DEBUG org.springframework.test.annotation.ProfileValueUtils - Retrieved ProfileValueSource type [class org.springframework.test.annotation.SystemProfileValueSource] for class [pt.ulisboa.tecnico.socialsoftware.tutor.answer.service.GetQuizByQRCodeTest]
00:26:25.412 [main] DEBUG org.springframework.test.annotation.ProfileValueUtils - Retrieved @ProfileValueSourceConfiguration [null] for test class [pt.ulisboa.tecnico.socialsoftware.tutor.answer.service.GetQuizByQRCodeTest]
00:26:25.412 [main] DEBUG org.springframework.test.annotation.ProfileValueUtils - Retrieved ProfileValueSource type [class org.springframework.test.annotation.SystemProfileValueSource] for class [pt.ulisboa.tecnico.socialsoftware.tutor.answer.service.GetQuizByQRCodeTest]
00:26:25.412 [main] DEBUG org.springframework.test.annotation.ProfileValueUtils - Retrieved @ProfileValueSourceConfiguration [null] for test class [pt.ulisboa.tecnico.socialsoftware.tutor.answer.service.GetQuizByQRCodeTest]
00:26:25.412 [main] DEBUG org.springframework.test.annotation.ProfileValueUtils - Retrieved ProfileValueSource type [class org.springframework.test.annotation.SystemProfileValueSource] for class [pt.ulisboa.tecnico.socialsoftware.tutor.answer.service.GetQuizByQRCodeTest]
00:26:25.412 [main] DEBUG org.springframework.test.annotation.ProfileValueUtils - Retrieved @ProfileValueSourceConfiguration [null] for test class [pt.ulisboa.tecnico.socialsoftware.tutor.answer.service.GetQuizByQRCodeTest]
00:26:25.412 [main] DEBUG org.springframework.test.annotation.ProfileValueUtils - Retrieved ProfileValueSource type [class org.springframework.test.annotation.SystemProfileValueSource] for class [pt.ulisboa.tecnico.socialsoftware.tutor.answer.service.GetQuizByQRCodeTest]
00:26:25.412 [main] DEBUG org.springframework.test.annotation.ProfileValueUtils - Retrieved @ProfileValueSourceConfiguration [null] for test class [pt.ulisboa.tecnico.socialsoftware.tutor.answer.service.GetQuizByQRCodeTest]
00:26:25.412 [main] DEBUG org.springframework.test.annotation.ProfileValueUtils - Retrieved ProfileValueSource type [class org.springframework.test.annotation.SystemProfileValueSource] for class [pt.ulisboa.tecnico.socialsoftware.tutor.answer.service.GetQuizByQRCodeTest]
00:26:25.412 [main] DEBUG org.springframework.test.annotation.ProfileValueUtils - Retrieved @ProfileValueSourceConfiguration [null] for test class [pt.ulisboa.tecnico.socialsoftware.tutor.answer.service.GetQuizByQRCodeTest]
00:26:25.412 [main] DEBUG org.springframework.test.annotation.ProfileValueUtils - Retrieved ProfileValueSource type [class org.springframework.test.annotation.SystemProfileValueSource] for class [pt.ulisboa.tecnico.socialsoftware.tutor.answer.service.GetQuizByQRCodeTest]
00:26:25.412 [main] DEBUG org.springframework.test.annotation.ProfileValueUtils - Retrieved @ProfileValueSourceConfiguration [null] for test class [pt.ulisboa.tecnico.socialsoftware.tutor.answer.service.GetQuizByQRCodeTest]
00:26:25.421 [main] DEBUG org.springframework.test.annotation.ProfileValueUtils - Retrieved ProfileValueSource type [class org.springframework.test.annotation.SystemProfileValueSource] for class [pt.ulisboa.tecnico.socialsoftware.tutor.answer.service.GetQuizByQRCodeTest]
00:26:25.421 [main] DEBUG org.springframework.test.context.BootstrapUtils - Instantiating CacheAwareContextLoaderDelegate from class [org.springframework.test.context.cache.DefaultCacheAwareContextLoaderDelegate]
00:26:25.421 [main] DEBUG org.springframework.test.context.BootstrapUtils - Instantiating BootstrapContext using constructor [public org.springframework.test.context.support.DefaultBootstrapContext(java.lang.Class,org.springframework.test.context.CacheAwareContextLoaderDelegate)]
00:26:25.421 [main] DEBUG org.springframework.test.context.BootstrapUtils - Instantiating TestContextBootstrapper for test class [pt.ulisboa.tecnico.socialsoftware.tutor.answer.service.GetQuizByQRCodeTest] from class [org.springframework.boot.test.autoconfigure.orm.jpa.DataJpaTestContextBootstrapper]
00:26:25.422 [main] INFO org.springframework.boot.test.autoconfigure.orm.jpa.DataJpaTestContextBootstrapper - Neither @ContextConfiguration nor @ContextHierarchy found for test class [pt.ulisboa.tecnico.socialsoftware.tutor.answer.service.GetQuizByQRCodeTest], using SpringBootContextLoader
00:26:25.423 [main] DEBUG org.springframework.test.context.support.AbstractContextLoader - Did not detect default resource location for test class [pt.ulisboa.tecnico.socialsoftware.tutor.answer.service.GetQuizByQRCodeTest]: class path resource [pt/ulisboa/tecnico/socialsoftware/tutor/answer/service/GetQuizByQRCodeTest-context.xml] does not exist
00:26:25.424 [main] DEBUG org.springframework.test.context.support.AbstractContextLoader - Did not detect default resource location for test class [pt.ulisboa.tecnico.socialsoftware.tutor.answer.service.GetQuizByQRCodeTest]: class path resource [pt/ulisboa/tecnico/socialsoftware/tutor/answer/service/GetQuizByQRCodeTestContext.groovy] does not exist
00:26:25.424 [main] INFO org.springframework.test.context.support.AbstractContextLoader - Could not detect default resource locations for test class [pt.ulisboa.tecnico.socialsoftware.tutor.answer.service.GetQuizByQRCodeTest]: no resource found for suffixes {-context.xml, Context.groovy}.
00:26:25.429 [main] DEBUG org.springframework.test.context.support.ActiveProfilesUtils - Could not find an 'annotation declaring class' for annotation type [org.springframework.test.context.ActiveProfiles] and class [pt.ulisboa.tecnico.socialsoftware.tutor.answer.service.GetQuizByQRCodeTest]
00:26:25.430 [main] INFO org.springframework.boot.test.context.SpringBootTestContextBootstrapper - Found @SpringBootConfiguration pt.ulisboa.tecnico.socialsoftware.tutor.TutorTestApplication for test class pt.ulisboa.tecnico.socialsoftware.tutor.answer.service.GetQuizByQRCodeTest
00:26:25.431 [main] DEBUG org.springframework.boot.test.autoconfigure.orm.jpa.DataJpaTestContextBootstrapper - @TestExecutionListeners is not present for class [pt.ulisboa.tecnico.socialsoftware.tutor.answer.service.GetQuizByQRCodeTest]: using defaults.
00:26:25.431 [main] INFO org.springframework.boot.test.autoconfigure.orm.jpa.DataJpaTestContextBootstrapper - Loaded default TestExecutionListener class names from location [META-INF/spring.factories]: [org.springframework.boot.test.mock.mockito.MockitoTestExecutionListener, org.springframework.boot.test.mock.mockito.ResetMocksTestExecutionListener, org.springframework.boot.test.autoconfigure.restdocs.RestDocsTestExecutionListener, org.springframework.boot.test.autoconfigure.web.client.MockRestServiceServerResetTestExecutionListener, org.springframework.boot.test.autoconfigure.web.servlet.MockMvcPrintOnlyOnFailureTestExecutionListener, org.springframework.boot.test.autoconfigure.web.servlet.WebDriverTestExecutionListener, org.springframework.boot.test.autoconfigure.webservices.client.MockWebServiceServerTestExecutionListener, org.springframework.test.context.web.ServletTestExecutionListener, org.springframework.test.context.support.DirtiesContextBeforeModesTestExecutionListener, org.springframework.test.context.event.ApplicationEventsTestExecutionListener, org.springframework.test.context.support.DependencyInjectionTestExecutionListener, org.springframework.test.context.support.DirtiesContextTestExecutionListener, org.springframework.test.context.transaction.TransactionalTestExecutionListener, org.springframework.test.context.jdbc.SqlScriptsTestExecutionListener, org.springframework.test.context.event.EventPublishingTestExecutionListener, org.springframework.security.test.context.support.WithSecurityContextTestExecutionListener, org.springframework.security.test.context.support.ReactorContextTestExecutionListener, org.spockframework.spring.SpringMockTestExecutionListener]
00:26:25.433 [main] INFO org.springframework.boot.test.autoconfigure.orm.jpa.DataJpaTestContextBootstrapper - Using TestExecutionListeners: [org.springframework.test.context.web.ServletTestExecutionListener@64b0ec4a, org.springframework.test.context.support.DirtiesContextBeforeModesTestExecutionListener@1b949de4, org.springframework.test.context.event.ApplicationEventsTestExecutionListener@2981064d, org.springframework.boot.test.mock.mockito.MockitoTestExecutionListener@1dc9e4d2, org.springframework.boot.test.autoconfigure.SpringBootDependencyInjectionTestExecutionListener@7ef8899d, org.springframework.test.context.support.DirtiesContextTestExecutionListener@41bc501b, org.springframework.test.context.transaction.TransactionalTestExecutionListener@60ae950f, org.springframework.test.context.jdbc.SqlScriptsTestExecutionListener@321302bc, org.springframework.test.context.event.EventPublishingTestExecutionListener@89dd102, org.springframework.security.test.context.support.WithSecurityContextTestExecutionListener@2b826482, org.springframework.security.test.context.support.ReactorContextTestExecutionListener@3f908a10, org.springframework.boot.test.mock.mockito.ResetMocksTestExecutionListener@153c69bc, org.springframework.boot.test.autoconfigure.restdocs.RestDocsTestExecutionListener@73cfafd8, org.springframework.boot.test.autoconfigure.web.client.MockRestServiceServerResetTestExecutionListener@4b517357, org.springframework.boot.test.autoconfigure.web.servlet.MockMvcPrintOnlyOnFailureTestExecutionListener@702ab027, org.springframework.boot.test.autoconfigure.web.servlet.WebDriverTestExecutionListener@62d5617, org.springframework.boot.test.autoconfigure.webservices.client.MockWebServiceServerTestExecutionListener@8929865, org.spockframework.spring.SpringMockTestExecutionListener@489989eb]
00:26:25.433 [main] DEBUG org.springframework.test.annotation.ProfileValueUtils - Retrieved @ProfileValueSourceConfiguration [null] for test class [pt.ulisboa.tecnico.socialsoftware.tutor.answer.service.GetSolvedQuizzesTest]
00:26:25.434 [main] DEBUG org.springframework.test.annotation.ProfileValueUtils - Retrieved ProfileValueSource type [class org.springframework.test.annotation.SystemProfileValueSource] for class [pt.ulisboa.tecnico.socialsoftware.tutor.answer.service.GetSolvedQuizzesTest]
00:26:25.434 [main] DEBUG org.springframework.test.annotation.ProfileValueUtils - Retrieved @ProfileValueSourceConfiguration [null] for test class [pt.ulisboa.tecnico.socialsoftware.tutor.answer.service.GetSolvedQuizzesTest]
00:26:25.434 [main] DEBUG org.springframework.test.annotation.ProfileValueUtils - Retrieved ProfileValueSource type [class org.springframework.test.annotation.SystemProfileValueSource] for class [pt.ulisboa.tecnico.socialsoftware.tutor.answer.service.GetSolvedQuizzesTest]
00:26:25.434 [main] DEBUG org.springframework.test.annotation.ProfileValueUtils - Retrieved @ProfileValueSourceConfiguration [null] for test class [pt.ulisboa.tecnico.socialsoftware.tutor.answer.service.GetSolvedQuizzesTest]
00:26:25.434 [main] DEBUG org.springframework.test.annotation.ProfileValueUtils - Retrieved ProfileValueSource type [class org.springframework.test.annotation.SystemProfileValueSource] for class [pt.ulisboa.tecnico.socialsoftware.tutor.answer.service.GetSolvedQuizzesTest]
00:26:25.434 [main] DEBUG org.springframework.test.context.BootstrapUtils - Instantiating CacheAwareContextLoaderDelegate from class [org.springframework.test.context.cache.DefaultCacheAwareContextLoaderDelegate]
00:26:25.434 [main] DEBUG org.springframework.test.context.BootstrapUtils - Instantiating BootstrapContext using constructor [public org.springframework.test.context.support.DefaultBootstrapContext(java.lang.Class,org.springframework.test.context.CacheAwareContextLoaderDelegate)]
00:26:25.434 [main] DEBUG org.springframework.test.context.BootstrapUtils - Instantiating TestContextBootstrapper for test class [pt.ulisboa.tecnico.socialsoftware.tutor.answer.service.GetSolvedQuizzesTest] from class [org.springframework.boot.test.autoconfigure.orm.jpa.DataJpaTestContextBootstrapper]
00:26:25.434 [main] INFO org.springframework.boot.test.autoconfigure.orm.jpa.DataJpaTestContextBootstrapper - Neither @ContextConfiguration nor @ContextHierarchy found for test class [pt.ulisboa.tecnico.socialsoftware.tutor.answer.service.GetSolvedQuizzesTest], using SpringBootContextLoader
00:26:25.435 [main] DEBUG org.springframework.test.context.support.AbstractContextLoader - Did not detect default resource location for test class [pt.ulisboa.tecnico.socialsoftware.tutor.answer.service.GetSolvedQuizzesTest]: class path resource [pt/ulisboa/tecnico/socialsoftware/tutor/answer/service/GetSolvedQuizzesTest-context.xml] does not exist
00:26:25.436 [main] DEBUG org.springframework.test.context.support.AbstractContextLoader - Did not detect default resource location for test class [pt.ulisboa.tecnico.socialsoftware.tutor.answer.service.GetSolvedQuizzesTest]: class path resource [pt/ulisboa/tecnico/socialsoftware/tutor/answer/service/GetSolvedQuizzesTestContext.groovy] does not exist
00:26:25.436 [main] INFO org.springframework.test.context.support.AbstractContextLoader - Could not detect default resource locations for test class [pt.ulisboa.tecnico.socialsoftware.tutor.answer.service.GetSolvedQuizzesTest]: no resource found for suffixes {-context.xml, Context.groovy}.
00:26:25.440 [main] DEBUG org.springframework.test.context.support.ActiveProfilesUtils - Could not find an 'annotation declaring class' for annotation type [org.springframework.test.context.ActiveProfiles] and class [pt.ulisboa.tecnico.socialsoftware.tutor.answer.service.GetSolvedQuizzesTest]
00:26:25.441 [main] INFO org.springframework.boot.test.context.SpringBootTestContextBootstrapper - Found @SpringBootConfiguration pt.ulisboa.tecnico.socialsoftware.tutor.TutorTestApplication for test class pt.ulisboa.tecnico.socialsoftware.tutor.answer.service.GetSolvedQuizzesTest
00:26:25.442 [main] DEBUG org.springframework.boot.test.autoconfigure.orm.jpa.DataJpaTestContextBootstrapper - @TestExecutionListeners is not present for class [pt.ulisboa.tecnico.socialsoftware.tutor.answer.service.GetSolvedQuizzesTest]: using defaults.
00:26:25.442 [main] INFO org.springframework.boot.test.autoconfigure.orm.jpa.DataJpaTestContextBootstrapper - Loaded default TestExecutionListener class names from location [META-INF/spring.factories]: [org.springframework.boot.test.mock.mockito.MockitoTestExecutionListener, org.springframework.boot.test.mock.mockito.ResetMocksTestExecutionListener, org.springframework.boot.test.autoconfigure.restdocs.RestDocsTestExecutionListener, org.springframework.boot.test.autoconfigure.web.client.MockRestServiceServerResetTestExecutionListener, org.springframework.boot.test.autoconfigure.web.servlet.MockMvcPrintOnlyOnFailureTestExecutionListener, org.springframework.boot.test.autoconfigure.web.servlet.WebDriverTestExecutionListener, org.springframework.boot.test.autoconfigure.webservices.client.MockWebServiceServerTestExecutionListener, org.springframework.test.context.web.ServletTestExecutionListener, org.springframework.test.context.support.DirtiesContextBeforeModesTestExecutionListener, org.springframework.test.context.event.ApplicationEventsTestExecutionListener, org.springframework.test.context.support.DependencyInjectionTestExecutionListener, org.springframework.test.context.support.DirtiesContextTestExecutionListener, org.springframework.test.context.transaction.TransactionalTestExecutionListener, org.springframework.test.context.jdbc.SqlScriptsTestExecutionListener, org.springframework.test.context.event.EventPublishingTestExecutionListener, org.springframework.security.test.context.support.WithSecurityContextTestExecutionListener, org.springframework.security.test.context.support.ReactorContextTestExecutionListener, org.spockframework.spring.SpringMockTestExecutionListener]
00:26:25.444 [main] INFO org.springframework.boot.test.autoconfigure.orm.jpa.DataJpaTestContextBootstrapper - Using TestExecutionListeners: [org.springframework.test.context.web.ServletTestExecutionListener@6d97a357, org.springframework.test.context.support.DirtiesContextBeforeModesTestExecutionListener@1e6cd1c, org.springframework.test.context.event.ApplicationEventsTestExecutionListener@1dab2cf5, org.springframework.boot.test.mock.mockito.MockitoTestExecutionListener@19f9287a, org.springframework.boot.test.autoconfigure.SpringBootDependencyInjectionTestExecutionListener@4924ad09, org.springframework.test.context.support.DirtiesContextTestExecutionListener@7e9d171c, org.springframework.test.context.transaction.TransactionalTestExecutionListener@3a1540be, org.springframework.test.context.jdbc.SqlScriptsTestExecutionListener@6aff157e, org.springframework.test.context.event.EventPublishingTestExecutionListener@65fa1cd, org.springframework.security.test.context.support.WithSecurityContextTestExecutionListener@106c73ed, org.springframework.security.test.context.support.ReactorContextTestExecutionListener@6cd1ee, org.springframework.boot.test.mock.mockito.ResetMocksTestExecutionListener@122a6078, org.springframework.boot.test.autoconfigure.restdocs.RestDocsTestExecutionListener@6980fa39, org.springframework.boot.test.autoconfigure.web.client.MockRestServiceServerResetTestExecutionListener@1a000fff, org.springframework.boot.test.autoconfigure.web.servlet.MockMvcPrintOnlyOnFailureTestExecutionListener@7c855ef0, org.springframework.boot.test.autoconfigure.web.servlet.WebDriverTestExecutionListener@3dedc8b8, org.springframework.boot.test.autoconfigure.webservices.client.MockWebServiceServerTestExecutionListener@5352bc0e, org.spockframework.spring.SpringMockTestExecutionListener@49b73e6c]
00:26:25.445 [main] DEBUG org.springframework.test.annotation.ProfileValueUtils - Retrieved @ProfileValueSourceConfiguration [null] for test class [pt.ulisboa.tecnico.socialsoftware.tutor.answer.service.StartQuizTest]
00:26:25.445 [main] DEBUG org.springframework.test.annotation.ProfileValueUtils - Retrieved ProfileValueSource type [class org.springframework.test.annotation.SystemProfileValueSource] for class [pt.ulisboa.tecnico.socialsoftware.tutor.answer.service.StartQuizTest]
00:26:25.445 [main] DEBUG org.springframework.test.annotation.ProfileValueUtils - Retrieved @ProfileValueSourceConfiguration [null] for test class [pt.ulisboa.tecnico.socialsoftware.tutor.answer.service.StartQuizTest]
00:26:25.445 [main] DEBUG org.springframework.test.annotation.ProfileValueUtils - Retrieved ProfileValueSource type [class org.springframework.test.annotation.SystemProfileValueSource] for class [pt.ulisboa.tecnico.socialsoftware.tutor.answer.service.StartQuizTest]
00:26:25.445 [main] DEBUG org.springframework.test.annotation.ProfileValueUtils - Retrieved @ProfileValueSourceConfiguration [null] for test class [pt.ulisboa.tecnico.socialsoftware.tutor.answer.service.StartQuizTest]
00:26:25.445 [main] DEBUG org.springframework.test.annotation.ProfileValueUtils - Retrieved ProfileValueSource type [class org.springframework.test.annotation.SystemProfileValueSource] for class [pt.ulisboa.tecnico.socialsoftware.tutor.answer.service.StartQuizTest]
00:26:25.445 [main] DEBUG org.springframework.test.annotation.ProfileValueUtils - Retrieved @ProfileValueSourceConfiguration [null] for test class [pt.ulisboa.tecnico.socialsoftware.tutor.answer.service.StartQuizTest]
00:26:25.445 [main] DEBUG org.springframework.test.annotation.ProfileValueUtils - Retrieved ProfileValueSource type [class org.springframework.test.annotation.SystemProfileValueSource] for class [pt.ulisboa.tecnico.socialsoftware.tutor.answer.service.StartQuizTest]
00:26:25.445 [main] DEBUG org.springframework.test.annotation.ProfileValueUtils - Retrieved @ProfileValueSourceConfiguration [null] for test class [pt.ulisboa.tecnico.socialsoftware.tutor.answer.service.StartQuizTest]
00:26:25.445 [main] DEBUG org.springframework.test.annotation.ProfileValueUtils - Retrieved ProfileValueSource type [class org.springframework.test.annotation.SystemProfileValueSource] for class [pt.ulisboa.tecnico.socialsoftware.tutor.answer.service.StartQuizTest]
00:26:25.445 [main] DEBUG org.springframework.test.context.BootstrapUtils - Instantiating CacheAwareContextLoaderDelegate from class [org.springframework.test.context.cache.DefaultCacheAwareContextLoaderDelegate]
00:26:25.445 [main] DEBUG org.springframework.test.context.BootstrapUtils - Instantiating BootstrapContext using constructor [public org.springframework.test.context.support.DefaultBootstrapContext(java.lang.Class,org.springframework.test.context.CacheAwareContextLoaderDelegate)]
00:26:25.445 [main] DEBUG org.springframework.test.context.BootstrapUtils - Instantiating TestContextBootstrapper for test class [pt.ulisboa.tecnico.socialsoftware.tutor.answer.service.StartQuizTest] from class [org.springframework.boot.test.autoconfigure.orm.jpa.DataJpaTestContextBootstrapper]
00:26:25.446 [main] INFO org.springframework.boot.test.autoconfigure.orm.jpa.DataJpaTestContextBootstrapper - Neither @ContextConfiguration nor @ContextHierarchy found for test class [pt.ulisboa.tecnico.socialsoftware.tutor.answer.service.StartQuizTest], using SpringBootContextLoader
00:26:25.447 [main] DEBUG org.springframework.test.context.support.AbstractContextLoader - Did not detect default resource location for test class [pt.ulisboa.tecnico.socialsoftware.tutor.answer.service.StartQuizTest]: class path resource [pt/ulisboa/tecnico/socialsoftware/tutor/answer/service/StartQuizTest-context.xml] does not exist
00:26:25.447 [main] DEBUG org.springframework.test.context.support.AbstractContextLoader - Did not detect default resource location for test class [pt.ulisboa.tecnico.socialsoftware.tutor.answer.service.StartQuizTest]: class path resource [pt/ulisboa/tecnico/socialsoftware/tutor/answer/service/StartQuizTestContext.groovy] does not exist
00:26:25.448 [main] INFO org.springframework.test.context.support.AbstractContextLoader - Could not detect default resource locations for test class [pt.ulisboa.tecnico.socialsoftware.tutor.answer.service.StartQuizTest]: no resource found for suffixes {-context.xml, Context.groovy}.
00:26:25.451 [main] DEBUG org.springframework.test.context.support.ActiveProfilesUtils - Could not find an 'annotation declaring class' for annotation type [org.springframework.test.context.ActiveProfiles] and class [pt.ulisboa.tecnico.socialsoftware.tutor.answer.service.StartQuizTest]
00:26:25.451 [main] INFO org.springframework.boot.test.context.SpringBootTestContextBootstrapper - Found @SpringBootConfiguration pt.ulisboa.tecnico.socialsoftware.tutor.TutorTestApplication for test class pt.ulisboa.tecnico.socialsoftware.tutor.answer.service.StartQuizTest
00:26:25.452 [main] DEBUG org.springframework.boot.test.autoconfigure.orm.jpa.DataJpaTestContextBootstrapper - @TestExecutionListeners is not present for class [pt.ulisboa.tecnico.socialsoftware.tutor.answer.service.StartQuizTest]: using defaults.
00:26:25.452 [main] INFO org.springframework.boot.test.autoconfigure.orm.jpa.DataJpaTestContextBootstrapper - Loaded default TestExecutionListener class names from location [META-INF/spring.factories]: [org.springframework.boot.test.mock.mockito.MockitoTestExecutionListener, org.springframework.boot.test.mock.mockito.ResetMocksTestExecutionListener, org.springframework.boot.test.autoconfigure.restdocs.RestDocsTestExecutionListener, org.springframework.boot.test.autoconfigure.web.client.MockRestServiceServerResetTestExecutionListener, org.springframework.boot.test.autoconfigure.web.servlet.MockMvcPrintOnlyOnFailureTestExecutionListener, org.springframework.boot.test.autoconfigure.web.servlet.WebDriverTestExecutionListener, org.springframework.boot.test.autoconfigure.webservices.client.MockWebServiceServerTestExecutionListener, org.springframework.test.context.web.ServletTestExecutionListener, org.springframework.test.context.support.DirtiesContextBeforeModesTestExecutionListener, org.springframework.test.context.event.ApplicationEventsTestExecutionListener, org.springframework.test.context.support.DependencyInjectionTestExecutionListener, org.springframework.test.context.support.DirtiesContextTestExecutionListener, org.springframework.test.context.transaction.TransactionalTestExecutionListener, org.springframework.test.context.jdbc.SqlScriptsTestExecutionListener, org.springframework.test.context.event.EventPublishingTestExecutionListener, org.springframework.security.test.context.support.WithSecurityContextTestExecutionListener, org.springframework.security.test.context.support.ReactorContextTestExecutionListener, org.spockframework.spring.SpringMockTestExecutionListener]
00:26:25.453 [main] INFO org.springframework.boot.test.autoconfigure.orm.jpa.DataJpaTestContextBootstrapper - Using TestExecutionListeners: [org.springframework.test.context.web.ServletTestExecutionListener@1f138b74, org.springframework.test.context.support.DirtiesContextBeforeModesTestExecutionListener@4c682826, org.springframework.test.context.event.ApplicationEventsTestExecutionListener@a1c4f69, org.springframework.boot.test.mock.mockito.MockitoTestExecutionListener@7a285418, org.springframework.boot.test.autoconfigure.SpringBootDependencyInjectionTestExecutionListener@79e33802, org.springframework.test.context.support.DirtiesContextTestExecutionListener@74471600, org.springframework.test.context.transaction.TransactionalTestExecutionListener@1cc878e6, org.springframework.test.context.jdbc.SqlScriptsTestExecutionListener@247877f3, org.springframework.test.context.event.EventPublishingTestExecutionListener@44bb6856, org.springframework.security.test.context.support.WithSecurityContextTestExecutionListener@80081d7, org.springframework.security.test.context.support.ReactorContextTestExecutionListener@57d0c779, org.springframework.boot.test.mock.mockito.ResetMocksTestExecutionListener@3070f59f, org.springframework.boot.test.autoconfigure.restdocs.RestDocsTestExecutionListener@2f16c21f, org.springframework.boot.test.autoconfigure.web.client.MockRestServiceServerResetTestExecutionListener@2314f013, org.springframework.boot.test.autoconfigure.web.servlet.MockMvcPrintOnlyOnFailureTestExecutionListener@72ae1007, org.springframework.boot.test.autoconfigure.web.servlet.WebDriverTestExecutionListener@4545cfc0, org.springframework.boot.test.autoconfigure.webservices.client.MockWebServiceServerTestExecutionListener@5cdafb4d, org.spockframework.spring.SpringMockTestExecutionListener@58ca1cad]
00:26:25.454 [main] DEBUG org.springframework.test.annotation.ProfileValueUtils - Retrieved @ProfileValueSourceConfiguration [null] for test class [pt.ulisboa.tecnico.socialsoftware.tutor.auth.domain.CheckConfirmationTokenTest]
00:26:25.454 [main] DEBUG org.springframework.test.annotation.ProfileValueUtils - Retrieved ProfileValueSource type [class org.springframework.test.annotation.SystemProfileValueSource] for class [pt.ulisboa.tecnico.socialsoftware.tutor.auth.domain.CheckConfirmationTokenTest]
00:26:25.454 [main] DEBUG org.springframework.test.annotation.ProfileValueUtils - Retrieved @ProfileValueSourceConfiguration [null] for test class [pt.ulisboa.tecnico.socialsoftware.tutor.auth.domain.CheckConfirmationTokenTest]
00:26:25.454 [main] DEBUG org.springframework.test.annotation.ProfileValueUtils - Retrieved ProfileValueSource type [class org.springframework.test.annotation.SystemProfileValueSource] for class [pt.ulisboa.tecnico.socialsoftware.tutor.auth.domain.CheckConfirmationTokenTest]
00:26:25.454 [main] DEBUG org.springframework.test.annotation.ProfileValueUtils - Retrieved @ProfileValueSourceConfiguration [null] for test class [pt.ulisboa.tecnico.socialsoftware.tutor.auth.domain.CheckConfirmationTokenTest]
00:26:25.454 [main] DEBUG org.springframework.test.annotation.ProfileValueUtils - Retrieved ProfileValueSource type [class org.springframework.test.annotation.SystemProfileValueSource] for class [pt.ulisboa.tecnico.socialsoftware.tutor.auth.domain.CheckConfirmationTokenTest]
00:26:25.454 [main] DEBUG org.springframework.test.annotation.ProfileValueUtils - Retrieved @ProfileValueSourceConfiguration [null] for test class [pt.ulisboa.tecnico.socialsoftware.tutor.auth.domain.CheckConfirmationTokenTest]
00:26:25.454 [main] DEBUG org.springframework.test.annotation.ProfileValueUtils - Retrieved ProfileValueSource type [class org.springframework.test.annotation.SystemProfileValueSource] for class [pt.ulisboa.tecnico.socialsoftware.tutor.auth.domain.CheckConfirmationTokenTest]
00:26:25.454 [main] DEBUG org.springframework.test.context.BootstrapUtils - Instantiating CacheAwareContextLoaderDelegate from class [org.springframework.test.context.cache.DefaultCacheAwareContextLoaderDelegate]
00:26:25.455 [main] DEBUG org.springframework.test.context.BootstrapUtils - Instantiating BootstrapContext using constructor [public org.springframework.test.context.support.DefaultBootstrapContext(java.lang.Class,org.springframework.test.context.CacheAwareContextLoaderDelegate)]
00:26:25.455 [main] DEBUG org.springframework.test.context.BootstrapUtils - Instantiating TestContextBootstrapper for test class [pt.ulisboa.tecnico.socialsoftware.tutor.auth.domain.CheckConfirmationTokenTest] from class [org.springframework.boot.test.autoconfigure.orm.jpa.DataJpaTestContextBootstrapper]
00:26:25.456 [main] INFO org.springframework.boot.test.autoconfigure.orm.jpa.DataJpaTestContextBootstrapper - Neither @ContextConfiguration nor @ContextHierarchy found for test class [pt.ulisboa.tecnico.socialsoftware.tutor.auth.domain.CheckConfirmationTokenTest], using SpringBootContextLoader
00:26:25.458 [main] DEBUG org.springframework.test.context.support.AbstractContextLoader - Did not detect default resource location for test class [pt.ulisboa.tecnico.socialsoftware.tutor.auth.domain.CheckConfirmationTokenTest]: class path resource [pt/ulisboa/tecnico/socialsoftware/tutor/auth/domain/CheckConfirmationTokenTest-context.xml] does not exist
00:26:25.459 [main] DEBUG org.springframework.test.context.support.AbstractContextLoader - Did not detect default resource location for test class [pt.ulisboa.tecnico.socialsoftware.tutor.auth.domain.CheckConfirmationTokenTest]: class path resource [pt/ulisboa/tecnico/socialsoftware/tutor/auth/domain/CheckConfirmationTokenTestContext.groovy] does not exist
00:26:25.459 [main] INFO org.springframework.test.context.support.AbstractContextLoader - Could not detect default resource locations for test class [pt.ulisboa.tecnico.socialsoftware.tutor.auth.domain.CheckConfirmationTokenTest]: no resource found for suffixes {-context.xml, Context.groovy}.
00:26:25.464 [main] DEBUG org.springframework.test.context.support.ActiveProfilesUtils - Could not find an 'annotation declaring class' for annotation type [org.springframework.test.context.ActiveProfiles] and class [pt.ulisboa.tecnico.socialsoftware.tutor.auth.domain.CheckConfirmationTokenTest]
00:26:25.465 [main] INFO org.springframework.boot.test.context.SpringBootTestContextBootstrapper - Found @SpringBootConfiguration pt.ulisboa.tecnico.socialsoftware.tutor.TutorTestApplication for test class pt.ulisboa.tecnico.socialsoftware.tutor.auth.domain.CheckConfirmationTokenTest
00:26:25.467 [main] DEBUG org.springframework.boot.test.autoconfigure.orm.jpa.DataJpaTestContextBootstrapper - @TestExecutionListeners is not present for class [pt.ulisboa.tecnico.socialsoftware.tutor.auth.domain.CheckConfirmationTokenTest]: using defaults.
00:26:25.467 [main] INFO org.springframework.boot.test.autoconfigure.orm.jpa.DataJpaTestContextBootstrapper - Loaded default TestExecutionListener class names from location [META-INF/spring.factories]: [org.springframework.boot.test.mock.mockito.MockitoTestExecutionListener, org.springframework.boot.test.mock.mockito.ResetMocksTestExecutionListener, org.springframework.boot.test.autoconfigure.restdocs.RestDocsTestExecutionListener, org.springframework.boot.test.autoconfigure.web.client.MockRestServiceServerResetTestExecutionListener, org.springframework.boot.test.autoconfigure.web.servlet.MockMvcPrintOnlyOnFailureTestExecutionListener, org.springframework.boot.test.autoconfigure.web.servlet.WebDriverTestExecutionListener, org.springframework.boot.test.autoconfigure.webservices.client.MockWebServiceServerTestExecutionListener, org.springframework.test.context.web.ServletTestExecutionListener, org.springframework.test.context.support.DirtiesContextBeforeModesTestExecutionListener, org.springframework.test.context.event.ApplicationEventsTestExecutionListener, org.springframework.test.context.support.DependencyInjectionTestExecutionListener, org.springframework.test.context.support.DirtiesContextTestExecutionListener, org.springframework.test.context.transaction.TransactionalTestExecutionListener, org.springframework.test.context.jdbc.SqlScriptsTestExecutionListener, org.springframework.test.context.event.EventPublishingTestExecutionListener, org.springframework.security.test.context.support.WithSecurityContextTestExecutionListener, org.springframework.security.test.context.support.ReactorContextTestExecutionListener, org.spockframework.spring.SpringMockTestExecutionListener]
00:26:25.470 [main] INFO org.springframework.boot.test.autoconfigure.orm.jpa.DataJpaTestContextBootstrapper - Using TestExecutionListeners: [org.springframework.test.context.web.ServletTestExecutionListener@5ae6119b, org.springframework.test.context.support.DirtiesContextBeforeModesTestExecutionListener@31b6eec8, org.springframework.test.context.event.ApplicationEventsTestExecutionListener@3abd7b20, org.springframework.boot.test.mock.mockito.MockitoTestExecutionListener@329a27ae, org.springframework.boot.test.autoconfigure.SpringBootDependencyInjectionTestExecutionListener@589a82af, org.springframework.test.context.support.DirtiesContextTestExecutionListener@5edce7da, org.springframework.test.context.transaction.TransactionalTestExecutionListener@f69e35a, org.springframework.test.context.jdbc.SqlScriptsTestExecutionListener@6c2d124e, org.springframework.test.context.event.EventPublishingTestExecutionListener@602e7a9e, org.springframework.security.test.context.support.WithSecurityContextTestExecutionListener@59f5a376, org.springframework.security.test.context.support.ReactorContextTestExecutionListener@19c6e821, org.springframework.boot.test.mock.mockito.ResetMocksTestExecutionListener@1dfd3635, org.springframework.boot.test.autoconfigure.restdocs.RestDocsTestExecutionListener@e14559e, org.springframework.boot.test.autoconfigure.web.client.MockRestServiceServerResetTestExecutionListener@7a0eb939, org.springframework.boot.test.autoconfigure.web.servlet.MockMvcPrintOnlyOnFailureTestExecutionListener@54a7d1b9, org.springframework.boot.test.autoconfigure.web.servlet.WebDriverTestExecutionListener@209f0986, org.springframework.boot.test.autoconfigure.webservices.client.MockWebServiceServerTestExecutionListener@c0b10ae, org.spockframework.spring.SpringMockTestExecutionListener@3c3a767]
00:26:25.470 [main] DEBUG org.springframework.test.annotation.ProfileValueUtils - Retrieved @ProfileValueSourceConfiguration [null] for test class [pt.ulisboa.tecnico.socialsoftware.tutor.auth.domain.CreateAuthUserTest]
00:26:25.470 [main] DEBUG org.springframework.test.annotation.ProfileValueUtils - Retrieved ProfileValueSource type [class org.springframework.test.annotation.SystemProfileValueSource] for class [pt.ulisboa.tecnico.socialsoftware.tutor.auth.domain.CreateAuthUserTest]
00:26:25.470 [main] DEBUG org.springframework.test.annotation.ProfileValueUtils - Retrieved @ProfileValueSourceConfiguration [null] for test class [pt.ulisboa.tecnico.socialsoftware.tutor.auth.domain.CreateAuthUserTest]
00:26:25.470 [main] DEBUG org.springframework.test.annotation.ProfileValueUtils - Retrieved ProfileValueSource type [class org.springframework.test.annotation.SystemProfileValueSource] for class [pt.ulisboa.tecnico.socialsoftware.tutor.auth.domain.CreateAuthUserTest]
00:26:25.470 [main] DEBUG org.springframework.test.context.BootstrapUtils - Instantiating CacheAwareContextLoaderDelegate from class [org.springframework.test.context.cache.DefaultCacheAwareContextLoaderDelegate]
00:26:25.471 [main] DEBUG org.springframework.test.context.BootstrapUtils - Instantiating BootstrapContext using constructor [public org.springframework.test.context.support.DefaultBootstrapContext(java.lang.Class,org.springframework.test.context.CacheAwareContextLoaderDelegate)]
00:26:25.471 [main] DEBUG org.springframework.test.context.BootstrapUtils - Instantiating TestContextBootstrapper for test class [pt.ulisboa.tecnico.socialsoftware.tutor.auth.domain.CreateAuthUserTest] from class [org.springframework.boot.test.autoconfigure.orm.jpa.DataJpaTestContextBootstrapper]
00:26:25.472 [main] INFO org.springframework.boot.test.autoconfigure.orm.jpa.DataJpaTestContextBootstrapper - Neither @ContextConfiguration nor @ContextHierarchy found for test class [pt.ulisboa.tecnico.socialsoftware.tutor.auth.domain.CreateAuthUserTest], using SpringBootContextLoader
00:26:25.473 [main] DEBUG org.springframework.test.context.support.AbstractContextLoader - Did not detect default resource location for test class [pt.ulisboa.tecnico.socialsoftware.tutor.auth.domain.CreateAuthUserTest]: class path resource [pt/ulisboa/tecnico/socialsoftware/tutor/auth/domain/CreateAuthUserTest-context.xml] does not exist
00:26:25.474 [main] DEBUG org.springframework.test.context.support.AbstractContextLoader - Did not detect default resource location for test class [pt.ulisboa.tecnico.socialsoftware.tutor.auth.domain.CreateAuthUserTest]: class path resource [pt/ulisboa/tecnico/socialsoftware/tutor/auth/domain/CreateAuthUserTestContext.groovy] does not exist
00:26:25.474 [main] INFO org.springframework.test.context.support.AbstractContextLoader - Could not detect default resource locations for test class [pt.ulisboa.tecnico.socialsoftware.tutor.auth.domain.CreateAuthUserTest]: no resource found for suffixes {-context.xml, Context.groovy}.
00:26:25.480 [main] DEBUG org.springframework.test.context.support.ActiveProfilesUtils - Could not find an 'annotation declaring class' for annotation type [org.springframework.test.context.ActiveProfiles] and class [pt.ulisboa.tecnico.socialsoftware.tutor.auth.domain.CreateAuthUserTest]
00:26:25.481 [main] INFO org.springframework.boot.test.context.SpringBootTestContextBootstrapper - Found @SpringBootConfiguration pt.ulisboa.tecnico.socialsoftware.tutor.TutorTestApplication for test class pt.ulisboa.tecnico.socialsoftware.tutor.auth.domain.CreateAuthUserTest
00:26:25.482 [main] DEBUG org.springframework.boot.test.autoconfigure.orm.jpa.DataJpaTestContextBootstrapper - @TestExecutionListeners is not present for class [pt.ulisboa.tecnico.socialsoftware.tutor.auth.domain.CreateAuthUserTest]: using defaults.
00:26:25.482 [main] INFO org.springframework.boot.test.autoconfigure.orm.jpa.DataJpaTestContextBootstrapper - Loaded default TestExecutionListener class names from location [META-INF/spring.factories]: [org.springframework.boot.test.mock.mockito.MockitoTestExecutionListener, org.springframework.boot.test.mock.mockito.ResetMocksTestExecutionListener, org.springframework.boot.test.autoconfigure.restdocs.RestDocsTestExecutionListener, org.springframework.boot.test.autoconfigure.web.client.MockRestServiceServerResetTestExecutionListener, org.springframework.boot.test.autoconfigure.web.servlet.MockMvcPrintOnlyOnFailureTestExecutionListener, org.springframework.boot.test.autoconfigure.web.servlet.WebDriverTestExecutionListener, org.springframework.boot.test.autoconfigure.webservices.client.MockWebServiceServerTestExecutionListener, org.springframework.test.context.web.ServletTestExecutionListener, org.springframework.test.context.support.DirtiesContextBeforeModesTestExecutionListener, org.springframework.test.context.event.ApplicationEventsTestExecutionListener, org.springframework.test.context.support.DependencyInjectionTestExecutionListener, org.springframework.test.context.support.DirtiesContextTestExecutionListener, org.springframework.test.context.transaction.TransactionalTestExecutionListener, org.springframework.test.context.jdbc.SqlScriptsTestExecutionListener, org.springframework.test.context.event.EventPublishingTestExecutionListener, org.springframework.security.test.context.support.WithSecurityContextTestExecutionListener, org.springframework.security.test.context.support.ReactorContextTestExecutionListener, org.spockframework.spring.SpringMockTestExecutionListener]
00:26:25.484 [main] INFO org.springframework.boot.test.autoconfigure.orm.jpa.DataJpaTestContextBootstrapper - Using TestExecutionListeners: [org.springframework.test.context.web.ServletTestExecutionListener@698394bf, org.springframework.test.context.support.DirtiesContextBeforeModesTestExecutionListener@31887330, org.springframework.test.context.event.ApplicationEventsTestExecutionListener@65528bcf, org.springframework.boot.test.mock.mockito.MockitoTestExecutionListener@7bb4f09d, org.springframework.boot.test.autoconfigure.SpringBootDependencyInjectionTestExecutionListener@ee7a538, org.springframework.test.context.support.DirtiesContextTestExecutionListener@7c045627, org.springframework.test.context.transaction.TransactionalTestExecutionListener@d79a69b, org.springframework.test.context.jdbc.SqlScriptsTestExecutionListener@51158fb1, org.springframework.test.context.event.EventPublishingTestExecutionListener@62682ece, org.springframework.security.test.context.support.WithSecurityContextTestExecutionListener@3c83e9ca, org.springframework.security.test.context.support.ReactorContextTestExecutionListener@7c0ecdbf, org.springframework.boot.test.mock.mockito.ResetMocksTestExecutionListener@19bad88, org.springframework.boot.test.autoconfigure.restdocs.RestDocsTestExecutionListener@2226fd2b, org.springframework.boot.test.autoconfigure.web.client.MockRestServiceServerResetTestExecutionListener@1488d1c, org.springframework.boot.test.autoconfigure.web.servlet.MockMvcPrintOnlyOnFailureTestExecutionListener@b21cbbf, org.springframework.boot.test.autoconfigure.web.servlet.WebDriverTestExecutionListener@578ac0be, org.springframework.boot.test.autoconfigure.webservices.client.MockWebServiceServerTestExecutionListener@4250b0c1, org.spockframework.spring.SpringMockTestExecutionListener@7b5e5fa]
00:26:25.485 [main] DEBUG org.springframework.test.annotation.ProfileValueUtils - Retrieved @ProfileValueSourceConfiguration [null] for test class [pt.ulisboa.tecnico.socialsoftware.tutor.auth.service.DemoAuthTest]
00:26:25.485 [main] DEBUG org.springframework.test.annotation.ProfileValueUtils - Retrieved ProfileValueSource type [class org.springframework.test.annotation.SystemProfileValueSource] for class [pt.ulisboa.tecnico.socialsoftware.tutor.auth.service.DemoAuthTest]
00:26:25.485 [main] DEBUG org.springframework.test.annotation.ProfileValueUtils - Retrieved @ProfileValueSourceConfiguration [null] for test class [pt.ulisboa.tecnico.socialsoftware.tutor.auth.service.DemoAuthTest]
00:26:25.485 [main] DEBUG org.springframework.test.annotation.ProfileValueUtils - Retrieved ProfileValueSource type [class org.springframework.test.annotation.SystemProfileValueSource] for class [pt.ulisboa.tecnico.socialsoftware.tutor.auth.service.DemoAuthTest]
00:26:25.485 [main] DEBUG org.springframework.test.annotation.ProfileValueUtils - Retrieved @ProfileValueSourceConfiguration [null] for test class [pt.ulisboa.tecnico.socialsoftware.tutor.auth.service.DemoAuthTest]
00:26:25.485 [main] DEBUG org.springframework.test.annotation.ProfileValueUtils - Retrieved ProfileValueSource type [class org.springframework.test.annotation.SystemProfileValueSource] for class [pt.ulisboa.tecnico.socialsoftware.tutor.auth.service.DemoAuthTest]
00:26:25.485 [main] DEBUG org.springframework.test.annotation.ProfileValueUtils - Retrieved @ProfileValueSourceConfiguration [null] for test class [pt.ulisboa.tecnico.socialsoftware.tutor.auth.service.DemoAuthTest]
00:26:25.485 [main] DEBUG org.springframework.test.annotation.ProfileValueUtils - Retrieved ProfileValueSource type [class org.springframework.test.annotation.SystemProfileValueSource] for class [pt.ulisboa.tecnico.socialsoftware.tutor.auth.service.DemoAuthTest]
00:26:25.485 [main] DEBUG org.springframework.test.annotation.ProfileValueUtils - Retrieved @ProfileValueSourceConfiguration [null] for test class [pt.ulisboa.tecnico.socialsoftware.tutor.auth.service.DemoAuthTest]
00:26:25.485 [main] DEBUG org.springframework.test.annotation.ProfileValueUtils - Retrieved ProfileValueSource type [class org.springframework.test.annotation.SystemProfileValueSource] for class [pt.ulisboa.tecnico.socialsoftware.tutor.auth.service.DemoAuthTest]
00:26:25.485 [main] DEBUG org.springframework.test.annotation.ProfileValueUtils - Retrieved @ProfileValueSourceConfiguration [null] for test class [pt.ulisboa.tecnico.socialsoftware.tutor.auth.service.DemoAuthTest]
00:26:25.485 [main] DEBUG org.springframework.test.annotation.ProfileValueUtils - Retrieved ProfileValueSource type [class org.springframework.test.annotation.SystemProfileValueSource] for class [pt.ulisboa.tecnico.socialsoftware.tutor.auth.service.DemoAuthTest]
00:26:25.485 [main] DEBUG org.springframework.test.context.BootstrapUtils - Instantiating CacheAwareContextLoaderDelegate from class [org.springframework.test.context.cache.DefaultCacheAwareContextLoaderDelegate]
00:26:25.485 [main] DEBUG org.springframework.test.context.BootstrapUtils - Instantiating BootstrapContext using constructor [public org.springframework.test.context.support.DefaultBootstrapContext(java.lang.Class,org.springframework.test.context.CacheAwareContextLoaderDelegate)]
00:26:25.486 [main] DEBUG org.springframework.test.context.BootstrapUtils - Instantiating TestContextBootstrapper for test class [pt.ulisboa.tecnico.socialsoftware.tutor.auth.service.DemoAuthTest] from class [org.springframework.boot.test.autoconfigure.orm.jpa.DataJpaTestContextBootstrapper]
00:26:25.486 [main] INFO org.springframework.boot.test.autoconfigure.orm.jpa.DataJpaTestContextBootstrapper - Neither @ContextConfiguration nor @ContextHierarchy found for test class [pt.ulisboa.tecnico.socialsoftware.tutor.auth.service.DemoAuthTest], using SpringBootContextLoader
00:26:25.488 [main] DEBUG org.springframework.test.context.support.AbstractContextLoader - Did not detect default resource location for test class [pt.ulisboa.tecnico.socialsoftware.tutor.auth.service.DemoAuthTest]: class path resource [pt/ulisboa/tecnico/socialsoftware/tutor/auth/service/DemoAuthTest-context.xml] does not exist
00:26:25.489 [main] DEBUG org.springframework.test.context.support.AbstractContextLoader - Did not detect default resource location for test class [pt.ulisboa.tecnico.socialsoftware.tutor.auth.service.DemoAuthTest]: class path resource [pt/ulisboa/tecnico/socialsoftware/tutor/auth/service/DemoAuthTestContext.groovy] does not exist
00:26:25.489 [main] INFO org.springframework.test.context.support.AbstractContextLoader - Could not detect default resource locations for test class [pt.ulisboa.tecnico.socialsoftware.tutor.auth.service.DemoAuthTest]: no resource found for suffixes {-context.xml, Context.groovy}.
00:26:25.494 [main] DEBUG org.springframework.test.context.support.ActiveProfilesUtils - Could not find an 'annotation declaring class' for annotation type [org.springframework.test.context.ActiveProfiles] and class [pt.ulisboa.tecnico.socialsoftware.tutor.auth.service.DemoAuthTest]
00:26:25.495 [main] INFO org.springframework.boot.test.context.SpringBootTestContextBootstrapper - Found @SpringBootConfiguration pt.ulisboa.tecnico.socialsoftware.tutor.TutorTestApplication for test class pt.ulisboa.tecnico.socialsoftware.tutor.auth.service.DemoAuthTest
00:26:25.496 [main] DEBUG org.springframework.boot.test.autoconfigure.orm.jpa.DataJpaTestContextBootstrapper - @TestExecutionListeners is not present for class [pt.ulisboa.tecnico.socialsoftware.tutor.auth.service.DemoAuthTest]: using defaults.
00:26:25.496 [main] INFO org.springframework.boot.test.autoconfigure.orm.jpa.DataJpaTestContextBootstrapper - Loaded default TestExecutionListener class names from location [META-INF/spring.factories]: [org.springframework.boot.test.mock.mockito.MockitoTestExecutionListener, org.springframework.boot.test.mock.mockito.ResetMocksTestExecutionListener, org.springframework.boot.test.autoconfigure.restdocs.RestDocsTestExecutionListener, org.springframework.boot.test.autoconfigure.web.client.MockRestServiceServerResetTestExecutionListener, org.springframework.boot.test.autoconfigure.web.servlet.MockMvcPrintOnlyOnFailureTestExecutionListener, org.springframework.boot.test.autoconfigure.web.servlet.WebDriverTestExecutionListener, org.springframework.boot.test.autoconfigure.webservices.client.MockWebServiceServerTestExecutionListener, org.springframework.test.context.web.ServletTestExecutionListener, org.springframework.test.context.support.DirtiesContextBeforeModesTestExecutionListener, org.springframework.test.context.event.ApplicationEventsTestExecutionListener, org.springframework.test.context.support.DependencyInjectionTestExecutionListener, org.springframework.test.context.support.DirtiesContextTestExecutionListener, org.springframework.test.context.transaction.TransactionalTestExecutionListener, org.springframework.test.context.jdbc.SqlScriptsTestExecutionListener, org.springframework.test.context.event.EventPublishingTestExecutionListener, org.springframework.security.test.context.support.WithSecurityContextTestExecutionListener, org.springframework.security.test.context.support.ReactorContextTestExecutionListener, org.spockframework.spring.SpringMockTestExecutionListener]
00:26:25.498 [main] INFO org.springframework.boot.test.autoconfigure.orm.jpa.DataJpaTestContextBootstrapper - Using TestExecutionListeners: [org.springframework.test.context.web.ServletTestExecutionListener@24caa80, org.springframework.test.context.support.DirtiesContextBeforeModesTestExecutionListener@3420547, org.springframework.test.context.event.ApplicationEventsTestExecutionListener@44d36b56, org.springframework.boot.test.mock.mockito.MockitoTestExecutionListener@6ce1cc03, org.springframework.boot.test.autoconfigure.SpringBootDependencyInjectionTestExecutionListener@b1e63b5, org.springframework.test.context.support.DirtiesContextTestExecutionListener@186537ac, org.springframework.test.context.transaction.TransactionalTestExecutionListener@4733662d, org.springframework.test.context.jdbc.SqlScriptsTestExecutionListener@25502b1c, org.springframework.test.context.event.EventPublishingTestExecutionListener@5dabe7c8, org.springframework.security.test.context.support.WithSecurityContextTestExecutionListener@6c427386, org.springframework.security.test.context.support.ReactorContextTestExecutionListener@301c622d, org.springframework.boot.test.mock.mockito.ResetMocksTestExecutionListener@14b0b7f9, org.springframework.boot.test.autoconfigure.restdocs.RestDocsTestExecutionListener@16a78700, org.springframework.boot.test.autoconfigure.web.client.MockRestServiceServerResetTestExecutionListener@69860811, org.springframework.boot.test.autoconfigure.web.servlet.MockMvcPrintOnlyOnFailureTestExecutionListener@3ad80206, org.springframework.boot.test.autoconfigure.web.servlet.WebDriverTestExecutionListener@2b4675db, org.springframework.boot.test.autoconfigure.webservices.client.MockWebServiceServerTestExecutionListener@1737834, org.spockframework.spring.SpringMockTestExecutionListener@58ec3e8b]
00:26:25.499 [main] DEBUG org.springframework.test.annotation.ProfileValueUtils - Retrieved @ProfileValueSourceConfiguration [null] for test class [pt.ulisboa.tecnico.socialsoftware.tutor.auth.service.ExternalUserAuthTest]
00:26:25.499 [main] DEBUG org.springframework.test.annotation.ProfileValueUtils - Retrieved ProfileValueSource type [class org.springframework.test.annotation.SystemProfileValueSource] for class [pt.ulisboa.tecnico.socialsoftware.tutor.auth.service.ExternalUserAuthTest]
00:26:25.499 [main] DEBUG org.springframework.test.annotation.ProfileValueUtils - Retrieved @ProfileValueSourceConfiguration [null] for test class [pt.ulisboa.tecnico.socialsoftware.tutor.auth.service.ExternalUserAuthTest]
00:26:25.499 [main] DEBUG org.springframework.test.annotation.ProfileValueUtils - Retrieved ProfileValueSource type [class org.springframework.test.annotation.SystemProfileValueSource] for class [pt.ulisboa.tecnico.socialsoftware.tutor.auth.service.ExternalUserAuthTest]
00:26:25.499 [main] DEBUG org.springframework.test.annotation.ProfileValueUtils - Retrieved @ProfileValueSourceConfiguration [null] for test class [pt.ulisboa.tecnico.socialsoftware.tutor.auth.service.ExternalUserAuthTest]
00:26:25.499 [main] DEBUG org.springframework.test.annotation.ProfileValueUtils - Retrieved ProfileValueSource type [class org.springframework.test.annotation.SystemProfileValueSource] for class [pt.ulisboa.tecnico.socialsoftware.tutor.auth.service.ExternalUserAuthTest]
00:26:25.499 [main] DEBUG org.springframework.test.context.BootstrapUtils - Instantiating CacheAwareContextLoaderDelegate from class [org.springframework.test.context.cache.DefaultCacheAwareContextLoaderDelegate]
00:26:25.499 [main] DEBUG org.springframework.test.context.BootstrapUtils - Instantiating BootstrapContext using constructor [public org.springframework.test.context.support.DefaultBootstrapContext(java.lang.Class,org.springframework.test.context.CacheAwareContextLoaderDelegate)]
00:26:25.499 [main] DEBUG org.springframework.test.context.BootstrapUtils - Instantiating TestContextBootstrapper for test class [pt.ulisboa.tecnico.socialsoftware.tutor.auth.service.ExternalUserAuthTest] from class [org.springframework.boot.test.autoconfigure.orm.jpa.DataJpaTestContextBootstrapper]
00:26:25.500 [main] INFO org.springframework.boot.test.autoconfigure.orm.jpa.DataJpaTestContextBootstrapper - Neither @ContextConfiguration nor @ContextHierarchy found for test class [pt.ulisboa.tecnico.socialsoftware.tutor.auth.service.ExternalUserAuthTest], using SpringBootContextLoader
00:26:25.501 [main] DEBUG org.springframework.test.context.support.AbstractContextLoader - Did not detect default resource location for test class [pt.ulisboa.tecnico.socialsoftware.tutor.auth.service.ExternalUserAuthTest]: class path resource [pt/ulisboa/tecnico/socialsoftware/tutor/auth/service/ExternalUserAuthTest-context.xml] does not exist
00:26:25.501 [main] DEBUG org.springframework.test.context.support.AbstractContextLoader - Did not detect default resource location for test class [pt.ulisboa.tecnico.socialsoftware.tutor.auth.service.ExternalUserAuthTest]: class path resource [pt/ulisboa/tecnico/socialsoftware/tutor/auth/service/ExternalUserAuthTestContext.groovy] does not exist
00:26:25.502 [main] INFO org.springframework.test.context.support.AbstractContextLoader - Could not detect default resource locations for test class [pt.ulisboa.tecnico.socialsoftware.tutor.auth.service.ExternalUserAuthTest]: no resource found for suffixes {-context.xml, Context.groovy}.
00:26:25.510 [main] DEBUG org.springframework.test.context.support.ActiveProfilesUtils - Could not find an 'annotation declaring class' for annotation type [org.springframework.test.context.ActiveProfiles] and class [pt.ulisboa.tecnico.socialsoftware.tutor.auth.service.ExternalUserAuthTest]
00:26:25.511 [main] INFO org.springframework.boot.test.context.SpringBootTestContextBootstrapper - Found @SpringBootConfiguration pt.ulisboa.tecnico.socialsoftware.tutor.TutorTestApplication for test class pt.ulisboa.tecnico.socialsoftware.tutor.auth.service.ExternalUserAuthTest
00:26:25.512 [main] DEBUG org.springframework.boot.test.autoconfigure.orm.jpa.DataJpaTestContextBootstrapper - @TestExecutionListeners is not present for class [pt.ulisboa.tecnico.socialsoftware.tutor.auth.service.ExternalUserAuthTest]: using defaults.
00:26:25.512 [main] INFO org.springframework.boot.test.autoconfigure.orm.jpa.DataJpaTestContextBootstrapper - Loaded default TestExecutionListener class names from location [META-INF/spring.factories]: [org.springframework.boot.test.mock.mockito.MockitoTestExecutionListener, org.springframework.boot.test.mock.mockito.ResetMocksTestExecutionListener, org.springframework.boot.test.autoconfigure.restdocs.RestDocsTestExecutionListener, org.springframework.boot.test.autoconfigure.web.client.MockRestServiceServerResetTestExecutionListener, org.springframework.boot.test.autoconfigure.web.servlet.MockMvcPrintOnlyOnFailureTestExecutionListener, org.springframework.boot.test.autoconfigure.web.servlet.WebDriverTestExecutionListener, org.springframework.boot.test.autoconfigure.webservices.client.MockWebServiceServerTestExecutionListener, org.springframework.test.context.web.ServletTestExecutionListener, org.springframework.test.context.support.DirtiesContextBeforeModesTestExecutionListener, org.springframework.test.context.event.ApplicationEventsTestExecutionListener, org.springframework.test.context.support.DependencyInjectionTestExecutionListener, org.springframework.test.context.support.DirtiesContextTestExecutionListener, org.springframework.test.context.transaction.TransactionalTestExecutionListener, org.springframework.test.context.jdbc.SqlScriptsTestExecutionListener, org.springframework.test.context.event.EventPublishingTestExecutionListener, org.springframework.security.test.context.support.WithSecurityContextTestExecutionListener, org.springframework.security.test.context.support.ReactorContextTestExecutionListener, org.spockframework.spring.SpringMockTestExecutionListener]
00:26:25.514 [main] INFO org.springframework.boot.test.autoconfigure.orm.jpa.DataJpaTestContextBootstrapper - Using TestExecutionListeners: [org.springframework.test.context.web.ServletTestExecutionListener@22decfa2, org.springframework.test.context.support.DirtiesContextBeforeModesTestExecutionListener@3aae9e8f, org.springframework.test.context.event.ApplicationEventsTestExecutionListener@2086f336, org.springframework.boot.test.mock.mockito.MockitoTestExecutionListener@19a799cb, org.springframework.boot.test.autoconfigure.SpringBootDependencyInjectionTestExecutionListener@4d50f682, org.springframework.test.context.support.DirtiesContextTestExecutionListener@3445341, org.springframework.test.context.transaction.TransactionalTestExecutionListener@14cc1f5c, org.springframework.test.context.jdbc.SqlScriptsTestExecutionListener@3100b5cf, org.springframework.test.context.event.EventPublishingTestExecutionListener@7baea18b, org.springframework.security.test.context.support.WithSecurityContextTestExecutionListener@5ad13be4, org.springframework.security.test.context.support.ReactorContextTestExecutionListener@2e93f91d, org.springframework.boot.test.mock.mockito.ResetMocksTestExecutionListener@1a899fcd, org.springframework.boot.test.autoconfigure.restdocs.RestDocsTestExecutionListener@14a5d7ee, org.springframework.boot.test.autoconfigure.web.client.MockRestServiceServerResetTestExecutionListener@4778c085, org.springframework.boot.test.autoconfigure.web.servlet.MockMvcPrintOnlyOnFailureTestExecutionListener@76929266, org.springframework.boot.test.autoconfigure.web.servlet.WebDriverTestExecutionListener@20331c8e, org.springframework.boot.test.autoconfigure.webservices.client.MockWebServiceServerTestExecutionListener@1a13b5c1, org.spockframework.spring.SpringMockTestExecutionListener@1b6e32ee]
00:26:25.515 [main] DEBUG org.springframework.test.annotation.ProfileValueUtils - Retrieved @ProfileValueSourceConfiguration [null] for test class [pt.ulisboa.tecnico.socialsoftware.tutor.auth.service.FenixAuthTest]
00:26:25.515 [main] DEBUG org.springframework.test.annotation.ProfileValueUtils - Retrieved ProfileValueSource type [class org.springframework.test.annotation.SystemProfileValueSource] for class [pt.ulisboa.tecnico.socialsoftware.tutor.auth.service.FenixAuthTest]
00:26:25.515 [main] DEBUG org.springframework.test.annotation.ProfileValueUtils - Retrieved @ProfileValueSourceConfiguration [null] for test class [pt.ulisboa.tecnico.socialsoftware.tutor.auth.service.FenixAuthTest]
00:26:25.515 [main] DEBUG org.springframework.test.annotation.ProfileValueUtils - Retrieved ProfileValueSource type [class org.springframework.test.annotation.SystemProfileValueSource] for class [pt.ulisboa.tecnico.socialsoftware.tutor.auth.service.FenixAuthTest]
00:26:25.515 [main] DEBUG org.springframework.test.annotation.ProfileValueUtils - Retrieved @ProfileValueSourceConfiguration [null] for test class [pt.ulisboa.tecnico.socialsoftware.tutor.auth.service.FenixAuthTest]
00:26:25.515 [main] DEBUG org.springframework.test.annotation.ProfileValueUtils - Retrieved ProfileValueSource type [class org.springframework.test.annotation.SystemProfileValueSource] for class [pt.ulisboa.tecnico.socialsoftware.tutor.auth.service.FenixAuthTest]
00:26:25.515 [main] DEBUG org.springframework.test.annotation.ProfileValueUtils - Retrieved @ProfileValueSourceConfiguration [null] for test class [pt.ulisboa.tecnico.socialsoftware.tutor.auth.service.FenixAuthTest]
00:26:25.515 [main] DEBUG org.springframework.test.annotation.ProfileValueUtils - Retrieved ProfileValueSource type [class org.springframework.test.annotation.SystemProfileValueSource] for class [pt.ulisboa.tecnico.socialsoftware.tutor.auth.service.FenixAuthTest]
00:26:25.515 [main] DEBUG org.springframework.test.annotation.ProfileValueUtils - Retrieved @ProfileValueSourceConfiguration [null] for test class [pt.ulisboa.tecnico.socialsoftware.tutor.auth.service.FenixAuthTest]
00:26:25.515 [main] DEBUG org.springframework.test.annotation.ProfileValueUtils - Retrieved ProfileValueSource type [class org.springframework.test.annotation.SystemProfileValueSource] for class [pt.ulisboa.tecnico.socialsoftware.tutor.auth.service.FenixAuthTest]
00:26:25.515 [main] DEBUG org.springframework.test.annotation.ProfileValueUtils - Retrieved @ProfileValueSourceConfiguration [null] for test class [pt.ulisboa.tecnico.socialsoftware.tutor.auth.service.FenixAuthTest]
00:26:25.516 [main] DEBUG org.springframework.test.annotation.ProfileValueUtils - Retrieved ProfileValueSource type [class org.springframework.test.annotation.SystemProfileValueSource] for class [pt.ulisboa.tecnico.socialsoftware.tutor.auth.service.FenixAuthTest]
00:26:25.516 [main] DEBUG org.springframework.test.annotation.ProfileValueUtils - Retrieved @ProfileValueSourceConfiguration [null] for test class [pt.ulisboa.tecnico.socialsoftware.tutor.auth.service.FenixAuthTest]
00:26:25.516 [main] DEBUG org.springframework.test.annotation.ProfileValueUtils - Retrieved ProfileValueSource type [class org.springframework.test.annotation.SystemProfileValueSource] for class [pt.ulisboa.tecnico.socialsoftware.tutor.auth.service.FenixAuthTest]
00:26:25.516 [main] DEBUG org.springframework.test.annotation.ProfileValueUtils - Retrieved @ProfileValueSourceConfiguration [null] for test class [pt.ulisboa.tecnico.socialsoftware.tutor.auth.service.FenixAuthTest]
00:26:25.516 [main] DEBUG org.springframework.test.annotation.ProfileValueUtils - Retrieved ProfileValueSource type [class org.springframework.test.annotation.SystemProfileValueSource] for class [pt.ulisboa.tecnico.socialsoftware.tutor.auth.service.FenixAuthTest]
00:26:25.516 [main] DEBUG org.springframework.test.annotation.ProfileValueUtils - Retrieved @ProfileValueSourceConfiguration [null] for test class [pt.ulisboa.tecnico.socialsoftware.tutor.auth.service.FenixAuthTest]
00:26:25.516 [main] DEBUG org.springframework.test.annotation.ProfileValueUtils - Retrieved ProfileValueSource type [class org.springframework.test.annotation.SystemProfileValueSource] for class [pt.ulisboa.tecnico.socialsoftware.tutor.auth.service.FenixAuthTest]
00:26:25.516 [main] DEBUG org.springframework.test.annotation.ProfileValueUtils - Retrieved @ProfileValueSourceConfiguration [null] for test class [pt.ulisboa.tecnico.socialsoftware.tutor.auth.service.FenixAuthTest]
00:26:25.516 [main] DEBUG org.springframework.test.annotation.ProfileValueUtils - Retrieved ProfileValueSource type [class org.springframework.test.annotation.SystemProfileValueSource] for class [pt.ulisboa.tecnico.socialsoftware.tutor.auth.service.FenixAuthTest]
00:26:25.516 [main] DEBUG org.springframework.test.annotation.ProfileValueUtils - Retrieved @ProfileValueSourceConfiguration [null] for test class [pt.ulisboa.tecnico.socialsoftware.tutor.auth.service.FenixAuthTest]
00:26:25.516 [main] DEBUG org.springframework.test.annotation.ProfileValueUtils - Retrieved ProfileValueSource type [class org.springframework.test.annotation.SystemProfileValueSource] for class [pt.ulisboa.tecnico.socialsoftware.tutor.auth.service.FenixAuthTest]
00:26:25.516 [main] DEBUG org.springframework.test.annotation.ProfileValueUtils - Retrieved @ProfileValueSourceConfiguration [null] for test class [pt.ulisboa.tecnico.socialsoftware.tutor.auth.service.FenixAuthTest]
00:26:25.516 [main] DEBUG org.springframework.test.annotation.ProfileValueUtils - Retrieved ProfileValueSource type [class org.springframework.test.annotation.SystemProfileValueSource] for class [pt.ulisboa.tecnico.socialsoftware.tutor.auth.service.FenixAuthTest]
00:26:25.516 [main] DEBUG org.springframework.test.annotation.ProfileValueUtils - Retrieved @ProfileValueSourceConfiguration [null] for test class [pt.ulisboa.tecnico.socialsoftware.tutor.auth.service.FenixAuthTest]
00:26:25.516 [main] DEBUG org.springframework.test.annotation.ProfileValueUtils - Retrieved ProfileValueSource type [class org.springframework.test.annotation.SystemProfileValueSource] for class [pt.ulisboa.tecnico.socialsoftware.tutor.auth.service.FenixAuthTest]
00:26:25.516 [main] DEBUG org.springframework.test.annotation.ProfileValueUtils - Retrieved @ProfileValueSourceConfiguration [null] for test class [pt.ulisboa.tecnico.socialsoftware.tutor.auth.service.FenixAuthTest]
00:26:25.516 [main] DEBUG org.springframework.test.annotation.ProfileValueUtils - Retrieved ProfileValueSource type [class org.springframework.test.annotation.SystemProfileValueSource] for class [pt.ulisboa.tecnico.socialsoftware.tutor.auth.service.FenixAuthTest]
00:26:25.516 [main] DEBUG org.springframework.test.annotation.ProfileValueUtils - Retrieved @ProfileValueSourceConfiguration [null] for test class [pt.ulisboa.tecnico.socialsoftware.tutor.auth.service.FenixAuthTest]
00:26:25.516 [main] DEBUG org.springframework.test.annotation.ProfileValueUtils - Retrieved ProfileValueSource type [class org.springframework.test.annotation.SystemProfileValueSource] for class [pt.ulisboa.tecnico.socialsoftware.tutor.auth.service.FenixAuthTest]
00:26:25.516 [main] DEBUG org.springframework.test.annotation.ProfileValueUtils - Retrieved @ProfileValueSourceConfiguration [null] for test class [pt.ulisboa.tecnico.socialsoftware.tutor.auth.service.FenixAuthTest]
00:26:25.516 [main] DEBUG org.springframework.test.annotation.ProfileValueUtils - Retrieved ProfileValueSource type [class org.springframework.test.annotation.SystemProfileValueSource] for class [pt.ulisboa.tecnico.socialsoftware.tutor.auth.service.FenixAuthTest]
00:26:25.516 [main] DEBUG org.springframework.test.annotation.ProfileValueUtils - Retrieved @ProfileValueSourceConfiguration [null] for test class [pt.ulisboa.tecnico.socialsoftware.tutor.auth.service.FenixAuthTest]
00:26:25.516 [main] DEBUG org.springframework.test.annotation.ProfileValueUtils - Retrieved ProfileValueSource type [class org.springframework.test.annotation.SystemProfileValueSource] for class [pt.ulisboa.tecnico.socialsoftware.tutor.auth.service.FenixAuthTest]
00:26:25.517 [main] DEBUG org.springframework.test.context.BootstrapUtils - Instantiating CacheAwareContextLoaderDelegate from class [org.springframework.test.context.cache.DefaultCacheAwareContextLoaderDelegate]
00:26:25.517 [main] DEBUG org.springframework.test.context.BootstrapUtils - Instantiating BootstrapContext using constructor [public org.springframework.test.context.support.DefaultBootstrapContext(java.lang.Class,org.springframework.test.context.CacheAwareContextLoaderDelegate)]
00:26:25.519 [main] DEBUG org.springframework.test.context.BootstrapUtils - Instantiating TestContextBootstrapper for test class [pt.ulisboa.tecnico.socialsoftware.tutor.auth.service.FenixAuthTest] from class [org.springframework.boot.test.autoconfigure.orm.jpa.DataJpaTestContextBootstrapper]
00:26:25.520 [main] INFO org.springframework.boot.test.autoconfigure.orm.jpa.DataJpaTestContextBootstrapper - Neither @ContextConfiguration nor @ContextHierarchy found for test class [pt.ulisboa.tecnico.socialsoftware.tutor.auth.service.FenixAuthTest], using SpringBootContextLoader
00:26:25.521 [main] DEBUG org.springframework.test.context.support.AbstractContextLoader - Did not detect default resource location for test class [pt.ulisboa.tecnico.socialsoftware.tutor.auth.service.FenixAuthTest]: class path resource [pt/ulisboa/tecnico/socialsoftware/tutor/auth/service/FenixAuthTest-context.xml] does not exist
00:26:25.522 [main] DEBUG org.springframework.test.context.support.AbstractContextLoader - Did not detect default resource location for test class [pt.ulisboa.tecnico.socialsoftware.tutor.auth.service.FenixAuthTest]: class path resource [pt/ulisboa/tecnico/socialsoftware/tutor/auth/service/FenixAuthTestContext.groovy] does not exist
00:26:25.522 [main] INFO org.springframework.test.context.support.AbstractContextLoader - Could not detect default resource locations for test class [pt.ulisboa.tecnico.socialsoftware.tutor.auth.service.FenixAuthTest]: no resource found for suffixes {-context.xml, Context.groovy}.
00:26:25.526 [main] DEBUG org.springframework.test.context.support.ActiveProfilesUtils - Could not find an 'annotation declaring class' for annotation type [org.springframework.test.context.ActiveProfiles] and class [pt.ulisboa.tecnico.socialsoftware.tutor.auth.service.FenixAuthTest]
00:26:25.528 [main] INFO org.springframework.boot.test.context.SpringBootTestContextBootstrapper - Found @SpringBootConfiguration pt.ulisboa.tecnico.socialsoftware.tutor.TutorTestApplication for test class pt.ulisboa.tecnico.socialsoftware.tutor.auth.service.FenixAuthTest
00:26:25.528 [main] DEBUG org.springframework.boot.test.autoconfigure.orm.jpa.DataJpaTestContextBootstrapper - @TestExecutionListeners is not present for class [pt.ulisboa.tecnico.socialsoftware.tutor.auth.service.FenixAuthTest]: using defaults.
00:26:25.528 [main] INFO org.springframework.boot.test.autoconfigure.orm.jpa.DataJpaTestContextBootstrapper - Loaded default TestExecutionListener class names from location [META-INF/spring.factories]: [org.springframework.boot.test.mock.mockito.MockitoTestExecutionListener, org.springframework.boot.test.mock.mockito.ResetMocksTestExecutionListener, org.springframework.boot.test.autoconfigure.restdocs.RestDocsTestExecutionListener, org.springframework.boot.test.autoconfigure.web.client.MockRestServiceServerResetTestExecutionListener, org.springframework.boot.test.autoconfigure.web.servlet.MockMvcPrintOnlyOnFailureTestExecutionListener, org.springframework.boot.test.autoconfigure.web.servlet.WebDriverTestExecutionListener, org.springframework.boot.test.autoconfigure.webservices.client.MockWebServiceServerTestExecutionListener, org.springframework.test.context.web.ServletTestExecutionListener, org.springframework.test.context.support.DirtiesContextBeforeModesTestExecutionListener, org.springframework.test.context.event.ApplicationEventsTestExecutionListener, org.springframework.test.context.support.DependencyInjectionTestExecutionListener, org.springframework.test.context.support.DirtiesContextTestExecutionListener, org.springframework.test.context.transaction.TransactionalTestExecutionListener, org.springframework.test.context.jdbc.SqlScriptsTestExecutionListener, org.springframework.test.context.event.EventPublishingTestExecutionListener, org.springframework.security.test.context.support.WithSecurityContextTestExecutionListener, org.springframework.security.test.context.support.ReactorContextTestExecutionListener, org.spockframework.spring.SpringMockTestExecutionListener]
00:26:25.530 [main] INFO org.springframework.boot.test.autoconfigure.orm.jpa.DataJpaTestContextBootstrapper - Using TestExecutionListeners: [org.springframework.test.context.web.ServletTestExecutionListener@798d8247, org.springframework.test.context.support.DirtiesContextBeforeModesTestExecutionListener@41623694, org.springframework.test.context.event.ApplicationEventsTestExecutionListener@46d83ec4, org.springframework.boot.test.mock.mockito.MockitoTestExecutionListener@2ccb8db3, org.springframework.boot.test.autoconfigure.SpringBootDependencyInjectionTestExecutionListener@3941bdd7, org.springframework.test.context.support.DirtiesContextTestExecutionListener@69c7eafd, org.springframework.test.context.transaction.TransactionalTestExecutionListener@6e6ec71f, org.springframework.test.context.jdbc.SqlScriptsTestExecutionListener@1e387974, org.springframework.test.context.event.EventPublishingTestExecutionListener@2a23c061, org.springframework.security.test.context.support.WithSecurityContextTestExecutionListener@7c6557da, org.springframework.security.test.context.support.ReactorContextTestExecutionListener@642b2176, org.springframework.boot.test.mock.mockito.ResetMocksTestExecutionListener@3985175e, org.springframework.boot.test.autoconfigure.restdocs.RestDocsTestExecutionListener@d91e8c7, org.springframework.boot.test.autoconfigure.web.client.MockRestServiceServerResetTestExecutionListener@5b9ca528, org.springframework.boot.test.autoconfigure.web.servlet.MockMvcPrintOnlyOnFailureTestExecutionListener@66011fbc, org.springframework.boot.test.autoconfigure.web.servlet.WebDriverTestExecutionListener@77afdbc5, org.springframework.boot.test.autoconfigure.webservices.client.MockWebServiceServerTestExecutionListener@757ad227, org.spockframework.spring.SpringMockTestExecutionListener@4b718c45]
00:26:25.531 [main] DEBUG org.springframework.test.annotation.ProfileValueUtils - Retrieved @ProfileValueSourceConfiguration [null] for test class [pt.ulisboa.tecnico.socialsoftware.tutor.discussion.service.ChangeReplyAvailabilityTest]
00:26:25.531 [main] DEBUG org.springframework.test.annotation.ProfileValueUtils - Retrieved ProfileValueSource type [class org.springframework.test.annotation.SystemProfileValueSource] for class [pt.ulisboa.tecnico.socialsoftware.tutor.discussion.service.ChangeReplyAvailabilityTest]
00:26:25.531 [main] DEBUG org.springframework.test.annotation.ProfileValueUtils - Retrieved @ProfileValueSourceConfiguration [null] for test class [pt.ulisboa.tecnico.socialsoftware.tutor.discussion.service.ChangeReplyAvailabilityTest]
00:26:25.531 [main] DEBUG org.springframework.test.annotation.ProfileValueUtils - Retrieved ProfileValueSource type [class org.springframework.test.annotation.SystemProfileValueSource] for class [pt.ulisboa.tecnico.socialsoftware.tutor.discussion.service.ChangeReplyAvailabilityTest]
00:26:25.531 [main] DEBUG org.springframework.test.annotation.ProfileValueUtils - Retrieved @ProfileValueSourceConfiguration [null] for test class [pt.ulisboa.tecnico.socialsoftware.tutor.discussion.service.ChangeReplyAvailabilityTest]
00:26:25.531 [main] DEBUG org.springframework.test.annotation.ProfileValueUtils - Retrieved ProfileValueSource type [class org.springframework.test.annotation.SystemProfileValueSource] for class [pt.ulisboa.tecnico.socialsoftware.tutor.discussion.service.ChangeReplyAvailabilityTest]
00:26:25.531 [main] DEBUG org.springframework.test.context.BootstrapUtils - Instantiating CacheAwareContextLoaderDelegate from class [org.springframework.test.context.cache.DefaultCacheAwareContextLoaderDelegate]
00:26:25.531 [main] DEBUG org.springframework.test.context.BootstrapUtils - Instantiating BootstrapContext using constructor [public org.springframework.test.context.support.DefaultBootstrapContext(java.lang.Class,org.springframework.test.context.CacheAwareContextLoaderDelegate)]
00:26:25.532 [main] DEBUG org.springframework.test.context.BootstrapUtils - Instantiating TestContextBootstrapper for test class [pt.ulisboa.tecnico.socialsoftware.tutor.discussion.service.ChangeReplyAvailabilityTest] from class [org.springframework.boot.test.autoconfigure.orm.jpa.DataJpaTestContextBootstrapper]
00:26:25.532 [main] INFO org.springframework.boot.test.autoconfigure.orm.jpa.DataJpaTestContextBootstrapper - Neither @ContextConfiguration nor @ContextHierarchy found for test class [pt.ulisboa.tecnico.socialsoftware.tutor.discussion.service.ChangeReplyAvailabilityTest], using SpringBootContextLoader
00:26:25.533 [main] DEBUG org.springframework.test.context.support.AbstractContextLoader - Did not detect default resource location for test class [pt.ulisboa.tecnico.socialsoftware.tutor.discussion.service.ChangeReplyAvailabilityTest]: class path resource [pt/ulisboa/tecnico/socialsoftware/tutor/discussion/service/ChangeReplyAvailabilityTest-context.xml] does not exist
00:26:25.534 [main] DEBUG org.springframework.test.context.support.AbstractContextLoader - Did not detect default resource location for test class [pt.ulisboa.tecnico.socialsoftware.tutor.discussion.service.ChangeReplyAvailabilityTest]: class path resource [pt/ulisboa/tecnico/socialsoftware/tutor/discussion/service/ChangeReplyAvailabilityTestContext.groovy] does not exist
00:26:25.534 [main] INFO org.springframework.test.context.support.AbstractContextLoader - Could not detect default resource locations for test class [pt.ulisboa.tecnico.socialsoftware.tutor.discussion.service.ChangeReplyAvailabilityTest]: no resource found for suffixes {-context.xml, Context.groovy}.
00:26:25.541 [main] DEBUG org.springframework.test.context.support.ActiveProfilesUtils - Could not find an 'annotation declaring class' for annotation type [org.springframework.test.context.ActiveProfiles] and class [pt.ulisboa.tecnico.socialsoftware.tutor.discussion.service.ChangeReplyAvailabilityTest]
00:26:25.542 [main] INFO org.springframework.boot.test.context.SpringBootTestContextBootstrapper - Found @SpringBootConfiguration pt.ulisboa.tecnico.socialsoftware.tutor.TutorTestApplication for test class pt.ulisboa.tecnico.socialsoftware.tutor.discussion.service.ChangeReplyAvailabilityTest
00:26:25.543 [main] DEBUG org.springframework.boot.test.autoconfigure.orm.jpa.DataJpaTestContextBootstrapper - @TestExecutionListeners is not present for class [pt.ulisboa.tecnico.socialsoftware.tutor.discussion.service.ChangeReplyAvailabilityTest]: using defaults.
00:26:25.543 [main] INFO org.springframework.boot.test.autoconfigure.orm.jpa.DataJpaTestContextBootstrapper - Loaded default TestExecutionListener class names from location [META-INF/spring.factories]: [org.springframework.boot.test.mock.mockito.MockitoTestExecutionListener, org.springframework.boot.test.mock.mockito.ResetMocksTestExecutionListener, org.springframework.boot.test.autoconfigure.restdocs.RestDocsTestExecutionListener, org.springframework.boot.test.autoconfigure.web.client.MockRestServiceServerResetTestExecutionListener, org.springframework.boot.test.autoconfigure.web.servlet.MockMvcPrintOnlyOnFailureTestExecutionListener, org.springframework.boot.test.autoconfigure.web.servlet.WebDriverTestExecutionListener, org.springframework.boot.test.autoconfigure.webservices.client.MockWebServiceServerTestExecutionListener, org.springframework.test.context.web.ServletTestExecutionListener, org.springframework.test.context.support.DirtiesContextBeforeModesTestExecutionListener, org.springframework.test.context.event.ApplicationEventsTestExecutionListener, org.springframework.test.context.support.DependencyInjectionTestExecutionListener, org.springframework.test.context.support.DirtiesContextTestExecutionListener, org.springframework.test.context.transaction.TransactionalTestExecutionListener, org.springframework.test.context.jdbc.SqlScriptsTestExecutionListener, org.springframework.test.context.event.EventPublishingTestExecutionListener, org.springframework.security.test.context.support.WithSecurityContextTestExecutionListener, org.springframework.security.test.context.support.ReactorContextTestExecutionListener, org.spockframework.spring.SpringMockTestExecutionListener]
00:26:25.544 [main] INFO org.springframework.boot.test.autoconfigure.orm.jpa.DataJpaTestContextBootstrapper - Using TestExecutionListeners: [org.springframework.test.context.web.ServletTestExecutionListener@25639668, org.springframework.test.context.support.DirtiesContextBeforeModesTestExecutionListener@2c1b10f2, org.springframework.test.context.event.ApplicationEventsTestExecutionListener@f5314bc, org.springframework.boot.test.mock.mockito.MockitoTestExecutionListener@4807b2b7, org.springframework.boot.test.autoconfigure.SpringBootDependencyInjectionTestExecutionListener@71eead09, org.springframework.test.context.support.DirtiesContextTestExecutionListener@586af46, org.springframework.test.context.transaction.TransactionalTestExecutionListener@1267adbe, org.springframework.test.context.jdbc.SqlScriptsTestExecutionListener@6700374f, org.springframework.test.context.event.EventPublishingTestExecutionListener@63024843, org.springframework.security.test.context.support.WithSecurityContextTestExecutionListener@53ce27fa, org.springframework.security.test.context.support.ReactorContextTestExecutionListener@7ceb7a60, org.springframework.boot.test.mock.mockito.ResetMocksTestExecutionListener@1ab780fd, org.springframework.boot.test.autoconfigure.restdocs.RestDocsTestExecutionListener@6b8683b8, org.springframework.boot.test.autoconfigure.web.client.MockRestServiceServerResetTestExecutionListener@495598c5, org.springframework.boot.test.autoconfigure.web.servlet.MockMvcPrintOnlyOnFailureTestExecutionListener@6e4ac3f5, org.springframework.boot.test.autoconfigure.web.servlet.WebDriverTestExecutionListener@48dc06a9, org.springframework.boot.test.autoconfigure.webservices.client.MockWebServiceServerTestExecutionListener@1798c749, org.spockframework.spring.SpringMockTestExecutionListener@726ee6cf]
00:26:25.545 [main] DEBUG org.springframework.test.annotation.ProfileValueUtils - Retrieved @ProfileValueSourceConfiguration [null] for test class [pt.ulisboa.tecnico.socialsoftware.tutor.discussion.service.ChangeStatusTest]
00:26:25.545 [main] DEBUG org.springframework.test.annotation.ProfileValueUtils - Retrieved ProfileValueSource type [class org.springframework.test.annotation.SystemProfileValueSource] for class [pt.ulisboa.tecnico.socialsoftware.tutor.discussion.service.ChangeStatusTest]
00:26:25.545 [main] DEBUG org.springframework.test.annotation.ProfileValueUtils - Retrieved @ProfileValueSourceConfiguration [null] for test class [pt.ulisboa.tecnico.socialsoftware.tutor.discussion.service.ChangeStatusTest]
00:26:25.545 [main] DEBUG org.springframework.test.annotation.ProfileValueUtils - Retrieved ProfileValueSource type [class org.springframework.test.annotation.SystemProfileValueSource] for class [pt.ulisboa.tecnico.socialsoftware.tutor.discussion.service.ChangeStatusTest]
00:26:25.545 [main] DEBUG org.springframework.test.annotation.ProfileValueUtils - Retrieved @ProfileValueSourceConfiguration [null] for test class [pt.ulisboa.tecnico.socialsoftware.tutor.discussion.service.ChangeStatusTest]
00:26:25.545 [main] DEBUG org.springframework.test.annotation.ProfileValueUtils - Retrieved ProfileValueSource type [class org.springframework.test.annotation.SystemProfileValueSource] for class [pt.ulisboa.tecnico.socialsoftware.tutor.discussion.service.ChangeStatusTest]
00:26:25.545 [main] DEBUG org.springframework.test.annotation.ProfileValueUtils - Retrieved @ProfileValueSourceConfiguration [null] for test class [pt.ulisboa.tecnico.socialsoftware.tutor.discussion.service.ChangeStatusTest]
00:26:25.546 [main] DEBUG org.springframework.test.annotation.ProfileValueUtils - Retrieved ProfileValueSource type [class org.springframework.test.annotation.SystemProfileValueSource] for class [pt.ulisboa.tecnico.socialsoftware.tutor.discussion.service.ChangeStatusTest]
00:26:25.546 [main] DEBUG org.springframework.test.context.BootstrapUtils - Instantiating CacheAwareContextLoaderDelegate from class [org.springframework.test.context.cache.DefaultCacheAwareContextLoaderDelegate]
00:26:25.546 [main] DEBUG org.springframework.test.context.BootstrapUtils - Instantiating BootstrapContext using constructor [public org.springframework.test.context.support.DefaultBootstrapContext(java.lang.Class,org.springframework.test.context.CacheAwareContextLoaderDelegate)]
00:26:25.546 [main] DEBUG org.springframework.test.context.BootstrapUtils - Instantiating TestContextBootstrapper for test class [pt.ulisboa.tecnico.socialsoftware.tutor.discussion.service.ChangeStatusTest] from class [org.springframework.boot.test.autoconfigure.orm.jpa.DataJpaTestContextBootstrapper]
00:26:25.546 [main] INFO org.springframework.boot.test.autoconfigure.orm.jpa.DataJpaTestContextBootstrapper - Neither @ContextConfiguration nor @ContextHierarchy found for test class [pt.ulisboa.tecnico.socialsoftware.tutor.discussion.service.ChangeStatusTest], using SpringBootContextLoader
00:26:25.547 [main] DEBUG org.springframework.test.context.support.AbstractContextLoader - Did not detect default resource location for test class [pt.ulisboa.tecnico.socialsoftware.tutor.discussion.service.ChangeStatusTest]: class path resource [pt/ulisboa/tecnico/socialsoftware/tutor/discussion/service/ChangeStatusTest-context.xml] does not exist
00:26:25.548 [main] DEBUG org.springframework.test.context.support.AbstractContextLoader - Did not detect default resource location for test class [pt.ulisboa.tecnico.socialsoftware.tutor.discussion.service.ChangeStatusTest]: class path resource [pt/ulisboa/tecnico/socialsoftware/tutor/discussion/service/ChangeStatusTestContext.groovy] does not exist
00:26:25.548 [main] INFO org.springframework.test.context.support.AbstractContextLoader - Could not detect default resource locations for test class [pt.ulisboa.tecnico.socialsoftware.tutor.discussion.service.ChangeStatusTest]: no resource found for suffixes {-context.xml, Context.groovy}.
00:26:25.553 [main] DEBUG org.springframework.test.context.support.ActiveProfilesUtils - Could not find an 'annotation declaring class' for annotation type [org.springframework.test.context.ActiveProfiles] and class [pt.ulisboa.tecnico.socialsoftware.tutor.discussion.service.ChangeStatusTest]
00:26:25.554 [main] INFO org.springframework.boot.test.context.SpringBootTestContextBootstrapper - Found @SpringBootConfiguration pt.ulisboa.tecnico.socialsoftware.tutor.TutorTestApplication for test class pt.ulisboa.tecnico.socialsoftware.tutor.discussion.service.ChangeStatusTest
00:26:25.555 [main] DEBUG org.springframework.boot.test.autoconfigure.orm.jpa.DataJpaTestContextBootstrapper - @TestExecutionListeners is not present for class [pt.ulisboa.tecnico.socialsoftware.tutor.discussion.service.ChangeStatusTest]: using defaults.
00:26:25.555 [main] INFO org.springframework.boot.test.autoconfigure.orm.jpa.DataJpaTestContextBootstrapper - Loaded default TestExecutionListener class names from location [META-INF/spring.factories]: [org.springframework.boot.test.mock.mockito.MockitoTestExecutionListener, org.springframework.boot.test.mock.mockito.ResetMocksTestExecutionListener, org.springframework.boot.test.autoconfigure.restdocs.RestDocsTestExecutionListener, org.springframework.boot.test.autoconfigure.web.client.MockRestServiceServerResetTestExecutionListener, org.springframework.boot.test.autoconfigure.web.servlet.MockMvcPrintOnlyOnFailureTestExecutionListener, org.springframework.boot.test.autoconfigure.web.servlet.WebDriverTestExecutionListener, org.springframework.boot.test.autoconfigure.webservices.client.MockWebServiceServerTestExecutionListener, org.springframework.test.context.web.ServletTestExecutionListener, org.springframework.test.context.support.DirtiesContextBeforeModesTestExecutionListener, org.springframework.test.context.event.ApplicationEventsTestExecutionListener, org.springframework.test.context.support.DependencyInjectionTestExecutionListener, org.springframework.test.context.support.DirtiesContextTestExecutionListener, org.springframework.test.context.transaction.TransactionalTestExecutionListener, org.springframework.test.context.jdbc.SqlScriptsTestExecutionListener, org.springframework.test.context.event.EventPublishingTestExecutionListener, org.springframework.security.test.context.support.WithSecurityContextTestExecutionListener, org.springframework.security.test.context.support.ReactorContextTestExecutionListener, org.spockframework.spring.SpringMockTestExecutionListener]
00:26:25.557 [main] INFO org.springframework.boot.test.autoconfigure.orm.jpa.DataJpaTestContextBootstrapper - Using TestExecutionListeners: [org.springframework.test.context.web.ServletTestExecutionListener@4a83d61c, org.springframework.test.context.support.DirtiesContextBeforeModesTestExecutionListener@624268ab, org.springframework.test.context.event.ApplicationEventsTestExecutionListener@33315925, org.springframework.boot.test.mock.mockito.MockitoTestExecutionListener@366c9912, org.springframework.boot.test.autoconfigure.SpringBootDependencyInjectionTestExecutionListener@628b9af5, org.springframework.test.context.support.DirtiesContextTestExecutionListener@137db13f, org.springframework.test.context.transaction.TransactionalTestExecutionListener@2a3c3a04, org.springframework.test.context.jdbc.SqlScriptsTestExecutionListener@78ca8258, org.springframework.test.context.event.EventPublishingTestExecutionListener@4628f386, org.springframework.security.test.context.support.WithSecurityContextTestExecutionListener@38224635, org.springframework.security.test.context.support.ReactorContextTestExecutionListener@7385a72f, org.springframework.boot.test.mock.mockito.ResetMocksTestExecutionListener@5ff12345, org.springframework.boot.test.autoconfigure.restdocs.RestDocsTestExecutionListener@5e445ffe, org.springframework.boot.test.autoconfigure.web.client.MockRestServiceServerResetTestExecutionListener@74fda9ed, org.springframework.boot.test.autoconfigure.web.servlet.MockMvcPrintOnlyOnFailureTestExecutionListener@2a9fd482, org.springframework.boot.test.autoconfigure.web.servlet.WebDriverTestExecutionListener@7ca2319f, org.springframework.boot.test.autoconfigure.webservices.client.MockWebServiceServerTestExecutionListener@653a5a, org.spockframework.spring.SpringMockTestExecutionListener@19ce597a]
00:26:25.558 [main] DEBUG org.springframework.test.annotation.ProfileValueUtils - Retrieved @ProfileValueSourceConfiguration [null] for test class [pt.ulisboa.tecnico.socialsoftware.tutor.discussion.service.CreateDiscussionTest]
00:26:25.558 [main] DEBUG org.springframework.test.annotation.ProfileValueUtils - Retrieved ProfileValueSource type [class org.springframework.test.annotation.SystemProfileValueSource] for class [pt.ulisboa.tecnico.socialsoftware.tutor.discussion.service.CreateDiscussionTest]
00:26:25.558 [main] DEBUG org.springframework.test.annotation.ProfileValueUtils - Retrieved @ProfileValueSourceConfiguration [null] for test class [pt.ulisboa.tecnico.socialsoftware.tutor.discussion.service.CreateDiscussionTest]
00:26:25.558 [main] DEBUG org.springframework.test.annotation.ProfileValueUtils - Retrieved ProfileValueSource type [class org.springframework.test.annotation.SystemProfileValueSource] for class [pt.ulisboa.tecnico.socialsoftware.tutor.discussion.service.CreateDiscussionTest]
00:26:25.558 [main] DEBUG org.springframework.test.annotation.ProfileValueUtils - Retrieved @ProfileValueSourceConfiguration [null] for test class [pt.ulisboa.tecnico.socialsoftware.tutor.discussion.service.CreateDiscussionTest]
00:26:25.558 [main] DEBUG org.springframework.test.annotation.ProfileValueUtils - Retrieved ProfileValueSource type [class org.springframework.test.annotation.SystemProfileValueSource] for class [pt.ulisboa.tecnico.socialsoftware.tutor.discussion.service.CreateDiscussionTest]
00:26:25.558 [main] DEBUG org.springframework.test.annotation.ProfileValueUtils - Retrieved @ProfileValueSourceConfiguration [null] for test class [pt.ulisboa.tecnico.socialsoftware.tutor.discussion.service.CreateDiscussionTest]
00:26:25.558 [main] DEBUG org.springframework.test.annotation.ProfileValueUtils - Retrieved ProfileValueSource type [class org.springframework.test.annotation.SystemProfileValueSource] for class [pt.ulisboa.tecnico.socialsoftware.tutor.discussion.service.CreateDiscussionTest]
00:26:25.558 [main] DEBUG org.springframework.test.context.BootstrapUtils - Instantiating CacheAwareContextLoaderDelegate from class [org.springframework.test.context.cache.DefaultCacheAwareContextLoaderDelegate]
00:26:25.558 [main] DEBUG org.springframework.test.context.BootstrapUtils - Instantiating BootstrapContext using constructor [public org.springframework.test.context.support.DefaultBootstrapContext(java.lang.Class,org.springframework.test.context.CacheAwareContextLoaderDelegate)]
00:26:25.558 [main] DEBUG org.springframework.test.context.BootstrapUtils - Instantiating TestContextBootstrapper for test class [pt.ulisboa.tecnico.socialsoftware.tutor.discussion.service.CreateDiscussionTest] from class [org.springframework.boot.test.autoconfigure.orm.jpa.DataJpaTestContextBootstrapper]
00:26:25.559 [main] INFO org.springframework.boot.test.autoconfigure.orm.jpa.DataJpaTestContextBootstrapper - Neither @ContextConfiguration nor @ContextHierarchy found for test class [pt.ulisboa.tecnico.socialsoftware.tutor.discussion.service.CreateDiscussionTest], using SpringBootContextLoader
00:26:25.560 [main] DEBUG org.springframework.test.context.support.AbstractContextLoader - Did not detect default resource location for test class [pt.ulisboa.tecnico.socialsoftware.tutor.discussion.service.CreateDiscussionTest]: class path resource [pt/ulisboa/tecnico/socialsoftware/tutor/discussion/service/CreateDiscussionTest-context.xml] does not exist
00:26:25.561 [main] DEBUG org.springframework.test.context.support.AbstractContextLoader - Did not detect default resource location for test class [pt.ulisboa.tecnico.socialsoftware.tutor.discussion.service.CreateDiscussionTest]: class path resource [pt/ulisboa/tecnico/socialsoftware/tutor/discussion/service/CreateDiscussionTestContext.groovy] does not exist
00:26:25.561 [main] INFO org.springframework.test.context.support.AbstractContextLoader - Could not detect default resource locations for test class [pt.ulisboa.tecnico.socialsoftware.tutor.discussion.service.CreateDiscussionTest]: no resource found for suffixes {-context.xml, Context.groovy}.
00:26:25.566 [main] DEBUG org.springframework.test.context.support.ActiveProfilesUtils - Could not find an 'annotation declaring class' for annotation type [org.springframework.test.context.ActiveProfiles] and class [pt.ulisboa.tecnico.socialsoftware.tutor.discussion.service.CreateDiscussionTest]
00:26:25.568 [main] INFO org.springframework.boot.test.context.SpringBootTestContextBootstrapper - Found @SpringBootConfiguration pt.ulisboa.tecnico.socialsoftware.tutor.TutorTestApplication for test class pt.ulisboa.tecnico.socialsoftware.tutor.discussion.service.CreateDiscussionTest
00:26:25.569 [main] DEBUG org.springframework.boot.test.autoconfigure.orm.jpa.DataJpaTestContextBootstrapper - @TestExecutionListeners is not present for class [pt.ulisboa.tecnico.socialsoftware.tutor.discussion.service.CreateDiscussionTest]: using defaults.
00:26:25.569 [main] INFO org.springframework.boot.test.autoconfigure.orm.jpa.DataJpaTestContextBootstrapper - Loaded default TestExecutionListener class names from location [META-INF/spring.factories]: [org.springframework.boot.test.mock.mockito.MockitoTestExecutionListener, org.springframework.boot.test.mock.mockito.ResetMocksTestExecutionListener, org.springframework.boot.test.autoconfigure.restdocs.RestDocsTestExecutionListener, org.springframework.boot.test.autoconfigure.web.client.MockRestServiceServerResetTestExecutionListener, org.springframework.boot.test.autoconfigure.web.servlet.MockMvcPrintOnlyOnFailureTestExecutionListener, org.springframework.boot.test.autoconfigure.web.servlet.WebDriverTestExecutionListener, org.springframework.boot.test.autoconfigure.webservices.client.MockWebServiceServerTestExecutionListener, org.springframework.test.context.web.ServletTestExecutionListener, org.springframework.test.context.support.DirtiesContextBeforeModesTestExecutionListener, org.springframework.test.context.event.ApplicationEventsTestExecutionListener, org.springframework.test.context.support.DependencyInjectionTestExecutionListener, org.springframework.test.context.support.DirtiesContextTestExecutionListener, org.springframework.test.context.transaction.TransactionalTestExecutionListener, org.springframework.test.context.jdbc.SqlScriptsTestExecutionListener, org.springframework.test.context.event.EventPublishingTestExecutionListener, org.springframework.security.test.context.support.WithSecurityContextTestExecutionListener, org.springframework.security.test.context.support.ReactorContextTestExecutionListener, org.spockframework.spring.SpringMockTestExecutionListener]
00:26:25.572 [main] INFO org.springframework.boot.test.autoconfigure.orm.jpa.DataJpaTestContextBootstrapper - Using TestExecutionListeners: [org.springframework.test.context.web.ServletTestExecutionListener@4d21b505, org.springframework.test.context.support.DirtiesContextBeforeModesTestExecutionListener@20e25bf7, org.springframework.test.context.event.ApplicationEventsTestExecutionListener@9fc125b, org.springframework.boot.test.mock.mockito.MockitoTestExecutionListener@62129f97, org.springframework.boot.test.autoconfigure.SpringBootDependencyInjectionTestExecutionListener@22db974d, org.springframework.test.context.support.DirtiesContextTestExecutionListener@10545d02, org.springframework.test.context.transaction.TransactionalTestExecutionListener@79d3fb99, org.springframework.test.context.jdbc.SqlScriptsTestExecutionListener@f4b2d13, org.springframework.test.context.event.EventPublishingTestExecutionListener@7154a248, org.springframework.security.test.context.support.WithSecurityContextTestExecutionListener@435a4d2d, org.springframework.security.test.context.support.ReactorContextTestExecutionListener@253379ec, org.springframework.boot.test.mock.mockito.ResetMocksTestExecutionListener@73c6ebec, org.springframework.boot.test.autoconfigure.restdocs.RestDocsTestExecutionListener@27d4513e, org.springframework.boot.test.autoconfigure.web.client.MockRestServiceServerResetTestExecutionListener@367653cc, org.springframework.boot.test.autoconfigure.web.servlet.MockMvcPrintOnlyOnFailureTestExecutionListener@834b0f7, org.springframework.boot.test.autoconfigure.web.servlet.WebDriverTestExecutionListener@4c69b396, org.springframework.boot.test.autoconfigure.webservices.client.MockWebServiceServerTestExecutionListener@49314684, org.spockframework.spring.SpringMockTestExecutionListener@4d5d945d]
00:26:25.573 [main] DEBUG org.springframework.test.annotation.ProfileValueUtils - Retrieved @ProfileValueSourceConfiguration [null] for test class [pt.ulisboa.tecnico.socialsoftware.tutor.discussion.service.CreateReplyTest]
00:26:25.573 [main] DEBUG org.springframework.test.annotation.ProfileValueUtils - Retrieved ProfileValueSource type [class org.springframework.test.annotation.SystemProfileValueSource] for class [pt.ulisboa.tecnico.socialsoftware.tutor.discussion.service.CreateReplyTest]
00:26:25.573 [main] DEBUG org.springframework.test.annotation.ProfileValueUtils - Retrieved @ProfileValueSourceConfiguration [null] for test class [pt.ulisboa.tecnico.socialsoftware.tutor.discussion.service.CreateReplyTest]
00:26:25.573 [main] DEBUG org.springframework.test.annotation.ProfileValueUtils - Retrieved ProfileValueSource type [class org.springframework.test.annotation.SystemProfileValueSource] for class [pt.ulisboa.tecnico.socialsoftware.tutor.discussion.service.CreateReplyTest]
00:26:25.573 [main] DEBUG org.springframework.test.annotation.ProfileValueUtils - Retrieved @ProfileValueSourceConfiguration [null] for test class [pt.ulisboa.tecnico.socialsoftware.tutor.discussion.service.CreateReplyTest]
00:26:25.574 [main] DEBUG org.springframework.test.annotation.ProfileValueUtils - Retrieved ProfileValueSource type [class org.springframework.test.annotation.SystemProfileValueSource] for class [pt.ulisboa.tecnico.socialsoftware.tutor.discussion.service.CreateReplyTest]
00:26:25.574 [main] DEBUG org.springframework.test.annotation.ProfileValueUtils - Retrieved @ProfileValueSourceConfiguration [null] for test class [pt.ulisboa.tecnico.socialsoftware.tutor.discussion.service.CreateReplyTest]
00:26:25.574 [main] DEBUG org.springframework.test.annotation.ProfileValueUtils - Retrieved ProfileValueSource type [class org.springframework.test.annotation.SystemProfileValueSource] for class [pt.ulisboa.tecnico.socialsoftware.tutor.discussion.service.CreateReplyTest]
00:26:25.574 [main] DEBUG org.springframework.test.annotation.ProfileValueUtils - Retrieved @ProfileValueSourceConfiguration [null] for test class [pt.ulisboa.tecnico.socialsoftware.tutor.discussion.service.CreateReplyTest]
00:26:25.574 [main] DEBUG org.springframework.test.annotation.ProfileValueUtils - Retrieved ProfileValueSource type [class org.springframework.test.annotation.SystemProfileValueSource] for class [pt.ulisboa.tecnico.socialsoftware.tutor.discussion.service.CreateReplyTest]
00:26:25.574 [main] DEBUG org.springframework.test.context.BootstrapUtils - Instantiating CacheAwareContextLoaderDelegate from class [org.springframework.test.context.cache.DefaultCacheAwareContextLoaderDelegate]
00:26:25.574 [main] DEBUG org.springframework.test.context.BootstrapUtils - Instantiating BootstrapContext using constructor [public org.springframework.test.context.support.DefaultBootstrapContext(java.lang.Class,org.springframework.test.context.CacheAwareContextLoaderDelegate)]
00:26:25.574 [main] DEBUG org.springframework.test.context.BootstrapUtils - Instantiating TestContextBootstrapper for test class [pt.ulisboa.tecnico.socialsoftware.tutor.discussion.service.CreateReplyTest] from class [org.springframework.boot.test.autoconfigure.orm.jpa.DataJpaTestContextBootstrapper]
00:26:25.575 [main] INFO org.springframework.boot.test.autoconfigure.orm.jpa.DataJpaTestContextBootstrapper - Neither @ContextConfiguration nor @ContextHierarchy found for test class [pt.ulisboa.tecnico.socialsoftware.tutor.discussion.service.CreateReplyTest], using SpringBootContextLoader
00:26:25.576 [main] DEBUG org.springframework.test.context.support.AbstractContextLoader - Did not detect default resource location for test class [pt.ulisboa.tecnico.socialsoftware.tutor.discussion.service.CreateReplyTest]: class path resource [pt/ulisboa/tecnico/socialsoftware/tutor/discussion/service/CreateReplyTest-context.xml] does not exist
00:26:25.576 [main] DEBUG org.springframework.test.context.support.AbstractContextLoader - Did not detect default resource location for test class [pt.ulisboa.tecnico.socialsoftware.tutor.discussion.service.CreateReplyTest]: class path resource [pt/ulisboa/tecnico/socialsoftware/tutor/discussion/service/CreateReplyTestContext.groovy] does not exist
00:26:25.577 [main] INFO org.springframework.test.context.support.AbstractContextLoader - Could not detect default resource locations for test class [pt.ulisboa.tecnico.socialsoftware.tutor.discussion.service.CreateReplyTest]: no resource found for suffixes {-context.xml, Context.groovy}.
00:26:25.581 [main] DEBUG org.springframework.test.context.support.ActiveProfilesUtils - Could not find an 'annotation declaring class' for annotation type [org.springframework.test.context.ActiveProfiles] and class [pt.ulisboa.tecnico.socialsoftware.tutor.discussion.service.CreateReplyTest]
00:26:25.582 [main] INFO org.springframework.boot.test.context.SpringBootTestContextBootstrapper - Found @SpringBootConfiguration pt.ulisboa.tecnico.socialsoftware.tutor.TutorTestApplication for test class pt.ulisboa.tecnico.socialsoftware.tutor.discussion.service.CreateReplyTest
00:26:25.583 [main] DEBUG org.springframework.boot.test.autoconfigure.orm.jpa.DataJpaTestContextBootstrapper - @TestExecutionListeners is not present for class [pt.ulisboa.tecnico.socialsoftware.tutor.discussion.service.CreateReplyTest]: using defaults.
00:26:25.583 [main] INFO org.springframework.boot.test.autoconfigure.orm.jpa.DataJpaTestContextBootstrapper - Loaded default TestExecutionListener class names from location [META-INF/spring.factories]: [org.springframework.boot.test.mock.mockito.MockitoTestExecutionListener, org.springframework.boot.test.mock.mockito.ResetMocksTestExecutionListener, org.springframework.boot.test.autoconfigure.restdocs.RestDocsTestExecutionListener, org.springframework.boot.test.autoconfigure.web.client.MockRestServiceServerResetTestExecutionListener, org.springframework.boot.test.autoconfigure.web.servlet.MockMvcPrintOnlyOnFailureTestExecutionListener, org.springframework.boot.test.autoconfigure.web.servlet.WebDriverTestExecutionListener, org.springframework.boot.test.autoconfigure.webservices.client.MockWebServiceServerTestExecutionListener, org.springframework.test.context.web.ServletTestExecutionListener, org.springframework.test.context.support.DirtiesContextBeforeModesTestExecutionListener, org.springframework.test.context.event.ApplicationEventsTestExecutionListener, org.springframework.test.context.support.DependencyInjectionTestExecutionListener, org.springframework.test.context.support.DirtiesContextTestExecutionListener, org.springframework.test.context.transaction.TransactionalTestExecutionListener, org.springframework.test.context.jdbc.SqlScriptsTestExecutionListener, org.springframework.test.context.event.EventPublishingTestExecutionListener, org.springframework.security.test.context.support.WithSecurityContextTestExecutionListener, org.springframework.security.test.context.support.ReactorContextTestExecutionListener, org.spockframework.spring.SpringMockTestExecutionListener]
00:26:25.585 [main] INFO org.springframework.boot.test.autoconfigure.orm.jpa.DataJpaTestContextBootstrapper - Using TestExecutionListeners: [org.springframework.test.context.web.ServletTestExecutionListener@60c33609, org.springframework.test.context.support.DirtiesContextBeforeModesTestExecutionListener@6137dc84, org.springframework.test.context.event.ApplicationEventsTestExecutionListener@22f1a340, org.springframework.boot.test.mock.mockito.MockitoTestExecutionListener@32f243f, org.springframework.boot.test.autoconfigure.SpringBootDependencyInjectionTestExecutionListener@7aa5292d, org.springframework.test.context.support.DirtiesContextTestExecutionListener@25291901, org.springframework.test.context.transaction.TransactionalTestExecutionListener@a6d4547, org.springframework.test.context.jdbc.SqlScriptsTestExecutionListener@701996e9, org.springframework.test.context.event.EventPublishingTestExecutionListener@23263586, org.springframework.security.test.context.support.WithSecurityContextTestExecutionListener@4e2ad1f2, org.springframework.security.test.context.support.ReactorContextTestExecutionListener@2e0de20d, org.springframework.boot.test.mock.mockito.ResetMocksTestExecutionListener@121f97fb, org.springframework.boot.test.autoconfigure.restdocs.RestDocsTestExecutionListener@70a3b, org.springframework.boot.test.autoconfigure.web.client.MockRestServiceServerResetTestExecutionListener@18baee88, org.springframework.boot.test.autoconfigure.web.servlet.MockMvcPrintOnlyOnFailureTestExecutionListener@59e67a18, org.springframework.boot.test.autoconfigure.web.servlet.WebDriverTestExecutionListener@37289e90, org.springframework.boot.test.autoconfigure.webservices.client.MockWebServiceServerTestExecutionListener@f461c9c, org.spockframework.spring.SpringMockTestExecutionListener@40477d52]
00:26:25.586 [main] DEBUG org.springframework.test.annotation.ProfileValueUtils - Retrieved @ProfileValueSourceConfiguration [null] for test class [pt.ulisboa.tecnico.socialsoftware.tutor.discussion.service.GetUserDiscussionsTest]
00:26:25.586 [main] DEBUG org.springframework.test.annotation.ProfileValueUtils - Retrieved ProfileValueSource type [class org.springframework.test.annotation.SystemProfileValueSource] for class [pt.ulisboa.tecnico.socialsoftware.tutor.discussion.service.GetUserDiscussionsTest]
00:26:25.586 [main] DEBUG org.springframework.test.annotation.ProfileValueUtils - Retrieved @ProfileValueSourceConfiguration [null] for test class [pt.ulisboa.tecnico.socialsoftware.tutor.discussion.service.GetUserDiscussionsTest]
00:26:25.586 [main] DEBUG org.springframework.test.annotation.ProfileValueUtils - Retrieved ProfileValueSource type [class org.springframework.test.annotation.SystemProfileValueSource] for class [pt.ulisboa.tecnico.socialsoftware.tutor.discussion.service.GetUserDiscussionsTest]
00:26:25.586 [main] DEBUG org.springframework.test.annotation.ProfileValueUtils - Retrieved @ProfileValueSourceConfiguration [null] for test class [pt.ulisboa.tecnico.socialsoftware.tutor.discussion.service.GetUserDiscussionsTest]
00:26:25.586 [main] DEBUG org.springframework.test.annotation.ProfileValueUtils - Retrieved ProfileValueSource type [class org.springframework.test.annotation.SystemProfileValueSource] for class [pt.ulisboa.tecnico.socialsoftware.tutor.discussion.service.GetUserDiscussionsTest]
00:26:25.586 [main] DEBUG org.springframework.test.annotation.ProfileValueUtils - Retrieved @ProfileValueSourceConfiguration [null] for test class [pt.ulisboa.tecnico.socialsoftware.tutor.discussion.service.GetUserDiscussionsTest]
00:26:25.586 [main] DEBUG org.springframework.test.annotation.ProfileValueUtils - Retrieved ProfileValueSource type [class org.springframework.test.annotation.SystemProfileValueSource] for class [pt.ulisboa.tecnico.socialsoftware.tutor.discussion.service.GetUserDiscussionsTest]
00:26:25.586 [main] DEBUG org.springframework.test.context.BootstrapUtils - Instantiating CacheAwareContextLoaderDelegate from class [org.springframework.test.context.cache.DefaultCacheAwareContextLoaderDelegate]
00:26:25.587 [main] DEBUG org.springframework.test.context.BootstrapUtils - Instantiating BootstrapContext using constructor [public org.springframework.test.context.support.DefaultBootstrapContext(java.lang.Class,org.springframework.test.context.CacheAwareContextLoaderDelegate)]
00:26:25.587 [main] DEBUG org.springframework.test.context.BootstrapUtils - Instantiating TestContextBootstrapper for test class [pt.ulisboa.tecnico.socialsoftware.tutor.discussion.service.GetUserDiscussionsTest] from class [org.springframework.boot.test.autoconfigure.orm.jpa.DataJpaTestContextBootstrapper]
00:26:25.588 [main] INFO org.springframework.boot.test.autoconfigure.orm.jpa.DataJpaTestContextBootstrapper - Neither @ContextConfiguration nor @ContextHierarchy found for test class [pt.ulisboa.tecnico.socialsoftware.tutor.discussion.service.GetUserDiscussionsTest], using SpringBootContextLoader
00:26:25.589 [main] DEBUG org.springframework.test.context.support.AbstractContextLoader - Did not detect default resource location for test class [pt.ulisboa.tecnico.socialsoftware.tutor.discussion.service.GetUserDiscussionsTest]: class path resource [pt/ulisboa/tecnico/socialsoftware/tutor/discussion/service/GetUserDiscussionsTest-context.xml] does not exist
00:26:25.589 [main] DEBUG org.springframework.test.context.support.AbstractContextLoader - Did not detect default resource location for test class [pt.ulisboa.tecnico.socialsoftware.tutor.discussion.service.GetUserDiscussionsTest]: class path resource [pt/ulisboa/tecnico/socialsoftware/tutor/discussion/service/GetUserDiscussionsTestContext.groovy] does not exist
00:26:25.589 [main] INFO org.springframework.test.context.support.AbstractContextLoader - Could not detect default resource locations for test class [pt.ulisboa.tecnico.socialsoftware.tutor.discussion.service.GetUserDiscussionsTest]: no resource found for suffixes {-context.xml, Context.groovy}.
00:26:25.594 [main] DEBUG org.springframework.test.context.support.ActiveProfilesUtils - Could not find an 'annotation declaring class' for annotation type [org.springframework.test.context.ActiveProfiles] and class [pt.ulisboa.tecnico.socialsoftware.tutor.discussion.service.GetUserDiscussionsTest]
00:26:25.596 [main] INFO org.springframework.boot.test.context.SpringBootTestContextBootstrapper - Found @SpringBootConfiguration pt.ulisboa.tecnico.socialsoftware.tutor.TutorTestApplication for test class pt.ulisboa.tecnico.socialsoftware.tutor.discussion.service.GetUserDiscussionsTest
00:26:25.598 [main] DEBUG org.springframework.boot.test.autoconfigure.orm.jpa.DataJpaTestContextBootstrapper - @TestExecutionListeners is not present for class [pt.ulisboa.tecnico.socialsoftware.tutor.discussion.service.GetUserDiscussionsTest]: using defaults.
00:26:25.598 [main] INFO org.springframework.boot.test.autoconfigure.orm.jpa.DataJpaTestContextBootstrapper - Loaded default TestExecutionListener class names from location [META-INF/spring.factories]: [org.springframework.boot.test.mock.mockito.MockitoTestExecutionListener, org.springframework.boot.test.mock.mockito.ResetMocksTestExecutionListener, org.springframework.boot.test.autoconfigure.restdocs.RestDocsTestExecutionListener, org.springframework.boot.test.autoconfigure.web.client.MockRestServiceServerResetTestExecutionListener, org.springframework.boot.test.autoconfigure.web.servlet.MockMvcPrintOnlyOnFailureTestExecutionListener, org.springframework.boot.test.autoconfigure.web.servlet.WebDriverTestExecutionListener, org.springframework.boot.test.autoconfigure.webservices.client.MockWebServiceServerTestExecutionListener, org.springframework.test.context.web.ServletTestExecutionListener, org.springframework.test.context.support.DirtiesContextBeforeModesTestExecutionListener, org.springframework.test.context.event.ApplicationEventsTestExecutionListener, org.springframework.test.context.support.DependencyInjectionTestExecutionListener, org.springframework.test.context.support.DirtiesContextTestExecutionListener, org.springframework.test.context.transaction.TransactionalTestExecutionListener, org.springframework.test.context.jdbc.SqlScriptsTestExecutionListener, org.springframework.test.context.event.EventPublishingTestExecutionListener, org.springframework.security.test.context.support.WithSecurityContextTestExecutionListener, org.springframework.security.test.context.support.ReactorContextTestExecutionListener, org.spockframework.spring.SpringMockTestExecutionListener]
00:26:25.600 [main] INFO org.springframework.boot.test.autoconfigure.orm.jpa.DataJpaTestContextBootstrapper - Using TestExecutionListeners: [org.springframework.test.context.web.ServletTestExecutionListener@2a1be9f8, org.springframework.test.context.support.DirtiesContextBeforeModesTestExecutionListener@59b43e35, org.springframework.test.context.event.ApplicationEventsTestExecutionListener@66297b63, org.springframework.boot.test.mock.mockito.MockitoTestExecutionListener@1d7f2719, org.springframework.boot.test.autoconfigure.SpringBootDependencyInjectionTestExecutionListener@685e5967, org.springframework.test.context.support.DirtiesContextTestExecutionListener@106387cf, org.springframework.test.context.transaction.TransactionalTestExecutionListener@3d3c14c3, org.springframework.test.context.jdbc.SqlScriptsTestExecutionListener@599fab92, org.springframework.test.context.event.EventPublishingTestExecutionListener@439054a7, org.springframework.security.test.context.support.WithSecurityContextTestExecutionListener@4fc1eee5, org.springframework.security.test.context.support.ReactorContextTestExecutionListener@120661d2, org.springframework.boot.test.mock.mockito.ResetMocksTestExecutionListener@36618b3b, org.springframework.boot.test.autoconfigure.restdocs.RestDocsTestExecutionListener@7715d43c, org.springframework.boot.test.autoconfigure.web.client.MockRestServiceServerResetTestExecutionListener@3763aafd, org.springframework.boot.test.autoconfigure.web.servlet.MockMvcPrintOnlyOnFailureTestExecutionListener@16ca4532, org.springframework.boot.test.autoconfigure.web.servlet.WebDriverTestExecutionListener@2cc82c83, org.springframework.boot.test.autoconfigure.webservices.client.MockWebServiceServerTestExecutionListener@75a5a912, org.spockframework.spring.SpringMockTestExecutionListener@5f3bc119]
00:26:25.601 [main] DEBUG org.springframework.test.annotation.ProfileValueUtils - Retrieved @ProfileValueSourceConfiguration [null] for test class [pt.ulisboa.tecnico.socialsoftware.tutor.execution.domain.CreateCourseExecutionsTest]
00:26:25.601 [main] DEBUG org.springframework.test.annotation.ProfileValueUtils - Retrieved ProfileValueSource type [class org.springframework.test.annotation.SystemProfileValueSource] for class [pt.ulisboa.tecnico.socialsoftware.tutor.execution.domain.CreateCourseExecutionsTest]
00:26:25.601 [main] DEBUG org.springframework.test.annotation.ProfileValueUtils - Retrieved @ProfileValueSourceConfiguration [null] for test class [pt.ulisboa.tecnico.socialsoftware.tutor.execution.domain.CreateCourseExecutionsTest]
00:26:25.601 [main] DEBUG org.springframework.test.annotation.ProfileValueUtils - Retrieved ProfileValueSource type [class org.springframework.test.annotation.SystemProfileValueSource] for class [pt.ulisboa.tecnico.socialsoftware.tutor.execution.domain.CreateCourseExecutionsTest]
00:26:25.601 [main] DEBUG org.springframework.test.annotation.ProfileValueUtils - Retrieved @ProfileValueSourceConfiguration [null] for test class [pt.ulisboa.tecnico.socialsoftware.tutor.execution.domain.CreateCourseExecutionsTest]
00:26:25.601 [main] DEBUG org.springframework.test.annotation.ProfileValueUtils - Retrieved ProfileValueSource type [class org.springframework.test.annotation.SystemProfileValueSource] for class [pt.ulisboa.tecnico.socialsoftware.tutor.execution.domain.CreateCourseExecutionsTest]
00:26:25.601 [main] DEBUG org.springframework.test.context.BootstrapUtils - Instantiating CacheAwareContextLoaderDelegate from class [org.springframework.test.context.cache.DefaultCacheAwareContextLoaderDelegate]
00:26:25.601 [main] DEBUG org.springframework.test.context.BootstrapUtils - Instantiating BootstrapContext using constructor [public org.springframework.test.context.support.DefaultBootstrapContext(java.lang.Class,org.springframework.test.context.CacheAwareContextLoaderDelegate)]
00:26:25.601 [main] DEBUG org.springframework.test.context.BootstrapUtils - Instantiating TestContextBootstrapper for test class [pt.ulisboa.tecnico.socialsoftware.tutor.execution.domain.CreateCourseExecutionsTest] from class [org.springframework.boot.test.autoconfigure.orm.jpa.DataJpaTestContextBootstrapper]
00:26:25.602 [main] INFO org.springframework.boot.test.autoconfigure.orm.jpa.DataJpaTestContextBootstrapper - Neither @ContextConfiguration nor @ContextHierarchy found for test class [pt.ulisboa.tecnico.socialsoftware.tutor.execution.domain.CreateCourseExecutionsTest], using SpringBootContextLoader
00:26:25.603 [main] DEBUG org.springframework.test.context.support.AbstractContextLoader - Did not detect default resource location for test class [pt.ulisboa.tecnico.socialsoftware.tutor.execution.domain.CreateCourseExecutionsTest]: class path resource [pt/ulisboa/tecnico/socialsoftware/tutor/execution/domain/CreateCourseExecutionsTest-context.xml] does not exist
00:26:25.605 [main] DEBUG org.springframework.test.context.support.AbstractContextLoader - Did not detect default resource location for test class [pt.ulisboa.tecnico.socialsoftware.tutor.execution.domain.CreateCourseExecutionsTest]: class path resource [pt/ulisboa/tecnico/socialsoftware/tutor/execution/domain/CreateCourseExecutionsTestContext.groovy] does not exist
00:26:25.605 [main] INFO org.springframework.test.context.support.AbstractContextLoader - Could not detect default resource locations for test class [pt.ulisboa.tecnico.socialsoftware.tutor.execution.domain.CreateCourseExecutionsTest]: no resource found for suffixes {-context.xml, Context.groovy}.
00:26:25.609 [main] DEBUG org.springframework.test.context.support.ActiveProfilesUtils - Could not find an 'annotation declaring class' for annotation type [org.springframework.test.context.ActiveProfiles] and class [pt.ulisboa.tecnico.socialsoftware.tutor.execution.domain.CreateCourseExecutionsTest]
00:26:25.610 [main] INFO org.springframework.boot.test.context.SpringBootTestContextBootstrapper - Found @SpringBootConfiguration pt.ulisboa.tecnico.socialsoftware.tutor.TutorTestApplication for test class pt.ulisboa.tecnico.socialsoftware.tutor.execution.domain.CreateCourseExecutionsTest
00:26:25.613 [main] DEBUG org.springframework.boot.test.autoconfigure.orm.jpa.DataJpaTestContextBootstrapper - @TestExecutionListeners is not present for class [pt.ulisboa.tecnico.socialsoftware.tutor.execution.domain.CreateCourseExecutionsTest]: using defaults.
00:26:25.613 [main] INFO org.springframework.boot.test.autoconfigure.orm.jpa.DataJpaTestContextBootstrapper - Loaded default TestExecutionListener class names from location [META-INF/spring.factories]: [org.springframework.boot.test.mock.mockito.MockitoTestExecutionListener, org.springframework.boot.test.mock.mockito.ResetMocksTestExecutionListener, org.springframework.boot.test.autoconfigure.restdocs.RestDocsTestExecutionListener, org.springframework.boot.test.autoconfigure.web.client.MockRestServiceServerResetTestExecutionListener, org.springframework.boot.test.autoconfigure.web.servlet.MockMvcPrintOnlyOnFailureTestExecutionListener, org.springframework.boot.test.autoconfigure.web.servlet.WebDriverTestExecutionListener, org.springframework.boot.test.autoconfigure.webservices.client.MockWebServiceServerTestExecutionListener, org.springframework.test.context.web.ServletTestExecutionListener, org.springframework.test.context.support.DirtiesContextBeforeModesTestExecutionListener, org.springframework.test.context.event.ApplicationEventsTestExecutionListener, org.springframework.test.context.support.DependencyInjectionTestExecutionListener, org.springframework.test.context.support.DirtiesContextTestExecutionListener, org.springframework.test.context.transaction.TransactionalTestExecutionListener, org.springframework.test.context.jdbc.SqlScriptsTestExecutionListener, org.springframework.test.context.event.EventPublishingTestExecutionListener, org.springframework.security.test.context.support.WithSecurityContextTestExecutionListener, org.springframework.security.test.context.support.ReactorContextTestExecutionListener, org.spockframework.spring.SpringMockTestExecutionListener]
00:26:25.615 [main] INFO org.springframework.boot.test.autoconfigure.orm.jpa.DataJpaTestContextBootstrapper - Using TestExecutionListeners: [org.springframework.test.context.web.ServletTestExecutionListener@1b9cfc19, org.springframework.test.context.support.DirtiesContextBeforeModesTestExecutionListener@765d67dd, org.springframework.test.context.event.ApplicationEventsTestExecutionListener@2e68bd3d, org.springframework.boot.test.mock.mockito.MockitoTestExecutionListener@2fda92e0, org.springframework.boot.test.autoconfigure.SpringBootDependencyInjectionTestExecutionListener@535adf36, org.springframework.test.context.support.DirtiesContextTestExecutionListener@4ea4290f, org.springframework.test.context.transaction.TransactionalTestExecutionListener@25cef4b3, org.springframework.test.context.jdbc.SqlScriptsTestExecutionListener@5e783f78, org.springframework.test.context.event.EventPublishingTestExecutionListener@5bdef8ee, org.springframework.security.test.context.support.WithSecurityContextTestExecutionListener@345d4ecb, org.springframework.security.test.context.support.ReactorContextTestExecutionListener@66e44f9f, org.springframework.boot.test.mock.mockito.ResetMocksTestExecutionListener@79f82fc4, org.springframework.boot.test.autoconfigure.restdocs.RestDocsTestExecutionListener@554db19d, org.springframework.boot.test.autoconfigure.web.client.MockRestServiceServerResetTestExecutionListener@bb896e9, org.springframework.boot.test.autoconfigure.web.servlet.MockMvcPrintOnlyOnFailureTestExecutionListener@4fe4b8b6, org.springframework.boot.test.autoconfigure.web.servlet.WebDriverTestExecutionListener@77da2881, org.springframework.boot.test.autoconfigure.webservices.client.MockWebServiceServerTestExecutionListener@4fa3bebe, org.spockframework.spring.SpringMockTestExecutionListener@63767d]
00:26:25.615 [main] DEBUG org.springframework.test.annotation.ProfileValueUtils - Retrieved @ProfileValueSourceConfiguration [null] for test class [pt.ulisboa.tecnico.socialsoftware.tutor.execution.service.AnonymizeCourseExecutionUsersTest]
00:26:25.615 [main] DEBUG org.springframework.test.annotation.ProfileValueUtils - Retrieved ProfileValueSource type [class org.springframework.test.annotation.SystemProfileValueSource] for class [pt.ulisboa.tecnico.socialsoftware.tutor.execution.service.AnonymizeCourseExecutionUsersTest]
00:26:25.615 [main] DEBUG org.springframework.test.annotation.ProfileValueUtils - Retrieved @ProfileValueSourceConfiguration [null] for test class [pt.ulisboa.tecnico.socialsoftware.tutor.execution.service.AnonymizeCourseExecutionUsersTest]
00:26:25.616 [main] DEBUG org.springframework.test.annotation.ProfileValueUtils - Retrieved ProfileValueSource type [class org.springframework.test.annotation.SystemProfileValueSource] for class [pt.ulisboa.tecnico.socialsoftware.tutor.execution.service.AnonymizeCourseExecutionUsersTest]
00:26:25.616 [main] DEBUG org.springframework.test.context.BootstrapUtils - Instantiating CacheAwareContextLoaderDelegate from class [org.springframework.test.context.cache.DefaultCacheAwareContextLoaderDelegate]
00:26:25.616 [main] DEBUG org.springframework.test.context.BootstrapUtils - Instantiating BootstrapContext using constructor [public org.springframework.test.context.support.DefaultBootstrapContext(java.lang.Class,org.springframework.test.context.CacheAwareContextLoaderDelegate)]
00:26:25.616 [main] DEBUG org.springframework.test.context.BootstrapUtils - Instantiating TestContextBootstrapper for test class [pt.ulisboa.tecnico.socialsoftware.tutor.execution.service.AnonymizeCourseExecutionUsersTest] from class [org.springframework.boot.test.autoconfigure.orm.jpa.DataJpaTestContextBootstrapper]
00:26:25.616 [main] INFO org.springframework.boot.test.autoconfigure.orm.jpa.DataJpaTestContextBootstrapper - Neither @ContextConfiguration nor @ContextHierarchy found for test class [pt.ulisboa.tecnico.socialsoftware.tutor.execution.service.AnonymizeCourseExecutionUsersTest], using SpringBootContextLoader
00:26:25.617 [main] DEBUG org.springframework.test.context.support.AbstractContextLoader - Did not detect default resource location for test class [pt.ulisboa.tecnico.socialsoftware.tutor.execution.service.AnonymizeCourseExecutionUsersTest]: class path resource [pt/ulisboa/tecnico/socialsoftware/tutor/execution/service/AnonymizeCourseExecutionUsersTest-context.xml] does not exist
00:26:25.618 [main] DEBUG org.springframework.test.context.support.AbstractContextLoader - Did not detect default resource location for test class [pt.ulisboa.tecnico.socialsoftware.tutor.execution.service.AnonymizeCourseExecutionUsersTest]: class path resource [pt/ulisboa/tecnico/socialsoftware/tutor/execution/service/AnonymizeCourseExecutionUsersTestContext.groovy] does not exist
00:26:25.618 [main] INFO org.springframework.test.context.support.AbstractContextLoader - Could not detect default resource locations for test class [pt.ulisboa.tecnico.socialsoftware.tutor.execution.service.AnonymizeCourseExecutionUsersTest]: no resource found for suffixes {-context.xml, Context.groovy}.
00:26:25.624 [main] DEBUG org.springframework.test.context.support.ActiveProfilesUtils - Could not find an 'annotation declaring class' for annotation type [org.springframework.test.context.ActiveProfiles] and class [pt.ulisboa.tecnico.socialsoftware.tutor.execution.service.AnonymizeCourseExecutionUsersTest]
00:26:25.629 [main] INFO org.springframework.boot.test.context.SpringBootTestContextBootstrapper - Found @SpringBootConfiguration pt.ulisboa.tecnico.socialsoftware.tutor.TutorTestApplication for test class pt.ulisboa.tecnico.socialsoftware.tutor.execution.service.AnonymizeCourseExecutionUsersTest
00:26:25.630 [main] DEBUG org.springframework.boot.test.autoconfigure.orm.jpa.DataJpaTestContextBootstrapper - @TestExecutionListeners is not present for class [pt.ulisboa.tecnico.socialsoftware.tutor.execution.service.AnonymizeCourseExecutionUsersTest]: using defaults.
00:26:25.630 [main] INFO org.springframework.boot.test.autoconfigure.orm.jpa.DataJpaTestContextBootstrapper - Loaded default TestExecutionListener class names from location [META-INF/spring.factories]: [org.springframework.boot.test.mock.mockito.MockitoTestExecutionListener, org.springframework.boot.test.mock.mockito.ResetMocksTestExecutionListener, org.springframework.boot.test.autoconfigure.restdocs.RestDocsTestExecutionListener, org.springframework.boot.test.autoconfigure.web.client.MockRestServiceServerResetTestExecutionListener, org.springframework.boot.test.autoconfigure.web.servlet.MockMvcPrintOnlyOnFailureTestExecutionListener, org.springframework.boot.test.autoconfigure.web.servlet.WebDriverTestExecutionListener, org.springframework.boot.test.autoconfigure.webservices.client.MockWebServiceServerTestExecutionListener, org.springframework.test.context.web.ServletTestExecutionListener, org.springframework.test.context.support.DirtiesContextBeforeModesTestExecutionListener, org.springframework.test.context.event.ApplicationEventsTestExecutionListener, org.springframework.test.context.support.DependencyInjectionTestExecutionListener, org.springframework.test.context.support.DirtiesContextTestExecutionListener, org.springframework.test.context.transaction.TransactionalTestExecutionListener, org.springframework.test.context.jdbc.SqlScriptsTestExecutionListener, org.springframework.test.context.event.EventPublishingTestExecutionListener, org.springframework.security.test.context.support.WithSecurityContextTestExecutionListener, org.springframework.security.test.context.support.ReactorContextTestExecutionListener, org.spockframework.spring.SpringMockTestExecutionListener]
00:26:25.632 [main] INFO org.springframework.boot.test.autoconfigure.orm.jpa.DataJpaTestContextBootstrapper - Using TestExecutionListeners: [org.springframework.test.context.web.ServletTestExecutionListener@6aa85fcf, org.springframework.test.context.support.DirtiesContextBeforeModesTestExecutionListener@4c90fc3b, org.springframework.test.context.event.ApplicationEventsTestExecutionListener@1e14ed59, org.springframework.boot.test.mock.mockito.MockitoTestExecutionListener@5dfb078, org.springframework.boot.test.autoconfigure.SpringBootDependencyInjectionTestExecutionListener@2d21d12b, org.springframework.test.context.support.DirtiesContextTestExecutionListener@669b8190, org.springframework.test.context.transaction.TransactionalTestExecutionListener@5fdcc63f, org.springframework.test.context.jdbc.SqlScriptsTestExecutionListener@27f8f1cc, org.springframework.test.context.event.EventPublishingTestExecutionListener@473c491, org.springframework.security.test.context.support.WithSecurityContextTestExecutionListener@3ede428e, org.springframework.security.test.context.support.ReactorContextTestExecutionListener@70a8654, org.springframework.boot.test.mock.mockito.ResetMocksTestExecutionListener@671c71e8, org.springframework.boot.test.autoconfigure.restdocs.RestDocsTestExecutionListener@7d5176d6, org.springframework.boot.test.autoconfigure.web.client.MockRestServiceServerResetTestExecutionListener@31d791c0, org.springframework.boot.test.autoconfigure.web.servlet.MockMvcPrintOnlyOnFailureTestExecutionListener@623c9988, org.springframework.boot.test.autoconfigure.web.servlet.WebDriverTestExecutionListener@66ab3716, org.springframework.boot.test.autoconfigure.webservices.client.MockWebServiceServerTestExecutionListener@103a1ad3, org.spockframework.spring.SpringMockTestExecutionListener@1d6ed085]
00:26:25.633 [main] DEBUG org.springframework.test.annotation.ProfileValueUtils - Retrieved @ProfileValueSourceConfiguration [null] for test class [pt.ulisboa.tecnico.socialsoftware.tutor.execution.service.CreateAssessmentTest]
00:26:25.633 [main] DEBUG org.springframework.test.annotation.ProfileValueUtils - Retrieved ProfileValueSource type [class org.springframework.test.annotation.SystemProfileValueSource] for class [pt.ulisboa.tecnico.socialsoftware.tutor.execution.service.CreateAssessmentTest]
00:26:25.633 [main] DEBUG org.springframework.test.annotation.ProfileValueUtils - Retrieved @ProfileValueSourceConfiguration [null] for test class [pt.ulisboa.tecnico.socialsoftware.tutor.execution.service.CreateAssessmentTest]
00:26:25.633 [main] DEBUG org.springframework.test.annotation.ProfileValueUtils - Retrieved ProfileValueSource type [class org.springframework.test.annotation.SystemProfileValueSource] for class [pt.ulisboa.tecnico.socialsoftware.tutor.execution.service.CreateAssessmentTest]
00:26:25.634 [main] DEBUG org.springframework.test.context.BootstrapUtils - Instantiating CacheAwareContextLoaderDelegate from class [org.springframework.test.context.cache.DefaultCacheAwareContextLoaderDelegate]
00:26:25.634 [main] DEBUG org.springframework.test.context.BootstrapUtils - Instantiating BootstrapContext using constructor [public org.springframework.test.context.support.DefaultBootstrapContext(java.lang.Class,org.springframework.test.context.CacheAwareContextLoaderDelegate)]
00:26:25.634 [main] DEBUG org.springframework.test.context.BootstrapUtils - Instantiating TestContextBootstrapper for test class [pt.ulisboa.tecnico.socialsoftware.tutor.execution.service.CreateAssessmentTest] from class [org.springframework.boot.test.autoconfigure.orm.jpa.DataJpaTestContextBootstrapper]
00:26:25.635 [main] INFO org.springframework.boot.test.autoconfigure.orm.jpa.DataJpaTestContextBootstrapper - Neither @ContextConfiguration nor @ContextHierarchy found for test class [pt.ulisboa.tecnico.socialsoftware.tutor.execution.service.CreateAssessmentTest], using SpringBootContextLoader
00:26:25.636 [main] DEBUG org.springframework.test.context.support.AbstractContextLoader - Did not detect default resource location for test class [pt.ulisboa.tecnico.socialsoftware.tutor.execution.service.CreateAssessmentTest]: class path resource [pt/ulisboa/tecnico/socialsoftware/tutor/execution/service/CreateAssessmentTest-context.xml] does not exist
00:26:25.637 [main] DEBUG org.springframework.test.context.support.AbstractContextLoader - Did not detect default resource location for test class [pt.ulisboa.tecnico.socialsoftware.tutor.execution.service.CreateAssessmentTest]: class path resource [pt/ulisboa/tecnico/socialsoftware/tutor/execution/service/CreateAssessmentTestContext.groovy] does not exist
00:26:25.637 [main] INFO org.springframework.test.context.support.AbstractContextLoader - Could not detect default resource locations for test class [pt.ulisboa.tecnico.socialsoftware.tutor.execution.service.CreateAssessmentTest]: no resource found for suffixes {-context.xml, Context.groovy}.
00:26:25.645 [main] DEBUG org.springframework.test.context.support.ActiveProfilesUtils - Could not find an 'annotation declaring class' for annotation type [org.springframework.test.context.ActiveProfiles] and class [pt.ulisboa.tecnico.socialsoftware.tutor.execution.service.CreateAssessmentTest]
00:26:25.646 [main] INFO org.springframework.boot.test.context.SpringBootTestContextBootstrapper - Found @SpringBootConfiguration pt.ulisboa.tecnico.socialsoftware.tutor.TutorTestApplication for test class pt.ulisboa.tecnico.socialsoftware.tutor.execution.service.CreateAssessmentTest
00:26:25.648 [main] DEBUG org.springframework.boot.test.autoconfigure.orm.jpa.DataJpaTestContextBootstrapper - @TestExecutionListeners is not present for class [pt.ulisboa.tecnico.socialsoftware.tutor.execution.service.CreateAssessmentTest]: using defaults.
00:26:25.648 [main] INFO org.springframework.boot.test.autoconfigure.orm.jpa.DataJpaTestContextBootstrapper - Loaded default TestExecutionListener class names from location [META-INF/spring.factories]: [org.springframework.boot.test.mock.mockito.MockitoTestExecutionListener, org.springframework.boot.test.mock.mockito.ResetMocksTestExecutionListener, org.springframework.boot.test.autoconfigure.restdocs.RestDocsTestExecutionListener, org.springframework.boot.test.autoconfigure.web.client.MockRestServiceServerResetTestExecutionListener, org.springframework.boot.test.autoconfigure.web.servlet.MockMvcPrintOnlyOnFailureTestExecutionListener, org.springframework.boot.test.autoconfigure.web.servlet.WebDriverTestExecutionListener, org.springframework.boot.test.autoconfigure.webservices.client.MockWebServiceServerTestExecutionListener, org.springframework.test.context.web.ServletTestExecutionListener, org.springframework.test.context.support.DirtiesContextBeforeModesTestExecutionListener, org.springframework.test.context.event.ApplicationEventsTestExecutionListener, org.springframework.test.context.support.DependencyInjectionTestExecutionListener, org.springframework.test.context.support.DirtiesContextTestExecutionListener, org.springframework.test.context.transaction.TransactionalTestExecutionListener, org.springframework.test.context.jdbc.SqlScriptsTestExecutionListener, org.springframework.test.context.event.EventPublishingTestExecutionListener, org.springframework.security.test.context.support.WithSecurityContextTestExecutionListener, org.springframework.security.test.context.support.ReactorContextTestExecutionListener, org.spockframework.spring.SpringMockTestExecutionListener]
00:26:25.650 [main] INFO org.springframework.boot.test.autoconfigure.orm.jpa.DataJpaTestContextBootstrapper - Using TestExecutionListeners: [org.springframework.test.context.web.ServletTestExecutionListener@1b18fa79, org.springframework.test.context.support.DirtiesContextBeforeModesTestExecutionListener@24347d8b, org.springframework.test.context.event.ApplicationEventsTestExecutionListener@6418075c, org.springframework.boot.test.mock.mockito.MockitoTestExecutionListener@f9919a2, org.springframework.boot.test.autoconfigure.SpringBootDependencyInjectionTestExecutionListener@530ee11a, org.springframework.test.context.support.DirtiesContextTestExecutionListener@54d116d5, org.springframework.test.context.transaction.TransactionalTestExecutionListener@7057d9f4, org.springframework.test.context.jdbc.SqlScriptsTestExecutionListener@37c49a55, org.springframework.test.context.event.EventPublishingTestExecutionListener@13e6ab86, org.springframework.security.test.context.support.WithSecurityContextTestExecutionListener@4f5d7091, org.springframework.security.test.context.support.ReactorContextTestExecutionListener@18b88f7, org.springframework.boot.test.mock.mockito.ResetMocksTestExecutionListener@128ebca1, org.springframework.boot.test.autoconfigure.restdocs.RestDocsTestExecutionListener@34128fed, org.springframework.boot.test.autoconfigure.web.client.MockRestServiceServerResetTestExecutionListener@10efb806, org.springframework.boot.test.autoconfigure.web.servlet.MockMvcPrintOnlyOnFailureTestExecutionListener@4dfe56dc, org.springframework.boot.test.autoconfigure.web.servlet.WebDriverTestExecutionListener@2a728076, org.springframework.boot.test.autoconfigure.webservices.client.MockWebServiceServerTestExecutionListener@a3f1f32, org.spockframework.spring.SpringMockTestExecutionListener@67fda9fb]
00:26:25.651 [main] DEBUG org.springframework.test.annotation.ProfileValueUtils - Retrieved @ProfileValueSourceConfiguration [null] for test class [pt.ulisboa.tecnico.socialsoftware.tutor.execution.service.CreateExternalCourseExecutionTest]
00:26:25.651 [main] DEBUG org.springframework.test.annotation.ProfileValueUtils - Retrieved ProfileValueSource type [class org.springframework.test.annotation.SystemProfileValueSource] for class [pt.ulisboa.tecnico.socialsoftware.tutor.execution.service.CreateExternalCourseExecutionTest]
00:26:25.651 [main] DEBUG org.springframework.test.annotation.ProfileValueUtils - Retrieved @ProfileValueSourceConfiguration [null] for test class [pt.ulisboa.tecnico.socialsoftware.tutor.execution.service.CreateExternalCourseExecutionTest]
00:26:25.651 [main] DEBUG org.springframework.test.annotation.ProfileValueUtils - Retrieved ProfileValueSource type [class org.springframework.test.annotation.SystemProfileValueSource] for class [pt.ulisboa.tecnico.socialsoftware.tutor.execution.service.CreateExternalCourseExecutionTest]
00:26:25.652 [main] DEBUG org.springframework.test.annotation.ProfileValueUtils - Retrieved @ProfileValueSourceConfiguration [null] for test class [pt.ulisboa.tecnico.socialsoftware.tutor.execution.service.CreateExternalCourseExecutionTest]
00:26:25.652 [main] DEBUG org.springframework.test.annotation.ProfileValueUtils - Retrieved ProfileValueSource type [class org.springframework.test.annotation.SystemProfileValueSource] for class [pt.ulisboa.tecnico.socialsoftware.tutor.execution.service.CreateExternalCourseExecutionTest]
00:26:25.652 [main] DEBUG org.springframework.test.annotation.ProfileValueUtils - Retrieved @ProfileValueSourceConfiguration [null] for test class [pt.ulisboa.tecnico.socialsoftware.tutor.execution.service.CreateExternalCourseExecutionTest]
00:26:25.652 [main] DEBUG org.springframework.test.annotation.ProfileValueUtils - Retrieved ProfileValueSource type [class org.springframework.test.annotation.SystemProfileValueSource] for class [pt.ulisboa.tecnico.socialsoftware.tutor.execution.service.CreateExternalCourseExecutionTest]
00:26:25.652 [main] DEBUG org.springframework.test.context.BootstrapUtils - Instantiating CacheAwareContextLoaderDelegate from class [org.springframework.test.context.cache.DefaultCacheAwareContextLoaderDelegate]
00:26:25.652 [main] DEBUG org.springframework.test.context.BootstrapUtils - Instantiating BootstrapContext using constructor [public org.springframework.test.context.support.DefaultBootstrapContext(java.lang.Class,org.springframework.test.context.CacheAwareContextLoaderDelegate)]
00:26:25.652 [main] DEBUG org.springframework.test.context.BootstrapUtils - Instantiating TestContextBootstrapper for test class [pt.ulisboa.tecnico.socialsoftware.tutor.execution.service.CreateExternalCourseExecutionTest] from class [org.springframework.boot.test.autoconfigure.orm.jpa.DataJpaTestContextBootstrapper]
00:26:25.652 [main] INFO org.springframework.boot.test.autoconfigure.orm.jpa.DataJpaTestContextBootstrapper - Neither @ContextConfiguration nor @ContextHierarchy found for test class [pt.ulisboa.tecnico.socialsoftware.tutor.execution.service.CreateExternalCourseExecutionTest], using SpringBootContextLoader
00:26:25.653 [main] DEBUG org.springframework.test.context.support.AbstractContextLoader - Did not detect default resource location for test class [pt.ulisboa.tecnico.socialsoftware.tutor.execution.service.CreateExternalCourseExecutionTest]: class path resource [pt/ulisboa/tecnico/socialsoftware/tutor/execution/service/CreateExternalCourseExecutionTest-context.xml] does not exist
00:26:25.654 [main] DEBUG org.springframework.test.context.support.AbstractContextLoader - Did not detect default resource location for test class [pt.ulisboa.tecnico.socialsoftware.tutor.execution.service.CreateExternalCourseExecutionTest]: class path resource [pt/ulisboa/tecnico/socialsoftware/tutor/execution/service/CreateExternalCourseExecutionTestContext.groovy] does not exist
00:26:25.654 [main] INFO org.springframework.test.context.support.AbstractContextLoader - Could not detect default resource locations for test class [pt.ulisboa.tecnico.socialsoftware.tutor.execution.service.CreateExternalCourseExecutionTest]: no resource found for suffixes {-context.xml, Context.groovy}.
00:26:25.660 [main] DEBUG org.springframework.test.context.support.ActiveProfilesUtils - Could not find an 'annotation declaring class' for annotation type [org.springframework.test.context.ActiveProfiles] and class [pt.ulisboa.tecnico.socialsoftware.tutor.execution.service.CreateExternalCourseExecutionTest]
00:26:25.661 [main] INFO org.springframework.boot.test.context.SpringBootTestContextBootstrapper - Found @SpringBootConfiguration pt.ulisboa.tecnico.socialsoftware.tutor.TutorTestApplication for test class pt.ulisboa.tecnico.socialsoftware.tutor.execution.service.CreateExternalCourseExecutionTest
00:26:25.662 [main] DEBUG org.springframework.boot.test.autoconfigure.orm.jpa.DataJpaTestContextBootstrapper - @TestExecutionListeners is not present for class [pt.ulisboa.tecnico.socialsoftware.tutor.execution.service.CreateExternalCourseExecutionTest]: using defaults.
00:26:25.663 [main] INFO org.springframework.boot.test.autoconfigure.orm.jpa.DataJpaTestContextBootstrapper - Loaded default TestExecutionListener class names from location [META-INF/spring.factories]: [org.springframework.boot.test.mock.mockito.MockitoTestExecutionListener, org.springframework.boot.test.mock.mockito.ResetMocksTestExecutionListener, org.springframework.boot.test.autoconfigure.restdocs.RestDocsTestExecutionListener, org.springframework.boot.test.autoconfigure.web.client.MockRestServiceServerResetTestExecutionListener, org.springframework.boot.test.autoconfigure.web.servlet.MockMvcPrintOnlyOnFailureTestExecutionListener, org.springframework.boot.test.autoconfigure.web.servlet.WebDriverTestExecutionListener, org.springframework.boot.test.autoconfigure.webservices.client.MockWebServiceServerTestExecutionListener, org.springframework.test.context.web.ServletTestExecutionListener, org.springframework.test.context.support.DirtiesContextBeforeModesTestExecutionListener, org.springframework.test.context.event.ApplicationEventsTestExecutionListener, org.springframework.test.context.support.DependencyInjectionTestExecutionListener, org.springframework.test.context.support.DirtiesContextTestExecutionListener, org.springframework.test.context.transaction.TransactionalTestExecutionListener, org.springframework.test.context.jdbc.SqlScriptsTestExecutionListener, org.springframework.test.context.event.EventPublishingTestExecutionListener, org.springframework.security.test.context.support.WithSecurityContextTestExecutionListener, org.springframework.security.test.context.support.ReactorContextTestExecutionListener, org.spockframework.spring.SpringMockTestExecutionListener]
00:26:25.665 [main] INFO org.springframework.boot.test.autoconfigure.orm.jpa.DataJpaTestContextBootstrapper - Using TestExecutionListeners: [org.springframework.test.context.web.ServletTestExecutionListener@580a5b6e, org.springframework.test.context.support.DirtiesContextBeforeModesTestExecutionListener@66450129, org.springframework.test.context.event.ApplicationEventsTestExecutionListener@14f1545c, org.springframework.boot.test.mock.mockito.MockitoTestExecutionListener@1ec98548, org.springframework.boot.test.autoconfigure.SpringBootDependencyInjectionTestExecutionListener@14927cd4, org.springframework.test.context.support.DirtiesContextTestExecutionListener@5a106b26, org.springframework.test.context.transaction.TransactionalTestExecutionListener@445d878c, org.springframework.test.context.jdbc.SqlScriptsTestExecutionListener@16eca98a, org.springframework.test.context.event.EventPublishingTestExecutionListener@119f035f, org.springframework.security.test.context.support.WithSecurityContextTestExecutionListener@480f1311, org.springframework.security.test.context.support.ReactorContextTestExecutionListener@60c68c7b, org.springframework.boot.test.mock.mockito.ResetMocksTestExecutionListener@1315d910, org.springframework.boot.test.autoconfigure.restdocs.RestDocsTestExecutionListener@7a79a5d6, org.springframework.boot.test.autoconfigure.web.client.MockRestServiceServerResetTestExecutionListener@4a5eb613, org.springframework.boot.test.autoconfigure.web.servlet.MockMvcPrintOnlyOnFailureTestExecutionListener@1eaf4e77, org.springframework.boot.test.autoconfigure.web.servlet.WebDriverTestExecutionListener@23cfc9eb, org.springframework.boot.test.autoconfigure.webservices.client.MockWebServiceServerTestExecutionListener@14af9f51, org.spockframework.spring.SpringMockTestExecutionListener@2bfe4df9]
00:26:25.666 [main] DEBUG org.springframework.test.annotation.ProfileValueUtils - Retrieved @ProfileValueSourceConfiguration [null] for test class [pt.ulisboa.tecnico.socialsoftware.tutor.execution.service.CreateTecnicoCourseExecutionTest]
00:26:25.666 [main] DEBUG org.springframework.test.annotation.ProfileValueUtils - Retrieved ProfileValueSource type [class org.springframework.test.annotation.SystemProfileValueSource] for class [pt.ulisboa.tecnico.socialsoftware.tutor.execution.service.CreateTecnicoCourseExecutionTest]
00:26:25.666 [main] DEBUG org.springframework.test.annotation.ProfileValueUtils - Retrieved @ProfileValueSourceConfiguration [null] for test class [pt.ulisboa.tecnico.socialsoftware.tutor.execution.service.CreateTecnicoCourseExecutionTest]
00:26:25.666 [main] DEBUG org.springframework.test.annotation.ProfileValueUtils - Retrieved ProfileValueSource type [class org.springframework.test.annotation.SystemProfileValueSource] for class [pt.ulisboa.tecnico.socialsoftware.tutor.execution.service.CreateTecnicoCourseExecutionTest]
00:26:25.666 [main] DEBUG org.springframework.test.annotation.ProfileValueUtils - Retrieved @ProfileValueSourceConfiguration [null] for test class [pt.ulisboa.tecnico.socialsoftware.tutor.execution.service.CreateTecnicoCourseExecutionTest]
00:26:25.666 [main] DEBUG org.springframework.test.annotation.ProfileValueUtils - Retrieved ProfileValueSource type [class org.springframework.test.annotation.SystemProfileValueSource] for class [pt.ulisboa.tecnico.socialsoftware.tutor.execution.service.CreateTecnicoCourseExecutionTest]
00:26:25.666 [main] DEBUG org.springframework.test.annotation.ProfileValueUtils - Retrieved @ProfileValueSourceConfiguration [null] for test class [pt.ulisboa.tecnico.socialsoftware.tutor.execution.service.CreateTecnicoCourseExecutionTest]
00:26:25.666 [main] DEBUG org.springframework.test.annotation.ProfileValueUtils - Retrieved ProfileValueSource type [class org.springframework.test.annotation.SystemProfileValueSource] for class [pt.ulisboa.tecnico.socialsoftware.tutor.execution.service.CreateTecnicoCourseExecutionTest]
00:26:25.666 [main] DEBUG org.springframework.test.annotation.ProfileValueUtils - Retrieved @ProfileValueSourceConfiguration [null] for test class [pt.ulisboa.tecnico.socialsoftware.tutor.execution.service.CreateTecnicoCourseExecutionTest]
00:26:25.666 [main] DEBUG org.springframework.test.annotation.ProfileValueUtils - Retrieved ProfileValueSource type [class org.springframework.test.annotation.SystemProfileValueSource] for class [pt.ulisboa.tecnico.socialsoftware.tutor.execution.service.CreateTecnicoCourseExecutionTest]
00:26:25.667 [main] DEBUG org.springframework.test.annotation.ProfileValueUtils - Retrieved @ProfileValueSourceConfiguration [null] for test class [pt.ulisboa.tecnico.socialsoftware.tutor.execution.service.CreateTecnicoCourseExecutionTest]
00:26:25.667 [main] DEBUG org.springframework.test.annotation.ProfileValueUtils - Retrieved ProfileValueSource type [class org.springframework.test.annotation.SystemProfileValueSource] for class [pt.ulisboa.tecnico.socialsoftware.tutor.execution.service.CreateTecnicoCourseExecutionTest]
00:26:25.667 [main] DEBUG org.springframework.test.annotation.ProfileValueUtils - Retrieved @ProfileValueSourceConfiguration [null] for test class [pt.ulisboa.tecnico.socialsoftware.tutor.execution.service.CreateTecnicoCourseExecutionTest]
00:26:25.667 [main] DEBUG org.springframework.test.annotation.ProfileValueUtils - Retrieved ProfileValueSource type [class org.springframework.test.annotation.SystemProfileValueSource] for class [pt.ulisboa.tecnico.socialsoftware.tutor.execution.service.CreateTecnicoCourseExecutionTest]
00:26:25.667 [main] DEBUG org.springframework.test.context.BootstrapUtils - Instantiating CacheAwareContextLoaderDelegate from class [org.springframework.test.context.cache.DefaultCacheAwareContextLoaderDelegate]
00:26:25.667 [main] DEBUG org.springframework.test.context.BootstrapUtils - Instantiating BootstrapContext using constructor [public org.springframework.test.context.support.DefaultBootstrapContext(java.lang.Class,org.springframework.test.context.CacheAwareContextLoaderDelegate)]
00:26:25.667 [main] DEBUG org.springframework.test.context.BootstrapUtils - Instantiating TestContextBootstrapper for test class [pt.ulisboa.tecnico.socialsoftware.tutor.execution.service.CreateTecnicoCourseExecutionTest] from class [org.springframework.boot.test.autoconfigure.orm.jpa.DataJpaTestContextBootstrapper]
00:26:25.668 [main] INFO org.springframework.boot.test.autoconfigure.orm.jpa.DataJpaTestContextBootstrapper - Neither @ContextConfiguration nor @ContextHierarchy found for test class [pt.ulisboa.tecnico.socialsoftware.tutor.execution.service.CreateTecnicoCourseExecutionTest], using SpringBootContextLoader
00:26:25.669 [main] DEBUG org.springframework.test.context.support.AbstractContextLoader - Did not detect default resource location for test class [pt.ulisboa.tecnico.socialsoftware.tutor.execution.service.CreateTecnicoCourseExecutionTest]: class path resource [pt/ulisboa/tecnico/socialsoftware/tutor/execution/service/CreateTecnicoCourseExecutionTest-context.xml] does not exist
00:26:25.669 [main] DEBUG org.springframework.test.context.support.AbstractContextLoader - Did not detect default resource location for test class [pt.ulisboa.tecnico.socialsoftware.tutor.execution.service.CreateTecnicoCourseExecutionTest]: class path resource [pt/ulisboa/tecnico/socialsoftware/tutor/execution/service/CreateTecnicoCourseExecutionTestContext.groovy] does not exist
00:26:25.669 [main] INFO org.springframework.test.context.support.AbstractContextLoader - Could not detect default resource locations for test class [pt.ulisboa.tecnico.socialsoftware.tutor.execution.service.CreateTecnicoCourseExecutionTest]: no resource found for suffixes {-context.xml, Context.groovy}.
00:26:25.675 [main] DEBUG org.springframework.test.context.support.ActiveProfilesUtils - Could not find an 'annotation declaring class' for annotation type [org.springframework.test.context.ActiveProfiles] and class [pt.ulisboa.tecnico.socialsoftware.tutor.execution.service.CreateTecnicoCourseExecutionTest]
00:26:25.676 [main] INFO org.springframework.boot.test.context.SpringBootTestContextBootstrapper - Found @SpringBootConfiguration pt.ulisboa.tecnico.socialsoftware.tutor.TutorTestApplication for test class pt.ulisboa.tecnico.socialsoftware.tutor.execution.service.CreateTecnicoCourseExecutionTest
00:26:25.678 [main] DEBUG org.springframework.boot.test.autoconfigure.orm.jpa.DataJpaTestContextBootstrapper - @TestExecutionListeners is not present for class [pt.ulisboa.tecnico.socialsoftware.tutor.execution.service.CreateTecnicoCourseExecutionTest]: using defaults.
00:26:25.678 [main] INFO org.springframework.boot.test.autoconfigure.orm.jpa.DataJpaTestContextBootstrapper - Loaded default TestExecutionListener class names from location [META-INF/spring.factories]: [org.springframework.boot.test.mock.mockito.MockitoTestExecutionListener, org.springframework.boot.test.mock.mockito.ResetMocksTestExecutionListener, org.springframework.boot.test.autoconfigure.restdocs.RestDocsTestExecutionListener, org.springframework.boot.test.autoconfigure.web.client.MockRestServiceServerResetTestExecutionListener, org.springframework.boot.test.autoconfigure.web.servlet.MockMvcPrintOnlyOnFailureTestExecutionListener, org.springframework.boot.test.autoconfigure.web.servlet.WebDriverTestExecutionListener, org.springframework.boot.test.autoconfigure.webservices.client.MockWebServiceServerTestExecutionListener, org.springframework.test.context.web.ServletTestExecutionListener, org.springframework.test.context.support.DirtiesContextBeforeModesTestExecutionListener, org.springframework.test.context.event.ApplicationEventsTestExecutionListener, org.springframework.test.context.support.DependencyInjectionTestExecutionListener, org.springframework.test.context.support.DirtiesContextTestExecutionListener, org.springframework.test.context.transaction.TransactionalTestExecutionListener, org.springframework.test.context.jdbc.SqlScriptsTestExecutionListener, org.springframework.test.context.event.EventPublishingTestExecutionListener, org.springframework.security.test.context.support.WithSecurityContextTestExecutionListener, org.springframework.security.test.context.support.ReactorContextTestExecutionListener, org.spockframework.spring.SpringMockTestExecutionListener]
00:26:25.681 [main] INFO org.springframework.boot.test.autoconfigure.orm.jpa.DataJpaTestContextBootstrapper - Using TestExecutionListeners: [org.springframework.test.context.web.ServletTestExecutionListener@4f466207, org.springframework.test.context.support.DirtiesContextBeforeModesTestExecutionListener@121b7a95, org.springframework.test.context.event.ApplicationEventsTestExecutionListener@7aa62a90, org.springframework.boot.test.mock.mockito.MockitoTestExecutionListener@23ee31b8, org.springframework.boot.test.autoconfigure.SpringBootDependencyInjectionTestExecutionListener@5fc42998, org.springframework.test.context.support.DirtiesContextTestExecutionListener@16422f27, org.springframework.test.context.transaction.TransactionalTestExecutionListener@5dfb65d5, org.springframework.test.context.jdbc.SqlScriptsTestExecutionListener@f4aec23, org.springframework.test.context.event.EventPublishingTestExecutionListener@713c8cbb, org.springframework.security.test.context.support.WithSecurityContextTestExecutionListener@7680beac, org.springframework.security.test.context.support.ReactorContextTestExecutionListener@7053a864, org.springframework.boot.test.mock.mockito.ResetMocksTestExecutionListener@282079b9, org.springframework.boot.test.autoconfigure.restdocs.RestDocsTestExecutionListener@3d6c7152, org.springframework.boot.test.autoconfigure.web.client.MockRestServiceServerResetTestExecutionListener@4e6add8d, org.springframework.boot.test.autoconfigure.web.servlet.MockMvcPrintOnlyOnFailureTestExecutionListener@23974cac, org.springframework.boot.test.autoconfigure.web.servlet.WebDriverTestExecutionListener@85104d6, org.springframework.boot.test.autoconfigure.webservices.client.MockWebServiceServerTestExecutionListener@56e9126f, org.spockframework.spring.SpringMockTestExecutionListener@4e773b8a]
00:26:25.682 [main] DEBUG org.springframework.test.annotation.ProfileValueUtils - Retrieved @ProfileValueSourceConfiguration [null] for test class [pt.ulisboa.tecnico.socialsoftware.tutor.execution.service.DeleteExternalInactiveUsersTest]
00:26:25.682 [main] DEBUG org.springframework.test.annotation.ProfileValueUtils - Retrieved ProfileValueSource type [class org.springframework.test.annotation.SystemProfileValueSource] for class [pt.ulisboa.tecnico.socialsoftware.tutor.execution.service.DeleteExternalInactiveUsersTest]
00:26:25.682 [main] DEBUG org.springframework.test.annotation.ProfileValueUtils - Retrieved @ProfileValueSourceConfiguration [null] for test class [pt.ulisboa.tecnico.socialsoftware.tutor.execution.service.DeleteExternalInactiveUsersTest]
00:26:25.682 [main] DEBUG org.springframework.test.annotation.ProfileValueUtils - Retrieved ProfileValueSource type [class org.springframework.test.annotation.SystemProfileValueSource] for class [pt.ulisboa.tecnico.socialsoftware.tutor.execution.service.DeleteExternalInactiveUsersTest]
00:26:25.682 [main] DEBUG org.springframework.test.annotation.ProfileValueUtils - Retrieved @ProfileValueSourceConfiguration [null] for test class [pt.ulisboa.tecnico.socialsoftware.tutor.execution.service.DeleteExternalInactiveUsersTest]
00:26:25.682 [main] DEBUG org.springframework.test.annotation.ProfileValueUtils - Retrieved ProfileValueSource type [class org.springframework.test.annotation.SystemProfileValueSource] for class [pt.ulisboa.tecnico.socialsoftware.tutor.execution.service.DeleteExternalInactiveUsersTest]
00:26:25.682 [main] DEBUG org.springframework.test.annotation.ProfileValueUtils - Retrieved @ProfileValueSourceConfiguration [null] for test class [pt.ulisboa.tecnico.socialsoftware.tutor.execution.service.DeleteExternalInactiveUsersTest]
00:26:25.682 [main] DEBUG org.springframework.test.annotation.ProfileValueUtils - Retrieved ProfileValueSource type [class org.springframework.test.annotation.SystemProfileValueSource] for class [pt.ulisboa.tecnico.socialsoftware.tutor.execution.service.DeleteExternalInactiveUsersTest]
00:26:25.682 [main] DEBUG org.springframework.test.annotation.ProfileValueUtils - Retrieved @ProfileValueSourceConfiguration [null] for test class [pt.ulisboa.tecnico.socialsoftware.tutor.execution.service.DeleteExternalInactiveUsersTest]
00:26:25.682 [main] DEBUG org.springframework.test.annotation.ProfileValueUtils - Retrieved ProfileValueSource type [class org.springframework.test.annotation.SystemProfileValueSource] for class [pt.ulisboa.tecnico.socialsoftware.tutor.execution.service.DeleteExternalInactiveUsersTest]
00:26:25.682 [main] DEBUG org.springframework.test.context.BootstrapUtils - Instantiating CacheAwareContextLoaderDelegate from class [org.springframework.test.context.cache.DefaultCacheAwareContextLoaderDelegate]
00:26:25.682 [main] DEBUG org.springframework.test.context.BootstrapUtils - Instantiating BootstrapContext using constructor [public org.springframework.test.context.support.DefaultBootstrapContext(java.lang.Class,org.springframework.test.context.CacheAwareContextLoaderDelegate)]
00:26:25.683 [main] DEBUG org.springframework.test.context.BootstrapUtils - Instantiating TestContextBootstrapper for test class [pt.ulisboa.tecnico.socialsoftware.tutor.execution.service.DeleteExternalInactiveUsersTest] from class [org.springframework.boot.test.autoconfigure.orm.jpa.DataJpaTestContextBootstrapper]
00:26:25.683 [main] INFO org.springframework.boot.test.autoconfigure.orm.jpa.DataJpaTestContextBootstrapper - Neither @ContextConfiguration nor @ContextHierarchy found for test class [pt.ulisboa.tecnico.socialsoftware.tutor.execution.service.DeleteExternalInactiveUsersTest], using SpringBootContextLoader
00:26:25.684 [main] DEBUG org.springframework.test.context.support.AbstractContextLoader - Did not detect default resource location for test class [pt.ulisboa.tecnico.socialsoftware.tutor.execution.service.DeleteExternalInactiveUsersTest]: class path resource [pt/ulisboa/tecnico/socialsoftware/tutor/execution/service/DeleteExternalInactiveUsersTest-context.xml] does not exist
00:26:25.684 [main] DEBUG org.springframework.test.context.support.AbstractContextLoader - Did not detect default resource location for test class [pt.ulisboa.tecnico.socialsoftware.tutor.execution.service.DeleteExternalInactiveUsersTest]: class path resource [pt/ulisboa/tecnico/socialsoftware/tutor/execution/service/DeleteExternalInactiveUsersTestContext.groovy] does not exist
00:26:25.684 [main] INFO org.springframework.test.context.support.AbstractContextLoader - Could not detect default resource locations for test class [pt.ulisboa.tecnico.socialsoftware.tutor.execution.service.DeleteExternalInactiveUsersTest]: no resource found for suffixes {-context.xml, Context.groovy}.
00:26:25.689 [main] DEBUG org.springframework.test.context.support.ActiveProfilesUtils - Could not find an 'annotation declaring class' for annotation type [org.springframework.test.context.ActiveProfiles] and class [pt.ulisboa.tecnico.socialsoftware.tutor.execution.service.DeleteExternalInactiveUsersTest]
00:26:25.690 [main] INFO org.springframework.boot.test.context.SpringBootTestContextBootstrapper - Found @SpringBootConfiguration pt.ulisboa.tecnico.socialsoftware.tutor.TutorTestApplication for test class pt.ulisboa.tecnico.socialsoftware.tutor.execution.service.DeleteExternalInactiveUsersTest
00:26:25.691 [main] DEBUG org.springframework.boot.test.autoconfigure.orm.jpa.DataJpaTestContextBootstrapper - @TestExecutionListeners is not present for class [pt.ulisboa.tecnico.socialsoftware.tutor.execution.service.DeleteExternalInactiveUsersTest]: using defaults.
00:26:25.692 [main] INFO org.springframework.boot.test.autoconfigure.orm.jpa.DataJpaTestContextBootstrapper - Loaded default TestExecutionListener class names from location [META-INF/spring.factories]: [org.springframework.boot.test.mock.mockito.MockitoTestExecutionListener, org.springframework.boot.test.mock.mockito.ResetMocksTestExecutionListener, org.springframework.boot.test.autoconfigure.restdocs.RestDocsTestExecutionListener, org.springframework.boot.test.autoconfigure.web.client.MockRestServiceServerResetTestExecutionListener, org.springframework.boot.test.autoconfigure.web.servlet.MockMvcPrintOnlyOnFailureTestExecutionListener, org.springframework.boot.test.autoconfigure.web.servlet.WebDriverTestExecutionListener, org.springframework.boot.test.autoconfigure.webservices.client.MockWebServiceServerTestExecutionListener, org.springframework.test.context.web.ServletTestExecutionListener, org.springframework.test.context.support.DirtiesContextBeforeModesTestExecutionListener, org.springframework.test.context.event.ApplicationEventsTestExecutionListener, org.springframework.test.context.support.DependencyInjectionTestExecutionListener, org.springframework.test.context.support.DirtiesContextTestExecutionListener, org.springframework.test.context.transaction.TransactionalTestExecutionListener, org.springframework.test.context.jdbc.SqlScriptsTestExecutionListener, org.springframework.test.context.event.EventPublishingTestExecutionListener, org.springframework.security.test.context.support.WithSecurityContextTestExecutionListener, org.springframework.security.test.context.support.ReactorContextTestExecutionListener, org.spockframework.spring.SpringMockTestExecutionListener]
00:26:25.694 [main] INFO org.springframework.boot.test.autoconfigure.orm.jpa.DataJpaTestContextBootstrapper - Using TestExecutionListeners: [org.springframework.test.context.web.ServletTestExecutionListener@579cfcc4, org.springframework.test.context.support.DirtiesContextBeforeModesTestExecutionListener@57eb2555, org.springframework.test.context.event.ApplicationEventsTestExecutionListener@490f2fad, org.springframework.boot.test.mock.mockito.MockitoTestExecutionListener@3ed3e66d, org.springframework.boot.test.autoconfigure.SpringBootDependencyInjectionTestExecutionListener@e9947af, org.springframework.test.context.support.DirtiesContextTestExecutionListener@d60aa4, org.springframework.test.context.transaction.TransactionalTestExecutionListener@30942f54, org.springframework.test.context.jdbc.SqlScriptsTestExecutionListener@11d557a5, org.springframework.test.context.event.EventPublishingTestExecutionListener@55b5ce0f, org.springframework.security.test.context.support.WithSecurityContextTestExecutionListener@65067d37, org.springframework.security.test.context.support.ReactorContextTestExecutionListener@74f9004c, org.springframework.boot.test.mock.mockito.ResetMocksTestExecutionListener@4f2a0909, org.springframework.boot.test.autoconfigure.restdocs.RestDocsTestExecutionListener@34947355, org.springframework.boot.test.autoconfigure.web.client.MockRestServiceServerResetTestExecutionListener@62ad5f35, org.springframework.boot.test.autoconfigure.web.servlet.MockMvcPrintOnlyOnFailureTestExecutionListener@5e6ad84c, org.springframework.boot.test.autoconfigure.web.servlet.WebDriverTestExecutionListener@4117e0c9, org.springframework.boot.test.autoconfigure.webservices.client.MockWebServiceServerTestExecutionListener@568e2d65, org.spockframework.spring.SpringMockTestExecutionListener@5e528476]
00:26:25.695 [main] DEBUG org.springframework.test.annotation.ProfileValueUtils - Retrieved @ProfileValueSourceConfiguration [null] for test class [pt.ulisboa.tecnico.socialsoftware.tutor.execution.service.GetCourseExecutionsPerformanceTest]
00:26:25.695 [main] DEBUG org.springframework.test.annotation.ProfileValueUtils - Retrieved ProfileValueSource type [class org.springframework.test.annotation.SystemProfileValueSource] for class [pt.ulisboa.tecnico.socialsoftware.tutor.execution.service.GetCourseExecutionsPerformanceTest]
00:26:25.695 [main] DEBUG org.springframework.test.annotation.ProfileValueUtils - Retrieved @ProfileValueSourceConfiguration [null] for test class [pt.ulisboa.tecnico.socialsoftware.tutor.execution.service.GetCourseExecutionsPerformanceTest]
00:26:25.695 [main] DEBUG org.springframework.test.annotation.ProfileValueUtils - Retrieved ProfileValueSource type [class org.springframework.test.annotation.SystemProfileValueSource] for class [pt.ulisboa.tecnico.socialsoftware.tutor.execution.service.GetCourseExecutionsPerformanceTest]
00:26:25.695 [main] DEBUG org.springframework.test.context.BootstrapUtils - Instantiating CacheAwareContextLoaderDelegate from class [org.springframework.test.context.cache.DefaultCacheAwareContextLoaderDelegate]
00:26:25.695 [main] DEBUG org.springframework.test.context.BootstrapUtils - Instantiating BootstrapContext using constructor [public org.springframework.test.context.support.DefaultBootstrapContext(java.lang.Class,org.springframework.test.context.CacheAwareContextLoaderDelegate)]
00:26:25.695 [main] DEBUG org.springframework.test.context.BootstrapUtils - Instantiating TestContextBootstrapper for test class [pt.ulisboa.tecnico.socialsoftware.tutor.execution.service.GetCourseExecutionsPerformanceTest] from class [org.springframework.boot.test.autoconfigure.orm.jpa.DataJpaTestContextBootstrapper]
00:26:25.696 [main] INFO org.springframework.boot.test.autoconfigure.orm.jpa.DataJpaTestContextBootstrapper - Neither @ContextConfiguration nor @ContextHierarchy found for test class [pt.ulisboa.tecnico.socialsoftware.tutor.execution.service.GetCourseExecutionsPerformanceTest], using SpringBootContextLoader
00:26:25.697 [main] DEBUG org.springframework.test.context.support.AbstractContextLoader - Did not detect default resource location for test class [pt.ulisboa.tecnico.socialsoftware.tutor.execution.service.GetCourseExecutionsPerformanceTest]: class path resource [pt/ulisboa/tecnico/socialsoftware/tutor/execution/service/GetCourseExecutionsPerformanceTest-context.xml] does not exist
00:26:25.698 [main] DEBUG org.springframework.test.context.support.AbstractContextLoader - Did not detect default resource location for test class [pt.ulisboa.tecnico.socialsoftware.tutor.execution.service.GetCourseExecutionsPerformanceTest]: class path resource [pt/ulisboa/tecnico/socialsoftware/tutor/execution/service/GetCourseExecutionsPerformanceTestContext.groovy] does not exist
00:26:25.698 [main] INFO org.springframework.test.context.support.AbstractContextLoader - Could not detect default resource locations for test class [pt.ulisboa.tecnico.socialsoftware.tutor.execution.service.GetCourseExecutionsPerformanceTest]: no resource found for suffixes {-context.xml, Context.groovy}.
00:26:25.703 [main] DEBUG org.springframework.test.context.support.ActiveProfilesUtils - Could not find an 'annotation declaring class' for annotation type [org.springframework.test.context.ActiveProfiles] and class [pt.ulisboa.tecnico.socialsoftware.tutor.execution.service.GetCourseExecutionsPerformanceTest]
00:26:25.704 [main] INFO org.springframework.boot.test.context.SpringBootTestContextBootstrapper - Found @SpringBootConfiguration pt.ulisboa.tecnico.socialsoftware.tutor.TutorTestApplication for test class pt.ulisboa.tecnico.socialsoftware.tutor.execution.service.GetCourseExecutionsPerformanceTest
00:26:25.705 [main] DEBUG org.springframework.boot.test.autoconfigure.orm.jpa.DataJpaTestContextBootstrapper - @TestExecutionListeners is not present for class [pt.ulisboa.tecnico.socialsoftware.tutor.execution.service.GetCourseExecutionsPerformanceTest]: using defaults.
00:26:25.705 [main] INFO org.springframework.boot.test.autoconfigure.orm.jpa.DataJpaTestContextBootstrapper - Loaded default TestExecutionListener class names from location [META-INF/spring.factories]: [org.springframework.boot.test.mock.mockito.MockitoTestExecutionListener, org.springframework.boot.test.mock.mockito.ResetMocksTestExecutionListener, org.springframework.boot.test.autoconfigure.restdocs.RestDocsTestExecutionListener, org.springframework.boot.test.autoconfigure.web.client.MockRestServiceServerResetTestExecutionListener, org.springframework.boot.test.autoconfigure.web.servlet.MockMvcPrintOnlyOnFailureTestExecutionListener, org.springframework.boot.test.autoconfigure.web.servlet.WebDriverTestExecutionListener, org.springframework.boot.test.autoconfigure.webservices.client.MockWebServiceServerTestExecutionListener, org.springframework.test.context.web.ServletTestExecutionListener, org.springframework.test.context.support.DirtiesContextBeforeModesTestExecutionListener, org.springframework.test.context.event.ApplicationEventsTestExecutionListener, org.springframework.test.context.support.DependencyInjectionTestExecutionListener, org.springframework.test.context.support.DirtiesContextTestExecutionListener, org.springframework.test.context.transaction.TransactionalTestExecutionListener, org.springframework.test.context.jdbc.SqlScriptsTestExecutionListener, org.springframework.test.context.event.EventPublishingTestExecutionListener, org.springframework.security.test.context.support.WithSecurityContextTestExecutionListener, org.springframework.security.test.context.support.ReactorContextTestExecutionListener, org.spockframework.spring.SpringMockTestExecutionListener]
00:26:25.708 [main] INFO org.springframework.boot.test.autoconfigure.orm.jpa.DataJpaTestContextBootstrapper - Using TestExecutionListeners: [org.springframework.test.context.web.ServletTestExecutionListener@fdfd984, org.springframework.test.context.support.DirtiesContextBeforeModesTestExecutionListener@45e49d3d, org.springframework.test.context.event.ApplicationEventsTestExecutionListener@72e5206, org.springframework.boot.test.mock.mockito.MockitoTestExecutionListener@4615bc00, org.springframework.boot.test.autoconfigure.SpringBootDependencyInjectionTestExecutionListener@37f75ebf, org.springframework.test.context.support.DirtiesContextTestExecutionListener@569b3009, org.springframework.test.context.transaction.TransactionalTestExecutionListener@23d0f6be, org.springframework.test.context.jdbc.SqlScriptsTestExecutionListener@48cebb78, org.springframework.test.context.event.EventPublishingTestExecutionListener@45c10678, org.springframework.security.test.context.support.WithSecurityContextTestExecutionListener@4ad57db1, org.springframework.security.test.context.support.ReactorContextTestExecutionListener@6e140753, org.springframework.boot.test.mock.mockito.ResetMocksTestExecutionListener@53bc6492, org.springframework.boot.test.autoconfigure.restdocs.RestDocsTestExecutionListener@1e834a5b, org.springframework.boot.test.autoconfigure.web.client.MockRestServiceServerResetTestExecutionListener@7fda84cf, org.springframework.boot.test.autoconfigure.web.servlet.MockMvcPrintOnlyOnFailureTestExecutionListener@313a3af8, org.springframework.boot.test.autoconfigure.web.servlet.WebDriverTestExecutionListener@19240b9, org.springframework.boot.test.autoconfigure.webservices.client.MockWebServiceServerTestExecutionListener@5471342, org.spockframework.spring.SpringMockTestExecutionListener@2e1003d9]
00:26:25.708 [main] DEBUG org.springframework.test.annotation.ProfileValueUtils - Retrieved @ProfileValueSourceConfiguration [null] for test class [pt.ulisboa.tecnico.socialsoftware.tutor.execution.service.GetCourseExecutionsTest]
00:26:25.708 [main] DEBUG org.springframework.test.annotation.ProfileValueUtils - Retrieved ProfileValueSource type [class org.springframework.test.annotation.SystemProfileValueSource] for class [pt.ulisboa.tecnico.socialsoftware.tutor.execution.service.GetCourseExecutionsTest]
00:26:25.708 [main] DEBUG org.springframework.test.annotation.ProfileValueUtils - Retrieved @ProfileValueSourceConfiguration [null] for test class [pt.ulisboa.tecnico.socialsoftware.tutor.execution.service.GetCourseExecutionsTest]
00:26:25.708 [main] DEBUG org.springframework.test.annotation.ProfileValueUtils - Retrieved ProfileValueSource type [class org.springframework.test.annotation.SystemProfileValueSource] for class [pt.ulisboa.tecnico.socialsoftware.tutor.execution.service.GetCourseExecutionsTest]
00:26:25.708 [main] DEBUG org.springframework.test.annotation.ProfileValueUtils - Retrieved @ProfileValueSourceConfiguration [null] for test class [pt.ulisboa.tecnico.socialsoftware.tutor.execution.service.GetCourseExecutionsTest]
00:26:25.708 [main] DEBUG org.springframework.test.annotation.ProfileValueUtils - Retrieved ProfileValueSource type [class org.springframework.test.annotation.SystemProfileValueSource] for class [pt.ulisboa.tecnico.socialsoftware.tutor.execution.service.GetCourseExecutionsTest]
00:26:25.708 [main] DEBUG org.springframework.test.context.BootstrapUtils - Instantiating CacheAwareContextLoaderDelegate from class [org.springframework.test.context.cache.DefaultCacheAwareContextLoaderDelegate]
00:26:25.708 [main] DEBUG org.springframework.test.context.BootstrapUtils - Instantiating BootstrapContext using constructor [public org.springframework.test.context.support.DefaultBootstrapContext(java.lang.Class,org.springframework.test.context.CacheAwareContextLoaderDelegate)]
00:26:25.709 [main] DEBUG org.springframework.test.context.BootstrapUtils - Instantiating TestContextBootstrapper for test class [pt.ulisboa.tecnico.socialsoftware.tutor.execution.service.GetCourseExecutionsTest] from class [org.springframework.boot.test.autoconfigure.orm.jpa.DataJpaTestContextBootstrapper]
00:26:25.709 [main] INFO org.springframework.boot.test.autoconfigure.orm.jpa.DataJpaTestContextBootstrapper - Neither @ContextConfiguration nor @ContextHierarchy found for test class [pt.ulisboa.tecnico.socialsoftware.tutor.execution.service.GetCourseExecutionsTest], using SpringBootContextLoader
00:26:25.710 [main] DEBUG org.springframework.test.context.support.AbstractContextLoader - Did not detect default resource location for test class [pt.ulisboa.tecnico.socialsoftware.tutor.execution.service.GetCourseExecutionsTest]: class path resource [pt/ulisboa/tecnico/socialsoftware/tutor/execution/service/GetCourseExecutionsTest-context.xml] does not exist
00:26:25.711 [main] DEBUG org.springframework.test.context.support.AbstractContextLoader - Did not detect default resource location for test class [pt.ulisboa.tecnico.socialsoftware.tutor.execution.service.GetCourseExecutionsTest]: class path resource [pt/ulisboa/tecnico/socialsoftware/tutor/execution/service/GetCourseExecutionsTestContext.groovy] does not exist
00:26:25.711 [main] INFO org.springframework.test.context.support.AbstractContextLoader - Could not detect default resource locations for test class [pt.ulisboa.tecnico.socialsoftware.tutor.execution.service.GetCourseExecutionsTest]: no resource found for suffixes {-context.xml, Context.groovy}.
00:26:25.715 [main] DEBUG org.springframework.test.context.support.ActiveProfilesUtils - Could not find an 'annotation declaring class' for annotation type [org.springframework.test.context.ActiveProfiles] and class [pt.ulisboa.tecnico.socialsoftware.tutor.execution.service.GetCourseExecutionsTest]
00:26:25.717 [main] INFO org.springframework.boot.test.context.SpringBootTestContextBootstrapper - Found @SpringBootConfiguration pt.ulisboa.tecnico.socialsoftware.tutor.TutorTestApplication for test class pt.ulisboa.tecnico.socialsoftware.tutor.execution.service.GetCourseExecutionsTest
00:26:25.718 [main] DEBUG org.springframework.boot.test.autoconfigure.orm.jpa.DataJpaTestContextBootstrapper - @TestExecutionListeners is not present for class [pt.ulisboa.tecnico.socialsoftware.tutor.execution.service.GetCourseExecutionsTest]: using defaults.
00:26:25.718 [main] INFO org.springframework.boot.test.autoconfigure.orm.jpa.DataJpaTestContextBootstrapper - Loaded default TestExecutionListener class names from location [META-INF/spring.factories]: [org.springframework.boot.test.mock.mockito.MockitoTestExecutionListener, org.springframework.boot.test.mock.mockito.ResetMocksTestExecutionListener, org.springframework.boot.test.autoconfigure.restdocs.RestDocsTestExecutionListener, org.springframework.boot.test.autoconfigure.web.client.MockRestServiceServerResetTestExecutionListener, org.springframework.boot.test.autoconfigure.web.servlet.MockMvcPrintOnlyOnFailureTestExecutionListener, org.springframework.boot.test.autoconfigure.web.servlet.WebDriverTestExecutionListener, org.springframework.boot.test.autoconfigure.webservices.client.MockWebServiceServerTestExecutionListener, org.springframework.test.context.web.ServletTestExecutionListener, org.springframework.test.context.support.DirtiesContextBeforeModesTestExecutionListener, org.springframework.test.context.event.ApplicationEventsTestExecutionListener, org.springframework.test.context.support.DependencyInjectionTestExecutionListener, org.springframework.test.context.support.DirtiesContextTestExecutionListener, org.springframework.test.context.transaction.TransactionalTestExecutionListener, org.springframework.test.context.jdbc.SqlScriptsTestExecutionListener, org.springframework.test.context.event.EventPublishingTestExecutionListener, org.springframework.security.test.context.support.WithSecurityContextTestExecutionListener, org.springframework.security.test.context.support.ReactorContextTestExecutionListener, org.spockframework.spring.SpringMockTestExecutionListener]
00:26:25.720 [main] INFO org.springframework.boot.test.autoconfigure.orm.jpa.DataJpaTestContextBootstrapper - Using TestExecutionListeners: [org.springframework.test.context.web.ServletTestExecutionListener@4e9d1119, org.springframework.test.context.support.DirtiesContextBeforeModesTestExecutionListener@5d1907fb, org.springframework.test.context.event.ApplicationEventsTestExecutionListener@6079d219, org.springframework.boot.test.mock.mockito.MockitoTestExecutionListener@4ed90b04, org.springframework.boot.test.autoconfigure.SpringBootDependencyInjectionTestExecutionListener@686ace1f, org.springframework.test.context.support.DirtiesContextTestExecutionListener@7dd92a36, org.springframework.test.context.transaction.TransactionalTestExecutionListener@531ed68e, org.springframework.test.context.jdbc.SqlScriptsTestExecutionListener@551976c2, org.springframework.test.context.event.EventPublishingTestExecutionListener@6bbd4048, org.springframework.security.test.context.support.WithSecurityContextTestExecutionListener@5f815f93, org.springframework.security.test.context.support.ReactorContextTestExecutionListener@7a8e484b, org.springframework.boot.test.mock.mockito.ResetMocksTestExecutionListener@643f8ebe, org.springframework.boot.test.autoconfigure.restdocs.RestDocsTestExecutionListener@65013d71, org.springframework.boot.test.autoconfigure.web.client.MockRestServiceServerResetTestExecutionListener@30a99b85, org.springframework.boot.test.autoconfigure.web.servlet.MockMvcPrintOnlyOnFailureTestExecutionListener@386d41cb, org.springframework.boot.test.autoconfigure.web.servlet.WebDriverTestExecutionListener@20bf7206, org.springframework.boot.test.autoconfigure.webservices.client.MockWebServiceServerTestExecutionListener@4cb939d5, org.spockframework.spring.SpringMockTestExecutionListener@30b0f674]
00:26:25.720 [main] DEBUG org.springframework.test.annotation.ProfileValueUtils - Retrieved @ProfileValueSourceConfiguration [null] for test class [pt.ulisboa.tecnico.socialsoftware.tutor.execution.service.RemoveCourseExecutionsTest]
00:26:25.720 [main] DEBUG org.springframework.test.annotation.ProfileValueUtils - Retrieved ProfileValueSource type [class org.springframework.test.annotation.SystemProfileValueSource] for class [pt.ulisboa.tecnico.socialsoftware.tutor.execution.service.RemoveCourseExecutionsTest]
00:26:25.720 [main] DEBUG org.springframework.test.annotation.ProfileValueUtils - Retrieved @ProfileValueSourceConfiguration [null] for test class [pt.ulisboa.tecnico.socialsoftware.tutor.execution.service.RemoveCourseExecutionsTest]
00:26:25.720 [main] DEBUG org.springframework.test.annotation.ProfileValueUtils - Retrieved ProfileValueSource type [class org.springframework.test.annotation.SystemProfileValueSource] for class [pt.ulisboa.tecnico.socialsoftware.tutor.execution.service.RemoveCourseExecutionsTest]
00:26:25.721 [main] DEBUG org.springframework.test.annotation.ProfileValueUtils - Retrieved @ProfileValueSourceConfiguration [null] for test class [pt.ulisboa.tecnico.socialsoftware.tutor.execution.service.RemoveCourseExecutionsTest]
00:26:25.721 [main] DEBUG org.springframework.test.annotation.ProfileValueUtils - Retrieved ProfileValueSource type [class org.springframework.test.annotation.SystemProfileValueSource] for class [pt.ulisboa.tecnico.socialsoftware.tutor.execution.service.RemoveCourseExecutionsTest]
00:26:25.721 [main] DEBUG org.springframework.test.annotation.ProfileValueUtils - Retrieved @ProfileValueSourceConfiguration [null] for test class [pt.ulisboa.tecnico.socialsoftware.tutor.execution.service.RemoveCourseExecutionsTest]
00:26:25.721 [main] DEBUG org.springframework.test.annotation.ProfileValueUtils - Retrieved ProfileValueSource type [class org.springframework.test.annotation.SystemProfileValueSource] for class [pt.ulisboa.tecnico.socialsoftware.tutor.execution.service.RemoveCourseExecutionsTest]
00:26:25.721 [main] DEBUG org.springframework.test.context.BootstrapUtils - Instantiating CacheAwareContextLoaderDelegate from class [org.springframework.test.context.cache.DefaultCacheAwareContextLoaderDelegate]
00:26:25.721 [main] DEBUG org.springframework.test.context.BootstrapUtils - Instantiating BootstrapContext using constructor [public org.springframework.test.context.support.DefaultBootstrapContext(java.lang.Class,org.springframework.test.context.CacheAwareContextLoaderDelegate)]
00:26:25.721 [main] DEBUG org.springframework.test.context.BootstrapUtils - Instantiating TestContextBootstrapper for test class [pt.ulisboa.tecnico.socialsoftware.tutor.execution.service.RemoveCourseExecutionsTest] from class [org.springframework.boot.test.autoconfigure.orm.jpa.DataJpaTestContextBootstrapper]
00:26:25.721 [main] INFO org.springframework.boot.test.autoconfigure.orm.jpa.DataJpaTestContextBootstrapper - Neither @ContextConfiguration nor @ContextHierarchy found for test class [pt.ulisboa.tecnico.socialsoftware.tutor.execution.service.RemoveCourseExecutionsTest], using SpringBootContextLoader
00:26:25.723 [main] DEBUG org.springframework.test.context.support.AbstractContextLoader - Did not detect default resource location for test class [pt.ulisboa.tecnico.socialsoftware.tutor.execution.service.RemoveCourseExecutionsTest]: class path resource [pt/ulisboa/tecnico/socialsoftware/tutor/execution/service/RemoveCourseExecutionsTest-context.xml] does not exist
00:26:25.724 [main] DEBUG org.springframework.test.context.support.AbstractContextLoader - Did not detect default resource location for test class [pt.ulisboa.tecnico.socialsoftware.tutor.execution.service.RemoveCourseExecutionsTest]: class path resource [pt/ulisboa/tecnico/socialsoftware/tutor/execution/service/RemoveCourseExecutionsTestContext.groovy] does not exist
00:26:25.724 [main] INFO org.springframework.test.context.support.AbstractContextLoader - Could not detect default resource locations for test class [pt.ulisboa.tecnico.socialsoftware.tutor.execution.service.RemoveCourseExecutionsTest]: no resource found for suffixes {-context.xml, Context.groovy}.
00:26:25.734 [main] DEBUG org.springframework.test.context.support.ActiveProfilesUtils - Could not find an 'annotation declaring class' for annotation type [org.springframework.test.context.ActiveProfiles] and class [pt.ulisboa.tecnico.socialsoftware.tutor.execution.service.RemoveCourseExecutionsTest]
00:26:25.736 [main] INFO org.springframework.boot.test.context.SpringBootTestContextBootstrapper - Found @SpringBootConfiguration pt.ulisboa.tecnico.socialsoftware.tutor.TutorTestApplication for test class pt.ulisboa.tecnico.socialsoftware.tutor.execution.service.RemoveCourseExecutionsTest
00:26:25.738 [main] DEBUG org.springframework.boot.test.autoconfigure.orm.jpa.DataJpaTestContextBootstrapper - @TestExecutionListeners is not present for class [pt.ulisboa.tecnico.socialsoftware.tutor.execution.service.RemoveCourseExecutionsTest]: using defaults.
00:26:25.739 [main] INFO org.springframework.boot.test.autoconfigure.orm.jpa.DataJpaTestContextBootstrapper - Loaded default TestExecutionListener class names from location [META-INF/spring.factories]: [org.springframework.boot.test.mock.mockito.MockitoTestExecutionListener, org.springframework.boot.test.mock.mockito.ResetMocksTestExecutionListener, org.springframework.boot.test.autoconfigure.restdocs.RestDocsTestExecutionListener, org.springframework.boot.test.autoconfigure.web.client.MockRestServiceServerResetTestExecutionListener, org.springframework.boot.test.autoconfigure.web.servlet.MockMvcPrintOnlyOnFailureTestExecutionListener, org.springframework.boot.test.autoconfigure.web.servlet.WebDriverTestExecutionListener, org.springframework.boot.test.autoconfigure.webservices.client.MockWebServiceServerTestExecutionListener, org.springframework.test.context.web.ServletTestExecutionListener, org.springframework.test.context.support.DirtiesContextBeforeModesTestExecutionListener, org.springframework.test.context.event.ApplicationEventsTestExecutionListener, org.springframework.test.context.support.DependencyInjectionTestExecutionListener, org.springframework.test.context.support.DirtiesContextTestExecutionListener, org.springframework.test.context.transaction.TransactionalTestExecutionListener, org.springframework.test.context.jdbc.SqlScriptsTestExecutionListener, org.springframework.test.context.event.EventPublishingTestExecutionListener, org.springframework.security.test.context.support.WithSecurityContextTestExecutionListener, org.springframework.security.test.context.support.ReactorContextTestExecutionListener, org.spockframework.spring.SpringMockTestExecutionListener]
00:26:25.741 [main] INFO org.springframework.boot.test.autoconfigure.orm.jpa.DataJpaTestContextBootstrapper - Using TestExecutionListeners: [org.springframework.test.context.web.ServletTestExecutionListener@62818ab0, org.springframework.test.context.support.DirtiesContextBeforeModesTestExecutionListener@39f5eba4, org.springframework.test.context.event.ApplicationEventsTestExecutionListener@3c070ade, org.springframework.boot.test.mock.mockito.MockitoTestExecutionListener@bb3487c, org.springframework.boot.test.autoconfigure.SpringBootDependencyInjectionTestExecutionListener@650997b0, org.springframework.test.context.support.DirtiesContextTestExecutionListener@7337f87e, org.springframework.test.context.transaction.TransactionalTestExecutionListener@77e24d3c, org.springframework.test.context.jdbc.SqlScriptsTestExecutionListener@66831b14, org.springframework.test.context.event.EventPublishingTestExecutionListener@4f1ea463, org.springframework.security.test.context.support.WithSecurityContextTestExecutionListener@3a641f6, org.springframework.security.test.context.support.ReactorContextTestExecutionListener@66487713, org.springframework.boot.test.mock.mockito.ResetMocksTestExecutionListener@18ed8b75, org.springframework.boot.test.autoconfigure.restdocs.RestDocsTestExecutionListener@22ea09b7, org.springframework.boot.test.autoconfigure.web.client.MockRestServiceServerResetTestExecutionListener@13f255ed, org.springframework.boot.test.autoconfigure.web.servlet.MockMvcPrintOnlyOnFailureTestExecutionListener@36a7586f, org.springframework.boot.test.autoconfigure.web.servlet.WebDriverTestExecutionListener@4265cbed, org.springframework.boot.test.autoconfigure.webservices.client.MockWebServiceServerTestExecutionListener@30b0d5a7, org.spockframework.spring.SpringMockTestExecutionListener@31ecb361]
00:26:25.741 [main] DEBUG org.springframework.test.annotation.ProfileValueUtils - Retrieved @ProfileValueSourceConfiguration [null] for test class [pt.ulisboa.tecnico.socialsoftware.tutor.execution.service.UpdateAssessmentTest]
00:26:25.742 [main] DEBUG org.springframework.test.annotation.ProfileValueUtils - Retrieved ProfileValueSource type [class org.springframework.test.annotation.SystemProfileValueSource] for class [pt.ulisboa.tecnico.socialsoftware.tutor.execution.service.UpdateAssessmentTest]
00:26:25.742 [main] DEBUG org.springframework.test.annotation.ProfileValueUtils - Retrieved @ProfileValueSourceConfiguration [null] for test class [pt.ulisboa.tecnico.socialsoftware.tutor.execution.service.UpdateAssessmentTest]
00:26:25.742 [main] DEBUG org.springframework.test.annotation.ProfileValueUtils - Retrieved ProfileValueSource type [class org.springframework.test.annotation.SystemProfileValueSource] for class [pt.ulisboa.tecnico.socialsoftware.tutor.execution.service.UpdateAssessmentTest]
00:26:25.742 [main] DEBUG org.springframework.test.annotation.ProfileValueUtils - Retrieved @ProfileValueSourceConfiguration [null] for test class [pt.ulisboa.tecnico.socialsoftware.tutor.execution.service.UpdateAssessmentTest]
00:26:25.742 [main] DEBUG org.springframework.test.annotation.ProfileValueUtils - Retrieved ProfileValueSource type [class org.springframework.test.annotation.SystemProfileValueSource] for class [pt.ulisboa.tecnico.socialsoftware.tutor.execution.service.UpdateAssessmentTest]
00:26:25.742 [main] DEBUG org.springframework.test.context.BootstrapUtils - Instantiating CacheAwareContextLoaderDelegate from class [org.springframework.test.context.cache.DefaultCacheAwareContextLoaderDelegate]
00:26:25.742 [main] DEBUG org.springframework.test.context.BootstrapUtils - Instantiating BootstrapContext using constructor [public org.springframework.test.context.support.DefaultBootstrapContext(java.lang.Class,org.springframework.test.context.CacheAwareContextLoaderDelegate)]
00:26:25.742 [main] DEBUG org.springframework.test.context.BootstrapUtils - Instantiating TestContextBootstrapper for test class [pt.ulisboa.tecnico.socialsoftware.tutor.execution.service.UpdateAssessmentTest] from class [org.springframework.boot.test.autoconfigure.orm.jpa.DataJpaTestContextBootstrapper]
00:26:25.743 [main] INFO org.springframework.boot.test.autoconfigure.orm.jpa.DataJpaTestContextBootstrapper - Neither @ContextConfiguration nor @ContextHierarchy found for test class [pt.ulisboa.tecnico.socialsoftware.tutor.execution.service.UpdateAssessmentTest], using SpringBootContextLoader
00:26:25.744 [main] DEBUG org.springframework.test.context.support.AbstractContextLoader - Did not detect default resource location for test class [pt.ulisboa.tecnico.socialsoftware.tutor.execution.service.UpdateAssessmentTest]: class path resource [pt/ulisboa/tecnico/socialsoftware/tutor/execution/service/UpdateAssessmentTest-context.xml] does not exist
00:26:25.744 [main] DEBUG org.springframework.test.context.support.AbstractContextLoader - Did not detect default resource location for test class [pt.ulisboa.tecnico.socialsoftware.tutor.execution.service.UpdateAssessmentTest]: class path resource [pt/ulisboa/tecnico/socialsoftware/tutor/execution/service/UpdateAssessmentTestContext.groovy] does not exist
00:26:25.745 [main] INFO org.springframework.test.context.support.AbstractContextLoader - Could not detect default resource locations for test class [pt.ulisboa.tecnico.socialsoftware.tutor.execution.service.UpdateAssessmentTest]: no resource found for suffixes {-context.xml, Context.groovy}.
00:26:25.749 [main] DEBUG org.springframework.test.context.support.ActiveProfilesUtils - Could not find an 'annotation declaring class' for annotation type [org.springframework.test.context.ActiveProfiles] and class [pt.ulisboa.tecnico.socialsoftware.tutor.execution.service.UpdateAssessmentTest]
00:26:25.750 [main] INFO org.springframework.boot.test.context.SpringBootTestContextBootstrapper - Found @SpringBootConfiguration pt.ulisboa.tecnico.socialsoftware.tutor.TutorTestApplication for test class pt.ulisboa.tecnico.socialsoftware.tutor.execution.service.UpdateAssessmentTest
00:26:25.751 [main] DEBUG org.springframework.boot.test.autoconfigure.orm.jpa.DataJpaTestContextBootstrapper - @TestExecutionListeners is not present for class [pt.ulisboa.tecnico.socialsoftware.tutor.execution.service.UpdateAssessmentTest]: using defaults.
00:26:25.751 [main] INFO org.springframework.boot.test.autoconfigure.orm.jpa.DataJpaTestContextBootstrapper - Loaded default TestExecutionListener class names from location [META-INF/spring.factories]: [org.springframework.boot.test.mock.mockito.MockitoTestExecutionListener, org.springframework.boot.test.mock.mockito.ResetMocksTestExecutionListener, org.springframework.boot.test.autoconfigure.restdocs.RestDocsTestExecutionListener, org.springframework.boot.test.autoconfigure.web.client.MockRestServiceServerResetTestExecutionListener, org.springframework.boot.test.autoconfigure.web.servlet.MockMvcPrintOnlyOnFailureTestExecutionListener, org.springframework.boot.test.autoconfigure.web.servlet.WebDriverTestExecutionListener, org.springframework.boot.test.autoconfigure.webservices.client.MockWebServiceServerTestExecutionListener, org.springframework.test.context.web.ServletTestExecutionListener, org.springframework.test.context.support.DirtiesContextBeforeModesTestExecutionListener, org.springframework.test.context.event.ApplicationEventsTestExecutionListener, org.springframework.test.context.support.DependencyInjectionTestExecutionListener, org.springframework.test.context.support.DirtiesContextTestExecutionListener, org.springframework.test.context.transaction.TransactionalTestExecutionListener, org.springframework.test.context.jdbc.SqlScriptsTestExecutionListener, org.springframework.test.context.event.EventPublishingTestExecutionListener, org.springframework.security.test.context.support.WithSecurityContextTestExecutionListener, org.springframework.security.test.context.support.ReactorContextTestExecutionListener, org.spockframework.spring.SpringMockTestExecutionListener]
00:26:25.753 [main] INFO org.springframework.boot.test.autoconfigure.orm.jpa.DataJpaTestContextBootstrapper - Using TestExecutionListeners: [org.springframework.test.context.web.ServletTestExecutionListener@3d84f113, org.springframework.test.context.support.DirtiesContextBeforeModesTestExecutionListener@51d26fed, org.springframework.test.context.event.ApplicationEventsTestExecutionListener@6779959d, org.springframework.boot.test.mock.mockito.MockitoTestExecutionListener@335a45a8, org.springframework.boot.test.autoconfigure.SpringBootDependencyInjectionTestExecutionListener@294c36b9, org.springframework.test.context.support.DirtiesContextTestExecutionListener@6b23897a, org.springframework.test.context.transaction.TransactionalTestExecutionListener@40dd2cfe, org.springframework.test.context.jdbc.SqlScriptsTestExecutionListener@21cb5648, org.springframework.test.context.event.EventPublishingTestExecutionListener@69fa5536, org.springframework.security.test.context.support.WithSecurityContextTestExecutionListener@1ee5792a, org.springframework.security.test.context.support.ReactorContextTestExecutionListener@37f60cd4, org.springframework.boot.test.mock.mockito.ResetMocksTestExecutionListener@4cf46574, org.springframework.boot.test.autoconfigure.restdocs.RestDocsTestExecutionListener@779cda39, org.springframework.boot.test.autoconfigure.web.client.MockRestServiceServerResetTestExecutionListener@4205d1c9, org.springframework.boot.test.autoconfigure.web.servlet.MockMvcPrintOnlyOnFailureTestExecutionListener@4512f5f1, org.springframework.boot.test.autoconfigure.web.servlet.WebDriverTestExecutionListener@2a22e7e2, org.springframework.boot.test.autoconfigure.webservices.client.MockWebServiceServerTestExecutionListener@3bfead8d, org.spockframework.spring.SpringMockTestExecutionListener@5799b8a2]
00:26:25.754 [main] DEBUG org.springframework.test.annotation.ProfileValueUtils - Retrieved @ProfileValueSourceConfiguration [null] for test class [pt.ulisboa.tecnico.socialsoftware.tutor.impexp.service.ImportExportCodeFillInAnswersTest]
00:26:25.754 [main] DEBUG org.springframework.test.annotation.ProfileValueUtils - Retrieved ProfileValueSource type [class org.springframework.test.annotation.SystemProfileValueSource] for class [pt.ulisboa.tecnico.socialsoftware.tutor.impexp.service.ImportExportCodeFillInAnswersTest]
00:26:25.754 [main] DEBUG org.springframework.test.annotation.ProfileValueUtils - Retrieved @ProfileValueSourceConfiguration [null] for test class [pt.ulisboa.tecnico.socialsoftware.tutor.impexp.service.ImportExportCodeFillInAnswersTest]
00:26:25.754 [main] DEBUG org.springframework.test.annotation.ProfileValueUtils - Retrieved ProfileValueSource type [class org.springframework.test.annotation.SystemProfileValueSource] for class [pt.ulisboa.tecnico.socialsoftware.tutor.impexp.service.ImportExportCodeFillInAnswersTest]
00:26:25.754 [main] DEBUG org.springframework.test.context.BootstrapUtils - Instantiating CacheAwareContextLoaderDelegate from class [org.springframework.test.context.cache.DefaultCacheAwareContextLoaderDelegate]
00:26:25.754 [main] DEBUG org.springframework.test.context.BootstrapUtils - Instantiating BootstrapContext using constructor [public org.springframework.test.context.support.DefaultBootstrapContext(java.lang.Class,org.springframework.test.context.CacheAwareContextLoaderDelegate)]
00:26:25.755 [main] DEBUG org.springframework.test.context.BootstrapUtils - Instantiating TestContextBootstrapper for test class [pt.ulisboa.tecnico.socialsoftware.tutor.impexp.service.ImportExportCodeFillInAnswersTest] from class [org.springframework.boot.test.autoconfigure.orm.jpa.DataJpaTestContextBootstrapper]
00:26:25.755 [main] INFO org.springframework.boot.test.autoconfigure.orm.jpa.DataJpaTestContextBootstrapper - Neither @ContextConfiguration nor @ContextHierarchy found for test class [pt.ulisboa.tecnico.socialsoftware.tutor.impexp.service.ImportExportCodeFillInAnswersTest], using SpringBootContextLoader
00:26:25.758 [main] DEBUG org.springframework.test.context.support.AbstractContextLoader - Did not detect default resource location for test class [pt.ulisboa.tecnico.socialsoftware.tutor.impexp.service.ImportExportCodeFillInAnswersTest]: class path resource [pt/ulisboa/tecnico/socialsoftware/tutor/impexp/service/ImportExportCodeFillInAnswersTest-context.xml] does not exist
00:26:25.759 [main] DEBUG org.springframework.test.context.support.AbstractContextLoader - Did not detect default resource location for test class [pt.ulisboa.tecnico.socialsoftware.tutor.impexp.service.ImportExportCodeFillInAnswersTest]: class path resource [pt/ulisboa/tecnico/socialsoftware/tutor/impexp/service/ImportExportCodeFillInAnswersTestContext.groovy] does not exist
00:26:25.759 [main] INFO org.springframework.test.context.support.AbstractContextLoader - Could not detect default resource locations for test class [pt.ulisboa.tecnico.socialsoftware.tutor.impexp.service.ImportExportCodeFillInAnswersTest]: no resource found for suffixes {-context.xml, Context.groovy}.
00:26:25.762 [main] DEBUG org.springframework.test.context.support.ActiveProfilesUtils - Could not find an 'annotation declaring class' for annotation type [org.springframework.test.context.ActiveProfiles] and class [pt.ulisboa.tecnico.socialsoftware.tutor.impexp.service.ImportExportCodeFillInAnswersTest]
00:26:25.763 [main] INFO org.springframework.boot.test.context.SpringBootTestContextBootstrapper - Found @SpringBootConfiguration pt.ulisboa.tecnico.socialsoftware.tutor.TutorTestApplication for test class pt.ulisboa.tecnico.socialsoftware.tutor.impexp.service.ImportExportCodeFillInAnswersTest
00:26:25.764 [main] DEBUG org.springframework.boot.test.autoconfigure.orm.jpa.DataJpaTestContextBootstrapper - @TestExecutionListeners is not present for class [pt.ulisboa.tecnico.socialsoftware.tutor.impexp.service.ImportExportCodeFillInAnswersTest]: using defaults.
00:26:25.764 [main] INFO org.springframework.boot.test.autoconfigure.orm.jpa.DataJpaTestContextBootstrapper - Loaded default TestExecutionListener class names from location [META-INF/spring.factories]: [org.springframework.boot.test.mock.mockito.MockitoTestExecutionListener, org.springframework.boot.test.mock.mockito.ResetMocksTestExecutionListener, org.springframework.boot.test.autoconfigure.restdocs.RestDocsTestExecutionListener, org.springframework.boot.test.autoconfigure.web.client.MockRestServiceServerResetTestExecutionListener, org.springframework.boot.test.autoconfigure.web.servlet.MockMvcPrintOnlyOnFailureTestExecutionListener, org.springframework.boot.test.autoconfigure.web.servlet.WebDriverTestExecutionListener, org.springframework.boot.test.autoconfigure.webservices.client.MockWebServiceServerTestExecutionListener, org.springframework.test.context.web.ServletTestExecutionListener, org.springframework.test.context.support.DirtiesContextBeforeModesTestExecutionListener, org.springframework.test.context.event.ApplicationEventsTestExecutionListener, org.springframework.test.context.support.DependencyInjectionTestExecutionListener, org.springframework.test.context.support.DirtiesContextTestExecutionListener, org.springframework.test.context.transaction.TransactionalTestExecutionListener, org.springframework.test.context.jdbc.SqlScriptsTestExecutionListener, org.springframework.test.context.event.EventPublishingTestExecutionListener, org.springframework.security.test.context.support.WithSecurityContextTestExecutionListener, org.springframework.security.test.context.support.ReactorContextTestExecutionListener, org.spockframework.spring.SpringMockTestExecutionListener]
00:26:25.766 [main] INFO org.springframework.boot.test.autoconfigure.orm.jpa.DataJpaTestContextBootstrapper - Using TestExecutionListeners: [org.springframework.test.context.web.ServletTestExecutionListener@5f662dd, org.springframework.test.context.support.DirtiesContextBeforeModesTestExecutionListener@38568876, org.springframework.test.context.event.ApplicationEventsTestExecutionListener@760ac834, org.springframework.boot.test.mock.mockito.MockitoTestExecutionListener@6c4c32ff, org.springframework.boot.test.autoconfigure.SpringBootDependencyInjectionTestExecutionListener@5a1a5521, org.springframework.test.context.support.DirtiesContextTestExecutionListener@5603632c, org.springframework.test.context.transaction.TransactionalTestExecutionListener@76685ab0, org.springframework.test.context.jdbc.SqlScriptsTestExecutionListener@7bbe5548, org.springframework.test.context.event.EventPublishingTestExecutionListener@7305a443, org.springframework.security.test.context.support.WithSecurityContextTestExecutionListener@3ed2a30c, org.springframework.security.test.context.support.ReactorContextTestExecutionListener@adbc3bc, org.springframework.boot.test.mock.mockito.ResetMocksTestExecutionListener@3c6d3ba, org.springframework.boot.test.autoconfigure.restdocs.RestDocsTestExecutionListener@5d3f583d, org.springframework.boot.test.autoconfigure.web.client.MockRestServiceServerResetTestExecutionListener@765e5a55, org.springframework.boot.test.autoconfigure.web.servlet.MockMvcPrintOnlyOnFailureTestExecutionListener@22cca101, org.springframework.boot.test.autoconfigure.web.servlet.WebDriverTestExecutionListener@1722ede1, org.springframework.boot.test.autoconfigure.webservices.client.MockWebServiceServerTestExecutionListener@307ba188, org.spockframework.spring.SpringMockTestExecutionListener@34f3c920]
00:26:25.766 [main] DEBUG org.springframework.test.annotation.ProfileValueUtils - Retrieved @ProfileValueSourceConfiguration [null] for test class [pt.ulisboa.tecnico.socialsoftware.tutor.impexp.service.ImportExportCodeFillInQuestionsTest]
00:26:25.767 [main] DEBUG org.springframework.test.annotation.ProfileValueUtils - Retrieved ProfileValueSource type [class org.springframework.test.annotation.SystemProfileValueSource] for class [pt.ulisboa.tecnico.socialsoftware.tutor.impexp.service.ImportExportCodeFillInQuestionsTest]
00:26:25.767 [main] DEBUG org.springframework.test.annotation.ProfileValueUtils - Retrieved @ProfileValueSourceConfiguration [null] for test class [pt.ulisboa.tecnico.socialsoftware.tutor.impexp.service.ImportExportCodeFillInQuestionsTest]
00:26:25.767 [main] DEBUG org.springframework.test.annotation.ProfileValueUtils - Retrieved ProfileValueSource type [class org.springframework.test.annotation.SystemProfileValueSource] for class [pt.ulisboa.tecnico.socialsoftware.tutor.impexp.service.ImportExportCodeFillInQuestionsTest]
00:26:25.768 [main] DEBUG org.springframework.test.annotation.ProfileValueUtils - Retrieved @ProfileValueSourceConfiguration [null] for test class [pt.ulisboa.tecnico.socialsoftware.tutor.impexp.service.ImportExportCodeFillInQuestionsTest]
00:26:25.768 [main] DEBUG org.springframework.test.annotation.ProfileValueUtils - Retrieved ProfileValueSource type [class org.springframework.test.annotation.SystemProfileValueSource] for class [pt.ulisboa.tecnico.socialsoftware.tutor.impexp.service.ImportExportCodeFillInQuestionsTest]
00:26:25.768 [main] DEBUG org.springframework.test.context.BootstrapUtils - Instantiating CacheAwareContextLoaderDelegate from class [org.springframework.test.context.cache.DefaultCacheAwareContextLoaderDelegate]
00:26:25.768 [main] DEBUG org.springframework.test.context.BootstrapUtils - Instantiating BootstrapContext using constructor [public org.springframework.test.context.support.DefaultBootstrapContext(java.lang.Class,org.springframework.test.context.CacheAwareContextLoaderDelegate)]
00:26:25.768 [main] DEBUG org.springframework.test.context.BootstrapUtils - Instantiating TestContextBootstrapper for test class [pt.ulisboa.tecnico.socialsoftware.tutor.impexp.service.ImportExportCodeFillInQuestionsTest] from class [org.springframework.boot.test.autoconfigure.orm.jpa.DataJpaTestContextBootstrapper]
00:26:25.769 [main] INFO org.springframework.boot.test.autoconfigure.orm.jpa.DataJpaTestContextBootstrapper - Neither @ContextConfiguration nor @ContextHierarchy found for test class [pt.ulisboa.tecnico.socialsoftware.tutor.impexp.service.ImportExportCodeFillInQuestionsTest], using SpringBootContextLoader
00:26:25.773 [main] DEBUG org.springframework.test.context.support.AbstractContextLoader - Did not detect default resource location for test class [pt.ulisboa.tecnico.socialsoftware.tutor.impexp.service.ImportExportCodeFillInQuestionsTest]: class path resource [pt/ulisboa/tecnico/socialsoftware/tutor/impexp/service/ImportExportCodeFillInQuestionsTest-context.xml] does not exist
00:26:25.773 [main] DEBUG org.springframework.test.context.support.AbstractContextLoader - Did not detect default resource location for test class [pt.ulisboa.tecnico.socialsoftware.tutor.impexp.service.ImportExportCodeFillInQuestionsTest]: class path resource [pt/ulisboa/tecnico/socialsoftware/tutor/impexp/service/ImportExportCodeFillInQuestionsTestContext.groovy] does not exist
00:26:25.773 [main] INFO org.springframework.test.context.support.AbstractContextLoader - Could not detect default resource locations for test class [pt.ulisboa.tecnico.socialsoftware.tutor.impexp.service.ImportExportCodeFillInQuestionsTest]: no resource found for suffixes {-context.xml, Context.groovy}.
00:26:25.780 [main] DEBUG org.springframework.test.context.support.ActiveProfilesUtils - Could not find an 'annotation declaring class' for annotation type [org.springframework.test.context.ActiveProfiles] and class [pt.ulisboa.tecnico.socialsoftware.tutor.impexp.service.ImportExportCodeFillInQuestionsTest]
00:26:25.781 [main] INFO org.springframework.boot.test.context.SpringBootTestContextBootstrapper - Found @SpringBootConfiguration pt.ulisboa.tecnico.socialsoftware.tutor.TutorTestApplication for test class pt.ulisboa.tecnico.socialsoftware.tutor.impexp.service.ImportExportCodeFillInQuestionsTest
00:26:25.782 [main] DEBUG org.springframework.boot.test.autoconfigure.orm.jpa.DataJpaTestContextBootstrapper - @TestExecutionListeners is not present for class [pt.ulisboa.tecnico.socialsoftware.tutor.impexp.service.ImportExportCodeFillInQuestionsTest]: using defaults.
00:26:25.782 [main] INFO org.springframework.boot.test.autoconfigure.orm.jpa.DataJpaTestContextBootstrapper - Loaded default TestExecutionListener class names from location [META-INF/spring.factories]: [org.springframework.boot.test.mock.mockito.MockitoTestExecutionListener, org.springframework.boot.test.mock.mockito.ResetMocksTestExecutionListener, org.springframework.boot.test.autoconfigure.restdocs.RestDocsTestExecutionListener, org.springframework.boot.test.autoconfigure.web.client.MockRestServiceServerResetTestExecutionListener, org.springframework.boot.test.autoconfigure.web.servlet.MockMvcPrintOnlyOnFailureTestExecutionListener, org.springframework.boot.test.autoconfigure.web.servlet.WebDriverTestExecutionListener, org.springframework.boot.test.autoconfigure.webservices.client.MockWebServiceServerTestExecutionListener, org.springframework.test.context.web.ServletTestExecutionListener, org.springframework.test.context.support.DirtiesContextBeforeModesTestExecutionListener, org.springframework.test.context.event.ApplicationEventsTestExecutionListener, org.springframework.test.context.support.DependencyInjectionTestExecutionListener, org.springframework.test.context.support.DirtiesContextTestExecutionListener, org.springframework.test.context.transaction.TransactionalTestExecutionListener, org.springframework.test.context.jdbc.SqlScriptsTestExecutionListener, org.springframework.test.context.event.EventPublishingTestExecutionListener, org.springframework.security.test.context.support.WithSecurityContextTestExecutionListener, org.springframework.security.test.context.support.ReactorContextTestExecutionListener, org.spockframework.spring.SpringMockTestExecutionListener]
00:26:25.785 [main] INFO org.springframework.boot.test.autoconfigure.orm.jpa.DataJpaTestContextBootstrapper - Using TestExecutionListeners: [org.springframework.test.context.web.ServletTestExecutionListener@73f0b216, org.springframework.test.context.support.DirtiesContextBeforeModesTestExecutionListener@73bd146c, org.springframework.test.context.event.ApplicationEventsTestExecutionListener@1ea78c72, org.springframework.boot.test.mock.mockito.MockitoTestExecutionListener@3437fc4f, org.springframework.boot.test.autoconfigure.SpringBootDependencyInjectionTestExecutionListener@42a198dd, org.springframework.test.context.support.DirtiesContextTestExecutionListener@5924ea91, org.springframework.test.context.transaction.TransactionalTestExecutionListener@7bc239db, org.springframework.test.context.jdbc.SqlScriptsTestExecutionListener@709c6768, org.springframework.test.context.event.EventPublishingTestExecutionListener@3e356ed6, org.springframework.security.test.context.support.WithSecurityContextTestExecutionListener@403b7be3, org.springframework.security.test.context.support.ReactorContextTestExecutionListener@2a5d9ede, org.springframework.boot.test.mock.mockito.ResetMocksTestExecutionListener@39e91bda, org.springframework.boot.test.autoconfigure.restdocs.RestDocsTestExecutionListener@2c3f81ef, org.springframework.boot.test.autoconfigure.web.client.MockRestServiceServerResetTestExecutionListener@374013e8, org.springframework.boot.test.autoconfigure.web.servlet.MockMvcPrintOnlyOnFailureTestExecutionListener@712dd0b0, org.springframework.boot.test.autoconfigure.web.servlet.WebDriverTestExecutionListener@6b3284, org.springframework.boot.test.autoconfigure.webservices.client.MockWebServiceServerTestExecutionListener@500beb9f, org.spockframework.spring.SpringMockTestExecutionListener@67e37d25]
00:26:25.785 [main] DEBUG org.springframework.test.annotation.ProfileValueUtils - Retrieved @ProfileValueSourceConfiguration [null] for test class [pt.ulisboa.tecnico.socialsoftware.tutor.impexp.service.ImportExportCodeOderAnswersTest]
00:26:25.785 [main] DEBUG org.springframework.test.annotation.ProfileValueUtils - Retrieved ProfileValueSource type [class org.springframework.test.annotation.SystemProfileValueSource] for class [pt.ulisboa.tecnico.socialsoftware.tutor.impexp.service.ImportExportCodeOderAnswersTest]
00:26:25.785 [main] DEBUG org.springframework.test.annotation.ProfileValueUtils - Retrieved @ProfileValueSourceConfiguration [null] for test class [pt.ulisboa.tecnico.socialsoftware.tutor.impexp.service.ImportExportCodeOderAnswersTest]
00:26:25.785 [main] DEBUG org.springframework.test.annotation.ProfileValueUtils - Retrieved ProfileValueSource type [class org.springframework.test.annotation.SystemProfileValueSource] for class [pt.ulisboa.tecnico.socialsoftware.tutor.impexp.service.ImportExportCodeOderAnswersTest]
00:26:25.785 [main] DEBUG org.springframework.test.context.BootstrapUtils - Instantiating CacheAwareContextLoaderDelegate from class [org.springframework.test.context.cache.DefaultCacheAwareContextLoaderDelegate]
00:26:25.786 [main] DEBUG org.springframework.test.context.BootstrapUtils - Instantiating BootstrapContext using constructor [public org.springframework.test.context.support.DefaultBootstrapContext(java.lang.Class,org.springframework.test.context.CacheAwareContextLoaderDelegate)]
00:26:25.786 [main] DEBUG org.springframework.test.context.BootstrapUtils - Instantiating TestContextBootstrapper for test class [pt.ulisboa.tecnico.socialsoftware.tutor.impexp.service.ImportExportCodeOderAnswersTest] from class [org.springframework.boot.test.autoconfigure.orm.jpa.DataJpaTestContextBootstrapper]
00:26:25.786 [main] INFO org.springframework.boot.test.autoconfigure.orm.jpa.DataJpaTestContextBootstrapper - Neither @ContextConfiguration nor @ContextHierarchy found for test class [pt.ulisboa.tecnico.socialsoftware.tutor.impexp.service.ImportExportCodeOderAnswersTest], using SpringBootContextLoader
00:26:25.788 [main] DEBUG org.springframework.test.context.support.AbstractContextLoader - Did not detect default resource location for test class [pt.ulisboa.tecnico.socialsoftware.tutor.impexp.service.ImportExportCodeOderAnswersTest]: class path resource [pt/ulisboa/tecnico/socialsoftware/tutor/impexp/service/ImportExportCodeOderAnswersTest-context.xml] does not exist
00:26:25.792 [main] DEBUG org.springframework.test.context.support.AbstractContextLoader - Did not detect default resource location for test class [pt.ulisboa.tecnico.socialsoftware.tutor.impexp.service.ImportExportCodeOderAnswersTest]: class path resource [pt/ulisboa/tecnico/socialsoftware/tutor/impexp/service/ImportExportCodeOderAnswersTestContext.groovy] does not exist
00:26:25.792 [main] INFO org.springframework.test.context.support.AbstractContextLoader - Could not detect default resource locations for test class [pt.ulisboa.tecnico.socialsoftware.tutor.impexp.service.ImportExportCodeOderAnswersTest]: no resource found for suffixes {-context.xml, Context.groovy}.
00:26:25.795 [main] DEBUG org.springframework.test.context.support.ActiveProfilesUtils - Could not find an 'annotation declaring class' for annotation type [org.springframework.test.context.ActiveProfiles] and class [pt.ulisboa.tecnico.socialsoftware.tutor.impexp.service.ImportExportCodeOderAnswersTest]
00:26:25.796 [main] INFO org.springframework.boot.test.context.SpringBootTestContextBootstrapper - Found @SpringBootConfiguration pt.ulisboa.tecnico.socialsoftware.tutor.TutorTestApplication for test class pt.ulisboa.tecnico.socialsoftware.tutor.impexp.service.ImportExportCodeOderAnswersTest
00:26:25.798 [main] DEBUG org.springframework.boot.test.autoconfigure.orm.jpa.DataJpaTestContextBootstrapper - @TestExecutionListeners is not present for class [pt.ulisboa.tecnico.socialsoftware.tutor.impexp.service.ImportExportCodeOderAnswersTest]: using defaults.
00:26:25.798 [main] INFO org.springframework.boot.test.autoconfigure.orm.jpa.DataJpaTestContextBootstrapper - Loaded default TestExecutionListener class names from location [META-INF/spring.factories]: [org.springframework.boot.test.mock.mockito.MockitoTestExecutionListener, org.springframework.boot.test.mock.mockito.ResetMocksTestExecutionListener, org.springframework.boot.test.autoconfigure.restdocs.RestDocsTestExecutionListener, org.springframework.boot.test.autoconfigure.web.client.MockRestServiceServerResetTestExecutionListener, org.springframework.boot.test.autoconfigure.web.servlet.MockMvcPrintOnlyOnFailureTestExecutionListener, org.springframework.boot.test.autoconfigure.web.servlet.WebDriverTestExecutionListener, org.springframework.boot.test.autoconfigure.webservices.client.MockWebServiceServerTestExecutionListener, org.springframework.test.context.web.ServletTestExecutionListener, org.springframework.test.context.support.DirtiesContextBeforeModesTestExecutionListener, org.springframework.test.context.event.ApplicationEventsTestExecutionListener, org.springframework.test.context.support.DependencyInjectionTestExecutionListener, org.springframework.test.context.support.DirtiesContextTestExecutionListener, org.springframework.test.context.transaction.TransactionalTestExecutionListener, org.springframework.test.context.jdbc.SqlScriptsTestExecutionListener, org.springframework.test.context.event.EventPublishingTestExecutionListener, org.springframework.security.test.context.support.WithSecurityContextTestExecutionListener, org.springframework.security.test.context.support.ReactorContextTestExecutionListener, org.spockframework.spring.SpringMockTestExecutionListener]
00:26:25.799 [main] INFO org.springframework.boot.test.autoconfigure.orm.jpa.DataJpaTestContextBootstrapper - Using TestExecutionListeners: [org.springframework.test.context.web.ServletTestExecutionListener@78d49939, org.springframework.test.context.support.DirtiesContextBeforeModesTestExecutionListener@21f27bb5, org.springframework.test.context.event.ApplicationEventsTestExecutionListener@2e2a2b07, org.springframework.boot.test.mock.mockito.MockitoTestExecutionListener@52dc71b2, org.springframework.boot.test.autoconfigure.SpringBootDependencyInjectionTestExecutionListener@e1d2781, org.springframework.test.context.support.DirtiesContextTestExecutionListener@3c00da24, org.springframework.test.context.transaction.TransactionalTestExecutionListener@430dbcb0, org.springframework.test.context.jdbc.SqlScriptsTestExecutionListener@726d0482, org.springframework.test.context.event.EventPublishingTestExecutionListener@15ab0461, org.springframework.security.test.context.support.WithSecurityContextTestExecutionListener@2f403d0a, org.springframework.security.test.context.support.ReactorContextTestExecutionListener@186fc6e, org.springframework.boot.test.mock.mockito.ResetMocksTestExecutionListener@1bd5b1c8, org.springframework.boot.test.autoconfigure.restdocs.RestDocsTestExecutionListener@569026df, org.springframework.boot.test.autoconfigure.web.client.MockRestServiceServerResetTestExecutionListener@7896e96a, org.springframework.boot.test.autoconfigure.web.servlet.MockMvcPrintOnlyOnFailureTestExecutionListener@4e451f9a, org.springframework.boot.test.autoconfigure.web.servlet.WebDriverTestExecutionListener@7828bc6b, org.springframework.boot.test.autoconfigure.webservices.client.MockWebServiceServerTestExecutionListener@2f59cb6f, org.spockframework.spring.SpringMockTestExecutionListener@60cbba57]
00:26:25.800 [main] DEBUG org.springframework.test.annotation.ProfileValueUtils - Retrieved @ProfileValueSourceConfiguration [null] for test class [pt.ulisboa.tecnico.socialsoftware.tutor.impexp.service.ImportExportCodeOrderQuestionsTest]
00:26:25.800 [main] DEBUG org.springframework.test.annotation.ProfileValueUtils - Retrieved ProfileValueSource type [class org.springframework.test.annotation.SystemProfileValueSource] for class [pt.ulisboa.tecnico.socialsoftware.tutor.impexp.service.ImportExportCodeOrderQuestionsTest]
00:26:25.800 [main] DEBUG org.springframework.test.annotation.ProfileValueUtils - Retrieved @ProfileValueSourceConfiguration [null] for test class [pt.ulisboa.tecnico.socialsoftware.tutor.impexp.service.ImportExportCodeOrderQuestionsTest]
00:26:25.800 [main] DEBUG org.springframework.test.annotation.ProfileValueUtils - Retrieved ProfileValueSource type [class org.springframework.test.annotation.SystemProfileValueSource] for class [pt.ulisboa.tecnico.socialsoftware.tutor.impexp.service.ImportExportCodeOrderQuestionsTest]
00:26:25.800 [main] DEBUG org.springframework.test.annotation.ProfileValueUtils - Retrieved @ProfileValueSourceConfiguration [null] for test class [pt.ulisboa.tecnico.socialsoftware.tutor.impexp.service.ImportExportCodeOrderQuestionsTest]
00:26:25.800 [main] DEBUG org.springframework.test.annotation.ProfileValueUtils - Retrieved ProfileValueSource type [class org.springframework.test.annotation.SystemProfileValueSource] for class [pt.ulisboa.tecnico.socialsoftware.tutor.impexp.service.ImportExportCodeOrderQuestionsTest]
00:26:25.800 [main] DEBUG org.springframework.test.context.BootstrapUtils - Instantiating CacheAwareContextLoaderDelegate from class [org.springframework.test.context.cache.DefaultCacheAwareContextLoaderDelegate]
00:26:25.800 [main] DEBUG org.springframework.test.context.BootstrapUtils - Instantiating BootstrapContext using constructor [public org.springframework.test.context.support.DefaultBootstrapContext(java.lang.Class,org.springframework.test.context.CacheAwareContextLoaderDelegate)]
00:26:25.801 [main] DEBUG org.springframework.test.context.BootstrapUtils - Instantiating TestContextBootstrapper for test class [pt.ulisboa.tecnico.socialsoftware.tutor.impexp.service.ImportExportCodeOrderQuestionsTest] from class [org.springframework.boot.test.autoconfigure.orm.jpa.DataJpaTestContextBootstrapper]
00:26:25.801 [main] INFO org.springframework.boot.test.autoconfigure.orm.jpa.DataJpaTestContextBootstrapper - Neither @ContextConfiguration nor @ContextHierarchy found for test class [pt.ulisboa.tecnico.socialsoftware.tutor.impexp.service.ImportExportCodeOrderQuestionsTest], using SpringBootContextLoader
00:26:25.802 [main] DEBUG org.springframework.test.context.support.AbstractContextLoader - Did not detect default resource location for test class [pt.ulisboa.tecnico.socialsoftware.tutor.impexp.service.ImportExportCodeOrderQuestionsTest]: class path resource [pt/ulisboa/tecnico/socialsoftware/tutor/impexp/service/ImportExportCodeOrderQuestionsTest-context.xml] does not exist
00:26:25.803 [main] DEBUG org.springframework.test.context.support.AbstractContextLoader - Did not detect default resource location for test class [pt.ulisboa.tecnico.socialsoftware.tutor.impexp.service.ImportExportCodeOrderQuestionsTest]: class path resource [pt/ulisboa/tecnico/socialsoftware/tutor/impexp/service/ImportExportCodeOrderQuestionsTestContext.groovy] does not exist
00:26:25.803 [main] INFO org.springframework.test.context.support.AbstractContextLoader - Could not detect default resource locations for test class [pt.ulisboa.tecnico.socialsoftware.tutor.impexp.service.ImportExportCodeOrderQuestionsTest]: no resource found for suffixes {-context.xml, Context.groovy}.
00:26:25.809 [main] DEBUG org.springframework.test.context.support.ActiveProfilesUtils - Could not find an 'annotation declaring class' for annotation type [org.springframework.test.context.ActiveProfiles] and class [pt.ulisboa.tecnico.socialsoftware.tutor.impexp.service.ImportExportCodeOrderQuestionsTest]
00:26:25.810 [main] INFO org.springframework.boot.test.context.SpringBootTestContextBootstrapper - Found @SpringBootConfiguration pt.ulisboa.tecnico.socialsoftware.tutor.TutorTestApplication for test class pt.ulisboa.tecnico.socialsoftware.tutor.impexp.service.ImportExportCodeOrderQuestionsTest
00:26:25.811 [main] DEBUG org.springframework.boot.test.autoconfigure.orm.jpa.DataJpaTestContextBootstrapper - @TestExecutionListeners is not present for class [pt.ulisboa.tecnico.socialsoftware.tutor.impexp.service.ImportExportCodeOrderQuestionsTest]: using defaults.
00:26:25.811 [main] INFO org.springframework.boot.test.autoconfigure.orm.jpa.DataJpaTestContextBootstrapper - Loaded default TestExecutionListener class names from location [META-INF/spring.factories]: [org.springframework.boot.test.mock.mockito.MockitoTestExecutionListener, org.springframework.boot.test.mock.mockito.ResetMocksTestExecutionListener, org.springframework.boot.test.autoconfigure.restdocs.RestDocsTestExecutionListener, org.springframework.boot.test.autoconfigure.web.client.MockRestServiceServerResetTestExecutionListener, org.springframework.boot.test.autoconfigure.web.servlet.MockMvcPrintOnlyOnFailureTestExecutionListener, org.springframework.boot.test.autoconfigure.web.servlet.WebDriverTestExecutionListener, org.springframework.boot.test.autoconfigure.webservices.client.MockWebServiceServerTestExecutionListener, org.springframework.test.context.web.ServletTestExecutionListener, org.springframework.test.context.support.DirtiesContextBeforeModesTestExecutionListener, org.springframework.test.context.event.ApplicationEventsTestExecutionListener, org.springframework.test.context.support.DependencyInjectionTestExecutionListener, org.springframework.test.context.support.DirtiesContextTestExecutionListener, org.springframework.test.context.transaction.TransactionalTestExecutionListener, org.springframework.test.context.jdbc.SqlScriptsTestExecutionListener, org.springframework.test.context.event.EventPublishingTestExecutionListener, org.springframework.security.test.context.support.WithSecurityContextTestExecutionListener, org.springframework.security.test.context.support.ReactorContextTestExecutionListener, org.spockframework.spring.SpringMockTestExecutionListener]
00:26:25.813 [main] INFO org.springframework.boot.test.autoconfigure.orm.jpa.DataJpaTestContextBootstrapper - Using TestExecutionListeners: [org.springframework.test.context.web.ServletTestExecutionListener@614d01b, org.springframework.test.context.support.DirtiesContextBeforeModesTestExecutionListener@3be2ef56, org.springframework.test.context.event.ApplicationEventsTestExecutionListener@5a8149f6, org.springframework.boot.test.mock.mockito.MockitoTestExecutionListener@672549f3, org.springframework.boot.test.autoconfigure.SpringBootDependencyInjectionTestExecutionListener@4791d904, org.springframework.test.context.support.DirtiesContextTestExecutionListener@6ba516ff, org.springframework.test.context.transaction.TransactionalTestExecutionListener@3bbb3c84, org.springframework.test.context.jdbc.SqlScriptsTestExecutionListener@769c80d1, org.springframework.test.context.event.EventPublishingTestExecutionListener@3f0c2eff, org.springframework.security.test.context.support.WithSecurityContextTestExecutionListener@7cddc50f, org.springframework.security.test.context.support.ReactorContextTestExecutionListener@1e60890c, org.springframework.boot.test.mock.mockito.ResetMocksTestExecutionListener@c680819, org.springframework.boot.test.autoconfigure.restdocs.RestDocsTestExecutionListener@52cda4bd, org.springframework.boot.test.autoconfigure.web.client.MockRestServiceServerResetTestExecutionListener@40aaf656, org.springframework.boot.test.autoconfigure.web.servlet.MockMvcPrintOnlyOnFailureTestExecutionListener@5a183fa6, org.springframework.boot.test.autoconfigure.web.servlet.WebDriverTestExecutionListener@167ccc3c, org.springframework.boot.test.autoconfigure.webservices.client.MockWebServiceServerTestExecutionListener@292b7a02, org.spockframework.spring.SpringMockTestExecutionListener@3e242137]
00:26:25.813 [main] DEBUG org.springframework.test.annotation.ProfileValueUtils - Retrieved @ProfileValueSourceConfiguration [null] for test class [pt.ulisboa.tecnico.socialsoftware.tutor.impexp.service.ImportExportMultipleChoiceAnswersTest]
00:26:25.814 [main] DEBUG org.springframework.test.annotation.ProfileValueUtils - Retrieved ProfileValueSource type [class org.springframework.test.annotation.SystemProfileValueSource] for class [pt.ulisboa.tecnico.socialsoftware.tutor.impexp.service.ImportExportMultipleChoiceAnswersTest]
00:26:25.814 [main] DEBUG org.springframework.test.annotation.ProfileValueUtils - Retrieved @ProfileValueSourceConfiguration [null] for test class [pt.ulisboa.tecnico.socialsoftware.tutor.impexp.service.ImportExportMultipleChoiceAnswersTest]
00:26:25.814 [main] DEBUG org.springframework.test.annotation.ProfileValueUtils - Retrieved ProfileValueSource type [class org.springframework.test.annotation.SystemProfileValueSource] for class [pt.ulisboa.tecnico.socialsoftware.tutor.impexp.service.ImportExportMultipleChoiceAnswersTest]
00:26:25.814 [main] DEBUG org.springframework.test.context.BootstrapUtils - Instantiating CacheAwareContextLoaderDelegate from class [org.springframework.test.context.cache.DefaultCacheAwareContextLoaderDelegate]
00:26:25.814 [main] DEBUG org.springframework.test.context.BootstrapUtils - Instantiating BootstrapContext using constructor [public org.springframework.test.context.support.DefaultBootstrapContext(java.lang.Class,org.springframework.test.context.CacheAwareContextLoaderDelegate)]
00:26:25.814 [main] DEBUG org.springframework.test.context.BootstrapUtils - Instantiating TestContextBootstrapper for test class [pt.ulisboa.tecnico.socialsoftware.tutor.impexp.service.ImportExportMultipleChoiceAnswersTest] from class [org.springframework.boot.test.autoconfigure.orm.jpa.DataJpaTestContextBootstrapper]
00:26:25.815 [main] INFO org.springframework.boot.test.autoconfigure.orm.jpa.DataJpaTestContextBootstrapper - Neither @ContextConfiguration nor @ContextHierarchy found for test class [pt.ulisboa.tecnico.socialsoftware.tutor.impexp.service.ImportExportMultipleChoiceAnswersTest], using SpringBootContextLoader
00:26:25.816 [main] DEBUG org.springframework.test.context.support.AbstractContextLoader - Did not detect default resource location for test class [pt.ulisboa.tecnico.socialsoftware.tutor.impexp.service.ImportExportMultipleChoiceAnswersTest]: class path resource [pt/ulisboa/tecnico/socialsoftware/tutor/impexp/service/ImportExportMultipleChoiceAnswersTest-context.xml] does not exist
00:26:25.816 [main] DEBUG org.springframework.test.context.support.AbstractContextLoader - Did not detect default resource location for test class [pt.ulisboa.tecnico.socialsoftware.tutor.impexp.service.ImportExportMultipleChoiceAnswersTest]: class path resource [pt/ulisboa/tecnico/socialsoftware/tutor/impexp/service/ImportExportMultipleChoiceAnswersTestContext.groovy] does not exist
00:26:25.816 [main] INFO org.springframework.test.context.support.AbstractContextLoader - Could not detect default resource locations for test class [pt.ulisboa.tecnico.socialsoftware.tutor.impexp.service.ImportExportMultipleChoiceAnswersTest]: no resource found for suffixes {-context.xml, Context.groovy}.
00:26:25.830 [main] DEBUG org.springframework.test.context.support.ActiveProfilesUtils - Could not find an 'annotation declaring class' for annotation type [org.springframework.test.context.ActiveProfiles] and class [pt.ulisboa.tecnico.socialsoftware.tutor.impexp.service.ImportExportMultipleChoiceAnswersTest]
00:26:25.830 [main] INFO org.springframework.boot.test.context.SpringBootTestContextBootstrapper - Found @SpringBootConfiguration pt.ulisboa.tecnico.socialsoftware.tutor.TutorTestApplication for test class pt.ulisboa.tecnico.socialsoftware.tutor.impexp.service.ImportExportMultipleChoiceAnswersTest
00:26:25.831 [main] DEBUG org.springframework.boot.test.autoconfigure.orm.jpa.DataJpaTestContextBootstrapper - @TestExecutionListeners is not present for class [pt.ulisboa.tecnico.socialsoftware.tutor.impexp.service.ImportExportMultipleChoiceAnswersTest]: using defaults.
00:26:25.831 [main] INFO org.springframework.boot.test.autoconfigure.orm.jpa.DataJpaTestContextBootstrapper - Loaded default TestExecutionListener class names from location [META-INF/spring.factories]: [org.springframework.boot.test.mock.mockito.MockitoTestExecutionListener, org.springframework.boot.test.mock.mockito.ResetMocksTestExecutionListener, org.springframework.boot.test.autoconfigure.restdocs.RestDocsTestExecutionListener, org.springframework.boot.test.autoconfigure.web.client.MockRestServiceServerResetTestExecutionListener, org.springframework.boot.test.autoconfigure.web.servlet.MockMvcPrintOnlyOnFailureTestExecutionListener, org.springframework.boot.test.autoconfigure.web.servlet.WebDriverTestExecutionListener, org.springframework.boot.test.autoconfigure.webservices.client.MockWebServiceServerTestExecutionListener, org.springframework.test.context.web.ServletTestExecutionListener, org.springframework.test.context.support.DirtiesContextBeforeModesTestExecutionListener, org.springframework.test.context.event.ApplicationEventsTestExecutionListener, org.springframework.test.context.support.DependencyInjectionTestExecutionListener, org.springframework.test.context.support.DirtiesContextTestExecutionListener, org.springframework.test.context.transaction.TransactionalTestExecutionListener, org.springframework.test.context.jdbc.SqlScriptsTestExecutionListener, org.springframework.test.context.event.EventPublishingTestExecutionListener, org.springframework.security.test.context.support.WithSecurityContextTestExecutionListener, org.springframework.security.test.context.support.ReactorContextTestExecutionListener, org.spockframework.spring.SpringMockTestExecutionListener]
00:26:25.835 [main] INFO org.springframework.boot.test.autoconfigure.orm.jpa.DataJpaTestContextBootstrapper - Using TestExecutionListeners: [org.springframework.test.context.web.ServletTestExecutionListener@25dacc5a, org.springframework.test.context.support.DirtiesContextBeforeModesTestExecutionListener@55b7f9f1, org.springframework.test.context.event.ApplicationEventsTestExecutionListener@273e622f, org.springframework.boot.test.mock.mockito.MockitoTestExecutionListener@380cd266, org.springframework.boot.test.autoconfigure.SpringBootDependencyInjectionTestExecutionListener@4b477121, org.springframework.test.context.support.DirtiesContextTestExecutionListener@21d561c9, org.springframework.test.context.transaction.TransactionalTestExecutionListener@752e50c6, org.springframework.test.context.jdbc.SqlScriptsTestExecutionListener@2bef33e7, org.springframework.test.context.event.EventPublishingTestExecutionListener@5bd191c2, org.springframework.security.test.context.support.WithSecurityContextTestExecutionListener@51806858, org.springframework.security.test.context.support.ReactorContextTestExecutionListener@56afbace, org.springframework.boot.test.mock.mockito.ResetMocksTestExecutionListener@40dcbf7, org.springframework.boot.test.autoconfigure.restdocs.RestDocsTestExecutionListener@53850535, org.springframework.boot.test.autoconfigure.web.client.MockRestServiceServerResetTestExecutionListener@19565b5, org.springframework.boot.test.autoconfigure.web.servlet.MockMvcPrintOnlyOnFailureTestExecutionListener@2ac7c683, org.springframework.boot.test.autoconfigure.web.servlet.WebDriverTestExecutionListener@407ff25f, org.springframework.boot.test.autoconfigure.webservices.client.MockWebServiceServerTestExecutionListener@3ba8fbc8, org.spockframework.spring.SpringMockTestExecutionListener@113a89c5]
00:26:25.836 [main] DEBUG org.springframework.test.annotation.ProfileValueUtils - Retrieved @ProfileValueSourceConfiguration [null] for test class [pt.ulisboa.tecnico.socialsoftware.tutor.impexp.service.ImportExportMultipleChoiceQuestionsTest]
00:26:25.836 [main] DEBUG org.springframework.test.annotation.ProfileValueUtils - Retrieved ProfileValueSource type [class org.springframework.test.annotation.SystemProfileValueSource] for class [pt.ulisboa.tecnico.socialsoftware.tutor.impexp.service.ImportExportMultipleChoiceQuestionsTest]
00:26:25.836 [main] DEBUG org.springframework.test.annotation.ProfileValueUtils - Retrieved @ProfileValueSourceConfiguration [null] for test class [pt.ulisboa.tecnico.socialsoftware.tutor.impexp.service.ImportExportMultipleChoiceQuestionsTest]
00:26:25.836 [main] DEBUG org.springframework.test.annotation.ProfileValueUtils - Retrieved ProfileValueSource type [class org.springframework.test.annotation.SystemProfileValueSource] for class [pt.ulisboa.tecnico.socialsoftware.tutor.impexp.service.ImportExportMultipleChoiceQuestionsTest]
00:26:25.836 [main] DEBUG org.springframework.test.annotation.ProfileValueUtils - Retrieved @ProfileValueSourceConfiguration [null] for test class [pt.ulisboa.tecnico.socialsoftware.tutor.impexp.service.ImportExportMultipleChoiceQuestionsTest]
00:26:25.836 [main] DEBUG org.springframework.test.annotation.ProfileValueUtils - Retrieved ProfileValueSource type [class org.springframework.test.annotation.SystemProfileValueSource] for class [pt.ulisboa.tecnico.socialsoftware.tutor.impexp.service.ImportExportMultipleChoiceQuestionsTest]
00:26:25.836 [main] DEBUG org.springframework.test.context.BootstrapUtils - Instantiating CacheAwareContextLoaderDelegate from class [org.springframework.test.context.cache.DefaultCacheAwareContextLoaderDelegate]
00:26:25.836 [main] DEBUG org.springframework.test.context.BootstrapUtils - Instantiating BootstrapContext using constructor [public org.springframework.test.context.support.DefaultBootstrapContext(java.lang.Class,org.springframework.test.context.CacheAwareContextLoaderDelegate)]
00:26:25.837 [main] DEBUG org.springframework.test.context.BootstrapUtils - Instantiating TestContextBootstrapper for test class [pt.ulisboa.tecnico.socialsoftware.tutor.impexp.service.ImportExportMultipleChoiceQuestionsTest] from class [org.springframework.boot.test.autoconfigure.orm.jpa.DataJpaTestContextBootstrapper]
00:26:25.838 [main] INFO org.springframework.boot.test.autoconfigure.orm.jpa.DataJpaTestContextBootstrapper - Neither @ContextConfiguration nor @ContextHierarchy found for test class [pt.ulisboa.tecnico.socialsoftware.tutor.impexp.service.ImportExportMultipleChoiceQuestionsTest], using SpringBootContextLoader
00:26:25.840 [main] DEBUG org.springframework.test.context.support.AbstractContextLoader - Did not detect default resource location for test class [pt.ulisboa.tecnico.socialsoftware.tutor.impexp.service.ImportExportMultipleChoiceQuestionsTest]: class path resource [pt/ulisboa/tecnico/socialsoftware/tutor/impexp/service/ImportExportMultipleChoiceQuestionsTest-context.xml] does not exist
00:26:25.841 [main] DEBUG org.springframework.test.context.support.AbstractContextLoader - Did not detect default resource location for test class [pt.ulisboa.tecnico.socialsoftware.tutor.impexp.service.ImportExportMultipleChoiceQuestionsTest]: class path resource [pt/ulisboa/tecnico/socialsoftware/tutor/impexp/service/ImportExportMultipleChoiceQuestionsTestContext.groovy] does not exist
00:26:25.841 [main] INFO org.springframework.test.context.support.AbstractContextLoader - Could not detect default resource locations for test class [pt.ulisboa.tecnico.socialsoftware.tutor.impexp.service.ImportExportMultipleChoiceQuestionsTest]: no resource found for suffixes {-context.xml, Context.groovy}.
00:26:25.845 [main] DEBUG org.springframework.test.context.support.ActiveProfilesUtils - Could not find an 'annotation declaring class' for annotation type [org.springframework.test.context.ActiveProfiles] and class [pt.ulisboa.tecnico.socialsoftware.tutor.impexp.service.ImportExportMultipleChoiceQuestionsTest]
00:26:25.846 [main] INFO org.springframework.boot.test.context.SpringBootTestContextBootstrapper - Found @SpringBootConfiguration pt.ulisboa.tecnico.socialsoftware.tutor.TutorTestApplication for test class pt.ulisboa.tecnico.socialsoftware.tutor.impexp.service.ImportExportMultipleChoiceQuestionsTest
00:26:25.847 [main] DEBUG org.springframework.boot.test.autoconfigure.orm.jpa.DataJpaTestContextBootstrapper - @TestExecutionListeners is not present for class [pt.ulisboa.tecnico.socialsoftware.tutor.impexp.service.ImportExportMultipleChoiceQuestionsTest]: using defaults.
00:26:25.847 [main] INFO org.springframework.boot.test.autoconfigure.orm.jpa.DataJpaTestContextBootstrapper - Loaded default TestExecutionListener class names from location [META-INF/spring.factories]: [org.springframework.boot.test.mock.mockito.MockitoTestExecutionListener, org.springframework.boot.test.mock.mockito.ResetMocksTestExecutionListener, org.springframework.boot.test.autoconfigure.restdocs.RestDocsTestExecutionListener, org.springframework.boot.test.autoconfigure.web.client.MockRestServiceServerResetTestExecutionListener, org.springframework.boot.test.autoconfigure.web.servlet.MockMvcPrintOnlyOnFailureTestExecutionListener, org.springframework.boot.test.autoconfigure.web.servlet.WebDriverTestExecutionListener, org.springframework.boot.test.autoconfigure.webservices.client.MockWebServiceServerTestExecutionListener, org.springframework.test.context.web.ServletTestExecutionListener, org.springframework.test.context.support.DirtiesContextBeforeModesTestExecutionListener, org.springframework.test.context.event.ApplicationEventsTestExecutionListener, org.springframework.test.context.support.DependencyInjectionTestExecutionListener, org.springframework.test.context.support.DirtiesContextTestExecutionListener, org.springframework.test.context.transaction.TransactionalTestExecutionListener, org.springframework.test.context.jdbc.SqlScriptsTestExecutionListener, org.springframework.test.context.event.EventPublishingTestExecutionListener, org.springframework.security.test.context.support.WithSecurityContextTestExecutionListener, org.springframework.security.test.context.support.ReactorContextTestExecutionListener, org.spockframework.spring.SpringMockTestExecutionListener]
00:26:25.850 [main] INFO org.springframework.boot.test.autoconfigure.orm.jpa.DataJpaTestContextBootstrapper - Using TestExecutionListeners: [org.springframework.test.context.web.ServletTestExecutionListener@55da6bf, org.springframework.test.context.support.DirtiesContextBeforeModesTestExecutionListener@3a0f5141, org.springframework.test.context.event.ApplicationEventsTestExecutionListener@46059b73, org.springframework.boot.test.mock.mockito.MockitoTestExecutionListener@3b446d7, org.springframework.boot.test.autoconfigure.SpringBootDependencyInjectionTestExecutionListener@6bb46040, org.springframework.test.context.support.DirtiesContextTestExecutionListener@2b71a12e, org.springframework.test.context.transaction.TransactionalTestExecutionListener@41c56930, org.springframework.test.context.jdbc.SqlScriptsTestExecutionListener@60660d21, org.springframework.test.context.event.EventPublishingTestExecutionListener@2898c70d, org.springframework.security.test.context.support.WithSecurityContextTestExecutionListener@ec67be1, org.springframework.security.test.context.support.ReactorContextTestExecutionListener@64a00fe0, org.springframework.boot.test.mock.mockito.ResetMocksTestExecutionListener@347f0950, org.springframework.boot.test.autoconfigure.restdocs.RestDocsTestExecutionListener@5ab1107d, org.springframework.boot.test.autoconfigure.web.client.MockRestServiceServerResetTestExecutionListener@671561b9, org.springframework.boot.test.autoconfigure.web.servlet.MockMvcPrintOnlyOnFailureTestExecutionListener@3aebdb4, org.springframework.boot.test.autoconfigure.web.servlet.WebDriverTestExecutionListener@4fd70118, org.springframework.boot.test.autoconfigure.webservices.client.MockWebServiceServerTestExecutionListener@1db7c267, org.spockframework.spring.SpringMockTestExecutionListener@516370c1]
00:26:25.851 [main] DEBUG org.springframework.test.annotation.ProfileValueUtils - Retrieved @ProfileValueSourceConfiguration [null] for test class [pt.ulisboa.tecnico.socialsoftware.tutor.impexp.service.ImportExportQuizzesTest]
00:26:25.851 [main] DEBUG org.springframework.test.annotation.ProfileValueUtils - Retrieved ProfileValueSource type [class org.springframework.test.annotation.SystemProfileValueSource] for class [pt.ulisboa.tecnico.socialsoftware.tutor.impexp.service.ImportExportQuizzesTest]
00:26:25.851 [main] DEBUG org.springframework.test.annotation.ProfileValueUtils - Retrieved @ProfileValueSourceConfiguration [null] for test class [pt.ulisboa.tecnico.socialsoftware.tutor.impexp.service.ImportExportQuizzesTest]
00:26:25.851 [main] DEBUG org.springframework.test.annotation.ProfileValueUtils - Retrieved ProfileValueSource type [class org.springframework.test.annotation.SystemProfileValueSource] for class [pt.ulisboa.tecnico.socialsoftware.tutor.impexp.service.ImportExportQuizzesTest]
00:26:25.851 [main] DEBUG org.springframework.test.annotation.ProfileValueUtils - Retrieved @ProfileValueSourceConfiguration [null] for test class [pt.ulisboa.tecnico.socialsoftware.tutor.impexp.service.ImportExportQuizzesTest]
00:26:25.851 [main] DEBUG org.springframework.test.annotation.ProfileValueUtils - Retrieved ProfileValueSource type [class org.springframework.test.annotation.SystemProfileValueSource] for class [pt.ulisboa.tecnico.socialsoftware.tutor.impexp.service.ImportExportQuizzesTest]
00:26:25.852 [main] DEBUG org.springframework.test.context.BootstrapUtils - Instantiating CacheAwareContextLoaderDelegate from class [org.springframework.test.context.cache.DefaultCacheAwareContextLoaderDelegate]
00:26:25.852 [main] DEBUG org.springframework.test.context.BootstrapUtils - Instantiating BootstrapContext using constructor [public org.springframework.test.context.support.DefaultBootstrapContext(java.lang.Class,org.springframework.test.context.CacheAwareContextLoaderDelegate)]
00:26:25.852 [main] DEBUG org.springframework.test.context.BootstrapUtils - Instantiating TestContextBootstrapper for test class [pt.ulisboa.tecnico.socialsoftware.tutor.impexp.service.ImportExportQuizzesTest] from class [org.springframework.boot.test.autoconfigure.orm.jpa.DataJpaTestContextBootstrapper]
00:26:25.852 [main] INFO org.springframework.boot.test.autoconfigure.orm.jpa.DataJpaTestContextBootstrapper - Neither @ContextConfiguration nor @ContextHierarchy found for test class [pt.ulisboa.tecnico.socialsoftware.tutor.impexp.service.ImportExportQuizzesTest], using SpringBootContextLoader
00:26:25.853 [main] DEBUG org.springframework.test.context.support.AbstractContextLoader - Did not detect default resource location for test class [pt.ulisboa.tecnico.socialsoftware.tutor.impexp.service.ImportExportQuizzesTest]: class path resource [pt/ulisboa/tecnico/socialsoftware/tutor/impexp/service/ImportExportQuizzesTest-context.xml] does not exist
00:26:25.854 [main] DEBUG org.springframework.test.context.support.AbstractContextLoader - Did not detect default resource location for test class [pt.ulisboa.tecnico.socialsoftware.tutor.impexp.service.ImportExportQuizzesTest]: class path resource [pt/ulisboa/tecnico/socialsoftware/tutor/impexp/service/ImportExportQuizzesTestContext.groovy] does not exist
00:26:25.854 [main] INFO org.springframework.test.context.support.AbstractContextLoader - Could not detect default resource locations for test class [pt.ulisboa.tecnico.socialsoftware.tutor.impexp.service.ImportExportQuizzesTest]: no resource found for suffixes {-context.xml, Context.groovy}.
00:26:25.860 [main] DEBUG org.springframework.test.context.support.ActiveProfilesUtils - Could not find an 'annotation declaring class' for annotation type [org.springframework.test.context.ActiveProfiles] and class [pt.ulisboa.tecnico.socialsoftware.tutor.impexp.service.ImportExportQuizzesTest]
00:26:25.861 [main] INFO org.springframework.boot.test.context.SpringBootTestContextBootstrapper - Found @SpringBootConfiguration pt.ulisboa.tecnico.socialsoftware.tutor.TutorTestApplication for test class pt.ulisboa.tecnico.socialsoftware.tutor.impexp.service.ImportExportQuizzesTest
00:26:25.862 [main] DEBUG org.springframework.boot.test.autoconfigure.orm.jpa.DataJpaTestContextBootstrapper - @TestExecutionListeners is not present for class [pt.ulisboa.tecnico.socialsoftware.tutor.impexp.service.ImportExportQuizzesTest]: using defaults.
00:26:25.862 [main] INFO org.springframework.boot.test.autoconfigure.orm.jpa.DataJpaTestContextBootstrapper - Loaded default TestExecutionListener class names from location [META-INF/spring.factories]: [org.springframework.boot.test.mock.mockito.MockitoTestExecutionListener, org.springframework.boot.test.mock.mockito.ResetMocksTestExecutionListener, org.springframework.boot.test.autoconfigure.restdocs.RestDocsTestExecutionListener, org.springframework.boot.test.autoconfigure.web.client.MockRestServiceServerResetTestExecutionListener, org.springframework.boot.test.autoconfigure.web.servlet.MockMvcPrintOnlyOnFailureTestExecutionListener, org.springframework.boot.test.autoconfigure.web.servlet.WebDriverTestExecutionListener, org.springframework.boot.test.autoconfigure.webservices.client.MockWebServiceServerTestExecutionListener, org.springframework.test.context.web.ServletTestExecutionListener, org.springframework.test.context.support.DirtiesContextBeforeModesTestExecutionListener, org.springframework.test.context.event.ApplicationEventsTestExecutionListener, org.springframework.test.context.support.DependencyInjectionTestExecutionListener, org.springframework.test.context.support.DirtiesContextTestExecutionListener, org.springframework.test.context.transaction.TransactionalTestExecutionListener, org.springframework.test.context.jdbc.SqlScriptsTestExecutionListener, org.springframework.test.context.event.EventPublishingTestExecutionListener, org.springframework.security.test.context.support.WithSecurityContextTestExecutionListener, org.springframework.security.test.context.support.ReactorContextTestExecutionListener, org.spockframework.spring.SpringMockTestExecutionListener]
00:26:25.863 [main] INFO org.springframework.boot.test.autoconfigure.orm.jpa.DataJpaTestContextBootstrapper - Using TestExecutionListeners: [org.springframework.test.context.web.ServletTestExecutionListener@27563444, org.springframework.test.context.support.DirtiesContextBeforeModesTestExecutionListener@507e3e77, org.springframework.test.context.event.ApplicationEventsTestExecutionListener@73796ae5, org.springframework.boot.test.mock.mockito.MockitoTestExecutionListener@3956e933, org.springframework.boot.test.autoconfigure.SpringBootDependencyInjectionTestExecutionListener@2fb40e49, org.springframework.test.context.support.DirtiesContextTestExecutionListener@e98004e, org.springframework.test.context.transaction.TransactionalTestExecutionListener@368e7d3a, org.springframework.test.context.jdbc.SqlScriptsTestExecutionListener@381f05a9, org.springframework.test.context.event.EventPublishingTestExecutionListener@375682a5, org.springframework.security.test.context.support.WithSecurityContextTestExecutionListener@79827e71, org.springframework.security.test.context.support.ReactorContextTestExecutionListener@3c20abd6, org.springframework.boot.test.mock.mockito.ResetMocksTestExecutionListener@7cd2d3b6, org.springframework.boot.test.autoconfigure.restdocs.RestDocsTestExecutionListener@7f922523, org.springframework.boot.test.autoconfigure.web.client.MockRestServiceServerResetTestExecutionListener@1509bd56, org.springframework.boot.test.autoconfigure.web.servlet.MockMvcPrintOnlyOnFailureTestExecutionListener@2c4eda3a, org.springframework.boot.test.autoconfigure.web.servlet.WebDriverTestExecutionListener@466bf366, org.springframework.boot.test.autoconfigure.webservices.client.MockWebServiceServerTestExecutionListener@28be7db5, org.spockframework.spring.SpringMockTestExecutionListener@700596f9]
00:26:25.864 [main] DEBUG org.springframework.test.annotation.ProfileValueUtils - Retrieved @ProfileValueSourceConfiguration [null] for test class [pt.ulisboa.tecnico.socialsoftware.tutor.impexp.service.ImportExportTopicsTest]
00:26:25.864 [main] DEBUG org.springframework.test.annotation.ProfileValueUtils - Retrieved ProfileValueSource type [class org.springframework.test.annotation.SystemProfileValueSource] for class [pt.ulisboa.tecnico.socialsoftware.tutor.impexp.service.ImportExportTopicsTest]
00:26:25.864 [main] DEBUG org.springframework.test.annotation.ProfileValueUtils - Retrieved @ProfileValueSourceConfiguration [null] for test class [pt.ulisboa.tecnico.socialsoftware.tutor.impexp.service.ImportExportTopicsTest]
00:26:25.864 [main] DEBUG org.springframework.test.annotation.ProfileValueUtils - Retrieved ProfileValueSource type [class org.springframework.test.annotation.SystemProfileValueSource] for class [pt.ulisboa.tecnico.socialsoftware.tutor.impexp.service.ImportExportTopicsTest]
00:26:25.864 [main] DEBUG org.springframework.test.context.BootstrapUtils - Instantiating CacheAwareContextLoaderDelegate from class [org.springframework.test.context.cache.DefaultCacheAwareContextLoaderDelegate]
00:26:25.864 [main] DEBUG org.springframework.test.context.BootstrapUtils - Instantiating BootstrapContext using constructor [public org.springframework.test.context.support.DefaultBootstrapContext(java.lang.Class,org.springframework.test.context.CacheAwareContextLoaderDelegate)]
00:26:25.865 [main] DEBUG org.springframework.test.context.BootstrapUtils - Instantiating TestContextBootstrapper for test class [pt.ulisboa.tecnico.socialsoftware.tutor.impexp.service.ImportExportTopicsTest] from class [org.springframework.boot.test.autoconfigure.orm.jpa.DataJpaTestContextBootstrapper]
00:26:25.865 [main] INFO org.springframework.boot.test.autoconfigure.orm.jpa.DataJpaTestContextBootstrapper - Neither @ContextConfiguration nor @ContextHierarchy found for test class [pt.ulisboa.tecnico.socialsoftware.tutor.impexp.service.ImportExportTopicsTest], using SpringBootContextLoader
00:26:25.866 [main] DEBUG org.springframework.test.context.support.AbstractContextLoader - Did not detect default resource location for test class [pt.ulisboa.tecnico.socialsoftware.tutor.impexp.service.ImportExportTopicsTest]: class path resource [pt/ulisboa/tecnico/socialsoftware/tutor/impexp/service/ImportExportTopicsTest-context.xml] does not exist
00:26:25.866 [main] DEBUG org.springframework.test.context.support.AbstractContextLoader - Did not detect default resource location for test class [pt.ulisboa.tecnico.socialsoftware.tutor.impexp.service.ImportExportTopicsTest]: class path resource [pt/ulisboa/tecnico/socialsoftware/tutor/impexp/service/ImportExportTopicsTestContext.groovy] does not exist
00:26:25.866 [main] INFO org.springframework.test.context.support.AbstractContextLoader - Could not detect default resource locations for test class [pt.ulisboa.tecnico.socialsoftware.tutor.impexp.service.ImportExportTopicsTest]: no resource found for suffixes {-context.xml, Context.groovy}.
00:26:25.871 [main] DEBUG org.springframework.test.context.support.ActiveProfilesUtils - Could not find an 'annotation declaring class' for annotation type [org.springframework.test.context.ActiveProfiles] and class [pt.ulisboa.tecnico.socialsoftware.tutor.impexp.service.ImportExportTopicsTest]
00:26:25.874 [main] INFO org.springframework.boot.test.context.SpringBootTestContextBootstrapper - Found @SpringBootConfiguration pt.ulisboa.tecnico.socialsoftware.tutor.TutorTestApplication for test class pt.ulisboa.tecnico.socialsoftware.tutor.impexp.service.ImportExportTopicsTest
00:26:25.875 [main] DEBUG org.springframework.boot.test.autoconfigure.orm.jpa.DataJpaTestContextBootstrapper - @TestExecutionListeners is not present for class [pt.ulisboa.tecnico.socialsoftware.tutor.impexp.service.ImportExportTopicsTest]: using defaults.
00:26:25.875 [main] INFO org.springframework.boot.test.autoconfigure.orm.jpa.DataJpaTestContextBootstrapper - Loaded default TestExecutionListener class names from location [META-INF/spring.factories]: [org.springframework.boot.test.mock.mockito.MockitoTestExecutionListener, org.springframework.boot.test.mock.mockito.ResetMocksTestExecutionListener, org.springframework.boot.test.autoconfigure.restdocs.RestDocsTestExecutionListener, org.springframework.boot.test.autoconfigure.web.client.MockRestServiceServerResetTestExecutionListener, org.springframework.boot.test.autoconfigure.web.servlet.MockMvcPrintOnlyOnFailureTestExecutionListener, org.springframework.boot.test.autoconfigure.web.servlet.WebDriverTestExecutionListener, org.springframework.boot.test.autoconfigure.webservices.client.MockWebServiceServerTestExecutionListener, org.springframework.test.context.web.ServletTestExecutionListener, org.springframework.test.context.support.DirtiesContextBeforeModesTestExecutionListener, org.springframework.test.context.event.ApplicationEventsTestExecutionListener, org.springframework.test.context.support.DependencyInjectionTestExecutionListener, org.springframework.test.context.support.DirtiesContextTestExecutionListener, org.springframework.test.context.transaction.TransactionalTestExecutionListener, org.springframework.test.context.jdbc.SqlScriptsTestExecutionListener, org.springframework.test.context.event.EventPublishingTestExecutionListener, org.springframework.security.test.context.support.WithSecurityContextTestExecutionListener, org.springframework.security.test.context.support.ReactorContextTestExecutionListener, org.spockframework.spring.SpringMockTestExecutionListener]
00:26:25.877 [main] INFO org.springframework.boot.test.autoconfigure.orm.jpa.DataJpaTestContextBootstrapper - Using TestExecutionListeners: [org.springframework.test.context.web.ServletTestExecutionListener@2ac00dc9, org.springframework.test.context.support.DirtiesContextBeforeModesTestExecutionListener@33293b34, org.springframework.test.context.event.ApplicationEventsTestExecutionListener@68a1bb31, org.springframework.boot.test.mock.mockito.MockitoTestExecutionListener@344f4a82, org.springframework.boot.test.autoconfigure.SpringBootDependencyInjectionTestExecutionListener@1ecbb787, org.springframework.test.context.support.DirtiesContextTestExecutionListener@6441cff1, org.springframework.test.context.transaction.TransactionalTestExecutionListener@1dc987b, org.springframework.test.context.jdbc.SqlScriptsTestExecutionListener@4f09d998, org.springframework.test.context.event.EventPublishingTestExecutionListener@cbd3871, org.springframework.security.test.context.support.WithSecurityContextTestExecutionListener@66694050, org.springframework.security.test.context.support.ReactorContextTestExecutionListener@39303a6, org.springframework.boot.test.mock.mockito.ResetMocksTestExecutionListener@2d7df55, org.springframework.boot.test.autoconfigure.restdocs.RestDocsTestExecutionListener@674c01ce, org.springframework.boot.test.autoconfigure.web.client.MockRestServiceServerResetTestExecutionListener@4b8ba6b7, org.springframework.boot.test.autoconfigure.web.servlet.MockMvcPrintOnlyOnFailureTestExecutionListener@509e0253, org.springframework.boot.test.autoconfigure.web.servlet.WebDriverTestExecutionListener@6c8f5262, org.springframework.boot.test.autoconfigure.webservices.client.MockWebServiceServerTestExecutionListener@6bca6c4c, org.spockframework.spring.SpringMockTestExecutionListener@7de2c19c]
00:26:25.878 [main] DEBUG org.springframework.test.annotation.ProfileValueUtils - Retrieved @ProfileValueSourceConfiguration [null] for test class [pt.ulisboa.tecnico.socialsoftware.tutor.impexp.service.ImportExportUsersTest]
00:26:25.878 [main] DEBUG org.springframework.test.annotation.ProfileValueUtils - Retrieved ProfileValueSource type [class org.springframework.test.annotation.SystemProfileValueSource] for class [pt.ulisboa.tecnico.socialsoftware.tutor.impexp.service.ImportExportUsersTest]
00:26:25.878 [main] DEBUG org.springframework.test.annotation.ProfileValueUtils - Retrieved @ProfileValueSourceConfiguration [null] for test class [pt.ulisboa.tecnico.socialsoftware.tutor.impexp.service.ImportExportUsersTest]
00:26:25.878 [main] DEBUG org.springframework.test.annotation.ProfileValueUtils - Retrieved ProfileValueSource type [class org.springframework.test.annotation.SystemProfileValueSource] for class [pt.ulisboa.tecnico.socialsoftware.tutor.impexp.service.ImportExportUsersTest]
00:26:25.878 [main] DEBUG org.springframework.test.annotation.ProfileValueUtils - Retrieved @ProfileValueSourceConfiguration [null] for test class [pt.ulisboa.tecnico.socialsoftware.tutor.impexp.service.ImportExportUsersTest]
00:26:25.878 [main] DEBUG org.springframework.test.annotation.ProfileValueUtils - Retrieved ProfileValueSource type [class org.springframework.test.annotation.SystemProfileValueSource] for class [pt.ulisboa.tecnico.socialsoftware.tutor.impexp.service.ImportExportUsersTest]
00:26:25.878 [main] DEBUG org.springframework.test.context.BootstrapUtils - Instantiating CacheAwareContextLoaderDelegate from class [org.springframework.test.context.cache.DefaultCacheAwareContextLoaderDelegate]
00:26:25.879 [main] DEBUG org.springframework.test.context.BootstrapUtils - Instantiating BootstrapContext using constructor [public org.springframework.test.context.support.DefaultBootstrapContext(java.lang.Class,org.springframework.test.context.CacheAwareContextLoaderDelegate)]
00:26:25.879 [main] DEBUG org.springframework.test.context.BootstrapUtils - Instantiating TestContextBootstrapper for test class [pt.ulisboa.tecnico.socialsoftware.tutor.impexp.service.ImportExportUsersTest] from class [org.springframework.boot.test.autoconfigure.orm.jpa.DataJpaTestContextBootstrapper]
00:26:25.879 [main] INFO org.springframework.boot.test.autoconfigure.orm.jpa.DataJpaTestContextBootstrapper - Neither @ContextConfiguration nor @ContextHierarchy found for test class [pt.ulisboa.tecnico.socialsoftware.tutor.impexp.service.ImportExportUsersTest], using SpringBootContextLoader
00:26:25.880 [main] DEBUG org.springframework.test.context.support.AbstractContextLoader - Did not detect default resource location for test class [pt.ulisboa.tecnico.socialsoftware.tutor.impexp.service.ImportExportUsersTest]: class path resource [pt/ulisboa/tecnico/socialsoftware/tutor/impexp/service/ImportExportUsersTest-context.xml] does not exist
00:26:25.881 [main] DEBUG org.springframework.test.context.support.AbstractContextLoader - Did not detect default resource location for test class [pt.ulisboa.tecnico.socialsoftware.tutor.impexp.service.ImportExportUsersTest]: class path resource [pt/ulisboa/tecnico/socialsoftware/tutor/impexp/service/ImportExportUsersTestContext.groovy] does not exist
00:26:25.881 [main] INFO org.springframework.test.context.support.AbstractContextLoader - Could not detect default resource locations for test class [pt.ulisboa.tecnico.socialsoftware.tutor.impexp.service.ImportExportUsersTest]: no resource found for suffixes {-context.xml, Context.groovy}.
00:26:25.885 [main] DEBUG org.springframework.test.context.support.ActiveProfilesUtils - Could not find an 'annotation declaring class' for annotation type [org.springframework.test.context.ActiveProfiles] and class [pt.ulisboa.tecnico.socialsoftware.tutor.impexp.service.ImportExportUsersTest]
00:26:25.886 [main] INFO org.springframework.boot.test.context.SpringBootTestContextBootstrapper - Found @SpringBootConfiguration pt.ulisboa.tecnico.socialsoftware.tutor.TutorTestApplication for test class pt.ulisboa.tecnico.socialsoftware.tutor.impexp.service.ImportExportUsersTest
00:26:25.887 [main] DEBUG org.springframework.boot.test.autoconfigure.orm.jpa.DataJpaTestContextBootstrapper - @TestExecutionListeners is not present for class [pt.ulisboa.tecnico.socialsoftware.tutor.impexp.service.ImportExportUsersTest]: using defaults.
00:26:25.887 [main] INFO org.springframework.boot.test.autoconfigure.orm.jpa.DataJpaTestContextBootstrapper - Loaded default TestExecutionListener class names from location [META-INF/spring.factories]: [org.springframework.boot.test.mock.mockito.MockitoTestExecutionListener, org.springframework.boot.test.mock.mockito.ResetMocksTestExecutionListener, org.springframework.boot.test.autoconfigure.restdocs.RestDocsTestExecutionListener, org.springframework.boot.test.autoconfigure.web.client.MockRestServiceServerResetTestExecutionListener, org.springframework.boot.test.autoconfigure.web.servlet.MockMvcPrintOnlyOnFailureTestExecutionListener, org.springframework.boot.test.autoconfigure.web.servlet.WebDriverTestExecutionListener, org.springframework.boot.test.autoconfigure.webservices.client.MockWebServiceServerTestExecutionListener, org.springframework.test.context.web.ServletTestExecutionListener, org.springframework.test.context.support.DirtiesContextBeforeModesTestExecutionListener, org.springframework.test.context.event.ApplicationEventsTestExecutionListener, org.springframework.test.context.support.DependencyInjectionTestExecutionListener, org.springframework.test.context.support.DirtiesContextTestExecutionListener, org.springframework.test.context.transaction.TransactionalTestExecutionListener, org.springframework.test.context.jdbc.SqlScriptsTestExecutionListener, org.springframework.test.context.event.EventPublishingTestExecutionListener, org.springframework.security.test.context.support.WithSecurityContextTestExecutionListener, org.springframework.security.test.context.support.ReactorContextTestExecutionListener, org.spockframework.spring.SpringMockTestExecutionListener]
00:26:25.889 [main] INFO org.springframework.boot.test.autoconfigure.orm.jpa.DataJpaTestContextBootstrapper - Using TestExecutionListeners: [org.springframework.test.context.web.ServletTestExecutionListener@5dcec8e9, org.springframework.test.context.support.DirtiesContextBeforeModesTestExecutionListener@4bc49d70, org.springframework.test.context.event.ApplicationEventsTestExecutionListener@73543048, org.springframework.boot.test.mock.mockito.MockitoTestExecutionListener@1851f19f, org.springframework.boot.test.autoconfigure.SpringBootDependencyInjectionTestExecutionListener@33f3ebfc, org.springframework.test.context.support.DirtiesContextTestExecutionListener@5cb3cfef, org.springframework.test.context.transaction.TransactionalTestExecutionListener@eb77241, org.springframework.test.context.jdbc.SqlScriptsTestExecutionListener@197da701, org.springframework.test.context.event.EventPublishingTestExecutionListener@35fd03d9, org.springframework.security.test.context.support.WithSecurityContextTestExecutionListener@77737e3e, org.springframework.security.test.context.support.ReactorContextTestExecutionListener@42e32feb, org.springframework.boot.test.mock.mockito.ResetMocksTestExecutionListener@3652dd19, org.springframework.boot.test.autoconfigure.restdocs.RestDocsTestExecutionListener@6b6cf3c1, org.springframework.boot.test.autoconfigure.web.client.MockRestServiceServerResetTestExecutionListener@702e21c, org.springframework.boot.test.autoconfigure.web.servlet.MockMvcPrintOnlyOnFailureTestExecutionListener@5c450960, org.springframework.boot.test.autoconfigure.web.servlet.WebDriverTestExecutionListener@7c5fbde4, org.springframework.boot.test.autoconfigure.webservices.client.MockWebServiceServerTestExecutionListener@7021bb55, org.spockframework.spring.SpringMockTestExecutionListener@6023b54f]
00:26:25.890 [main] DEBUG org.springframework.test.annotation.ProfileValueUtils - Retrieved @ProfileValueSourceConfiguration [null] for test class [pt.ulisboa.tecnico.socialsoftware.tutor.question.domain.MultipleChoiceQuestionTest]
00:26:25.890 [main] DEBUG org.springframework.test.annotation.ProfileValueUtils - Retrieved ProfileValueSource type [class org.springframework.test.annotation.SystemProfileValueSource] for class [pt.ulisboa.tecnico.socialsoftware.tutor.question.domain.MultipleChoiceQuestionTest]
00:26:25.890 [main] DEBUG org.springframework.test.annotation.ProfileValueUtils - Retrieved @ProfileValueSourceConfiguration [null] for test class [pt.ulisboa.tecnico.socialsoftware.tutor.question.domain.MultipleChoiceQuestionTest]
00:26:25.890 [main] DEBUG org.springframework.test.annotation.ProfileValueUtils - Retrieved ProfileValueSource type [class org.springframework.test.annotation.SystemProfileValueSource] for class [pt.ulisboa.tecnico.socialsoftware.tutor.question.domain.MultipleChoiceQuestionTest]
00:26:25.890 [main] DEBUG org.springframework.test.context.BootstrapUtils - Instantiating CacheAwareContextLoaderDelegate from class [org.springframework.test.context.cache.DefaultCacheAwareContextLoaderDelegate]
00:26:25.890 [main] DEBUG org.springframework.test.context.BootstrapUtils - Instantiating BootstrapContext using constructor [public org.springframework.test.context.support.DefaultBootstrapContext(java.lang.Class,org.springframework.test.context.CacheAwareContextLoaderDelegate)]
00:26:25.890 [main] DEBUG org.springframework.test.context.BootstrapUtils - Instantiating TestContextBootstrapper for test class [pt.ulisboa.tecnico.socialsoftware.tutor.question.domain.MultipleChoiceQuestionTest] from class [org.springframework.boot.test.autoconfigure.orm.jpa.DataJpaTestContextBootstrapper]
00:26:25.891 [main] INFO org.springframework.boot.test.autoconfigure.orm.jpa.DataJpaTestContextBootstrapper - Neither @ContextConfiguration nor @ContextHierarchy found for test class [pt.ulisboa.tecnico.socialsoftware.tutor.question.domain.MultipleChoiceQuestionTest], using SpringBootContextLoader
00:26:25.892 [main] DEBUG org.springframework.test.context.support.AbstractContextLoader - Did not detect default resource location for test class [pt.ulisboa.tecnico.socialsoftware.tutor.question.domain.MultipleChoiceQuestionTest]: class path resource [pt/ulisboa/tecnico/socialsoftware/tutor/question/domain/MultipleChoiceQuestionTest-context.xml] does not exist
00:26:25.892 [main] DEBUG org.springframework.test.context.support.AbstractContextLoader - Did not detect default resource location for test class [pt.ulisboa.tecnico.socialsoftware.tutor.question.domain.MultipleChoiceQuestionTest]: class path resource [pt/ulisboa/tecnico/socialsoftware/tutor/question/domain/MultipleChoiceQuestionTestContext.groovy] does not exist
00:26:25.892 [main] INFO org.springframework.test.context.support.AbstractContextLoader - Could not detect default resource locations for test class [pt.ulisboa.tecnico.socialsoftware.tutor.question.domain.MultipleChoiceQuestionTest]: no resource found for suffixes {-context.xml, Context.groovy}.
00:26:25.900 [main] DEBUG org.springframework.test.context.support.ActiveProfilesUtils - Could not find an 'annotation declaring class' for annotation type [org.springframework.test.context.ActiveProfiles] and class [pt.ulisboa.tecnico.socialsoftware.tutor.question.domain.MultipleChoiceQuestionTest]
00:26:25.901 [main] INFO org.springframework.boot.test.context.SpringBootTestContextBootstrapper - Found @SpringBootConfiguration pt.ulisboa.tecnico.socialsoftware.tutor.TutorTestApplication for test class pt.ulisboa.tecnico.socialsoftware.tutor.question.domain.MultipleChoiceQuestionTest
00:26:25.901 [main] DEBUG org.springframework.boot.test.autoconfigure.orm.jpa.DataJpaTestContextBootstrapper - @TestExecutionListeners is not present for class [pt.ulisboa.tecnico.socialsoftware.tutor.question.domain.MultipleChoiceQuestionTest]: using defaults.
00:26:25.902 [main] INFO org.springframework.boot.test.autoconfigure.orm.jpa.DataJpaTestContextBootstrapper - Loaded default TestExecutionListener class names from location [META-INF/spring.factories]: [org.springframework.boot.test.mock.mockito.MockitoTestExecutionListener, org.springframework.boot.test.mock.mockito.ResetMocksTestExecutionListener, org.springframework.boot.test.autoconfigure.restdocs.RestDocsTestExecutionListener, org.springframework.boot.test.autoconfigure.web.client.MockRestServiceServerResetTestExecutionListener, org.springframework.boot.test.autoconfigure.web.servlet.MockMvcPrintOnlyOnFailureTestExecutionListener, org.springframework.boot.test.autoconfigure.web.servlet.WebDriverTestExecutionListener, org.springframework.boot.test.autoconfigure.webservices.client.MockWebServiceServerTestExecutionListener, org.springframework.test.context.web.ServletTestExecutionListener, org.springframework.test.context.support.DirtiesContextBeforeModesTestExecutionListener, org.springframework.test.context.event.ApplicationEventsTestExecutionListener, org.springframework.test.context.support.DependencyInjectionTestExecutionListener, org.springframework.test.context.support.DirtiesContextTestExecutionListener, org.springframework.test.context.transaction.TransactionalTestExecutionListener, org.springframework.test.context.jdbc.SqlScriptsTestExecutionListener, org.springframework.test.context.event.EventPublishingTestExecutionListener, org.springframework.security.test.context.support.WithSecurityContextTestExecutionListener, org.springframework.security.test.context.support.ReactorContextTestExecutionListener, org.spockframework.spring.SpringMockTestExecutionListener]
00:26:25.903 [main] INFO org.springframework.boot.test.autoconfigure.orm.jpa.DataJpaTestContextBootstrapper - Using TestExecutionListeners: [org.springframework.test.context.web.ServletTestExecutionListener@14d9ae22, org.springframework.test.context.support.DirtiesContextBeforeModesTestExecutionListener@15e881c0, org.springframework.test.context.event.ApplicationEventsTestExecutionListener@68ee7b3b, org.springframework.boot.test.mock.mockito.MockitoTestExecutionListener@159a32a4, org.springframework.boot.test.autoconfigure.SpringBootDependencyInjectionTestExecutionListener@4ceb368b, org.springframework.test.context.support.DirtiesContextTestExecutionListener@1ddc5857, org.springframework.test.context.transaction.TransactionalTestExecutionListener@6f0df74, org.springframework.test.context.jdbc.SqlScriptsTestExecutionListener@42bbd21c, org.springframework.test.context.event.EventPublishingTestExecutionListener@57f1fbae, org.springframework.security.test.context.support.WithSecurityContextTestExecutionListener@28901fe7, org.springframework.security.test.context.support.ReactorContextTestExecutionListener@289b7efe, org.springframework.boot.test.mock.mockito.ResetMocksTestExecutionListener@34ac72c3, org.springframework.boot.test.autoconfigure.restdocs.RestDocsTestExecutionListener@6cd8c373, org.springframework.boot.test.autoconfigure.web.client.MockRestServiceServerResetTestExecutionListener@449f9628, org.springframework.boot.test.autoconfigure.web.servlet.MockMvcPrintOnlyOnFailureTestExecutionListener@37806ccb, org.springframework.boot.test.autoconfigure.web.servlet.WebDriverTestExecutionListener@606d2a92, org.springframework.boot.test.autoconfigure.webservices.client.MockWebServiceServerTestExecutionListener@4a84beb7, org.spockframework.spring.SpringMockTestExecutionListener@72924f19]
00:26:25.904 [main] DEBUG org.springframework.test.annotation.ProfileValueUtils - Retrieved @ProfileValueSourceConfiguration [null] for test class [pt.ulisboa.tecnico.socialsoftware.tutor.question.service.CreateQuestionTest]
00:26:25.904 [main] DEBUG org.springframework.test.annotation.ProfileValueUtils - Retrieved ProfileValueSource type [class org.springframework.test.annotation.SystemProfileValueSource] for class [pt.ulisboa.tecnico.socialsoftware.tutor.question.service.CreateQuestionTest]
00:26:25.904 [main] DEBUG org.springframework.test.annotation.ProfileValueUtils - Retrieved @ProfileValueSourceConfiguration [null] for test class [pt.ulisboa.tecnico.socialsoftware.tutor.question.service.CreateQuestionTest]
00:26:25.904 [main] DEBUG org.springframework.test.annotation.ProfileValueUtils - Retrieved ProfileValueSource type [class org.springframework.test.annotation.SystemProfileValueSource] for class [pt.ulisboa.tecnico.socialsoftware.tutor.question.service.CreateQuestionTest]
00:26:25.904 [main] DEBUG org.springframework.test.annotation.ProfileValueUtils - Retrieved @ProfileValueSourceConfiguration [null] for test class [pt.ulisboa.tecnico.socialsoftware.tutor.question.service.CreateQuestionTest]
00:26:25.904 [main] DEBUG org.springframework.test.annotation.ProfileValueUtils - Retrieved ProfileValueSource type [class org.springframework.test.annotation.SystemProfileValueSource] for class [pt.ulisboa.tecnico.socialsoftware.tutor.question.service.CreateQuestionTest]
00:26:25.904 [main] DEBUG org.springframework.test.annotation.ProfileValueUtils - Retrieved @ProfileValueSourceConfiguration [null] for test class [pt.ulisboa.tecnico.socialsoftware.tutor.question.service.CreateQuestionTest]
00:26:25.904 [main] DEBUG org.springframework.test.annotation.ProfileValueUtils - Retrieved ProfileValueSource type [class org.springframework.test.annotation.SystemProfileValueSource] for class [pt.ulisboa.tecnico.socialsoftware.tutor.question.service.CreateQuestionTest]
00:26:25.904 [main] DEBUG org.springframework.test.annotation.ProfileValueUtils - Retrieved @ProfileValueSourceConfiguration [null] for test class [pt.ulisboa.tecnico.socialsoftware.tutor.question.service.CreateQuestionTest]
00:26:25.904 [main] DEBUG org.springframework.test.annotation.ProfileValueUtils - Retrieved ProfileValueSource type [class org.springframework.test.annotation.SystemProfileValueSource] for class [pt.ulisboa.tecnico.socialsoftware.tutor.question.service.CreateQuestionTest]
00:26:25.904 [main] DEBUG org.springframework.test.annotation.ProfileValueUtils - Retrieved @ProfileValueSourceConfiguration [null] for test class [pt.ulisboa.tecnico.socialsoftware.tutor.question.service.CreateQuestionTest]
00:26:25.904 [main] DEBUG org.springframework.test.annotation.ProfileValueUtils - Retrieved ProfileValueSource type [class org.springframework.test.annotation.SystemProfileValueSource] for class [pt.ulisboa.tecnico.socialsoftware.tutor.question.service.CreateQuestionTest]
00:26:25.904 [main] DEBUG org.springframework.test.annotation.ProfileValueUtils - Retrieved @ProfileValueSourceConfiguration [null] for test class [pt.ulisboa.tecnico.socialsoftware.tutor.question.service.CreateQuestionTest]
00:26:25.904 [main] DEBUG org.springframework.test.annotation.ProfileValueUtils - Retrieved ProfileValueSource type [class org.springframework.test.annotation.SystemProfileValueSource] for class [pt.ulisboa.tecnico.socialsoftware.tutor.question.service.CreateQuestionTest]
00:26:25.904 [main] DEBUG org.springframework.test.annotation.ProfileValueUtils - Retrieved @ProfileValueSourceConfiguration [null] for test class [pt.ulisboa.tecnico.socialsoftware.tutor.question.service.CreateQuestionTest]
00:26:25.904 [main] DEBUG org.springframework.test.annotation.ProfileValueUtils - Retrieved ProfileValueSource type [class org.springframework.test.annotation.SystemProfileValueSource] for class [pt.ulisboa.tecnico.socialsoftware.tutor.question.service.CreateQuestionTest]
00:26:25.905 [main] DEBUG org.springframework.test.annotation.ProfileValueUtils - Retrieved @ProfileValueSourceConfiguration [null] for test class [pt.ulisboa.tecnico.socialsoftware.tutor.question.service.CreateQuestionTest]
00:26:25.905 [main] DEBUG org.springframework.test.annotation.ProfileValueUtils - Retrieved ProfileValueSource type [class org.springframework.test.annotation.SystemProfileValueSource] for class [pt.ulisboa.tecnico.socialsoftware.tutor.question.service.CreateQuestionTest]
00:26:25.905 [main] DEBUG org.springframework.test.annotation.ProfileValueUtils - Retrieved @ProfileValueSourceConfiguration [null] for test class [pt.ulisboa.tecnico.socialsoftware.tutor.question.service.CreateQuestionTest]
00:26:25.905 [main] DEBUG org.springframework.test.annotation.ProfileValueUtils - Retrieved ProfileValueSource type [class org.springframework.test.annotation.SystemProfileValueSource] for class [pt.ulisboa.tecnico.socialsoftware.tutor.question.service.CreateQuestionTest]
00:26:25.905 [main] DEBUG org.springframework.test.annotation.ProfileValueUtils - Retrieved @ProfileValueSourceConfiguration [null] for test class [pt.ulisboa.tecnico.socialsoftware.tutor.question.service.CreateQuestionTest]
00:26:25.905 [main] DEBUG org.springframework.test.annotation.ProfileValueUtils - Retrieved ProfileValueSource type [class org.springframework.test.annotation.SystemProfileValueSource] for class [pt.ulisboa.tecnico.socialsoftware.tutor.question.service.CreateQuestionTest]
00:26:25.905 [main] DEBUG org.springframework.test.annotation.ProfileValueUtils - Retrieved @ProfileValueSourceConfiguration [null] for test class [pt.ulisboa.tecnico.socialsoftware.tutor.question.service.CreateQuestionTest]
00:26:25.905 [main] DEBUG org.springframework.test.annotation.ProfileValueUtils - Retrieved ProfileValueSource type [class org.springframework.test.annotation.SystemProfileValueSource] for class [pt.ulisboa.tecnico.socialsoftware.tutor.question.service.CreateQuestionTest]
00:26:25.905 [main] DEBUG org.springframework.test.annotation.ProfileValueUtils - Retrieved @ProfileValueSourceConfiguration [null] for test class [pt.ulisboa.tecnico.socialsoftware.tutor.question.service.CreateQuestionTest]
00:26:25.905 [main] DEBUG org.springframework.test.annotation.ProfileValueUtils - Retrieved ProfileValueSource type [class org.springframework.test.annotation.SystemProfileValueSource] for class [pt.ulisboa.tecnico.socialsoftware.tutor.question.service.CreateQuestionTest]
00:26:25.905 [main] DEBUG org.springframework.test.context.BootstrapUtils - Instantiating CacheAwareContextLoaderDelegate from class [org.springframework.test.context.cache.DefaultCacheAwareContextLoaderDelegate]
00:26:25.905 [main] DEBUG org.springframework.test.context.BootstrapUtils - Instantiating BootstrapContext using constructor [public org.springframework.test.context.support.DefaultBootstrapContext(java.lang.Class,org.springframework.test.context.CacheAwareContextLoaderDelegate)]
00:26:25.905 [main] DEBUG org.springframework.test.context.BootstrapUtils - Instantiating TestContextBootstrapper for test class [pt.ulisboa.tecnico.socialsoftware.tutor.question.service.CreateQuestionTest] from class [org.springframework.boot.test.autoconfigure.orm.jpa.DataJpaTestContextBootstrapper]
00:26:25.906 [main] INFO org.springframework.boot.test.autoconfigure.orm.jpa.DataJpaTestContextBootstrapper - Neither @ContextConfiguration nor @ContextHierarchy found for test class [pt.ulisboa.tecnico.socialsoftware.tutor.question.service.CreateQuestionTest], using SpringBootContextLoader
00:26:25.906 [main] DEBUG org.springframework.test.context.support.AbstractContextLoader - Did not detect default resource location for test class [pt.ulisboa.tecnico.socialsoftware.tutor.question.service.CreateQuestionTest]: class path resource [pt/ulisboa/tecnico/socialsoftware/tutor/question/service/CreateQuestionTest-context.xml] does not exist
00:26:25.907 [main] DEBUG org.springframework.test.context.support.AbstractContextLoader - Did not detect default resource location for test class [pt.ulisboa.tecnico.socialsoftware.tutor.question.service.CreateQuestionTest]: class path resource [pt/ulisboa/tecnico/socialsoftware/tutor/question/service/CreateQuestionTestContext.groovy] does not exist
00:26:25.907 [main] INFO org.springframework.test.context.support.AbstractContextLoader - Could not detect default resource locations for test class [pt.ulisboa.tecnico.socialsoftware.tutor.question.service.CreateQuestionTest]: no resource found for suffixes {-context.xml, Context.groovy}.
00:26:25.911 [main] DEBUG org.springframework.test.context.support.ActiveProfilesUtils - Could not find an 'annotation declaring class' for annotation type [org.springframework.test.context.ActiveProfiles] and class [pt.ulisboa.tecnico.socialsoftware.tutor.question.service.CreateQuestionTest]
00:26:25.912 [main] INFO org.springframework.boot.test.context.SpringBootTestContextBootstrapper - Found @SpringBootConfiguration pt.ulisboa.tecnico.socialsoftware.tutor.TutorTestApplication for test class pt.ulisboa.tecnico.socialsoftware.tutor.question.service.CreateQuestionTest
00:26:25.913 [main] DEBUG org.springframework.boot.test.autoconfigure.orm.jpa.DataJpaTestContextBootstrapper - @TestExecutionListeners is not present for class [pt.ulisboa.tecnico.socialsoftware.tutor.question.service.CreateQuestionTest]: using defaults.
00:26:25.913 [main] INFO org.springframework.boot.test.autoconfigure.orm.jpa.DataJpaTestContextBootstrapper - Loaded default TestExecutionListener class names from location [META-INF/spring.factories]: [org.springframework.boot.test.mock.mockito.MockitoTestExecutionListener, org.springframework.boot.test.mock.mockito.ResetMocksTestExecutionListener, org.springframework.boot.test.autoconfigure.restdocs.RestDocsTestExecutionListener, org.springframework.boot.test.autoconfigure.web.client.MockRestServiceServerResetTestExecutionListener, org.springframework.boot.test.autoconfigure.web.servlet.MockMvcPrintOnlyOnFailureTestExecutionListener, org.springframework.boot.test.autoconfigure.web.servlet.WebDriverTestExecutionListener, org.springframework.boot.test.autoconfigure.webservices.client.MockWebServiceServerTestExecutionListener, org.springframework.test.context.web.ServletTestExecutionListener, org.springframework.test.context.support.DirtiesContextBeforeModesTestExecutionListener, org.springframework.test.context.event.ApplicationEventsTestExecutionListener, org.springframework.test.context.support.DependencyInjectionTestExecutionListener, org.springframework.test.context.support.DirtiesContextTestExecutionListener, org.springframework.test.context.transaction.TransactionalTestExecutionListener, org.springframework.test.context.jdbc.SqlScriptsTestExecutionListener, org.springframework.test.context.event.EventPublishingTestExecutionListener, org.springframework.security.test.context.support.WithSecurityContextTestExecutionListener, org.springframework.security.test.context.support.ReactorContextTestExecutionListener, org.spockframework.spring.SpringMockTestExecutionListener]
00:26:25.915 [main] INFO org.springframework.boot.test.autoconfigure.orm.jpa.DataJpaTestContextBootstrapper - Using TestExecutionListeners: [org.springframework.test.context.web.ServletTestExecutionListener@46c093b4, org.springframework.test.context.support.DirtiesContextBeforeModesTestExecutionListener@4ff00844, org.springframework.test.context.event.ApplicationEventsTestExecutionListener@20ee660b, org.springframework.boot.test.mock.mockito.MockitoTestExecutionListener@40e41f88, org.springframework.boot.test.autoconfigure.SpringBootDependencyInjectionTestExecutionListener@27b7913, org.springframework.test.context.support.DirtiesContextTestExecutionListener@4d86f330, org.springframework.test.context.transaction.TransactionalTestExecutionListener@1e8b0ab5, org.springframework.test.context.jdbc.SqlScriptsTestExecutionListener@7ef34eb3, org.springframework.test.context.event.EventPublishingTestExecutionListener@2719139f, org.springframework.security.test.context.support.WithSecurityContextTestExecutionListener@5dfc7b3f, org.springframework.security.test.context.support.ReactorContextTestExecutionListener@1b641c97, org.springframework.boot.test.mock.mockito.ResetMocksTestExecutionListener@7f065f9e, org.springframework.boot.test.autoconfigure.restdocs.RestDocsTestExecutionListener@106c3e0a, org.springframework.boot.test.autoconfigure.web.client.MockRestServiceServerResetTestExecutionListener@2e778abb, org.springframework.boot.test.autoconfigure.web.servlet.MockMvcPrintOnlyOnFailureTestExecutionListener@154cbb46, org.springframework.boot.test.autoconfigure.web.servlet.WebDriverTestExecutionListener@58fbecde, org.springframework.boot.test.autoconfigure.webservices.client.MockWebServiceServerTestExecutionListener@299615a5, org.spockframework.spring.SpringMockTestExecutionListener@3ba6707e]
00:26:25.916 [main] DEBUG org.springframework.test.annotation.ProfileValueUtils - Retrieved @ProfileValueSourceConfiguration [null] for test class [pt.ulisboa.tecnico.socialsoftware.tutor.question.service.CreateTopicTest]
00:26:25.916 [main] DEBUG org.springframework.test.annotation.ProfileValueUtils - Retrieved ProfileValueSource type [class org.springframework.test.annotation.SystemProfileValueSource] for class [pt.ulisboa.tecnico.socialsoftware.tutor.question.service.CreateTopicTest]
00:26:25.916 [main] DEBUG org.springframework.test.annotation.ProfileValueUtils - Retrieved @ProfileValueSourceConfiguration [null] for test class [pt.ulisboa.tecnico.socialsoftware.tutor.question.service.CreateTopicTest]
00:26:25.916 [main] DEBUG org.springframework.test.annotation.ProfileValueUtils - Retrieved ProfileValueSource type [class org.springframework.test.annotation.SystemProfileValueSource] for class [pt.ulisboa.tecnico.socialsoftware.tutor.question.service.CreateTopicTest]
00:26:25.916 [main] DEBUG org.springframework.test.annotation.ProfileValueUtils - Retrieved @ProfileValueSourceConfiguration [null] for test class [pt.ulisboa.tecnico.socialsoftware.tutor.question.service.CreateTopicTest]
00:26:25.916 [main] DEBUG org.springframework.test.annotation.ProfileValueUtils - Retrieved ProfileValueSource type [class org.springframework.test.annotation.SystemProfileValueSource] for class [pt.ulisboa.tecnico.socialsoftware.tutor.question.service.CreateTopicTest]
00:26:25.916 [main] DEBUG org.springframework.test.context.BootstrapUtils - Instantiating CacheAwareContextLoaderDelegate from class [org.springframework.test.context.cache.DefaultCacheAwareContextLoaderDelegate]
00:26:25.916 [main] DEBUG org.springframework.test.context.BootstrapUtils - Instantiating BootstrapContext using constructor [public org.springframework.test.context.support.DefaultBootstrapContext(java.lang.Class,org.springframework.test.context.CacheAwareContextLoaderDelegate)]
00:26:25.916 [main] DEBUG org.springframework.test.context.BootstrapUtils - Instantiating TestContextBootstrapper for test class [pt.ulisboa.tecnico.socialsoftware.tutor.question.service.CreateTopicTest] from class [org.springframework.boot.test.autoconfigure.orm.jpa.DataJpaTestContextBootstrapper]
00:26:25.917 [main] INFO org.springframework.boot.test.autoconfigure.orm.jpa.DataJpaTestContextBootstrapper - Neither @ContextConfiguration nor @ContextHierarchy found for test class [pt.ulisboa.tecnico.socialsoftware.tutor.question.service.CreateTopicTest], using SpringBootContextLoader
00:26:25.918 [main] DEBUG org.springframework.test.context.support.AbstractContextLoader - Did not detect default resource location for test class [pt.ulisboa.tecnico.socialsoftware.tutor.question.service.CreateTopicTest]: class path resource [pt/ulisboa/tecnico/socialsoftware/tutor/question/service/CreateTopicTest-context.xml] does not exist
00:26:25.918 [main] DEBUG org.springframework.test.context.support.AbstractContextLoader - Did not detect default resource location for test class [pt.ulisboa.tecnico.socialsoftware.tutor.question.service.CreateTopicTest]: class path resource [pt/ulisboa/tecnico/socialsoftware/tutor/question/service/CreateTopicTestContext.groovy] does not exist
00:26:25.918 [main] INFO org.springframework.test.context.support.AbstractContextLoader - Could not detect default resource locations for test class [pt.ulisboa.tecnico.socialsoftware.tutor.question.service.CreateTopicTest]: no resource found for suffixes {-context.xml, Context.groovy}.
00:26:25.922 [main] DEBUG org.springframework.test.context.support.ActiveProfilesUtils - Could not find an 'annotation declaring class' for annotation type [org.springframework.test.context.ActiveProfiles] and class [pt.ulisboa.tecnico.socialsoftware.tutor.question.service.CreateTopicTest]
00:26:25.923 [main] INFO org.springframework.boot.test.context.SpringBootTestContextBootstrapper - Found @SpringBootConfiguration pt.ulisboa.tecnico.socialsoftware.tutor.TutorTestApplication for test class pt.ulisboa.tecnico.socialsoftware.tutor.question.service.CreateTopicTest
00:26:25.924 [main] DEBUG org.springframework.boot.test.autoconfigure.orm.jpa.DataJpaTestContextBootstrapper - @TestExecutionListeners is not present for class [pt.ulisboa.tecnico.socialsoftware.tutor.question.service.CreateTopicTest]: using defaults.
00:26:25.924 [main] INFO org.springframework.boot.test.autoconfigure.orm.jpa.DataJpaTestContextBootstrapper - Loaded default TestExecutionListener class names from location [META-INF/spring.factories]: [org.springframework.boot.test.mock.mockito.MockitoTestExecutionListener, org.springframework.boot.test.mock.mockito.ResetMocksTestExecutionListener, org.springframework.boot.test.autoconfigure.restdocs.RestDocsTestExecutionListener, org.springframework.boot.test.autoconfigure.web.client.MockRestServiceServerResetTestExecutionListener, org.springframework.boot.test.autoconfigure.web.servlet.MockMvcPrintOnlyOnFailureTestExecutionListener, org.springframework.boot.test.autoconfigure.web.servlet.WebDriverTestExecutionListener, org.springframework.boot.test.autoconfigure.webservices.client.MockWebServiceServerTestExecutionListener, org.springframework.test.context.web.ServletTestExecutionListener, org.springframework.test.context.support.DirtiesContextBeforeModesTestExecutionListener, org.springframework.test.context.event.ApplicationEventsTestExecutionListener, org.springframework.test.context.support.DependencyInjectionTestExecutionListener, org.springframework.test.context.support.DirtiesContextTestExecutionListener, org.springframework.test.context.transaction.TransactionalTestExecutionListener, org.springframework.test.context.jdbc.SqlScriptsTestExecutionListener, org.springframework.test.context.event.EventPublishingTestExecutionListener, org.springframework.security.test.context.support.WithSecurityContextTestExecutionListener, org.springframework.security.test.context.support.ReactorContextTestExecutionListener, org.spockframework.spring.SpringMockTestExecutionListener]
00:26:25.926 [main] INFO org.springframework.boot.test.autoconfigure.orm.jpa.DataJpaTestContextBootstrapper - Using TestExecutionListeners: [org.springframework.test.context.web.ServletTestExecutionListener@4b407ac7, org.springframework.test.context.support.DirtiesContextBeforeModesTestExecutionListener@4c5ae26d, org.springframework.test.context.event.ApplicationEventsTestExecutionListener@5578ed7e, org.springframework.boot.test.mock.mockito.MockitoTestExecutionListener@5dd5422f, org.springframework.boot.test.autoconfigure.SpringBootDependencyInjectionTestExecutionListener@158b8d10, org.springframework.test.context.support.DirtiesContextTestExecutionListener@e594c46, org.springframework.test.context.transaction.TransactionalTestExecutionListener@1cd853ee, org.springframework.test.context.jdbc.SqlScriptsTestExecutionListener@6b6bae60, org.springframework.test.context.event.EventPublishingTestExecutionListener@22c14d10, org.springframework.security.test.context.support.WithSecurityContextTestExecutionListener@66be0e72, org.springframework.security.test.context.support.ReactorContextTestExecutionListener@38276668, org.springframework.boot.test.mock.mockito.ResetMocksTestExecutionListener@e09c7a2, org.springframework.boot.test.autoconfigure.restdocs.RestDocsTestExecutionListener@2688b2be, org.springframework.boot.test.autoconfigure.web.client.MockRestServiceServerResetTestExecutionListener@30d3f583, org.springframework.boot.test.autoconfigure.web.servlet.MockMvcPrintOnlyOnFailureTestExecutionListener@3344c1d7, org.springframework.boot.test.autoconfigure.web.servlet.WebDriverTestExecutionListener@73b034ca, org.springframework.boot.test.autoconfigure.webservices.client.MockWebServiceServerTestExecutionListener@104e6540, org.spockframework.spring.SpringMockTestExecutionListener@3f9ee527]
00:26:25.926 [main] DEBUG org.springframework.test.annotation.ProfileValueUtils - Retrieved @ProfileValueSourceConfiguration [null] for test class [pt.ulisboa.tecnico.socialsoftware.tutor.question.service.FindQuestionsTest]
00:26:25.926 [main] DEBUG org.springframework.test.annotation.ProfileValueUtils - Retrieved ProfileValueSource type [class org.springframework.test.annotation.SystemProfileValueSource] for class [pt.ulisboa.tecnico.socialsoftware.tutor.question.service.FindQuestionsTest]
00:26:25.926 [main] DEBUG org.springframework.test.annotation.ProfileValueUtils - Retrieved @ProfileValueSourceConfiguration [null] for test class [pt.ulisboa.tecnico.socialsoftware.tutor.question.service.FindQuestionsTest]
00:26:25.926 [main] DEBUG org.springframework.test.annotation.ProfileValueUtils - Retrieved ProfileValueSource type [class org.springframework.test.annotation.SystemProfileValueSource] for class [pt.ulisboa.tecnico.socialsoftware.tutor.question.service.FindQuestionsTest]
00:26:25.927 [main] DEBUG org.springframework.test.context.BootstrapUtils - Instantiating CacheAwareContextLoaderDelegate from class [org.springframework.test.context.cache.DefaultCacheAwareContextLoaderDelegate]
00:26:25.927 [main] DEBUG org.springframework.test.context.BootstrapUtils - Instantiating BootstrapContext using constructor [public org.springframework.test.context.support.DefaultBootstrapContext(java.lang.Class,org.springframework.test.context.CacheAwareContextLoaderDelegate)]
00:26:25.927 [main] DEBUG org.springframework.test.context.BootstrapUtils - Instantiating TestContextBootstrapper for test class [pt.ulisboa.tecnico.socialsoftware.tutor.question.service.FindQuestionsTest] from class [org.springframework.boot.test.autoconfigure.orm.jpa.DataJpaTestContextBootstrapper]
00:26:25.927 [main] INFO org.springframework.boot.test.autoconfigure.orm.jpa.DataJpaTestContextBootstrapper - Neither @ContextConfiguration nor @ContextHierarchy found for test class [pt.ulisboa.tecnico.socialsoftware.tutor.question.service.FindQuestionsTest], using SpringBootContextLoader
00:26:25.928 [main] DEBUG org.springframework.test.context.support.AbstractContextLoader - Did not detect default resource location for test class [pt.ulisboa.tecnico.socialsoftware.tutor.question.service.FindQuestionsTest]: class path resource [pt/ulisboa/tecnico/socialsoftware/tutor/question/service/FindQuestionsTest-context.xml] does not exist
00:26:25.929 [main] DEBUG org.springframework.test.context.support.AbstractContextLoader - Did not detect default resource location for test class [pt.ulisboa.tecnico.socialsoftware.tutor.question.service.FindQuestionsTest]: class path resource [pt/ulisboa/tecnico/socialsoftware/tutor/question/service/FindQuestionsTestContext.groovy] does not exist
00:26:25.929 [main] INFO org.springframework.test.context.support.AbstractContextLoader - Could not detect default resource locations for test class [pt.ulisboa.tecnico.socialsoftware.tutor.question.service.FindQuestionsTest]: no resource found for suffixes {-context.xml, Context.groovy}.
00:26:25.933 [main] DEBUG org.springframework.test.context.support.ActiveProfilesUtils - Could not find an 'annotation declaring class' for annotation type [org.springframework.test.context.ActiveProfiles] and class [pt.ulisboa.tecnico.socialsoftware.tutor.question.service.FindQuestionsTest]
00:26:25.934 [main] INFO org.springframework.boot.test.context.SpringBootTestContextBootstrapper - Found @SpringBootConfiguration pt.ulisboa.tecnico.socialsoftware.tutor.TutorTestApplication for test class pt.ulisboa.tecnico.socialsoftware.tutor.question.service.FindQuestionsTest
00:26:25.935 [main] DEBUG org.springframework.boot.test.autoconfigure.orm.jpa.DataJpaTestContextBootstrapper - @TestExecutionListeners is not present for class [pt.ulisboa.tecnico.socialsoftware.tutor.question.service.FindQuestionsTest]: using defaults.
00:26:25.935 [main] INFO org.springframework.boot.test.autoconfigure.orm.jpa.DataJpaTestContextBootstrapper - Loaded default TestExecutionListener class names from location [META-INF/spring.factories]: [org.springframework.boot.test.mock.mockito.MockitoTestExecutionListener, org.springframework.boot.test.mock.mockito.ResetMocksTestExecutionListener, org.springframework.boot.test.autoconfigure.restdocs.RestDocsTestExecutionListener, org.springframework.boot.test.autoconfigure.web.client.MockRestServiceServerResetTestExecutionListener, org.springframework.boot.test.autoconfigure.web.servlet.MockMvcPrintOnlyOnFailureTestExecutionListener, org.springframework.boot.test.autoconfigure.web.servlet.WebDriverTestExecutionListener, org.springframework.boot.test.autoconfigure.webservices.client.MockWebServiceServerTestExecutionListener, org.springframework.test.context.web.ServletTestExecutionListener, org.springframework.test.context.support.DirtiesContextBeforeModesTestExecutionListener, org.springframework.test.context.event.ApplicationEventsTestExecutionListener, org.springframework.test.context.support.DependencyInjectionTestExecutionListener, org.springframework.test.context.support.DirtiesContextTestExecutionListener, org.springframework.test.context.transaction.TransactionalTestExecutionListener, org.springframework.test.context.jdbc.SqlScriptsTestExecutionListener, org.springframework.test.context.event.EventPublishingTestExecutionListener, org.springframework.security.test.context.support.WithSecurityContextTestExecutionListener, org.springframework.security.test.context.support.ReactorContextTestExecutionListener, org.spockframework.spring.SpringMockTestExecutionListener]
00:26:25.937 [main] INFO org.springframework.boot.test.autoconfigure.orm.jpa.DataJpaTestContextBootstrapper - Using TestExecutionListeners: [org.springframework.test.context.web.ServletTestExecutionListener@2a41d17a, org.springframework.test.context.support.DirtiesContextBeforeModesTestExecutionListener@58a5b69c, org.springframework.test.context.event.ApplicationEventsTestExecutionListener@3b22bcad, org.springframework.boot.test.mock.mockito.MockitoTestExecutionListener@735dc133, org.springframework.boot.test.autoconfigure.SpringBootDependencyInjectionTestExecutionListener@57330423, org.springframework.test.context.support.DirtiesContextTestExecutionListener@2257590f, org.springframework.test.context.transaction.TransactionalTestExecutionListener@c3e5e3c, org.springframework.test.context.jdbc.SqlScriptsTestExecutionListener@11f752d1, org.springframework.test.context.event.EventPublishingTestExecutionListener@5eaa4ed0, org.springframework.security.test.context.support.WithSecurityContextTestExecutionListener@462deb2b, org.springframework.security.test.context.support.ReactorContextTestExecutionListener@381c826c, org.springframework.boot.test.mock.mockito.ResetMocksTestExecutionListener@13563e64, org.springframework.boot.test.autoconfigure.restdocs.RestDocsTestExecutionListener@1f062e10, org.springframework.boot.test.autoconfigure.web.client.MockRestServiceServerResetTestExecutionListener@36dbfa68, org.springframework.boot.test.autoconfigure.web.servlet.MockMvcPrintOnlyOnFailureTestExecutionListener@6a08113d, org.springframework.boot.test.autoconfigure.web.servlet.WebDriverTestExecutionListener@480fb706, org.springframework.boot.test.autoconfigure.webservices.client.MockWebServiceServerTestExecutionListener@66d766b9, org.spockframework.spring.SpringMockTestExecutionListener@f36c8b1]
00:26:25.938 [main] DEBUG org.springframework.test.annotation.ProfileValueUtils - Retrieved @ProfileValueSourceConfiguration [null] for test class [pt.ulisboa.tecnico.socialsoftware.tutor.question.service.RemoveQuestionTest]
00:26:25.938 [main] DEBUG org.springframework.test.annotation.ProfileValueUtils - Retrieved ProfileValueSource type [class org.springframework.test.annotation.SystemProfileValueSource] for class [pt.ulisboa.tecnico.socialsoftware.tutor.question.service.RemoveQuestionTest]
00:26:25.938 [main] DEBUG org.springframework.test.annotation.ProfileValueUtils - Retrieved @ProfileValueSourceConfiguration [null] for test class [pt.ulisboa.tecnico.socialsoftware.tutor.question.service.RemoveQuestionTest]
00:26:25.938 [main] DEBUG org.springframework.test.annotation.ProfileValueUtils - Retrieved ProfileValueSource type [class org.springframework.test.annotation.SystemProfileValueSource] for class [pt.ulisboa.tecnico.socialsoftware.tutor.question.service.RemoveQuestionTest]
00:26:25.938 [main] DEBUG org.springframework.test.annotation.ProfileValueUtils - Retrieved @ProfileValueSourceConfiguration [null] for test class [pt.ulisboa.tecnico.socialsoftware.tutor.question.service.RemoveQuestionTest]
00:26:25.938 [main] DEBUG org.springframework.test.annotation.ProfileValueUtils - Retrieved ProfileValueSource type [class org.springframework.test.annotation.SystemProfileValueSource] for class [pt.ulisboa.tecnico.socialsoftware.tutor.question.service.RemoveQuestionTest]
00:26:25.938 [main] DEBUG org.springframework.test.annotation.ProfileValueUtils - Retrieved @ProfileValueSourceConfiguration [null] for test class [pt.ulisboa.tecnico.socialsoftware.tutor.question.service.RemoveQuestionTest]
00:26:25.938 [main] DEBUG org.springframework.test.annotation.ProfileValueUtils - Retrieved ProfileValueSource type [class org.springframework.test.annotation.SystemProfileValueSource] for class [pt.ulisboa.tecnico.socialsoftware.tutor.question.service.RemoveQuestionTest]
00:26:25.938 [main] DEBUG org.springframework.test.annotation.ProfileValueUtils - Retrieved @ProfileValueSourceConfiguration [null] for test class [pt.ulisboa.tecnico.socialsoftware.tutor.question.service.RemoveQuestionTest]
00:26:25.938 [main] DEBUG org.springframework.test.annotation.ProfileValueUtils - Retrieved ProfileValueSource type [class org.springframework.test.annotation.SystemProfileValueSource] for class [pt.ulisboa.tecnico.socialsoftware.tutor.question.service.RemoveQuestionTest]
00:26:25.938 [main] DEBUG org.springframework.test.context.BootstrapUtils - Instantiating CacheAwareContextLoaderDelegate from class [org.springframework.test.context.cache.DefaultCacheAwareContextLoaderDelegate]
00:26:25.938 [main] DEBUG org.springframework.test.context.BootstrapUtils - Instantiating BootstrapContext using constructor [public org.springframework.test.context.support.DefaultBootstrapContext(java.lang.Class,org.springframework.test.context.CacheAwareContextLoaderDelegate)]
00:26:25.939 [main] DEBUG org.springframework.test.context.BootstrapUtils - Instantiating TestContextBootstrapper for test class [pt.ulisboa.tecnico.socialsoftware.tutor.question.service.RemoveQuestionTest] from class [org.springframework.boot.test.autoconfigure.orm.jpa.DataJpaTestContextBootstrapper]
00:26:25.939 [main] INFO org.springframework.boot.test.autoconfigure.orm.jpa.DataJpaTestContextBootstrapper - Neither @ContextConfiguration nor @ContextHierarchy found for test class [pt.ulisboa.tecnico.socialsoftware.tutor.question.service.RemoveQuestionTest], using SpringBootContextLoader
00:26:25.940 [main] DEBUG org.springframework.test.context.support.AbstractContextLoader - Did not detect default resource location for test class [pt.ulisboa.tecnico.socialsoftware.tutor.question.service.RemoveQuestionTest]: class path resource [pt/ulisboa/tecnico/socialsoftware/tutor/question/service/RemoveQuestionTest-context.xml] does not exist
00:26:25.941 [main] DEBUG org.springframework.test.context.support.AbstractContextLoader - Did not detect default resource location for test class [pt.ulisboa.tecnico.socialsoftware.tutor.question.service.RemoveQuestionTest]: class path resource [pt/ulisboa/tecnico/socialsoftware/tutor/question/service/RemoveQuestionTestContext.groovy] does not exist
00:26:25.941 [main] INFO org.springframework.test.context.support.AbstractContextLoader - Could not detect default resource locations for test class [pt.ulisboa.tecnico.socialsoftware.tutor.question.service.RemoveQuestionTest]: no resource found for suffixes {-context.xml, Context.groovy}.
00:26:25.946 [main] DEBUG org.springframework.test.context.support.ActiveProfilesUtils - Could not find an 'annotation declaring class' for annotation type [org.springframework.test.context.ActiveProfiles] and class [pt.ulisboa.tecnico.socialsoftware.tutor.question.service.RemoveQuestionTest]
00:26:25.947 [main] INFO org.springframework.boot.test.context.SpringBootTestContextBootstrapper - Found @SpringBootConfiguration pt.ulisboa.tecnico.socialsoftware.tutor.TutorTestApplication for test class pt.ulisboa.tecnico.socialsoftware.tutor.question.service.RemoveQuestionTest
00:26:25.948 [main] DEBUG org.springframework.boot.test.autoconfigure.orm.jpa.DataJpaTestContextBootstrapper - @TestExecutionListeners is not present for class [pt.ulisboa.tecnico.socialsoftware.tutor.question.service.RemoveQuestionTest]: using defaults.
00:26:25.948 [main] INFO org.springframework.boot.test.autoconfigure.orm.jpa.DataJpaTestContextBootstrapper - Loaded default TestExecutionListener class names from location [META-INF/spring.factories]: [org.springframework.boot.test.mock.mockito.MockitoTestExecutionListener, org.springframework.boot.test.mock.mockito.ResetMocksTestExecutionListener, org.springframework.boot.test.autoconfigure.restdocs.RestDocsTestExecutionListener, org.springframework.boot.test.autoconfigure.web.client.MockRestServiceServerResetTestExecutionListener, org.springframework.boot.test.autoconfigure.web.servlet.MockMvcPrintOnlyOnFailureTestExecutionListener, org.springframework.boot.test.autoconfigure.web.servlet.WebDriverTestExecutionListener, org.springframework.boot.test.autoconfigure.webservices.client.MockWebServiceServerTestExecutionListener, org.springframework.test.context.web.ServletTestExecutionListener, org.springframework.test.context.support.DirtiesContextBeforeModesTestExecutionListener, org.springframework.test.context.event.ApplicationEventsTestExecutionListener, org.springframework.test.context.support.DependencyInjectionTestExecutionListener, org.springframework.test.context.support.DirtiesContextTestExecutionListener, org.springframework.test.context.transaction.TransactionalTestExecutionListener, org.springframework.test.context.jdbc.SqlScriptsTestExecutionListener, org.springframework.test.context.event.EventPublishingTestExecutionListener, org.springframework.security.test.context.support.WithSecurityContextTestExecutionListener, org.springframework.security.test.context.support.ReactorContextTestExecutionListener, org.spockframework.spring.SpringMockTestExecutionListener]
00:26:25.950 [main] INFO org.springframework.boot.test.autoconfigure.orm.jpa.DataJpaTestContextBootstrapper - Using TestExecutionListeners: [org.springframework.test.context.web.ServletTestExecutionListener@251db193, org.springframework.test.context.support.DirtiesContextBeforeModesTestExecutionListener@109f95b1, org.springframework.test.context.event.ApplicationEventsTestExecutionListener@4d20cbb5, org.springframework.boot.test.mock.mockito.MockitoTestExecutionListener@74eae1e0, org.springframework.boot.test.autoconfigure.SpringBootDependencyInjectionTestExecutionListener@3c3357c7, org.springframework.test.context.support.DirtiesContextTestExecutionListener@506d7fed, org.springframework.test.context.transaction.TransactionalTestExecutionListener@1bdb6b36, org.springframework.test.context.jdbc.SqlScriptsTestExecutionListener@381d7c4c, org.springframework.test.context.event.EventPublishingTestExecutionListener@1e3689e7, org.springframework.security.test.context.support.WithSecurityContextTestExecutionListener@259f0fdb, org.springframework.security.test.context.support.ReactorContextTestExecutionListener@655d5285, org.springframework.boot.test.mock.mockito.ResetMocksTestExecutionListener@36f1bd7e, org.springframework.boot.test.autoconfigure.restdocs.RestDocsTestExecutionListener@1c2273f6, org.springframework.boot.test.autoconfigure.web.client.MockRestServiceServerResetTestExecutionListener@411e567e, org.springframework.boot.test.autoconfigure.web.servlet.MockMvcPrintOnlyOnFailureTestExecutionListener@4e58eda2, org.springframework.boot.test.autoconfigure.web.servlet.WebDriverTestExecutionListener@75f9a35a, org.springframework.boot.test.autoconfigure.webservices.client.MockWebServiceServerTestExecutionListener@7acbd3d0, org.spockframework.spring.SpringMockTestExecutionListener@49d5c751]
00:26:25.950 [main] DEBUG org.springframework.test.annotation.ProfileValueUtils - Retrieved @ProfileValueSourceConfiguration [null] for test class [pt.ulisboa.tecnico.socialsoftware.tutor.question.service.RemoveTopicTest]
00:26:25.950 [main] DEBUG org.springframework.test.annotation.ProfileValueUtils - Retrieved ProfileValueSource type [class org.springframework.test.annotation.SystemProfileValueSource] for class [pt.ulisboa.tecnico.socialsoftware.tutor.question.service.RemoveTopicTest]
00:26:25.951 [main] DEBUG org.springframework.test.annotation.ProfileValueUtils - Retrieved @ProfileValueSourceConfiguration [null] for test class [pt.ulisboa.tecnico.socialsoftware.tutor.question.service.RemoveTopicTest]
00:26:25.951 [main] DEBUG org.springframework.test.annotation.ProfileValueUtils - Retrieved ProfileValueSource type [class org.springframework.test.annotation.SystemProfileValueSource] for class [pt.ulisboa.tecnico.socialsoftware.tutor.question.service.RemoveTopicTest]
00:26:25.951 [main] DEBUG org.springframework.test.annotation.ProfileValueUtils - Retrieved @ProfileValueSourceConfiguration [null] for test class [pt.ulisboa.tecnico.socialsoftware.tutor.question.service.RemoveTopicTest]
00:26:25.951 [main] DEBUG org.springframework.test.annotation.ProfileValueUtils - Retrieved ProfileValueSource type [class org.springframework.test.annotation.SystemProfileValueSource] for class [pt.ulisboa.tecnico.socialsoftware.tutor.question.service.RemoveTopicTest]
00:26:25.951 [main] DEBUG org.springframework.test.context.BootstrapUtils - Instantiating CacheAwareContextLoaderDelegate from class [org.springframework.test.context.cache.DefaultCacheAwareContextLoaderDelegate]
00:26:25.951 [main] DEBUG org.springframework.test.context.BootstrapUtils - Instantiating BootstrapContext using constructor [public org.springframework.test.context.support.DefaultBootstrapContext(java.lang.Class,org.springframework.test.context.CacheAwareContextLoaderDelegate)]
00:26:25.951 [main] DEBUG org.springframework.test.context.BootstrapUtils - Instantiating TestContextBootstrapper for test class [pt.ulisboa.tecnico.socialsoftware.tutor.question.service.RemoveTopicTest] from class [org.springframework.boot.test.autoconfigure.orm.jpa.DataJpaTestContextBootstrapper]
00:26:25.951 [main] INFO org.springframework.boot.test.autoconfigure.orm.jpa.DataJpaTestContextBootstrapper - Neither @ContextConfiguration nor @ContextHierarchy found for test class [pt.ulisboa.tecnico.socialsoftware.tutor.question.service.RemoveTopicTest], using SpringBootContextLoader
00:26:25.952 [main] DEBUG org.springframework.test.context.support.AbstractContextLoader - Did not detect default resource location for test class [pt.ulisboa.tecnico.socialsoftware.tutor.question.service.RemoveTopicTest]: class path resource [pt/ulisboa/tecnico/socialsoftware/tutor/question/service/RemoveTopicTest-context.xml] does not exist
00:26:25.953 [main] DEBUG org.springframework.test.context.support.AbstractContextLoader - Did not detect default resource location for test class [pt.ulisboa.tecnico.socialsoftware.tutor.question.service.RemoveTopicTest]: class path resource [pt/ulisboa/tecnico/socialsoftware/tutor/question/service/RemoveTopicTestContext.groovy] does not exist
00:26:25.953 [main] INFO org.springframework.test.context.support.AbstractContextLoader - Could not detect default resource locations for test class [pt.ulisboa.tecnico.socialsoftware.tutor.question.service.RemoveTopicTest]: no resource found for suffixes {-context.xml, Context.groovy}.
00:26:25.959 [main] DEBUG org.springframework.test.context.support.ActiveProfilesUtils - Could not find an 'annotation declaring class' for annotation type [org.springframework.test.context.ActiveProfiles] and class [pt.ulisboa.tecnico.socialsoftware.tutor.question.service.RemoveTopicTest]
00:26:25.960 [main] INFO org.springframework.boot.test.context.SpringBootTestContextBootstrapper - Found @SpringBootConfiguration pt.ulisboa.tecnico.socialsoftware.tutor.TutorTestApplication for test class pt.ulisboa.tecnico.socialsoftware.tutor.question.service.RemoveTopicTest
00:26:25.961 [main] DEBUG org.springframework.boot.test.autoconfigure.orm.jpa.DataJpaTestContextBootstrapper - @TestExecutionListeners is not present for class [pt.ulisboa.tecnico.socialsoftware.tutor.question.service.RemoveTopicTest]: using defaults.
00:26:25.961 [main] INFO org.springframework.boot.test.autoconfigure.orm.jpa.DataJpaTestContextBootstrapper - Loaded default TestExecutionListener class names from location [META-INF/spring.factories]: [org.springframework.boot.test.mock.mockito.MockitoTestExecutionListener, org.springframework.boot.test.mock.mockito.ResetMocksTestExecutionListener, org.springframework.boot.test.autoconfigure.restdocs.RestDocsTestExecutionListener, org.springframework.boot.test.autoconfigure.web.client.MockRestServiceServerResetTestExecutionListener, org.springframework.boot.test.autoconfigure.web.servlet.MockMvcPrintOnlyOnFailureTestExecutionListener, org.springframework.boot.test.autoconfigure.web.servlet.WebDriverTestExecutionListener, org.springframework.boot.test.autoconfigure.webservices.client.MockWebServiceServerTestExecutionListener, org.springframework.test.context.web.ServletTestExecutionListener, org.springframework.test.context.support.DirtiesContextBeforeModesTestExecutionListener, org.springframework.test.context.event.ApplicationEventsTestExecutionListener, org.springframework.test.context.support.DependencyInjectionTestExecutionListener, org.springframework.test.context.support.DirtiesContextTestExecutionListener, org.springframework.test.context.transaction.TransactionalTestExecutionListener, org.springframework.test.context.jdbc.SqlScriptsTestExecutionListener, org.springframework.test.context.event.EventPublishingTestExecutionListener, org.springframework.security.test.context.support.WithSecurityContextTestExecutionListener, org.springframework.security.test.context.support.ReactorContextTestExecutionListener, org.spockframework.spring.SpringMockTestExecutionListener]
00:26:25.964 [main] INFO org.springframework.boot.test.autoconfigure.orm.jpa.DataJpaTestContextBootstrapper - Using TestExecutionListeners: [org.springframework.test.context.web.ServletTestExecutionListener@40e90634, org.springframework.test.context.support.DirtiesContextBeforeModesTestExecutionListener@78b29e00, org.springframework.test.context.event.ApplicationEventsTestExecutionListener@5c438795, org.springframework.boot.test.mock.mockito.MockitoTestExecutionListener@3b4b2c03, org.springframework.boot.test.autoconfigure.SpringBootDependencyInjectionTestExecutionListener@339b45f8, org.springframework.test.context.support.DirtiesContextTestExecutionListener@5fb58f15, org.springframework.test.context.transaction.TransactionalTestExecutionListener@1f8ac459, org.springframework.test.context.jdbc.SqlScriptsTestExecutionListener@7d43c89f, org.springframework.test.context.event.EventPublishingTestExecutionListener@149ef64a, org.springframework.security.test.context.support.WithSecurityContextTestExecutionListener@67201eeb, org.springframework.security.test.context.support.ReactorContextTestExecutionListener@2e41b65a, org.springframework.boot.test.mock.mockito.ResetMocksTestExecutionListener@4d25943d, org.springframework.boot.test.autoconfigure.restdocs.RestDocsTestExecutionListener@2eea0775, org.springframework.boot.test.autoconfigure.web.client.MockRestServiceServerResetTestExecutionListener@495a9305, org.springframework.boot.test.autoconfigure.web.servlet.MockMvcPrintOnlyOnFailureTestExecutionListener@6a0a0f12, org.springframework.boot.test.autoconfigure.web.servlet.WebDriverTestExecutionListener@b6fea12, org.springframework.boot.test.autoconfigure.webservices.client.MockWebServiceServerTestExecutionListener@75c095a5, org.spockframework.spring.SpringMockTestExecutionListener@689fe2a3]
00:26:25.965 [main] DEBUG org.springframework.test.annotation.ProfileValueUtils - Retrieved @ProfileValueSourceConfiguration [null] for test class [pt.ulisboa.tecnico.socialsoftware.tutor.question.service.UpdateQuestionTest]
00:26:25.965 [main] DEBUG org.springframework.test.annotation.ProfileValueUtils - Retrieved ProfileValueSource type [class org.springframework.test.annotation.SystemProfileValueSource] for class [pt.ulisboa.tecnico.socialsoftware.tutor.question.service.UpdateQuestionTest]
00:26:25.965 [main] DEBUG org.springframework.test.annotation.ProfileValueUtils - Retrieved @ProfileValueSourceConfiguration [null] for test class [pt.ulisboa.tecnico.socialsoftware.tutor.question.service.UpdateQuestionTest]
00:26:25.965 [main] DEBUG org.springframework.test.annotation.ProfileValueUtils - Retrieved ProfileValueSource type [class org.springframework.test.annotation.SystemProfileValueSource] for class [pt.ulisboa.tecnico.socialsoftware.tutor.question.service.UpdateQuestionTest]
00:26:25.965 [main] DEBUG org.springframework.test.annotation.ProfileValueUtils - Retrieved @ProfileValueSourceConfiguration [null] for test class [pt.ulisboa.tecnico.socialsoftware.tutor.question.service.UpdateQuestionTest]
00:26:25.965 [main] DEBUG org.springframework.test.annotation.ProfileValueUtils - Retrieved ProfileValueSource type [class org.springframework.test.annotation.SystemProfileValueSource] for class [pt.ulisboa.tecnico.socialsoftware.tutor.question.service.UpdateQuestionTest]
00:26:25.965 [main] DEBUG org.springframework.test.annotation.ProfileValueUtils - Retrieved @ProfileValueSourceConfiguration [null] for test class [pt.ulisboa.tecnico.socialsoftware.tutor.question.service.UpdateQuestionTest]
00:26:25.965 [main] DEBUG org.springframework.test.annotation.ProfileValueUtils - Retrieved ProfileValueSource type [class org.springframework.test.annotation.SystemProfileValueSource] for class [pt.ulisboa.tecnico.socialsoftware.tutor.question.service.UpdateQuestionTest]
00:26:25.965 [main] DEBUG org.springframework.test.annotation.ProfileValueUtils - Retrieved @ProfileValueSourceConfiguration [null] for test class [pt.ulisboa.tecnico.socialsoftware.tutor.question.service.UpdateQuestionTest]
00:26:25.965 [main] DEBUG org.springframework.test.annotation.ProfileValueUtils - Retrieved ProfileValueSource type [class org.springframework.test.annotation.SystemProfileValueSource] for class [pt.ulisboa.tecnico.socialsoftware.tutor.question.service.UpdateQuestionTest]
00:26:25.966 [main] DEBUG org.springframework.test.context.BootstrapUtils - Instantiating CacheAwareContextLoaderDelegate from class [org.springframework.test.context.cache.DefaultCacheAwareContextLoaderDelegate]
00:26:25.966 [main] DEBUG org.springframework.test.context.BootstrapUtils - Instantiating BootstrapContext using constructor [public org.springframework.test.context.support.DefaultBootstrapContext(java.lang.Class,org.springframework.test.context.CacheAwareContextLoaderDelegate)]
00:26:25.966 [main] DEBUG org.springframework.test.context.BootstrapUtils - Instantiating TestContextBootstrapper for test class [pt.ulisboa.tecnico.socialsoftware.tutor.question.service.UpdateQuestionTest] from class [org.springframework.boot.test.autoconfigure.orm.jpa.DataJpaTestContextBootstrapper]
00:26:25.966 [main] INFO org.springframework.boot.test.autoconfigure.orm.jpa.DataJpaTestContextBootstrapper - Neither @ContextConfiguration nor @ContextHierarchy found for test class [pt.ulisboa.tecnico.socialsoftware.tutor.question.service.UpdateQuestionTest], using SpringBootContextLoader
00:26:25.969 [main] DEBUG org.springframework.test.context.support.AbstractContextLoader - Did not detect default resource location for test class [pt.ulisboa.tecnico.socialsoftware.tutor.question.service.UpdateQuestionTest]: class path resource [pt/ulisboa/tecnico/socialsoftware/tutor/question/service/UpdateQuestionTest-context.xml] does not exist
00:26:25.970 [main] DEBUG org.springframework.test.context.support.AbstractContextLoader - Did not detect default resource location for test class [pt.ulisboa.tecnico.socialsoftware.tutor.question.service.UpdateQuestionTest]: class path resource [pt/ulisboa/tecnico/socialsoftware/tutor/question/service/UpdateQuestionTestContext.groovy] does not exist
00:26:25.970 [main] INFO org.springframework.test.context.support.AbstractContextLoader - Could not detect default resource locations for test class [pt.ulisboa.tecnico.socialsoftware.tutor.question.service.UpdateQuestionTest]: no resource found for suffixes {-context.xml, Context.groovy}.
00:26:25.981 [main] DEBUG org.springframework.test.context.support.ActiveProfilesUtils - Could not find an 'annotation declaring class' for annotation type [org.springframework.test.context.ActiveProfiles] and class [pt.ulisboa.tecnico.socialsoftware.tutor.question.service.UpdateQuestionTest]
00:26:25.983 [main] INFO org.springframework.boot.test.context.SpringBootTestContextBootstrapper - Found @SpringBootConfiguration pt.ulisboa.tecnico.socialsoftware.tutor.TutorTestApplication for test class pt.ulisboa.tecnico.socialsoftware.tutor.question.service.UpdateQuestionTest
00:26:25.984 [main] DEBUG org.springframework.boot.test.autoconfigure.orm.jpa.DataJpaTestContextBootstrapper - @TestExecutionListeners is not present for class [pt.ulisboa.tecnico.socialsoftware.tutor.question.service.UpdateQuestionTest]: using defaults.
00:26:25.984 [main] INFO org.springframework.boot.test.autoconfigure.orm.jpa.DataJpaTestContextBootstrapper - Loaded default TestExecutionListener class names from location [META-INF/spring.factories]: [org.springframework.boot.test.mock.mockito.MockitoTestExecutionListener, org.springframework.boot.test.mock.mockito.ResetMocksTestExecutionListener, org.springframework.boot.test.autoconfigure.restdocs.RestDocsTestExecutionListener, org.springframework.boot.test.autoconfigure.web.client.MockRestServiceServerResetTestExecutionListener, org.springframework.boot.test.autoconfigure.web.servlet.MockMvcPrintOnlyOnFailureTestExecutionListener, org.springframework.boot.test.autoconfigure.web.servlet.WebDriverTestExecutionListener, org.springframework.boot.test.autoconfigure.webservices.client.MockWebServiceServerTestExecutionListener, org.springframework.test.context.web.ServletTestExecutionListener, org.springframework.test.context.support.DirtiesContextBeforeModesTestExecutionListener, org.springframework.test.context.event.ApplicationEventsTestExecutionListener, org.springframework.test.context.support.DependencyInjectionTestExecutionListener, org.springframework.test.context.support.DirtiesContextTestExecutionListener, org.springframework.test.context.transaction.TransactionalTestExecutionListener, org.springframework.test.context.jdbc.SqlScriptsTestExecutionListener, org.springframework.test.context.event.EventPublishingTestExecutionListener, org.springframework.security.test.context.support.WithSecurityContextTestExecutionListener, org.springframework.security.test.context.support.ReactorContextTestExecutionListener, org.spockframework.spring.SpringMockTestExecutionListener]
00:26:25.986 [main] INFO org.springframework.boot.test.autoconfigure.orm.jpa.DataJpaTestContextBootstrapper - Using TestExecutionListeners: [org.springframework.test.context.web.ServletTestExecutionListener@5257123d, org.springframework.test.context.support.DirtiesContextBeforeModesTestExecutionListener@261c5d1f, org.springframework.test.context.event.ApplicationEventsTestExecutionListener@570089c4, org.springframework.boot.test.mock.mockito.MockitoTestExecutionListener@409df37d, org.springframework.boot.test.autoconfigure.SpringBootDependencyInjectionTestExecutionListener@2ab1c7a9, org.springframework.test.context.support.DirtiesContextTestExecutionListener@6e818345, org.springframework.test.context.transaction.TransactionalTestExecutionListener@3d9c69f8, org.springframework.test.context.jdbc.SqlScriptsTestExecutionListener@1235732d, org.springframework.test.context.event.EventPublishingTestExecutionListener@369d624d, org.springframework.security.test.context.support.WithSecurityContextTestExecutionListener@54644470, org.springframework.security.test.context.support.ReactorContextTestExecutionListener@a6924ad, org.springframework.boot.test.mock.mockito.ResetMocksTestExecutionListener@33fc92d6, org.springframework.boot.test.autoconfigure.restdocs.RestDocsTestExecutionListener@6e2e11ee, org.springframework.boot.test.autoconfigure.web.client.MockRestServiceServerResetTestExecutionListener@189f9f9f, org.springframework.boot.test.autoconfigure.web.servlet.MockMvcPrintOnlyOnFailureTestExecutionListener@5b908c6d, org.springframework.boot.test.autoconfigure.web.servlet.WebDriverTestExecutionListener@c2ddfeb, org.springframework.boot.test.autoconfigure.webservices.client.MockWebServiceServerTestExecutionListener@12921ee1, org.spockframework.spring.SpringMockTestExecutionListener@7695184b]
00:26:25.987 [main] DEBUG org.springframework.test.annotation.ProfileValueUtils - Retrieved @ProfileValueSourceConfiguration [null] for test class [pt.ulisboa.tecnico.socialsoftware.tutor.question.service.UpdateTopicsTest]
00:26:25.987 [main] DEBUG org.springframework.test.annotation.ProfileValueUtils - Retrieved ProfileValueSource type [class org.springframework.test.annotation.SystemProfileValueSource] for class [pt.ulisboa.tecnico.socialsoftware.tutor.question.service.UpdateTopicsTest]
00:26:25.987 [main] DEBUG org.springframework.test.annotation.ProfileValueUtils - Retrieved @ProfileValueSourceConfiguration [null] for test class [pt.ulisboa.tecnico.socialsoftware.tutor.question.service.UpdateTopicsTest]
00:26:25.987 [main] DEBUG org.springframework.test.annotation.ProfileValueUtils - Retrieved ProfileValueSource type [class org.springframework.test.annotation.SystemProfileValueSource] for class [pt.ulisboa.tecnico.socialsoftware.tutor.question.service.UpdateTopicsTest]
00:26:25.987 [main] DEBUG org.springframework.test.annotation.ProfileValueUtils - Retrieved @ProfileValueSourceConfiguration [null] for test class [pt.ulisboa.tecnico.socialsoftware.tutor.question.service.UpdateTopicsTest]
00:26:25.987 [main] DEBUG org.springframework.test.annotation.ProfileValueUtils - Retrieved ProfileValueSource type [class org.springframework.test.annotation.SystemProfileValueSource] for class [pt.ulisboa.tecnico.socialsoftware.tutor.question.service.UpdateTopicsTest]
00:26:25.987 [main] DEBUG org.springframework.test.annotation.ProfileValueUtils - Retrieved @ProfileValueSourceConfiguration [null] for test class [pt.ulisboa.tecnico.socialsoftware.tutor.question.service.UpdateTopicsTest]
00:26:25.987 [main] DEBUG org.springframework.test.annotation.ProfileValueUtils - Retrieved ProfileValueSource type [class org.springframework.test.annotation.SystemProfileValueSource] for class [pt.ulisboa.tecnico.socialsoftware.tutor.question.service.UpdateTopicsTest]
00:26:25.987 [main] DEBUG org.springframework.test.annotation.ProfileValueUtils - Retrieved @ProfileValueSourceConfiguration [null] for test class [pt.ulisboa.tecnico.socialsoftware.tutor.question.service.UpdateTopicsTest]
00:26:25.987 [main] DEBUG org.springframework.test.annotation.ProfileValueUtils - Retrieved ProfileValueSource type [class org.springframework.test.annotation.SystemProfileValueSource] for class [pt.ulisboa.tecnico.socialsoftware.tutor.question.service.UpdateTopicsTest]
00:26:25.987 [main] DEBUG org.springframework.test.context.BootstrapUtils - Instantiating CacheAwareContextLoaderDelegate from class [org.springframework.test.context.cache.DefaultCacheAwareContextLoaderDelegate]
00:26:25.987 [main] DEBUG org.springframework.test.context.BootstrapUtils - Instantiating BootstrapContext using constructor [public org.springframework.test.context.support.DefaultBootstrapContext(java.lang.Class,org.springframework.test.context.CacheAwareContextLoaderDelegate)]
00:26:25.988 [main] DEBUG org.springframework.test.context.BootstrapUtils - Instantiating TestContextBootstrapper for test class [pt.ulisboa.tecnico.socialsoftware.tutor.question.service.UpdateTopicsTest] from class [org.springframework.boot.test.autoconfigure.orm.jpa.DataJpaTestContextBootstrapper]
00:26:25.988 [main] INFO org.springframework.boot.test.autoconfigure.orm.jpa.DataJpaTestContextBootstrapper - Neither @ContextConfiguration nor @ContextHierarchy found for test class [pt.ulisboa.tecnico.socialsoftware.tutor.question.service.UpdateTopicsTest], using SpringBootContextLoader
00:26:25.990 [main] DEBUG org.springframework.test.context.support.AbstractContextLoader - Did not detect default resource location for test class [pt.ulisboa.tecnico.socialsoftware.tutor.question.service.UpdateTopicsTest]: class path resource [pt/ulisboa/tecnico/socialsoftware/tutor/question/service/UpdateTopicsTest-context.xml] does not exist
00:26:25.991 [main] DEBUG org.springframework.test.context.support.AbstractContextLoader - Did not detect default resource location for test class [pt.ulisboa.tecnico.socialsoftware.tutor.question.service.UpdateTopicsTest]: class path resource [pt/ulisboa/tecnico/socialsoftware/tutor/question/service/UpdateTopicsTestContext.groovy] does not exist
00:26:25.991 [main] INFO org.springframework.test.context.support.AbstractContextLoader - Could not detect default resource locations for test class [pt.ulisboa.tecnico.socialsoftware.tutor.question.service.UpdateTopicsTest]: no resource found for suffixes {-context.xml, Context.groovy}.
00:26:25.996 [main] DEBUG org.springframework.test.context.support.ActiveProfilesUtils - Could not find an 'annotation declaring class' for annotation type [org.springframework.test.context.ActiveProfiles] and class [pt.ulisboa.tecnico.socialsoftware.tutor.question.service.UpdateTopicsTest]
00:26:25.997 [main] INFO org.springframework.boot.test.context.SpringBootTestContextBootstrapper - Found @SpringBootConfiguration pt.ulisboa.tecnico.socialsoftware.tutor.TutorTestApplication for test class pt.ulisboa.tecnico.socialsoftware.tutor.question.service.UpdateTopicsTest
00:26:25.998 [main] DEBUG org.springframework.boot.test.autoconfigure.orm.jpa.DataJpaTestContextBootstrapper - @TestExecutionListeners is not present for class [pt.ulisboa.tecnico.socialsoftware.tutor.question.service.UpdateTopicsTest]: using defaults.
00:26:25.998 [main] INFO org.springframework.boot.test.autoconfigure.orm.jpa.DataJpaTestContextBootstrapper - Loaded default TestExecutionListener class names from location [META-INF/spring.factories]: [org.springframework.boot.test.mock.mockito.MockitoTestExecutionListener, org.springframework.boot.test.mock.mockito.ResetMocksTestExecutionListener, org.springframework.boot.test.autoconfigure.restdocs.RestDocsTestExecutionListener, org.springframework.boot.test.autoconfigure.web.client.MockRestServiceServerResetTestExecutionListener, org.springframework.boot.test.autoconfigure.web.servlet.MockMvcPrintOnlyOnFailureTestExecutionListener, org.springframework.boot.test.autoconfigure.web.servlet.WebDriverTestExecutionListener, org.springframework.boot.test.autoconfigure.webservices.client.MockWebServiceServerTestExecutionListener, org.springframework.test.context.web.ServletTestExecutionListener, org.springframework.test.context.support.DirtiesContextBeforeModesTestExecutionListener, org.springframework.test.context.event.ApplicationEventsTestExecutionListener, org.springframework.test.context.support.DependencyInjectionTestExecutionListener, org.springframework.test.context.support.DirtiesContextTestExecutionListener, org.springframework.test.context.transaction.TransactionalTestExecutionListener, org.springframework.test.context.jdbc.SqlScriptsTestExecutionListener, org.springframework.test.context.event.EventPublishingTestExecutionListener, org.springframework.security.test.context.support.WithSecurityContextTestExecutionListener, org.springframework.security.test.context.support.ReactorContextTestExecutionListener, org.spockframework.spring.SpringMockTestExecutionListener]
00:26:25.999 [main] INFO org.springframework.boot.test.autoconfigure.orm.jpa.DataJpaTestContextBootstrapper - Using TestExecutionListeners: [org.springframework.test.context.web.ServletTestExecutionListener@29390110, org.springframework.test.context.support.DirtiesContextBeforeModesTestExecutionListener@4b89515b, org.springframework.test.context.event.ApplicationEventsTestExecutionListener@496e2bdd, org.springframework.boot.test.mock.mockito.MockitoTestExecutionListener@17e725fb, org.springframework.boot.test.autoconfigure.SpringBootDependencyInjectionTestExecutionListener@76379796, org.springframework.test.context.support.DirtiesContextTestExecutionListener@77350382, org.springframework.test.context.transaction.TransactionalTestExecutionListener@4fbdee7a, org.springframework.test.context.jdbc.SqlScriptsTestExecutionListener@615bd28b, org.springframework.test.context.event.EventPublishingTestExecutionListener@2b9a7211, org.springframework.security.test.context.support.WithSecurityContextTestExecutionListener@74ec4df3, org.springframework.security.test.context.support.ReactorContextTestExecutionListener@5482b32a, org.springframework.boot.test.mock.mockito.ResetMocksTestExecutionListener@6bf2ecbb, org.springframework.boot.test.autoconfigure.restdocs.RestDocsTestExecutionListener@1300112e, org.springframework.boot.test.autoconfigure.web.client.MockRestServiceServerResetTestExecutionListener@5955568, org.springframework.boot.test.autoconfigure.web.servlet.MockMvcPrintOnlyOnFailureTestExecutionListener@444fbd13, org.springframework.boot.test.autoconfigure.web.servlet.WebDriverTestExecutionListener@38241615, org.springframework.boot.test.autoconfigure.webservices.client.MockWebServiceServerTestExecutionListener@2b3ee95e, org.spockframework.spring.SpringMockTestExecutionListener@42fc744]
00:26:26.000 [main] DEBUG org.springframework.test.annotation.ProfileValueUtils - Retrieved @ProfileValueSourceConfiguration [null] for test class [pt.ulisboa.tecnico.socialsoftware.tutor.questionsubmission.service.CreateQuestionSubmissionTest]
00:26:26.000 [main] DEBUG org.springframework.test.annotation.ProfileValueUtils - Retrieved ProfileValueSource type [class org.springframework.test.annotation.SystemProfileValueSource] for class [pt.ulisboa.tecnico.socialsoftware.tutor.questionsubmission.service.CreateQuestionSubmissionTest]
00:26:26.000 [main] DEBUG org.springframework.test.annotation.ProfileValueUtils - Retrieved @ProfileValueSourceConfiguration [null] for test class [pt.ulisboa.tecnico.socialsoftware.tutor.questionsubmission.service.CreateQuestionSubmissionTest]
00:26:26.000 [main] DEBUG org.springframework.test.annotation.ProfileValueUtils - Retrieved ProfileValueSource type [class org.springframework.test.annotation.SystemProfileValueSource] for class [pt.ulisboa.tecnico.socialsoftware.tutor.questionsubmission.service.CreateQuestionSubmissionTest]
00:26:26.000 [main] DEBUG org.springframework.test.annotation.ProfileValueUtils - Retrieved @ProfileValueSourceConfiguration [null] for test class [pt.ulisboa.tecnico.socialsoftware.tutor.questionsubmission.service.CreateQuestionSubmissionTest]
00:26:26.000 [main] DEBUG org.springframework.test.annotation.ProfileValueUtils - Retrieved ProfileValueSource type [class org.springframework.test.annotation.SystemProfileValueSource] for class [pt.ulisboa.tecnico.socialsoftware.tutor.questionsubmission.service.CreateQuestionSubmissionTest]
00:26:26.000 [main] DEBUG org.springframework.test.context.BootstrapUtils - Instantiating CacheAwareContextLoaderDelegate from class [org.springframework.test.context.cache.DefaultCacheAwareContextLoaderDelegate]
00:26:26.001 [main] DEBUG org.springframework.test.context.BootstrapUtils - Instantiating BootstrapContext using constructor [public org.springframework.test.context.support.DefaultBootstrapContext(java.lang.Class,org.springframework.test.context.CacheAwareContextLoaderDelegate)]
00:26:26.001 [main] DEBUG org.springframework.test.context.BootstrapUtils - Instantiating TestContextBootstrapper for test class [pt.ulisboa.tecnico.socialsoftware.tutor.questionsubmission.service.CreateQuestionSubmissionTest] from class [org.springframework.boot.test.autoconfigure.orm.jpa.DataJpaTestContextBootstrapper]
00:26:26.002 [main] INFO org.springframework.boot.test.autoconfigure.orm.jpa.DataJpaTestContextBootstrapper - Neither @ContextConfiguration nor @ContextHierarchy found for test class [pt.ulisboa.tecnico.socialsoftware.tutor.questionsubmission.service.CreateQuestionSubmissionTest], using SpringBootContextLoader
00:26:26.004 [main] DEBUG org.springframework.test.context.support.AbstractContextLoader - Did not detect default resource location for test class [pt.ulisboa.tecnico.socialsoftware.tutor.questionsubmission.service.CreateQuestionSubmissionTest]: class path resource [pt/ulisboa/tecnico/socialsoftware/tutor/questionsubmission/service/CreateQuestionSubmissionTest-context.xml] does not exist
00:26:26.007 [main] DEBUG org.springframework.test.context.support.AbstractContextLoader - Did not detect default resource location for test class [pt.ulisboa.tecnico.socialsoftware.tutor.questionsubmission.service.CreateQuestionSubmissionTest]: class path resource [pt/ulisboa/tecnico/socialsoftware/tutor/questionsubmission/service/CreateQuestionSubmissionTestContext.groovy] does not exist
00:26:26.007 [main] INFO org.springframework.test.context.support.AbstractContextLoader - Could not detect default resource locations for test class [pt.ulisboa.tecnico.socialsoftware.tutor.questionsubmission.service.CreateQuestionSubmissionTest]: no resource found for suffixes {-context.xml, Context.groovy}.
00:26:26.011 [main] DEBUG org.springframework.test.context.support.ActiveProfilesUtils - Could not find an 'annotation declaring class' for annotation type [org.springframework.test.context.ActiveProfiles] and class [pt.ulisboa.tecnico.socialsoftware.tutor.questionsubmission.service.CreateQuestionSubmissionTest]
00:26:26.012 [main] INFO org.springframework.boot.test.context.SpringBootTestContextBootstrapper - Found @SpringBootConfiguration pt.ulisboa.tecnico.socialsoftware.tutor.TutorTestApplication for test class pt.ulisboa.tecnico.socialsoftware.tutor.questionsubmission.service.CreateQuestionSubmissionTest
00:26:26.013 [main] DEBUG org.springframework.boot.test.autoconfigure.orm.jpa.DataJpaTestContextBootstrapper - @TestExecutionListeners is not present for class [pt.ulisboa.tecnico.socialsoftware.tutor.questionsubmission.service.CreateQuestionSubmissionTest]: using defaults.
00:26:26.013 [main] INFO org.springframework.boot.test.autoconfigure.orm.jpa.DataJpaTestContextBootstrapper - Loaded default TestExecutionListener class names from location [META-INF/spring.factories]: [org.springframework.boot.test.mock.mockito.MockitoTestExecutionListener, org.springframework.boot.test.mock.mockito.ResetMocksTestExecutionListener, org.springframework.boot.test.autoconfigure.restdocs.RestDocsTestExecutionListener, org.springframework.boot.test.autoconfigure.web.client.MockRestServiceServerResetTestExecutionListener, org.springframework.boot.test.autoconfigure.web.servlet.MockMvcPrintOnlyOnFailureTestExecutionListener, org.springframework.boot.test.autoconfigure.web.servlet.WebDriverTestExecutionListener, org.springframework.boot.test.autoconfigure.webservices.client.MockWebServiceServerTestExecutionListener, org.springframework.test.context.web.ServletTestExecutionListener, org.springframework.test.context.support.DirtiesContextBeforeModesTestExecutionListener, org.springframework.test.context.event.ApplicationEventsTestExecutionListener, org.springframework.test.context.support.DependencyInjectionTestExecutionListener, org.springframework.test.context.support.DirtiesContextTestExecutionListener, org.springframework.test.context.transaction.TransactionalTestExecutionListener, org.springframework.test.context.jdbc.SqlScriptsTestExecutionListener, org.springframework.test.context.event.EventPublishingTestExecutionListener, org.springframework.security.test.context.support.WithSecurityContextTestExecutionListener, org.springframework.security.test.context.support.ReactorContextTestExecutionListener, org.spockframework.spring.SpringMockTestExecutionListener]
00:26:26.016 [main] INFO org.springframework.boot.test.autoconfigure.orm.jpa.DataJpaTestContextBootstrapper - Using TestExecutionListeners: [org.springframework.test.context.web.ServletTestExecutionListener@3db145f7, org.springframework.test.context.support.DirtiesContextBeforeModesTestExecutionListener@25bd68ea, org.springframework.test.context.event.ApplicationEventsTestExecutionListener@7915111a, org.springframework.boot.test.mock.mockito.MockitoTestExecutionListener@37aec9b, org.springframework.boot.test.autoconfigure.SpringBootDependencyInjectionTestExecutionListener@34538ffe, org.springframework.test.context.support.DirtiesContextTestExecutionListener@7ae75ba6, org.springframework.test.context.transaction.TransactionalTestExecutionListener@2bab1821, org.springframework.test.context.jdbc.SqlScriptsTestExecutionListener@7f6137fb, org.springframework.test.context.event.EventPublishingTestExecutionListener@57657b96, org.springframework.security.test.context.support.WithSecurityContextTestExecutionListener@179f30b7, org.springframework.security.test.context.support.ReactorContextTestExecutionListener@64864875, org.springframework.boot.test.mock.mockito.ResetMocksTestExecutionListener@12ae75f1, org.springframework.boot.test.autoconfigure.restdocs.RestDocsTestExecutionListener@6eeb15f9, org.springframework.boot.test.autoconfigure.web.client.MockRestServiceServerResetTestExecutionListener@1f8a1b, org.springframework.boot.test.autoconfigure.web.servlet.MockMvcPrintOnlyOnFailureTestExecutionListener@568cbf8d, org.springframework.boot.test.autoconfigure.web.servlet.WebDriverTestExecutionListener@376c5950, org.springframework.boot.test.autoconfigure.webservices.client.MockWebServiceServerTestExecutionListener@11ec699, org.spockframework.spring.SpringMockTestExecutionListener@7d2ddbf3]
00:26:26.016 [main] DEBUG org.springframework.test.annotation.ProfileValueUtils - Retrieved @ProfileValueSourceConfiguration [null] for test class [pt.ulisboa.tecnico.socialsoftware.tutor.questionsubmission.service.CreateReviewTest]
00:26:26.016 [main] DEBUG org.springframework.test.annotation.ProfileValueUtils - Retrieved ProfileValueSource type [class org.springframework.test.annotation.SystemProfileValueSource] for class [pt.ulisboa.tecnico.socialsoftware.tutor.questionsubmission.service.CreateReviewTest]
00:26:26.016 [main] DEBUG org.springframework.test.annotation.ProfileValueUtils - Retrieved @ProfileValueSourceConfiguration [null] for test class [pt.ulisboa.tecnico.socialsoftware.tutor.questionsubmission.service.CreateReviewTest]
00:26:26.016 [main] DEBUG org.springframework.test.annotation.ProfileValueUtils - Retrieved ProfileValueSource type [class org.springframework.test.annotation.SystemProfileValueSource] for class [pt.ulisboa.tecnico.socialsoftware.tutor.questionsubmission.service.CreateReviewTest]
00:26:26.016 [main] DEBUG org.springframework.test.annotation.ProfileValueUtils - Retrieved @ProfileValueSourceConfiguration [null] for test class [pt.ulisboa.tecnico.socialsoftware.tutor.questionsubmission.service.CreateReviewTest]
00:26:26.017 [main] DEBUG org.springframework.test.annotation.ProfileValueUtils - Retrieved ProfileValueSource type [class org.springframework.test.annotation.SystemProfileValueSource] for class [pt.ulisboa.tecnico.socialsoftware.tutor.questionsubmission.service.CreateReviewTest]
00:26:26.017 [main] DEBUG org.springframework.test.annotation.ProfileValueUtils - Retrieved @ProfileValueSourceConfiguration [null] for test class [pt.ulisboa.tecnico.socialsoftware.tutor.questionsubmission.service.CreateReviewTest]
00:26:26.017 [main] DEBUG org.springframework.test.annotation.ProfileValueUtils - Retrieved ProfileValueSource type [class org.springframework.test.annotation.SystemProfileValueSource] for class [pt.ulisboa.tecnico.socialsoftware.tutor.questionsubmission.service.CreateReviewTest]
00:26:26.017 [main] DEBUG org.springframework.test.context.BootstrapUtils - Instantiating CacheAwareContextLoaderDelegate from class [org.springframework.test.context.cache.DefaultCacheAwareContextLoaderDelegate]
00:26:26.017 [main] DEBUG org.springframework.test.context.BootstrapUtils - Instantiating BootstrapContext using constructor [public org.springframework.test.context.support.DefaultBootstrapContext(java.lang.Class,org.springframework.test.context.CacheAwareContextLoaderDelegate)]
00:26:26.017 [main] DEBUG org.springframework.test.context.BootstrapUtils - Instantiating TestContextBootstrapper for test class [pt.ulisboa.tecnico.socialsoftware.tutor.questionsubmission.service.CreateReviewTest] from class [org.springframework.boot.test.autoconfigure.orm.jpa.DataJpaTestContextBootstrapper]
00:26:26.017 [main] INFO org.springframework.boot.test.autoconfigure.orm.jpa.DataJpaTestContextBootstrapper - Neither @ContextConfiguration nor @ContextHierarchy found for test class [pt.ulisboa.tecnico.socialsoftware.tutor.questionsubmission.service.CreateReviewTest], using SpringBootContextLoader
00:26:26.018 [main] DEBUG org.springframework.test.context.support.AbstractContextLoader - Did not detect default resource location for test class [pt.ulisboa.tecnico.socialsoftware.tutor.questionsubmission.service.CreateReviewTest]: class path resource [pt/ulisboa/tecnico/socialsoftware/tutor/questionsubmission/service/CreateReviewTest-context.xml] does not exist
00:26:26.019 [main] DEBUG org.springframework.test.context.support.AbstractContextLoader - Did not detect default resource location for test class [pt.ulisboa.tecnico.socialsoftware.tutor.questionsubmission.service.CreateReviewTest]: class path resource [pt/ulisboa/tecnico/socialsoftware/tutor/questionsubmission/service/CreateReviewTestContext.groovy] does not exist
00:26:26.019 [main] INFO org.springframework.test.context.support.AbstractContextLoader - Could not detect default resource locations for test class [pt.ulisboa.tecnico.socialsoftware.tutor.questionsubmission.service.CreateReviewTest]: no resource found for suffixes {-context.xml, Context.groovy}.
00:26:26.028 [main] DEBUG org.springframework.test.context.support.ActiveProfilesUtils - Could not find an 'annotation declaring class' for annotation type [org.springframework.test.context.ActiveProfiles] and class [pt.ulisboa.tecnico.socialsoftware.tutor.questionsubmission.service.CreateReviewTest]
00:26:26.029 [main] INFO org.springframework.boot.test.context.SpringBootTestContextBootstrapper - Found @SpringBootConfiguration pt.ulisboa.tecnico.socialsoftware.tutor.TutorTestApplication for test class pt.ulisboa.tecnico.socialsoftware.tutor.questionsubmission.service.CreateReviewTest
00:26:26.029 [main] DEBUG org.springframework.boot.test.autoconfigure.orm.jpa.DataJpaTestContextBootstrapper - @TestExecutionListeners is not present for class [pt.ulisboa.tecnico.socialsoftware.tutor.questionsubmission.service.CreateReviewTest]: using defaults.
00:26:26.030 [main] INFO org.springframework.boot.test.autoconfigure.orm.jpa.DataJpaTestContextBootstrapper - Loaded default TestExecutionListener class names from location [META-INF/spring.factories]: [org.springframework.boot.test.mock.mockito.MockitoTestExecutionListener, org.springframework.boot.test.mock.mockito.ResetMocksTestExecutionListener, org.springframework.boot.test.autoconfigure.restdocs.RestDocsTestExecutionListener, org.springframework.boot.test.autoconfigure.web.client.MockRestServiceServerResetTestExecutionListener, org.springframework.boot.test.autoconfigure.web.servlet.MockMvcPrintOnlyOnFailureTestExecutionListener, org.springframework.boot.test.autoconfigure.web.servlet.WebDriverTestExecutionListener, org.springframework.boot.test.autoconfigure.webservices.client.MockWebServiceServerTestExecutionListener, org.springframework.test.context.web.ServletTestExecutionListener, org.springframework.test.context.support.DirtiesContextBeforeModesTestExecutionListener, org.springframework.test.context.event.ApplicationEventsTestExecutionListener, org.springframework.test.context.support.DependencyInjectionTestExecutionListener, org.springframework.test.context.support.DirtiesContextTestExecutionListener, org.springframework.test.context.transaction.TransactionalTestExecutionListener, org.springframework.test.context.jdbc.SqlScriptsTestExecutionListener, org.springframework.test.context.event.EventPublishingTestExecutionListener, org.springframework.security.test.context.support.WithSecurityContextTestExecutionListener, org.springframework.security.test.context.support.ReactorContextTestExecutionListener, org.spockframework.spring.SpringMockTestExecutionListener]
00:26:26.031 [main] INFO org.springframework.boot.test.autoconfigure.orm.jpa.DataJpaTestContextBootstrapper - Using TestExecutionListeners: [org.springframework.test.context.web.ServletTestExecutionListener@4eee730c, org.springframework.test.context.support.DirtiesContextBeforeModesTestExecutionListener@1b1d1558, org.springframework.test.context.event.ApplicationEventsTestExecutionListener@6cc022ac, org.springframework.boot.test.mock.mockito.MockitoTestExecutionListener@7f219e84, org.springframework.boot.test.autoconfigure.SpringBootDependencyInjectionTestExecutionListener@42eaf47f, org.springframework.test.context.support.DirtiesContextTestExecutionListener@312e8eaf, org.springframework.test.context.transaction.TransactionalTestExecutionListener@5c960f64, org.springframework.test.context.jdbc.SqlScriptsTestExecutionListener@2f307fcc, org.springframework.test.context.event.EventPublishingTestExecutionListener@3aec2f59, org.springframework.security.test.context.support.WithSecurityContextTestExecutionListener@7f72855d, org.springframework.security.test.context.support.ReactorContextTestExecutionListener@13f358f8, org.springframework.boot.test.mock.mockito.ResetMocksTestExecutionListener@3f119b55, org.springframework.boot.test.autoconfigure.restdocs.RestDocsTestExecutionListener@64dcfd09, org.springframework.boot.test.autoconfigure.web.client.MockRestServiceServerResetTestExecutionListener@fefd4a2, org.springframework.boot.test.autoconfigure.web.servlet.MockMvcPrintOnlyOnFailureTestExecutionListener@6d2693f, org.springframework.boot.test.autoconfigure.web.servlet.WebDriverTestExecutionListener@352a8183, org.springframework.boot.test.autoconfigure.webservices.client.MockWebServiceServerTestExecutionListener@361d169a, org.spockframework.spring.SpringMockTestExecutionListener@47a68e3f]
00:26:26.032 [main] DEBUG org.springframework.test.annotation.ProfileValueUtils - Retrieved @ProfileValueSourceConfiguration [null] for test class [pt.ulisboa.tecnico.socialsoftware.tutor.questionsubmission.service.GetAllStudentsQuestionSubmissionsInfoTest]
00:26:26.032 [main] DEBUG org.springframework.test.annotation.ProfileValueUtils - Retrieved ProfileValueSource type [class org.springframework.test.annotation.SystemProfileValueSource] for class [pt.ulisboa.tecnico.socialsoftware.tutor.questionsubmission.service.GetAllStudentsQuestionSubmissionsInfoTest]
00:26:26.033 [main] DEBUG org.springframework.test.annotation.ProfileValueUtils - Retrieved @ProfileValueSourceConfiguration [null] for test class [pt.ulisboa.tecnico.socialsoftware.tutor.questionsubmission.service.GetAllStudentsQuestionSubmissionsInfoTest]
00:26:26.033 [main] DEBUG org.springframework.test.annotation.ProfileValueUtils - Retrieved ProfileValueSource type [class org.springframework.test.annotation.SystemProfileValueSource] for class [pt.ulisboa.tecnico.socialsoftware.tutor.questionsubmission.service.GetAllStudentsQuestionSubmissionsInfoTest]
00:26:26.033 [main] DEBUG org.springframework.test.annotation.ProfileValueUtils - Retrieved @ProfileValueSourceConfiguration [null] for test class [pt.ulisboa.tecnico.socialsoftware.tutor.questionsubmission.service.GetAllStudentsQuestionSubmissionsInfoTest]
00:26:26.033 [main] DEBUG org.springframework.test.annotation.ProfileValueUtils - Retrieved ProfileValueSource type [class org.springframework.test.annotation.SystemProfileValueSource] for class [pt.ulisboa.tecnico.socialsoftware.tutor.questionsubmission.service.GetAllStudentsQuestionSubmissionsInfoTest]
00:26:26.033 [main] DEBUG org.springframework.test.context.BootstrapUtils - Instantiating CacheAwareContextLoaderDelegate from class [org.springframework.test.context.cache.DefaultCacheAwareContextLoaderDelegate]
00:26:26.033 [main] DEBUG org.springframework.test.context.BootstrapUtils - Instantiating BootstrapContext using constructor [public org.springframework.test.context.support.DefaultBootstrapContext(java.lang.Class,org.springframework.test.context.CacheAwareContextLoaderDelegate)]
00:26:26.033 [main] DEBUG org.springframework.test.context.BootstrapUtils - Instantiating TestContextBootstrapper for test class [pt.ulisboa.tecnico.socialsoftware.tutor.questionsubmission.service.GetAllStudentsQuestionSubmissionsInfoTest] from class [org.springframework.boot.test.autoconfigure.orm.jpa.DataJpaTestContextBootstrapper]
00:26:26.034 [main] INFO org.springframework.boot.test.autoconfigure.orm.jpa.DataJpaTestContextBootstrapper - Neither @ContextConfiguration nor @ContextHierarchy found for test class [pt.ulisboa.tecnico.socialsoftware.tutor.questionsubmission.service.GetAllStudentsQuestionSubmissionsInfoTest], using SpringBootContextLoader
00:26:26.034 [main] DEBUG org.springframework.test.context.support.AbstractContextLoader - Did not detect default resource location for test class [pt.ulisboa.tecnico.socialsoftware.tutor.questionsubmission.service.GetAllStudentsQuestionSubmissionsInfoTest]: class path resource [pt/ulisboa/tecnico/socialsoftware/tutor/questionsubmission/service/GetAllStudentsQuestionSubmissionsInfoTest-context.xml] does not exist
00:26:26.035 [main] DEBUG org.springframework.test.context.support.AbstractContextLoader - Did not detect default resource location for test class [pt.ulisboa.tecnico.socialsoftware.tutor.questionsubmission.service.GetAllStudentsQuestionSubmissionsInfoTest]: class path resource [pt/ulisboa/tecnico/socialsoftware/tutor/questionsubmission/service/GetAllStudentsQuestionSubmissionsInfoTestContext.groovy] does not exist
00:26:26.035 [main] INFO org.springframework.test.context.support.AbstractContextLoader - Could not detect default resource locations for test class [pt.ulisboa.tecnico.socialsoftware.tutor.questionsubmission.service.GetAllStudentsQuestionSubmissionsInfoTest]: no resource found for suffixes {-context.xml, Context.groovy}.
00:26:26.041 [main] DEBUG org.springframework.test.context.support.ActiveProfilesUtils - Could not find an 'annotation declaring class' for annotation type [org.springframework.test.context.ActiveProfiles] and class [pt.ulisboa.tecnico.socialsoftware.tutor.questionsubmission.service.GetAllStudentsQuestionSubmissionsInfoTest]
00:26:26.042 [main] INFO org.springframework.boot.test.context.SpringBootTestContextBootstrapper - Found @SpringBootConfiguration pt.ulisboa.tecnico.socialsoftware.tutor.TutorTestApplication for test class pt.ulisboa.tecnico.socialsoftware.tutor.questionsubmission.service.GetAllStudentsQuestionSubmissionsInfoTest
00:26:26.043 [main] DEBUG org.springframework.boot.test.autoconfigure.orm.jpa.DataJpaTestContextBootstrapper - @TestExecutionListeners is not present for class [pt.ulisboa.tecnico.socialsoftware.tutor.questionsubmission.service.GetAllStudentsQuestionSubmissionsInfoTest]: using defaults.
00:26:26.043 [main] INFO org.springframework.boot.test.autoconfigure.orm.jpa.DataJpaTestContextBootstrapper - Loaded default TestExecutionListener class names from location [META-INF/spring.factories]: [org.springframework.boot.test.mock.mockito.MockitoTestExecutionListener, org.springframework.boot.test.mock.mockito.ResetMocksTestExecutionListener, org.springframework.boot.test.autoconfigure.restdocs.RestDocsTestExecutionListener, org.springframework.boot.test.autoconfigure.web.client.MockRestServiceServerResetTestExecutionListener, org.springframework.boot.test.autoconfigure.web.servlet.MockMvcPrintOnlyOnFailureTestExecutionListener, org.springframework.boot.test.autoconfigure.web.servlet.WebDriverTestExecutionListener, org.springframework.boot.test.autoconfigure.webservices.client.MockWebServiceServerTestExecutionListener, org.springframework.test.context.web.ServletTestExecutionListener, org.springframework.test.context.support.DirtiesContextBeforeModesTestExecutionListener, org.springframework.test.context.event.ApplicationEventsTestExecutionListener, org.springframework.test.context.support.DependencyInjectionTestExecutionListener, org.springframework.test.context.support.DirtiesContextTestExecutionListener, org.springframework.test.context.transaction.TransactionalTestExecutionListener, org.springframework.test.context.jdbc.SqlScriptsTestExecutionListener, org.springframework.test.context.event.EventPublishingTestExecutionListener, org.springframework.security.test.context.support.WithSecurityContextTestExecutionListener, org.springframework.security.test.context.support.ReactorContextTestExecutionListener, org.spockframework.spring.SpringMockTestExecutionListener]
00:26:26.045 [main] INFO org.springframework.boot.test.autoconfigure.orm.jpa.DataJpaTestContextBootstrapper - Using TestExecutionListeners: [org.springframework.test.context.web.ServletTestExecutionListener@52288c65, org.springframework.test.context.support.DirtiesContextBeforeModesTestExecutionListener@33ef393a, org.springframework.test.context.event.ApplicationEventsTestExecutionListener@6d18401b, org.springframework.boot.test.mock.mockito.MockitoTestExecutionListener@1ebcfcf1, org.springframework.boot.test.autoconfigure.SpringBootDependencyInjectionTestExecutionListener@8e100e7, org.springframework.test.context.support.DirtiesContextTestExecutionListener@420dde28, org.springframework.test.context.transaction.TransactionalTestExecutionListener@6d3a56ea, org.springframework.test.context.jdbc.SqlScriptsTestExecutionListener@141874c8, org.springframework.test.context.event.EventPublishingTestExecutionListener@147ea894, org.springframework.security.test.context.support.WithSecurityContextTestExecutionListener@38aed8ad, org.springframework.security.test.context.support.ReactorContextTestExecutionListener@79c4454, org.springframework.boot.test.mock.mockito.ResetMocksTestExecutionListener@50f5ce5b, org.springframework.boot.test.autoconfigure.restdocs.RestDocsTestExecutionListener@31aee6d9, org.springframework.boot.test.autoconfigure.web.client.MockRestServiceServerResetTestExecutionListener@7f0b2bf1, org.springframework.boot.test.autoconfigure.web.servlet.MockMvcPrintOnlyOnFailureTestExecutionListener@1a507ea0, org.springframework.boot.test.autoconfigure.web.servlet.WebDriverTestExecutionListener@64a9fca7, org.springframework.boot.test.autoconfigure.webservices.client.MockWebServiceServerTestExecutionListener@22f756c5, org.spockframework.spring.SpringMockTestExecutionListener@485a5c9]
00:26:26.045 [main] DEBUG org.springframework.test.annotation.ProfileValueUtils - Retrieved @ProfileValueSourceConfiguration [null] for test class [pt.ulisboa.tecnico.socialsoftware.tutor.questionsubmission.service.GetCourseExecutionQuestionSubmissionsTest]
00:26:26.045 [main] DEBUG org.springframework.test.annotation.ProfileValueUtils - Retrieved ProfileValueSource type [class org.springframework.test.annotation.SystemProfileValueSource] for class [pt.ulisboa.tecnico.socialsoftware.tutor.questionsubmission.service.GetCourseExecutionQuestionSubmissionsTest]
00:26:26.045 [main] DEBUG org.springframework.test.annotation.ProfileValueUtils - Retrieved @ProfileValueSourceConfiguration [null] for test class [pt.ulisboa.tecnico.socialsoftware.tutor.questionsubmission.service.GetCourseExecutionQuestionSubmissionsTest]
00:26:26.045 [main] DEBUG org.springframework.test.annotation.ProfileValueUtils - Retrieved ProfileValueSource type [class org.springframework.test.annotation.SystemProfileValueSource] for class [pt.ulisboa.tecnico.socialsoftware.tutor.questionsubmission.service.GetCourseExecutionQuestionSubmissionsTest]
00:26:26.046 [main] DEBUG org.springframework.test.annotation.ProfileValueUtils - Retrieved @ProfileValueSourceConfiguration [null] for test class [pt.ulisboa.tecnico.socialsoftware.tutor.questionsubmission.service.GetCourseExecutionQuestionSubmissionsTest]
00:26:26.046 [main] DEBUG org.springframework.test.annotation.ProfileValueUtils - Retrieved ProfileValueSource type [class org.springframework.test.annotation.SystemProfileValueSource] for class [pt.ulisboa.tecnico.socialsoftware.tutor.questionsubmission.service.GetCourseExecutionQuestionSubmissionsTest]
00:26:26.046 [main] DEBUG org.springframework.test.annotation.ProfileValueUtils - Retrieved @ProfileValueSourceConfiguration [null] for test class [pt.ulisboa.tecnico.socialsoftware.tutor.questionsubmission.service.GetCourseExecutionQuestionSubmissionsTest]
00:26:26.046 [main] DEBUG org.springframework.test.annotation.ProfileValueUtils - Retrieved ProfileValueSource type [class org.springframework.test.annotation.SystemProfileValueSource] for class [pt.ulisboa.tecnico.socialsoftware.tutor.questionsubmission.service.GetCourseExecutionQuestionSubmissionsTest]
00:26:26.046 [main] DEBUG org.springframework.test.context.BootstrapUtils - Instantiating CacheAwareContextLoaderDelegate from class [org.springframework.test.context.cache.DefaultCacheAwareContextLoaderDelegate]
00:26:26.046 [main] DEBUG org.springframework.test.context.BootstrapUtils - Instantiating BootstrapContext using constructor [public org.springframework.test.context.support.DefaultBootstrapContext(java.lang.Class,org.springframework.test.context.CacheAwareContextLoaderDelegate)]
00:26:26.046 [main] DEBUG org.springframework.test.context.BootstrapUtils - Instantiating TestContextBootstrapper for test class [pt.ulisboa.tecnico.socialsoftware.tutor.questionsubmission.service.GetCourseExecutionQuestionSubmissionsTest] from class [org.springframework.boot.test.autoconfigure.orm.jpa.DataJpaTestContextBootstrapper]
00:26:26.047 [main] INFO org.springframework.boot.test.autoconfigure.orm.jpa.DataJpaTestContextBootstrapper - Neither @ContextConfiguration nor @ContextHierarchy found for test class [pt.ulisboa.tecnico.socialsoftware.tutor.questionsubmission.service.GetCourseExecutionQuestionSubmissionsTest], using SpringBootContextLoader
00:26:26.048 [main] DEBUG org.springframework.test.context.support.AbstractContextLoader - Did not detect default resource location for test class [pt.ulisboa.tecnico.socialsoftware.tutor.questionsubmission.service.GetCourseExecutionQuestionSubmissionsTest]: class path resource [pt/ulisboa/tecnico/socialsoftware/tutor/questionsubmission/service/GetCourseExecutionQuestionSubmissionsTest-context.xml] does not exist
00:26:26.049 [main] DEBUG org.springframework.test.context.support.AbstractContextLoader - Did not detect default resource location for test class [pt.ulisboa.tecnico.socialsoftware.tutor.questionsubmission.service.GetCourseExecutionQuestionSubmissionsTest]: class path resource [pt/ulisboa/tecnico/socialsoftware/tutor/questionsubmission/service/GetCourseExecutionQuestionSubmissionsTestContext.groovy] does not exist
00:26:26.049 [main] INFO org.springframework.test.context.support.AbstractContextLoader - Could not detect default resource locations for test class [pt.ulisboa.tecnico.socialsoftware.tutor.questionsubmission.service.GetCourseExecutionQuestionSubmissionsTest]: no resource found for suffixes {-context.xml, Context.groovy}.
00:26:26.055 [main] DEBUG org.springframework.test.context.support.ActiveProfilesUtils - Could not find an 'annotation declaring class' for annotation type [org.springframework.test.context.ActiveProfiles] and class [pt.ulisboa.tecnico.socialsoftware.tutor.questionsubmission.service.GetCourseExecutionQuestionSubmissionsTest]
00:26:26.058 [main] INFO org.springframework.boot.test.context.SpringBootTestContextBootstrapper - Found @SpringBootConfiguration pt.ulisboa.tecnico.socialsoftware.tutor.TutorTestApplication for test class pt.ulisboa.tecnico.socialsoftware.tutor.questionsubmission.service.GetCourseExecutionQuestionSubmissionsTest
00:26:26.059 [main] DEBUG org.springframework.boot.test.autoconfigure.orm.jpa.DataJpaTestContextBootstrapper - @TestExecutionListeners is not present for class [pt.ulisboa.tecnico.socialsoftware.tutor.questionsubmission.service.GetCourseExecutionQuestionSubmissionsTest]: using defaults.
00:26:26.059 [main] INFO org.springframework.boot.test.autoconfigure.orm.jpa.DataJpaTestContextBootstrapper - Loaded default TestExecutionListener class names from location [META-INF/spring.factories]: [org.springframework.boot.test.mock.mockito.MockitoTestExecutionListener, org.springframework.boot.test.mock.mockito.ResetMocksTestExecutionListener, org.springframework.boot.test.autoconfigure.restdocs.RestDocsTestExecutionListener, org.springframework.boot.test.autoconfigure.web.client.MockRestServiceServerResetTestExecutionListener, org.springframework.boot.test.autoconfigure.web.servlet.MockMvcPrintOnlyOnFailureTestExecutionListener, org.springframework.boot.test.autoconfigure.web.servlet.WebDriverTestExecutionListener, org.springframework.boot.test.autoconfigure.webservices.client.MockWebServiceServerTestExecutionListener, org.springframework.test.context.web.ServletTestExecutionListener, org.springframework.test.context.support.DirtiesContextBeforeModesTestExecutionListener, org.springframework.test.context.event.ApplicationEventsTestExecutionListener, org.springframework.test.context.support.DependencyInjectionTestExecutionListener, org.springframework.test.context.support.DirtiesContextTestExecutionListener, org.springframework.test.context.transaction.TransactionalTestExecutionListener, org.springframework.test.context.jdbc.SqlScriptsTestExecutionListener, org.springframework.test.context.event.EventPublishingTestExecutionListener, org.springframework.security.test.context.support.WithSecurityContextTestExecutionListener, org.springframework.security.test.context.support.ReactorContextTestExecutionListener, org.spockframework.spring.SpringMockTestExecutionListener]
00:26:26.064 [main] INFO org.springframework.boot.test.autoconfigure.orm.jpa.DataJpaTestContextBootstrapper - Using TestExecutionListeners: [org.springframework.test.context.web.ServletTestExecutionListener@1d397e87, org.springframework.test.context.support.DirtiesContextBeforeModesTestExecutionListener@36def543, org.springframework.test.context.event.ApplicationEventsTestExecutionListener@2e07dc23, org.springframework.boot.test.mock.mockito.MockitoTestExecutionListener@7859fc7, org.springframework.boot.test.autoconfigure.SpringBootDependencyInjectionTestExecutionListener@519e14f6, org.springframework.test.context.support.DirtiesContextTestExecutionListener@10ab976b, org.springframework.test.context.transaction.TransactionalTestExecutionListener@5da799, org.springframework.test.context.jdbc.SqlScriptsTestExecutionListener@2b0d6bf2, org.springframework.test.context.event.EventPublishingTestExecutionListener@a15e3c1, org.springframework.security.test.context.support.WithSecurityContextTestExecutionListener@46c92d27, org.springframework.security.test.context.support.ReactorContextTestExecutionListener@2bc52b08, org.springframework.boot.test.mock.mockito.ResetMocksTestExecutionListener@6b578779, org.springframework.boot.test.autoconfigure.restdocs.RestDocsTestExecutionListener@4e797a39, org.springframework.boot.test.autoconfigure.web.client.MockRestServiceServerResetTestExecutionListener@41d6d6c4, org.springframework.boot.test.autoconfigure.web.servlet.MockMvcPrintOnlyOnFailureTestExecutionListener@4349389d, org.springframework.boot.test.autoconfigure.web.servlet.WebDriverTestExecutionListener@147203c2, org.springframework.boot.test.autoconfigure.webservices.client.MockWebServiceServerTestExecutionListener@11df0bc7, org.spockframework.spring.SpringMockTestExecutionListener@66c88fce]
00:26:26.064 [main] DEBUG org.springframework.test.annotation.ProfileValueUtils - Retrieved @ProfileValueSourceConfiguration [null] for test class [pt.ulisboa.tecnico.socialsoftware.tutor.questionsubmission.service.GetQuestionSubmissionReviewsTest]
00:26:26.064 [main] DEBUG org.springframework.test.annotation.ProfileValueUtils - Retrieved ProfileValueSource type [class org.springframework.test.annotation.SystemProfileValueSource] for class [pt.ulisboa.tecnico.socialsoftware.tutor.questionsubmission.service.GetQuestionSubmissionReviewsTest]
00:26:26.064 [main] DEBUG org.springframework.test.annotation.ProfileValueUtils - Retrieved @ProfileValueSourceConfiguration [null] for test class [pt.ulisboa.tecnico.socialsoftware.tutor.questionsubmission.service.GetQuestionSubmissionReviewsTest]
00:26:26.064 [main] DEBUG org.springframework.test.annotation.ProfileValueUtils - Retrieved ProfileValueSource type [class org.springframework.test.annotation.SystemProfileValueSource] for class [pt.ulisboa.tecnico.socialsoftware.tutor.questionsubmission.service.GetQuestionSubmissionReviewsTest]
00:26:26.065 [main] DEBUG org.springframework.test.annotation.ProfileValueUtils - Retrieved @ProfileValueSourceConfiguration [null] for test class [pt.ulisboa.tecnico.socialsoftware.tutor.questionsubmission.service.GetQuestionSubmissionReviewsTest]
00:26:26.065 [main] DEBUG org.springframework.test.annotation.ProfileValueUtils - Retrieved ProfileValueSource type [class org.springframework.test.annotation.SystemProfileValueSource] for class [pt.ulisboa.tecnico.socialsoftware.tutor.questionsubmission.service.GetQuestionSubmissionReviewsTest]
00:26:26.065 [main] DEBUG org.springframework.test.context.BootstrapUtils - Instantiating CacheAwareContextLoaderDelegate from class [org.springframework.test.context.cache.DefaultCacheAwareContextLoaderDelegate]
00:26:26.065 [main] DEBUG org.springframework.test.context.BootstrapUtils - Instantiating BootstrapContext using constructor [public org.springframework.test.context.support.DefaultBootstrapContext(java.lang.Class,org.springframework.test.context.CacheAwareContextLoaderDelegate)]
00:26:26.065 [main] DEBUG org.springframework.test.context.BootstrapUtils - Instantiating TestContextBootstrapper for test class [pt.ulisboa.tecnico.socialsoftware.tutor.questionsubmission.service.GetQuestionSubmissionReviewsTest] from class [org.springframework.boot.test.autoconfigure.orm.jpa.DataJpaTestContextBootstrapper]
00:26:26.066 [main] INFO org.springframework.boot.test.autoconfigure.orm.jpa.DataJpaTestContextBootstrapper - Neither @ContextConfiguration nor @ContextHierarchy found for test class [pt.ulisboa.tecnico.socialsoftware.tutor.questionsubmission.service.GetQuestionSubmissionReviewsTest], using SpringBootContextLoader
00:26:26.067 [main] DEBUG org.springframework.test.context.support.AbstractContextLoader - Did not detect default resource location for test class [pt.ulisboa.tecnico.socialsoftware.tutor.questionsubmission.service.GetQuestionSubmissionReviewsTest]: class path resource [pt/ulisboa/tecnico/socialsoftware/tutor/questionsubmission/service/GetQuestionSubmissionReviewsTest-context.xml] does not exist
00:26:26.068 [main] DEBUG org.springframework.test.context.support.AbstractContextLoader - Did not detect default resource location for test class [pt.ulisboa.tecnico.socialsoftware.tutor.questionsubmission.service.GetQuestionSubmissionReviewsTest]: class path resource [pt/ulisboa/tecnico/socialsoftware/tutor/questionsubmission/service/GetQuestionSubmissionReviewsTestContext.groovy] does not exist
00:26:26.068 [main] INFO org.springframework.test.context.support.AbstractContextLoader - Could not detect default resource locations for test class [pt.ulisboa.tecnico.socialsoftware.tutor.questionsubmission.service.GetQuestionSubmissionReviewsTest]: no resource found for suffixes {-context.xml, Context.groovy}.
00:26:26.077 [main] DEBUG org.springframework.test.context.support.ActiveProfilesUtils - Could not find an 'annotation declaring class' for annotation type [org.springframework.test.context.ActiveProfiles] and class [pt.ulisboa.tecnico.socialsoftware.tutor.questionsubmission.service.GetQuestionSubmissionReviewsTest]
00:26:26.078 [main] INFO org.springframework.boot.test.context.SpringBootTestContextBootstrapper - Found @SpringBootConfiguration pt.ulisboa.tecnico.socialsoftware.tutor.TutorTestApplication for test class pt.ulisboa.tecnico.socialsoftware.tutor.questionsubmission.service.GetQuestionSubmissionReviewsTest
00:26:26.079 [main] DEBUG org.springframework.boot.test.autoconfigure.orm.jpa.DataJpaTestContextBootstrapper - @TestExecutionListeners is not present for class [pt.ulisboa.tecnico.socialsoftware.tutor.questionsubmission.service.GetQuestionSubmissionReviewsTest]: using defaults.
00:26:26.079 [main] INFO org.springframework.boot.test.autoconfigure.orm.jpa.DataJpaTestContextBootstrapper - Loaded default TestExecutionListener class names from location [META-INF/spring.factories]: [org.springframework.boot.test.mock.mockito.MockitoTestExecutionListener, org.springframework.boot.test.mock.mockito.ResetMocksTestExecutionListener, org.springframework.boot.test.autoconfigure.restdocs.RestDocsTestExecutionListener, org.springframework.boot.test.autoconfigure.web.client.MockRestServiceServerResetTestExecutionListener, org.springframework.boot.test.autoconfigure.web.servlet.MockMvcPrintOnlyOnFailureTestExecutionListener, org.springframework.boot.test.autoconfigure.web.servlet.WebDriverTestExecutionListener, org.springframework.boot.test.autoconfigure.webservices.client.MockWebServiceServerTestExecutionListener, org.springframework.test.context.web.ServletTestExecutionListener, org.springframework.test.context.support.DirtiesContextBeforeModesTestExecutionListener, org.springframework.test.context.event.ApplicationEventsTestExecutionListener, org.springframework.test.context.support.DependencyInjectionTestExecutionListener, org.springframework.test.context.support.DirtiesContextTestExecutionListener, org.springframework.test.context.transaction.TransactionalTestExecutionListener, org.springframework.test.context.jdbc.SqlScriptsTestExecutionListener, org.springframework.test.context.event.EventPublishingTestExecutionListener, org.springframework.security.test.context.support.WithSecurityContextTestExecutionListener, org.springframework.security.test.context.support.ReactorContextTestExecutionListener, org.spockframework.spring.SpringMockTestExecutionListener]
00:26:26.081 [main] INFO org.springframework.boot.test.autoconfigure.orm.jpa.DataJpaTestContextBootstrapper - Using TestExecutionListeners: [org.springframework.test.context.web.ServletTestExecutionListener@6ccfce5a, org.springframework.test.context.support.DirtiesContextBeforeModesTestExecutionListener@68a7bc12, org.springframework.test.context.event.ApplicationEventsTestExecutionListener@14f03f2, org.springframework.boot.test.mock.mockito.MockitoTestExecutionListener@235b4aea, org.springframework.boot.test.autoconfigure.SpringBootDependencyInjectionTestExecutionListener@31f4fdc5, org.springframework.test.context.support.DirtiesContextTestExecutionListener@64e680c5, org.springframework.test.context.transaction.TransactionalTestExecutionListener@1dcf5f38, org.springframework.test.context.jdbc.SqlScriptsTestExecutionListener@64ba5a71, org.springframework.test.context.event.EventPublishingTestExecutionListener@72b689f6, org.springframework.security.test.context.support.WithSecurityContextTestExecutionListener@2286dfcd, org.springframework.security.test.context.support.ReactorContextTestExecutionListener@4557723a, org.springframework.boot.test.mock.mockito.ResetMocksTestExecutionListener@7308d133, org.springframework.boot.test.autoconfigure.restdocs.RestDocsTestExecutionListener@35b70f9d, org.springframework.boot.test.autoconfigure.web.client.MockRestServiceServerResetTestExecutionListener@21dbd651, org.springframework.boot.test.autoconfigure.web.servlet.MockMvcPrintOnlyOnFailureTestExecutionListener@5f63a6f2, org.springframework.boot.test.autoconfigure.web.servlet.WebDriverTestExecutionListener@6a577564, org.springframework.boot.test.autoconfigure.webservices.client.MockWebServiceServerTestExecutionListener@67915454, org.spockframework.spring.SpringMockTestExecutionListener@18876fa9]
00:26:26.082 [main] DEBUG org.springframework.test.annotation.ProfileValueUtils - Retrieved @ProfileValueSourceConfiguration [null] for test class [pt.ulisboa.tecnico.socialsoftware.tutor.questionsubmission.service.GetStudentQuestionSubmissionsTest]
00:26:26.082 [main] DEBUG org.springframework.test.annotation.ProfileValueUtils - Retrieved ProfileValueSource type [class org.springframework.test.annotation.SystemProfileValueSource] for class [pt.ulisboa.tecnico.socialsoftware.tutor.questionsubmission.service.GetStudentQuestionSubmissionsTest]
00:26:26.082 [main] DEBUG org.springframework.test.annotation.ProfileValueUtils - Retrieved @ProfileValueSourceConfiguration [null] for test class [pt.ulisboa.tecnico.socialsoftware.tutor.questionsubmission.service.GetStudentQuestionSubmissionsTest]
00:26:26.082 [main] DEBUG org.springframework.test.annotation.ProfileValueUtils - Retrieved ProfileValueSource type [class org.springframework.test.annotation.SystemProfileValueSource] for class [pt.ulisboa.tecnico.socialsoftware.tutor.questionsubmission.service.GetStudentQuestionSubmissionsTest]
00:26:26.082 [main] DEBUG org.springframework.test.annotation.ProfileValueUtils - Retrieved @ProfileValueSourceConfiguration [null] for test class [pt.ulisboa.tecnico.socialsoftware.tutor.questionsubmission.service.GetStudentQuestionSubmissionsTest]
00:26:26.082 [main] DEBUG org.springframework.test.annotation.ProfileValueUtils - Retrieved ProfileValueSource type [class org.springframework.test.annotation.SystemProfileValueSource] for class [pt.ulisboa.tecnico.socialsoftware.tutor.questionsubmission.service.GetStudentQuestionSubmissionsTest]
00:26:26.082 [main] DEBUG org.springframework.test.annotation.ProfileValueUtils - Retrieved @ProfileValueSourceConfiguration [null] for test class [pt.ulisboa.tecnico.socialsoftware.tutor.questionsubmission.service.GetStudentQuestionSubmissionsTest]
00:26:26.082 [main] DEBUG org.springframework.test.annotation.ProfileValueUtils - Retrieved ProfileValueSource type [class org.springframework.test.annotation.SystemProfileValueSource] for class [pt.ulisboa.tecnico.socialsoftware.tutor.questionsubmission.service.GetStudentQuestionSubmissionsTest]
00:26:26.082 [main] DEBUG org.springframework.test.context.BootstrapUtils - Instantiating CacheAwareContextLoaderDelegate from class [org.springframework.test.context.cache.DefaultCacheAwareContextLoaderDelegate]
00:26:26.082 [main] DEBUG org.springframework.test.context.BootstrapUtils - Instantiating BootstrapContext using constructor [public org.springframework.test.context.support.DefaultBootstrapContext(java.lang.Class,org.springframework.test.context.CacheAwareContextLoaderDelegate)]
00:26:26.082 [main] DEBUG org.springframework.test.context.BootstrapUtils - Instantiating TestContextBootstrapper for test class [pt.ulisboa.tecnico.socialsoftware.tutor.questionsubmission.service.GetStudentQuestionSubmissionsTest] from class [org.springframework.boot.test.autoconfigure.orm.jpa.DataJpaTestContextBootstrapper]
00:26:26.083 [main] INFO org.springframework.boot.test.autoconfigure.orm.jpa.DataJpaTestContextBootstrapper - Neither @ContextConfiguration nor @ContextHierarchy found for test class [pt.ulisboa.tecnico.socialsoftware.tutor.questionsubmission.service.GetStudentQuestionSubmissionsTest], using SpringBootContextLoader
00:26:26.084 [main] DEBUG org.springframework.test.context.support.AbstractContextLoader - Did not detect default resource location for test class [pt.ulisboa.tecnico.socialsoftware.tutor.questionsubmission.service.GetStudentQuestionSubmissionsTest]: class path resource [pt/ulisboa/tecnico/socialsoftware/tutor/questionsubmission/service/GetStudentQuestionSubmissionsTest-context.xml] does not exist
00:26:26.085 [main] DEBUG org.springframework.test.context.support.AbstractContextLoader - Did not detect default resource location for test class [pt.ulisboa.tecnico.socialsoftware.tutor.questionsubmission.service.GetStudentQuestionSubmissionsTest]: class path resource [pt/ulisboa/tecnico/socialsoftware/tutor/questionsubmission/service/GetStudentQuestionSubmissionsTestContext.groovy] does not exist
00:26:26.085 [main] INFO org.springframework.test.context.support.AbstractContextLoader - Could not detect default resource locations for test class [pt.ulisboa.tecnico.socialsoftware.tutor.questionsubmission.service.GetStudentQuestionSubmissionsTest]: no resource found for suffixes {-context.xml, Context.groovy}.
00:26:26.089 [main] DEBUG org.springframework.test.context.support.ActiveProfilesUtils - Could not find an 'annotation declaring class' for annotation type [org.springframework.test.context.ActiveProfiles] and class [pt.ulisboa.tecnico.socialsoftware.tutor.questionsubmission.service.GetStudentQuestionSubmissionsTest]
00:26:26.090 [main] INFO org.springframework.boot.test.context.SpringBootTestContextBootstrapper - Found @SpringBootConfiguration pt.ulisboa.tecnico.socialsoftware.tutor.TutorTestApplication for test class pt.ulisboa.tecnico.socialsoftware.tutor.questionsubmission.service.GetStudentQuestionSubmissionsTest
00:26:26.092 [main] DEBUG org.springframework.boot.test.autoconfigure.orm.jpa.DataJpaTestContextBootstrapper - @TestExecutionListeners is not present for class [pt.ulisboa.tecnico.socialsoftware.tutor.questionsubmission.service.GetStudentQuestionSubmissionsTest]: using defaults.
00:26:26.092 [main] INFO org.springframework.boot.test.autoconfigure.orm.jpa.DataJpaTestContextBootstrapper - Loaded default TestExecutionListener class names from location [META-INF/spring.factories]: [org.springframework.boot.test.mock.mockito.MockitoTestExecutionListener, org.springframework.boot.test.mock.mockito.ResetMocksTestExecutionListener, org.springframework.boot.test.autoconfigure.restdocs.RestDocsTestExecutionListener, org.springframework.boot.test.autoconfigure.web.client.MockRestServiceServerResetTestExecutionListener, org.springframework.boot.test.autoconfigure.web.servlet.MockMvcPrintOnlyOnFailureTestExecutionListener, org.springframework.boot.test.autoconfigure.web.servlet.WebDriverTestExecutionListener, org.springframework.boot.test.autoconfigure.webservices.client.MockWebServiceServerTestExecutionListener, org.springframework.test.context.web.ServletTestExecutionListener, org.springframework.test.context.support.DirtiesContextBeforeModesTestExecutionListener, org.springframework.test.context.event.ApplicationEventsTestExecutionListener, org.springframework.test.context.support.DependencyInjectionTestExecutionListener, org.springframework.test.context.support.DirtiesContextTestExecutionListener, org.springframework.test.context.transaction.TransactionalTestExecutionListener, org.springframework.test.context.jdbc.SqlScriptsTestExecutionListener, org.springframework.test.context.event.EventPublishingTestExecutionListener, org.springframework.security.test.context.support.WithSecurityContextTestExecutionListener, org.springframework.security.test.context.support.ReactorContextTestExecutionListener, org.spockframework.spring.SpringMockTestExecutionListener]
00:26:26.094 [main] INFO org.springframework.boot.test.autoconfigure.orm.jpa.DataJpaTestContextBootstrapper - Using TestExecutionListeners: [org.springframework.test.context.web.ServletTestExecutionListener@5a110e7d, org.springframework.test.context.support.DirtiesContextBeforeModesTestExecutionListener@b3cbc0e, org.springframework.test.context.event.ApplicationEventsTestExecutionListener@66e27ac9, org.springframework.boot.test.mock.mockito.MockitoTestExecutionListener@453bbb9b, org.springframework.boot.test.autoconfigure.SpringBootDependencyInjectionTestExecutionListener@170b27a7, org.springframework.test.context.support.DirtiesContextTestExecutionListener@79392584, org.springframework.test.context.transaction.TransactionalTestExecutionListener@cf82c58, org.springframework.test.context.jdbc.SqlScriptsTestExecutionListener@1407b93f, org.springframework.test.context.event.EventPublishingTestExecutionListener@5aff8207, org.springframework.security.test.context.support.WithSecurityContextTestExecutionListener@6a5a99d9, org.springframework.security.test.context.support.ReactorContextTestExecutionListener@278df226, org.springframework.boot.test.mock.mockito.ResetMocksTestExecutionListener@eea69a9, org.springframework.boot.test.autoconfigure.restdocs.RestDocsTestExecutionListener@28a33dc9, org.springframework.boot.test.autoconfigure.web.client.MockRestServiceServerResetTestExecutionListener@1609ed55, org.springframework.boot.test.autoconfigure.web.servlet.MockMvcPrintOnlyOnFailureTestExecutionListener@5edd2170, org.springframework.boot.test.autoconfigure.web.servlet.WebDriverTestExecutionListener@327ac23, org.springframework.boot.test.autoconfigure.webservices.client.MockWebServiceServerTestExecutionListener@32db94fb, org.spockframework.spring.SpringMockTestExecutionListener@6b61a4b0]
00:26:26.095 [main] DEBUG org.springframework.test.annotation.ProfileValueUtils - Retrieved @ProfileValueSourceConfiguration [null] for test class [pt.ulisboa.tecnico.socialsoftware.tutor.questionsubmission.service.RemoveQuestionSubmissionTest]
00:26:26.095 [main] DEBUG org.springframework.test.annotation.ProfileValueUtils - Retrieved ProfileValueSource type [class org.springframework.test.annotation.SystemProfileValueSource] for class [pt.ulisboa.tecnico.socialsoftware.tutor.questionsubmission.service.RemoveQuestionSubmissionTest]
00:26:26.095 [main] DEBUG org.springframework.test.annotation.ProfileValueUtils - Retrieved @ProfileValueSourceConfiguration [null] for test class [pt.ulisboa.tecnico.socialsoftware.tutor.questionsubmission.service.RemoveQuestionSubmissionTest]
00:26:26.095 [main] DEBUG org.springframework.test.annotation.ProfileValueUtils - Retrieved ProfileValueSource type [class org.springframework.test.annotation.SystemProfileValueSource] for class [pt.ulisboa.tecnico.socialsoftware.tutor.questionsubmission.service.RemoveQuestionSubmissionTest]
00:26:26.095 [main] DEBUG org.springframework.test.annotation.ProfileValueUtils - Retrieved @ProfileValueSourceConfiguration [null] for test class [pt.ulisboa.tecnico.socialsoftware.tutor.questionsubmission.service.RemoveQuestionSubmissionTest]
00:26:26.095 [main] DEBUG org.springframework.test.annotation.ProfileValueUtils - Retrieved ProfileValueSource type [class org.springframework.test.annotation.SystemProfileValueSource] for class [pt.ulisboa.tecnico.socialsoftware.tutor.questionsubmission.service.RemoveQuestionSubmissionTest]
00:26:26.095 [main] DEBUG org.springframework.test.context.BootstrapUtils - Instantiating CacheAwareContextLoaderDelegate from class [org.springframework.test.context.cache.DefaultCacheAwareContextLoaderDelegate]
00:26:26.095 [main] DEBUG org.springframework.test.context.BootstrapUtils - Instantiating BootstrapContext using constructor [public org.springframework.test.context.support.DefaultBootstrapContext(java.lang.Class,org.springframework.test.context.CacheAwareContextLoaderDelegate)]
00:26:26.095 [main] DEBUG org.springframework.test.context.BootstrapUtils - Instantiating TestContextBootstrapper for test class [pt.ulisboa.tecnico.socialsoftware.tutor.questionsubmission.service.RemoveQuestionSubmissionTest] from class [org.springframework.boot.test.autoconfigure.orm.jpa.DataJpaTestContextBootstrapper]
00:26:26.096 [main] INFO org.springframework.boot.test.autoconfigure.orm.jpa.DataJpaTestContextBootstrapper - Neither @ContextConfiguration nor @ContextHierarchy found for test class [pt.ulisboa.tecnico.socialsoftware.tutor.questionsubmission.service.RemoveQuestionSubmissionTest], using SpringBootContextLoader
00:26:26.097 [main] DEBUG org.springframework.test.context.support.AbstractContextLoader - Did not detect default resource location for test class [pt.ulisboa.tecnico.socialsoftware.tutor.questionsubmission.service.RemoveQuestionSubmissionTest]: class path resource [pt/ulisboa/tecnico/socialsoftware/tutor/questionsubmission/service/RemoveQuestionSubmissionTest-context.xml] does not exist
00:26:26.097 [main] DEBUG org.springframework.test.context.support.AbstractContextLoader - Did not detect default resource location for test class [pt.ulisboa.tecnico.socialsoftware.tutor.questionsubmission.service.RemoveQuestionSubmissionTest]: class path resource [pt/ulisboa/tecnico/socialsoftware/tutor/questionsubmission/service/RemoveQuestionSubmissionTestContext.groovy] does not exist
00:26:26.098 [main] INFO org.springframework.test.context.support.AbstractContextLoader - Could not detect default resource locations for test class [pt.ulisboa.tecnico.socialsoftware.tutor.questionsubmission.service.RemoveQuestionSubmissionTest]: no resource found for suffixes {-context.xml, Context.groovy}.
00:26:26.102 [main] DEBUG org.springframework.test.context.support.ActiveProfilesUtils - Could not find an 'annotation declaring class' for annotation type [org.springframework.test.context.ActiveProfiles] and class [pt.ulisboa.tecnico.socialsoftware.tutor.questionsubmission.service.RemoveQuestionSubmissionTest]
00:26:26.102 [main] INFO org.springframework.boot.test.context.SpringBootTestContextBootstrapper - Found @SpringBootConfiguration pt.ulisboa.tecnico.socialsoftware.tutor.TutorTestApplication for test class pt.ulisboa.tecnico.socialsoftware.tutor.questionsubmission.service.RemoveQuestionSubmissionTest
00:26:26.104 [main] DEBUG org.springframework.boot.test.autoconfigure.orm.jpa.DataJpaTestContextBootstrapper - @TestExecutionListeners is not present for class [pt.ulisboa.tecnico.socialsoftware.tutor.questionsubmission.service.RemoveQuestionSubmissionTest]: using defaults.
00:26:26.104 [main] INFO org.springframework.boot.test.autoconfigure.orm.jpa.DataJpaTestContextBootstrapper - Loaded default TestExecutionListener class names from location [META-INF/spring.factories]: [org.springframework.boot.test.mock.mockito.MockitoTestExecutionListener, org.springframework.boot.test.mock.mockito.ResetMocksTestExecutionListener, org.springframework.boot.test.autoconfigure.restdocs.RestDocsTestExecutionListener, org.springframework.boot.test.autoconfigure.web.client.MockRestServiceServerResetTestExecutionListener, org.springframework.boot.test.autoconfigure.web.servlet.MockMvcPrintOnlyOnFailureTestExecutionListener, org.springframework.boot.test.autoconfigure.web.servlet.WebDriverTestExecutionListener, org.springframework.boot.test.autoconfigure.webservices.client.MockWebServiceServerTestExecutionListener, org.springframework.test.context.web.ServletTestExecutionListener, org.springframework.test.context.support.DirtiesContextBeforeModesTestExecutionListener, org.springframework.test.context.event.ApplicationEventsTestExecutionListener, org.springframework.test.context.support.DependencyInjectionTestExecutionListener, org.springframework.test.context.support.DirtiesContextTestExecutionListener, org.springframework.test.context.transaction.TransactionalTestExecutionListener, org.springframework.test.context.jdbc.SqlScriptsTestExecutionListener, org.springframework.test.context.event.EventPublishingTestExecutionListener, org.springframework.security.test.context.support.WithSecurityContextTestExecutionListener, org.springframework.security.test.context.support.ReactorContextTestExecutionListener, org.spockframework.spring.SpringMockTestExecutionListener]
00:26:26.106 [main] INFO org.springframework.boot.test.autoconfigure.orm.jpa.DataJpaTestContextBootstrapper - Using TestExecutionListeners: [org.springframework.test.context.web.ServletTestExecutionListener@5c00de0d, org.springframework.test.context.support.DirtiesContextBeforeModesTestExecutionListener@6278371a, org.springframework.test.context.event.ApplicationEventsTestExecutionListener@c6a1be2, org.springframework.boot.test.mock.mockito.MockitoTestExecutionListener@6a486afb, org.springframework.boot.test.autoconfigure.SpringBootDependencyInjectionTestExecutionListener@30623109, org.springframework.test.context.support.DirtiesContextTestExecutionListener@138110f8, org.springframework.test.context.transaction.TransactionalTestExecutionListener@4fe8ac61, org.springframework.test.context.jdbc.SqlScriptsTestExecutionListener@665e18d5, org.springframework.test.context.event.EventPublishingTestExecutionListener@4795876e, org.springframework.security.test.context.support.WithSecurityContextTestExecutionListener@5c8859b4, org.springframework.security.test.context.support.ReactorContextTestExecutionListener@56897de0, org.springframework.boot.test.mock.mockito.ResetMocksTestExecutionListener@40874f54, org.springframework.boot.test.autoconfigure.restdocs.RestDocsTestExecutionListener@2bc21edd, org.springframework.boot.test.autoconfigure.web.client.MockRestServiceServerResetTestExecutionListener@3599b7e8, org.springframework.boot.test.autoconfigure.web.servlet.MockMvcPrintOnlyOnFailureTestExecutionListener@2862bac6, org.springframework.boot.test.autoconfigure.web.servlet.WebDriverTestExecutionListener@52e5ad71, org.springframework.boot.test.autoconfigure.webservices.client.MockWebServiceServerTestExecutionListener@696a6506, org.spockframework.spring.SpringMockTestExecutionListener@1134a934]
00:26:26.106 [main] DEBUG org.springframework.test.annotation.ProfileValueUtils - Retrieved @ProfileValueSourceConfiguration [null] for test class [pt.ulisboa.tecnico.socialsoftware.tutor.questionsubmission.service.ToggleNotificationReadTest]
00:26:26.107 [main] DEBUG org.springframework.test.annotation.ProfileValueUtils - Retrieved ProfileValueSource type [class org.springframework.test.annotation.SystemProfileValueSource] for class [pt.ulisboa.tecnico.socialsoftware.tutor.questionsubmission.service.ToggleNotificationReadTest]
00:26:26.107 [main] DEBUG org.springframework.test.annotation.ProfileValueUtils - Retrieved @ProfileValueSourceConfiguration [null] for test class [pt.ulisboa.tecnico.socialsoftware.tutor.questionsubmission.service.ToggleNotificationReadTest]
00:26:26.107 [main] DEBUG org.springframework.test.annotation.ProfileValueUtils - Retrieved ProfileValueSource type [class org.springframework.test.annotation.SystemProfileValueSource] for class [pt.ulisboa.tecnico.socialsoftware.tutor.questionsubmission.service.ToggleNotificationReadTest]
00:26:26.107 [main] DEBUG org.springframework.test.context.BootstrapUtils - Instantiating CacheAwareContextLoaderDelegate from class [org.springframework.test.context.cache.DefaultCacheAwareContextLoaderDelegate]
00:26:26.107 [main] DEBUG org.springframework.test.context.BootstrapUtils - Instantiating BootstrapContext using constructor [public org.springframework.test.context.support.DefaultBootstrapContext(java.lang.Class,org.springframework.test.context.CacheAwareContextLoaderDelegate)]
00:26:26.107 [main] DEBUG org.springframework.test.context.BootstrapUtils - Instantiating TestContextBootstrapper for test class [pt.ulisboa.tecnico.socialsoftware.tutor.questionsubmission.service.ToggleNotificationReadTest] from class [org.springframework.boot.test.autoconfigure.orm.jpa.DataJpaTestContextBootstrapper]
00:26:26.107 [main] INFO org.springframework.boot.test.autoconfigure.orm.jpa.DataJpaTestContextBootstrapper - Neither @ContextConfiguration nor @ContextHierarchy found for test class [pt.ulisboa.tecnico.socialsoftware.tutor.questionsubmission.service.ToggleNotificationReadTest], using SpringBootContextLoader
00:26:26.108 [main] DEBUG org.springframework.test.context.support.AbstractContextLoader - Did not detect default resource location for test class [pt.ulisboa.tecnico.socialsoftware.tutor.questionsubmission.service.ToggleNotificationReadTest]: class path resource [pt/ulisboa/tecnico/socialsoftware/tutor/questionsubmission/service/ToggleNotificationReadTest-context.xml] does not exist
00:26:26.109 [main] DEBUG org.springframework.test.context.support.AbstractContextLoader - Did not detect default resource location for test class [pt.ulisboa.tecnico.socialsoftware.tutor.questionsubmission.service.ToggleNotificationReadTest]: class path resource [pt/ulisboa/tecnico/socialsoftware/tutor/questionsubmission/service/ToggleNotificationReadTestContext.groovy] does not exist
00:26:26.109 [main] INFO org.springframework.test.context.support.AbstractContextLoader - Could not detect default resource locations for test class [pt.ulisboa.tecnico.socialsoftware.tutor.questionsubmission.service.ToggleNotificationReadTest]: no resource found for suffixes {-context.xml, Context.groovy}.
00:26:26.113 [main] DEBUG org.springframework.test.context.support.ActiveProfilesUtils - Could not find an 'annotation declaring class' for annotation type [org.springframework.test.context.ActiveProfiles] and class [pt.ulisboa.tecnico.socialsoftware.tutor.questionsubmission.service.ToggleNotificationReadTest]
00:26:26.114 [main] INFO org.springframework.boot.test.context.SpringBootTestContextBootstrapper - Found @SpringBootConfiguration pt.ulisboa.tecnico.socialsoftware.tutor.TutorTestApplication for test class pt.ulisboa.tecnico.socialsoftware.tutor.questionsubmission.service.ToggleNotificationReadTest
00:26:26.115 [main] DEBUG org.springframework.boot.test.autoconfigure.orm.jpa.DataJpaTestContextBootstrapper - @TestExecutionListeners is not present for class [pt.ulisboa.tecnico.socialsoftware.tutor.questionsubmission.service.ToggleNotificationReadTest]: using defaults.
00:26:26.115 [main] INFO org.springframework.boot.test.autoconfigure.orm.jpa.DataJpaTestContextBootstrapper - Loaded default TestExecutionListener class names from location [META-INF/spring.factories]: [org.springframework.boot.test.mock.mockito.MockitoTestExecutionListener, org.springframework.boot.test.mock.mockito.ResetMocksTestExecutionListener, org.springframework.boot.test.autoconfigure.restdocs.RestDocsTestExecutionListener, org.springframework.boot.test.autoconfigure.web.client.MockRestServiceServerResetTestExecutionListener, org.springframework.boot.test.autoconfigure.web.servlet.MockMvcPrintOnlyOnFailureTestExecutionListener, org.springframework.boot.test.autoconfigure.web.servlet.WebDriverTestExecutionListener, org.springframework.boot.test.autoconfigure.webservices.client.MockWebServiceServerTestExecutionListener, org.springframework.test.context.web.ServletTestExecutionListener, org.springframework.test.context.support.DirtiesContextBeforeModesTestExecutionListener, org.springframework.test.context.event.ApplicationEventsTestExecutionListener, org.springframework.test.context.support.DependencyInjectionTestExecutionListener, org.springframework.test.context.support.DirtiesContextTestExecutionListener, org.springframework.test.context.transaction.TransactionalTestExecutionListener, org.springframework.test.context.jdbc.SqlScriptsTestExecutionListener, org.springframework.test.context.event.EventPublishingTestExecutionListener, org.springframework.security.test.context.support.WithSecurityContextTestExecutionListener, org.springframework.security.test.context.support.ReactorContextTestExecutionListener, org.spockframework.spring.SpringMockTestExecutionListener]
00:26:26.116 [main] INFO org.springframework.boot.test.autoconfigure.orm.jpa.DataJpaTestContextBootstrapper - Using TestExecutionListeners: [org.springframework.test.context.web.ServletTestExecutionListener@2cbd855e, org.springframework.test.context.support.DirtiesContextBeforeModesTestExecutionListener@534c3b9d, org.springframework.test.context.event.ApplicationEventsTestExecutionListener@69b436a7, org.springframework.boot.test.mock.mockito.MockitoTestExecutionListener@5dfd4fac, org.springframework.boot.test.autoconfigure.SpringBootDependencyInjectionTestExecutionListener@1d2aa638, org.springframework.test.context.support.DirtiesContextTestExecutionListener@2f08e6d3, org.springframework.test.context.transaction.TransactionalTestExecutionListener@67c1fc9b, org.springframework.test.context.jdbc.SqlScriptsTestExecutionListener@50f65fe0, org.springframework.test.context.event.EventPublishingTestExecutionListener@18a538a0, org.springframework.security.test.context.support.WithSecurityContextTestExecutionListener@70736b19, org.springframework.security.test.context.support.ReactorContextTestExecutionListener@183e64a8, org.springframework.boot.test.mock.mockito.ResetMocksTestExecutionListener@7a553110, org.springframework.boot.test.autoconfigure.restdocs.RestDocsTestExecutionListener@4b8466c2, org.springframework.boot.test.autoconfigure.web.client.MockRestServiceServerResetTestExecutionListener@2044f708, org.springframework.boot.test.autoconfigure.web.servlet.MockMvcPrintOnlyOnFailureTestExecutionListener@4bb4cc8c, org.springframework.boot.test.autoconfigure.web.servlet.WebDriverTestExecutionListener@18bab95b, org.springframework.boot.test.autoconfigure.webservices.client.MockWebServiceServerTestExecutionListener@70e07ef8, org.spockframework.spring.SpringMockTestExecutionListener@771b2b5b]
00:26:26.118 [main] DEBUG org.springframework.test.annotation.ProfileValueUtils - Retrieved @ProfileValueSourceConfiguration [null] for test class [pt.ulisboa.tecnico.socialsoftware.tutor.questionsubmission.service.UpdateQuestionSubmissionTest]
00:26:26.118 [main] DEBUG org.springframework.test.annotation.ProfileValueUtils - Retrieved ProfileValueSource type [class org.springframework.test.annotation.SystemProfileValueSource] for class [pt.ulisboa.tecnico.socialsoftware.tutor.questionsubmission.service.UpdateQuestionSubmissionTest]
00:26:26.118 [main] DEBUG org.springframework.test.annotation.ProfileValueUtils - Retrieved @ProfileValueSourceConfiguration [null] for test class [pt.ulisboa.tecnico.socialsoftware.tutor.questionsubmission.service.UpdateQuestionSubmissionTest]
00:26:26.118 [main] DEBUG org.springframework.test.annotation.ProfileValueUtils - Retrieved ProfileValueSource type [class org.springframework.test.annotation.SystemProfileValueSource] for class [pt.ulisboa.tecnico.socialsoftware.tutor.questionsubmission.service.UpdateQuestionSubmissionTest]
00:26:26.118 [main] DEBUG org.springframework.test.annotation.ProfileValueUtils - Retrieved @ProfileValueSourceConfiguration [null] for test class [pt.ulisboa.tecnico.socialsoftware.tutor.questionsubmission.service.UpdateQuestionSubmissionTest]
00:26:26.118 [main] DEBUG org.springframework.test.annotation.ProfileValueUtils - Retrieved ProfileValueSource type [class org.springframework.test.annotation.SystemProfileValueSource] for class [pt.ulisboa.tecnico.socialsoftware.tutor.questionsubmission.service.UpdateQuestionSubmissionTest]
00:26:26.118 [main] DEBUG org.springframework.test.annotation.ProfileValueUtils - Retrieved @ProfileValueSourceConfiguration [null] for test class [pt.ulisboa.tecnico.socialsoftware.tutor.questionsubmission.service.UpdateQuestionSubmissionTest]
00:26:26.118 [main] DEBUG org.springframework.test.annotation.ProfileValueUtils - Retrieved ProfileValueSource type [class org.springframework.test.annotation.SystemProfileValueSource] for class [pt.ulisboa.tecnico.socialsoftware.tutor.questionsubmission.service.UpdateQuestionSubmissionTest]
00:26:26.118 [main] DEBUG org.springframework.test.context.BootstrapUtils - Instantiating CacheAwareContextLoaderDelegate from class [org.springframework.test.context.cache.DefaultCacheAwareContextLoaderDelegate]
00:26:26.118 [main] DEBUG org.springframework.test.context.BootstrapUtils - Instantiating BootstrapContext using constructor [public org.springframework.test.context.support.DefaultBootstrapContext(java.lang.Class,org.springframework.test.context.CacheAwareContextLoaderDelegate)]
00:26:26.118 [main] DEBUG org.springframework.test.context.BootstrapUtils - Instantiating TestContextBootstrapper for test class [pt.ulisboa.tecnico.socialsoftware.tutor.questionsubmission.service.UpdateQuestionSubmissionTest] from class [org.springframework.boot.test.autoconfigure.orm.jpa.DataJpaTestContextBootstrapper]
00:26:26.119 [main] INFO org.springframework.boot.test.autoconfigure.orm.jpa.DataJpaTestContextBootstrapper - Neither @ContextConfiguration nor @ContextHierarchy found for test class [pt.ulisboa.tecnico.socialsoftware.tutor.questionsubmission.service.UpdateQuestionSubmissionTest], using SpringBootContextLoader
00:26:26.120 [main] DEBUG org.springframework.test.context.support.AbstractContextLoader - Did not detect default resource location for test class [pt.ulisboa.tecnico.socialsoftware.tutor.questionsubmission.service.UpdateQuestionSubmissionTest]: class path resource [pt/ulisboa/tecnico/socialsoftware/tutor/questionsubmission/service/UpdateQuestionSubmissionTest-context.xml] does not exist
00:26:26.121 [main] DEBUG org.springframework.test.context.support.AbstractContextLoader - Did not detect default resource location for test class [pt.ulisboa.tecnico.socialsoftware.tutor.questionsubmission.service.UpdateQuestionSubmissionTest]: class path resource [pt/ulisboa/tecnico/socialsoftware/tutor/questionsubmission/service/UpdateQuestionSubmissionTestContext.groovy] does not exist
00:26:26.121 [main] INFO org.springframework.test.context.support.AbstractContextLoader - Could not detect default resource locations for test class [pt.ulisboa.tecnico.socialsoftware.tutor.questionsubmission.service.UpdateQuestionSubmissionTest]: no resource found for suffixes {-context.xml, Context.groovy}.
00:26:26.126 [main] DEBUG org.springframework.test.context.support.ActiveProfilesUtils - Could not find an 'annotation declaring class' for annotation type [org.springframework.test.context.ActiveProfiles] and class [pt.ulisboa.tecnico.socialsoftware.tutor.questionsubmission.service.UpdateQuestionSubmissionTest]
00:26:26.127 [main] INFO org.springframework.boot.test.context.SpringBootTestContextBootstrapper - Found @SpringBootConfiguration pt.ulisboa.tecnico.socialsoftware.tutor.TutorTestApplication for test class pt.ulisboa.tecnico.socialsoftware.tutor.questionsubmission.service.UpdateQuestionSubmissionTest
00:26:26.133 [main] DEBUG org.springframework.boot.test.autoconfigure.orm.jpa.DataJpaTestContextBootstrapper - @TestExecutionListeners is not present for class [pt.ulisboa.tecnico.socialsoftware.tutor.questionsubmission.service.UpdateQuestionSubmissionTest]: using defaults.
00:26:26.133 [main] INFO org.springframework.boot.test.autoconfigure.orm.jpa.DataJpaTestContextBootstrapper - Loaded default TestExecutionListener class names from location [META-INF/spring.factories]: [org.springframework.boot.test.mock.mockito.MockitoTestExecutionListener, org.springframework.boot.test.mock.mockito.ResetMocksTestExecutionListener, org.springframework.boot.test.autoconfigure.restdocs.RestDocsTestExecutionListener, org.springframework.boot.test.autoconfigure.web.client.MockRestServiceServerResetTestExecutionListener, org.springframework.boot.test.autoconfigure.web.servlet.MockMvcPrintOnlyOnFailureTestExecutionListener, org.springframework.boot.test.autoconfigure.web.servlet.WebDriverTestExecutionListener, org.springframework.boot.test.autoconfigure.webservices.client.MockWebServiceServerTestExecutionListener, org.springframework.test.context.web.ServletTestExecutionListener, org.springframework.test.context.support.DirtiesContextBeforeModesTestExecutionListener, org.springframework.test.context.event.ApplicationEventsTestExecutionListener, org.springframework.test.context.support.DependencyInjectionTestExecutionListener, org.springframework.test.context.support.DirtiesContextTestExecutionListener, org.springframework.test.context.transaction.TransactionalTestExecutionListener, org.springframework.test.context.jdbc.SqlScriptsTestExecutionListener, org.springframework.test.context.event.EventPublishingTestExecutionListener, org.springframework.security.test.context.support.WithSecurityContextTestExecutionListener, org.springframework.security.test.context.support.ReactorContextTestExecutionListener, org.spockframework.spring.SpringMockTestExecutionListener]
00:26:26.136 [main] INFO org.springframework.boot.test.autoconfigure.orm.jpa.DataJpaTestContextBootstrapper - Using TestExecutionListeners: [org.springframework.test.context.web.ServletTestExecutionListener@1aa64998, org.springframework.test.context.support.DirtiesContextBeforeModesTestExecutionListener@571b4bf6, org.springframework.test.context.event.ApplicationEventsTestExecutionListener@24ffe853, org.springframework.boot.test.mock.mockito.MockitoTestExecutionListener@a904e64, org.springframework.boot.test.autoconfigure.SpringBootDependencyInjectionTestExecutionListener@22d23c27, org.springframework.test.context.support.DirtiesContextTestExecutionListener@2f1b8770, org.springframework.test.context.transaction.TransactionalTestExecutionListener@74fd5fb0, org.springframework.test.context.jdbc.SqlScriptsTestExecutionListener@7c16cc25, org.springframework.test.context.event.EventPublishingTestExecutionListener@4f96e484, org.springframework.security.test.context.support.WithSecurityContextTestExecutionListener@3cc5ca01, org.springframework.security.test.context.support.ReactorContextTestExecutionListener@22db12f6, org.springframework.boot.test.mock.mockito.ResetMocksTestExecutionListener@68e6856c, org.springframework.boot.test.autoconfigure.restdocs.RestDocsTestExecutionListener@10acfe30, org.springframework.boot.test.autoconfigure.web.client.MockRestServiceServerResetTestExecutionListener@22bbbe6, org.springframework.boot.test.autoconfigure.web.servlet.MockMvcPrintOnlyOnFailureTestExecutionListener@789d45f7, org.springframework.boot.test.autoconfigure.web.servlet.WebDriverTestExecutionListener@240c626d, org.springframework.boot.test.autoconfigure.webservices.client.MockWebServiceServerTestExecutionListener@53a645a2, org.spockframework.spring.SpringMockTestExecutionListener@c8d20bb]
00:26:26.138 [main] DEBUG org.springframework.test.annotation.ProfileValueUtils - Retrieved @ProfileValueSourceConfiguration [null] for test class [pt.ulisboa.tecnico.socialsoftware.tutor.quiz.service.AddQuestionToQuizTest]
00:26:26.139 [main] DEBUG org.springframework.test.annotation.ProfileValueUtils - Retrieved ProfileValueSource type [class org.springframework.test.annotation.SystemProfileValueSource] for class [pt.ulisboa.tecnico.socialsoftware.tutor.quiz.service.AddQuestionToQuizTest]
00:26:26.139 [main] DEBUG org.springframework.test.annotation.ProfileValueUtils - Retrieved @ProfileValueSourceConfiguration [null] for test class [pt.ulisboa.tecnico.socialsoftware.tutor.quiz.service.AddQuestionToQuizTest]
00:26:26.139 [main] DEBUG org.springframework.test.annotation.ProfileValueUtils - Retrieved ProfileValueSource type [class org.springframework.test.annotation.SystemProfileValueSource] for class [pt.ulisboa.tecnico.socialsoftware.tutor.quiz.service.AddQuestionToQuizTest]
00:26:26.139 [main] DEBUG org.springframework.test.context.BootstrapUtils - Instantiating CacheAwareContextLoaderDelegate from class [org.springframework.test.context.cache.DefaultCacheAwareContextLoaderDelegate]
00:26:26.139 [main] DEBUG org.springframework.test.context.BootstrapUtils - Instantiating BootstrapContext using constructor [public org.springframework.test.context.support.DefaultBootstrapContext(java.lang.Class,org.springframework.test.context.CacheAwareContextLoaderDelegate)]
00:26:26.140 [main] DEBUG org.springframework.test.context.BootstrapUtils - Instantiating TestContextBootstrapper for test class [pt.ulisboa.tecnico.socialsoftware.tutor.quiz.service.AddQuestionToQuizTest] from class [org.springframework.boot.test.autoconfigure.orm.jpa.DataJpaTestContextBootstrapper]
00:26:26.140 [main] INFO org.springframework.boot.test.autoconfigure.orm.jpa.DataJpaTestContextBootstrapper - Neither @ContextConfiguration nor @ContextHierarchy found for test class [pt.ulisboa.tecnico.socialsoftware.tutor.quiz.service.AddQuestionToQuizTest], using SpringBootContextLoader
00:26:26.141 [main] DEBUG org.springframework.test.context.support.AbstractContextLoader - Did not detect default resource location for test class [pt.ulisboa.tecnico.socialsoftware.tutor.quiz.service.AddQuestionToQuizTest]: class path resource [pt/ulisboa/tecnico/socialsoftware/tutor/quiz/service/AddQuestionToQuizTest-context.xml] does not exist
00:26:26.141 [main] DEBUG org.springframework.test.context.support.AbstractContextLoader - Did not detect default resource location for test class [pt.ulisboa.tecnico.socialsoftware.tutor.quiz.service.AddQuestionToQuizTest]: class path resource [pt/ulisboa/tecnico/socialsoftware/tutor/quiz/service/AddQuestionToQuizTestContext.groovy] does not exist
00:26:26.141 [main] INFO org.springframework.test.context.support.AbstractContextLoader - Could not detect default resource locations for test class [pt.ulisboa.tecnico.socialsoftware.tutor.quiz.service.AddQuestionToQuizTest]: no resource found for suffixes {-context.xml, Context.groovy}.
00:26:26.144 [main] DEBUG org.springframework.test.context.support.ActiveProfilesUtils - Could not find an 'annotation declaring class' for annotation type [org.springframework.test.context.ActiveProfiles] and class [pt.ulisboa.tecnico.socialsoftware.tutor.quiz.service.AddQuestionToQuizTest]
00:26:26.145 [main] INFO org.springframework.boot.test.context.SpringBootTestContextBootstrapper - Found @SpringBootConfiguration pt.ulisboa.tecnico.socialsoftware.tutor.TutorTestApplication for test class pt.ulisboa.tecnico.socialsoftware.tutor.quiz.service.AddQuestionToQuizTest
00:26:26.146 [main] DEBUG org.springframework.boot.test.autoconfigure.orm.jpa.DataJpaTestContextBootstrapper - @TestExecutionListeners is not present for class [pt.ulisboa.tecnico.socialsoftware.tutor.quiz.service.AddQuestionToQuizTest]: using defaults.
00:26:26.146 [main] INFO org.springframework.boot.test.autoconfigure.orm.jpa.DataJpaTestContextBootstrapper - Loaded default TestExecutionListener class names from location [META-INF/spring.factories]: [org.springframework.boot.test.mock.mockito.MockitoTestExecutionListener, org.springframework.boot.test.mock.mockito.ResetMocksTestExecutionListener, org.springframework.boot.test.autoconfigure.restdocs.RestDocsTestExecutionListener, org.springframework.boot.test.autoconfigure.web.client.MockRestServiceServerResetTestExecutionListener, org.springframework.boot.test.autoconfigure.web.servlet.MockMvcPrintOnlyOnFailureTestExecutionListener, org.springframework.boot.test.autoconfigure.web.servlet.WebDriverTestExecutionListener, org.springframework.boot.test.autoconfigure.webservices.client.MockWebServiceServerTestExecutionListener, org.springframework.test.context.web.ServletTestExecutionListener, org.springframework.test.context.support.DirtiesContextBeforeModesTestExecutionListener, org.springframework.test.context.event.ApplicationEventsTestExecutionListener, org.springframework.test.context.support.DependencyInjectionTestExecutionListener, org.springframework.test.context.support.DirtiesContextTestExecutionListener, org.springframework.test.context.transaction.TransactionalTestExecutionListener, org.springframework.test.context.jdbc.SqlScriptsTestExecutionListener, org.springframework.test.context.event.EventPublishingTestExecutionListener, org.springframework.security.test.context.support.WithSecurityContextTestExecutionListener, org.springframework.security.test.context.support.ReactorContextTestExecutionListener, org.spockframework.spring.SpringMockTestExecutionListener]
00:26:26.148 [main] INFO org.springframework.boot.test.autoconfigure.orm.jpa.DataJpaTestContextBootstrapper - Using TestExecutionListeners: [org.springframework.test.context.web.ServletTestExecutionListener@1ead6e20, org.springframework.test.context.support.DirtiesContextBeforeModesTestExecutionListener@59f56892, org.springframework.test.context.event.ApplicationEventsTestExecutionListener@389fad5b, org.springframework.boot.test.mock.mockito.MockitoTestExecutionListener@5d72da0b, org.springframework.boot.test.autoconfigure.SpringBootDependencyInjectionTestExecutionListener@285b63eb, org.springframework.test.context.support.DirtiesContextTestExecutionListener@5a983f8a, org.springframework.test.context.transaction.TransactionalTestExecutionListener@1fa8a4f7, org.springframework.test.context.jdbc.SqlScriptsTestExecutionListener@54c1878b, org.springframework.test.context.event.EventPublishingTestExecutionListener@27f6e2c3, org.springframework.security.test.context.support.WithSecurityContextTestExecutionListener@3c89fdd8, org.springframework.security.test.context.support.ReactorContextTestExecutionListener@665c79a2, org.springframework.boot.test.mock.mockito.ResetMocksTestExecutionListener@3e79473d, org.springframework.boot.test.autoconfigure.restdocs.RestDocsTestExecutionListener@2e895acb, org.springframework.boot.test.autoconfigure.web.client.MockRestServiceServerResetTestExecutionListener@5d1d05ff, org.springframework.boot.test.autoconfigure.web.servlet.MockMvcPrintOnlyOnFailureTestExecutionListener@5889e697, org.springframework.boot.test.autoconfigure.web.servlet.WebDriverTestExecutionListener@2c3d1214, org.springframework.boot.test.autoconfigure.webservices.client.MockWebServiceServerTestExecutionListener@48064a5a, org.spockframework.spring.SpringMockTestExecutionListener@7d018c58]
00:26:26.148 [main] DEBUG org.springframework.test.annotation.ProfileValueUtils - Retrieved @ProfileValueSourceConfiguration [null] for test class [pt.ulisboa.tecnico.socialsoftware.tutor.quiz.service.CreateQuizTest]
00:26:26.148 [main] DEBUG org.springframework.test.annotation.ProfileValueUtils - Retrieved ProfileValueSource type [class org.springframework.test.annotation.SystemProfileValueSource] for class [pt.ulisboa.tecnico.socialsoftware.tutor.quiz.service.CreateQuizTest]
00:26:26.148 [main] DEBUG org.springframework.test.annotation.ProfileValueUtils - Retrieved @ProfileValueSourceConfiguration [null] for test class [pt.ulisboa.tecnico.socialsoftware.tutor.quiz.service.CreateQuizTest]
00:26:26.149 [main] DEBUG org.springframework.test.annotation.ProfileValueUtils - Retrieved ProfileValueSource type [class org.springframework.test.annotation.SystemProfileValueSource] for class [pt.ulisboa.tecnico.socialsoftware.tutor.quiz.service.CreateQuizTest]
00:26:26.149 [main] DEBUG org.springframework.test.annotation.ProfileValueUtils - Retrieved @ProfileValueSourceConfiguration [null] for test class [pt.ulisboa.tecnico.socialsoftware.tutor.quiz.service.CreateQuizTest]
00:26:26.149 [main] DEBUG org.springframework.test.annotation.ProfileValueUtils - Retrieved ProfileValueSource type [class org.springframework.test.annotation.SystemProfileValueSource] for class [pt.ulisboa.tecnico.socialsoftware.tutor.quiz.service.CreateQuizTest]
00:26:26.149 [main] DEBUG org.springframework.test.annotation.ProfileValueUtils - Retrieved @ProfileValueSourceConfiguration [null] for test class [pt.ulisboa.tecnico.socialsoftware.tutor.quiz.service.CreateQuizTest]
00:26:26.149 [main] DEBUG org.springframework.test.annotation.ProfileValueUtils - Retrieved ProfileValueSource type [class org.springframework.test.annotation.SystemProfileValueSource] for class [pt.ulisboa.tecnico.socialsoftware.tutor.quiz.service.CreateQuizTest]
00:26:26.149 [main] DEBUG org.springframework.test.context.BootstrapUtils - Instantiating CacheAwareContextLoaderDelegate from class [org.springframework.test.context.cache.DefaultCacheAwareContextLoaderDelegate]
00:26:26.150 [main] DEBUG org.springframework.test.context.BootstrapUtils - Instantiating BootstrapContext using constructor [public org.springframework.test.context.support.DefaultBootstrapContext(java.lang.Class,org.springframework.test.context.CacheAwareContextLoaderDelegate)]
00:26:26.150 [main] DEBUG org.springframework.test.context.BootstrapUtils - Instantiating TestContextBootstrapper for test class [pt.ulisboa.tecnico.socialsoftware.tutor.quiz.service.CreateQuizTest] from class [org.springframework.boot.test.autoconfigure.orm.jpa.DataJpaTestContextBootstrapper]
00:26:26.151 [main] INFO org.springframework.boot.test.autoconfigure.orm.jpa.DataJpaTestContextBootstrapper - Neither @ContextConfiguration nor @ContextHierarchy found for test class [pt.ulisboa.tecnico.socialsoftware.tutor.quiz.service.CreateQuizTest], using SpringBootContextLoader
00:26:26.153 [main] DEBUG org.springframework.test.context.support.AbstractContextLoader - Did not detect default resource location for test class [pt.ulisboa.tecnico.socialsoftware.tutor.quiz.service.CreateQuizTest]: class path resource [pt/ulisboa/tecnico/socialsoftware/tutor/quiz/service/CreateQuizTest-context.xml] does not exist
00:26:26.154 [main] DEBUG org.springframework.test.context.support.AbstractContextLoader - Did not detect default resource location for test class [pt.ulisboa.tecnico.socialsoftware.tutor.quiz.service.CreateQuizTest]: class path resource [pt/ulisboa/tecnico/socialsoftware/tutor/quiz/service/CreateQuizTestContext.groovy] does not exist
00:26:26.154 [main] INFO org.springframework.test.context.support.AbstractContextLoader - Could not detect default resource locations for test class [pt.ulisboa.tecnico.socialsoftware.tutor.quiz.service.CreateQuizTest]: no resource found for suffixes {-context.xml, Context.groovy}.
00:26:26.160 [main] DEBUG org.springframework.test.context.support.ActiveProfilesUtils - Could not find an 'annotation declaring class' for annotation type [org.springframework.test.context.ActiveProfiles] and class [pt.ulisboa.tecnico.socialsoftware.tutor.quiz.service.CreateQuizTest]
00:26:26.161 [main] INFO org.springframework.boot.test.context.SpringBootTestContextBootstrapper - Found @SpringBootConfiguration pt.ulisboa.tecnico.socialsoftware.tutor.TutorTestApplication for test class pt.ulisboa.tecnico.socialsoftware.tutor.quiz.service.CreateQuizTest
00:26:26.162 [main] DEBUG org.springframework.boot.test.autoconfigure.orm.jpa.DataJpaTestContextBootstrapper - @TestExecutionListeners is not present for class [pt.ulisboa.tecnico.socialsoftware.tutor.quiz.service.CreateQuizTest]: using defaults.
00:26:26.162 [main] INFO org.springframework.boot.test.autoconfigure.orm.jpa.DataJpaTestContextBootstrapper - Loaded default TestExecutionListener class names from location [META-INF/spring.factories]: [org.springframework.boot.test.mock.mockito.MockitoTestExecutionListener, org.springframework.boot.test.mock.mockito.ResetMocksTestExecutionListener, org.springframework.boot.test.autoconfigure.restdocs.RestDocsTestExecutionListener, org.springframework.boot.test.autoconfigure.web.client.MockRestServiceServerResetTestExecutionListener, org.springframework.boot.test.autoconfigure.web.servlet.MockMvcPrintOnlyOnFailureTestExecutionListener, org.springframework.boot.test.autoconfigure.web.servlet.WebDriverTestExecutionListener, org.springframework.boot.test.autoconfigure.webservices.client.MockWebServiceServerTestExecutionListener, org.springframework.test.context.web.ServletTestExecutionListener, org.springframework.test.context.support.DirtiesContextBeforeModesTestExecutionListener, org.springframework.test.context.event.ApplicationEventsTestExecutionListener, org.springframework.test.context.support.DependencyInjectionTestExecutionListener, org.springframework.test.context.support.DirtiesContextTestExecutionListener, org.springframework.test.context.transaction.TransactionalTestExecutionListener, org.springframework.test.context.jdbc.SqlScriptsTestExecutionListener, org.springframework.test.context.event.EventPublishingTestExecutionListener, org.springframework.security.test.context.support.WithSecurityContextTestExecutionListener, org.springframework.security.test.context.support.ReactorContextTestExecutionListener, org.spockframework.spring.SpringMockTestExecutionListener]
00:26:26.163 [main] INFO org.springframework.boot.test.autoconfigure.orm.jpa.DataJpaTestContextBootstrapper - Using TestExecutionListeners: [org.springframework.test.context.web.ServletTestExecutionListener@6a2b6031, org.springframework.test.context.support.DirtiesContextBeforeModesTestExecutionListener@2e4262d2, org.springframework.test.context.event.ApplicationEventsTestExecutionListener@546ca9da, org.springframework.boot.test.mock.mockito.MockitoTestExecutionListener@257e8c43, org.springframework.boot.test.autoconfigure.SpringBootDependencyInjectionTestExecutionListener@14e54a35, org.springframework.test.context.support.DirtiesContextTestExecutionListener@298cfe89, org.springframework.test.context.transaction.TransactionalTestExecutionListener@189fb01b, org.springframework.test.context.jdbc.SqlScriptsTestExecutionListener@49522bdf, org.springframework.test.context.event.EventPublishingTestExecutionListener@77587422, org.springframework.security.test.context.support.WithSecurityContextTestExecutionListener@39eea4f6, org.springframework.security.test.context.support.ReactorContextTestExecutionListener@5c94d4b8, org.springframework.boot.test.mock.mockito.ResetMocksTestExecutionListener@4400026, org.springframework.boot.test.autoconfigure.restdocs.RestDocsTestExecutionListener@308d8de8, org.springframework.boot.test.autoconfigure.web.client.MockRestServiceServerResetTestExecutionListener@7c08461b, org.springframework.boot.test.autoconfigure.web.servlet.MockMvcPrintOnlyOnFailureTestExecutionListener@6c37c36, org.springframework.boot.test.autoconfigure.web.servlet.WebDriverTestExecutionListener@2060df8, org.springframework.boot.test.autoconfigure.webservices.client.MockWebServiceServerTestExecutionListener@5e38329d, org.spockframework.spring.SpringMockTestExecutionListener@60be9fdf]
00:26:26.164 [main] DEBUG org.springframework.test.annotation.ProfileValueUtils - Retrieved @ProfileValueSourceConfiguration [null] for test class [pt.ulisboa.tecnico.socialsoftware.tutor.quiz.service.RemoveQuizTest]
00:26:26.164 [main] DEBUG org.springframework.test.annotation.ProfileValueUtils - Retrieved ProfileValueSource type [class org.springframework.test.annotation.SystemProfileValueSource] for class [pt.ulisboa.tecnico.socialsoftware.tutor.quiz.service.RemoveQuizTest]
00:26:26.164 [main] DEBUG org.springframework.test.annotation.ProfileValueUtils - Retrieved @ProfileValueSourceConfiguration [null] for test class [pt.ulisboa.tecnico.socialsoftware.tutor.quiz.service.RemoveQuizTest]
00:26:26.164 [main] DEBUG org.springframework.test.annotation.ProfileValueUtils - Retrieved ProfileValueSource type [class org.springframework.test.annotation.SystemProfileValueSource] for class [pt.ulisboa.tecnico.socialsoftware.tutor.quiz.service.RemoveQuizTest]
00:26:26.165 [main] DEBUG org.springframework.test.annotation.ProfileValueUtils - Retrieved @ProfileValueSourceConfiguration [null] for test class [pt.ulisboa.tecnico.socialsoftware.tutor.quiz.service.RemoveQuizTest]
00:26:26.165 [main] DEBUG org.springframework.test.annotation.ProfileValueUtils - Retrieved ProfileValueSource type [class org.springframework.test.annotation.SystemProfileValueSource] for class [pt.ulisboa.tecnico.socialsoftware.tutor.quiz.service.RemoveQuizTest]
00:26:26.165 [main] DEBUG org.springframework.test.context.BootstrapUtils - Instantiating CacheAwareContextLoaderDelegate from class [org.springframework.test.context.cache.DefaultCacheAwareContextLoaderDelegate]
00:26:26.166 [main] DEBUG org.springframework.test.context.BootstrapUtils - Instantiating BootstrapContext using constructor [public org.springframework.test.context.support.DefaultBootstrapContext(java.lang.Class,org.springframework.test.context.CacheAwareContextLoaderDelegate)]
00:26:26.166 [main] DEBUG org.springframework.test.context.BootstrapUtils - Instantiating TestContextBootstrapper for test class [pt.ulisboa.tecnico.socialsoftware.tutor.quiz.service.RemoveQuizTest] from class [org.springframework.boot.test.autoconfigure.orm.jpa.DataJpaTestContextBootstrapper]
00:26:26.166 [main] INFO org.springframework.boot.test.autoconfigure.orm.jpa.DataJpaTestContextBootstrapper - Neither @ContextConfiguration nor @ContextHierarchy found for test class [pt.ulisboa.tecnico.socialsoftware.tutor.quiz.service.RemoveQuizTest], using SpringBootContextLoader
00:26:26.168 [main] DEBUG org.springframework.test.context.support.AbstractContextLoader - Did not detect default resource location for test class [pt.ulisboa.tecnico.socialsoftware.tutor.quiz.service.RemoveQuizTest]: class path resource [pt/ulisboa/tecnico/socialsoftware/tutor/quiz/service/RemoveQuizTest-context.xml] does not exist
00:26:26.169 [main] DEBUG org.springframework.test.context.support.AbstractContextLoader - Did not detect default resource location for test class [pt.ulisboa.tecnico.socialsoftware.tutor.quiz.service.RemoveQuizTest]: class path resource [pt/ulisboa/tecnico/socialsoftware/tutor/quiz/service/RemoveQuizTestContext.groovy] does not exist
00:26:26.169 [main] INFO org.springframework.test.context.support.AbstractContextLoader - Could not detect default resource locations for test class [pt.ulisboa.tecnico.socialsoftware.tutor.quiz.service.RemoveQuizTest]: no resource found for suffixes {-context.xml, Context.groovy}.
00:26:26.175 [main] DEBUG org.springframework.test.context.support.ActiveProfilesUtils - Could not find an 'annotation declaring class' for annotation type [org.springframework.test.context.ActiveProfiles] and class [pt.ulisboa.tecnico.socialsoftware.tutor.quiz.service.RemoveQuizTest]
00:26:26.176 [main] INFO org.springframework.boot.test.context.SpringBootTestContextBootstrapper - Found @SpringBootConfiguration pt.ulisboa.tecnico.socialsoftware.tutor.TutorTestApplication for test class pt.ulisboa.tecnico.socialsoftware.tutor.quiz.service.RemoveQuizTest
00:26:26.177 [main] DEBUG org.springframework.boot.test.autoconfigure.orm.jpa.DataJpaTestContextBootstrapper - @TestExecutionListeners is not present for class [pt.ulisboa.tecnico.socialsoftware.tutor.quiz.service.RemoveQuizTest]: using defaults.
00:26:26.177 [main] INFO org.springframework.boot.test.autoconfigure.orm.jpa.DataJpaTestContextBootstrapper - Loaded default TestExecutionListener class names from location [META-INF/spring.factories]: [org.springframework.boot.test.mock.mockito.MockitoTestExecutionListener, org.springframework.boot.test.mock.mockito.ResetMocksTestExecutionListener, org.springframework.boot.test.autoconfigure.restdocs.RestDocsTestExecutionListener, org.springframework.boot.test.autoconfigure.web.client.MockRestServiceServerResetTestExecutionListener, org.springframework.boot.test.autoconfigure.web.servlet.MockMvcPrintOnlyOnFailureTestExecutionListener, org.springframework.boot.test.autoconfigure.web.servlet.WebDriverTestExecutionListener, org.springframework.boot.test.autoconfigure.webservices.client.MockWebServiceServerTestExecutionListener, org.springframework.test.context.web.ServletTestExecutionListener, org.springframework.test.context.support.DirtiesContextBeforeModesTestExecutionListener, org.springframework.test.context.event.ApplicationEventsTestExecutionListener, org.springframework.test.context.support.DependencyInjectionTestExecutionListener, org.springframework.test.context.support.DirtiesContextTestExecutionListener, org.springframework.test.context.transaction.TransactionalTestExecutionListener, org.springframework.test.context.jdbc.SqlScriptsTestExecutionListener, org.springframework.test.context.event.EventPublishingTestExecutionListener, org.springframework.security.test.context.support.WithSecurityContextTestExecutionListener, org.springframework.security.test.context.support.ReactorContextTestExecutionListener, org.spockframework.spring.SpringMockTestExecutionListener]
00:26:26.179 [main] INFO org.springframework.boot.test.autoconfigure.orm.jpa.DataJpaTestContextBootstrapper - Using TestExecutionListeners: [org.springframework.test.context.web.ServletTestExecutionListener@5069a91b, org.springframework.test.context.support.DirtiesContextBeforeModesTestExecutionListener@443d94ae, org.springframework.test.context.event.ApplicationEventsTestExecutionListener@322399e6, org.springframework.boot.test.mock.mockito.MockitoTestExecutionListener@2b551e7b, org.springframework.boot.test.autoconfigure.SpringBootDependencyInjectionTestExecutionListener@36e95b7b, org.springframework.test.context.support.DirtiesContextTestExecutionListener@1e5921ec, org.springframework.test.context.transaction.TransactionalTestExecutionListener@309b6768, org.springframework.test.context.jdbc.SqlScriptsTestExecutionListener@333e01c6, org.springframework.test.context.event.EventPublishingTestExecutionListener@4f70b659, org.springframework.security.test.context.support.WithSecurityContextTestExecutionListener@18f1a81a, org.springframework.security.test.context.support.ReactorContextTestExecutionListener@73ba3c4b, org.springframework.boot.test.mock.mockito.ResetMocksTestExecutionListener@304933cb, org.springframework.boot.test.autoconfigure.restdocs.RestDocsTestExecutionListener@7a4199e5, org.springframework.boot.test.autoconfigure.web.client.MockRestServiceServerResetTestExecutionListener@6fe55fcf, org.springframework.boot.test.autoconfigure.web.servlet.MockMvcPrintOnlyOnFailureTestExecutionListener@4d1f6e1c, org.springframework.boot.test.autoconfigure.web.servlet.WebDriverTestExecutionListener@3431cb1f, org.springframework.boot.test.autoconfigure.webservices.client.MockWebServiceServerTestExecutionListener@42c9f2cd, org.spockframework.spring.SpringMockTestExecutionListener@797c67c]
00:26:26.180 [main] DEBUG org.springframework.test.annotation.ProfileValueUtils - Retrieved @ProfileValueSourceConfiguration [null] for test class [pt.ulisboa.tecnico.socialsoftware.tutor.user.domain.AddCourseTest]
00:26:26.180 [main] DEBUG org.springframework.test.annotation.ProfileValueUtils - Retrieved ProfileValueSource type [class org.springframework.test.annotation.SystemProfileValueSource] for class [pt.ulisboa.tecnico.socialsoftware.tutor.user.domain.AddCourseTest]
00:26:26.180 [main] DEBUG org.springframework.test.annotation.ProfileValueUtils - Retrieved @ProfileValueSourceConfiguration [null] for test class [pt.ulisboa.tecnico.socialsoftware.tutor.user.domain.AddCourseTest]
00:26:26.180 [main] DEBUG org.springframework.test.annotation.ProfileValueUtils - Retrieved ProfileValueSource type [class org.springframework.test.annotation.SystemProfileValueSource] for class [pt.ulisboa.tecnico.socialsoftware.tutor.user.domain.AddCourseTest]
00:26:26.180 [main] DEBUG org.springframework.test.context.BootstrapUtils - Instantiating CacheAwareContextLoaderDelegate from class [org.springframework.test.context.cache.DefaultCacheAwareContextLoaderDelegate]
00:26:26.180 [main] DEBUG org.springframework.test.context.BootstrapUtils - Instantiating BootstrapContext using constructor [public org.springframework.test.context.support.DefaultBootstrapContext(java.lang.Class,org.springframework.test.context.CacheAwareContextLoaderDelegate)]
00:26:26.181 [main] DEBUG org.springframework.test.context.BootstrapUtils - Instantiating TestContextBootstrapper for test class [pt.ulisboa.tecnico.socialsoftware.tutor.user.domain.AddCourseTest] from class [org.springframework.boot.test.autoconfigure.orm.jpa.DataJpaTestContextBootstrapper]
00:26:26.181 [main] INFO org.springframework.boot.test.autoconfigure.orm.jpa.DataJpaTestContextBootstrapper - Neither @ContextConfiguration nor @ContextHierarchy found for test class [pt.ulisboa.tecnico.socialsoftware.tutor.user.domain.AddCourseTest], using SpringBootContextLoader
00:26:26.182 [main] DEBUG org.springframework.test.context.support.AbstractContextLoader - Did not detect default resource location for test class [pt.ulisboa.tecnico.socialsoftware.tutor.user.domain.AddCourseTest]: class path resource [pt/ulisboa/tecnico/socialsoftware/tutor/user/domain/AddCourseTest-context.xml] does not exist
00:26:26.183 [main] DEBUG org.springframework.test.context.support.AbstractContextLoader - Did not detect default resource location for test class [pt.ulisboa.tecnico.socialsoftware.tutor.user.domain.AddCourseTest]: class path resource [pt/ulisboa/tecnico/socialsoftware/tutor/user/domain/AddCourseTestContext.groovy] does not exist
00:26:26.183 [main] INFO org.springframework.test.context.support.AbstractContextLoader - Could not detect default resource locations for test class [pt.ulisboa.tecnico.socialsoftware.tutor.user.domain.AddCourseTest]: no resource found for suffixes {-context.xml, Context.groovy}.
00:26:26.187 [main] DEBUG org.springframework.test.context.support.ActiveProfilesUtils - Could not find an 'annotation declaring class' for annotation type [org.springframework.test.context.ActiveProfiles] and class [pt.ulisboa.tecnico.socialsoftware.tutor.user.domain.AddCourseTest]
00:26:26.189 [main] INFO org.springframework.boot.test.context.SpringBootTestContextBootstrapper - Found @SpringBootConfiguration pt.ulisboa.tecnico.socialsoftware.tutor.TutorTestApplication for test class pt.ulisboa.tecnico.socialsoftware.tutor.user.domain.AddCourseTest
00:26:26.190 [main] DEBUG org.springframework.boot.test.autoconfigure.orm.jpa.DataJpaTestContextBootstrapper - @TestExecutionListeners is not present for class [pt.ulisboa.tecnico.socialsoftware.tutor.user.domain.AddCourseTest]: using defaults.
00:26:26.190 [main] INFO org.springframework.boot.test.autoconfigure.orm.jpa.DataJpaTestContextBootstrapper - Loaded default TestExecutionListener class names from location [META-INF/spring.factories]: [org.springframework.boot.test.mock.mockito.MockitoTestExecutionListener, org.springframework.boot.test.mock.mockito.ResetMocksTestExecutionListener, org.springframework.boot.test.autoconfigure.restdocs.RestDocsTestExecutionListener, org.springframework.boot.test.autoconfigure.web.client.MockRestServiceServerResetTestExecutionListener, org.springframework.boot.test.autoconfigure.web.servlet.MockMvcPrintOnlyOnFailureTestExecutionListener, org.springframework.boot.test.autoconfigure.web.servlet.WebDriverTestExecutionListener, org.springframework.boot.test.autoconfigure.webservices.client.MockWebServiceServerTestExecutionListener, org.springframework.test.context.web.ServletTestExecutionListener, org.springframework.test.context.support.DirtiesContextBeforeModesTestExecutionListener, org.springframework.test.context.event.ApplicationEventsTestExecutionListener, org.springframework.test.context.support.DependencyInjectionTestExecutionListener, org.springframework.test.context.support.DirtiesContextTestExecutionListener, org.springframework.test.context.transaction.TransactionalTestExecutionListener, org.springframework.test.context.jdbc.SqlScriptsTestExecutionListener, org.springframework.test.context.event.EventPublishingTestExecutionListener, org.springframework.security.test.context.support.WithSecurityContextTestExecutionListener, org.springframework.security.test.context.support.ReactorContextTestExecutionListener, org.spockframework.spring.SpringMockTestExecutionListener]
00:26:26.192 [main] INFO org.springframework.boot.test.autoconfigure.orm.jpa.DataJpaTestContextBootstrapper - Using TestExecutionListeners: [org.springframework.test.context.web.ServletTestExecutionListener@31ce271c, org.springframework.test.context.support.DirtiesContextBeforeModesTestExecutionListener@b1d7b09, org.springframework.test.context.event.ApplicationEventsTestExecutionListener@64faf3d, org.springframework.boot.test.mock.mockito.MockitoTestExecutionListener@3f523dae, org.springframework.boot.test.autoconfigure.SpringBootDependencyInjectionTestExecutionListener@7fe40b9f, org.springframework.test.context.support.DirtiesContextTestExecutionListener@1f41f259, org.springframework.test.context.transaction.TransactionalTestExecutionListener@648c80cb, org.springframework.test.context.jdbc.SqlScriptsTestExecutionListener@4a9d6eb9, org.springframework.test.context.event.EventPublishingTestExecutionListener@157a2c86, org.springframework.security.test.context.support.WithSecurityContextTestExecutionListener@5b9c74a, org.springframework.security.test.context.support.ReactorContextTestExecutionListener@5b395ee, org.springframework.boot.test.mock.mockito.ResetMocksTestExecutionListener@24facb47, org.springframework.boot.test.autoconfigure.restdocs.RestDocsTestExecutionListener@6020cd42, org.springframework.boot.test.autoconfigure.web.client.MockRestServiceServerResetTestExecutionListener@2b68c59b, org.springframework.boot.test.autoconfigure.web.servlet.MockMvcPrintOnlyOnFailureTestExecutionListener@326d39fd, org.springframework.boot.test.autoconfigure.web.servlet.WebDriverTestExecutionListener@403f6c04, org.springframework.boot.test.autoconfigure.webservices.client.MockWebServiceServerTestExecutionListener@2693e39c, org.spockframework.spring.SpringMockTestExecutionListener@4bbabec8]
00:26:26.193 [main] DEBUG org.springframework.test.annotation.ProfileValueUtils - Retrieved @ProfileValueSourceConfiguration [null] for test class [pt.ulisboa.tecnico.socialsoftware.tutor.user.domain.AddQuizAnswerTest]
00:26:26.193 [main] DEBUG org.springframework.test.annotation.ProfileValueUtils - Retrieved ProfileValueSource type [class org.springframework.test.annotation.SystemProfileValueSource] for class [pt.ulisboa.tecnico.socialsoftware.tutor.user.domain.AddQuizAnswerTest]
00:26:26.193 [main] DEBUG org.springframework.test.annotation.ProfileValueUtils - Retrieved @ProfileValueSourceConfiguration [null] for test class [pt.ulisboa.tecnico.socialsoftware.tutor.user.domain.AddQuizAnswerTest]
00:26:26.193 [main] DEBUG org.springframework.test.annotation.ProfileValueUtils - Retrieved ProfileValueSource type [class org.springframework.test.annotation.SystemProfileValueSource] for class [pt.ulisboa.tecnico.socialsoftware.tutor.user.domain.AddQuizAnswerTest]
00:26:26.193 [main] DEBUG org.springframework.test.context.BootstrapUtils - Instantiating CacheAwareContextLoaderDelegate from class [org.springframework.test.context.cache.DefaultCacheAwareContextLoaderDelegate]
00:26:26.193 [main] DEBUG org.springframework.test.context.BootstrapUtils - Instantiating BootstrapContext using constructor [public org.springframework.test.context.support.DefaultBootstrapContext(java.lang.Class,org.springframework.test.context.CacheAwareContextLoaderDelegate)]
00:26:26.193 [main] DEBUG org.springframework.test.context.BootstrapUtils - Instantiating TestContextBootstrapper for test class [pt.ulisboa.tecnico.socialsoftware.tutor.user.domain.AddQuizAnswerTest] from class [org.springframework.boot.test.autoconfigure.orm.jpa.DataJpaTestContextBootstrapper]
00:26:26.194 [main] INFO org.springframework.boot.test.autoconfigure.orm.jpa.DataJpaTestContextBootstrapper - Neither @ContextConfiguration nor @ContextHierarchy found for test class [pt.ulisboa.tecnico.socialsoftware.tutor.user.domain.AddQuizAnswerTest], using SpringBootContextLoader
00:26:26.195 [main] DEBUG org.springframework.test.context.support.AbstractContextLoader - Did not detect default resource location for test class [pt.ulisboa.tecnico.socialsoftware.tutor.user.domain.AddQuizAnswerTest]: class path resource [pt/ulisboa/tecnico/socialsoftware/tutor/user/domain/AddQuizAnswerTest-context.xml] does not exist
00:26:26.195 [main] DEBUG org.springframework.test.context.support.AbstractContextLoader - Did not detect default resource location for test class [pt.ulisboa.tecnico.socialsoftware.tutor.user.domain.AddQuizAnswerTest]: class path resource [pt/ulisboa/tecnico/socialsoftware/tutor/user/domain/AddQuizAnswerTestContext.groovy] does not exist
00:26:26.195 [main] INFO org.springframework.test.context.support.AbstractContextLoader - Could not detect default resource locations for test class [pt.ulisboa.tecnico.socialsoftware.tutor.user.domain.AddQuizAnswerTest]: no resource found for suffixes {-context.xml, Context.groovy}.
00:26:26.197 [main] DEBUG org.springframework.test.context.support.ActiveProfilesUtils - Could not find an 'annotation declaring class' for annotation type [org.springframework.test.context.ActiveProfiles] and class [pt.ulisboa.tecnico.socialsoftware.tutor.user.domain.AddQuizAnswerTest]
00:26:26.198 [main] INFO org.springframework.boot.test.context.SpringBootTestContextBootstrapper - Found @SpringBootConfiguration pt.ulisboa.tecnico.socialsoftware.tutor.TutorTestApplication for test class pt.ulisboa.tecnico.socialsoftware.tutor.user.domain.AddQuizAnswerTest
00:26:26.198 [main] DEBUG org.springframework.boot.test.autoconfigure.orm.jpa.DataJpaTestContextBootstrapper - @TestExecutionListeners is not present for class [pt.ulisboa.tecnico.socialsoftware.tutor.user.domain.AddQuizAnswerTest]: using defaults.
00:26:26.198 [main] INFO org.springframework.boot.test.autoconfigure.orm.jpa.DataJpaTestContextBootstrapper - Loaded default TestExecutionListener class names from location [META-INF/spring.factories]: [org.springframework.boot.test.mock.mockito.MockitoTestExecutionListener, org.springframework.boot.test.mock.mockito.ResetMocksTestExecutionListener, org.springframework.boot.test.autoconfigure.restdocs.RestDocsTestExecutionListener, org.springframework.boot.test.autoconfigure.web.client.MockRestServiceServerResetTestExecutionListener, org.springframework.boot.test.autoconfigure.web.servlet.MockMvcPrintOnlyOnFailureTestExecutionListener, org.springframework.boot.test.autoconfigure.web.servlet.WebDriverTestExecutionListener, org.springframework.boot.test.autoconfigure.webservices.client.MockWebServiceServerTestExecutionListener, org.springframework.test.context.web.ServletTestExecutionListener, org.springframework.test.context.support.DirtiesContextBeforeModesTestExecutionListener, org.springframework.test.context.event.ApplicationEventsTestExecutionListener, org.springframework.test.context.support.DependencyInjectionTestExecutionListener, org.springframework.test.context.support.DirtiesContextTestExecutionListener, org.springframework.test.context.transaction.TransactionalTestExecutionListener, org.springframework.test.context.jdbc.SqlScriptsTestExecutionListener, org.springframework.test.context.event.EventPublishingTestExecutionListener, org.springframework.security.test.context.support.WithSecurityContextTestExecutionListener, org.springframework.security.test.context.support.ReactorContextTestExecutionListener, org.spockframework.spring.SpringMockTestExecutionListener]
00:26:26.199 [main] INFO org.springframework.boot.test.autoconfigure.orm.jpa.DataJpaTestContextBootstrapper - Using TestExecutionListeners: [org.springframework.test.context.web.ServletTestExecutionListener@1043c493, org.springframework.test.context.support.DirtiesContextBeforeModesTestExecutionListener@2b27d5d3, org.springframework.test.context.event.ApplicationEventsTestExecutionListener@12115c28, org.springframework.boot.test.mock.mockito.MockitoTestExecutionListener@cc3fc5c, org.springframework.boot.test.autoconfigure.SpringBootDependencyInjectionTestExecutionListener@2aac60b, org.springframework.test.context.support.DirtiesContextTestExecutionListener@173602c0, org.springframework.test.context.transaction.TransactionalTestExecutionListener@fdeec12, org.springframework.test.context.jdbc.SqlScriptsTestExecutionListener@1cecd0a9, org.springframework.test.context.event.EventPublishingTestExecutionListener@4822d7a1, org.springframework.security.test.context.support.WithSecurityContextTestExecutionListener@6fa5fc67, org.springframework.security.test.context.support.ReactorContextTestExecutionListener@17e323fd, org.springframework.boot.test.mock.mockito.ResetMocksTestExecutionListener@6df0d030, org.springframework.boot.test.autoconfigure.restdocs.RestDocsTestExecutionListener@33319df0, org.springframework.boot.test.autoconfigure.web.client.MockRestServiceServerResetTestExecutionListener@73b71935, org.springframework.boot.test.autoconfigure.web.servlet.MockMvcPrintOnlyOnFailureTestExecutionListener@7d453075, org.springframework.boot.test.autoconfigure.web.servlet.WebDriverTestExecutionListener@16df0ebd, org.springframework.boot.test.autoconfigure.webservices.client.MockWebServiceServerTestExecutionListener@29becf8b, org.spockframework.spring.SpringMockTestExecutionListener@628b1538]
00:26:26.200 [main] DEBUG org.springframework.test.annotation.ProfileValueUtils - Retrieved @ProfileValueSourceConfiguration [null] for test class [pt.ulisboa.tecnico.socialsoftware.tutor.user.domain.CreateUserTest]
00:26:26.200 [main] DEBUG org.springframework.test.annotation.ProfileValueUtils - Retrieved ProfileValueSource type [class org.springframework.test.annotation.SystemProfileValueSource] for class [pt.ulisboa.tecnico.socialsoftware.tutor.user.domain.CreateUserTest]
00:26:26.200 [main] DEBUG org.springframework.test.annotation.ProfileValueUtils - Retrieved @ProfileValueSourceConfiguration [null] for test class [pt.ulisboa.tecnico.socialsoftware.tutor.user.domain.CreateUserTest]
00:26:26.200 [main] DEBUG org.springframework.test.annotation.ProfileValueUtils - Retrieved ProfileValueSource type [class org.springframework.test.annotation.SystemProfileValueSource] for class [pt.ulisboa.tecnico.socialsoftware.tutor.user.domain.CreateUserTest]
00:26:26.200 [main] DEBUG org.springframework.test.annotation.ProfileValueUtils - Retrieved @ProfileValueSourceConfiguration [null] for test class [pt.ulisboa.tecnico.socialsoftware.tutor.user.domain.CreateUserTest]
00:26:26.200 [main] DEBUG org.springframework.test.annotation.ProfileValueUtils - Retrieved ProfileValueSource type [class org.springframework.test.annotation.SystemProfileValueSource] for class [pt.ulisboa.tecnico.socialsoftware.tutor.user.domain.CreateUserTest]
00:26:26.200 [main] DEBUG org.springframework.test.annotation.ProfileValueUtils - Retrieved @ProfileValueSourceConfiguration [null] for test class [pt.ulisboa.tecnico.socialsoftware.tutor.user.domain.CreateUserTest]
00:26:26.200 [main] DEBUG org.springframework.test.annotation.ProfileValueUtils - Retrieved ProfileValueSource type [class org.springframework.test.annotation.SystemProfileValueSource] for class [pt.ulisboa.tecnico.socialsoftware.tutor.user.domain.CreateUserTest]
00:26:26.200 [main] DEBUG org.springframework.test.annotation.ProfileValueUtils - Retrieved @ProfileValueSourceConfiguration [null] for test class [pt.ulisboa.tecnico.socialsoftware.tutor.user.domain.CreateUserTest]
00:26:26.200 [main] DEBUG org.springframework.test.annotation.ProfileValueUtils - Retrieved ProfileValueSource type [class org.springframework.test.annotation.SystemProfileValueSource] for class [pt.ulisboa.tecnico.socialsoftware.tutor.user.domain.CreateUserTest]
00:26:26.200 [main] DEBUG org.springframework.test.context.BootstrapUtils - Instantiating CacheAwareContextLoaderDelegate from class [org.springframework.test.context.cache.DefaultCacheAwareContextLoaderDelegate]
00:26:26.200 [main] DEBUG org.springframework.test.context.BootstrapUtils - Instantiating BootstrapContext using constructor [public org.springframework.test.context.support.DefaultBootstrapContext(java.lang.Class,org.springframework.test.context.CacheAwareContextLoaderDelegate)]
00:26:26.201 [main] DEBUG org.springframework.test.context.BootstrapUtils - Instantiating TestContextBootstrapper for test class [pt.ulisboa.tecnico.socialsoftware.tutor.user.domain.CreateUserTest] from class [org.springframework.boot.test.autoconfigure.orm.jpa.DataJpaTestContextBootstrapper]
00:26:26.201 [main] INFO org.springframework.boot.test.autoconfigure.orm.jpa.DataJpaTestContextBootstrapper - Neither @ContextConfiguration nor @ContextHierarchy found for test class [pt.ulisboa.tecnico.socialsoftware.tutor.user.domain.CreateUserTest], using SpringBootContextLoader
00:26:26.202 [main] DEBUG org.springframework.test.context.support.AbstractContextLoader - Did not detect default resource location for test class [pt.ulisboa.tecnico.socialsoftware.tutor.user.domain.CreateUserTest]: class path resource [pt/ulisboa/tecnico/socialsoftware/tutor/user/domain/CreateUserTest-context.xml] does not exist
00:26:26.202 [main] DEBUG org.springframework.test.context.support.AbstractContextLoader - Did not detect default resource location for test class [pt.ulisboa.tecnico.socialsoftware.tutor.user.domain.CreateUserTest]: class path resource [pt/ulisboa/tecnico/socialsoftware/tutor/user/domain/CreateUserTestContext.groovy] does not exist
00:26:26.203 [main] INFO org.springframework.test.context.support.AbstractContextLoader - Could not detect default resource locations for test class [pt.ulisboa.tecnico.socialsoftware.tutor.user.domain.CreateUserTest]: no resource found for suffixes {-context.xml, Context.groovy}.
00:26:26.206 [main] DEBUG org.springframework.test.context.support.ActiveProfilesUtils - Could not find an 'annotation declaring class' for annotation type [org.springframework.test.context.ActiveProfiles] and class [pt.ulisboa.tecnico.socialsoftware.tutor.user.domain.CreateUserTest]
00:26:26.207 [main] INFO org.springframework.boot.test.context.SpringBootTestContextBootstrapper - Found @SpringBootConfiguration pt.ulisboa.tecnico.socialsoftware.tutor.TutorTestApplication for test class pt.ulisboa.tecnico.socialsoftware.tutor.user.domain.CreateUserTest
00:26:26.208 [main] DEBUG org.springframework.boot.test.autoconfigure.orm.jpa.DataJpaTestContextBootstrapper - @TestExecutionListeners is not present for class [pt.ulisboa.tecnico.socialsoftware.tutor.user.domain.CreateUserTest]: using defaults.
00:26:26.208 [main] INFO org.springframework.boot.test.autoconfigure.orm.jpa.DataJpaTestContextBootstrapper - Loaded default TestExecutionListener class names from location [META-INF/spring.factories]: [org.springframework.boot.test.mock.mockito.MockitoTestExecutionListener, org.springframework.boot.test.mock.mockito.ResetMocksTestExecutionListener, org.springframework.boot.test.autoconfigure.restdocs.RestDocsTestExecutionListener, org.springframework.boot.test.autoconfigure.web.client.MockRestServiceServerResetTestExecutionListener, org.springframework.boot.test.autoconfigure.web.servlet.MockMvcPrintOnlyOnFailureTestExecutionListener, org.springframework.boot.test.autoconfigure.web.servlet.WebDriverTestExecutionListener, org.springframework.boot.test.autoconfigure.webservices.client.MockWebServiceServerTestExecutionListener, org.springframework.test.context.web.ServletTestExecutionListener, org.springframework.test.context.support.DirtiesContextBeforeModesTestExecutionListener, org.springframework.test.context.event.ApplicationEventsTestExecutionListener, org.springframework.test.context.support.DependencyInjectionTestExecutionListener, org.springframework.test.context.support.DirtiesContextTestExecutionListener, org.springframework.test.context.transaction.TransactionalTestExecutionListener, org.springframework.test.context.jdbc.SqlScriptsTestExecutionListener, org.springframework.test.context.event.EventPublishingTestExecutionListener, org.springframework.security.test.context.support.WithSecurityContextTestExecutionListener, org.springframework.security.test.context.support.ReactorContextTestExecutionListener, org.spockframework.spring.SpringMockTestExecutionListener]
00:26:26.210 [main] INFO org.springframework.boot.test.autoconfigure.orm.jpa.DataJpaTestContextBootstrapper - Using TestExecutionListeners: [org.springframework.test.context.web.ServletTestExecutionListener@36995784, org.springframework.test.context.support.DirtiesContextBeforeModesTestExecutionListener@58dd1d0c, org.springframework.test.context.event.ApplicationEventsTestExecutionListener@740530b, org.springframework.boot.test.mock.mockito.MockitoTestExecutionListener@3dd8b40e, org.springframework.boot.test.autoconfigure.SpringBootDependencyInjectionTestExecutionListener@4101e146, org.springframework.test.context.support.DirtiesContextTestExecutionListener@7104b117, org.springframework.test.context.transaction.TransactionalTestExecutionListener@74597c37, org.springframework.test.context.jdbc.SqlScriptsTestExecutionListener@cd9ce76, org.springframework.test.context.event.EventPublishingTestExecutionListener@421c057a, org.springframework.security.test.context.support.WithSecurityContextTestExecutionListener@16448827, org.springframework.security.test.context.support.ReactorContextTestExecutionListener@2943e61c, org.springframework.boot.test.mock.mockito.ResetMocksTestExecutionListener@6bab373c, org.springframework.boot.test.autoconfigure.restdocs.RestDocsTestExecutionListener@493ed8e6, org.springframework.boot.test.autoconfigure.web.client.MockRestServiceServerResetTestExecutionListener@7b897456, org.springframework.boot.test.autoconfigure.web.servlet.MockMvcPrintOnlyOnFailureTestExecutionListener@4dcc0e3d, org.springframework.boot.test.autoconfigure.web.servlet.WebDriverTestExecutionListener@7fecc26f, org.springframework.boot.test.autoconfigure.webservices.client.MockWebServiceServerTestExecutionListener@402adc9c, org.spockframework.spring.SpringMockTestExecutionListener@70313b0b]
00:26:26.210 [main] DEBUG org.springframework.test.annotation.ProfileValueUtils - Retrieved @ProfileValueSourceConfiguration [null] for test class [pt.ulisboa.tecnico.socialsoftware.tutor.user.domain.FilterQuestionsByStudentModelTest]
00:26:26.210 [main] DEBUG org.springframework.test.annotation.ProfileValueUtils - Retrieved ProfileValueSource type [class org.springframework.test.annotation.SystemProfileValueSource] for class [pt.ulisboa.tecnico.socialsoftware.tutor.user.domain.FilterQuestionsByStudentModelTest]
00:26:26.210 [main] DEBUG org.springframework.test.annotation.ProfileValueUtils - Retrieved @ProfileValueSourceConfiguration [null] for test class [pt.ulisboa.tecnico.socialsoftware.tutor.user.domain.FilterQuestionsByStudentModelTest]
00:26:26.210 [main] DEBUG org.springframework.test.annotation.ProfileValueUtils - Retrieved ProfileValueSource type [class org.springframework.test.annotation.SystemProfileValueSource] for class [pt.ulisboa.tecnico.socialsoftware.tutor.user.domain.FilterQuestionsByStudentModelTest]
00:26:26.210 [main] DEBUG org.springframework.test.annotation.ProfileValueUtils - Retrieved @ProfileValueSourceConfiguration [null] for test class [pt.ulisboa.tecnico.socialsoftware.tutor.user.domain.FilterQuestionsByStudentModelTest]
00:26:26.210 [main] DEBUG org.springframework.test.annotation.ProfileValueUtils - Retrieved ProfileValueSource type [class org.springframework.test.annotation.SystemProfileValueSource] for class [pt.ulisboa.tecnico.socialsoftware.tutor.user.domain.FilterQuestionsByStudentModelTest]
00:26:26.210 [main] DEBUG org.springframework.test.annotation.ProfileValueUtils - Retrieved @ProfileValueSourceConfiguration [null] for test class [pt.ulisboa.tecnico.socialsoftware.tutor.user.domain.FilterQuestionsByStudentModelTest]
00:26:26.211 [main] DEBUG org.springframework.test.annotation.ProfileValueUtils - Retrieved ProfileValueSource type [class org.springframework.test.annotation.SystemProfileValueSource] for class [pt.ulisboa.tecnico.socialsoftware.tutor.user.domain.FilterQuestionsByStudentModelTest]
00:26:26.211 [main] DEBUG org.springframework.test.annotation.ProfileValueUtils - Retrieved @ProfileValueSourceConfiguration [null] for test class [pt.ulisboa.tecnico.socialsoftware.tutor.user.domain.FilterQuestionsByStudentModelTest]
00:26:26.211 [main] DEBUG org.springframework.test.annotation.ProfileValueUtils - Retrieved ProfileValueSource type [class org.springframework.test.annotation.SystemProfileValueSource] for class [pt.ulisboa.tecnico.socialsoftware.tutor.user.domain.FilterQuestionsByStudentModelTest]
00:26:26.211 [main] DEBUG org.springframework.test.context.BootstrapUtils - Instantiating CacheAwareContextLoaderDelegate from class [org.springframework.test.context.cache.DefaultCacheAwareContextLoaderDelegate]
00:26:26.211 [main] DEBUG org.springframework.test.context.BootstrapUtils - Instantiating BootstrapContext using constructor [public org.springframework.test.context.support.DefaultBootstrapContext(java.lang.Class,org.springframework.test.context.CacheAwareContextLoaderDelegate)]
00:26:26.211 [main] DEBUG org.springframework.test.context.BootstrapUtils - Instantiating TestContextBootstrapper for test class [pt.ulisboa.tecnico.socialsoftware.tutor.user.domain.FilterQuestionsByStudentModelTest] from class [org.springframework.boot.test.autoconfigure.orm.jpa.DataJpaTestContextBootstrapper]
00:26:26.211 [main] INFO org.springframework.boot.test.autoconfigure.orm.jpa.DataJpaTestContextBootstrapper - Neither @ContextConfiguration nor @ContextHierarchy found for test class [pt.ulisboa.tecnico.socialsoftware.tutor.user.domain.FilterQuestionsByStudentModelTest], using SpringBootContextLoader
00:26:26.212 [main] DEBUG org.springframework.test.context.support.AbstractContextLoader - Did not detect default resource location for test class [pt.ulisboa.tecnico.socialsoftware.tutor.user.domain.FilterQuestionsByStudentModelTest]: class path resource [pt/ulisboa/tecnico/socialsoftware/tutor/user/domain/FilterQuestionsByStudentModelTest-context.xml] does not exist
00:26:26.213 [main] DEBUG org.springframework.test.context.support.AbstractContextLoader - Did not detect default resource location for test class [pt.ulisboa.tecnico.socialsoftware.tutor.user.domain.FilterQuestionsByStudentModelTest]: class path resource [pt/ulisboa/tecnico/socialsoftware/tutor/user/domain/FilterQuestionsByStudentModelTestContext.groovy] does not exist
00:26:26.213 [main] INFO org.springframework.test.context.support.AbstractContextLoader - Could not detect default resource locations for test class [pt.ulisboa.tecnico.socialsoftware.tutor.user.domain.FilterQuestionsByStudentModelTest]: no resource found for suffixes {-context.xml, Context.groovy}.
00:26:26.217 [main] DEBUG org.springframework.test.context.support.ActiveProfilesUtils - Could not find an 'annotation declaring class' for annotation type [org.springframework.test.context.ActiveProfiles] and class [pt.ulisboa.tecnico.socialsoftware.tutor.user.domain.FilterQuestionsByStudentModelTest]
00:26:26.218 [main] INFO org.springframework.boot.test.context.SpringBootTestContextBootstrapper - Found @SpringBootConfiguration pt.ulisboa.tecnico.socialsoftware.tutor.TutorTestApplication for test class pt.ulisboa.tecnico.socialsoftware.tutor.user.domain.FilterQuestionsByStudentModelTest
00:26:26.219 [main] DEBUG org.springframework.boot.test.autoconfigure.orm.jpa.DataJpaTestContextBootstrapper - @TestExecutionListeners is not present for class [pt.ulisboa.tecnico.socialsoftware.tutor.user.domain.FilterQuestionsByStudentModelTest]: using defaults.
00:26:26.219 [main] INFO org.springframework.boot.test.autoconfigure.orm.jpa.DataJpaTestContextBootstrapper - Loaded default TestExecutionListener class names from location [META-INF/spring.factories]: [org.springframework.boot.test.mock.mockito.MockitoTestExecutionListener, org.springframework.boot.test.mock.mockito.ResetMocksTestExecutionListener, org.springframework.boot.test.autoconfigure.restdocs.RestDocsTestExecutionListener, org.springframework.boot.test.autoconfigure.web.client.MockRestServiceServerResetTestExecutionListener, org.springframework.boot.test.autoconfigure.web.servlet.MockMvcPrintOnlyOnFailureTestExecutionListener, org.springframework.boot.test.autoconfigure.web.servlet.WebDriverTestExecutionListener, org.springframework.boot.test.autoconfigure.webservices.client.MockWebServiceServerTestExecutionListener, org.springframework.test.context.web.ServletTestExecutionListener, org.springframework.test.context.support.DirtiesContextBeforeModesTestExecutionListener, org.springframework.test.context.event.ApplicationEventsTestExecutionListener, org.springframework.test.context.support.DependencyInjectionTestExecutionListener, org.springframework.test.context.support.DirtiesContextTestExecutionListener, org.springframework.test.context.transaction.TransactionalTestExecutionListener, org.springframework.test.context.jdbc.SqlScriptsTestExecutionListener, org.springframework.test.context.event.EventPublishingTestExecutionListener, org.springframework.security.test.context.support.WithSecurityContextTestExecutionListener, org.springframework.security.test.context.support.ReactorContextTestExecutionListener, org.spockframework.spring.SpringMockTestExecutionListener]
00:26:26.221 [main] INFO org.springframework.boot.test.autoconfigure.orm.jpa.DataJpaTestContextBootstrapper - Using TestExecutionListeners: [org.springframework.test.context.web.ServletTestExecutionListener@5da16ed6, org.springframework.test.context.support.DirtiesContextBeforeModesTestExecutionListener@444720b7, org.springframework.test.context.event.ApplicationEventsTestExecutionListener@529fda9f, org.springframework.boot.test.mock.mockito.MockitoTestExecutionListener@2b8f5aa4, org.springframework.boot.test.autoconfigure.SpringBootDependencyInjectionTestExecutionListener@7d0e46dd, org.springframework.test.context.support.DirtiesContextTestExecutionListener@318353, org.springframework.test.context.transaction.TransactionalTestExecutionListener@2cd6fae8, org.springframework.test.context.jdbc.SqlScriptsTestExecutionListener@7d5ddfac, org.springframework.test.context.event.EventPublishingTestExecutionListener@72ea5674, org.springframework.security.test.context.support.WithSecurityContextTestExecutionListener@7ecd6861, org.springframework.security.test.context.support.ReactorContextTestExecutionListener@6557dcea, org.springframework.boot.test.mock.mockito.ResetMocksTestExecutionListener@76e4df53, org.springframework.boot.test.autoconfigure.restdocs.RestDocsTestExecutionListener@569d6e0d, org.springframework.boot.test.autoconfigure.web.client.MockRestServiceServerResetTestExecutionListener@43069adf, org.springframework.boot.test.autoconfigure.web.servlet.MockMvcPrintOnlyOnFailureTestExecutionListener@18edbed9, org.springframework.boot.test.autoconfigure.web.servlet.WebDriverTestExecutionListener@4823f4d0, org.springframework.boot.test.autoconfigure.webservices.client.MockWebServiceServerTestExecutionListener@75f316df, org.spockframework.spring.SpringMockTestExecutionListener@2d4aadc]
00:26:26.222 [main] DEBUG org.springframework.test.annotation.ProfileValueUtils - Retrieved @ProfileValueSourceConfiguration [null] for test class [pt.ulisboa.tecnico.socialsoftware.tutor.user.domain.GetAuthoritiesTest]
00:26:26.222 [main] DEBUG org.springframework.test.annotation.ProfileValueUtils - Retrieved ProfileValueSource type [class org.springframework.test.annotation.SystemProfileValueSource] for class [pt.ulisboa.tecnico.socialsoftware.tutor.user.domain.GetAuthoritiesTest]
00:26:26.222 [main] DEBUG org.springframework.test.annotation.ProfileValueUtils - Retrieved @ProfileValueSourceConfiguration [null] for test class [pt.ulisboa.tecnico.socialsoftware.tutor.user.domain.GetAuthoritiesTest]
00:26:26.222 [main] DEBUG org.springframework.test.annotation.ProfileValueUtils - Retrieved ProfileValueSource type [class org.springframework.test.annotation.SystemProfileValueSource] for class [pt.ulisboa.tecnico.socialsoftware.tutor.user.domain.GetAuthoritiesTest]
00:26:26.222 [main] DEBUG org.springframework.test.context.BootstrapUtils - Instantiating CacheAwareContextLoaderDelegate from class [org.springframework.test.context.cache.DefaultCacheAwareContextLoaderDelegate]
00:26:26.222 [main] DEBUG org.springframework.test.context.BootstrapUtils - Instantiating BootstrapContext using constructor [public org.springframework.test.context.support.DefaultBootstrapContext(java.lang.Class,org.springframework.test.context.CacheAwareContextLoaderDelegate)]
00:26:26.222 [main] DEBUG org.springframework.test.context.BootstrapUtils - Instantiating TestContextBootstrapper for test class [pt.ulisboa.tecnico.socialsoftware.tutor.user.domain.GetAuthoritiesTest] from class [org.springframework.boot.test.autoconfigure.orm.jpa.DataJpaTestContextBootstrapper]
00:26:26.223 [main] INFO org.springframework.boot.test.autoconfigure.orm.jpa.DataJpaTestContextBootstrapper - Neither @ContextConfiguration nor @ContextHierarchy found for test class [pt.ulisboa.tecnico.socialsoftware.tutor.user.domain.GetAuthoritiesTest], using SpringBootContextLoader
00:26:26.224 [main] DEBUG org.springframework.test.context.support.AbstractContextLoader - Did not detect default resource location for test class [pt.ulisboa.tecnico.socialsoftware.tutor.user.domain.GetAuthoritiesTest]: class path resource [pt/ulisboa/tecnico/socialsoftware/tutor/user/domain/GetAuthoritiesTest-context.xml] does not exist
00:26:26.224 [main] DEBUG org.springframework.test.context.support.AbstractContextLoader - Did not detect default resource location for test class [pt.ulisboa.tecnico.socialsoftware.tutor.user.domain.GetAuthoritiesTest]: class path resource [pt/ulisboa/tecnico/socialsoftware/tutor/user/domain/GetAuthoritiesTestContext.groovy] does not exist
00:26:26.224 [main] INFO org.springframework.test.context.support.AbstractContextLoader - Could not detect default resource locations for test class [pt.ulisboa.tecnico.socialsoftware.tutor.user.domain.GetAuthoritiesTest]: no resource found for suffixes {-context.xml, Context.groovy}.
00:26:26.229 [main] DEBUG org.springframework.test.context.support.ActiveProfilesUtils - Could not find an 'annotation declaring class' for annotation type [org.springframework.test.context.ActiveProfiles] and class [pt.ulisboa.tecnico.socialsoftware.tutor.user.domain.GetAuthoritiesTest]
00:26:26.231 [main] INFO org.springframework.boot.test.context.SpringBootTestContextBootstrapper - Found @SpringBootConfiguration pt.ulisboa.tecnico.socialsoftware.tutor.TutorTestApplication for test class pt.ulisboa.tecnico.socialsoftware.tutor.user.domain.GetAuthoritiesTest
00:26:26.232 [main] DEBUG org.springframework.boot.test.autoconfigure.orm.jpa.DataJpaTestContextBootstrapper - @TestExecutionListeners is not present for class [pt.ulisboa.tecnico.socialsoftware.tutor.user.domain.GetAuthoritiesTest]: using defaults.
00:26:26.232 [main] INFO org.springframework.boot.test.autoconfigure.orm.jpa.DataJpaTestContextBootstrapper - Loaded default TestExecutionListener class names from location [META-INF/spring.factories]: [org.springframework.boot.test.mock.mockito.MockitoTestExecutionListener, org.springframework.boot.test.mock.mockito.ResetMocksTestExecutionListener, org.springframework.boot.test.autoconfigure.restdocs.RestDocsTestExecutionListener, org.springframework.boot.test.autoconfigure.web.client.MockRestServiceServerResetTestExecutionListener, org.springframework.boot.test.autoconfigure.web.servlet.MockMvcPrintOnlyOnFailureTestExecutionListener, org.springframework.boot.test.autoconfigure.web.servlet.WebDriverTestExecutionListener, org.springframework.boot.test.autoconfigure.webservices.client.MockWebServiceServerTestExecutionListener, org.springframework.test.context.web.ServletTestExecutionListener, org.springframework.test.context.support.DirtiesContextBeforeModesTestExecutionListener, org.springframework.test.context.event.ApplicationEventsTestExecutionListener, org.springframework.test.context.support.DependencyInjectionTestExecutionListener, org.springframework.test.context.support.DirtiesContextTestExecutionListener, org.springframework.test.context.transaction.TransactionalTestExecutionListener, org.springframework.test.context.jdbc.SqlScriptsTestExecutionListener, org.springframework.test.context.event.EventPublishingTestExecutionListener, org.springframework.security.test.context.support.WithSecurityContextTestExecutionListener, org.springframework.security.test.context.support.ReactorContextTestExecutionListener, org.spockframework.spring.SpringMockTestExecutionListener]
00:26:26.234 [main] INFO org.springframework.boot.test.autoconfigure.orm.jpa.DataJpaTestContextBootstrapper - Using TestExecutionListeners: [org.springframework.test.context.web.ServletTestExecutionListener@773ad729, org.springframework.test.context.support.DirtiesContextBeforeModesTestExecutionListener@20e8286a, org.springframework.test.context.event.ApplicationEventsTestExecutionListener@4d408746, org.springframework.boot.test.mock.mockito.MockitoTestExecutionListener@6ae55678, org.springframework.boot.test.autoconfigure.SpringBootDependencyInjectionTestExecutionListener@4bc75792, org.springframework.test.context.support.DirtiesContextTestExecutionListener@2a0d8df8, org.springframework.test.context.transaction.TransactionalTestExecutionListener@63be4548, org.springframework.test.context.jdbc.SqlScriptsTestExecutionListener@232899d1, org.springframework.test.context.event.EventPublishingTestExecutionListener@522221e1, org.springframework.security.test.context.support.WithSecurityContextTestExecutionListener@14060410, org.springframework.security.test.context.support.ReactorContextTestExecutionListener@58397dd, org.springframework.boot.test.mock.mockito.ResetMocksTestExecutionListener@620260ad, org.springframework.boot.test.autoconfigure.restdocs.RestDocsTestExecutionListener@216c6825, org.springframework.boot.test.autoconfigure.web.client.MockRestServiceServerResetTestExecutionListener@56ece9c, org.springframework.boot.test.autoconfigure.web.servlet.MockMvcPrintOnlyOnFailureTestExecutionListener@1c4a8c93, org.springframework.boot.test.autoconfigure.web.servlet.WebDriverTestExecutionListener@6d3c80bf, org.springframework.boot.test.autoconfigure.webservices.client.MockWebServiceServerTestExecutionListener@2f53e07d, org.spockframework.spring.SpringMockTestExecutionListener@5c3ad125]
00:26:26.234 [main] DEBUG org.springframework.test.annotation.ProfileValueUtils - Retrieved @ProfileValueSourceConfiguration [null] for test class [pt.ulisboa.tecnico.socialsoftware.tutor.user.domain.GetNumberOfAnswersTest]
00:26:26.235 [main] DEBUG org.springframework.test.annotation.ProfileValueUtils - Retrieved ProfileValueSource type [class org.springframework.test.annotation.SystemProfileValueSource] for class [pt.ulisboa.tecnico.socialsoftware.tutor.user.domain.GetNumberOfAnswersTest]
00:26:26.235 [main] DEBUG org.springframework.test.annotation.ProfileValueUtils - Retrieved @ProfileValueSourceConfiguration [null] for test class [pt.ulisboa.tecnico.socialsoftware.tutor.user.domain.GetNumberOfAnswersTest]
00:26:26.235 [main] DEBUG org.springframework.test.annotation.ProfileValueUtils - Retrieved ProfileValueSource type [class org.springframework.test.annotation.SystemProfileValueSource] for class [pt.ulisboa.tecnico.socialsoftware.tutor.user.domain.GetNumberOfAnswersTest]
00:26:26.235 [main] DEBUG org.springframework.test.context.BootstrapUtils - Instantiating CacheAwareContextLoaderDelegate from class [org.springframework.test.context.cache.DefaultCacheAwareContextLoaderDelegate]
00:26:26.235 [main] DEBUG org.springframework.test.context.BootstrapUtils - Instantiating BootstrapContext using constructor [public org.springframework.test.context.support.DefaultBootstrapContext(java.lang.Class,org.springframework.test.context.CacheAwareContextLoaderDelegate)]
00:26:26.235 [main] DEBUG org.springframework.test.context.BootstrapUtils - Instantiating TestContextBootstrapper for test class [pt.ulisboa.tecnico.socialsoftware.tutor.user.domain.GetNumberOfAnswersTest] from class [org.springframework.boot.test.autoconfigure.orm.jpa.DataJpaTestContextBootstrapper]
00:26:26.235 [main] INFO org.springframework.boot.test.autoconfigure.orm.jpa.DataJpaTestContextBootstrapper - Neither @ContextConfiguration nor @ContextHierarchy found for test class [pt.ulisboa.tecnico.socialsoftware.tutor.user.domain.GetNumberOfAnswersTest], using SpringBootContextLoader
00:26:26.236 [main] DEBUG org.springframework.test.context.support.AbstractContextLoader - Did not detect default resource location for test class [pt.ulisboa.tecnico.socialsoftware.tutor.user.domain.GetNumberOfAnswersTest]: class path resource [pt/ulisboa/tecnico/socialsoftware/tutor/user/domain/GetNumberOfAnswersTest-context.xml] does not exist
00:26:26.237 [main] DEBUG org.springframework.test.context.support.AbstractContextLoader - Did not detect default resource location for test class [pt.ulisboa.tecnico.socialsoftware.tutor.user.domain.GetNumberOfAnswersTest]: class path resource [pt/ulisboa/tecnico/socialsoftware/tutor/user/domain/GetNumberOfAnswersTestContext.groovy] does not exist
00:26:26.237 [main] INFO org.springframework.test.context.support.AbstractContextLoader - Could not detect default resource locations for test class [pt.ulisboa.tecnico.socialsoftware.tutor.user.domain.GetNumberOfAnswersTest]: no resource found for suffixes {-context.xml, Context.groovy}.
00:26:26.240 [main] DEBUG org.springframework.test.context.support.ActiveProfilesUtils - Could not find an 'annotation declaring class' for annotation type [org.springframework.test.context.ActiveProfiles] and class [pt.ulisboa.tecnico.socialsoftware.tutor.user.domain.GetNumberOfAnswersTest]
00:26:26.241 [main] INFO org.springframework.boot.test.context.SpringBootTestContextBootstrapper - Found @SpringBootConfiguration pt.ulisboa.tecnico.socialsoftware.tutor.TutorTestApplication for test class pt.ulisboa.tecnico.socialsoftware.tutor.user.domain.GetNumberOfAnswersTest
00:26:26.242 [main] DEBUG org.springframework.boot.test.autoconfigure.orm.jpa.DataJpaTestContextBootstrapper - @TestExecutionListeners is not present for class [pt.ulisboa.tecnico.socialsoftware.tutor.user.domain.GetNumberOfAnswersTest]: using defaults.
00:26:26.242 [main] INFO org.springframework.boot.test.autoconfigure.orm.jpa.DataJpaTestContextBootstrapper - Loaded default TestExecutionListener class names from location [META-INF/spring.factories]: [org.springframework.boot.test.mock.mockito.MockitoTestExecutionListener, org.springframework.boot.test.mock.mockito.ResetMocksTestExecutionListener, org.springframework.boot.test.autoconfigure.restdocs.RestDocsTestExecutionListener, org.springframework.boot.test.autoconfigure.web.client.MockRestServiceServerResetTestExecutionListener, org.springframework.boot.test.autoconfigure.web.servlet.MockMvcPrintOnlyOnFailureTestExecutionListener, org.springframework.boot.test.autoconfigure.web.servlet.WebDriverTestExecutionListener, org.springframework.boot.test.autoconfigure.webservices.client.MockWebServiceServerTestExecutionListener, org.springframework.test.context.web.ServletTestExecutionListener, org.springframework.test.context.support.DirtiesContextBeforeModesTestExecutionListener, org.springframework.test.context.event.ApplicationEventsTestExecutionListener, org.springframework.test.context.support.DependencyInjectionTestExecutionListener, org.springframework.test.context.support.DirtiesContextTestExecutionListener, org.springframework.test.context.transaction.TransactionalTestExecutionListener, org.springframework.test.context.jdbc.SqlScriptsTestExecutionListener, org.springframework.test.context.event.EventPublishingTestExecutionListener, org.springframework.security.test.context.support.WithSecurityContextTestExecutionListener, org.springframework.security.test.context.support.ReactorContextTestExecutionListener, org.spockframework.spring.SpringMockTestExecutionListener]
00:26:26.243 [main] INFO org.springframework.boot.test.autoconfigure.orm.jpa.DataJpaTestContextBootstrapper - Using TestExecutionListeners: [org.springframework.test.context.web.ServletTestExecutionListener@145ce025, org.springframework.test.context.support.DirtiesContextBeforeModesTestExecutionListener@1deca369, org.springframework.test.context.event.ApplicationEventsTestExecutionListener@2d0ce8a1, org.springframework.boot.test.mock.mockito.MockitoTestExecutionListener@2735a7dc, org.springframework.boot.test.autoconfigure.SpringBootDependencyInjectionTestExecutionListener@549b26d7, org.springframework.test.context.support.DirtiesContextTestExecutionListener@2c9430c6, org.springframework.test.context.transaction.TransactionalTestExecutionListener@66978c15, org.springframework.test.context.jdbc.SqlScriptsTestExecutionListener@6c96dc5c, org.springframework.test.context.event.EventPublishingTestExecutionListener@61b6f287, org.springframework.security.test.context.support.WithSecurityContextTestExecutionListener@6ca9ec77, org.springframework.security.test.context.support.ReactorContextTestExecutionListener@360432d3, org.springframework.boot.test.mock.mockito.ResetMocksTestExecutionListener@6c2a7c73, org.springframework.boot.test.autoconfigure.restdocs.RestDocsTestExecutionListener@3ade99bb, org.springframework.boot.test.autoconfigure.web.client.MockRestServiceServerResetTestExecutionListener@193710c3, org.springframework.boot.test.autoconfigure.web.servlet.MockMvcPrintOnlyOnFailureTestExecutionListener@eb23b9c, org.springframework.boot.test.autoconfigure.web.servlet.WebDriverTestExecutionListener@314407dd, org.springframework.boot.test.autoconfigure.webservices.client.MockWebServiceServerTestExecutionListener@7f19430f, org.spockframework.spring.SpringMockTestExecutionListener@5e89e527]
00:26:26.243 [main] DEBUG org.springframework.test.annotation.ProfileValueUtils - Retrieved @ProfileValueSourceConfiguration [null] for test class [pt.ulisboa.tecnico.socialsoftware.tutor.user.domain.GetNumberOfCorrectAnswersTest]
00:26:26.243 [main] DEBUG org.springframework.test.annotation.ProfileValueUtils - Retrieved ProfileValueSource type [class org.springframework.test.annotation.SystemProfileValueSource] for class [pt.ulisboa.tecnico.socialsoftware.tutor.user.domain.GetNumberOfCorrectAnswersTest]
00:26:26.243 [main] DEBUG org.springframework.test.annotation.ProfileValueUtils - Retrieved @ProfileValueSourceConfiguration [null] for test class [pt.ulisboa.tecnico.socialsoftware.tutor.user.domain.GetNumberOfCorrectAnswersTest]
00:26:26.244 [main] DEBUG org.springframework.test.annotation.ProfileValueUtils - Retrieved ProfileValueSource type [class org.springframework.test.annotation.SystemProfileValueSource] for class [pt.ulisboa.tecnico.socialsoftware.tutor.user.domain.GetNumberOfCorrectAnswersTest]
00:26:26.244 [main] DEBUG org.springframework.test.context.BootstrapUtils - Instantiating CacheAwareContextLoaderDelegate from class [org.springframework.test.context.cache.DefaultCacheAwareContextLoaderDelegate]
00:26:26.244 [main] DEBUG org.springframework.test.context.BootstrapUtils - Instantiating BootstrapContext using constructor [public org.springframework.test.context.support.DefaultBootstrapContext(java.lang.Class,org.springframework.test.context.CacheAwareContextLoaderDelegate)]
00:26:26.244 [main] DEBUG org.springframework.test.context.BootstrapUtils - Instantiating TestContextBootstrapper for test class [pt.ulisboa.tecnico.socialsoftware.tutor.user.domain.GetNumberOfCorrectAnswersTest] from class [org.springframework.boot.test.autoconfigure.orm.jpa.DataJpaTestContextBootstrapper]
00:26:26.244 [main] INFO org.springframework.boot.test.autoconfigure.orm.jpa.DataJpaTestContextBootstrapper - Neither @ContextConfiguration nor @ContextHierarchy found for test class [pt.ulisboa.tecnico.socialsoftware.tutor.user.domain.GetNumberOfCorrectAnswersTest], using SpringBootContextLoader
00:26:26.245 [main] DEBUG org.springframework.test.context.support.AbstractContextLoader - Did not detect default resource location for test class [pt.ulisboa.tecnico.socialsoftware.tutor.user.domain.GetNumberOfCorrectAnswersTest]: class path resource [pt/ulisboa/tecnico/socialsoftware/tutor/user/domain/GetNumberOfCorrectAnswersTest-context.xml] does not exist
00:26:26.246 [main] DEBUG org.springframework.test.context.support.AbstractContextLoader - Did not detect default resource location for test class [pt.ulisboa.tecnico.socialsoftware.tutor.user.domain.GetNumberOfCorrectAnswersTest]: class path resource [pt/ulisboa/tecnico/socialsoftware/tutor/user/domain/GetNumberOfCorrectAnswersTestContext.groovy] does not exist
00:26:26.246 [main] INFO org.springframework.test.context.support.AbstractContextLoader - Could not detect default resource locations for test class [pt.ulisboa.tecnico.socialsoftware.tutor.user.domain.GetNumberOfCorrectAnswersTest]: no resource found for suffixes {-context.xml, Context.groovy}.
00:26:26.250 [main] DEBUG org.springframework.test.context.support.ActiveProfilesUtils - Could not find an 'annotation declaring class' for annotation type [org.springframework.test.context.ActiveProfiles] and class [pt.ulisboa.tecnico.socialsoftware.tutor.user.domain.GetNumberOfCorrectAnswersTest]
00:26:26.251 [main] INFO org.springframework.boot.test.context.SpringBootTestContextBootstrapper - Found @SpringBootConfiguration pt.ulisboa.tecnico.socialsoftware.tutor.TutorTestApplication for test class pt.ulisboa.tecnico.socialsoftware.tutor.user.domain.GetNumberOfCorrectAnswersTest
00:26:26.251 [main] DEBUG org.springframework.boot.test.autoconfigure.orm.jpa.DataJpaTestContextBootstrapper - @TestExecutionListeners is not present for class [pt.ulisboa.tecnico.socialsoftware.tutor.user.domain.GetNumberOfCorrectAnswersTest]: using defaults.
00:26:26.251 [main] INFO org.springframework.boot.test.autoconfigure.orm.jpa.DataJpaTestContextBootstrapper - Loaded default TestExecutionListener class names from location [META-INF/spring.factories]: [org.springframework.boot.test.mock.mockito.MockitoTestExecutionListener, org.springframework.boot.test.mock.mockito.ResetMocksTestExecutionListener, org.springframework.boot.test.autoconfigure.restdocs.RestDocsTestExecutionListener, org.springframework.boot.test.autoconfigure.web.client.MockRestServiceServerResetTestExecutionListener, org.springframework.boot.test.autoconfigure.web.servlet.MockMvcPrintOnlyOnFailureTestExecutionListener, org.springframework.boot.test.autoconfigure.web.servlet.WebDriverTestExecutionListener, org.springframework.boot.test.autoconfigure.webservices.client.MockWebServiceServerTestExecutionListener, org.springframework.test.context.web.ServletTestExecutionListener, org.springframework.test.context.support.DirtiesContextBeforeModesTestExecutionListener, org.springframework.test.context.event.ApplicationEventsTestExecutionListener, org.springframework.test.context.support.DependencyInjectionTestExecutionListener, org.springframework.test.context.support.DirtiesContextTestExecutionListener, org.springframework.test.context.transaction.TransactionalTestExecutionListener, org.springframework.test.context.jdbc.SqlScriptsTestExecutionListener, org.springframework.test.context.event.EventPublishingTestExecutionListener, org.springframework.security.test.context.support.WithSecurityContextTestExecutionListener, org.springframework.security.test.context.support.ReactorContextTestExecutionListener, org.spockframework.spring.SpringMockTestExecutionListener]
00:26:26.253 [main] INFO org.springframework.boot.test.autoconfigure.orm.jpa.DataJpaTestContextBootstrapper - Using TestExecutionListeners: [org.springframework.test.context.web.ServletTestExecutionListener@41f84bb1, org.springframework.test.context.support.DirtiesContextBeforeModesTestExecutionListener@5013c6bc, org.springframework.test.context.event.ApplicationEventsTestExecutionListener@6527f68a, org.springframework.boot.test.mock.mockito.MockitoTestExecutionListener@741687d4, org.springframework.boot.test.autoconfigure.SpringBootDependencyInjectionTestExecutionListener@77b0ff24, org.springframework.test.context.support.DirtiesContextTestExecutionListener@3958e148, org.springframework.test.context.transaction.TransactionalTestExecutionListener@6391d34f, org.springframework.test.context.jdbc.SqlScriptsTestExecutionListener@23f9d0ce, org.springframework.test.context.event.EventPublishingTestExecutionListener@53c0424a, org.springframework.security.test.context.support.WithSecurityContextTestExecutionListener@2d6cbbdb, org.springframework.security.test.context.support.ReactorContextTestExecutionListener@408a0e92, org.springframework.boot.test.mock.mockito.ResetMocksTestExecutionListener@2d18d9ed, org.springframework.boot.test.autoconfigure.restdocs.RestDocsTestExecutionListener@7c9b0c16, org.springframework.boot.test.autoconfigure.web.client.MockRestServiceServerResetTestExecutionListener@34e1c23d, org.springframework.boot.test.autoconfigure.web.servlet.MockMvcPrintOnlyOnFailureTestExecutionListener@240fa4ad, org.springframework.boot.test.autoconfigure.web.servlet.WebDriverTestExecutionListener@4fb3c670, org.springframework.boot.test.autoconfigure.webservices.client.MockWebServiceServerTestExecutionListener@6b6c882c, org.spockframework.spring.SpringMockTestExecutionListener@51a65f56]
00:26:26.253 [main] DEBUG org.springframework.test.annotation.ProfileValueUtils - Retrieved @ProfileValueSourceConfiguration [null] for test class [pt.ulisboa.tecnico.socialsoftware.tutor.user.domain.GetNumberOfQuizzesTest]
00:26:26.253 [main] DEBUG org.springframework.test.annotation.ProfileValueUtils - Retrieved ProfileValueSource type [class org.springframework.test.annotation.SystemProfileValueSource] for class [pt.ulisboa.tecnico.socialsoftware.tutor.user.domain.GetNumberOfQuizzesTest]
00:26:26.253 [main] DEBUG org.springframework.test.annotation.ProfileValueUtils - Retrieved @ProfileValueSourceConfiguration [null] for test class [pt.ulisboa.tecnico.socialsoftware.tutor.user.domain.GetNumberOfQuizzesTest]
00:26:26.254 [main] DEBUG org.springframework.test.annotation.ProfileValueUtils - Retrieved ProfileValueSource type [class org.springframework.test.annotation.SystemProfileValueSource] for class [pt.ulisboa.tecnico.socialsoftware.tutor.user.domain.GetNumberOfQuizzesTest]
00:26:26.254 [main] DEBUG org.springframework.test.context.BootstrapUtils - Instantiating CacheAwareContextLoaderDelegate from class [org.springframework.test.context.cache.DefaultCacheAwareContextLoaderDelegate]
00:26:26.254 [main] DEBUG org.springframework.test.context.BootstrapUtils - Instantiating BootstrapContext using constructor [public org.springframework.test.context.support.DefaultBootstrapContext(java.lang.Class,org.springframework.test.context.CacheAwareContextLoaderDelegate)]
00:26:26.254 [main] DEBUG org.springframework.test.context.BootstrapUtils - Instantiating TestContextBootstrapper for test class [pt.ulisboa.tecnico.socialsoftware.tutor.user.domain.GetNumberOfQuizzesTest] from class [org.springframework.boot.test.autoconfigure.orm.jpa.DataJpaTestContextBootstrapper]
00:26:26.254 [main] INFO org.springframework.boot.test.autoconfigure.orm.jpa.DataJpaTestContextBootstrapper - Neither @ContextConfiguration nor @ContextHierarchy found for test class [pt.ulisboa.tecnico.socialsoftware.tutor.user.domain.GetNumberOfQuizzesTest], using SpringBootContextLoader
00:26:26.255 [main] DEBUG org.springframework.test.context.support.AbstractContextLoader - Did not detect default resource location for test class [pt.ulisboa.tecnico.socialsoftware.tutor.user.domain.GetNumberOfQuizzesTest]: class path resource [pt/ulisboa/tecnico/socialsoftware/tutor/user/domain/GetNumberOfQuizzesTest-context.xml] does not exist
00:26:26.256 [main] DEBUG org.springframework.test.context.support.AbstractContextLoader - Did not detect default resource location for test class [pt.ulisboa.tecnico.socialsoftware.tutor.user.domain.GetNumberOfQuizzesTest]: class path resource [pt/ulisboa/tecnico/socialsoftware/tutor/user/domain/GetNumberOfQuizzesTestContext.groovy] does not exist
00:26:26.256 [main] INFO org.springframework.test.context.support.AbstractContextLoader - Could not detect default resource locations for test class [pt.ulisboa.tecnico.socialsoftware.tutor.user.domain.GetNumberOfQuizzesTest]: no resource found for suffixes {-context.xml, Context.groovy}.
00:26:26.259 [main] DEBUG org.springframework.test.context.support.ActiveProfilesUtils - Could not find an 'annotation declaring class' for annotation type [org.springframework.test.context.ActiveProfiles] and class [pt.ulisboa.tecnico.socialsoftware.tutor.user.domain.GetNumberOfQuizzesTest]
00:26:26.260 [main] INFO org.springframework.boot.test.context.SpringBootTestContextBootstrapper - Found @SpringBootConfiguration pt.ulisboa.tecnico.socialsoftware.tutor.TutorTestApplication for test class pt.ulisboa.tecnico.socialsoftware.tutor.user.domain.GetNumberOfQuizzesTest
00:26:26.261 [main] DEBUG org.springframework.boot.test.autoconfigure.orm.jpa.DataJpaTestContextBootstrapper - @TestExecutionListeners is not present for class [pt.ulisboa.tecnico.socialsoftware.tutor.user.domain.GetNumberOfQuizzesTest]: using defaults.
00:26:26.261 [main] INFO org.springframework.boot.test.autoconfigure.orm.jpa.DataJpaTestContextBootstrapper - Loaded default TestExecutionListener class names from location [META-INF/spring.factories]: [org.springframework.boot.test.mock.mockito.MockitoTestExecutionListener, org.springframework.boot.test.mock.mockito.ResetMocksTestExecutionListener, org.springframework.boot.test.autoconfigure.restdocs.RestDocsTestExecutionListener, org.springframework.boot.test.autoconfigure.web.client.MockRestServiceServerResetTestExecutionListener, org.springframework.boot.test.autoconfigure.web.servlet.MockMvcPrintOnlyOnFailureTestExecutionListener, org.springframework.boot.test.autoconfigure.web.servlet.WebDriverTestExecutionListener, org.springframework.boot.test.autoconfigure.webservices.client.MockWebServiceServerTestExecutionListener, org.springframework.test.context.web.ServletTestExecutionListener, org.springframework.test.context.support.DirtiesContextBeforeModesTestExecutionListener, org.springframework.test.context.event.ApplicationEventsTestExecutionListener, org.springframework.test.context.support.DependencyInjectionTestExecutionListener, org.springframework.test.context.support.DirtiesContextTestExecutionListener, org.springframework.test.context.transaction.TransactionalTestExecutionListener, org.springframework.test.context.jdbc.SqlScriptsTestExecutionListener, org.springframework.test.context.event.EventPublishingTestExecutionListener, org.springframework.security.test.context.support.WithSecurityContextTestExecutionListener, org.springframework.security.test.context.support.ReactorContextTestExecutionListener, org.spockframework.spring.SpringMockTestExecutionListener]
00:26:26.263 [main] INFO org.springframework.boot.test.autoconfigure.orm.jpa.DataJpaTestContextBootstrapper - Using TestExecutionListeners: [org.springframework.test.context.web.ServletTestExecutionListener@8d5b303, org.springframework.test.context.support.DirtiesContextBeforeModesTestExecutionListener@5984742f, org.springframework.test.context.event.ApplicationEventsTestExecutionListener@56a6aadb, org.springframework.boot.test.mock.mockito.MockitoTestExecutionListener@359903b6, org.springframework.boot.test.autoconfigure.SpringBootDependencyInjectionTestExecutionListener@1071f3ad, org.springframework.test.context.support.DirtiesContextTestExecutionListener@6aaed880, org.springframework.test.context.transaction.TransactionalTestExecutionListener@9bd477c, org.springframework.test.context.jdbc.SqlScriptsTestExecutionListener@7444714e, org.springframework.test.context.event.EventPublishingTestExecutionListener@6b3708f0, org.springframework.security.test.context.support.WithSecurityContextTestExecutionListener@77c1a7ce, org.springframework.security.test.context.support.ReactorContextTestExecutionListener@14a488ed, org.springframework.boot.test.mock.mockito.ResetMocksTestExecutionListener@433d5536, org.springframework.boot.test.autoconfigure.restdocs.RestDocsTestExecutionListener@101eb529, org.springframework.boot.test.autoconfigure.web.client.MockRestServiceServerResetTestExecutionListener@6a9b8f33, org.springframework.boot.test.autoconfigure.web.servlet.MockMvcPrintOnlyOnFailureTestExecutionListener@5ac8916d, org.springframework.boot.test.autoconfigure.web.servlet.WebDriverTestExecutionListener@7375ebe7, org.springframework.boot.test.autoconfigure.webservices.client.MockWebServiceServerTestExecutionListener@16a7af5d, org.spockframework.spring.SpringMockTestExecutionListener@207358ad]
00:26:26.263 [main] DEBUG org.springframework.test.annotation.ProfileValueUtils - Retrieved @ProfileValueSourceConfiguration [null] for test class [pt.ulisboa.tecnico.socialsoftware.tutor.user.domain.IncreaseNumberOfAnswersTest]
00:26:26.263 [main] DEBUG org.springframework.test.annotation.ProfileValueUtils - Retrieved ProfileValueSource type [class org.springframework.test.annotation.SystemProfileValueSource] for class [pt.ulisboa.tecnico.socialsoftware.tutor.user.domain.IncreaseNumberOfAnswersTest]
00:26:26.264 [main] DEBUG org.springframework.test.annotation.ProfileValueUtils - Retrieved @ProfileValueSourceConfiguration [null] for test class [pt.ulisboa.tecnico.socialsoftware.tutor.user.domain.IncreaseNumberOfAnswersTest]
00:26:26.264 [main] DEBUG org.springframework.test.annotation.ProfileValueUtils - Retrieved ProfileValueSource type [class org.springframework.test.annotation.SystemProfileValueSource] for class [pt.ulisboa.tecnico.socialsoftware.tutor.user.domain.IncreaseNumberOfAnswersTest]
00:26:26.264 [main] DEBUG org.springframework.test.context.BootstrapUtils - Instantiating CacheAwareContextLoaderDelegate from class [org.springframework.test.context.cache.DefaultCacheAwareContextLoaderDelegate]
00:26:26.264 [main] DEBUG org.springframework.test.context.BootstrapUtils - Instantiating BootstrapContext using constructor [public org.springframework.test.context.support.DefaultBootstrapContext(java.lang.Class,org.springframework.test.context.CacheAwareContextLoaderDelegate)]
00:26:26.264 [main] DEBUG org.springframework.test.context.BootstrapUtils - Instantiating TestContextBootstrapper for test class [pt.ulisboa.tecnico.socialsoftware.tutor.user.domain.IncreaseNumberOfAnswersTest] from class [org.springframework.boot.test.autoconfigure.orm.jpa.DataJpaTestContextBootstrapper]
00:26:26.264 [main] INFO org.springframework.boot.test.autoconfigure.orm.jpa.DataJpaTestContextBootstrapper - Neither @ContextConfiguration nor @ContextHierarchy found for test class [pt.ulisboa.tecnico.socialsoftware.tutor.user.domain.IncreaseNumberOfAnswersTest], using SpringBootContextLoader
00:26:26.265 [main] DEBUG org.springframework.test.context.support.AbstractContextLoader - Did not detect default resource location for test class [pt.ulisboa.tecnico.socialsoftware.tutor.user.domain.IncreaseNumberOfAnswersTest]: class path resource [pt/ulisboa/tecnico/socialsoftware/tutor/user/domain/IncreaseNumberOfAnswersTest-context.xml] does not exist
00:26:26.266 [main] DEBUG org.springframework.test.context.support.AbstractContextLoader - Did not detect default resource location for test class [pt.ulisboa.tecnico.socialsoftware.tutor.user.domain.IncreaseNumberOfAnswersTest]: class path resource [pt/ulisboa/tecnico/socialsoftware/tutor/user/domain/IncreaseNumberOfAnswersTestContext.groovy] does not exist
00:26:26.266 [main] INFO org.springframework.test.context.support.AbstractContextLoader - Could not detect default resource locations for test class [pt.ulisboa.tecnico.socialsoftware.tutor.user.domain.IncreaseNumberOfAnswersTest]: no resource found for suffixes {-context.xml, Context.groovy}.
00:26:26.270 [main] DEBUG org.springframework.test.context.support.ActiveProfilesUtils - Could not find an 'annotation declaring class' for annotation type [org.springframework.test.context.ActiveProfiles] and class [pt.ulisboa.tecnico.socialsoftware.tutor.user.domain.IncreaseNumberOfAnswersTest]
00:26:26.271 [main] INFO org.springframework.boot.test.context.SpringBootTestContextBootstrapper - Found @SpringBootConfiguration pt.ulisboa.tecnico.socialsoftware.tutor.TutorTestApplication for test class pt.ulisboa.tecnico.socialsoftware.tutor.user.domain.IncreaseNumberOfAnswersTest
00:26:26.272 [main] DEBUG org.springframework.boot.test.autoconfigure.orm.jpa.DataJpaTestContextBootstrapper - @TestExecutionListeners is not present for class [pt.ulisboa.tecnico.socialsoftware.tutor.user.domain.IncreaseNumberOfAnswersTest]: using defaults.
00:26:26.272 [main] INFO org.springframework.boot.test.autoconfigure.orm.jpa.DataJpaTestContextBootstrapper - Loaded default TestExecutionListener class names from location [META-INF/spring.factories]: [org.springframework.boot.test.mock.mockito.MockitoTestExecutionListener, org.springframework.boot.test.mock.mockito.ResetMocksTestExecutionListener, org.springframework.boot.test.autoconfigure.restdocs.RestDocsTestExecutionListener, org.springframework.boot.test.autoconfigure.web.client.MockRestServiceServerResetTestExecutionListener, org.springframework.boot.test.autoconfigure.web.servlet.MockMvcPrintOnlyOnFailureTestExecutionListener, org.springframework.boot.test.autoconfigure.web.servlet.WebDriverTestExecutionListener, org.springframework.boot.test.autoconfigure.webservices.client.MockWebServiceServerTestExecutionListener, org.springframework.test.context.web.ServletTestExecutionListener, org.springframework.test.context.support.DirtiesContextBeforeModesTestExecutionListener, org.springframework.test.context.event.ApplicationEventsTestExecutionListener, org.springframework.test.context.support.DependencyInjectionTestExecutionListener, org.springframework.test.context.support.DirtiesContextTestExecutionListener, org.springframework.test.context.transaction.TransactionalTestExecutionListener, org.springframework.test.context.jdbc.SqlScriptsTestExecutionListener, org.springframework.test.context.event.EventPublishingTestExecutionListener, org.springframework.security.test.context.support.WithSecurityContextTestExecutionListener, org.springframework.security.test.context.support.ReactorContextTestExecutionListener, org.spockframework.spring.SpringMockTestExecutionListener]
00:26:26.274 [main] INFO org.springframework.boot.test.autoconfigure.orm.jpa.DataJpaTestContextBootstrapper - Using TestExecutionListeners: [org.springframework.test.context.web.ServletTestExecutionListener@3e2ee637, org.springframework.test.context.support.DirtiesContextBeforeModesTestExecutionListener@62d818c6, org.springframework.test.context.event.ApplicationEventsTestExecutionListener@492e9e87, org.springframework.boot.test.mock.mockito.MockitoTestExecutionListener@7322013f, org.springframework.boot.test.autoconfigure.SpringBootDependencyInjectionTestExecutionListener@3a744e32, org.springframework.test.context.support.DirtiesContextTestExecutionListener@18487f92, org.springframework.test.context.transaction.TransactionalTestExecutionListener@252f00ba, org.springframework.test.context.jdbc.SqlScriptsTestExecutionListener@4667c6d9, org.springframework.test.context.event.EventPublishingTestExecutionListener@5efa05f9, org.springframework.security.test.context.support.WithSecurityContextTestExecutionListener@515555b, org.springframework.security.test.context.support.ReactorContextTestExecutionListener@58e2af93, org.springframework.boot.test.mock.mockito.ResetMocksTestExecutionListener@204beb58, org.springframework.boot.test.autoconfigure.restdocs.RestDocsTestExecutionListener@2e10f765, org.springframework.boot.test.autoconfigure.web.client.MockRestServiceServerResetTestExecutionListener@100d071, org.springframework.boot.test.autoconfigure.web.servlet.MockMvcPrintOnlyOnFailureTestExecutionListener@4c5379f5, org.springframework.boot.test.autoconfigure.web.servlet.WebDriverTestExecutionListener@333d5a0c, org.springframework.boot.test.autoconfigure.webservices.client.MockWebServiceServerTestExecutionListener@1abf38d1, org.spockframework.spring.SpringMockTestExecutionListener@1d3bf0af]
00:26:26.275 [main] DEBUG org.springframework.test.annotation.ProfileValueUtils - Retrieved @ProfileValueSourceConfiguration [null] for test class [pt.ulisboa.tecnico.socialsoftware.tutor.user.domain.IncreaseNumberOfQuizzesTest]
00:26:26.275 [main] DEBUG org.springframework.test.annotation.ProfileValueUtils - Retrieved ProfileValueSource type [class org.springframework.test.annotation.SystemProfileValueSource] for class [pt.ulisboa.tecnico.socialsoftware.tutor.user.domain.IncreaseNumberOfQuizzesTest]
00:26:26.275 [main] DEBUG org.springframework.test.annotation.ProfileValueUtils - Retrieved @ProfileValueSourceConfiguration [null] for test class [pt.ulisboa.tecnico.socialsoftware.tutor.user.domain.IncreaseNumberOfQuizzesTest]
00:26:26.275 [main] DEBUG org.springframework.test.annotation.ProfileValueUtils - Retrieved ProfileValueSource type [class org.springframework.test.annotation.SystemProfileValueSource] for class [pt.ulisboa.tecnico.socialsoftware.tutor.user.domain.IncreaseNumberOfQuizzesTest]
00:26:26.275 [main] DEBUG org.springframework.test.context.BootstrapUtils - Instantiating CacheAwareContextLoaderDelegate from class [org.springframework.test.context.cache.DefaultCacheAwareContextLoaderDelegate]
00:26:26.275 [main] DEBUG org.springframework.test.context.BootstrapUtils - Instantiating BootstrapContext using constructor [public org.springframework.test.context.support.DefaultBootstrapContext(java.lang.Class,org.springframework.test.context.CacheAwareContextLoaderDelegate)]
00:26:26.275 [main] DEBUG org.springframework.test.context.BootstrapUtils - Instantiating TestContextBootstrapper for test class [pt.ulisboa.tecnico.socialsoftware.tutor.user.domain.IncreaseNumberOfQuizzesTest] from class [org.springframework.boot.test.autoconfigure.orm.jpa.DataJpaTestContextBootstrapper]
00:26:26.276 [main] INFO org.springframework.boot.test.autoconfigure.orm.jpa.DataJpaTestContextBootstrapper - Neither @ContextConfiguration nor @ContextHierarchy found for test class [pt.ulisboa.tecnico.socialsoftware.tutor.user.domain.IncreaseNumberOfQuizzesTest], using SpringBootContextLoader
00:26:26.277 [main] DEBUG org.springframework.test.context.support.AbstractContextLoader - Did not detect default resource location for test class [pt.ulisboa.tecnico.socialsoftware.tutor.user.domain.IncreaseNumberOfQuizzesTest]: class path resource [pt/ulisboa/tecnico/socialsoftware/tutor/user/domain/IncreaseNumberOfQuizzesTest-context.xml] does not exist
00:26:26.277 [main] DEBUG org.springframework.test.context.support.AbstractContextLoader - Did not detect default resource location for test class [pt.ulisboa.tecnico.socialsoftware.tutor.user.domain.IncreaseNumberOfQuizzesTest]: class path resource [pt/ulisboa/tecnico/socialsoftware/tutor/user/domain/IncreaseNumberOfQuizzesTestContext.groovy] does not exist
00:26:26.278 [main] INFO org.springframework.test.context.support.AbstractContextLoader - Could not detect default resource locations for test class [pt.ulisboa.tecnico.socialsoftware.tutor.user.domain.IncreaseNumberOfQuizzesTest]: no resource found for suffixes {-context.xml, Context.groovy}.
00:26:26.281 [main] DEBUG org.springframework.test.context.support.ActiveProfilesUtils - Could not find an 'annotation declaring class' for annotation type [org.springframework.test.context.ActiveProfiles] and class [pt.ulisboa.tecnico.socialsoftware.tutor.user.domain.IncreaseNumberOfQuizzesTest]
00:26:26.282 [main] INFO org.springframework.boot.test.context.SpringBootTestContextBootstrapper - Found @SpringBootConfiguration pt.ulisboa.tecnico.socialsoftware.tutor.TutorTestApplication for test class pt.ulisboa.tecnico.socialsoftware.tutor.user.domain.IncreaseNumberOfQuizzesTest
00:26:26.282 [main] DEBUG org.springframework.boot.test.autoconfigure.orm.jpa.DataJpaTestContextBootstrapper - @TestExecutionListeners is not present for class [pt.ulisboa.tecnico.socialsoftware.tutor.user.domain.IncreaseNumberOfQuizzesTest]: using defaults.
00:26:26.282 [main] INFO org.springframework.boot.test.autoconfigure.orm.jpa.DataJpaTestContextBootstrapper - Loaded default TestExecutionListener class names from location [META-INF/spring.factories]: [org.springframework.boot.test.mock.mockito.MockitoTestExecutionListener, org.springframework.boot.test.mock.mockito.ResetMocksTestExecutionListener, org.springframework.boot.test.autoconfigure.restdocs.RestDocsTestExecutionListener, org.springframework.boot.test.autoconfigure.web.client.MockRestServiceServerResetTestExecutionListener, org.springframework.boot.test.autoconfigure.web.servlet.MockMvcPrintOnlyOnFailureTestExecutionListener, org.springframework.boot.test.autoconfigure.web.servlet.WebDriverTestExecutionListener, org.springframework.boot.test.autoconfigure.webservices.client.MockWebServiceServerTestExecutionListener, org.springframework.test.context.web.ServletTestExecutionListener, org.springframework.test.context.support.DirtiesContextBeforeModesTestExecutionListener, org.springframework.test.context.event.ApplicationEventsTestExecutionListener, org.springframework.test.context.support.DependencyInjectionTestExecutionListener, org.springframework.test.context.support.DirtiesContextTestExecutionListener, org.springframework.test.context.transaction.TransactionalTestExecutionListener, org.springframework.test.context.jdbc.SqlScriptsTestExecutionListener, org.springframework.test.context.event.EventPublishingTestExecutionListener, org.springframework.security.test.context.support.WithSecurityContextTestExecutionListener, org.springframework.security.test.context.support.ReactorContextTestExecutionListener, org.spockframework.spring.SpringMockTestExecutionListener]
00:26:26.284 [main] INFO org.springframework.boot.test.autoconfigure.orm.jpa.DataJpaTestContextBootstrapper - Using TestExecutionListeners: [org.springframework.test.context.web.ServletTestExecutionListener@4af0ae2c, org.springframework.test.context.support.DirtiesContextBeforeModesTestExecutionListener@13446044, org.springframework.test.context.event.ApplicationEventsTestExecutionListener@705ebb4d, org.springframework.boot.test.mock.mockito.MockitoTestExecutionListener@32a29361, org.springframework.boot.test.autoconfigure.SpringBootDependencyInjectionTestExecutionListener@7d6ccad7, org.springframework.test.context.support.DirtiesContextTestExecutionListener@4d9ad37e, org.springframework.test.context.transaction.TransactionalTestExecutionListener@481b8d53, org.springframework.test.context.jdbc.SqlScriptsTestExecutionListener@6e8426aa, org.springframework.test.context.event.EventPublishingTestExecutionListener@752573df, org.springframework.security.test.context.support.WithSecurityContextTestExecutionListener@6ebf5f26, org.springframework.security.test.context.support.ReactorContextTestExecutionListener@7a5a26b7, org.springframework.boot.test.mock.mockito.ResetMocksTestExecutionListener@3524ee20, org.springframework.boot.test.autoconfigure.restdocs.RestDocsTestExecutionListener@6bc1c8d0, org.springframework.boot.test.autoconfigure.web.client.MockRestServiceServerResetTestExecutionListener@7f93fce1, org.springframework.boot.test.autoconfigure.web.servlet.MockMvcPrintOnlyOnFailureTestExecutionListener@5457123a, org.springframework.boot.test.autoconfigure.web.servlet.WebDriverTestExecutionListener@4690a37e, org.springframework.boot.test.autoconfigure.webservices.client.MockWebServiceServerTestExecutionListener@23f27434, org.spockframework.spring.SpringMockTestExecutionListener@43e6f05f]
00:26:26.284 [main] DEBUG org.springframework.test.annotation.ProfileValueUtils - Retrieved @ProfileValueSourceConfiguration [null] for test class [pt.ulisboa.tecnico.socialsoftware.tutor.user.domain.RemoveTest]
00:26:26.285 [main] DEBUG org.springframework.test.annotation.ProfileValueUtils - Retrieved ProfileValueSource type [class org.springframework.test.annotation.SystemProfileValueSource] for class [pt.ulisboa.tecnico.socialsoftware.tutor.user.domain.RemoveTest]
00:26:26.285 [main] DEBUG org.springframework.test.annotation.ProfileValueUtils - Retrieved @ProfileValueSourceConfiguration [null] for test class [pt.ulisboa.tecnico.socialsoftware.tutor.user.domain.RemoveTest]
00:26:26.285 [main] DEBUG org.springframework.test.annotation.ProfileValueUtils - Retrieved ProfileValueSource type [class org.springframework.test.annotation.SystemProfileValueSource] for class [pt.ulisboa.tecnico.socialsoftware.tutor.user.domain.RemoveTest]
00:26:26.285 [main] DEBUG org.springframework.test.annotation.ProfileValueUtils - Retrieved @ProfileValueSourceConfiguration [null] for test class [pt.ulisboa.tecnico.socialsoftware.tutor.user.domain.RemoveTest]
00:26:26.285 [main] DEBUG org.springframework.test.annotation.ProfileValueUtils - Retrieved ProfileValueSource type [class org.springframework.test.annotation.SystemProfileValueSource] for class [pt.ulisboa.tecnico.socialsoftware.tutor.user.domain.RemoveTest]
00:26:26.285 [main] DEBUG org.springframework.test.context.BootstrapUtils - Instantiating CacheAwareContextLoaderDelegate from class [org.springframework.test.context.cache.DefaultCacheAwareContextLoaderDelegate]
00:26:26.285 [main] DEBUG org.springframework.test.context.BootstrapUtils - Instantiating BootstrapContext using constructor [public org.springframework.test.context.support.DefaultBootstrapContext(java.lang.Class,org.springframework.test.context.CacheAwareContextLoaderDelegate)]
00:26:26.285 [main] DEBUG org.springframework.test.context.BootstrapUtils - Instantiating TestContextBootstrapper for test class [pt.ulisboa.tecnico.socialsoftware.tutor.user.domain.RemoveTest] from class [org.springframework.boot.test.autoconfigure.orm.jpa.DataJpaTestContextBootstrapper]
00:26:26.285 [main] INFO org.springframework.boot.test.autoconfigure.orm.jpa.DataJpaTestContextBootstrapper - Neither @ContextConfiguration nor @ContextHierarchy found for test class [pt.ulisboa.tecnico.socialsoftware.tutor.user.domain.RemoveTest], using SpringBootContextLoader
00:26:26.286 [main] DEBUG org.springframework.test.context.support.AbstractContextLoader - Did not detect default resource location for test class [pt.ulisboa.tecnico.socialsoftware.tutor.user.domain.RemoveTest]: class path resource [pt/ulisboa/tecnico/socialsoftware/tutor/user/domain/RemoveTest-context.xml] does not exist
00:26:26.287 [main] DEBUG org.springframework.test.context.support.AbstractContextLoader - Did not detect default resource location for test class [pt.ulisboa.tecnico.socialsoftware.tutor.user.domain.RemoveTest]: class path resource [pt/ulisboa/tecnico/socialsoftware/tutor/user/domain/RemoveTestContext.groovy] does not exist
00:26:26.287 [main] INFO org.springframework.test.context.support.AbstractContextLoader - Could not detect default resource locations for test class [pt.ulisboa.tecnico.socialsoftware.tutor.user.domain.RemoveTest]: no resource found for suffixes {-context.xml, Context.groovy}.
00:26:26.290 [main] DEBUG org.springframework.test.context.support.ActiveProfilesUtils - Could not find an 'annotation declaring class' for annotation type [org.springframework.test.context.ActiveProfiles] and class [pt.ulisboa.tecnico.socialsoftware.tutor.user.domain.RemoveTest]
00:26:26.291 [main] INFO org.springframework.boot.test.context.SpringBootTestContextBootstrapper - Found @SpringBootConfiguration pt.ulisboa.tecnico.socialsoftware.tutor.TutorTestApplication for test class pt.ulisboa.tecnico.socialsoftware.tutor.user.domain.RemoveTest
00:26:26.292 [main] DEBUG org.springframework.boot.test.autoconfigure.orm.jpa.DataJpaTestContextBootstrapper - @TestExecutionListeners is not present for class [pt.ulisboa.tecnico.socialsoftware.tutor.user.domain.RemoveTest]: using defaults.
00:26:26.292 [main] INFO org.springframework.boot.test.autoconfigure.orm.jpa.DataJpaTestContextBootstrapper - Loaded default TestExecutionListener class names from location [META-INF/spring.factories]: [org.springframework.boot.test.mock.mockito.MockitoTestExecutionListener, org.springframework.boot.test.mock.mockito.ResetMocksTestExecutionListener, org.springframework.boot.test.autoconfigure.restdocs.RestDocsTestExecutionListener, org.springframework.boot.test.autoconfigure.web.client.MockRestServiceServerResetTestExecutionListener, org.springframework.boot.test.autoconfigure.web.servlet.MockMvcPrintOnlyOnFailureTestExecutionListener, org.springframework.boot.test.autoconfigure.web.servlet.WebDriverTestExecutionListener, org.springframework.boot.test.autoconfigure.webservices.client.MockWebServiceServerTestExecutionListener, org.springframework.test.context.web.ServletTestExecutionListener, org.springframework.test.context.support.DirtiesContextBeforeModesTestExecutionListener, org.springframework.test.context.event.ApplicationEventsTestExecutionListener, org.springframework.test.context.support.DependencyInjectionTestExecutionListener, org.springframework.test.context.support.DirtiesContextTestExecutionListener, org.springframework.test.context.transaction.TransactionalTestExecutionListener, org.springframework.test.context.jdbc.SqlScriptsTestExecutionListener, org.springframework.test.context.event.EventPublishingTestExecutionListener, org.springframework.security.test.context.support.WithSecurityContextTestExecutionListener, org.springframework.security.test.context.support.ReactorContextTestExecutionListener, org.spockframework.spring.SpringMockTestExecutionListener]
00:26:26.293 [main] INFO org.springframework.boot.test.autoconfigure.orm.jpa.DataJpaTestContextBootstrapper - Using TestExecutionListeners: [org.springframework.test.context.web.ServletTestExecutionListener@2fccfcdb, org.springframework.test.context.support.DirtiesContextBeforeModesTestExecutionListener@6c04310f, org.springframework.test.context.event.ApplicationEventsTestExecutionListener@5ce7ab6f, org.springframework.boot.test.mock.mockito.MockitoTestExecutionListener@28f7cca4, org.springframework.boot.test.autoconfigure.SpringBootDependencyInjectionTestExecutionListener@6015c745, org.springframework.test.context.support.DirtiesContextTestExecutionListener@2d541e01, org.springframework.test.context.transaction.TransactionalTestExecutionListener@4c897417, org.springframework.test.context.jdbc.SqlScriptsTestExecutionListener@5a8d03ce, org.springframework.test.context.event.EventPublishingTestExecutionListener@14ecd835, org.springframework.security.test.context.support.WithSecurityContextTestExecutionListener@19c578bf, org.springframework.security.test.context.support.ReactorContextTestExecutionListener@1eeb9e5c, org.springframework.boot.test.mock.mockito.ResetMocksTestExecutionListener@2cca7d3c, org.springframework.boot.test.autoconfigure.restdocs.RestDocsTestExecutionListener@5e1535e0, org.springframework.boot.test.autoconfigure.web.client.MockRestServiceServerResetTestExecutionListener@6c27be1d, org.springframework.boot.test.autoconfigure.web.servlet.MockMvcPrintOnlyOnFailureTestExecutionListener@2e7cd4bb, org.springframework.boot.test.autoconfigure.web.servlet.WebDriverTestExecutionListener@51a06fd5, org.springframework.boot.test.autoconfigure.webservices.client.MockWebServiceServerTestExecutionListener@26edfa34, org.spockframework.spring.SpringMockTestExecutionListener@776b7fa2]
00:26:26.294 [main] DEBUG org.springframework.test.annotation.ProfileValueUtils - Retrieved @ProfileValueSourceConfiguration [null] for test class [pt.ulisboa.tecnico.socialsoftware.tutor.user.service.ConfirmRegistrationTest]
00:26:26.294 [main] DEBUG org.springframework.test.annotation.ProfileValueUtils - Retrieved ProfileValueSource type [class org.springframework.test.annotation.SystemProfileValueSource] for class [pt.ulisboa.tecnico.socialsoftware.tutor.user.service.ConfirmRegistrationTest]
00:26:26.294 [main] DEBUG org.springframework.test.annotation.ProfileValueUtils - Retrieved @ProfileValueSourceConfiguration [null] for test class [pt.ulisboa.tecnico.socialsoftware.tutor.user.service.ConfirmRegistrationTest]
00:26:26.294 [main] DEBUG org.springframework.test.annotation.ProfileValueUtils - Retrieved ProfileValueSource type [class org.springframework.test.annotation.SystemProfileValueSource] for class [pt.ulisboa.tecnico.socialsoftware.tutor.user.service.ConfirmRegistrationTest]
00:26:26.294 [main] DEBUG org.springframework.test.annotation.ProfileValueUtils - Retrieved @ProfileValueSourceConfiguration [null] for test class [pt.ulisboa.tecnico.socialsoftware.tutor.user.service.ConfirmRegistrationTest]
00:26:26.294 [main] DEBUG org.springframework.test.annotation.ProfileValueUtils - Retrieved ProfileValueSource type [class org.springframework.test.annotation.SystemProfileValueSource] for class [pt.ulisboa.tecnico.socialsoftware.tutor.user.service.ConfirmRegistrationTest]
00:26:26.294 [main] DEBUG org.springframework.test.annotation.ProfileValueUtils - Retrieved @ProfileValueSourceConfiguration [null] for test class [pt.ulisboa.tecnico.socialsoftware.tutor.user.service.ConfirmRegistrationTest]
00:26:26.294 [main] DEBUG org.springframework.test.annotation.ProfileValueUtils - Retrieved ProfileValueSource type [class org.springframework.test.annotation.SystemProfileValueSource] for class [pt.ulisboa.tecnico.socialsoftware.tutor.user.service.ConfirmRegistrationTest]
00:26:26.295 [main] DEBUG org.springframework.test.annotation.ProfileValueUtils - Retrieved @ProfileValueSourceConfiguration [null] for test class [pt.ulisboa.tecnico.socialsoftware.tutor.user.service.ConfirmRegistrationTest]
00:26:26.295 [main] DEBUG org.springframework.test.annotation.ProfileValueUtils - Retrieved ProfileValueSource type [class org.springframework.test.annotation.SystemProfileValueSource] for class [pt.ulisboa.tecnico.socialsoftware.tutor.user.service.ConfirmRegistrationTest]
00:26:26.295 [main] DEBUG org.springframework.test.context.BootstrapUtils - Instantiating CacheAwareContextLoaderDelegate from class [org.springframework.test.context.cache.DefaultCacheAwareContextLoaderDelegate]
00:26:26.295 [main] DEBUG org.springframework.test.context.BootstrapUtils - Instantiating BootstrapContext using constructor [public org.springframework.test.context.support.DefaultBootstrapContext(java.lang.Class,org.springframework.test.context.CacheAwareContextLoaderDelegate)]
00:26:26.295 [main] DEBUG org.springframework.test.context.BootstrapUtils - Instantiating TestContextBootstrapper for test class [pt.ulisboa.tecnico.socialsoftware.tutor.user.service.ConfirmRegistrationTest] from class [org.springframework.boot.test.autoconfigure.orm.jpa.DataJpaTestContextBootstrapper]
00:26:26.295 [main] INFO org.springframework.boot.test.autoconfigure.orm.jpa.DataJpaTestContextBootstrapper - Neither @ContextConfiguration nor @ContextHierarchy found for test class [pt.ulisboa.tecnico.socialsoftware.tutor.user.service.ConfirmRegistrationTest], using SpringBootContextLoader
00:26:26.296 [main] DEBUG org.springframework.test.context.support.AbstractContextLoader - Did not detect default resource location for test class [pt.ulisboa.tecnico.socialsoftware.tutor.user.service.ConfirmRegistrationTest]: class path resource [pt/ulisboa/tecnico/socialsoftware/tutor/user/service/ConfirmRegistrationTest-context.xml] does not exist
00:26:26.297 [main] DEBUG org.springframework.test.context.support.AbstractContextLoader - Did not detect default resource location for test class [pt.ulisboa.tecnico.socialsoftware.tutor.user.service.ConfirmRegistrationTest]: class path resource [pt/ulisboa/tecnico/socialsoftware/tutor/user/service/ConfirmRegistrationTestContext.groovy] does not exist
00:26:26.297 [main] INFO org.springframework.test.context.support.AbstractContextLoader - Could not detect default resource locations for test class [pt.ulisboa.tecnico.socialsoftware.tutor.user.service.ConfirmRegistrationTest]: no resource found for suffixes {-context.xml, Context.groovy}.
00:26:26.301 [main] DEBUG org.springframework.test.context.support.ActiveProfilesUtils - Could not find an 'annotation declaring class' for annotation type [org.springframework.test.context.ActiveProfiles] and class [pt.ulisboa.tecnico.socialsoftware.tutor.user.service.ConfirmRegistrationTest]
00:26:26.302 [main] INFO org.springframework.boot.test.context.SpringBootTestContextBootstrapper - Found @SpringBootConfiguration pt.ulisboa.tecnico.socialsoftware.tutor.TutorTestApplication for test class pt.ulisboa.tecnico.socialsoftware.tutor.user.service.ConfirmRegistrationTest
00:26:26.303 [main] DEBUG org.springframework.boot.test.autoconfigure.orm.jpa.DataJpaTestContextBootstrapper - @TestExecutionListeners is not present for class [pt.ulisboa.tecnico.socialsoftware.tutor.user.service.ConfirmRegistrationTest]: using defaults.
00:26:26.303 [main] INFO org.springframework.boot.test.autoconfigure.orm.jpa.DataJpaTestContextBootstrapper - Loaded default TestExecutionListener class names from location [META-INF/spring.factories]: [org.springframework.boot.test.mock.mockito.MockitoTestExecutionListener, org.springframework.boot.test.mock.mockito.ResetMocksTestExecutionListener, org.springframework.boot.test.autoconfigure.restdocs.RestDocsTestExecutionListener, org.springframework.boot.test.autoconfigure.web.client.MockRestServiceServerResetTestExecutionListener, org.springframework.boot.test.autoconfigure.web.servlet.MockMvcPrintOnlyOnFailureTestExecutionListener, org.springframework.boot.test.autoconfigure.web.servlet.WebDriverTestExecutionListener, org.springframework.boot.test.autoconfigure.webservices.client.MockWebServiceServerTestExecutionListener, org.springframework.test.context.web.ServletTestExecutionListener, org.springframework.test.context.support.DirtiesContextBeforeModesTestExecutionListener, org.springframework.test.context.event.ApplicationEventsTestExecutionListener, org.springframework.test.context.support.DependencyInjectionTestExecutionListener, org.springframework.test.context.support.DirtiesContextTestExecutionListener, org.springframework.test.context.transaction.TransactionalTestExecutionListener, org.springframework.test.context.jdbc.SqlScriptsTestExecutionListener, org.springframework.test.context.event.EventPublishingTestExecutionListener, org.springframework.security.test.context.support.WithSecurityContextTestExecutionListener, org.springframework.security.test.context.support.ReactorContextTestExecutionListener, org.spockframework.spring.SpringMockTestExecutionListener]
00:26:26.305 [main] INFO org.springframework.boot.test.autoconfigure.orm.jpa.DataJpaTestContextBootstrapper - Using TestExecutionListeners: [org.springframework.test.context.web.ServletTestExecutionListener@3f7aa4f8, org.springframework.test.context.support.DirtiesContextBeforeModesTestExecutionListener@6d76aa05, org.springframework.test.context.event.ApplicationEventsTestExecutionListener@2403c1c5, org.springframework.boot.test.mock.mockito.MockitoTestExecutionListener@8b93c88, org.springframework.boot.test.autoconfigure.SpringBootDependencyInjectionTestExecutionListener@628e0403, org.springframework.test.context.support.DirtiesContextTestExecutionListener@3a70acd5, org.springframework.test.context.transaction.TransactionalTestExecutionListener@475fb7, org.springframework.test.context.jdbc.SqlScriptsTestExecutionListener@41db6e4b, org.springframework.test.context.event.EventPublishingTestExecutionListener@5367d46f, org.springframework.security.test.context.support.WithSecurityContextTestExecutionListener@6c4eccd2, org.springframework.security.test.context.support.ReactorContextTestExecutionListener@564e9c0b, org.springframework.boot.test.mock.mockito.ResetMocksTestExecutionListener@4c7d19bf, org.springframework.boot.test.autoconfigure.restdocs.RestDocsTestExecutionListener@21d478f3, org.springframework.boot.test.autoconfigure.web.client.MockRestServiceServerResetTestExecutionListener@3be60847, org.springframework.boot.test.autoconfigure.web.servlet.MockMvcPrintOnlyOnFailureTestExecutionListener@19ea65f4, org.springframework.boot.test.autoconfigure.web.servlet.WebDriverTestExecutionListener@3dfe2797, org.springframework.boot.test.autoconfigure.webservices.client.MockWebServiceServerTestExecutionListener@3f6fd33b, org.spockframework.spring.SpringMockTestExecutionListener@34c050a1]
00:26:26.305 [main] DEBUG org.springframework.test.annotation.ProfileValueUtils - Retrieved @ProfileValueSourceConfiguration [null] for test class [pt.ulisboa.tecnico.socialsoftware.tutor.user.service.ImportUsersTest]
00:26:26.305 [main] DEBUG org.springframework.test.annotation.ProfileValueUtils - Retrieved ProfileValueSource type [class org.springframework.test.annotation.SystemProfileValueSource] for class [pt.ulisboa.tecnico.socialsoftware.tutor.user.service.ImportUsersTest]
00:26:26.305 [main] DEBUG org.springframework.test.annotation.ProfileValueUtils - Retrieved @ProfileValueSourceConfiguration [null] for test class [pt.ulisboa.tecnico.socialsoftware.tutor.user.service.ImportUsersTest]
00:26:26.305 [main] DEBUG org.springframework.test.annotation.ProfileValueUtils - Retrieved ProfileValueSource type [class org.springframework.test.annotation.SystemProfileValueSource] for class [pt.ulisboa.tecnico.socialsoftware.tutor.user.service.ImportUsersTest]
00:26:26.305 [main] DEBUG org.springframework.test.annotation.ProfileValueUtils - Retrieved @ProfileValueSourceConfiguration [null] for test class [pt.ulisboa.tecnico.socialsoftware.tutor.user.service.ImportUsersTest]
00:26:26.305 [main] DEBUG org.springframework.test.annotation.ProfileValueUtils - Retrieved ProfileValueSource type [class org.springframework.test.annotation.SystemProfileValueSource] for class [pt.ulisboa.tecnico.socialsoftware.tutor.user.service.ImportUsersTest]
00:26:26.305 [main] DEBUG org.springframework.test.annotation.ProfileValueUtils - Retrieved @ProfileValueSourceConfiguration [null] for test class [pt.ulisboa.tecnico.socialsoftware.tutor.user.service.ImportUsersTest]
00:26:26.305 [main] DEBUG org.springframework.test.annotation.ProfileValueUtils - Retrieved ProfileValueSource type [class org.springframework.test.annotation.SystemProfileValueSource] for class [pt.ulisboa.tecnico.socialsoftware.tutor.user.service.ImportUsersTest]
00:26:26.306 [main] DEBUG org.springframework.test.annotation.ProfileValueUtils - Retrieved @ProfileValueSourceConfiguration [null] for test class [pt.ulisboa.tecnico.socialsoftware.tutor.user.service.ImportUsersTest]
00:26:26.306 [main] DEBUG org.springframework.test.annotation.ProfileValueUtils - Retrieved ProfileValueSource type [class org.springframework.test.annotation.SystemProfileValueSource] for class [pt.ulisboa.tecnico.socialsoftware.tutor.user.service.ImportUsersTest]
00:26:26.306 [main] DEBUG org.springframework.test.context.BootstrapUtils - Instantiating CacheAwareContextLoaderDelegate from class [org.springframework.test.context.cache.DefaultCacheAwareContextLoaderDelegate]
00:26:26.306 [main] DEBUG org.springframework.test.context.BootstrapUtils - Instantiating BootstrapContext using constructor [public org.springframework.test.context.support.DefaultBootstrapContext(java.lang.Class,org.springframework.test.context.CacheAwareContextLoaderDelegate)]
00:26:26.306 [main] DEBUG org.springframework.test.context.BootstrapUtils - Instantiating TestContextBootstrapper for test class [pt.ulisboa.tecnico.socialsoftware.tutor.user.service.ImportUsersTest] from class [org.springframework.boot.test.autoconfigure.orm.jpa.DataJpaTestContextBootstrapper]
00:26:26.306 [main] INFO org.springframework.boot.test.autoconfigure.orm.jpa.DataJpaTestContextBootstrapper - Neither @ContextConfiguration nor @ContextHierarchy found for test class [pt.ulisboa.tecnico.socialsoftware.tutor.user.service.ImportUsersTest], using SpringBootContextLoader
00:26:26.307 [main] DEBUG org.springframework.test.context.support.AbstractContextLoader - Did not detect default resource location for test class [pt.ulisboa.tecnico.socialsoftware.tutor.user.service.ImportUsersTest]: class path resource [pt/ulisboa/tecnico/socialsoftware/tutor/user/service/ImportUsersTest-context.xml] does not exist
00:26:26.308 [main] DEBUG org.springframework.test.context.support.AbstractContextLoader - Did not detect default resource location for test class [pt.ulisboa.tecnico.socialsoftware.tutor.user.service.ImportUsersTest]: class path resource [pt/ulisboa/tecnico/socialsoftware/tutor/user/service/ImportUsersTestContext.groovy] does not exist
00:26:26.308 [main] INFO org.springframework.test.context.support.AbstractContextLoader - Could not detect default resource locations for test class [pt.ulisboa.tecnico.socialsoftware.tutor.user.service.ImportUsersTest]: no resource found for suffixes {-context.xml, Context.groovy}.
00:26:26.311 [main] DEBUG org.springframework.test.context.support.ActiveProfilesUtils - Could not find an 'annotation declaring class' for annotation type [org.springframework.test.context.ActiveProfiles] and class [pt.ulisboa.tecnico.socialsoftware.tutor.user.service.ImportUsersTest]
00:26:26.312 [main] INFO org.springframework.boot.test.context.SpringBootTestContextBootstrapper - Found @SpringBootConfiguration pt.ulisboa.tecnico.socialsoftware.tutor.TutorTestApplication for test class pt.ulisboa.tecnico.socialsoftware.tutor.user.service.ImportUsersTest
00:26:26.312 [main] DEBUG org.springframework.boot.test.autoconfigure.orm.jpa.DataJpaTestContextBootstrapper - @TestExecutionListeners is not present for class [pt.ulisboa.tecnico.socialsoftware.tutor.user.service.ImportUsersTest]: using defaults.
00:26:26.312 [main] INFO org.springframework.boot.test.autoconfigure.orm.jpa.DataJpaTestContextBootstrapper - Loaded default TestExecutionListener class names from location [META-INF/spring.factories]: [org.springframework.boot.test.mock.mockito.MockitoTestExecutionListener, org.springframework.boot.test.mock.mockito.ResetMocksTestExecutionListener, org.springframework.boot.test.autoconfigure.restdocs.RestDocsTestExecutionListener, org.springframework.boot.test.autoconfigure.web.client.MockRestServiceServerResetTestExecutionListener, org.springframework.boot.test.autoconfigure.web.servlet.MockMvcPrintOnlyOnFailureTestExecutionListener, org.springframework.boot.test.autoconfigure.web.servlet.WebDriverTestExecutionListener, org.springframework.boot.test.autoconfigure.webservices.client.MockWebServiceServerTestExecutionListener, org.springframework.test.context.web.ServletTestExecutionListener, org.springframework.test.context.support.DirtiesContextBeforeModesTestExecutionListener, org.springframework.test.context.event.ApplicationEventsTestExecutionListener, org.springframework.test.context.support.DependencyInjectionTestExecutionListener, org.springframework.test.context.support.DirtiesContextTestExecutionListener, org.springframework.test.context.transaction.TransactionalTestExecutionListener, org.springframework.test.context.jdbc.SqlScriptsTestExecutionListener, org.springframework.test.context.event.EventPublishingTestExecutionListener, org.springframework.security.test.context.support.WithSecurityContextTestExecutionListener, org.springframework.security.test.context.support.ReactorContextTestExecutionListener, org.spockframework.spring.SpringMockTestExecutionListener]
00:26:26.314 [main] INFO org.springframework.boot.test.autoconfigure.orm.jpa.DataJpaTestContextBootstrapper - Using TestExecutionListeners: [org.springframework.test.context.web.ServletTestExecutionListener@7ecf4608, org.springframework.test.context.support.DirtiesContextBeforeModesTestExecutionListener@32c114d9, org.springframework.test.context.event.ApplicationEventsTestExecutionListener@73f6ffb1, org.springframework.boot.test.mock.mockito.MockitoTestExecutionListener@4505ec36, org.springframework.boot.test.autoconfigure.SpringBootDependencyInjectionTestExecutionListener@41fe0d98, org.springframework.test.context.support.DirtiesContextTestExecutionListener@7b23aea2, org.springframework.test.context.transaction.TransactionalTestExecutionListener@3fecdd00, org.springframework.test.context.jdbc.SqlScriptsTestExecutionListener@5562f297, org.springframework.test.context.event.EventPublishingTestExecutionListener@64c1a76e, org.springframework.security.test.context.support.WithSecurityContextTestExecutionListener@2f143ea, org.springframework.security.test.context.support.ReactorContextTestExecutionListener@5b2c9a69, org.springframework.boot.test.mock.mockito.ResetMocksTestExecutionListener@19983dd1, org.springframework.boot.test.autoconfigure.restdocs.RestDocsTestExecutionListener@700b035b, org.springframework.boot.test.autoconfigure.web.client.MockRestServiceServerResetTestExecutionListener@786de0a3, org.springframework.boot.test.autoconfigure.web.servlet.MockMvcPrintOnlyOnFailureTestExecutionListener@472dc215, org.springframework.boot.test.autoconfigure.web.servlet.WebDriverTestExecutionListener@1f031994, org.springframework.boot.test.autoconfigure.webservices.client.MockWebServiceServerTestExecutionListener@37bac0f4, org.spockframework.spring.SpringMockTestExecutionListener@20c55658]
00:26:26.314 [main] DEBUG org.springframework.test.annotation.ProfileValueUtils - Retrieved @ProfileValueSourceConfiguration [null] for test class [pt.ulisboa.tecnico.socialsoftware.tutor.user.service.RegisterExternalUserTest]
00:26:26.314 [main] DEBUG org.springframework.test.annotation.ProfileValueUtils - Retrieved ProfileValueSource type [class org.springframework.test.annotation.SystemProfileValueSource] for class [pt.ulisboa.tecnico.socialsoftware.tutor.user.service.RegisterExternalUserTest]
00:26:26.314 [main] DEBUG org.springframework.test.annotation.ProfileValueUtils - Retrieved @ProfileValueSourceConfiguration [null] for test class [pt.ulisboa.tecnico.socialsoftware.tutor.user.service.RegisterExternalUserTest]
00:26:26.314 [main] DEBUG org.springframework.test.annotation.ProfileValueUtils - Retrieved ProfileValueSource type [class org.springframework.test.annotation.SystemProfileValueSource] for class [pt.ulisboa.tecnico.socialsoftware.tutor.user.service.RegisterExternalUserTest]
00:26:26.315 [main] DEBUG org.springframework.test.annotation.ProfileValueUtils - Retrieved @ProfileValueSourceConfiguration [null] for test class [pt.ulisboa.tecnico.socialsoftware.tutor.user.service.RegisterExternalUserTest]
00:26:26.315 [main] DEBUG org.springframework.test.annotation.ProfileValueUtils - Retrieved ProfileValueSource type [class org.springframework.test.annotation.SystemProfileValueSource] for class [pt.ulisboa.tecnico.socialsoftware.tutor.user.service.RegisterExternalUserTest]
00:26:26.315 [main] DEBUG org.springframework.test.annotation.ProfileValueUtils - Retrieved @ProfileValueSourceConfiguration [null] for test class [pt.ulisboa.tecnico.socialsoftware.tutor.user.service.RegisterExternalUserTest]
00:26:26.315 [main] DEBUG org.springframework.test.annotation.ProfileValueUtils - Retrieved ProfileValueSource type [class org.springframework.test.annotation.SystemProfileValueSource] for class [pt.ulisboa.tecnico.socialsoftware.tutor.user.service.RegisterExternalUserTest]
00:26:26.315 [main] DEBUG org.springframework.test.annotation.ProfileValueUtils - Retrieved @ProfileValueSourceConfiguration [null] for test class [pt.ulisboa.tecnico.socialsoftware.tutor.user.service.RegisterExternalUserTest]
00:26:26.315 [main] DEBUG org.springframework.test.annotation.ProfileValueUtils - Retrieved ProfileValueSource type [class org.springframework.test.annotation.SystemProfileValueSource] for class [pt.ulisboa.tecnico.socialsoftware.tutor.user.service.RegisterExternalUserTest]
00:26:26.315 [main] DEBUG org.springframework.test.context.BootstrapUtils - Instantiating CacheAwareContextLoaderDelegate from class [org.springframework.test.context.cache.DefaultCacheAwareContextLoaderDelegate]
00:26:26.315 [main] DEBUG org.springframework.test.context.BootstrapUtils - Instantiating BootstrapContext using constructor [public org.springframework.test.context.support.DefaultBootstrapContext(java.lang.Class,org.springframework.test.context.CacheAwareContextLoaderDelegate)]
00:26:26.315 [main] DEBUG org.springframework.test.context.BootstrapUtils - Instantiating TestContextBootstrapper for test class [pt.ulisboa.tecnico.socialsoftware.tutor.user.service.RegisterExternalUserTest] from class [org.springframework.boot.test.autoconfigure.orm.jpa.DataJpaTestContextBootstrapper]
00:26:26.315 [main] INFO org.springframework.boot.test.autoconfigure.orm.jpa.DataJpaTestContextBootstrapper - Neither @ContextConfiguration nor @ContextHierarchy found for test class [pt.ulisboa.tecnico.socialsoftware.tutor.user.service.RegisterExternalUserTest], using SpringBootContextLoader
00:26:26.316 [main] DEBUG org.springframework.test.context.support.AbstractContextLoader - Did not detect default resource location for test class [pt.ulisboa.tecnico.socialsoftware.tutor.user.service.RegisterExternalUserTest]: class path resource [pt/ulisboa/tecnico/socialsoftware/tutor/user/service/RegisterExternalUserTest-context.xml] does not exist
00:26:26.317 [main] DEBUG org.springframework.test.context.support.AbstractContextLoader - Did not detect default resource location for test class [pt.ulisboa.tecnico.socialsoftware.tutor.user.service.RegisterExternalUserTest]: class path resource [pt/ulisboa/tecnico/socialsoftware/tutor/user/service/RegisterExternalUserTestContext.groovy] does not exist
00:26:26.317 [main] INFO org.springframework.test.context.support.AbstractContextLoader - Could not detect default resource locations for test class [pt.ulisboa.tecnico.socialsoftware.tutor.user.service.RegisterExternalUserTest]: no resource found for suffixes {-context.xml, Context.groovy}.
00:26:26.320 [main] DEBUG org.springframework.test.context.support.ActiveProfilesUtils - Could not find an 'annotation declaring class' for annotation type [org.springframework.test.context.ActiveProfiles] and class [pt.ulisboa.tecnico.socialsoftware.tutor.user.service.RegisterExternalUserTest]
00:26:26.321 [main] INFO org.springframework.boot.test.context.SpringBootTestContextBootstrapper - Found @SpringBootConfiguration pt.ulisboa.tecnico.socialsoftware.tutor.TutorTestApplication for test class pt.ulisboa.tecnico.socialsoftware.tutor.user.service.RegisterExternalUserTest
00:26:26.321 [main] DEBUG org.springframework.boot.test.autoconfigure.orm.jpa.DataJpaTestContextBootstrapper - @TestExecutionListeners is not present for class [pt.ulisboa.tecnico.socialsoftware.tutor.user.service.RegisterExternalUserTest]: using defaults.
00:26:26.321 [main] INFO org.springframework.boot.test.autoconfigure.orm.jpa.DataJpaTestContextBootstrapper - Loaded default TestExecutionListener class names from location [META-INF/spring.factories]: [org.springframework.boot.test.mock.mockito.MockitoTestExecutionListener, org.springframework.boot.test.mock.mockito.ResetMocksTestExecutionListener, org.springframework.boot.test.autoconfigure.restdocs.RestDocsTestExecutionListener, org.springframework.boot.test.autoconfigure.web.client.MockRestServiceServerResetTestExecutionListener, org.springframework.boot.test.autoconfigure.web.servlet.MockMvcPrintOnlyOnFailureTestExecutionListener, org.springframework.boot.test.autoconfigure.web.servlet.WebDriverTestExecutionListener, org.springframework.boot.test.autoconfigure.webservices.client.MockWebServiceServerTestExecutionListener, org.springframework.test.context.web.ServletTestExecutionListener, org.springframework.test.context.support.DirtiesContextBeforeModesTestExecutionListener, org.springframework.test.context.event.ApplicationEventsTestExecutionListener, org.springframework.test.context.support.DependencyInjectionTestExecutionListener, org.springframework.test.context.support.DirtiesContextTestExecutionListener, org.springframework.test.context.transaction.TransactionalTestExecutionListener, org.springframework.test.context.jdbc.SqlScriptsTestExecutionListener, org.springframework.test.context.event.EventPublishingTestExecutionListener, org.springframework.security.test.context.support.WithSecurityContextTestExecutionListener, org.springframework.security.test.context.support.ReactorContextTestExecutionListener, org.spockframework.spring.SpringMockTestExecutionListener]
00:26:26.323 [main] INFO org.springframework.boot.test.autoconfigure.orm.jpa.DataJpaTestContextBootstrapper - Using TestExecutionListeners: [org.springframework.test.context.web.ServletTestExecutionListener@951053f, org.springframework.test.context.support.DirtiesContextBeforeModesTestExecutionListener@e196238, org.springframework.test.context.event.ApplicationEventsTestExecutionListener@6f45be6f, org.springframework.boot.test.mock.mockito.MockitoTestExecutionListener@65384249, org.springframework.boot.test.autoconfigure.SpringBootDependencyInjectionTestExecutionListener@6441db2c, org.springframework.test.context.support.DirtiesContextTestExecutionListener@218c6d3e, org.springframework.test.context.transaction.TransactionalTestExecutionListener@63f819a6, org.springframework.test.context.jdbc.SqlScriptsTestExecutionListener@44f5259a, org.springframework.test.context.event.EventPublishingTestExecutionListener@2e871e93, org.springframework.security.test.context.support.WithSecurityContextTestExecutionListener@6c2063e0, org.springframework.security.test.context.support.ReactorContextTestExecutionListener@4f3672eb, org.springframework.boot.test.mock.mockito.ResetMocksTestExecutionListener@22825762, org.springframework.boot.test.autoconfigure.restdocs.RestDocsTestExecutionListener@34e7a627, org.springframework.boot.test.autoconfigure.web.client.MockRestServiceServerResetTestExecutionListener@5bb7fc38, org.springframework.boot.test.autoconfigure.web.servlet.MockMvcPrintOnlyOnFailureTestExecutionListener@27ea7c8f, org.springframework.boot.test.autoconfigure.web.servlet.WebDriverTestExecutionListener@17e31657, org.springframework.boot.test.autoconfigure.webservices.client.MockWebServiceServerTestExecutionListener@1e3c4c12, org.spockframework.spring.SpringMockTestExecutionListener@7a8e35d1]
00:26:26.323 [main] DEBUG org.springframework.test.annotation.ProfileValueUtils - Retrieved @ProfileValueSourceConfiguration [null] for test class [pt.ulisboa.tecnico.socialsoftware.tutor.user.service.ResetDemoStudentTest]
00:26:26.323 [main] DEBUG org.springframework.test.annotation.ProfileValueUtils - Retrieved ProfileValueSource type [class org.springframework.test.annotation.SystemProfileValueSource] for class [pt.ulisboa.tecnico.socialsoftware.tutor.user.service.ResetDemoStudentTest]
00:26:26.323 [main] DEBUG org.springframework.test.annotation.ProfileValueUtils - Retrieved @ProfileValueSourceConfiguration [null] for test class [pt.ulisboa.tecnico.socialsoftware.tutor.user.service.ResetDemoStudentTest]
00:26:26.324 [main] DEBUG org.springframework.test.annotation.ProfileValueUtils - Retrieved ProfileValueSource type [class org.springframework.test.annotation.SystemProfileValueSource] for class [pt.ulisboa.tecnico.socialsoftware.tutor.user.service.ResetDemoStudentTest]
00:26:26.324 [main] DEBUG org.springframework.test.context.BootstrapUtils - Instantiating CacheAwareContextLoaderDelegate from class [org.springframework.test.context.cache.DefaultCacheAwareContextLoaderDelegate]
00:26:26.324 [main] DEBUG org.springframework.test.context.BootstrapUtils - Instantiating BootstrapContext using constructor [public org.springframework.test.context.support.DefaultBootstrapContext(java.lang.Class,org.springframework.test.context.CacheAwareContextLoaderDelegate)]
00:26:26.324 [main] DEBUG org.springframework.test.context.BootstrapUtils - Instantiating TestContextBootstrapper for test class [pt.ulisboa.tecnico.socialsoftware.tutor.user.service.ResetDemoStudentTest] from class [org.springframework.boot.test.autoconfigure.orm.jpa.DataJpaTestContextBootstrapper]
00:26:26.324 [main] INFO org.springframework.boot.test.autoconfigure.orm.jpa.DataJpaTestContextBootstrapper - Neither @ContextConfiguration nor @ContextHierarchy found for test class [pt.ulisboa.tecnico.socialsoftware.tutor.user.service.ResetDemoStudentTest], using SpringBootContextLoader
00:26:26.325 [main] DEBUG org.springframework.test.context.support.AbstractContextLoader - Did not detect default resource location for test class [pt.ulisboa.tecnico.socialsoftware.tutor.user.service.ResetDemoStudentTest]: class path resource [pt/ulisboa/tecnico/socialsoftware/tutor/user/service/ResetDemoStudentTest-context.xml] does not exist
00:26:26.325 [main] DEBUG org.springframework.test.context.support.AbstractContextLoader - Did not detect default resource location for test class [pt.ulisboa.tecnico.socialsoftware.tutor.user.service.ResetDemoStudentTest]: class path resource [pt/ulisboa/tecnico/socialsoftware/tutor/user/service/ResetDemoStudentTestContext.groovy] does not exist
00:26:26.326 [main] INFO org.springframework.test.context.support.AbstractContextLoader - Could not detect default resource locations for test class [pt.ulisboa.tecnico.socialsoftware.tutor.user.service.ResetDemoStudentTest]: no resource found for suffixes {-context.xml, Context.groovy}.
00:26:26.330 [main] DEBUG org.springframework.test.context.support.ActiveProfilesUtils - Could not find an 'annotation declaring class' for annotation type [org.springframework.test.context.ActiveProfiles] and class [pt.ulisboa.tecnico.socialsoftware.tutor.user.service.ResetDemoStudentTest]
00:26:26.330 [main] INFO org.springframework.boot.test.context.SpringBootTestContextBootstrapper - Found @SpringBootConfiguration pt.ulisboa.tecnico.socialsoftware.tutor.TutorTestApplication for test class pt.ulisboa.tecnico.socialsoftware.tutor.user.service.ResetDemoStudentTest
00:26:26.331 [main] DEBUG org.springframework.boot.test.autoconfigure.orm.jpa.DataJpaTestContextBootstrapper - @TestExecutionListeners is not present for class [pt.ulisboa.tecnico.socialsoftware.tutor.user.service.ResetDemoStudentTest]: using defaults.
00:26:26.331 [main] INFO org.springframework.boot.test.autoconfigure.orm.jpa.DataJpaTestContextBootstrapper - Loaded default TestExecutionListener class names from location [META-INF/spring.factories]: [org.springframework.boot.test.mock.mockito.MockitoTestExecutionListener, org.springframework.boot.test.mock.mockito.ResetMocksTestExecutionListener, org.springframework.boot.test.autoconfigure.restdocs.RestDocsTestExecutionListener, org.springframework.boot.test.autoconfigure.web.client.MockRestServiceServerResetTestExecutionListener, org.springframework.boot.test.autoconfigure.web.servlet.MockMvcPrintOnlyOnFailureTestExecutionListener, org.springframework.boot.test.autoconfigure.web.servlet.WebDriverTestExecutionListener, org.springframework.boot.test.autoconfigure.webservices.client.MockWebServiceServerTestExecutionListener, org.springframework.test.context.web.ServletTestExecutionListener, org.springframework.test.context.support.DirtiesContextBeforeModesTestExecutionListener, org.springframework.test.context.event.ApplicationEventsTestExecutionListener, org.springframework.test.context.support.DependencyInjectionTestExecutionListener, org.springframework.test.context.support.DirtiesContextTestExecutionListener, org.springframework.test.context.transaction.TransactionalTestExecutionListener, org.springframework.test.context.jdbc.SqlScriptsTestExecutionListener, org.springframework.test.context.event.EventPublishingTestExecutionListener, org.springframework.security.test.context.support.WithSecurityContextTestExecutionListener, org.springframework.security.test.context.support.ReactorContextTestExecutionListener, org.spockframework.spring.SpringMockTestExecutionListener]
00:26:26.333 [main] INFO org.springframework.boot.test.autoconfigure.orm.jpa.DataJpaTestContextBootstrapper - Using TestExecutionListeners: [org.springframework.test.context.web.ServletTestExecutionListener@e74300b, org.springframework.test.context.support.DirtiesContextBeforeModesTestExecutionListener@1aade3c, org.springframework.test.context.event.ApplicationEventsTestExecutionListener@7d8a5ec7, org.springframework.boot.test.mock.mockito.MockitoTestExecutionListener@76a1cc1a, org.springframework.boot.test.autoconfigure.SpringBootDependencyInjectionTestExecutionListener@597a5ead, org.springframework.test.context.support.DirtiesContextTestExecutionListener@e763080, org.springframework.test.context.transaction.TransactionalTestExecutionListener@21252bef, org.springframework.test.context.jdbc.SqlScriptsTestExecutionListener@599cf2cd, org.springframework.test.context.event.EventPublishingTestExecutionListener@52984065, org.springframework.security.test.context.support.WithSecurityContextTestExecutionListener@6dd59886, org.springframework.security.test.context.support.ReactorContextTestExecutionListener@65a7bc80, org.springframework.boot.test.mock.mockito.ResetMocksTestExecutionListener@5b132063, org.springframework.boot.test.autoconfigure.restdocs.RestDocsTestExecutionListener@4b98c80c, org.springframework.boot.test.autoconfigure.web.client.MockRestServiceServerResetTestExecutionListener@a486851, org.springframework.boot.test.autoconfigure.web.servlet.MockMvcPrintOnlyOnFailureTestExecutionListener@52539624, org.springframework.boot.test.autoconfigure.web.servlet.WebDriverTestExecutionListener@1001b435, org.springframework.boot.test.autoconfigure.webservices.client.MockWebServiceServerTestExecutionListener@1dd4c691, org.spockframework.spring.SpringMockTestExecutionListener@54972f9a]
00:26:28.310 [main] DEBUG org.springframework.test.context.support.AbstractDirtiesContextTestExecutionListener - Before test class: context [DefaultTestContext@6086b885 testClass = ConcludeQuizTest, testInstance = [null], testMethod = [null], testException = [null], mergedContextConfiguration = [MergedContextConfiguration@7726d80d testClass = ConcludeQuizTest, locations = '{}', classes = '{class pt.ulisboa.tecnico.socialsoftware.tutor.TutorTestApplication, class pt.ulisboa.tecnico.socialsoftware.tutor.answer.service.ConcludeQuizTest$LocalBeanConfiguration}', contextInitializerClasses = '[]', activeProfiles = '{}', propertySourceLocations = '{}', propertySourceProperties = '{org.springframework.boot.test.autoconfigure.orm.jpa.DataJpaTestContextBootstrapper=true}', contextCustomizers = set[[ImportsContextCustomizer@2a7bc863 key = [org.springframework.boot.autoconfigure.cache.CacheAutoConfiguration, org.springframework.boot.autoconfigure.data.jpa.JpaRepositoriesAutoConfiguration, org.springframework.boot.autoconfigure.flyway.FlywayAutoConfiguration, org.springframework.boot.autoconfigure.jdbc.DataSourceAutoConfiguration, org.springframework.boot.autoconfigure.jdbc.DataSourceTransactionManagerAutoConfiguration, org.springframework.boot.autoconfigure.jdbc.JdbcTemplateAutoConfiguration, org.springframework.boot.autoconfigure.liquibase.LiquibaseAutoConfiguration, org.springframework.boot.autoconfigure.orm.jpa.HibernateJpaAutoConfiguration, org.springframework.boot.autoconfigure.transaction.TransactionAutoConfiguration, org.springframework.boot.test.autoconfigure.jdbc.TestDatabaseAutoConfiguration, org.springframework.boot.test.autoconfigure.orm.jpa.TestEntityManagerAutoConfiguration]], org.springframework.boot.test.context.filter.ExcludeFilterContextCustomizer@1f949ab9, org.springframework.boot.test.json.DuplicateJsonObjectContextCustomizerFactory$DuplicateJsonObjectContextCustomizer@7f426ddd, org.springframework.boot.test.mock.mockito.MockitoContextCustomizer@0, org.springframework.boot.test.autoconfigure.OverrideAutoConfigurationContextCustomizerFactory$DisableAutoConfigurationContextCustomizer@27df5806, org.springframework.boot.test.autoconfigure.actuate.metrics.MetricsExportContextCustomizerFactory$DisableMetricExportContextCustomizer@641ed324, org.springframework.boot.test.autoconfigure.filter.TypeExcludeFiltersContextCustomizer@351584c0, org.springframework.boot.test.autoconfigure.properties.PropertyMappingContextCustomizer@bff5ac1c, org.springframework.boot.test.autoconfigure.web.servlet.WebDriverContextCustomizerFactory$Customizer@5dfd31f4, org.spockframework.spring.mock.SpockContextCustomizer@0, org.springframework.boot.test.context.SpringBootTestArgs@1, org.springframework.boot.test.context.SpringBootTestWebEnvironment@0], contextLoader = 'org.springframework.boot.test.context.SpringBootContextLoader', parent = [null]], attributes = map[[empty]]], class annotated with @DirtiesContext [false] with mode [null].
00:26:28.328 [main] DEBUG org.springframework.test.context.support.DependencyInjectionTestExecutionListener - Performing dependency injection for test context [[DefaultTestContext@6086b885 testClass = ConcludeQuizTest, testInstance = pt.ulisboa.tecnico.socialsoftware.tutor.answer.service.ConcludeQuizTest@69063972, testMethod = [null], testException = [null], mergedContextConfiguration = [MergedContextConfiguration@7726d80d testClass = ConcludeQuizTest, locations = '{}', classes = '{class pt.ulisboa.tecnico.socialsoftware.tutor.TutorTestApplication, class pt.ulisboa.tecnico.socialsoftware.tutor.answer.service.ConcludeQuizTest$LocalBeanConfiguration}', contextInitializerClasses = '[]', activeProfiles = '{}', propertySourceLocations = '{}', propertySourceProperties = '{org.springframework.boot.test.autoconfigure.orm.jpa.DataJpaTestContextBootstrapper=true}', contextCustomizers = set[[ImportsContextCustomizer@2a7bc863 key = [org.springframework.boot.autoconfigure.cache.CacheAutoConfiguration, org.springframework.boot.autoconfigure.data.jpa.JpaRepositoriesAutoConfiguration, org.springframework.boot.autoconfigure.flyway.FlywayAutoConfiguration, org.springframework.boot.autoconfigure.jdbc.DataSourceAutoConfiguration, org.springframework.boot.autoconfigure.jdbc.DataSourceTransactionManagerAutoConfiguration, org.springframework.boot.autoconfigure.jdbc.JdbcTemplateAutoConfiguration, org.springframework.boot.autoconfigure.liquibase.LiquibaseAutoConfiguration, org.springframework.boot.autoconfigure.orm.jpa.HibernateJpaAutoConfiguration, org.springframework.boot.autoconfigure.transaction.TransactionAutoConfiguration, org.springframework.boot.test.autoconfigure.jdbc.TestDatabaseAutoConfiguration, org.springframework.boot.test.autoconfigure.orm.jpa.TestEntityManagerAutoConfiguration]], org.springframework.boot.test.context.filter.ExcludeFilterContextCustomizer@1f949ab9, org.springframework.boot.test.json.DuplicateJsonObjectContextCustomizerFactory$DuplicateJsonObjectContextCustomizer@7f426ddd, org.springframework.boot.test.mock.mockito.MockitoContextCustomizer@0, org.springframework.boot.test.autoconfigure.OverrideAutoConfigurationContextCustomizerFactory$DisableAutoConfigurationContextCustomizer@27df5806, org.springframework.boot.test.autoconfigure.actuate.metrics.MetricsExportContextCustomizerFactory$DisableMetricExportContextCustomizer@641ed324, org.springframework.boot.test.autoconfigure.filter.TypeExcludeFiltersContextCustomizer@351584c0, org.springframework.boot.test.autoconfigure.properties.PropertyMappingContextCustomizer@bff5ac1c, org.springframework.boot.test.autoconfigure.web.servlet.WebDriverContextCustomizerFactory$Customizer@5dfd31f4, org.spockframework.spring.mock.SpockContextCustomizer@0, org.springframework.boot.test.context.SpringBootTestArgs@1, org.springframework.boot.test.context.SpringBootTestWebEnvironment@0], contextLoader = 'org.springframework.boot.test.context.SpringBootContextLoader', parent = [null]], attributes = map['org.springframework.test.context.event.ApplicationEventsTestExecutionListener.recordApplicationEvents' -> false]]].
00:26:28.423 [main] DEBUG org.springframework.test.context.support.TestPropertySourceUtils - Adding inlined properties to environment: {spring.jmx.enabled=false, org.springframework.boot.test.autoconfigure.orm.jpa.DataJpaTestContextBootstrapper=true}

  .   ____          _            __ _ _
 /\\ / ___'_ __ _ _(_)_ __  __ _ \ \ \ \
( ( )\___ | '_ | '_| | '_ \/ _` | \ \ \ \
 \\/  ___)| |_)| | | | | || (_| |  ) ) ) )
  '  |____| .__|_| |_|_| |_\__, | / / / /
 =========|_|==============|___/=/_/_/_/
 :: Spring Boot ::                (v2.4.3)

2021-03-18 00:26:29.575  INFO 23484 --- [           main] p.u.t.s.t.a.service.ConcludeQuizTest     : Starting ConcludeQuizTest using Java 11.0.8 on DESKTOP-JF with PID 23484 (started by jhmff in C:\Users\jhmff\Desktop\IST\MEIC\2ano\2Semestre\Tutor\backend\tutor)
2021-03-18 00:26:29.578  INFO 23484 --- [           main] p.u.t.s.t.a.service.ConcludeQuizTest     : The following profiles are active: @activatedProperties@
2021-03-18 00:26:30.974  INFO 23484 --- [           main] .s.d.r.c.RepositoryConfigurationDelegate : Bootstrapping Spring Data JPA repositories in DEFAULT mode.
2021-03-18 00:26:31.508  INFO 23484 --- [           main] .s.d.r.c.RepositoryConfigurationDelegate : Finished Spring Data repository scanning in 515 ms. Found 22 JPA repository interfaces.
2021-03-18 00:26:31.798  INFO 23484 --- [           main] beddedDataSourceBeanFactoryPostProcessor : Replacing 'dataSource' DataSource bean with embedded version
2021-03-18 00:26:32.462  INFO 23484 --- [           main] trationDelegate$BeanPostProcessorChecker : Bean 'eventBusConfig' of type [pt.ulisboa.tecnico.socialsoftware.tutor.config.EventBusConfig$$EnhancerBySpringCGLIB$$f358fb58] is not eligible for getting processed by all BeanPostProcessors (for example: not eligible for auto-proxying)
2021-03-18 00:26:32.679  INFO 23484 --- [           main] trationDelegate$BeanPostProcessorChecker : Bean 'eventBus' of type [com.google.common.eventbus.EventBus] is not eligible for getting processed by all BeanPostProcessors (for example: not eligible for auto-proxying)
2021-03-18 00:26:33.107  INFO 23484 --- [           main] o.s.j.d.e.EmbeddedDatabaseFactory        : Starting embedded database: url='jdbc:h2:mem:4ceeaf79-b0fd-41b1-8a73-4d83d7608131;DB_CLOSE_DELAY=-1;DB_CLOSE_ON_EXIT=false', username='sa'
2021-03-18 00:26:34.184  INFO 23484 --- [           main] o.hibernate.jpa.internal.util.LogHelper  : HHH000204: Processing PersistenceUnitInfo [name: default]
2021-03-18 00:26:34.346  INFO 23484 --- [           main] org.hibernate.Version                    : HHH000412: Hibernate ORM core version 5.4.28.Final
2021-03-18 00:26:34.737  INFO 23484 --- [           main] o.hibernate.annotations.common.Version   : HCANN000001: Hibernate Commons Annotations {5.1.2.Final}
2021-03-18 00:26:35.059  INFO 23484 --- [           main] org.hibernate.dialect.Dialect            : HHH000400: Using dialect: org.hibernate.dialect.H2Dialect
Hibernate: create table answer_details (answer_details_type varchar(32) not null default 'multiple_choice' not null, id integer generated by default as identity, question_answer_id integer not null, option_id integer, primary key (id))
Hibernate: create table assessments (id integer generated by default as identity, sequence integer, status varchar(255), title varchar(255) not null, course_execution_id integer not null, primary key (id))
Hibernate: create table auth_users (auth_type varchar(31) not null, id integer generated by default as identity, email varchar(255), last_access timestamp, password varchar(255), username varchar(255), active boolean default false, confirmation_token varchar(255), token_generation_date timestamp, enrolled_courses_acronyms TEXT, user_id integer, primary key (id))
Hibernate: create table code_fill_in_options (id integer generated by default as identity, content TEXT not null, correct boolean default false not null, sequence integer not null, code_fill_in_id integer, primary key (id))
Hibernate: create table code_fill_in_options_question_answers (code_fill_in_options_id integer not null, question_answers_id integer not null, primary key (code_fill_in_options_id, question_answers_id))
Hibernate: create table code_fill_in_spot (id integer generated by default as identity, sequence integer not null, question_details_id integer, primary key (id))
Hibernate: create table code_order_slot (id integer generated by default as identity, content TEXT, correct_order integer, sequence integer not null, question_details_id integer, primary key (id))
Hibernate: create table code_fill_in_answer_item_option_ids (code_fill_in_answer_item_id integer not null, option_ids integer)
Hibernate: create table code_order_answer_item_ordered_slots (code_order_answer_item_id integer not null, assigned_order integer, slot_id integer)
Hibernate: create table code_order_answer_slot (id integer generated by default as identity, assigned_order integer, code_order_answer_id integer not null, code_order_slot_id integer not null, primary key (id))
Hibernate: create table course_executions (id integer generated by default as identity, academic_term varchar(255), acronym varchar(255), end_date timestamp, status varchar(255), type varchar(255), course_id integer not null, primary key (id))
Hibernate: create table courses (id integer generated by default as identity, name varchar(255) not null, type varchar(255), primary key (id))
Hibernate: create table discussions (id integer generated by default as identity, closed boolean default false, date timestamp, message text, course_execution_id integer not null, question_id integer not null, question_answer_id integer not null, user_id integer not null, primary key (id))
Hibernate: create table images (id integer generated by default as identity, url varchar(255) not null, width integer, question_id integer, primary key (id))
Hibernate: create table options (id integer generated by default as identity, content TEXT not null, correct boolean default false not null, sequence integer not null, question_details_id integer not null, primary key (id))
Hibernate: create table question_answer_items (question_answer_type varchar(32) not null default 'multiple_choice' not null, id integer generated by default as identity, answer_date timestamp, quiz_id integer, quiz_question_id integer, time_taken integer, time_to_submission integer, username varchar(255), option_id integer, primary key (id))
Hibernate: create table question_answers (id integer generated by default as identity, sequence integer, time_taken integer, quiz_answer_id integer not null, quiz_question_id integer not null, primary key (id))
Hibernate: create table question_details (question_type varchar(32) not null default 'multiple_choice' not null, id integer generated by default as identity, code TEXT, language integer, question_id integer, primary key (id))
Hibernate: create table question_submissions (id integer generated by default as identity, status varchar(255), student_read boolean default true not null, teacher_read boolean default true not null, course_execution_id integer, question_id integer, submitter_id integer, primary key (id))
Hibernate: create table questions (id integer generated by default as identity, content TEXT, creation_date timestamp, key integer, number_of_answers integer default 0, number_of_correct integer default 0, status varchar(255), title varchar(255) not null, course_id integer not null, primary key (id))
Hibernate: create table quiz_answers (id integer generated by default as identity, answer_date timestamp, completed boolean not null, creation_date timestamp, used_in_statistics boolean default false, quiz_id integer not null, user_id integer not null, primary key (id))
Hibernate: create table quiz_questions (id integer generated by default as identity, sequence integer, question_id integer not null, quiz_id integer not null, primary key (id))
Hibernate: create table quiz_answer_item (id integer generated by default as identity, answer_date timestamp, answers clob, quiz_answer_id integer, quiz_id integer, primary key (id))
Hibernate: create table quizzes (id integer generated by default as identity, available_date timestamp, conclusion_date timestamp, creation_date timestamp, key integer, one_way boolean default false, qr_code_only boolean default false, results_date timestamp, scramble boolean default false, series integer, title varchar(255) not null, type varchar(255), version varchar(255), course_execution_id integer not null, primary key (id))
Hibernate: create table replies (id integer generated by default as identity, date timestamp, is_public boolean default false, message text, discussion_id integer not null, user_id integer not null, primary key (id))
Hibernate: create table reviews (id integer generated by default as identity, comment TEXT not null, creation_date timestamp, type varchar(255), question_submission_id integer, user_id integer, primary key (id))
Hibernate: create table topic_conjunctions (id integer generated by default as identity, assessment_id integer not null, primary key (id))
Hibernate: create table topics (id integer generated by default as identity, name varchar(255) not null, course_id integer not null, primary key (id))
Hibernate: create table topics_questions (topics_id integer not null, questions_id integer not null, primary key (topics_id, questions_id))
Hibernate: create table topics_topic_conjunctions (topics_id integer not null, topic_conjunctions_id integer not null)
Hibernate: create table users (id integer generated by default as identity, admin boolean default false, creation_date timestamp, key integer, name varchar(255), number_of_correct_in_class_answers integer, number_of_correct_student_answers integer, number_of_correct_teacher_answers integer, number_of_in_class_answers integer, number_of_in_class_quizzes integer, number_of_student_answers integer, number_of_student_quizzes integer, number_of_teacher_answers integer, number_of_teacher_quizzes integer, role varchar(255), primary key (id))
Hibernate: create table users_course_executions (users_id integer not null, course_executions_id integer not null, primary key (users_id, course_executions_id))
Hibernate: alter table answer_details drop constraint if exists UK_ngo3s0f06jd83whwfy2y9s1rl
Hibernate: alter table answer_details add constraint UK_ngo3s0f06jd83whwfy2y9s1rl unique (question_answer_id)
Hibernate: create index auth_users_indx_0 on auth_users (username)
Hibernate: alter table auth_users drop constraint if exists UK_f9wqm8ya8k2x456jqotu3ihla
Hibernate: alter table auth_users add constraint UK_f9wqm8ya8k2x456jqotu3ihla unique (username)
Hibernate: alter table code_fill_in_spot drop constraint if exists UKq5w3k7aw7x9y7myhmp686lly5
Hibernate: alter table code_fill_in_spot add constraint UKq5w3k7aw7x9y7myhmp686lly5 unique (question_details_id, sequence)
Hibernate: alter table discussions drop constraint if exists UK_trlfswmstqs22xs9s8xj0iey4
Hibernate: alter table discussions add constraint UK_trlfswmstqs22xs9s8xj0iey4 unique (question_answer_id)
Hibernate: create index question_answer_items_indx_0 on question_answer_items (quiz_id)
Hibernate: create index question_answers_indx_0 on question_answers (quiz_question_id)
Hibernate: create index quiz_answers_indx_0 on quiz_answers (user_id)
Hibernate: create index quiz_answers_indx_1 on quiz_answers (quiz_id)
Hibernate: create index quiz_answers_indx_2 on quiz_answers (user_id, quiz_id)
Hibernate: create index quiz_answers_indx_3 on quiz_answers (quiz_id, user_id)
Hibernate: alter table quiz_answers drop constraint if exists UKfh0s032dop7wtyy55rjhedidv
Hibernate: alter table quiz_answers add constraint UKfh0s032dop7wtyy55rjhedidv unique (quiz_id, user_id)
Hibernate: create index quizzes_indx_0 on quizzes (course_execution_id)
Hibernate: create index topic_conjunctions_indx_0 on topic_conjunctions (assessment_id)
Hibernate: alter table users drop constraint if exists UK_2o0g48ff3u7ql7g3adqjb5ix4
Hibernate: alter table users add constraint UK_2o0g48ff3u7ql7g3adqjb5ix4 unique (key)
Hibernate: alter table answer_details add constraint FKjs7xvm2mm65ov3axubj7ipaee foreign key (question_answer_id) references question_answers
Hibernate: alter table answer_details add constraint FK58i179vrdh43q7q6hux2jgry2 foreign key (option_id) references options
Hibernate: alter table assessments add constraint FK9l06agsr3c75fewmve7t2tc43 foreign key (course_execution_id) references course_executions
Hibernate: alter table auth_users add constraint FKrpvvat76cqj7gfiyhoso7skyq foreign key (user_id) references users
Hibernate: alter table code_fill_in_options add constraint FKnowhxe38yx428bgd3gkksxd0o foreign key (code_fill_in_id) references code_fill_in_spot
Hibernate: alter table code_fill_in_options_question_answers add constraint FK8mqmt9p4c5kgi0e3648xt1icu foreign key (question_answers_id) references answer_details
Hibernate: alter table code_fill_in_options_question_answers add constraint FKe1a8vsqu11epk42nucd962f2y foreign key (code_fill_in_options_id) references code_fill_in_options
Hibernate: alter table code_fill_in_spot add constraint FKfsmogvpjssv7a58aylcne8ott foreign key (question_details_id) references question_details
Hibernate: alter table code_order_slot add constraint FKg3q3re0fd39t9sqqcr8h0hk14 foreign key (question_details_id) references question_details
Hibernate: alter table code_fill_in_answer_item_option_ids add constraint FKeb06eyuonl4j23xiu675c6h4c foreign key (code_fill_in_answer_item_id) references question_answer_items
Hibernate: alter table code_order_answer_item_ordered_slots add constraint FKn7wg3ru2csb71gjfeds6mvgef foreign key (code_order_answer_item_id) references question_answer_items
Hibernate: alter table code_order_answer_slot add constraint FKsr8gp7lo9rne1iy2jgp8hdfff foreign key (code_order_answer_id) references answer_details
Hibernate: alter table code_order_answer_slot add constraint FKsqoy100tn0amw0degeccyf8nd foreign key (code_order_slot_id) references code_order_slot
Hibernate: alter table course_executions add constraint FKimcvi45c7kssp8vygn0diid7u foreign key (course_id) references courses
Hibernate: alter table discussions add constraint FKs694t28awnmhc7s3flce59h88 foreign key (course_execution_id) references course_executions
Hibernate: alter table discussions add constraint FK4smmncofiwesyfmqrd8xfb63u foreign key (question_id) references questions
Hibernate: alter table discussions add constraint FKgo6ea3dr1c555wmowepvfvys5 foreign key (question_answer_id) references question_answers
Hibernate: alter table discussions add constraint FK9poj0fwjbqjit2n9dt6bhe5f7 foreign key (user_id) references users
Hibernate: alter table images add constraint FK37qs4lwbc8u9pmjhtuxp0d264 foreign key (question_id) references questions
Hibernate: alter table options add constraint FK99cstl7dsrj6q9gb2r52iigsw foreign key (question_details_id) references question_details
Hibernate: alter table question_answers add constraint FKamgy9t1s8asrsl00l5p8lold4 foreign key (quiz_answer_id) references quiz_answers
Hibernate: alter table question_answers add constraint FKjy80p5uktr31ehg8d5v53nfq2 foreign key (quiz_question_id) references quiz_questions
Hibernate: alter table question_details add constraint FKp450m4lxfc5bjdek0glon56j1 foreign key (question_id) references questions
Hibernate: alter table question_submissions add constraint FKcam0sbhwyxy8btwmcmg9cjjrv foreign key (course_execution_id) references course_executions
Hibernate: alter table question_submissions add constraint FK2pxbyfmlfhrnlcgk5n21u7387 foreign key (question_id) references questions
Hibernate: alter table question_submissions add constraint FK73bi9gmijg7xl7q5ajx7dgkn1 foreign key (submitter_id) references users
Hibernate: alter table questions add constraint FK6y78pbrt5dxp12ljsa8r1ey82 foreign key (course_id) references courses
Hibernate: alter table quiz_answers add constraint FK8m696ke2wtle7jrw9fp3ey2yt foreign key (quiz_id) references quizzes
Hibernate: alter table quiz_answers add constraint FKcqyj36ibcadfva2rc6psle7u1 foreign key (user_id) references users
Hibernate: alter table quiz_questions add constraint FKev41c723fx659v28pjycox15o foreign key (question_id) references questions
Hibernate: alter table quiz_questions add constraint FKanfmgf6ksbdnv7ojb0pfve54q foreign key (quiz_id) references quizzes
Hibernate: alter table quizzes add constraint FKtjubpqjuw7b2yw4jp7kwstp3l foreign key (course_execution_id) references course_executions
Hibernate: alter table replies add constraint FKjssw5shs8tpciwe5yuct3365x foreign key (discussion_id) references discussions
Hibernate: alter table replies add constraint FKn60t7po8l0rllye52xx25q4xx foreign key (user_id) references users
Hibernate: alter table reviews add constraint FKd538goj636vy1d5lbiaf9n5y0 foreign key (question_submission_id) references question_submissions
Hibernate: alter table reviews add constraint FKcgy7qjc1r99dp117y9en6lxye foreign key (user_id) references users
Hibernate: alter table topic_conjunctions add constraint FK1bei0hi20ym6b018f9yr59gya foreign key (assessment_id) references assessments
Hibernate: alter table topics add constraint FKhn8u5k2hlwgftn6xkk7i2vh1o foreign key (course_id) references courses
Hibernate: alter table topics_questions add constraint FK4lsm9y4c8dmvp5b2g5no87om7 foreign key (questions_id) references questions
Hibernate: alter table topics_questions add constraint FKpv4eapx6jhsr3fnqygajogkyc foreign key (topics_id) references topics
Hibernate: alter table topics_topic_conjunctions add constraint FKh080rtpwj6cuvoi3wq4avmmw0 foreign key (topic_conjunctions_id) references topic_conjunctions
Hibernate: alter table topics_topic_conjunctions add constraint FK2p0k3pivqm6btx62cmftv3ktq foreign key (topics_id) references topics
Hibernate: alter table users_course_executions add constraint FK3nlrx7690x6hfu93fi69gskqg foreign key (course_executions_id) references course_executions
Hibernate: alter table users_course_executions add constraint FKbio7lec4k721ccqaoqecbr9ko foreign key (users_id) references users
2021-03-18 00:26:37.808  INFO 23484 --- [           main] o.h.e.t.j.p.i.JtaPlatformInitiator       : HHH000490: Using JtaPlatform implementation: [org.hibernate.engine.transaction.jta.platform.internal.NoJtaPlatform]
2021-03-18 00:26:37.830  INFO 23484 --- [           main] j.LocalContainerEntityManagerFactoryBean : Initialized JPA EntityManagerFactory for persistence unit 'default'
2021-03-18 00:26:41.714  INFO 23484 --- [           main] p.u.t.s.t.a.service.ConcludeQuizTest     : Started ConcludeQuizTest in 13.286 seconds (JVM running for 23.278)
2021-03-18 00:26:41.791  INFO 23484 --- [           main] o.s.t.c.transaction.TransactionContext   : Began transaction (1) for test context [DefaultTestContext@6086b885 testClass = ConcludeQuizTest, testInstance = pt.ulisboa.tecnico.socialsoftware.tutor.answer.service.ConcludeQuizTest@69063972, testMethod = $spock_feature_1_0@ConcludeQuizTest, testException = [null], mergedContextConfiguration = [MergedContextConfiguration@7726d80d testClass = ConcludeQuizTest, locations = '{}', classes = '{class pt.ulisboa.tecnico.socialsoftware.tutor.TutorTestApplication, class pt.ulisboa.tecnico.socialsoftware.tutor.answer.service.ConcludeQuizTest$LocalBeanConfiguration}', contextInitializerClasses = '[]', activeProfiles = '{}', propertySourceLocations = '{}', propertySourceProperties = '{org.springframework.boot.test.autoconfigure.orm.jpa.DataJpaTestContextBootstrapper=true}', contextCustomizers = set[[ImportsContextCustomizer@2a7bc863 key = [org.springframework.boot.autoconfigure.cache.CacheAutoConfiguration, org.springframework.boot.autoconfigure.data.jpa.JpaRepositoriesAutoConfiguration, org.springframework.boot.autoconfigure.flyway.FlywayAutoConfiguration, org.springframework.boot.autoconfigure.jdbc.DataSourceAutoConfiguration, org.springframework.boot.autoconfigure.jdbc.DataSourceTransactionManagerAutoConfiguration, org.springframework.boot.autoconfigure.jdbc.JdbcTemplateAutoConfiguration, org.springframework.boot.autoconfigure.liquibase.LiquibaseAutoConfiguration, org.springframework.boot.autoconfigure.orm.jpa.HibernateJpaAutoConfiguration, org.springframework.boot.autoconfigure.transaction.TransactionAutoConfiguration, org.springframework.boot.test.autoconfigure.jdbc.TestDatabaseAutoConfiguration, org.springframework.boot.test.autoconfigure.orm.jpa.TestEntityManagerAutoConfiguration]], org.springframework.boot.test.context.filter.ExcludeFilterContextCustomizer@1f949ab9, org.springframework.boot.test.json.DuplicateJsonObjectContextCustomizerFactory$DuplicateJsonObjectContextCustomizer@7f426ddd, org.springframework.boot.test.mock.mockito.MockitoContextCustomizer@0, org.springframework.boot.test.autoconfigure.OverrideAutoConfigurationContextCustomizerFactory$DisableAutoConfigurationContextCustomizer@27df5806, org.springframework.boot.test.autoconfigure.actuate.metrics.MetricsExportContextCustomizerFactory$DisableMetricExportContextCustomizer@641ed324, org.springframework.boot.test.autoconfigure.filter.TypeExcludeFiltersContextCustomizer@351584c0, org.springframework.boot.test.autoconfigure.properties.PropertyMappingContextCustomizer@bff5ac1c, org.springframework.boot.test.autoconfigure.web.servlet.WebDriverContextCustomizerFactory$Customizer@5dfd31f4, org.spockframework.spring.mock.SpockContextCustomizer@0, org.springframework.boot.test.context.SpringBootTestArgs@1, org.springframework.boot.test.context.SpringBootTestWebEnvironment@0], contextLoader = 'org.springframework.boot.test.context.SpringBootContextLoader', parent = [null]], attributes = map['org.springframework.test.context.event.ApplicationEventsTestExecutionListener.recordApplicationEvents' -> false]]; transaction manager [org.springframework.orm.jpa.JpaTransactionManager@4b5980d0]; rollback [true]
Hibernate: insert into courses (id, name, type) values (null, ?, ?)
Hibernate: call identity()
Hibernate: insert into course_executions (id, academic_term, acronym, course_id, end_date, status, type) values (null, ?, ?, ?, ?, ?, ?)
Hibernate: call identity()
Hibernate: insert into users (id, admin, creation_date, key, name, number_of_correct_in_class_answers, number_of_correct_student_answers, number_of_correct_teacher_answers, number_of_in_class_answers, number_of_in_class_quizzes, number_of_student_answers, number_of_student_quizzes, number_of_teacher_answers, number_of_teacher_quizzes, role) values (null, ?, ?, ?, ?, ?, ?, ?, ?, ?, ?, ?, ?, ?, ?)
Hibernate: call identity()
Hibernate: insert into auth_users (id, email, last_access, password, user_id, username, enrolled_courses_acronyms, auth_type) values (null, ?, ?, ?, ?, ?, ?, 'TECNICO')
Hibernate: call identity()
Hibernate: insert into quizzes (id, available_date, conclusion_date, course_execution_id, creation_date, key, one_way, qr_code_only, results_date, scramble, series, title, type, version) values (null, ?, ?, ?, ?, ?, ?, ?, ?, ?, ?, ?, ?, ?)
Hibernate: call identity()
Hibernate: insert into questions (id, content, course_id, creation_date, key, number_of_answers, number_of_correct, status, title) values (null, ?, ?, ?, ?, ?, ?, ?, ?)
Hibernate: call identity()
Hibernate: insert into question_details (id, question_id, question_type) values (null, ?, 'multiple_choice')
Hibernate: call identity()
Hibernate: insert into quiz_questions (id, question_id, quiz_id, sequence) values (null, ?, ?, ?)
Hibernate: call identity()
Hibernate: insert into options (id, content, correct, question_details_id, sequence) values (null, ?, ?, ?, ?)
Hibernate: call identity()
Hibernate: insert into options (id, content, correct, question_details_id, sequence) values (null, ?, ?, ?, ?)
Hibernate: call identity()
Hibernate: insert into quiz_answers (id, answer_date, completed, creation_date, quiz_id, used_in_statistics, user_id) values (null, ?, ?, ?, ?, ?, ?)
Hibernate: call identity()
Hibernate: insert into question_answers (id, quiz_answer_id, quiz_question_id, sequence, time_taken) values (null, ?, ?, ?, ?)
Hibernate: call identity()
Hibernate: update quiz_answers set answer_date=?, completed=?, creation_date=?, quiz_id=?, used_in_statistics=?, user_id=? where id=?
Hibernate: update question_answers set quiz_answer_id=?, quiz_question_id=?, sequence=?, time_taken=? where id=?
Hibernate: insert into users_course_executions (users_id, course_executions_id) values (?, ?)
Hibernate: select questionan0_.id as id1_16_, questionan0_.quiz_answer_id as quiz_ans4_16_, questionan0_.quiz_question_id as quiz_que5_16_, questionan0_.sequence as sequence2_16_, questionan0_.time_taken as time_tak3_16_ from question_answers questionan0_
Hibernate: select questionan0_.id as id1_16_, questionan0_.quiz_answer_id as quiz_ans4_16_, questionan0_.quiz_question_id as quiz_que5_16_, questionan0_.sequence as sequence2_16_, questionan0_.time_taken as time_tak3_16_ from question_answers questionan0_
2021-03-18 00:26:42.611  INFO 23484 --- [           main] o.s.t.c.transaction.TransactionContext   : Rolled back transaction for test: [DefaultTestContext@6086b885 testClass = ConcludeQuizTest, testInstance = pt.ulisboa.tecnico.socialsoftware.tutor.answer.service.ConcludeQuizTest@69063972, testMethod = $spock_feature_1_0@ConcludeQuizTest, testException = [null], mergedContextConfiguration = [MergedContextConfiguration@7726d80d testClass = ConcludeQuizTest, locations = '{}', classes = '{class pt.ulisboa.tecnico.socialsoftware.tutor.TutorTestApplication, class pt.ulisboa.tecnico.socialsoftware.tutor.answer.service.ConcludeQuizTest$LocalBeanConfiguration}', contextInitializerClasses = '[]', activeProfiles = '{}', propertySourceLocations = '{}', propertySourceProperties = '{org.springframework.boot.test.autoconfigure.orm.jpa.DataJpaTestContextBootstrapper=true}', contextCustomizers = set[[ImportsContextCustomizer@2a7bc863 key = [org.springframework.boot.autoconfigure.cache.CacheAutoConfiguration, org.springframework.boot.autoconfigure.data.jpa.JpaRepositoriesAutoConfiguration, org.springframework.boot.autoconfigure.flyway.FlywayAutoConfiguration, org.springframework.boot.autoconfigure.jdbc.DataSourceAutoConfiguration, org.springframework.boot.autoconfigure.jdbc.DataSourceTransactionManagerAutoConfiguration, org.springframework.boot.autoconfigure.jdbc.JdbcTemplateAutoConfiguration, org.springframework.boot.autoconfigure.liquibase.LiquibaseAutoConfiguration, org.springframework.boot.autoconfigure.orm.jpa.HibernateJpaAutoConfiguration, org.springframework.boot.autoconfigure.transaction.TransactionAutoConfiguration, org.springframework.boot.test.autoconfigure.jdbc.TestDatabaseAutoConfiguration, org.springframework.boot.test.autoconfigure.orm.jpa.TestEntityManagerAutoConfiguration]], org.springframework.boot.test.context.filter.ExcludeFilterContextCustomizer@1f949ab9, org.springframework.boot.test.json.DuplicateJsonObjectContextCustomizerFactory$DuplicateJsonObjectContextCustomizer@7f426ddd, org.springframework.boot.test.mock.mockito.MockitoContextCustomizer@0, org.springframework.boot.test.autoconfigure.OverrideAutoConfigurationContextCustomizerFactory$DisableAutoConfigurationContextCustomizer@27df5806, org.springframework.boot.test.autoconfigure.actuate.metrics.MetricsExportContextCustomizerFactory$DisableMetricExportContextCustomizer@641ed324, org.springframework.boot.test.autoconfigure.filter.TypeExcludeFiltersContextCustomizer@351584c0, org.springframework.boot.test.autoconfigure.properties.PropertyMappingContextCustomizer@bff5ac1c, org.springframework.boot.test.autoconfigure.web.servlet.WebDriverContextCustomizerFactory$Customizer@5dfd31f4, org.spockframework.spring.mock.SpockContextCustomizer@0, org.springframework.boot.test.context.SpringBootTestArgs@1, org.springframework.boot.test.context.SpringBootTestWebEnvironment@0], contextLoader = 'org.springframework.boot.test.context.SpringBootContextLoader', parent = [null]], attributes = map['org.spockframework.spring.SpringMockTestExecutionListener.MOCKED_BEANS_LIST' -> list[Mock for type 'Mailer' named 'Mailer'], 'org.springframework.test.context.event.ApplicationEventsTestExecutionListener.recordApplicationEvents' -> false]]
]]></system-out>
  </testcase>
  <testcase name="conclude quiz IN_CLASS without answering, before conclusionDate" classname="pt.ulisboa.tecnico.socialsoftware.tutor.answer.service.ConcludeQuizTest" time="0.26">
    <system-out><![CDATA[2021-03-18 00:26:42.619  INFO 23484 --- [           main] o.s.t.c.transaction.TransactionContext   : Began transaction (1) for test context [DefaultTestContext@6086b885 testClass = ConcludeQuizTest, testInstance = pt.ulisboa.tecnico.socialsoftware.tutor.answer.service.ConcludeQuizTest@6859b010, testMethod = $spock_feature_1_1@ConcludeQuizTest, testException = [null], mergedContextConfiguration = [MergedContextConfiguration@7726d80d testClass = ConcludeQuizTest, locations = '{}', classes = '{class pt.ulisboa.tecnico.socialsoftware.tutor.TutorTestApplication, class pt.ulisboa.tecnico.socialsoftware.tutor.answer.service.ConcludeQuizTest$LocalBeanConfiguration}', contextInitializerClasses = '[]', activeProfiles = '{}', propertySourceLocations = '{}', propertySourceProperties = '{org.springframework.boot.test.autoconfigure.orm.jpa.DataJpaTestContextBootstrapper=true}', contextCustomizers = set[[ImportsContextCustomizer@2a7bc863 key = [org.springframework.boot.autoconfigure.cache.CacheAutoConfiguration, org.springframework.boot.autoconfigure.data.jpa.JpaRepositoriesAutoConfiguration, org.springframework.boot.autoconfigure.flyway.FlywayAutoConfiguration, org.springframework.boot.autoconfigure.jdbc.DataSourceAutoConfiguration, org.springframework.boot.autoconfigure.jdbc.DataSourceTransactionManagerAutoConfiguration, org.springframework.boot.autoconfigure.jdbc.JdbcTemplateAutoConfiguration, org.springframework.boot.autoconfigure.liquibase.LiquibaseAutoConfiguration, org.springframework.boot.autoconfigure.orm.jpa.HibernateJpaAutoConfiguration, org.springframework.boot.autoconfigure.transaction.TransactionAutoConfiguration, org.springframework.boot.test.autoconfigure.jdbc.TestDatabaseAutoConfiguration, org.springframework.boot.test.autoconfigure.orm.jpa.TestEntityManagerAutoConfiguration]], org.springframework.boot.test.context.filter.ExcludeFilterContextCustomizer@1f949ab9, org.springframework.boot.test.json.DuplicateJsonObjectContextCustomizerFactory$DuplicateJsonObjectContextCustomizer@7f426ddd, org.springframework.boot.test.mock.mockito.MockitoContextCustomizer@0, org.springframework.boot.test.autoconfigure.OverrideAutoConfigurationContextCustomizerFactory$DisableAutoConfigurationContextCustomizer@27df5806, org.springframework.boot.test.autoconfigure.actuate.metrics.MetricsExportContextCustomizerFactory$DisableMetricExportContextCustomizer@641ed324, org.springframework.boot.test.autoconfigure.filter.TypeExcludeFiltersContextCustomizer@351584c0, org.springframework.boot.test.autoconfigure.properties.PropertyMappingContextCustomizer@bff5ac1c, org.springframework.boot.test.autoconfigure.web.servlet.WebDriverContextCustomizerFactory$Customizer@5dfd31f4, org.spockframework.spring.mock.SpockContextCustomizer@0, org.springframework.boot.test.context.SpringBootTestArgs@1, org.springframework.boot.test.context.SpringBootTestWebEnvironment@0], contextLoader = 'org.springframework.boot.test.context.SpringBootContextLoader', parent = [null]], attributes = map['org.spockframework.spring.SpringMockTestExecutionListener.MOCKED_BEANS_LIST' -> list[Mock for type 'Mailer' named 'Mailer'], 'org.springframework.test.context.event.ApplicationEventsTestExecutionListener.recordApplicationEvents' -> false]]; transaction manager [org.springframework.orm.jpa.JpaTransactionManager@4b5980d0]; rollback [true]
Hibernate: insert into courses (id, name, type) values (null, ?, ?)
Hibernate: call identity()
Hibernate: insert into course_executions (id, academic_term, acronym, course_id, end_date, status, type) values (null, ?, ?, ?, ?, ?, ?)
Hibernate: call identity()
Hibernate: insert into users (id, admin, creation_date, key, name, number_of_correct_in_class_answers, number_of_correct_student_answers, number_of_correct_teacher_answers, number_of_in_class_answers, number_of_in_class_quizzes, number_of_student_answers, number_of_student_quizzes, number_of_teacher_answers, number_of_teacher_quizzes, role) values (null, ?, ?, ?, ?, ?, ?, ?, ?, ?, ?, ?, ?, ?, ?)
Hibernate: call identity()
Hibernate: insert into auth_users (id, email, last_access, password, user_id, username, enrolled_courses_acronyms, auth_type) values (null, ?, ?, ?, ?, ?, ?, 'TECNICO')
Hibernate: call identity()
Hibernate: insert into quizzes (id, available_date, conclusion_date, course_execution_id, creation_date, key, one_way, qr_code_only, results_date, scramble, series, title, type, version) values (null, ?, ?, ?, ?, ?, ?, ?, ?, ?, ?, ?, ?, ?)
Hibernate: call identity()
Hibernate: insert into questions (id, content, course_id, creation_date, key, number_of_answers, number_of_correct, status, title) values (null, ?, ?, ?, ?, ?, ?, ?, ?)
Hibernate: call identity()
Hibernate: insert into question_details (id, question_id, question_type) values (null, ?, 'multiple_choice')
Hibernate: call identity()
Hibernate: insert into quiz_questions (id, question_id, quiz_id, sequence) values (null, ?, ?, ?)
Hibernate: call identity()
Hibernate: insert into options (id, content, correct, question_details_id, sequence) values (null, ?, ?, ?, ?)
Hibernate: call identity()
Hibernate: insert into options (id, content, correct, question_details_id, sequence) values (null, ?, ?, ?, ?)
Hibernate: call identity()
Hibernate: insert into quiz_answers (id, answer_date, completed, creation_date, quiz_id, used_in_statistics, user_id) values (null, ?, ?, ?, ?, ?, ?)
Hibernate: call identity()
Hibernate: insert into question_answers (id, quiz_answer_id, quiz_question_id, sequence, time_taken) values (null, ?, ?, ?, ?)
Hibernate: call identity()
Hibernate: insert into quiz_answer_item (id, answer_date, answers, quiz_answer_id, quiz_id) values (null, ?, ?, ?, ?)
Hibernate: call identity()
Hibernate: select quizanswer0_.id as id1_22_, quizanswer0_.answer_date as answer_d2_22_, quizanswer0_.answers as answers3_22_, quizanswer0_.quiz_answer_id as quiz_ans4_22_, quizanswer0_.quiz_id as quiz_id5_22_ from quiz_answer_item quizanswer0_
Hibernate: select quizanswer0_.id as id1_22_, quizanswer0_.answer_date as answer_d2_22_, quizanswer0_.answers as answers3_22_, quizanswer0_.quiz_answer_id as quiz_ans4_22_, quizanswer0_.quiz_id as quiz_id5_22_ from quiz_answer_item quizanswer0_
2021-03-18 00:26:42.875  INFO 23484 --- [           main] o.s.t.c.transaction.TransactionContext   : Rolled back transaction for test: [DefaultTestContext@6086b885 testClass = ConcludeQuizTest, testInstance = pt.ulisboa.tecnico.socialsoftware.tutor.answer.service.ConcludeQuizTest@6859b010, testMethod = $spock_feature_1_1@ConcludeQuizTest, testException = [null], mergedContextConfiguration = [MergedContextConfiguration@7726d80d testClass = ConcludeQuizTest, locations = '{}', classes = '{class pt.ulisboa.tecnico.socialsoftware.tutor.TutorTestApplication, class pt.ulisboa.tecnico.socialsoftware.tutor.answer.service.ConcludeQuizTest$LocalBeanConfiguration}', contextInitializerClasses = '[]', activeProfiles = '{}', propertySourceLocations = '{}', propertySourceProperties = '{org.springframework.boot.test.autoconfigure.orm.jpa.DataJpaTestContextBootstrapper=true}', contextCustomizers = set[[ImportsContextCustomizer@2a7bc863 key = [org.springframework.boot.autoconfigure.cache.CacheAutoConfiguration, org.springframework.boot.autoconfigure.data.jpa.JpaRepositoriesAutoConfiguration, org.springframework.boot.autoconfigure.flyway.FlywayAutoConfiguration, org.springframework.boot.autoconfigure.jdbc.DataSourceAutoConfiguration, org.springframework.boot.autoconfigure.jdbc.DataSourceTransactionManagerAutoConfiguration, org.springframework.boot.autoconfigure.jdbc.JdbcTemplateAutoConfiguration, org.springframework.boot.autoconfigure.liquibase.LiquibaseAutoConfiguration, org.springframework.boot.autoconfigure.orm.jpa.HibernateJpaAutoConfiguration, org.springframework.boot.autoconfigure.transaction.TransactionAutoConfiguration, org.springframework.boot.test.autoconfigure.jdbc.TestDatabaseAutoConfiguration, org.springframework.boot.test.autoconfigure.orm.jpa.TestEntityManagerAutoConfiguration]], org.springframework.boot.test.context.filter.ExcludeFilterContextCustomizer@1f949ab9, org.springframework.boot.test.json.DuplicateJsonObjectContextCustomizerFactory$DuplicateJsonObjectContextCustomizer@7f426ddd, org.springframework.boot.test.mock.mockito.MockitoContextCustomizer@0, org.springframework.boot.test.autoconfigure.OverrideAutoConfigurationContextCustomizerFactory$DisableAutoConfigurationContextCustomizer@27df5806, org.springframework.boot.test.autoconfigure.actuate.metrics.MetricsExportContextCustomizerFactory$DisableMetricExportContextCustomizer@641ed324, org.springframework.boot.test.autoconfigure.filter.TypeExcludeFiltersContextCustomizer@351584c0, org.springframework.boot.test.autoconfigure.properties.PropertyMappingContextCustomizer@bff5ac1c, org.springframework.boot.test.autoconfigure.web.servlet.WebDriverContextCustomizerFactory$Customizer@5dfd31f4, org.spockframework.spring.mock.SpockContextCustomizer@0, org.springframework.boot.test.context.SpringBootTestArgs@1, org.springframework.boot.test.context.SpringBootTestWebEnvironment@0], contextLoader = 'org.springframework.boot.test.context.SpringBootContextLoader', parent = [null]], attributes = map['org.spockframework.spring.SpringMockTestExecutionListener.MOCKED_BEANS_LIST' -> list[Mock for type 'Mailer' named 'Mailer'], 'org.springframework.test.context.event.ApplicationEventsTestExecutionListener.recordApplicationEvents' -> false]]
]]></system-out>
  </testcase>
  <testcase name="conclude quiz with answer, before conclusionDate" classname="pt.ulisboa.tecnico.socialsoftware.tutor.answer.service.ConcludeQuizTest" time="0.062">
    <system-out><![CDATA[2021-03-18 00:26:42.881  INFO 23484 --- [           main] o.s.t.c.transaction.TransactionContext   : Began transaction (1) for test context [DefaultTestContext@6086b885 testClass = ConcludeQuizTest, testInstance = pt.ulisboa.tecnico.socialsoftware.tutor.answer.service.ConcludeQuizTest@67af3d86, testMethod = $spock_feature_1_2@ConcludeQuizTest, testException = [null], mergedContextConfiguration = [MergedContextConfiguration@7726d80d testClass = ConcludeQuizTest, locations = '{}', classes = '{class pt.ulisboa.tecnico.socialsoftware.tutor.TutorTestApplication, class pt.ulisboa.tecnico.socialsoftware.tutor.answer.service.ConcludeQuizTest$LocalBeanConfiguration}', contextInitializerClasses = '[]', activeProfiles = '{}', propertySourceLocations = '{}', propertySourceProperties = '{org.springframework.boot.test.autoconfigure.orm.jpa.DataJpaTestContextBootstrapper=true}', contextCustomizers = set[[ImportsContextCustomizer@2a7bc863 key = [org.springframework.boot.autoconfigure.cache.CacheAutoConfiguration, org.springframework.boot.autoconfigure.data.jpa.JpaRepositoriesAutoConfiguration, org.springframework.boot.autoconfigure.flyway.FlywayAutoConfiguration, org.springframework.boot.autoconfigure.jdbc.DataSourceAutoConfiguration, org.springframework.boot.autoconfigure.jdbc.DataSourceTransactionManagerAutoConfiguration, org.springframework.boot.autoconfigure.jdbc.JdbcTemplateAutoConfiguration, org.springframework.boot.autoconfigure.liquibase.LiquibaseAutoConfiguration, org.springframework.boot.autoconfigure.orm.jpa.HibernateJpaAutoConfiguration, org.springframework.boot.autoconfigure.transaction.TransactionAutoConfiguration, org.springframework.boot.test.autoconfigure.jdbc.TestDatabaseAutoConfiguration, org.springframework.boot.test.autoconfigure.orm.jpa.TestEntityManagerAutoConfiguration]], org.springframework.boot.test.context.filter.ExcludeFilterContextCustomizer@1f949ab9, org.springframework.boot.test.json.DuplicateJsonObjectContextCustomizerFactory$DuplicateJsonObjectContextCustomizer@7f426ddd, org.springframework.boot.test.mock.mockito.MockitoContextCustomizer@0, org.springframework.boot.test.autoconfigure.OverrideAutoConfigurationContextCustomizerFactory$DisableAutoConfigurationContextCustomizer@27df5806, org.springframework.boot.test.autoconfigure.actuate.metrics.MetricsExportContextCustomizerFactory$DisableMetricExportContextCustomizer@641ed324, org.springframework.boot.test.autoconfigure.filter.TypeExcludeFiltersContextCustomizer@351584c0, org.springframework.boot.test.autoconfigure.properties.PropertyMappingContextCustomizer@bff5ac1c, org.springframework.boot.test.autoconfigure.web.servlet.WebDriverContextCustomizerFactory$Customizer@5dfd31f4, org.spockframework.spring.mock.SpockContextCustomizer@0, org.springframework.boot.test.context.SpringBootTestArgs@1, org.springframework.boot.test.context.SpringBootTestWebEnvironment@0], contextLoader = 'org.springframework.boot.test.context.SpringBootContextLoader', parent = [null]], attributes = map['org.spockframework.spring.SpringMockTestExecutionListener.MOCKED_BEANS_LIST' -> list[Mock for type 'Mailer' named 'Mailer'], 'org.springframework.test.context.event.ApplicationEventsTestExecutionListener.recordApplicationEvents' -> false]]; transaction manager [org.springframework.orm.jpa.JpaTransactionManager@4b5980d0]; rollback [true]
Hibernate: insert into courses (id, name, type) values (null, ?, ?)
Hibernate: call identity()
Hibernate: insert into course_executions (id, academic_term, acronym, course_id, end_date, status, type) values (null, ?, ?, ?, ?, ?, ?)
Hibernate: call identity()
Hibernate: insert into users (id, admin, creation_date, key, name, number_of_correct_in_class_answers, number_of_correct_student_answers, number_of_correct_teacher_answers, number_of_in_class_answers, number_of_in_class_quizzes, number_of_student_answers, number_of_student_quizzes, number_of_teacher_answers, number_of_teacher_quizzes, role) values (null, ?, ?, ?, ?, ?, ?, ?, ?, ?, ?, ?, ?, ?, ?)
Hibernate: call identity()
Hibernate: insert into auth_users (id, email, last_access, password, user_id, username, enrolled_courses_acronyms, auth_type) values (null, ?, ?, ?, ?, ?, ?, 'TECNICO')
Hibernate: call identity()
Hibernate: insert into quizzes (id, available_date, conclusion_date, course_execution_id, creation_date, key, one_way, qr_code_only, results_date, scramble, series, title, type, version) values (null, ?, ?, ?, ?, ?, ?, ?, ?, ?, ?, ?, ?, ?)
Hibernate: call identity()
Hibernate: insert into questions (id, content, course_id, creation_date, key, number_of_answers, number_of_correct, status, title) values (null, ?, ?, ?, ?, ?, ?, ?, ?)
Hibernate: call identity()
Hibernate: insert into question_details (id, question_id, question_type) values (null, ?, 'multiple_choice')
Hibernate: call identity()
Hibernate: insert into quiz_questions (id, question_id, quiz_id, sequence) values (null, ?, ?, ?)
Hibernate: call identity()
Hibernate: insert into options (id, content, correct, question_details_id, sequence) values (null, ?, ?, ?, ?)
Hibernate: call identity()
Hibernate: insert into options (id, content, correct, question_details_id, sequence) values (null, ?, ?, ?, ?)
Hibernate: call identity()
Hibernate: insert into quiz_answers (id, answer_date, completed, creation_date, quiz_id, used_in_statistics, user_id) values (null, ?, ?, ?, ?, ?, ?)
Hibernate: call identity()
Hibernate: insert into question_answers (id, quiz_answer_id, quiz_question_id, sequence, time_taken) values (null, ?, ?, ?, ?)
Hibernate: call identity()
Hibernate: insert into answer_details (id, question_answer_id, option_id, answer_details_type) values (null, ?, ?, 'multiple_choice')
Hibernate: call identity()
Hibernate: update quizzes set available_date=?, conclusion_date=?, course_execution_id=?, creation_date=?, key=?, one_way=?, qr_code_only=?, results_date=?, scramble=?, series=?, title=?, type=?, version=? where id=?
Hibernate: update quiz_answers set answer_date=?, completed=?, creation_date=?, quiz_id=?, used_in_statistics=?, user_id=? where id=?
Hibernate: update question_answers set quiz_answer_id=?, quiz_question_id=?, sequence=?, time_taken=? where id=?
Hibernate: insert into users_course_executions (users_id, course_executions_id) values (?, ?)
Hibernate: select questionan0_.id as id1_16_, questionan0_.quiz_answer_id as quiz_ans4_16_, questionan0_.quiz_question_id as quiz_que5_16_, questionan0_.sequence as sequence2_16_, questionan0_.time_taken as time_tak3_16_ from question_answers questionan0_
Hibernate: select questionan0_.id as id1_16_, questionan0_.quiz_answer_id as quiz_ans4_16_, questionan0_.quiz_question_id as quiz_que5_16_, questionan0_.sequence as sequence2_16_, questionan0_.time_taken as time_tak3_16_ from question_answers questionan0_
2021-03-18 00:26:42.939  INFO 23484 --- [           main] o.s.t.c.transaction.TransactionContext   : Rolled back transaction for test: [DefaultTestContext@6086b885 testClass = ConcludeQuizTest, testInstance = pt.ulisboa.tecnico.socialsoftware.tutor.answer.service.ConcludeQuizTest@67af3d86, testMethod = $spock_feature_1_2@ConcludeQuizTest, testException = [null], mergedContextConfiguration = [MergedContextConfiguration@7726d80d testClass = ConcludeQuizTest, locations = '{}', classes = '{class pt.ulisboa.tecnico.socialsoftware.tutor.TutorTestApplication, class pt.ulisboa.tecnico.socialsoftware.tutor.answer.service.ConcludeQuizTest$LocalBeanConfiguration}', contextInitializerClasses = '[]', activeProfiles = '{}', propertySourceLocations = '{}', propertySourceProperties = '{org.springframework.boot.test.autoconfigure.orm.jpa.DataJpaTestContextBootstrapper=true}', contextCustomizers = set[[ImportsContextCustomizer@2a7bc863 key = [org.springframework.boot.autoconfigure.cache.CacheAutoConfiguration, org.springframework.boot.autoconfigure.data.jpa.JpaRepositoriesAutoConfiguration, org.springframework.boot.autoconfigure.flyway.FlywayAutoConfiguration, org.springframework.boot.autoconfigure.jdbc.DataSourceAutoConfiguration, org.springframework.boot.autoconfigure.jdbc.DataSourceTransactionManagerAutoConfiguration, org.springframework.boot.autoconfigure.jdbc.JdbcTemplateAutoConfiguration, org.springframework.boot.autoconfigure.liquibase.LiquibaseAutoConfiguration, org.springframework.boot.autoconfigure.orm.jpa.HibernateJpaAutoConfiguration, org.springframework.boot.autoconfigure.transaction.TransactionAutoConfiguration, org.springframework.boot.test.autoconfigure.jdbc.TestDatabaseAutoConfiguration, org.springframework.boot.test.autoconfigure.orm.jpa.TestEntityManagerAutoConfiguration]], org.springframework.boot.test.context.filter.ExcludeFilterContextCustomizer@1f949ab9, org.springframework.boot.test.json.DuplicateJsonObjectContextCustomizerFactory$DuplicateJsonObjectContextCustomizer@7f426ddd, org.springframework.boot.test.mock.mockito.MockitoContextCustomizer@0, org.springframework.boot.test.autoconfigure.OverrideAutoConfigurationContextCustomizerFactory$DisableAutoConfigurationContextCustomizer@27df5806, org.springframework.boot.test.autoconfigure.actuate.metrics.MetricsExportContextCustomizerFactory$DisableMetricExportContextCustomizer@641ed324, org.springframework.boot.test.autoconfigure.filter.TypeExcludeFiltersContextCustomizer@351584c0, org.springframework.boot.test.autoconfigure.properties.PropertyMappingContextCustomizer@bff5ac1c, org.springframework.boot.test.autoconfigure.web.servlet.WebDriverContextCustomizerFactory$Customizer@5dfd31f4, org.spockframework.spring.mock.SpockContextCustomizer@0, org.springframework.boot.test.context.SpringBootTestArgs@1, org.springframework.boot.test.context.SpringBootTestWebEnvironment@0], contextLoader = 'org.springframework.boot.test.context.SpringBootContextLoader', parent = [null]], attributes = map['org.spockframework.spring.SpringMockTestExecutionListener.MOCKED_BEANS_LIST' -> list[Mock for type 'Mailer' named 'Mailer'], 'org.springframework.test.context.event.ApplicationEventsTestExecutionListener.recordApplicationEvents' -> false]]
]]></system-out>
  </testcase>
  <testcase name="conclude quiz without answering, before availableDate" classname="pt.ulisboa.tecnico.socialsoftware.tutor.answer.service.ConcludeQuizTest" time="0.074">
    <system-out><![CDATA[2021-03-18 00:26:42.943  INFO 23484 --- [           main] o.s.t.c.transaction.TransactionContext   : Began transaction (1) for test context [DefaultTestContext@6086b885 testClass = ConcludeQuizTest, testInstance = pt.ulisboa.tecnico.socialsoftware.tutor.answer.service.ConcludeQuizTest@5c87a4d8, testMethod = $spock_feature_1_3@ConcludeQuizTest, testException = [null], mergedContextConfiguration = [MergedContextConfiguration@7726d80d testClass = ConcludeQuizTest, locations = '{}', classes = '{class pt.ulisboa.tecnico.socialsoftware.tutor.TutorTestApplication, class pt.ulisboa.tecnico.socialsoftware.tutor.answer.service.ConcludeQuizTest$LocalBeanConfiguration}', contextInitializerClasses = '[]', activeProfiles = '{}', propertySourceLocations = '{}', propertySourceProperties = '{org.springframework.boot.test.autoconfigure.orm.jpa.DataJpaTestContextBootstrapper=true}', contextCustomizers = set[[ImportsContextCustomizer@2a7bc863 key = [org.springframework.boot.autoconfigure.cache.CacheAutoConfiguration, org.springframework.boot.autoconfigure.data.jpa.JpaRepositoriesAutoConfiguration, org.springframework.boot.autoconfigure.flyway.FlywayAutoConfiguration, org.springframework.boot.autoconfigure.jdbc.DataSourceAutoConfiguration, org.springframework.boot.autoconfigure.jdbc.DataSourceTransactionManagerAutoConfiguration, org.springframework.boot.autoconfigure.jdbc.JdbcTemplateAutoConfiguration, org.springframework.boot.autoconfigure.liquibase.LiquibaseAutoConfiguration, org.springframework.boot.autoconfigure.orm.jpa.HibernateJpaAutoConfiguration, org.springframework.boot.autoconfigure.transaction.TransactionAutoConfiguration, org.springframework.boot.test.autoconfigure.jdbc.TestDatabaseAutoConfiguration, org.springframework.boot.test.autoconfigure.orm.jpa.TestEntityManagerAutoConfiguration]], org.springframework.boot.test.context.filter.ExcludeFilterContextCustomizer@1f949ab9, org.springframework.boot.test.json.DuplicateJsonObjectContextCustomizerFactory$DuplicateJsonObjectContextCustomizer@7f426ddd, org.springframework.boot.test.mock.mockito.MockitoContextCustomizer@0, org.springframework.boot.test.autoconfigure.OverrideAutoConfigurationContextCustomizerFactory$DisableAutoConfigurationContextCustomizer@27df5806, org.springframework.boot.test.autoconfigure.actuate.metrics.MetricsExportContextCustomizerFactory$DisableMetricExportContextCustomizer@641ed324, org.springframework.boot.test.autoconfigure.filter.TypeExcludeFiltersContextCustomizer@351584c0, org.springframework.boot.test.autoconfigure.properties.PropertyMappingContextCustomizer@bff5ac1c, org.springframework.boot.test.autoconfigure.web.servlet.WebDriverContextCustomizerFactory$Customizer@5dfd31f4, org.spockframework.spring.mock.SpockContextCustomizer@0, org.springframework.boot.test.context.SpringBootTestArgs@1, org.springframework.boot.test.context.SpringBootTestWebEnvironment@0], contextLoader = 'org.springframework.boot.test.context.SpringBootContextLoader', parent = [null]], attributes = map['org.spockframework.spring.SpringMockTestExecutionListener.MOCKED_BEANS_LIST' -> list[Mock for type 'Mailer' named 'Mailer'], 'org.springframework.test.context.event.ApplicationEventsTestExecutionListener.recordApplicationEvents' -> false]]; transaction manager [org.springframework.orm.jpa.JpaTransactionManager@4b5980d0]; rollback [true]
Hibernate: insert into courses (id, name, type) values (null, ?, ?)
Hibernate: call identity()
Hibernate: insert into course_executions (id, academic_term, acronym, course_id, end_date, status, type) values (null, ?, ?, ?, ?, ?, ?)
Hibernate: call identity()
Hibernate: insert into users (id, admin, creation_date, key, name, number_of_correct_in_class_answers, number_of_correct_student_answers, number_of_correct_teacher_answers, number_of_in_class_answers, number_of_in_class_quizzes, number_of_student_answers, number_of_student_quizzes, number_of_teacher_answers, number_of_teacher_quizzes, role) values (null, ?, ?, ?, ?, ?, ?, ?, ?, ?, ?, ?, ?, ?, ?)
Hibernate: call identity()
Hibernate: insert into auth_users (id, email, last_access, password, user_id, username, enrolled_courses_acronyms, auth_type) values (null, ?, ?, ?, ?, ?, ?, 'TECNICO')
Hibernate: call identity()
Hibernate: insert into quizzes (id, available_date, conclusion_date, course_execution_id, creation_date, key, one_way, qr_code_only, results_date, scramble, series, title, type, version) values (null, ?, ?, ?, ?, ?, ?, ?, ?, ?, ?, ?, ?, ?)
Hibernate: call identity()
Hibernate: insert into questions (id, content, course_id, creation_date, key, number_of_answers, number_of_correct, status, title) values (null, ?, ?, ?, ?, ?, ?, ?, ?)
Hibernate: call identity()
Hibernate: insert into question_details (id, question_id, question_type) values (null, ?, 'multiple_choice')
Hibernate: call identity()
Hibernate: insert into quiz_questions (id, question_id, quiz_id, sequence) values (null, ?, ?, ?)
Hibernate: call identity()
Hibernate: insert into options (id, content, correct, question_details_id, sequence) values (null, ?, ?, ?, ?)
Hibernate: call identity()
Hibernate: insert into options (id, content, correct, question_details_id, sequence) values (null, ?, ?, ?, ?)
Hibernate: call identity()
Hibernate: insert into quiz_answers (id, answer_date, completed, creation_date, quiz_id, used_in_statistics, user_id) values (null, ?, ?, ?, ?, ?, ?)
Hibernate: call identity()
Hibernate: insert into question_answers (id, quiz_answer_id, quiz_question_id, sequence, time_taken) values (null, ?, ?, ?, ?)
Hibernate: call identity()
2021-03-18 00:26:42.982 ERROR 23484 --- [           main] p.u.t.s.exceptions.TutorException        : This quiz is not yet available
2021-03-18 00:26:43.015  INFO 23484 --- [           main] o.s.t.c.transaction.TransactionContext   : Rolled back transaction for test: [DefaultTestContext@6086b885 testClass = ConcludeQuizTest, testInstance = pt.ulisboa.tecnico.socialsoftware.tutor.answer.service.ConcludeQuizTest@5c87a4d8, testMethod = $spock_feature_1_3@ConcludeQuizTest, testException = [null], mergedContextConfiguration = [MergedContextConfiguration@7726d80d testClass = ConcludeQuizTest, locations = '{}', classes = '{class pt.ulisboa.tecnico.socialsoftware.tutor.TutorTestApplication, class pt.ulisboa.tecnico.socialsoftware.tutor.answer.service.ConcludeQuizTest$LocalBeanConfiguration}', contextInitializerClasses = '[]', activeProfiles = '{}', propertySourceLocations = '{}', propertySourceProperties = '{org.springframework.boot.test.autoconfigure.orm.jpa.DataJpaTestContextBootstrapper=true}', contextCustomizers = set[[ImportsContextCustomizer@2a7bc863 key = [org.springframework.boot.autoconfigure.cache.CacheAutoConfiguration, org.springframework.boot.autoconfigure.data.jpa.JpaRepositoriesAutoConfiguration, org.springframework.boot.autoconfigure.flyway.FlywayAutoConfiguration, org.springframework.boot.autoconfigure.jdbc.DataSourceAutoConfiguration, org.springframework.boot.autoconfigure.jdbc.DataSourceTransactionManagerAutoConfiguration, org.springframework.boot.autoconfigure.jdbc.JdbcTemplateAutoConfiguration, org.springframework.boot.autoconfigure.liquibase.LiquibaseAutoConfiguration, org.springframework.boot.autoconfigure.orm.jpa.HibernateJpaAutoConfiguration, org.springframework.boot.autoconfigure.transaction.TransactionAutoConfiguration, org.springframework.boot.test.autoconfigure.jdbc.TestDatabaseAutoConfiguration, org.springframework.boot.test.autoconfigure.orm.jpa.TestEntityManagerAutoConfiguration]], org.springframework.boot.test.context.filter.ExcludeFilterContextCustomizer@1f949ab9, org.springframework.boot.test.json.DuplicateJsonObjectContextCustomizerFactory$DuplicateJsonObjectContextCustomizer@7f426ddd, org.springframework.boot.test.mock.mockito.MockitoContextCustomizer@0, org.springframework.boot.test.autoconfigure.OverrideAutoConfigurationContextCustomizerFactory$DisableAutoConfigurationContextCustomizer@27df5806, org.springframework.boot.test.autoconfigure.actuate.metrics.MetricsExportContextCustomizerFactory$DisableMetricExportContextCustomizer@641ed324, org.springframework.boot.test.autoconfigure.filter.TypeExcludeFiltersContextCustomizer@351584c0, org.springframework.boot.test.autoconfigure.properties.PropertyMappingContextCustomizer@bff5ac1c, org.springframework.boot.test.autoconfigure.web.servlet.WebDriverContextCustomizerFactory$Customizer@5dfd31f4, org.spockframework.spring.mock.SpockContextCustomizer@0, org.springframework.boot.test.context.SpringBootTestArgs@1, org.springframework.boot.test.context.SpringBootTestWebEnvironment@0], contextLoader = 'org.springframework.boot.test.context.SpringBootContextLoader', parent = [null]], attributes = map['org.spockframework.spring.SpringMockTestExecutionListener.MOCKED_BEANS_LIST' -> list[Mock for type 'Mailer' named 'Mailer'], 'org.springframework.test.context.event.ApplicationEventsTestExecutionListener.recordApplicationEvents' -> false]]
]]></system-out>
  </testcase>
  <testcase name="conclude quiz without answering, after conclusionDate" classname="pt.ulisboa.tecnico.socialsoftware.tutor.answer.service.ConcludeQuizTest" time="0.045">
    <system-out><![CDATA[2021-03-18 00:26:43.021  INFO 23484 --- [           main] o.s.t.c.transaction.TransactionContext   : Began transaction (1) for test context [DefaultTestContext@6086b885 testClass = ConcludeQuizTest, testInstance = pt.ulisboa.tecnico.socialsoftware.tutor.answer.service.ConcludeQuizTest@64042ff5, testMethod = $spock_feature_1_4@ConcludeQuizTest, testException = [null], mergedContextConfiguration = [MergedContextConfiguration@7726d80d testClass = ConcludeQuizTest, locations = '{}', classes = '{class pt.ulisboa.tecnico.socialsoftware.tutor.TutorTestApplication, class pt.ulisboa.tecnico.socialsoftware.tutor.answer.service.ConcludeQuizTest$LocalBeanConfiguration}', contextInitializerClasses = '[]', activeProfiles = '{}', propertySourceLocations = '{}', propertySourceProperties = '{org.springframework.boot.test.autoconfigure.orm.jpa.DataJpaTestContextBootstrapper=true}', contextCustomizers = set[[ImportsContextCustomizer@2a7bc863 key = [org.springframework.boot.autoconfigure.cache.CacheAutoConfiguration, org.springframework.boot.autoconfigure.data.jpa.JpaRepositoriesAutoConfiguration, org.springframework.boot.autoconfigure.flyway.FlywayAutoConfiguration, org.springframework.boot.autoconfigure.jdbc.DataSourceAutoConfiguration, org.springframework.boot.autoconfigure.jdbc.DataSourceTransactionManagerAutoConfiguration, org.springframework.boot.autoconfigure.jdbc.JdbcTemplateAutoConfiguration, org.springframework.boot.autoconfigure.liquibase.LiquibaseAutoConfiguration, org.springframework.boot.autoconfigure.orm.jpa.HibernateJpaAutoConfiguration, org.springframework.boot.autoconfigure.transaction.TransactionAutoConfiguration, org.springframework.boot.test.autoconfigure.jdbc.TestDatabaseAutoConfiguration, org.springframework.boot.test.autoconfigure.orm.jpa.TestEntityManagerAutoConfiguration]], org.springframework.boot.test.context.filter.ExcludeFilterContextCustomizer@1f949ab9, org.springframework.boot.test.json.DuplicateJsonObjectContextCustomizerFactory$DuplicateJsonObjectContextCustomizer@7f426ddd, org.springframework.boot.test.mock.mockito.MockitoContextCustomizer@0, org.springframework.boot.test.autoconfigure.OverrideAutoConfigurationContextCustomizerFactory$DisableAutoConfigurationContextCustomizer@27df5806, org.springframework.boot.test.autoconfigure.actuate.metrics.MetricsExportContextCustomizerFactory$DisableMetricExportContextCustomizer@641ed324, org.springframework.boot.test.autoconfigure.filter.TypeExcludeFiltersContextCustomizer@351584c0, org.springframework.boot.test.autoconfigure.properties.PropertyMappingContextCustomizer@bff5ac1c, org.springframework.boot.test.autoconfigure.web.servlet.WebDriverContextCustomizerFactory$Customizer@5dfd31f4, org.spockframework.spring.mock.SpockContextCustomizer@0, org.springframework.boot.test.context.SpringBootTestArgs@1, org.springframework.boot.test.context.SpringBootTestWebEnvironment@0], contextLoader = 'org.springframework.boot.test.context.SpringBootContextLoader', parent = [null]], attributes = map['org.spockframework.spring.SpringMockTestExecutionListener.MOCKED_BEANS_LIST' -> list[Mock for type 'Mailer' named 'Mailer'], 'org.springframework.test.context.event.ApplicationEventsTestExecutionListener.recordApplicationEvents' -> false]]; transaction manager [org.springframework.orm.jpa.JpaTransactionManager@4b5980d0]; rollback [true]
Hibernate: insert into courses (id, name, type) values (null, ?, ?)
Hibernate: call identity()
Hibernate: insert into course_executions (id, academic_term, acronym, course_id, end_date, status, type) values (null, ?, ?, ?, ?, ?, ?)
Hibernate: call identity()
Hibernate: insert into users (id, admin, creation_date, key, name, number_of_correct_in_class_answers, number_of_correct_student_answers, number_of_correct_teacher_answers, number_of_in_class_answers, number_of_in_class_quizzes, number_of_student_answers, number_of_student_quizzes, number_of_teacher_answers, number_of_teacher_quizzes, role) values (null, ?, ?, ?, ?, ?, ?, ?, ?, ?, ?, ?, ?, ?, ?)
Hibernate: call identity()
Hibernate: insert into auth_users (id, email, last_access, password, user_id, username, enrolled_courses_acronyms, auth_type) values (null, ?, ?, ?, ?, ?, ?, 'TECNICO')
Hibernate: call identity()
Hibernate: insert into quizzes (id, available_date, conclusion_date, course_execution_id, creation_date, key, one_way, qr_code_only, results_date, scramble, series, title, type, version) values (null, ?, ?, ?, ?, ?, ?, ?, ?, ?, ?, ?, ?, ?)
Hibernate: call identity()
Hibernate: insert into questions (id, content, course_id, creation_date, key, number_of_answers, number_of_correct, status, title) values (null, ?, ?, ?, ?, ?, ?, ?, ?)
Hibernate: call identity()
Hibernate: insert into question_details (id, question_id, question_type) values (null, ?, 'multiple_choice')
Hibernate: call identity()
Hibernate: insert into quiz_questions (id, question_id, quiz_id, sequence) values (null, ?, ?, ?)
Hibernate: call identity()
Hibernate: insert into options (id, content, correct, question_details_id, sequence) values (null, ?, ?, ?, ?)
Hibernate: call identity()
Hibernate: insert into options (id, content, correct, question_details_id, sequence) values (null, ?, ?, ?, ?)
Hibernate: call identity()
Hibernate: insert into quiz_answers (id, answer_date, completed, creation_date, quiz_id, used_in_statistics, user_id) values (null, ?, ?, ?, ?, ?, ?)
Hibernate: call identity()
Hibernate: insert into question_answers (id, quiz_answer_id, quiz_question_id, sequence, time_taken) values (null, ?, ?, ?, ?)
Hibernate: call identity()
2021-03-18 00:26:43.053 ERROR 23484 --- [           main] p.u.t.s.exceptions.TutorException        : This quiz is no longer available
2021-03-18 00:26:43.061  INFO 23484 --- [           main] o.s.t.c.transaction.TransactionContext   : Rolled back transaction for test: [DefaultTestContext@6086b885 testClass = ConcludeQuizTest, testInstance = pt.ulisboa.tecnico.socialsoftware.tutor.answer.service.ConcludeQuizTest@64042ff5, testMethod = $spock_feature_1_4@ConcludeQuizTest, testException = [null], mergedContextConfiguration = [MergedContextConfiguration@7726d80d testClass = ConcludeQuizTest, locations = '{}', classes = '{class pt.ulisboa.tecnico.socialsoftware.tutor.TutorTestApplication, class pt.ulisboa.tecnico.socialsoftware.tutor.answer.service.ConcludeQuizTest$LocalBeanConfiguration}', contextInitializerClasses = '[]', activeProfiles = '{}', propertySourceLocations = '{}', propertySourceProperties = '{org.springframework.boot.test.autoconfigure.orm.jpa.DataJpaTestContextBootstrapper=true}', contextCustomizers = set[[ImportsContextCustomizer@2a7bc863 key = [org.springframework.boot.autoconfigure.cache.CacheAutoConfiguration, org.springframework.boot.autoconfigure.data.jpa.JpaRepositoriesAutoConfiguration, org.springframework.boot.autoconfigure.flyway.FlywayAutoConfiguration, org.springframework.boot.autoconfigure.jdbc.DataSourceAutoConfiguration, org.springframework.boot.autoconfigure.jdbc.DataSourceTransactionManagerAutoConfiguration, org.springframework.boot.autoconfigure.jdbc.JdbcTemplateAutoConfiguration, org.springframework.boot.autoconfigure.liquibase.LiquibaseAutoConfiguration, org.springframework.boot.autoconfigure.orm.jpa.HibernateJpaAutoConfiguration, org.springframework.boot.autoconfigure.transaction.TransactionAutoConfiguration, org.springframework.boot.test.autoconfigure.jdbc.TestDatabaseAutoConfiguration, org.springframework.boot.test.autoconfigure.orm.jpa.TestEntityManagerAutoConfiguration]], org.springframework.boot.test.context.filter.ExcludeFilterContextCustomizer@1f949ab9, org.springframework.boot.test.json.DuplicateJsonObjectContextCustomizerFactory$DuplicateJsonObjectContextCustomizer@7f426ddd, org.springframework.boot.test.mock.mockito.MockitoContextCustomizer@0, org.springframework.boot.test.autoconfigure.OverrideAutoConfigurationContextCustomizerFactory$DisableAutoConfigurationContextCustomizer@27df5806, org.springframework.boot.test.autoconfigure.actuate.metrics.MetricsExportContextCustomizerFactory$DisableMetricExportContextCustomizer@641ed324, org.springframework.boot.test.autoconfigure.filter.TypeExcludeFiltersContextCustomizer@351584c0, org.springframework.boot.test.autoconfigure.properties.PropertyMappingContextCustomizer@bff5ac1c, org.springframework.boot.test.autoconfigure.web.servlet.WebDriverContextCustomizerFactory$Customizer@5dfd31f4, org.spockframework.spring.mock.SpockContextCustomizer@0, org.springframework.boot.test.context.SpringBootTestArgs@1, org.springframework.boot.test.context.SpringBootTestWebEnvironment@0], contextLoader = 'org.springframework.boot.test.context.SpringBootContextLoader', parent = [null]], attributes = map['org.spockframework.spring.SpringMockTestExecutionListener.MOCKED_BEANS_LIST' -> list[Mock for type 'Mailer' named 'Mailer'], 'org.springframework.test.context.event.ApplicationEventsTestExecutionListener.recordApplicationEvents' -> false]]
]]></system-out>
  </testcase>
  <testcase name="conclude quiz without answering, 9 minutes after conclusionDate" classname="pt.ulisboa.tecnico.socialsoftware.tutor.answer.service.ConcludeQuizTest" time="0.05">
    <system-out><![CDATA[2021-03-18 00:26:43.065  INFO 23484 --- [           main] o.s.t.c.transaction.TransactionContext   : Began transaction (1) for test context [DefaultTestContext@6086b885 testClass = ConcludeQuizTest, testInstance = pt.ulisboa.tecnico.socialsoftware.tutor.answer.service.ConcludeQuizTest@d6dfa6c, testMethod = $spock_feature_1_5@ConcludeQuizTest, testException = [null], mergedContextConfiguration = [MergedContextConfiguration@7726d80d testClass = ConcludeQuizTest, locations = '{}', classes = '{class pt.ulisboa.tecnico.socialsoftware.tutor.TutorTestApplication, class pt.ulisboa.tecnico.socialsoftware.tutor.answer.service.ConcludeQuizTest$LocalBeanConfiguration}', contextInitializerClasses = '[]', activeProfiles = '{}', propertySourceLocations = '{}', propertySourceProperties = '{org.springframework.boot.test.autoconfigure.orm.jpa.DataJpaTestContextBootstrapper=true}', contextCustomizers = set[[ImportsContextCustomizer@2a7bc863 key = [org.springframework.boot.autoconfigure.cache.CacheAutoConfiguration, org.springframework.boot.autoconfigure.data.jpa.JpaRepositoriesAutoConfiguration, org.springframework.boot.autoconfigure.flyway.FlywayAutoConfiguration, org.springframework.boot.autoconfigure.jdbc.DataSourceAutoConfiguration, org.springframework.boot.autoconfigure.jdbc.DataSourceTransactionManagerAutoConfiguration, org.springframework.boot.autoconfigure.jdbc.JdbcTemplateAutoConfiguration, org.springframework.boot.autoconfigure.liquibase.LiquibaseAutoConfiguration, org.springframework.boot.autoconfigure.orm.jpa.HibernateJpaAutoConfiguration, org.springframework.boot.autoconfigure.transaction.TransactionAutoConfiguration, org.springframework.boot.test.autoconfigure.jdbc.TestDatabaseAutoConfiguration, org.springframework.boot.test.autoconfigure.orm.jpa.TestEntityManagerAutoConfiguration]], org.springframework.boot.test.context.filter.ExcludeFilterContextCustomizer@1f949ab9, org.springframework.boot.test.json.DuplicateJsonObjectContextCustomizerFactory$DuplicateJsonObjectContextCustomizer@7f426ddd, org.springframework.boot.test.mock.mockito.MockitoContextCustomizer@0, org.springframework.boot.test.autoconfigure.OverrideAutoConfigurationContextCustomizerFactory$DisableAutoConfigurationContextCustomizer@27df5806, org.springframework.boot.test.autoconfigure.actuate.metrics.MetricsExportContextCustomizerFactory$DisableMetricExportContextCustomizer@641ed324, org.springframework.boot.test.autoconfigure.filter.TypeExcludeFiltersContextCustomizer@351584c0, org.springframework.boot.test.autoconfigure.properties.PropertyMappingContextCustomizer@bff5ac1c, org.springframework.boot.test.autoconfigure.web.servlet.WebDriverContextCustomizerFactory$Customizer@5dfd31f4, org.spockframework.spring.mock.SpockContextCustomizer@0, org.springframework.boot.test.context.SpringBootTestArgs@1, org.springframework.boot.test.context.SpringBootTestWebEnvironment@0], contextLoader = 'org.springframework.boot.test.context.SpringBootContextLoader', parent = [null]], attributes = map['org.spockframework.spring.SpringMockTestExecutionListener.MOCKED_BEANS_LIST' -> list[Mock for type 'Mailer' named 'Mailer'], 'org.springframework.test.context.event.ApplicationEventsTestExecutionListener.recordApplicationEvents' -> false]]; transaction manager [org.springframework.orm.jpa.JpaTransactionManager@4b5980d0]; rollback [true]
Hibernate: insert into courses (id, name, type) values (null, ?, ?)
Hibernate: call identity()
Hibernate: insert into course_executions (id, academic_term, acronym, course_id, end_date, status, type) values (null, ?, ?, ?, ?, ?, ?)
Hibernate: call identity()
Hibernate: insert into users (id, admin, creation_date, key, name, number_of_correct_in_class_answers, number_of_correct_student_answers, number_of_correct_teacher_answers, number_of_in_class_answers, number_of_in_class_quizzes, number_of_student_answers, number_of_student_quizzes, number_of_teacher_answers, number_of_teacher_quizzes, role) values (null, ?, ?, ?, ?, ?, ?, ?, ?, ?, ?, ?, ?, ?, ?)
Hibernate: call identity()
Hibernate: insert into auth_users (id, email, last_access, password, user_id, username, enrolled_courses_acronyms, auth_type) values (null, ?, ?, ?, ?, ?, ?, 'TECNICO')
Hibernate: call identity()
Hibernate: insert into quizzes (id, available_date, conclusion_date, course_execution_id, creation_date, key, one_way, qr_code_only, results_date, scramble, series, title, type, version) values (null, ?, ?, ?, ?, ?, ?, ?, ?, ?, ?, ?, ?, ?)
Hibernate: call identity()
Hibernate: insert into questions (id, content, course_id, creation_date, key, number_of_answers, number_of_correct, status, title) values (null, ?, ?, ?, ?, ?, ?, ?, ?)
Hibernate: call identity()
Hibernate: insert into question_details (id, question_id, question_type) values (null, ?, 'multiple_choice')
Hibernate: call identity()
Hibernate: insert into quiz_questions (id, question_id, quiz_id, sequence) values (null, ?, ?, ?)
Hibernate: call identity()
Hibernate: insert into options (id, content, correct, question_details_id, sequence) values (null, ?, ?, ?, ?)
Hibernate: call identity()
Hibernate: insert into options (id, content, correct, question_details_id, sequence) values (null, ?, ?, ?, ?)
Hibernate: call identity()
Hibernate: insert into quiz_answers (id, answer_date, completed, creation_date, quiz_id, used_in_statistics, user_id) values (null, ?, ?, ?, ?, ?, ?)
Hibernate: call identity()
Hibernate: insert into question_answers (id, quiz_answer_id, quiz_question_id, sequence, time_taken) values (null, ?, ?, ?, ?)
Hibernate: call identity()
Hibernate: insert into quiz_answer_item (id, answer_date, answers, quiz_answer_id, quiz_id) values (null, ?, ?, ?, ?)
Hibernate: call identity()
Hibernate: select quizanswer0_.id as id1_22_, quizanswer0_.answer_date as answer_d2_22_, quizanswer0_.answers as answers3_22_, quizanswer0_.quiz_answer_id as quiz_ans4_22_, quizanswer0_.quiz_id as quiz_id5_22_ from quiz_answer_item quizanswer0_
2021-03-18 00:26:43.112  INFO 23484 --- [           main] o.s.t.c.transaction.TransactionContext   : Rolled back transaction for test: [DefaultTestContext@6086b885 testClass = ConcludeQuizTest, testInstance = pt.ulisboa.tecnico.socialsoftware.tutor.answer.service.ConcludeQuizTest@d6dfa6c, testMethod = $spock_feature_1_5@ConcludeQuizTest, testException = [null], mergedContextConfiguration = [MergedContextConfiguration@7726d80d testClass = ConcludeQuizTest, locations = '{}', classes = '{class pt.ulisboa.tecnico.socialsoftware.tutor.TutorTestApplication, class pt.ulisboa.tecnico.socialsoftware.tutor.answer.service.ConcludeQuizTest$LocalBeanConfiguration}', contextInitializerClasses = '[]', activeProfiles = '{}', propertySourceLocations = '{}', propertySourceProperties = '{org.springframework.boot.test.autoconfigure.orm.jpa.DataJpaTestContextBootstrapper=true}', contextCustomizers = set[[ImportsContextCustomizer@2a7bc863 key = [org.springframework.boot.autoconfigure.cache.CacheAutoConfiguration, org.springframework.boot.autoconfigure.data.jpa.JpaRepositoriesAutoConfiguration, org.springframework.boot.autoconfigure.flyway.FlywayAutoConfiguration, org.springframework.boot.autoconfigure.jdbc.DataSourceAutoConfiguration, org.springframework.boot.autoconfigure.jdbc.DataSourceTransactionManagerAutoConfiguration, org.springframework.boot.autoconfigure.jdbc.JdbcTemplateAutoConfiguration, org.springframework.boot.autoconfigure.liquibase.LiquibaseAutoConfiguration, org.springframework.boot.autoconfigure.orm.jpa.HibernateJpaAutoConfiguration, org.springframework.boot.autoconfigure.transaction.TransactionAutoConfiguration, org.springframework.boot.test.autoconfigure.jdbc.TestDatabaseAutoConfiguration, org.springframework.boot.test.autoconfigure.orm.jpa.TestEntityManagerAutoConfiguration]], org.springframework.boot.test.context.filter.ExcludeFilterContextCustomizer@1f949ab9, org.springframework.boot.test.json.DuplicateJsonObjectContextCustomizerFactory$DuplicateJsonObjectContextCustomizer@7f426ddd, org.springframework.boot.test.mock.mockito.MockitoContextCustomizer@0, org.springframework.boot.test.autoconfigure.OverrideAutoConfigurationContextCustomizerFactory$DisableAutoConfigurationContextCustomizer@27df5806, org.springframework.boot.test.autoconfigure.actuate.metrics.MetricsExportContextCustomizerFactory$DisableMetricExportContextCustomizer@641ed324, org.springframework.boot.test.autoconfigure.filter.TypeExcludeFiltersContextCustomizer@351584c0, org.springframework.boot.test.autoconfigure.properties.PropertyMappingContextCustomizer@bff5ac1c, org.springframework.boot.test.autoconfigure.web.servlet.WebDriverContextCustomizerFactory$Customizer@5dfd31f4, org.spockframework.spring.mock.SpockContextCustomizer@0, org.springframework.boot.test.context.SpringBootTestArgs@1, org.springframework.boot.test.context.SpringBootTestWebEnvironment@0], contextLoader = 'org.springframework.boot.test.context.SpringBootContextLoader', parent = [null]], attributes = map['org.spockframework.spring.SpringMockTestExecutionListener.MOCKED_BEANS_LIST' -> list[Mock for type 'Mailer' named 'Mailer'], 'org.springframework.test.context.event.ApplicationEventsTestExecutionListener.recordApplicationEvents' -> false]]
]]></system-out>
  </testcase>
  <testcase name="conclude completed quiz" classname="pt.ulisboa.tecnico.socialsoftware.tutor.answer.service.ConcludeQuizTest" time="0.044">
    <system-out><![CDATA[2021-03-18 00:26:43.118  INFO 23484 --- [           main] o.s.t.c.transaction.TransactionContext   : Began transaction (1) for test context [DefaultTestContext@6086b885 testClass = ConcludeQuizTest, testInstance = pt.ulisboa.tecnico.socialsoftware.tutor.answer.service.ConcludeQuizTest@4561bd60, testMethod = $spock_feature_1_6@ConcludeQuizTest, testException = [null], mergedContextConfiguration = [MergedContextConfiguration@7726d80d testClass = ConcludeQuizTest, locations = '{}', classes = '{class pt.ulisboa.tecnico.socialsoftware.tutor.TutorTestApplication, class pt.ulisboa.tecnico.socialsoftware.tutor.answer.service.ConcludeQuizTest$LocalBeanConfiguration}', contextInitializerClasses = '[]', activeProfiles = '{}', propertySourceLocations = '{}', propertySourceProperties = '{org.springframework.boot.test.autoconfigure.orm.jpa.DataJpaTestContextBootstrapper=true}', contextCustomizers = set[[ImportsContextCustomizer@2a7bc863 key = [org.springframework.boot.autoconfigure.cache.CacheAutoConfiguration, org.springframework.boot.autoconfigure.data.jpa.JpaRepositoriesAutoConfiguration, org.springframework.boot.autoconfigure.flyway.FlywayAutoConfiguration, org.springframework.boot.autoconfigure.jdbc.DataSourceAutoConfiguration, org.springframework.boot.autoconfigure.jdbc.DataSourceTransactionManagerAutoConfiguration, org.springframework.boot.autoconfigure.jdbc.JdbcTemplateAutoConfiguration, org.springframework.boot.autoconfigure.liquibase.LiquibaseAutoConfiguration, org.springframework.boot.autoconfigure.orm.jpa.HibernateJpaAutoConfiguration, org.springframework.boot.autoconfigure.transaction.TransactionAutoConfiguration, org.springframework.boot.test.autoconfigure.jdbc.TestDatabaseAutoConfiguration, org.springframework.boot.test.autoconfigure.orm.jpa.TestEntityManagerAutoConfiguration]], org.springframework.boot.test.context.filter.ExcludeFilterContextCustomizer@1f949ab9, org.springframework.boot.test.json.DuplicateJsonObjectContextCustomizerFactory$DuplicateJsonObjectContextCustomizer@7f426ddd, org.springframework.boot.test.mock.mockito.MockitoContextCustomizer@0, org.springframework.boot.test.autoconfigure.OverrideAutoConfigurationContextCustomizerFactory$DisableAutoConfigurationContextCustomizer@27df5806, org.springframework.boot.test.autoconfigure.actuate.metrics.MetricsExportContextCustomizerFactory$DisableMetricExportContextCustomizer@641ed324, org.springframework.boot.test.autoconfigure.filter.TypeExcludeFiltersContextCustomizer@351584c0, org.springframework.boot.test.autoconfigure.properties.PropertyMappingContextCustomizer@bff5ac1c, org.springframework.boot.test.autoconfigure.web.servlet.WebDriverContextCustomizerFactory$Customizer@5dfd31f4, org.spockframework.spring.mock.SpockContextCustomizer@0, org.springframework.boot.test.context.SpringBootTestArgs@1, org.springframework.boot.test.context.SpringBootTestWebEnvironment@0], contextLoader = 'org.springframework.boot.test.context.SpringBootContextLoader', parent = [null]], attributes = map['org.spockframework.spring.SpringMockTestExecutionListener.MOCKED_BEANS_LIST' -> list[Mock for type 'Mailer' named 'Mailer'], 'org.springframework.test.context.event.ApplicationEventsTestExecutionListener.recordApplicationEvents' -> false]]; transaction manager [org.springframework.orm.jpa.JpaTransactionManager@4b5980d0]; rollback [true]
Hibernate: insert into courses (id, name, type) values (null, ?, ?)
Hibernate: call identity()
Hibernate: insert into course_executions (id, academic_term, acronym, course_id, end_date, status, type) values (null, ?, ?, ?, ?, ?, ?)
Hibernate: call identity()
Hibernate: insert into users (id, admin, creation_date, key, name, number_of_correct_in_class_answers, number_of_correct_student_answers, number_of_correct_teacher_answers, number_of_in_class_answers, number_of_in_class_quizzes, number_of_student_answers, number_of_student_quizzes, number_of_teacher_answers, number_of_teacher_quizzes, role) values (null, ?, ?, ?, ?, ?, ?, ?, ?, ?, ?, ?, ?, ?, ?)
Hibernate: call identity()
Hibernate: insert into auth_users (id, email, last_access, password, user_id, username, enrolled_courses_acronyms, auth_type) values (null, ?, ?, ?, ?, ?, ?, 'TECNICO')
Hibernate: call identity()
Hibernate: insert into quizzes (id, available_date, conclusion_date, course_execution_id, creation_date, key, one_way, qr_code_only, results_date, scramble, series, title, type, version) values (null, ?, ?, ?, ?, ?, ?, ?, ?, ?, ?, ?, ?, ?)
Hibernate: call identity()
Hibernate: insert into questions (id, content, course_id, creation_date, key, number_of_answers, number_of_correct, status, title) values (null, ?, ?, ?, ?, ?, ?, ?, ?)
Hibernate: call identity()
Hibernate: insert into question_details (id, question_id, question_type) values (null, ?, 'multiple_choice')
Hibernate: call identity()
Hibernate: insert into quiz_questions (id, question_id, quiz_id, sequence) values (null, ?, ?, ?)
Hibernate: call identity()
Hibernate: insert into options (id, content, correct, question_details_id, sequence) values (null, ?, ?, ?, ?)
Hibernate: call identity()
Hibernate: insert into options (id, content, correct, question_details_id, sequence) values (null, ?, ?, ?, ?)
Hibernate: call identity()
Hibernate: insert into quiz_answers (id, answer_date, completed, creation_date, quiz_id, used_in_statistics, user_id) values (null, ?, ?, ?, ?, ?, ?)
Hibernate: call identity()
Hibernate: insert into question_answers (id, quiz_answer_id, quiz_question_id, sequence, time_taken) values (null, ?, ?, ?, ?)
Hibernate: call identity()
Hibernate: update quiz_answers set answer_date=?, completed=?, creation_date=?, quiz_id=?, used_in_statistics=?, user_id=? where id=?
Hibernate: insert into users_course_executions (users_id, course_executions_id) values (?, ?)
Hibernate: select questionan0_.id as id1_16_, questionan0_.quiz_answer_id as quiz_ans4_16_, questionan0_.quiz_question_id as quiz_que5_16_, questionan0_.sequence as sequence2_16_, questionan0_.time_taken as time_tak3_16_ from question_answers questionan0_
Hibernate: select questionan0_.id as id1_16_, questionan0_.quiz_answer_id as quiz_ans4_16_, questionan0_.quiz_question_id as quiz_que5_16_, questionan0_.sequence as sequence2_16_, questionan0_.time_taken as time_tak3_16_ from question_answers questionan0_
2021-03-18 00:26:43.158  INFO 23484 --- [           main] o.s.t.c.transaction.TransactionContext   : Rolled back transaction for test: [DefaultTestContext@6086b885 testClass = ConcludeQuizTest, testInstance = pt.ulisboa.tecnico.socialsoftware.tutor.answer.service.ConcludeQuizTest@4561bd60, testMethod = $spock_feature_1_6@ConcludeQuizTest, testException = [null], mergedContextConfiguration = [MergedContextConfiguration@7726d80d testClass = ConcludeQuizTest, locations = '{}', classes = '{class pt.ulisboa.tecnico.socialsoftware.tutor.TutorTestApplication, class pt.ulisboa.tecnico.socialsoftware.tutor.answer.service.ConcludeQuizTest$LocalBeanConfiguration}', contextInitializerClasses = '[]', activeProfiles = '{}', propertySourceLocations = '{}', propertySourceProperties = '{org.springframework.boot.test.autoconfigure.orm.jpa.DataJpaTestContextBootstrapper=true}', contextCustomizers = set[[ImportsContextCustomizer@2a7bc863 key = [org.springframework.boot.autoconfigure.cache.CacheAutoConfiguration, org.springframework.boot.autoconfigure.data.jpa.JpaRepositoriesAutoConfiguration, org.springframework.boot.autoconfigure.flyway.FlywayAutoConfiguration, org.springframework.boot.autoconfigure.jdbc.DataSourceAutoConfiguration, org.springframework.boot.autoconfigure.jdbc.DataSourceTransactionManagerAutoConfiguration, org.springframework.boot.autoconfigure.jdbc.JdbcTemplateAutoConfiguration, org.springframework.boot.autoconfigure.liquibase.LiquibaseAutoConfiguration, org.springframework.boot.autoconfigure.orm.jpa.HibernateJpaAutoConfiguration, org.springframework.boot.autoconfigure.transaction.TransactionAutoConfiguration, org.springframework.boot.test.autoconfigure.jdbc.TestDatabaseAutoConfiguration, org.springframework.boot.test.autoconfigure.orm.jpa.TestEntityManagerAutoConfiguration]], org.springframework.boot.test.context.filter.ExcludeFilterContextCustomizer@1f949ab9, org.springframework.boot.test.json.DuplicateJsonObjectContextCustomizerFactory$DuplicateJsonObjectContextCustomizer@7f426ddd, org.springframework.boot.test.mock.mockito.MockitoContextCustomizer@0, org.springframework.boot.test.autoconfigure.OverrideAutoConfigurationContextCustomizerFactory$DisableAutoConfigurationContextCustomizer@27df5806, org.springframework.boot.test.autoconfigure.actuate.metrics.MetricsExportContextCustomizerFactory$DisableMetricExportContextCustomizer@641ed324, org.springframework.boot.test.autoconfigure.filter.TypeExcludeFiltersContextCustomizer@351584c0, org.springframework.boot.test.autoconfigure.properties.PropertyMappingContextCustomizer@bff5ac1c, org.springframework.boot.test.autoconfigure.web.servlet.WebDriverContextCustomizerFactory$Customizer@5dfd31f4, org.spockframework.spring.mock.SpockContextCustomizer@0, org.springframework.boot.test.context.SpringBootTestArgs@1, org.springframework.boot.test.context.SpringBootTestWebEnvironment@0], contextLoader = 'org.springframework.boot.test.context.SpringBootContextLoader', parent = [null]], attributes = map['org.spockframework.spring.SpringMockTestExecutionListener.MOCKED_BEANS_LIST' -> list[Mock for type 'Mailer' named 'Mailer'], 'org.springframework.test.context.event.ApplicationEventsTestExecutionListener.recordApplicationEvents' -> false]]
]]></system-out>
  </testcase>
</testsuite>