<?xml version="1.0" encoding="UTF-8"?>
<testsuite xmlns:xsi="http://www.w3.org/2001/XMLSchema-instance" xsi:noNamespaceSchemaLocation="https://maven.apache.org/surefire/maven-surefire-plugin/xsd/surefire-test-report-3.0.xsd" version="3.0" name="pt.ulisboa.tecnico.socialsoftware.tournament.tournament.service.CancelTournamentTest" time="13.664" tests="4" errors="0" skipped="0" failures="0">
  <properties>
    <property name="sun.desktop" value="windows"/>
    <property name="awt.toolkit" value="sun.awt.windows.WToolkit"/>
    <property name="java.specification.version" value="11"/>
    <property name="sun.cpu.isalist" value="amd64"/>
    <property name="sun.jnu.encoding" value="Cp1252"/>
    <property name="java.class.path" value="C:\Users\jhmff\Desktop\IST\MEIC\2ano\2Semestre\Tutor\backend\tournament\target\test-classes;C:\Users\jhmff\Desktop\IST\MEIC\2ano\2Semestre\Tutor\backend\tournament\target\classes;C:\Users\jhmff\Desktop\IST\MEIC\2ano\2Semestre\Tutor\backend\dtos\target\classes;C:\Users\jhmff\Desktop\IST\MEIC\2ano\2Semestre\Tutor\backend\exceptions\target\classes;C:\Users\jhmff\Desktop\IST\MEIC\2ano\2Semestre\Tutor\backend\utils\target\classes;C:\Users\jhmff\Desktop\IST\MEIC\2ano\2Semestre\Tutor\backend\tutor\target\classes;C:\Users\jhmff\.m2\repository\org\springframework\boot\spring-boot-starter\2.4.3\spring-boot-starter-2.4.3.jar;C:\Users\jhmff\.m2\repository\org\springframework\boot\spring-boot\2.4.3\spring-boot-2.4.3.jar;C:\Users\jhmff\.m2\repository\org\springframework\spring-context\5.3.4\spring-context-5.3.4.jar;C:\Users\jhmff\.m2\repository\org\springframework\boot\spring-boot-autoconfigure\2.4.3\spring-boot-autoconfigure-2.4.3.jar;C:\Users\jhmff\.m2\repository\org\springframework\boot\spring-boot-starter-logging\2.4.3\spring-boot-starter-logging-2.4.3.jar;C:\Users\jhmff\.m2\repository\ch\qos\logback\logback-classic\1.2.3\logback-classic-1.2.3.jar;C:\Users\jhmff\.m2\repository\ch\qos\logback\logback-core\1.2.3\logback-core-1.2.3.jar;C:\Users\jhmff\.m2\repository\org\apache\logging\log4j\log4j-to-slf4j\2.13.3\log4j-to-slf4j-2.13.3.jar;C:\Users\jhmff\.m2\repository\org\apache\logging\log4j\log4j-api\2.13.3\log4j-api-2.13.3.jar;C:\Users\jhmff\.m2\repository\org\slf4j\jul-to-slf4j\1.7.30\jul-to-slf4j-1.7.30.jar;C:\Users\jhmff\.m2\repository\jakarta\annotation\jakarta.annotation-api\1.3.5\jakarta.annotation-api-1.3.5.jar;C:\Users\jhmff\.m2\repository\org\springframework\spring-core\5.3.4\spring-core-5.3.4.jar;C:\Users\jhmff\.m2\repository\org\springframework\spring-jcl\5.3.4\spring-jcl-5.3.4.jar;C:\Users\jhmff\.m2\repository\org\yaml\snakeyaml\1.27\snakeyaml-1.27.jar;C:\Users\jhmff\.m2\repository\org\springframework\boot\spring-boot-starter-data-jpa\2.4.3\spring-boot-starter-data-jpa-2.4.3.jar;C:\Users\jhmff\.m2\repository\org\springframework\boot\spring-boot-starter-aop\2.4.3\spring-boot-starter-aop-2.4.3.jar;C:\Users\jhmff\.m2\repository\org\springframework\boot\spring-boot-starter-jdbc\2.4.3\spring-boot-starter-jdbc-2.4.3.jar;C:\Users\jhmff\.m2\repository\com\zaxxer\HikariCP\3.4.5\HikariCP-3.4.5.jar;C:\Users\jhmff\.m2\repository\org\springframework\spring-jdbc\5.3.4\spring-jdbc-5.3.4.jar;C:\Users\jhmff\.m2\repository\jakarta\transaction\jakarta.transaction-api\1.3.3\jakarta.transaction-api-1.3.3.jar;C:\Users\jhmff\.m2\repository\jakarta\persistence\jakarta.persistence-api\2.2.3\jakarta.persistence-api-2.2.3.jar;C:\Users\jhmff\.m2\repository\org\hibernate\hibernate-core\5.4.28.Final\hibernate-core-5.4.28.Final.jar;C:\Users\jhmff\.m2\repository\org\jboss\logging\jboss-logging\3.4.1.Final\jboss-logging-3.4.1.Final.jar;C:\Users\jhmff\.m2\repository\org\javassist\javassist\3.27.0-GA\javassist-3.27.0-GA.jar;C:\Users\jhmff\.m2\repository\net\bytebuddy\byte-buddy\1.10.20\byte-buddy-1.10.20.jar;C:\Users\jhmff\.m2\repository\antlr\antlr\2.7.7\antlr-2.7.7.jar;C:\Users\jhmff\.m2\repository\org\jboss\jandex\2.2.3.Final\jandex-2.2.3.Final.jar;C:\Users\jhmff\.m2\repository\com\fasterxml\classmate\1.5.1\classmate-1.5.1.jar;C:\Users\jhmff\.m2\repository\org\dom4j\dom4j\2.1.3\dom4j-2.1.3.jar;C:\Users\jhmff\.m2\repository\org\hibernate\common\hibernate-commons-annotations\5.1.2.Final\hibernate-commons-annotations-5.1.2.Final.jar;C:\Users\jhmff\.m2\repository\org\glassfish\jaxb\jaxb-runtime\2.3.3\jaxb-runtime-2.3.3.jar;C:\Users\jhmff\.m2\repository\org\glassfish\jaxb\txw2\2.3.3\txw2-2.3.3.jar;C:\Users\jhmff\.m2\repository\com\sun\istack\istack-commons-runtime\3.0.11\istack-commons-runtime-3.0.11.jar;C:\Users\jhmff\.m2\repository\org\springframework\data\spring-data-jpa\2.4.5\spring-data-jpa-2.4.5.jar;C:\Users\jhmff\.m2\repository\org\springframework\data\spring-data-commons\2.4.5\spring-data-commons-2.4.5.jar;C:\Users\jhmff\.m2\repository\org\springframework\spring-orm\5.3.4\spring-orm-5.3.4.jar;C:\Users\jhmff\.m2\repository\org\springframework\spring-tx\5.3.4\spring-tx-5.3.4.jar;C:\Users\jhmff\.m2\repository\org\springframework\spring-beans\5.3.4\spring-beans-5.3.4.jar;C:\Users\jhmff\.m2\repository\org\springframework\boot\spring-boot-starter-web\2.4.3\spring-boot-starter-web-2.4.3.jar;C:\Users\jhmff\.m2\repository\org\springframework\boot\spring-boot-starter-json\2.4.3\spring-boot-starter-json-2.4.3.jar;C:\Users\jhmff\.m2\repository\com\fasterxml\jackson\datatype\jackson-datatype-jdk8\2.11.4\jackson-datatype-jdk8-2.11.4.jar;C:\Users\jhmff\.m2\repository\com\fasterxml\jackson\datatype\jackson-datatype-jsr310\2.11.4\jackson-datatype-jsr310-2.11.4.jar;C:\Users\jhmff\.m2\repository\com\fasterxml\jackson\module\jackson-module-parameter-names\2.11.4\jackson-module-parameter-names-2.11.4.jar;C:\Users\jhmff\.m2\repository\org\springframework\boot\spring-boot-starter-tomcat\2.4.3\spring-boot-starter-tomcat-2.4.3.jar;C:\Users\jhmff\.m2\repository\org\apache\tomcat\embed\tomcat-embed-core\9.0.43\tomcat-embed-core-9.0.43.jar;C:\Users\jhmff\.m2\repository\org\glassfish\jakarta.el\3.0.3\jakarta.el-3.0.3.jar;C:\Users\jhmff\.m2\repository\org\apache\tomcat\embed\tomcat-embed-websocket\9.0.43\tomcat-embed-websocket-9.0.43.jar;C:\Users\jhmff\.m2\repository\org\springframework\spring-web\5.3.4\spring-web-5.3.4.jar;C:\Users\jhmff\.m2\repository\org\springframework\spring-webmvc\5.3.4\spring-webmvc-5.3.4.jar;C:\Users\jhmff\.m2\repository\org\springframework\spring-expression\5.3.4\spring-expression-5.3.4.jar;C:\Users\jhmff\.m2\repository\org\springframework\boot\spring-boot-starter-test\2.4.3\spring-boot-starter-test-2.4.3.jar;C:\Users\jhmff\.m2\repository\org\springframework\boot\spring-boot-test\2.4.3\spring-boot-test-2.4.3.jar;C:\Users\jhmff\.m2\repository\org\springframework\boot\spring-boot-test-autoconfigure\2.4.3\spring-boot-test-autoconfigure-2.4.3.jar;C:\Users\jhmff\.m2\repository\com\jayway\jsonpath\json-path\2.4.0\json-path-2.4.0.jar;C:\Users\jhmff\.m2\repository\net\minidev\json-smart\2.3\json-smart-2.3.jar;C:\Users\jhmff\.m2\repository\net\minidev\accessors-smart\1.2\accessors-smart-1.2.jar;C:\Users\jhmff\.m2\repository\org\ow2\asm\asm\5.0.4\asm-5.0.4.jar;C:\Users\jhmff\.m2\repository\jakarta\xml\bind\jakarta.xml.bind-api\2.3.3\jakarta.xml.bind-api-2.3.3.jar;C:\Users\jhmff\.m2\repository\jakarta\activation\jakarta.activation-api\1.2.2\jakarta.activation-api-1.2.2.jar;C:\Users\jhmff\.m2\repository\org\assertj\assertj-core\3.18.1\assertj-core-3.18.1.jar;C:\Users\jhmff\.m2\repository\org\hamcrest\hamcrest\2.2\hamcrest-2.2.jar;C:\Users\jhmff\.m2\repository\org\junit\jupiter\junit-jupiter\5.7.1\junit-jupiter-5.7.1.jar;C:\Users\jhmff\.m2\repository\org\junit\jupiter\junit-jupiter-api\5.7.1\junit-jupiter-api-5.7.1.jar;C:\Users\jhmff\.m2\repository\org\junit\jupiter\junit-jupiter-params\5.7.1\junit-jupiter-params-5.7.1.jar;C:\Users\jhmff\.m2\repository\org\junit\jupiter\junit-jupiter-engine\5.7.1\junit-jupiter-engine-5.7.1.jar;C:\Users\jhmff\.m2\repository\org\mockito\mockito-core\3.6.28\mockito-core-3.6.28.jar;C:\Users\jhmff\.m2\repository\net\bytebuddy\byte-buddy-agent\1.10.20\byte-buddy-agent-1.10.20.jar;C:\Users\jhmff\.m2\repository\org\mockito\mockito-junit-jupiter\3.6.28\mockito-junit-jupiter-3.6.28.jar;C:\Users\jhmff\.m2\repository\org\skyscreamer\jsonassert\1.5.0\jsonassert-1.5.0.jar;C:\Users\jhmff\.m2\repository\com\vaadin\external\google\android-json\0.0.20131108.vaadin1\android-json-0.0.20131108.vaadin1.jar;C:\Users\jhmff\.m2\repository\org\springframework\spring-test\5.3.4\spring-test-5.3.4.jar;C:\Users\jhmff\.m2\repository\org\xmlunit\xmlunit-core\2.7.0\xmlunit-core-2.7.0.jar;C:\Users\jhmff\.m2\repository\org\springframework\boot\spring-boot-starter-mail\2.4.3\spring-boot-starter-mail-2.4.3.jar;C:\Users\jhmff\.m2\repository\org\springframework\spring-context-support\5.3.4\spring-context-support-5.3.4.jar;C:\Users\jhmff\.m2\repository\com\sun\mail\jakarta.mail\1.6.5\jakarta.mail-1.6.5.jar;C:\Users\jhmff\.m2\repository\com\sun\activation\jakarta.activation\1.2.2\jakarta.activation-1.2.2.jar;C:\Users\jhmff\.m2\repository\org\springframework\boot\spring-boot-devtools\2.4.3\spring-boot-devtools-2.4.3.jar;C:\Users\jhmff\.m2\repository\javax\xml\bind\jaxb-api\2.4.0-b180830.0359\jaxb-api-2.4.0-b180830.0359.jar;C:\Users\jhmff\.m2\repository\javax\activation\javax.activation-api\1.2.0\javax.activation-api-1.2.0.jar;C:\Users\jhmff\.m2\repository\javax\validation\validation-api\2.0.1.Final\validation-api-2.0.1.Final.jar;C:\Users\jhmff\.m2\repository\org\springframework\boot\spring-boot-configuration-processor\2.4.3\spring-boot-configuration-processor-2.4.3.jar;C:\Users\jhmff\.m2\repository\org\springframework\boot\spring-boot-starter-security\2.4.3\spring-boot-starter-security-2.4.3.jar;C:\Users\jhmff\.m2\repository\org\springframework\spring-aop\5.3.4\spring-aop-5.3.4.jar;C:\Users\jhmff\.m2\repository\org\springframework\security\spring-security-config\5.4.5\spring-security-config-5.4.5.jar;C:\Users\jhmff\.m2\repository\org\springframework\security\spring-security-web\5.4.5\spring-security-web-5.4.5.jar;C:\Users\jhmff\.m2\repository\org\springframework\security\spring-security-test\5.4.5\spring-security-test-5.4.5.jar;C:\Users\jhmff\.m2\repository\org\springframework\security\spring-security-core\5.4.5\spring-security-core-5.4.5.jar;C:\Users\jhmff\.m2\repository\org\postgresql\postgresql\42.2.18\postgresql-42.2.18.jar;C:\Users\jhmff\.m2\repository\org\checkerframework\checker-qual\3.5.0\checker-qual-3.5.0.jar;C:\Users\jhmff\.m2\repository\com\h2database\h2\1.4.200\h2-1.4.200.jar;C:\Users\jhmff\.m2\repository\org\springdoc\springdoc-openapi-ui\1.5.4\springdoc-openapi-ui-1.5.4.jar;C:\Users\jhmff\.m2\repository\org\springdoc\springdoc-openapi-webmvc-core\1.5.4\springdoc-openapi-webmvc-core-1.5.4.jar;C:\Users\jhmff\.m2\repository\org\springdoc\springdoc-openapi-common\1.5.4\springdoc-openapi-common-1.5.4.jar;C:\Users\jhmff\.m2\repository\io\swagger\core\v3\swagger-models\2.1.6\swagger-models-2.1.6.jar;C:\Users\jhmff\.m2\repository\io\swagger\core\v3\swagger-annotations\2.1.6\swagger-annotations-2.1.6.jar;C:\Users\jhmff\.m2\repository\io\swagger\core\v3\swagger-integration\2.1.6\swagger-integration-2.1.6.jar;C:\Users\jhmff\.m2\repository\io\swagger\core\v3\swagger-core\2.1.6\swagger-core-2.1.6.jar;C:\Users\jhmff\.m2\repository\com\fasterxml\jackson\dataformat\jackson-dataformat-yaml\2.11.4\jackson-dataformat-yaml-2.11.4.jar;C:\Users\jhmff\.m2\repository\jakarta\validation\jakarta.validation-api\2.0.2\jakarta.validation-api-2.0.2.jar;C:\Users\jhmff\.m2\repository\io\github\classgraph\classgraph\4.8.69\classgraph-4.8.69.jar;C:\Users\jhmff\.m2\repository\org\apache\commons\commons-lang3\3.11\commons-lang3-3.11.jar;C:\Users\jhmff\.m2\repository\org\webjars\swagger-ui\3.42.0\swagger-ui-3.42.0.jar;C:\Users\jhmff\.m2\repository\org\webjars\webjars-locator-core\0.46\webjars-locator-core-0.46.jar;C:\Users\jhmff\.m2\repository\com\fasterxml\jackson\core\jackson-core\2.11.4\jackson-core-2.11.4.jar;C:\Users\jhmff\.m2\repository\org\fenixedu\feaf4j-api\2.3.1\feaf4j-api-2.3.1.jar;C:\Users\jhmff\.m2\repository\com\google\code\gson\gson\2.8.6\gson-2.8.6.jar;C:\Users\jhmff\.m2\repository\org\slf4j\slf4j-api\1.7.30\slf4j-api-1.7.30.jar;C:\Users\jhmff\.m2\repository\org\fenixedu\feaf4j-okhttp\2.3.1\feaf4j-okhttp-2.3.1.jar;C:\Users\jhmff\.m2\repository\com\squareup\okhttp\okhttp\2.2.0\okhttp-2.2.0.jar;C:\Users\jhmff\.m2\repository\com\squareup\okio\okio\1.2.0\okio-1.2.0.jar;C:\Users\jhmff\.m2\repository\org\springframework\retry\spring-retry\1.3.1\spring-retry-1.3.1.jar;C:\Users\jhmff\.m2\repository\javax\annotation\javax.annotation-api\1.3.2\javax.annotation-api-1.3.2.jar;C:\Users\jhmff\.m2\repository\org\springframework\spring-aspects\5.3.4\spring-aspects-5.3.4.jar;C:\Users\jhmff\.m2\repository\org\aspectj\aspectjweaver\1.9.6\aspectjweaver-1.9.6.jar;C:\Users\jhmff\.m2\repository\io\jsonwebtoken\jjwt-api\0.11.2\jjwt-api-0.11.2.jar;C:\Users\jhmff\.m2\repository\io\jsonwebtoken\jjwt-impl\0.11.2\jjwt-impl-0.11.2.jar;C:\Users\jhmff\.m2\repository\io\jsonwebtoken\jjwt-jackson\0.11.2\jjwt-jackson-0.11.2.jar;C:\Users\jhmff\.m2\repository\com\fasterxml\jackson\core\jackson-databind\2.11.4\jackson-databind-2.11.4.jar;C:\Users\jhmff\.m2\repository\com\fasterxml\jackson\core\jackson-annotations\2.11.4\jackson-annotations-2.11.4.jar;C:\Users\jhmff\.m2\repository\jaxen\jaxen\1.2.0\jaxen-1.2.0.jar;C:\Users\jhmff\.m2\repository\org\jdom\jdom2\2.0.6\jdom2-2.0.6.jar;C:\Users\jhmff\.m2\repository\commons-io\commons-io\2.8.0\commons-io-2.8.0.jar;C:\Users\jhmff\.m2\repository\org\spockframework\spock-spring\2.0-M4-groovy-3.0\spock-spring-2.0-M4-groovy-3.0.jar;C:\Users\jhmff\.m2\repository\org\spockframework\spock-core\2.0-M4-groovy-3.0\spock-core-2.0-M4-groovy-3.0.jar;C:\Users\jhmff\.m2\repository\org\junit\platform\junit-platform-engine\1.7.1\junit-platform-engine-1.7.1.jar;C:\Users\jhmff\.m2\repository\org\apiguardian\apiguardian-api\1.1.0\apiguardian-api-1.1.0.jar;C:\Users\jhmff\.m2\repository\org\opentest4j\opentest4j\1.2.0\opentest4j-1.2.0.jar;C:\Users\jhmff\.m2\repository\org\junit\platform\junit-platform-commons\1.7.1\junit-platform-commons-1.7.1.jar;C:\Users\jhmff\.m2\repository\org\codehaus\groovy\modules\http-builder\http-builder\0.7.1\http-builder-0.7.1.jar;C:\Users\jhmff\.m2\repository\org\apache\httpcomponents\httpclient\4.5.13\httpclient-4.5.13.jar;C:\Users\jhmff\.m2\repository\org\apache\httpcomponents\httpcore\4.4.14\httpcore-4.4.14.jar;C:\Users\jhmff\.m2\repository\commons-codec\commons-codec\1.15\commons-codec-1.15.jar;C:\Users\jhmff\.m2\repository\net\sf\json-lib\json-lib\2.3\json-lib-2.3-jdk15.jar;C:\Users\jhmff\.m2\repository\commons-beanutils\commons-beanutils\1.8.0\commons-beanutils-1.8.0.jar;C:\Users\jhmff\.m2\repository\commons-collections\commons-collections\3.2.1\commons-collections-3.2.1.jar;C:\Users\jhmff\.m2\repository\commons-lang\commons-lang\2.4\commons-lang-2.4.jar;C:\Users\jhmff\.m2\repository\commons-logging\commons-logging\1.1.1\commons-logging-1.1.1.jar;C:\Users\jhmff\.m2\repository\net\sf\ezmorph\ezmorph\1.0.6\ezmorph-1.0.6.jar;C:\Users\jhmff\.m2\repository\net\sourceforge\nekohtml\nekohtml\1.9.22\nekohtml-1.9.22.jar;C:\Users\jhmff\.m2\repository\xerces\xercesImpl\2.11.0\xercesImpl-2.11.0.jar;C:\Users\jhmff\.m2\repository\xml-apis\xml-apis\1.4.01\xml-apis-1.4.01.jar;C:\Users\jhmff\.m2\repository\xml-resolver\xml-resolver\1.2\xml-resolver-1.2.jar;C:\Users\jhmff\.m2\repository\org\codehaus\groovy\groovy\3.0.7\groovy-3.0.7.jar;C:\Users\jhmff\.m2\repository\org\codehaus\groovy\groovy-ant\2.5.14\groovy-ant-2.5.14.jar;C:\Users\jhmff\.m2\repository\org\apache\ant\ant\1.9.15\ant-1.9.15.jar;C:\Users\jhmff\.m2\repository\org\apache\ant\ant-junit\1.9.15\ant-junit-1.9.15.jar;C:\Users\jhmff\.m2\repository\org\apache\ant\ant-launcher\1.9.15\ant-launcher-1.9.15.jar;C:\Users\jhmff\.m2\repository\org\apache\ant\ant-antlr\1.9.15\ant-antlr-1.9.15.jar;C:\Users\jhmff\.m2\repository\org\codehaus\groovy\groovy-astbuilder\3.0.7\groovy-astbuilder-3.0.7.jar;C:\Users\jhmff\.m2\repository\org\codehaus\groovy\groovy-cli-picocli\2.5.14\groovy-cli-picocli-2.5.14.jar;C:\Users\jhmff\.m2\repository\info\picocli\picocli\4.3.2\picocli-4.3.2.jar;C:\Users\jhmff\.m2\repository\org\codehaus\groovy\groovy-console\2.5.14\groovy-console-2.5.14.jar;C:\Users\jhmff\.m2\repository\org\codehaus\groovy\groovy-datetime\2.5.14\groovy-datetime-2.5.14.jar;C:\Users\jhmff\.m2\repository\org\codehaus\groovy\groovy-docgenerator\2.5.14\groovy-docgenerator-2.5.14.jar;C:\Users\jhmff\.m2\repository\com\thoughtworks\qdox\qdox\1.12.1\qdox-1.12.1.jar;C:\Users\jhmff\.m2\repository\org\codehaus\groovy\groovy-groovydoc\2.5.14\groovy-groovydoc-2.5.14.jar;C:\Users\jhmff\.m2\repository\org\codehaus\groovy\groovy-groovysh\2.5.14\groovy-groovysh-2.5.14.jar;C:\Users\jhmff\.m2\repository\jline\jline\2.14.6\jline-2.14.6.jar;C:\Users\jhmff\.m2\repository\org\codehaus\groovy\groovy-jmx\2.5.14\groovy-jmx-2.5.14.jar;C:\Users\jhmff\.m2\repository\org\codehaus\groovy\groovy-json\2.5.14\groovy-json-2.5.14.jar;C:\Users\jhmff\.m2\repository\org\codehaus\groovy\groovy-jsr223\2.5.14\groovy-jsr223-2.5.14.jar;C:\Users\jhmff\.m2\repository\org\codehaus\groovy\groovy-macro\2.5.14\groovy-macro-2.5.14.jar;C:\Users\jhmff\.m2\repository\org\codehaus\groovy\groovy-nio\2.5.14\groovy-nio-2.5.14.jar;C:\Users\jhmff\.m2\repository\org\codehaus\groovy\groovy-servlet\2.5.14\groovy-servlet-2.5.14.jar;C:\Users\jhmff\.m2\repository\org\codehaus\groovy\groovy-sql\2.5.14\groovy-sql-2.5.14.jar;C:\Users\jhmff\.m2\repository\org\codehaus\groovy\groovy-swing\2.5.14\groovy-swing-2.5.14.jar;C:\Users\jhmff\.m2\repository\org\codehaus\groovy\groovy-templates\2.5.14\groovy-templates-2.5.14.jar;C:\Users\jhmff\.m2\repository\org\codehaus\groovy\groovy-test\2.5.14\groovy-test-2.5.14.jar;C:\Users\jhmff\.m2\repository\org\codehaus\groovy\groovy-test-junit5\2.5.14\groovy-test-junit5-2.5.14.jar;C:\Users\jhmff\.m2\repository\org\junit\platform\junit-platform-launcher\1.7.1\junit-platform-launcher-1.7.1.jar;C:\Users\jhmff\.m2\repository\org\codehaus\groovy\groovy-testng\2.5.14\groovy-testng-2.5.14.jar;C:\Users\jhmff\.m2\repository\org\testng\testng\6.13.1\testng-6.13.1.jar;C:\Users\jhmff\.m2\repository\com\beust\jcommander\1.72\jcommander-1.72.jar;C:\Users\jhmff\.m2\repository\org\codehaus\groovy\groovy-xml\2.5.14\groovy-xml-2.5.14.jar;C:\Users\jhmff\.m2\repository\org\objenesis\objenesis\3.1\objenesis-3.1.jar;C:\Users\jhmff\.m2\repository\org\apache\commons\commons-compress\1.20\commons-compress-1.20.jar;C:\Users\jhmff\.m2\repository\com\google\guava\guava\30.1-jre\guava-30.1-jre.jar;C:\Users\jhmff\.m2\repository\com\google\guava\failureaccess\1.0.1\failureaccess-1.0.1.jar;C:\Users\jhmff\.m2\repository\com\google\guava\listenablefuture\9999.0-empty-to-avoid-conflict-with-guava\listenablefuture-9999.0-empty-to-avoid-conflict-with-guava.jar;C:\Users\jhmff\.m2\repository\com\google\code\findbugs\jsr305\3.0.2\jsr305-3.0.2.jar;C:\Users\jhmff\.m2\repository\com\google\errorprone\error_prone_annotations\2.3.4\error_prone_annotations-2.3.4.jar;C:\Users\jhmff\.m2\repository\com\google\j2objc\j2objc-annotations\1.3\j2objc-annotations-1.3.jar;C:\Users\jhmff\.m2\repository\junit\junit\3.8.1\junit-3.8.1.jar;"/>
    <property name="java.vm.vendor" value="Oracle Corporation"/>
    <property name="sun.arch.data.model" value="64"/>
    <property name="user.variant" value=""/>
    <property name="java.vendor.url" value="https://openjdk.java.net/"/>
    <property name="user.timezone" value="Europe/London"/>
    <property name="java.vm.specification.version" value="11"/>
    <property name="os.name" value="Windows 10"/>
    <property name="sun.java.launcher" value="SUN_STANDARD"/>
    <property name="user.country" value="PT"/>
    <property name="sun.boot.library.path" value="C:\Program Files\Java\jdk-11.0.8\bin"/>
    <property name="sun.java.command" value="C:\Users\jhmff\AppData\Local\Temp\surefire16689871557345342521\surefirebooter2335428312181235420.jar C:\Users\jhmff\AppData\Local\Temp\surefire16689871557345342521 2021-03-18T00-26-06_535-jvmRun1 surefire17907228103693836573tmp surefire_12059141633969045792tmp"/>
    <property name="jdk.debug" value="release"/>
    <property name="surefire.test.class.path" value="C:\Users\jhmff\Desktop\IST\MEIC\2ano\2Semestre\Tutor\backend\tournament\target\test-classes;C:\Users\jhmff\Desktop\IST\MEIC\2ano\2Semestre\Tutor\backend\tournament\target\classes;C:\Users\jhmff\Desktop\IST\MEIC\2ano\2Semestre\Tutor\backend\dtos\target\classes;C:\Users\jhmff\Desktop\IST\MEIC\2ano\2Semestre\Tutor\backend\exceptions\target\classes;C:\Users\jhmff\Desktop\IST\MEIC\2ano\2Semestre\Tutor\backend\utils\target\classes;C:\Users\jhmff\Desktop\IST\MEIC\2ano\2Semestre\Tutor\backend\tutor\target\classes;C:\Users\jhmff\.m2\repository\org\springframework\boot\spring-boot-starter\2.4.3\spring-boot-starter-2.4.3.jar;C:\Users\jhmff\.m2\repository\org\springframework\boot\spring-boot\2.4.3\spring-boot-2.4.3.jar;C:\Users\jhmff\.m2\repository\org\springframework\spring-context\5.3.4\spring-context-5.3.4.jar;C:\Users\jhmff\.m2\repository\org\springframework\boot\spring-boot-autoconfigure\2.4.3\spring-boot-autoconfigure-2.4.3.jar;C:\Users\jhmff\.m2\repository\org\springframework\boot\spring-boot-starter-logging\2.4.3\spring-boot-starter-logging-2.4.3.jar;C:\Users\jhmff\.m2\repository\ch\qos\logback\logback-classic\1.2.3\logback-classic-1.2.3.jar;C:\Users\jhmff\.m2\repository\ch\qos\logback\logback-core\1.2.3\logback-core-1.2.3.jar;C:\Users\jhmff\.m2\repository\org\apache\logging\log4j\log4j-to-slf4j\2.13.3\log4j-to-slf4j-2.13.3.jar;C:\Users\jhmff\.m2\repository\org\apache\logging\log4j\log4j-api\2.13.3\log4j-api-2.13.3.jar;C:\Users\jhmff\.m2\repository\org\slf4j\jul-to-slf4j\1.7.30\jul-to-slf4j-1.7.30.jar;C:\Users\jhmff\.m2\repository\jakarta\annotation\jakarta.annotation-api\1.3.5\jakarta.annotation-api-1.3.5.jar;C:\Users\jhmff\.m2\repository\org\springframework\spring-core\5.3.4\spring-core-5.3.4.jar;C:\Users\jhmff\.m2\repository\org\springframework\spring-jcl\5.3.4\spring-jcl-5.3.4.jar;C:\Users\jhmff\.m2\repository\org\yaml\snakeyaml\1.27\snakeyaml-1.27.jar;C:\Users\jhmff\.m2\repository\org\springframework\boot\spring-boot-starter-data-jpa\2.4.3\spring-boot-starter-data-jpa-2.4.3.jar;C:\Users\jhmff\.m2\repository\org\springframework\boot\spring-boot-starter-aop\2.4.3\spring-boot-starter-aop-2.4.3.jar;C:\Users\jhmff\.m2\repository\org\springframework\boot\spring-boot-starter-jdbc\2.4.3\spring-boot-starter-jdbc-2.4.3.jar;C:\Users\jhmff\.m2\repository\com\zaxxer\HikariCP\3.4.5\HikariCP-3.4.5.jar;C:\Users\jhmff\.m2\repository\org\springframework\spring-jdbc\5.3.4\spring-jdbc-5.3.4.jar;C:\Users\jhmff\.m2\repository\jakarta\transaction\jakarta.transaction-api\1.3.3\jakarta.transaction-api-1.3.3.jar;C:\Users\jhmff\.m2\repository\jakarta\persistence\jakarta.persistence-api\2.2.3\jakarta.persistence-api-2.2.3.jar;C:\Users\jhmff\.m2\repository\org\hibernate\hibernate-core\5.4.28.Final\hibernate-core-5.4.28.Final.jar;C:\Users\jhmff\.m2\repository\org\jboss\logging\jboss-logging\3.4.1.Final\jboss-logging-3.4.1.Final.jar;C:\Users\jhmff\.m2\repository\org\javassist\javassist\3.27.0-GA\javassist-3.27.0-GA.jar;C:\Users\jhmff\.m2\repository\net\bytebuddy\byte-buddy\1.10.20\byte-buddy-1.10.20.jar;C:\Users\jhmff\.m2\repository\antlr\antlr\2.7.7\antlr-2.7.7.jar;C:\Users\jhmff\.m2\repository\org\jboss\jandex\2.2.3.Final\jandex-2.2.3.Final.jar;C:\Users\jhmff\.m2\repository\com\fasterxml\classmate\1.5.1\classmate-1.5.1.jar;C:\Users\jhmff\.m2\repository\org\dom4j\dom4j\2.1.3\dom4j-2.1.3.jar;C:\Users\jhmff\.m2\repository\org\hibernate\common\hibernate-commons-annotations\5.1.2.Final\hibernate-commons-annotations-5.1.2.Final.jar;C:\Users\jhmff\.m2\repository\org\glassfish\jaxb\jaxb-runtime\2.3.3\jaxb-runtime-2.3.3.jar;C:\Users\jhmff\.m2\repository\org\glassfish\jaxb\txw2\2.3.3\txw2-2.3.3.jar;C:\Users\jhmff\.m2\repository\com\sun\istack\istack-commons-runtime\3.0.11\istack-commons-runtime-3.0.11.jar;C:\Users\jhmff\.m2\repository\org\springframework\data\spring-data-jpa\2.4.5\spring-data-jpa-2.4.5.jar;C:\Users\jhmff\.m2\repository\org\springframework\data\spring-data-commons\2.4.5\spring-data-commons-2.4.5.jar;C:\Users\jhmff\.m2\repository\org\springframework\spring-orm\5.3.4\spring-orm-5.3.4.jar;C:\Users\jhmff\.m2\repository\org\springframework\spring-tx\5.3.4\spring-tx-5.3.4.jar;C:\Users\jhmff\.m2\repository\org\springframework\spring-beans\5.3.4\spring-beans-5.3.4.jar;C:\Users\jhmff\.m2\repository\org\springframework\boot\spring-boot-starter-web\2.4.3\spring-boot-starter-web-2.4.3.jar;C:\Users\jhmff\.m2\repository\org\springframework\boot\spring-boot-starter-json\2.4.3\spring-boot-starter-json-2.4.3.jar;C:\Users\jhmff\.m2\repository\com\fasterxml\jackson\datatype\jackson-datatype-jdk8\2.11.4\jackson-datatype-jdk8-2.11.4.jar;C:\Users\jhmff\.m2\repository\com\fasterxml\jackson\datatype\jackson-datatype-jsr310\2.11.4\jackson-datatype-jsr310-2.11.4.jar;C:\Users\jhmff\.m2\repository\com\fasterxml\jackson\module\jackson-module-parameter-names\2.11.4\jackson-module-parameter-names-2.11.4.jar;C:\Users\jhmff\.m2\repository\org\springframework\boot\spring-boot-starter-tomcat\2.4.3\spring-boot-starter-tomcat-2.4.3.jar;C:\Users\jhmff\.m2\repository\org\apache\tomcat\embed\tomcat-embed-core\9.0.43\tomcat-embed-core-9.0.43.jar;C:\Users\jhmff\.m2\repository\org\glassfish\jakarta.el\3.0.3\jakarta.el-3.0.3.jar;C:\Users\jhmff\.m2\repository\org\apache\tomcat\embed\tomcat-embed-websocket\9.0.43\tomcat-embed-websocket-9.0.43.jar;C:\Users\jhmff\.m2\repository\org\springframework\spring-web\5.3.4\spring-web-5.3.4.jar;C:\Users\jhmff\.m2\repository\org\springframework\spring-webmvc\5.3.4\spring-webmvc-5.3.4.jar;C:\Users\jhmff\.m2\repository\org\springframework\spring-expression\5.3.4\spring-expression-5.3.4.jar;C:\Users\jhmff\.m2\repository\org\springframework\boot\spring-boot-starter-test\2.4.3\spring-boot-starter-test-2.4.3.jar;C:\Users\jhmff\.m2\repository\org\springframework\boot\spring-boot-test\2.4.3\spring-boot-test-2.4.3.jar;C:\Users\jhmff\.m2\repository\org\springframework\boot\spring-boot-test-autoconfigure\2.4.3\spring-boot-test-autoconfigure-2.4.3.jar;C:\Users\jhmff\.m2\repository\com\jayway\jsonpath\json-path\2.4.0\json-path-2.4.0.jar;C:\Users\jhmff\.m2\repository\net\minidev\json-smart\2.3\json-smart-2.3.jar;C:\Users\jhmff\.m2\repository\net\minidev\accessors-smart\1.2\accessors-smart-1.2.jar;C:\Users\jhmff\.m2\repository\org\ow2\asm\asm\5.0.4\asm-5.0.4.jar;C:\Users\jhmff\.m2\repository\jakarta\xml\bind\jakarta.xml.bind-api\2.3.3\jakarta.xml.bind-api-2.3.3.jar;C:\Users\jhmff\.m2\repository\jakarta\activation\jakarta.activation-api\1.2.2\jakarta.activation-api-1.2.2.jar;C:\Users\jhmff\.m2\repository\org\assertj\assertj-core\3.18.1\assertj-core-3.18.1.jar;C:\Users\jhmff\.m2\repository\org\hamcrest\hamcrest\2.2\hamcrest-2.2.jar;C:\Users\jhmff\.m2\repository\org\junit\jupiter\junit-jupiter\5.7.1\junit-jupiter-5.7.1.jar;C:\Users\jhmff\.m2\repository\org\junit\jupiter\junit-jupiter-api\5.7.1\junit-jupiter-api-5.7.1.jar;C:\Users\jhmff\.m2\repository\org\junit\jupiter\junit-jupiter-params\5.7.1\junit-jupiter-params-5.7.1.jar;C:\Users\jhmff\.m2\repository\org\junit\jupiter\junit-jupiter-engine\5.7.1\junit-jupiter-engine-5.7.1.jar;C:\Users\jhmff\.m2\repository\org\mockito\mockito-core\3.6.28\mockito-core-3.6.28.jar;C:\Users\jhmff\.m2\repository\net\bytebuddy\byte-buddy-agent\1.10.20\byte-buddy-agent-1.10.20.jar;C:\Users\jhmff\.m2\repository\org\mockito\mockito-junit-jupiter\3.6.28\mockito-junit-jupiter-3.6.28.jar;C:\Users\jhmff\.m2\repository\org\skyscreamer\jsonassert\1.5.0\jsonassert-1.5.0.jar;C:\Users\jhmff\.m2\repository\com\vaadin\external\google\android-json\0.0.20131108.vaadin1\android-json-0.0.20131108.vaadin1.jar;C:\Users\jhmff\.m2\repository\org\springframework\spring-test\5.3.4\spring-test-5.3.4.jar;C:\Users\jhmff\.m2\repository\org\xmlunit\xmlunit-core\2.7.0\xmlunit-core-2.7.0.jar;C:\Users\jhmff\.m2\repository\org\springframework\boot\spring-boot-starter-mail\2.4.3\spring-boot-starter-mail-2.4.3.jar;C:\Users\jhmff\.m2\repository\org\springframework\spring-context-support\5.3.4\spring-context-support-5.3.4.jar;C:\Users\jhmff\.m2\repository\com\sun\mail\jakarta.mail\1.6.5\jakarta.mail-1.6.5.jar;C:\Users\jhmff\.m2\repository\com\sun\activation\jakarta.activation\1.2.2\jakarta.activation-1.2.2.jar;C:\Users\jhmff\.m2\repository\org\springframework\boot\spring-boot-devtools\2.4.3\spring-boot-devtools-2.4.3.jar;C:\Users\jhmff\.m2\repository\javax\xml\bind\jaxb-api\2.4.0-b180830.0359\jaxb-api-2.4.0-b180830.0359.jar;C:\Users\jhmff\.m2\repository\javax\activation\javax.activation-api\1.2.0\javax.activation-api-1.2.0.jar;C:\Users\jhmff\.m2\repository\javax\validation\validation-api\2.0.1.Final\validation-api-2.0.1.Final.jar;C:\Users\jhmff\.m2\repository\org\springframework\boot\spring-boot-configuration-processor\2.4.3\spring-boot-configuration-processor-2.4.3.jar;C:\Users\jhmff\.m2\repository\org\springframework\boot\spring-boot-starter-security\2.4.3\spring-boot-starter-security-2.4.3.jar;C:\Users\jhmff\.m2\repository\org\springframework\spring-aop\5.3.4\spring-aop-5.3.4.jar;C:\Users\jhmff\.m2\repository\org\springframework\security\spring-security-config\5.4.5\spring-security-config-5.4.5.jar;C:\Users\jhmff\.m2\repository\org\springframework\security\spring-security-web\5.4.5\spring-security-web-5.4.5.jar;C:\Users\jhmff\.m2\repository\org\springframework\security\spring-security-test\5.4.5\spring-security-test-5.4.5.jar;C:\Users\jhmff\.m2\repository\org\springframework\security\spring-security-core\5.4.5\spring-security-core-5.4.5.jar;C:\Users\jhmff\.m2\repository\org\postgresql\postgresql\42.2.18\postgresql-42.2.18.jar;C:\Users\jhmff\.m2\repository\org\checkerframework\checker-qual\3.5.0\checker-qual-3.5.0.jar;C:\Users\jhmff\.m2\repository\com\h2database\h2\1.4.200\h2-1.4.200.jar;C:\Users\jhmff\.m2\repository\org\springdoc\springdoc-openapi-ui\1.5.4\springdoc-openapi-ui-1.5.4.jar;C:\Users\jhmff\.m2\repository\org\springdoc\springdoc-openapi-webmvc-core\1.5.4\springdoc-openapi-webmvc-core-1.5.4.jar;C:\Users\jhmff\.m2\repository\org\springdoc\springdoc-openapi-common\1.5.4\springdoc-openapi-common-1.5.4.jar;C:\Users\jhmff\.m2\repository\io\swagger\core\v3\swagger-models\2.1.6\swagger-models-2.1.6.jar;C:\Users\jhmff\.m2\repository\io\swagger\core\v3\swagger-annotations\2.1.6\swagger-annotations-2.1.6.jar;C:\Users\jhmff\.m2\repository\io\swagger\core\v3\swagger-integration\2.1.6\swagger-integration-2.1.6.jar;C:\Users\jhmff\.m2\repository\io\swagger\core\v3\swagger-core\2.1.6\swagger-core-2.1.6.jar;C:\Users\jhmff\.m2\repository\com\fasterxml\jackson\dataformat\jackson-dataformat-yaml\2.11.4\jackson-dataformat-yaml-2.11.4.jar;C:\Users\jhmff\.m2\repository\jakarta\validation\jakarta.validation-api\2.0.2\jakarta.validation-api-2.0.2.jar;C:\Users\jhmff\.m2\repository\io\github\classgraph\classgraph\4.8.69\classgraph-4.8.69.jar;C:\Users\jhmff\.m2\repository\org\apache\commons\commons-lang3\3.11\commons-lang3-3.11.jar;C:\Users\jhmff\.m2\repository\org\webjars\swagger-ui\3.42.0\swagger-ui-3.42.0.jar;C:\Users\jhmff\.m2\repository\org\webjars\webjars-locator-core\0.46\webjars-locator-core-0.46.jar;C:\Users\jhmff\.m2\repository\com\fasterxml\jackson\core\jackson-core\2.11.4\jackson-core-2.11.4.jar;C:\Users\jhmff\.m2\repository\org\fenixedu\feaf4j-api\2.3.1\feaf4j-api-2.3.1.jar;C:\Users\jhmff\.m2\repository\com\google\code\gson\gson\2.8.6\gson-2.8.6.jar;C:\Users\jhmff\.m2\repository\org\slf4j\slf4j-api\1.7.30\slf4j-api-1.7.30.jar;C:\Users\jhmff\.m2\repository\org\fenixedu\feaf4j-okhttp\2.3.1\feaf4j-okhttp-2.3.1.jar;C:\Users\jhmff\.m2\repository\com\squareup\okhttp\okhttp\2.2.0\okhttp-2.2.0.jar;C:\Users\jhmff\.m2\repository\com\squareup\okio\okio\1.2.0\okio-1.2.0.jar;C:\Users\jhmff\.m2\repository\org\springframework\retry\spring-retry\1.3.1\spring-retry-1.3.1.jar;C:\Users\jhmff\.m2\repository\javax\annotation\javax.annotation-api\1.3.2\javax.annotation-api-1.3.2.jar;C:\Users\jhmff\.m2\repository\org\springframework\spring-aspects\5.3.4\spring-aspects-5.3.4.jar;C:\Users\jhmff\.m2\repository\org\aspectj\aspectjweaver\1.9.6\aspectjweaver-1.9.6.jar;C:\Users\jhmff\.m2\repository\io\jsonwebtoken\jjwt-api\0.11.2\jjwt-api-0.11.2.jar;C:\Users\jhmff\.m2\repository\io\jsonwebtoken\jjwt-impl\0.11.2\jjwt-impl-0.11.2.jar;C:\Users\jhmff\.m2\repository\io\jsonwebtoken\jjwt-jackson\0.11.2\jjwt-jackson-0.11.2.jar;C:\Users\jhmff\.m2\repository\com\fasterxml\jackson\core\jackson-databind\2.11.4\jackson-databind-2.11.4.jar;C:\Users\jhmff\.m2\repository\com\fasterxml\jackson\core\jackson-annotations\2.11.4\jackson-annotations-2.11.4.jar;C:\Users\jhmff\.m2\repository\jaxen\jaxen\1.2.0\jaxen-1.2.0.jar;C:\Users\jhmff\.m2\repository\org\jdom\jdom2\2.0.6\jdom2-2.0.6.jar;C:\Users\jhmff\.m2\repository\commons-io\commons-io\2.8.0\commons-io-2.8.0.jar;C:\Users\jhmff\.m2\repository\org\spockframework\spock-spring\2.0-M4-groovy-3.0\spock-spring-2.0-M4-groovy-3.0.jar;C:\Users\jhmff\.m2\repository\org\spockframework\spock-core\2.0-M4-groovy-3.0\spock-core-2.0-M4-groovy-3.0.jar;C:\Users\jhmff\.m2\repository\org\junit\platform\junit-platform-engine\1.7.1\junit-platform-engine-1.7.1.jar;C:\Users\jhmff\.m2\repository\org\apiguardian\apiguardian-api\1.1.0\apiguardian-api-1.1.0.jar;C:\Users\jhmff\.m2\repository\org\opentest4j\opentest4j\1.2.0\opentest4j-1.2.0.jar;C:\Users\jhmff\.m2\repository\org\junit\platform\junit-platform-commons\1.7.1\junit-platform-commons-1.7.1.jar;C:\Users\jhmff\.m2\repository\org\codehaus\groovy\modules\http-builder\http-builder\0.7.1\http-builder-0.7.1.jar;C:\Users\jhmff\.m2\repository\org\apache\httpcomponents\httpclient\4.5.13\httpclient-4.5.13.jar;C:\Users\jhmff\.m2\repository\org\apache\httpcomponents\httpcore\4.4.14\httpcore-4.4.14.jar;C:\Users\jhmff\.m2\repository\commons-codec\commons-codec\1.15\commons-codec-1.15.jar;C:\Users\jhmff\.m2\repository\net\sf\json-lib\json-lib\2.3\json-lib-2.3-jdk15.jar;C:\Users\jhmff\.m2\repository\commons-beanutils\commons-beanutils\1.8.0\commons-beanutils-1.8.0.jar;C:\Users\jhmff\.m2\repository\commons-collections\commons-collections\3.2.1\commons-collections-3.2.1.jar;C:\Users\jhmff\.m2\repository\commons-lang\commons-lang\2.4\commons-lang-2.4.jar;C:\Users\jhmff\.m2\repository\commons-logging\commons-logging\1.1.1\commons-logging-1.1.1.jar;C:\Users\jhmff\.m2\repository\net\sf\ezmorph\ezmorph\1.0.6\ezmorph-1.0.6.jar;C:\Users\jhmff\.m2\repository\net\sourceforge\nekohtml\nekohtml\1.9.22\nekohtml-1.9.22.jar;C:\Users\jhmff\.m2\repository\xerces\xercesImpl\2.11.0\xercesImpl-2.11.0.jar;C:\Users\jhmff\.m2\repository\xml-apis\xml-apis\1.4.01\xml-apis-1.4.01.jar;C:\Users\jhmff\.m2\repository\xml-resolver\xml-resolver\1.2\xml-resolver-1.2.jar;C:\Users\jhmff\.m2\repository\org\codehaus\groovy\groovy\3.0.7\groovy-3.0.7.jar;C:\Users\jhmff\.m2\repository\org\codehaus\groovy\groovy-ant\2.5.14\groovy-ant-2.5.14.jar;C:\Users\jhmff\.m2\repository\org\apache\ant\ant\1.9.15\ant-1.9.15.jar;C:\Users\jhmff\.m2\repository\org\apache\ant\ant-junit\1.9.15\ant-junit-1.9.15.jar;C:\Users\jhmff\.m2\repository\org\apache\ant\ant-launcher\1.9.15\ant-launcher-1.9.15.jar;C:\Users\jhmff\.m2\repository\org\apache\ant\ant-antlr\1.9.15\ant-antlr-1.9.15.jar;C:\Users\jhmff\.m2\repository\org\codehaus\groovy\groovy-astbuilder\3.0.7\groovy-astbuilder-3.0.7.jar;C:\Users\jhmff\.m2\repository\org\codehaus\groovy\groovy-cli-picocli\2.5.14\groovy-cli-picocli-2.5.14.jar;C:\Users\jhmff\.m2\repository\info\picocli\picocli\4.3.2\picocli-4.3.2.jar;C:\Users\jhmff\.m2\repository\org\codehaus\groovy\groovy-console\2.5.14\groovy-console-2.5.14.jar;C:\Users\jhmff\.m2\repository\org\codehaus\groovy\groovy-datetime\2.5.14\groovy-datetime-2.5.14.jar;C:\Users\jhmff\.m2\repository\org\codehaus\groovy\groovy-docgenerator\2.5.14\groovy-docgenerator-2.5.14.jar;C:\Users\jhmff\.m2\repository\com\thoughtworks\qdox\qdox\1.12.1\qdox-1.12.1.jar;C:\Users\jhmff\.m2\repository\org\codehaus\groovy\groovy-groovydoc\2.5.14\groovy-groovydoc-2.5.14.jar;C:\Users\jhmff\.m2\repository\org\codehaus\groovy\groovy-groovysh\2.5.14\groovy-groovysh-2.5.14.jar;C:\Users\jhmff\.m2\repository\jline\jline\2.14.6\jline-2.14.6.jar;C:\Users\jhmff\.m2\repository\org\codehaus\groovy\groovy-jmx\2.5.14\groovy-jmx-2.5.14.jar;C:\Users\jhmff\.m2\repository\org\codehaus\groovy\groovy-json\2.5.14\groovy-json-2.5.14.jar;C:\Users\jhmff\.m2\repository\org\codehaus\groovy\groovy-jsr223\2.5.14\groovy-jsr223-2.5.14.jar;C:\Users\jhmff\.m2\repository\org\codehaus\groovy\groovy-macro\2.5.14\groovy-macro-2.5.14.jar;C:\Users\jhmff\.m2\repository\org\codehaus\groovy\groovy-nio\2.5.14\groovy-nio-2.5.14.jar;C:\Users\jhmff\.m2\repository\org\codehaus\groovy\groovy-servlet\2.5.14\groovy-servlet-2.5.14.jar;C:\Users\jhmff\.m2\repository\org\codehaus\groovy\groovy-sql\2.5.14\groovy-sql-2.5.14.jar;C:\Users\jhmff\.m2\repository\org\codehaus\groovy\groovy-swing\2.5.14\groovy-swing-2.5.14.jar;C:\Users\jhmff\.m2\repository\org\codehaus\groovy\groovy-templates\2.5.14\groovy-templates-2.5.14.jar;C:\Users\jhmff\.m2\repository\org\codehaus\groovy\groovy-test\2.5.14\groovy-test-2.5.14.jar;C:\Users\jhmff\.m2\repository\org\codehaus\groovy\groovy-test-junit5\2.5.14\groovy-test-junit5-2.5.14.jar;C:\Users\jhmff\.m2\repository\org\junit\platform\junit-platform-launcher\1.7.1\junit-platform-launcher-1.7.1.jar;C:\Users\jhmff\.m2\repository\org\codehaus\groovy\groovy-testng\2.5.14\groovy-testng-2.5.14.jar;C:\Users\jhmff\.m2\repository\org\testng\testng\6.13.1\testng-6.13.1.jar;C:\Users\jhmff\.m2\repository\com\beust\jcommander\1.72\jcommander-1.72.jar;C:\Users\jhmff\.m2\repository\org\codehaus\groovy\groovy-xml\2.5.14\groovy-xml-2.5.14.jar;C:\Users\jhmff\.m2\repository\org\objenesis\objenesis\3.1\objenesis-3.1.jar;C:\Users\jhmff\.m2\repository\org\apache\commons\commons-compress\1.20\commons-compress-1.20.jar;C:\Users\jhmff\.m2\repository\com\google\guava\guava\30.1-jre\guava-30.1-jre.jar;C:\Users\jhmff\.m2\repository\com\google\guava\failureaccess\1.0.1\failureaccess-1.0.1.jar;C:\Users\jhmff\.m2\repository\com\google\guava\listenablefuture\9999.0-empty-to-avoid-conflict-with-guava\listenablefuture-9999.0-empty-to-avoid-conflict-with-guava.jar;C:\Users\jhmff\.m2\repository\com\google\code\findbugs\jsr305\3.0.2\jsr305-3.0.2.jar;C:\Users\jhmff\.m2\repository\com\google\errorprone\error_prone_annotations\2.3.4\error_prone_annotations-2.3.4.jar;C:\Users\jhmff\.m2\repository\com\google\j2objc\j2objc-annotations\1.3\j2objc-annotations-1.3.jar;C:\Users\jhmff\.m2\repository\junit\junit\3.8.1\junit-3.8.1.jar;"/>
    <property name="sun.cpu.endian" value="little"/>
    <property name="user.home" value="C:\Users\jhmff"/>
    <property name="user.language" value="pt"/>
    <property name="java.specification.vendor" value="Oracle Corporation"/>
    <property name="java.version.date" value="2020-07-14"/>
    <property name="java.home" value="C:\Program Files\Java\jdk-11.0.8"/>
    <property name="file.separator" value="\"/>
    <property name="basedir" value="C:\Users\jhmff\Desktop\IST\MEIC\2ano\2Semestre\Tutor\backend\tournament"/>
    <property name="java.vm.compressedOopsMode" value="Zero based"/>
    <property name="line.separator" value="&#10;"/>
    <property name="java.specification.name" value="Java Platform API Specification"/>
    <property name="java.vm.specification.vendor" value="Oracle Corporation"/>
    <property name="FILE_LOG_CHARSET" value="windows-1252"/>
    <property name="java.awt.graphicsenv" value="sun.awt.Win32GraphicsEnvironment"/>
    <property name="java.awt.headless" value="true"/>
    <property name="surefire.real.class.path" value="C:\Users\jhmff\AppData\Local\Temp\surefire16689871557345342521\surefirebooter2335428312181235420.jar"/>
    <property name="user.script" value=""/>
    <property name="sun.management.compiler" value="HotSpot 64-Bit Tiered Compilers"/>
    <property name="java.runtime.version" value="11.0.8+10-LTS"/>
    <property name="user.name" value="jhmff"/>
    <property name="path.separator" value=";"/>
    <property name="os.version" value="10.0"/>
    <property name="java.runtime.name" value="Java(TM) SE Runtime Environment"/>
    <property name="file.encoding" value="Cp1252"/>
    <property name="spring.beaninfo.ignore" value="true"/>
    <property name="java.vm.name" value="Java HotSpot(TM) 64-Bit Server VM"/>
    <property name="java.vendor.version" value="18.9"/>
    <property name="localRepository" value="C:\Users\jhmff\.m2\repository"/>
    <property name="java.vendor.url.bug" value="https://bugreport.java.com/bugreport/"/>
    <property name="java.io.tmpdir" value="C:\Users\jhmff\AppData\Local\Temp\"/>
    <property name="java.version" value="11.0.8"/>
    <property name="user.dir" value="C:\Users\jhmff\Desktop\IST\MEIC\2ano\2Semestre\Tutor\backend\tournament"/>
    <property name="os.arch" value="amd64"/>
    <property name="java.vm.specification.name" value="Java Virtual Machine Specification"/>
    <property name="PID" value="19160"/>
    <property name="java.awt.printerjob" value="sun.awt.windows.WPrinterJob"/>
    <property name="sun.os.patch.level" value=""/>
    <property name="CONSOLE_LOG_CHARSET" value="windows-1252"/>
    <property name="java.library.path" value="C:\Program Files\Java\jdk-11.0.8\bin;C:\WINDOWS\Sun\Java\bin;C:\WINDOWS\system32;C:\WINDOWS;C:\Users\jhmff\bin;C:\Program Files\Git\mingw64\bin;C:\Program Files\Git\usr\local\bin;C:\Program Files\Git\usr\bin;C:\Program Files\Git\usr\bin;C:\Program Files\Git\mingw64\bin;C:\Program Files\Git\usr\bin;C:\Users\jhmff\bin;C:\Program Files (x86)\apache-jmeter-5.3\bin;C:\Python38;C:\Program Files\Common Files\Oracle\Java\javapath;C:\Program Files (x86)\Common Files\Oracle\Java\javapath;C:\Program Files (x86)\Intel\iCLS Client;C:\Program Files\Intel\iCLS Client;C:\Windows\system32;C:\Windows;C:\Windows\System32\Wbem;C:\Windows\System32\WindowsPowerShell\v1.0;C:\Program Files (x86)\Intel\Intel(R) Management Engine Components\DAL;C:\Program Files\Intel\Intel(R) Management Engine Components\DAL;C:\Program Files (x86)\Intel\Intel(R) Management Engine Components\IPT;C:\Program Files\Intel\Intel(R) Management Engine Components\IPT;C:\Program Files\Intel\WiFi\bin;C:\Gradle\bin;C:\Program Files\Common Files\Intel\WirelessCommon;C:\WINDOWS\System32\Wbem;C:\WINDOWS\System32\WindowsPowerShell\v1.0;C:\Program Files (x86)\NVIDIA Corporation\PhysX\Common;C:\MinGW\bin;C:\WINDOWS\System32\OpenSSH;C:\Program Files\Java\jdk1.8.0_202\bin;C:\Program Files\Java\jre1.8.0_202\bin;C:\ProgramData\chocolatey\bin;C:\Program Files\NVIDIA Corporation\NVIDIA NvDLISR;C:\Program Files\apache-maven-3.6.3\bin;C:\Program Files\Git\usr\bin;C:\Program Files\Git\cmd;C:\Users\jhmff\eclipse\java-2018-12\eclipse;C:\Program Files\apache-maven-3.6.3;C:\Program Files\MySQL\MySQL Server 5.7\bin;C:\WINDOWS\system32;C:\WINDOWS;C:\WINDOWS\System32\Wbem;C:\WINDOWS\System32\WindowsPowerShell\v1.0;C:\WINDOWS\System32\OpenSSH;C:\exiftool;C:\Program Files\Symfony;C:\xampp\php;C:\composer;C:\Program Files\dotnet;C:\Program Files\PuTTY;C:\Program Files\Microsoft SQL Server\Client SDK\ODBC\130\Tools\Binn;C:\Program Files (x86)\Microsoft SQL Server\140\Tools\Binn;C:\Program Files\Microsoft SQL Server\140\Tools\Binn;C:\Program Files\Microsoft SQL Server\140\DTS\Binn;C:\Program Files\Microsoft SQL Server\130\Tools\Binn;C:\Program Files\Microsoft SQL Server\Client SDK\ODBC\170\Tools\Binn;C:\Program Files\PostgreSQL\12\bin;C:\Program Files\nodejs;C:\Program Files (x86)\dotnet;C:\Program Files\Graphviz\bin;C:\Program Files\MySQL\MySQL Shell 8.0\bin;C:\Users\jhmff\AppData\Local\Programs\Python\Python37-32\Scripts;C:\Users\jhmff\AppData\Local\Programs\Python\Python37-32;C:\Users\jhmff\AppData\Local\Microsoft\WindowsApps;C:\Program Files\Microsoft VS Code\bin;C:\Program Files\Oracle\VirtualBox;C ;C:\Program Files\Git\Program Files\Git\bin;C ;C:\Program Files\Git\Program Files\Git\usr\bin&quot;;C:\Python3;C:\Python36\Scripts&quot;;C:\Program Files\JetBrains\IntelliJ IDEA 2019.3.3\bin;C:\Program Files\Docker Toolbox;C:\Program Files\JetBrains\PhpStorm 2019.2.3\bin;C:\Users\jhmff\AppData\Roaming\Composer\vendor\bin;C:\Users\jhmff\AppData\Local\Programs\Microsoft VS Code\bin;C:\Program Files\JetBrains\WebStorm 2020.2\bin;C:\Users\jhmff\AppData\Local\Microsoft\WindowsApps;C:\Users\jhmff\.dotnet\tools;C:\Users\jhmff\AppData\Roaming\npm;C:\Gradle\bin;C:\Users\jhmff\AppData\Local\GitHubDesktop\bin;C:\Program Files\Git\usr\bin\vendor_perl;C:\Program Files\Git\usr\bin\core_perl;."/>
    <property name="java.vendor" value="Oracle Corporation"/>
    <property name="java.vm.info" value="mixed mode"/>
    <property name="java.vm.version" value="11.0.8+10-LTS"/>
    <property name="sun.io.unicode.encoding" value="UnicodeLittle"/>
    <property name="java.class.version" value="55.0"/>
  </properties>
  <testcase name="user that created tournament cancels it" classname="pt.ulisboa.tecnico.socialsoftware.tournament.tournament.service.CancelTournamentTest" time="1.089">
    <system-out><![CDATA[00:29:33.912 [main] DEBUG org.springframework.test.annotation.ProfileValueUtils - Retrieved @ProfileValueSourceConfiguration [null] for test class [pt.ulisboa.tecnico.socialsoftware.tournament.tournament.service.CancelTournamentTest]
00:29:33.928 [main] DEBUG org.springframework.test.annotation.ProfileValueUtils - Retrieved ProfileValueSource type [class org.springframework.test.annotation.SystemProfileValueSource] for class [pt.ulisboa.tecnico.socialsoftware.tournament.tournament.service.CancelTournamentTest]
00:29:33.929 [main] DEBUG org.springframework.test.annotation.ProfileValueUtils - Retrieved @ProfileValueSourceConfiguration [null] for test class [pt.ulisboa.tecnico.socialsoftware.tournament.tournament.service.CancelTournamentTest]
00:29:33.929 [main] DEBUG org.springframework.test.annotation.ProfileValueUtils - Retrieved ProfileValueSource type [class org.springframework.test.annotation.SystemProfileValueSource] for class [pt.ulisboa.tecnico.socialsoftware.tournament.tournament.service.CancelTournamentTest]
00:29:33.938 [main] DEBUG org.springframework.test.annotation.ProfileValueUtils - Retrieved @ProfileValueSourceConfiguration [null] for test class [pt.ulisboa.tecnico.socialsoftware.tournament.tournament.service.CancelTournamentTest]
00:29:33.938 [main] DEBUG org.springframework.test.annotation.ProfileValueUtils - Retrieved ProfileValueSource type [class org.springframework.test.annotation.SystemProfileValueSource] for class [pt.ulisboa.tecnico.socialsoftware.tournament.tournament.service.CancelTournamentTest]
00:29:33.939 [main] DEBUG org.springframework.test.annotation.ProfileValueUtils - Retrieved @ProfileValueSourceConfiguration [null] for test class [pt.ulisboa.tecnico.socialsoftware.tournament.tournament.service.CancelTournamentTest]
00:29:33.939 [main] DEBUG org.springframework.test.annotation.ProfileValueUtils - Retrieved ProfileValueSource type [class org.springframework.test.annotation.SystemProfileValueSource] for class [pt.ulisboa.tecnico.socialsoftware.tournament.tournament.service.CancelTournamentTest]
00:29:33.940 [main] DEBUG org.springframework.test.annotation.ProfileValueUtils - Retrieved @ProfileValueSourceConfiguration [null] for test class [pt.ulisboa.tecnico.socialsoftware.tournament.tournament.service.CancelTournamentTest]
00:29:33.940 [main] DEBUG org.springframework.test.annotation.ProfileValueUtils - Retrieved ProfileValueSource type [class org.springframework.test.annotation.SystemProfileValueSource] for class [pt.ulisboa.tecnico.socialsoftware.tournament.tournament.service.CancelTournamentTest]
00:29:33.957 [main] DEBUG org.springframework.test.context.BootstrapUtils - Instantiating CacheAwareContextLoaderDelegate from class [org.springframework.test.context.cache.DefaultCacheAwareContextLoaderDelegate]
00:29:33.994 [main] DEBUG org.springframework.test.context.BootstrapUtils - Instantiating BootstrapContext using constructor [public org.springframework.test.context.support.DefaultBootstrapContext(java.lang.Class,org.springframework.test.context.CacheAwareContextLoaderDelegate)]
00:29:34.026 [main] DEBUG org.springframework.test.context.BootstrapUtils - Instantiating TestContextBootstrapper for test class [pt.ulisboa.tecnico.socialsoftware.tournament.tournament.service.CancelTournamentTest] from class [org.springframework.boot.test.autoconfigure.orm.jpa.DataJpaTestContextBootstrapper]
00:29:34.072 [main] INFO org.springframework.boot.test.autoconfigure.orm.jpa.DataJpaTestContextBootstrapper - Neither @ContextConfiguration nor @ContextHierarchy found for test class [pt.ulisboa.tecnico.socialsoftware.tournament.tournament.service.CancelTournamentTest], using SpringBootContextLoader
00:29:34.115 [main] DEBUG org.springframework.test.context.support.AbstractContextLoader - Did not detect default resource location for test class [pt.ulisboa.tecnico.socialsoftware.tournament.tournament.service.CancelTournamentTest]: class path resource [pt/ulisboa/tecnico/socialsoftware/tournament/tournament/service/CancelTournamentTest-context.xml] does not exist
00:29:34.117 [main] DEBUG org.springframework.test.context.support.AbstractContextLoader - Did not detect default resource location for test class [pt.ulisboa.tecnico.socialsoftware.tournament.tournament.service.CancelTournamentTest]: class path resource [pt/ulisboa/tecnico/socialsoftware/tournament/tournament/service/CancelTournamentTestContext.groovy] does not exist
00:29:34.118 [main] INFO org.springframework.test.context.support.AbstractContextLoader - Could not detect default resource locations for test class [pt.ulisboa.tecnico.socialsoftware.tournament.tournament.service.CancelTournamentTest]: no resource found for suffixes {-context.xml, Context.groovy}.
00:29:34.538 [main] DEBUG org.springframework.test.context.support.ActiveProfilesUtils - Could not find an 'annotation declaring class' for annotation type [org.springframework.test.context.ActiveProfiles] and class [pt.ulisboa.tecnico.socialsoftware.tournament.tournament.service.CancelTournamentTest]
00:29:34.944 [main] DEBUG org.springframework.context.annotation.ClassPathScanningCandidateComponentProvider - Identified candidate component class: file [C:\Users\jhmff\Desktop\IST\MEIC\2ano\2Semestre\Tutor\backend\tournament\target\classes\pt\ulisboa\tecnico\socialsoftware\tournament\TournamentTestApplication.class]
00:29:34.946 [main] INFO org.springframework.boot.test.context.SpringBootTestContextBootstrapper - Found @SpringBootConfiguration pt.ulisboa.tecnico.socialsoftware.tournament.TournamentTestApplication for test class pt.ulisboa.tecnico.socialsoftware.tournament.tournament.service.CancelTournamentTest
00:29:34.957 [main] DEBUG org.springframework.boot.test.autoconfigure.orm.jpa.DataJpaTestContextBootstrapper - @TestExecutionListeners is not present for class [pt.ulisboa.tecnico.socialsoftware.tournament.tournament.service.CancelTournamentTest]: using defaults.
00:29:34.957 [main] INFO org.springframework.boot.test.autoconfigure.orm.jpa.DataJpaTestContextBootstrapper - Loaded default TestExecutionListener class names from location [META-INF/spring.factories]: [org.springframework.boot.test.mock.mockito.MockitoTestExecutionListener, org.springframework.boot.test.mock.mockito.ResetMocksTestExecutionListener, org.springframework.boot.test.autoconfigure.restdocs.RestDocsTestExecutionListener, org.springframework.boot.test.autoconfigure.web.client.MockRestServiceServerResetTestExecutionListener, org.springframework.boot.test.autoconfigure.web.servlet.MockMvcPrintOnlyOnFailureTestExecutionListener, org.springframework.boot.test.autoconfigure.web.servlet.WebDriverTestExecutionListener, org.springframework.boot.test.autoconfigure.webservices.client.MockWebServiceServerTestExecutionListener, org.springframework.test.context.web.ServletTestExecutionListener, org.springframework.test.context.support.DirtiesContextBeforeModesTestExecutionListener, org.springframework.test.context.event.ApplicationEventsTestExecutionListener, org.springframework.test.context.support.DependencyInjectionTestExecutionListener, org.springframework.test.context.support.DirtiesContextTestExecutionListener, org.springframework.test.context.transaction.TransactionalTestExecutionListener, org.springframework.test.context.jdbc.SqlScriptsTestExecutionListener, org.springframework.test.context.event.EventPublishingTestExecutionListener, org.springframework.security.test.context.support.WithSecurityContextTestExecutionListener, org.springframework.security.test.context.support.ReactorContextTestExecutionListener, org.spockframework.spring.SpringMockTestExecutionListener]
00:29:35.058 [main] INFO org.springframework.boot.test.autoconfigure.orm.jpa.DataJpaTestContextBootstrapper - Using TestExecutionListeners: [org.springframework.test.context.web.ServletTestExecutionListener@7323c38c, org.springframework.test.context.support.DirtiesContextBeforeModesTestExecutionListener@2c02a007, org.springframework.test.context.event.ApplicationEventsTestExecutionListener@63a72cc6, org.springframework.boot.test.mock.mockito.MockitoTestExecutionListener@61bd0845, org.springframework.boot.test.autoconfigure.SpringBootDependencyInjectionTestExecutionListener@cef885d, org.springframework.test.context.support.DirtiesContextTestExecutionListener@35d4035f, org.springframework.test.context.transaction.TransactionalTestExecutionListener@6f4fc83f, org.springframework.test.context.jdbc.SqlScriptsTestExecutionListener@66b90ab3, org.springframework.test.context.event.EventPublishingTestExecutionListener@16e4db59, org.springframework.security.test.context.support.WithSecurityContextTestExecutionListener@33fec21, org.springframework.security.test.context.support.ReactorContextTestExecutionListener@12a0d249, org.springframework.boot.test.mock.mockito.ResetMocksTestExecutionListener@3c62be3c, org.springframework.boot.test.autoconfigure.restdocs.RestDocsTestExecutionListener@c6c84fa, org.springframework.boot.test.autoconfigure.web.client.MockRestServiceServerResetTestExecutionListener@70ce2fb2, org.springframework.boot.test.autoconfigure.web.servlet.MockMvcPrintOnlyOnFailureTestExecutionListener@64688978, org.springframework.boot.test.autoconfigure.web.servlet.WebDriverTestExecutionListener@4d525897, org.springframework.boot.test.autoconfigure.webservices.client.MockWebServiceServerTestExecutionListener@25f14e93, org.spockframework.spring.SpringMockTestExecutionListener@24435620]
00:29:35.104 [main] DEBUG org.springframework.test.annotation.ProfileValueUtils - Retrieved @ProfileValueSourceConfiguration [null] for test class [pt.ulisboa.tecnico.socialsoftware.tournament.tournament.service.CreateTournamentTest]
00:29:35.104 [main] DEBUG org.springframework.test.annotation.ProfileValueUtils - Retrieved ProfileValueSource type [class org.springframework.test.annotation.SystemProfileValueSource] for class [pt.ulisboa.tecnico.socialsoftware.tournament.tournament.service.CreateTournamentTest]
00:29:35.105 [main] DEBUG org.springframework.test.annotation.ProfileValueUtils - Retrieved @ProfileValueSourceConfiguration [null] for test class [pt.ulisboa.tecnico.socialsoftware.tournament.tournament.service.CreateTournamentTest]
00:29:35.105 [main] DEBUG org.springframework.test.annotation.ProfileValueUtils - Retrieved ProfileValueSource type [class org.springframework.test.annotation.SystemProfileValueSource] for class [pt.ulisboa.tecnico.socialsoftware.tournament.tournament.service.CreateTournamentTest]
00:29:35.105 [main] DEBUG org.springframework.test.annotation.ProfileValueUtils - Retrieved @ProfileValueSourceConfiguration [null] for test class [pt.ulisboa.tecnico.socialsoftware.tournament.tournament.service.CreateTournamentTest]
00:29:35.106 [main] DEBUG org.springframework.test.annotation.ProfileValueUtils - Retrieved ProfileValueSource type [class org.springframework.test.annotation.SystemProfileValueSource] for class [pt.ulisboa.tecnico.socialsoftware.tournament.tournament.service.CreateTournamentTest]
00:29:35.106 [main] DEBUG org.springframework.test.annotation.ProfileValueUtils - Retrieved @ProfileValueSourceConfiguration [null] for test class [pt.ulisboa.tecnico.socialsoftware.tournament.tournament.service.CreateTournamentTest]
00:29:35.106 [main] DEBUG org.springframework.test.annotation.ProfileValueUtils - Retrieved ProfileValueSource type [class org.springframework.test.annotation.SystemProfileValueSource] for class [pt.ulisboa.tecnico.socialsoftware.tournament.tournament.service.CreateTournamentTest]
00:29:35.106 [main] DEBUG org.springframework.test.annotation.ProfileValueUtils - Retrieved @ProfileValueSourceConfiguration [null] for test class [pt.ulisboa.tecnico.socialsoftware.tournament.tournament.service.CreateTournamentTest]
00:29:35.106 [main] DEBUG org.springframework.test.annotation.ProfileValueUtils - Retrieved ProfileValueSource type [class org.springframework.test.annotation.SystemProfileValueSource] for class [pt.ulisboa.tecnico.socialsoftware.tournament.tournament.service.CreateTournamentTest]
00:29:35.107 [main] DEBUG org.springframework.test.context.BootstrapUtils - Instantiating CacheAwareContextLoaderDelegate from class [org.springframework.test.context.cache.DefaultCacheAwareContextLoaderDelegate]
00:29:35.107 [main] DEBUG org.springframework.test.context.BootstrapUtils - Instantiating BootstrapContext using constructor [public org.springframework.test.context.support.DefaultBootstrapContext(java.lang.Class,org.springframework.test.context.CacheAwareContextLoaderDelegate)]
00:29:35.109 [main] DEBUG org.springframework.test.context.BootstrapUtils - Instantiating TestContextBootstrapper for test class [pt.ulisboa.tecnico.socialsoftware.tournament.tournament.service.CreateTournamentTest] from class [org.springframework.boot.test.autoconfigure.orm.jpa.DataJpaTestContextBootstrapper]
00:29:35.111 [main] INFO org.springframework.boot.test.autoconfigure.orm.jpa.DataJpaTestContextBootstrapper - Neither @ContextConfiguration nor @ContextHierarchy found for test class [pt.ulisboa.tecnico.socialsoftware.tournament.tournament.service.CreateTournamentTest], using SpringBootContextLoader
00:29:35.113 [main] DEBUG org.springframework.test.context.support.AbstractContextLoader - Did not detect default resource location for test class [pt.ulisboa.tecnico.socialsoftware.tournament.tournament.service.CreateTournamentTest]: class path resource [pt/ulisboa/tecnico/socialsoftware/tournament/tournament/service/CreateTournamentTest-context.xml] does not exist
00:29:35.115 [main] DEBUG org.springframework.test.context.support.AbstractContextLoader - Did not detect default resource location for test class [pt.ulisboa.tecnico.socialsoftware.tournament.tournament.service.CreateTournamentTest]: class path resource [pt/ulisboa/tecnico/socialsoftware/tournament/tournament/service/CreateTournamentTestContext.groovy] does not exist
00:29:35.115 [main] INFO org.springframework.test.context.support.AbstractContextLoader - Could not detect default resource locations for test class [pt.ulisboa.tecnico.socialsoftware.tournament.tournament.service.CreateTournamentTest]: no resource found for suffixes {-context.xml, Context.groovy}.
00:29:35.133 [main] DEBUG org.springframework.test.context.support.ActiveProfilesUtils - Could not find an 'annotation declaring class' for annotation type [org.springframework.test.context.ActiveProfiles] and class [pt.ulisboa.tecnico.socialsoftware.tournament.tournament.service.CreateTournamentTest]
00:29:35.135 [main] INFO org.springframework.boot.test.context.SpringBootTestContextBootstrapper - Found @SpringBootConfiguration pt.ulisboa.tecnico.socialsoftware.tournament.TournamentTestApplication for test class pt.ulisboa.tecnico.socialsoftware.tournament.tournament.service.CreateTournamentTest
00:29:35.138 [main] DEBUG org.springframework.boot.test.autoconfigure.orm.jpa.DataJpaTestContextBootstrapper - @TestExecutionListeners is not present for class [pt.ulisboa.tecnico.socialsoftware.tournament.tournament.service.CreateTournamentTest]: using defaults.
00:29:35.138 [main] INFO org.springframework.boot.test.autoconfigure.orm.jpa.DataJpaTestContextBootstrapper - Loaded default TestExecutionListener class names from location [META-INF/spring.factories]: [org.springframework.boot.test.mock.mockito.MockitoTestExecutionListener, org.springframework.boot.test.mock.mockito.ResetMocksTestExecutionListener, org.springframework.boot.test.autoconfigure.restdocs.RestDocsTestExecutionListener, org.springframework.boot.test.autoconfigure.web.client.MockRestServiceServerResetTestExecutionListener, org.springframework.boot.test.autoconfigure.web.servlet.MockMvcPrintOnlyOnFailureTestExecutionListener, org.springframework.boot.test.autoconfigure.web.servlet.WebDriverTestExecutionListener, org.springframework.boot.test.autoconfigure.webservices.client.MockWebServiceServerTestExecutionListener, org.springframework.test.context.web.ServletTestExecutionListener, org.springframework.test.context.support.DirtiesContextBeforeModesTestExecutionListener, org.springframework.test.context.event.ApplicationEventsTestExecutionListener, org.springframework.test.context.support.DependencyInjectionTestExecutionListener, org.springframework.test.context.support.DirtiesContextTestExecutionListener, org.springframework.test.context.transaction.TransactionalTestExecutionListener, org.springframework.test.context.jdbc.SqlScriptsTestExecutionListener, org.springframework.test.context.event.EventPublishingTestExecutionListener, org.springframework.security.test.context.support.WithSecurityContextTestExecutionListener, org.springframework.security.test.context.support.ReactorContextTestExecutionListener, org.spockframework.spring.SpringMockTestExecutionListener]
00:29:35.141 [main] INFO org.springframework.boot.test.autoconfigure.orm.jpa.DataJpaTestContextBootstrapper - Using TestExecutionListeners: [org.springframework.test.context.web.ServletTestExecutionListener@1c459c28, org.springframework.test.context.support.DirtiesContextBeforeModesTestExecutionListener@6ffdbeef, org.springframework.test.context.event.ApplicationEventsTestExecutionListener@4a3509b0, org.springframework.boot.test.mock.mockito.MockitoTestExecutionListener@3d7314b3, org.springframework.boot.test.autoconfigure.SpringBootDependencyInjectionTestExecutionListener@d677be9, org.springframework.test.context.support.DirtiesContextTestExecutionListener@fefb66c, org.springframework.test.context.transaction.TransactionalTestExecutionListener@6d7556a8, org.springframework.test.context.jdbc.SqlScriptsTestExecutionListener@48860139, org.springframework.test.context.event.EventPublishingTestExecutionListener@7e0883f3, org.springframework.security.test.context.support.WithSecurityContextTestExecutionListener@ca60688, org.springframework.security.test.context.support.ReactorContextTestExecutionListener@4ba1c1a2, org.springframework.boot.test.mock.mockito.ResetMocksTestExecutionListener@33568e26, org.springframework.boot.test.autoconfigure.restdocs.RestDocsTestExecutionListener@97b84a4, org.springframework.boot.test.autoconfigure.web.client.MockRestServiceServerResetTestExecutionListener@35555145, org.springframework.boot.test.autoconfigure.web.servlet.MockMvcPrintOnlyOnFailureTestExecutionListener@70bc3a9c, org.springframework.boot.test.autoconfigure.web.servlet.WebDriverTestExecutionListener@771cbd13, org.springframework.boot.test.autoconfigure.webservices.client.MockWebServiceServerTestExecutionListener@229749f0, org.spockframework.spring.SpringMockTestExecutionListener@3d57fb9e]
00:29:35.165 [main] DEBUG org.springframework.test.annotation.ProfileValueUtils - Retrieved @ProfileValueSourceConfiguration [null] for test class [pt.ulisboa.tecnico.socialsoftware.tournament.tournament.service.GetClosedTournamentsTest]
00:29:35.165 [main] DEBUG org.springframework.test.annotation.ProfileValueUtils - Retrieved ProfileValueSource type [class org.springframework.test.annotation.SystemProfileValueSource] for class [pt.ulisboa.tecnico.socialsoftware.tournament.tournament.service.GetClosedTournamentsTest]
00:29:35.165 [main] DEBUG org.springframework.test.annotation.ProfileValueUtils - Retrieved @ProfileValueSourceConfiguration [null] for test class [pt.ulisboa.tecnico.socialsoftware.tournament.tournament.service.GetClosedTournamentsTest]
00:29:35.165 [main] DEBUG org.springframework.test.annotation.ProfileValueUtils - Retrieved ProfileValueSource type [class org.springframework.test.annotation.SystemProfileValueSource] for class [pt.ulisboa.tecnico.socialsoftware.tournament.tournament.service.GetClosedTournamentsTest]
00:29:35.166 [main] DEBUG org.springframework.test.annotation.ProfileValueUtils - Retrieved @ProfileValueSourceConfiguration [null] for test class [pt.ulisboa.tecnico.socialsoftware.tournament.tournament.service.GetClosedTournamentsTest]
00:29:35.166 [main] DEBUG org.springframework.test.annotation.ProfileValueUtils - Retrieved ProfileValueSource type [class org.springframework.test.annotation.SystemProfileValueSource] for class [pt.ulisboa.tecnico.socialsoftware.tournament.tournament.service.GetClosedTournamentsTest]
00:29:35.166 [main] DEBUG org.springframework.test.annotation.ProfileValueUtils - Retrieved @ProfileValueSourceConfiguration [null] for test class [pt.ulisboa.tecnico.socialsoftware.tournament.tournament.service.GetClosedTournamentsTest]
00:29:35.167 [main] DEBUG org.springframework.test.annotation.ProfileValueUtils - Retrieved ProfileValueSource type [class org.springframework.test.annotation.SystemProfileValueSource] for class [pt.ulisboa.tecnico.socialsoftware.tournament.tournament.service.GetClosedTournamentsTest]
00:29:35.167 [main] DEBUG org.springframework.test.annotation.ProfileValueUtils - Retrieved @ProfileValueSourceConfiguration [null] for test class [pt.ulisboa.tecnico.socialsoftware.tournament.tournament.service.GetClosedTournamentsTest]
00:29:35.168 [main] DEBUG org.springframework.test.annotation.ProfileValueUtils - Retrieved ProfileValueSource type [class org.springframework.test.annotation.SystemProfileValueSource] for class [pt.ulisboa.tecnico.socialsoftware.tournament.tournament.service.GetClosedTournamentsTest]
00:29:35.168 [main] DEBUG org.springframework.test.annotation.ProfileValueUtils - Retrieved @ProfileValueSourceConfiguration [null] for test class [pt.ulisboa.tecnico.socialsoftware.tournament.tournament.service.GetClosedTournamentsTest]
00:29:35.169 [main] DEBUG org.springframework.test.annotation.ProfileValueUtils - Retrieved ProfileValueSource type [class org.springframework.test.annotation.SystemProfileValueSource] for class [pt.ulisboa.tecnico.socialsoftware.tournament.tournament.service.GetClosedTournamentsTest]
00:29:35.169 [main] DEBUG org.springframework.test.annotation.ProfileValueUtils - Retrieved @ProfileValueSourceConfiguration [null] for test class [pt.ulisboa.tecnico.socialsoftware.tournament.tournament.service.GetClosedTournamentsTest]
00:29:35.170 [main] DEBUG org.springframework.test.annotation.ProfileValueUtils - Retrieved ProfileValueSource type [class org.springframework.test.annotation.SystemProfileValueSource] for class [pt.ulisboa.tecnico.socialsoftware.tournament.tournament.service.GetClosedTournamentsTest]
00:29:35.170 [main] DEBUG org.springframework.test.context.BootstrapUtils - Instantiating CacheAwareContextLoaderDelegate from class [org.springframework.test.context.cache.DefaultCacheAwareContextLoaderDelegate]
00:29:35.170 [main] DEBUG org.springframework.test.context.BootstrapUtils - Instantiating BootstrapContext using constructor [public org.springframework.test.context.support.DefaultBootstrapContext(java.lang.Class,org.springframework.test.context.CacheAwareContextLoaderDelegate)]
00:29:35.172 [main] DEBUG org.springframework.test.context.BootstrapUtils - Instantiating TestContextBootstrapper for test class [pt.ulisboa.tecnico.socialsoftware.tournament.tournament.service.GetClosedTournamentsTest] from class [org.springframework.boot.test.autoconfigure.orm.jpa.DataJpaTestContextBootstrapper]
00:29:35.174 [main] INFO org.springframework.boot.test.autoconfigure.orm.jpa.DataJpaTestContextBootstrapper - Neither @ContextConfiguration nor @ContextHierarchy found for test class [pt.ulisboa.tecnico.socialsoftware.tournament.tournament.service.GetClosedTournamentsTest], using SpringBootContextLoader
00:29:35.178 [main] DEBUG org.springframework.test.context.support.AbstractContextLoader - Did not detect default resource location for test class [pt.ulisboa.tecnico.socialsoftware.tournament.tournament.service.GetClosedTournamentsTest]: class path resource [pt/ulisboa/tecnico/socialsoftware/tournament/tournament/service/GetClosedTournamentsTest-context.xml] does not exist
00:29:35.181 [main] DEBUG org.springframework.test.context.support.AbstractContextLoader - Did not detect default resource location for test class [pt.ulisboa.tecnico.socialsoftware.tournament.tournament.service.GetClosedTournamentsTest]: class path resource [pt/ulisboa/tecnico/socialsoftware/tournament/tournament/service/GetClosedTournamentsTestContext.groovy] does not exist
00:29:35.181 [main] INFO org.springframework.test.context.support.AbstractContextLoader - Could not detect default resource locations for test class [pt.ulisboa.tecnico.socialsoftware.tournament.tournament.service.GetClosedTournamentsTest]: no resource found for suffixes {-context.xml, Context.groovy}.
00:29:35.199 [main] DEBUG org.springframework.test.context.support.ActiveProfilesUtils - Could not find an 'annotation declaring class' for annotation type [org.springframework.test.context.ActiveProfiles] and class [pt.ulisboa.tecnico.socialsoftware.tournament.tournament.service.GetClosedTournamentsTest]
00:29:35.200 [main] INFO org.springframework.boot.test.context.SpringBootTestContextBootstrapper - Found @SpringBootConfiguration pt.ulisboa.tecnico.socialsoftware.tournament.TournamentTestApplication for test class pt.ulisboa.tecnico.socialsoftware.tournament.tournament.service.GetClosedTournamentsTest
00:29:35.206 [main] DEBUG org.springframework.boot.test.autoconfigure.orm.jpa.DataJpaTestContextBootstrapper - @TestExecutionListeners is not present for class [pt.ulisboa.tecnico.socialsoftware.tournament.tournament.service.GetClosedTournamentsTest]: using defaults.
00:29:35.206 [main] INFO org.springframework.boot.test.autoconfigure.orm.jpa.DataJpaTestContextBootstrapper - Loaded default TestExecutionListener class names from location [META-INF/spring.factories]: [org.springframework.boot.test.mock.mockito.MockitoTestExecutionListener, org.springframework.boot.test.mock.mockito.ResetMocksTestExecutionListener, org.springframework.boot.test.autoconfigure.restdocs.RestDocsTestExecutionListener, org.springframework.boot.test.autoconfigure.web.client.MockRestServiceServerResetTestExecutionListener, org.springframework.boot.test.autoconfigure.web.servlet.MockMvcPrintOnlyOnFailureTestExecutionListener, org.springframework.boot.test.autoconfigure.web.servlet.WebDriverTestExecutionListener, org.springframework.boot.test.autoconfigure.webservices.client.MockWebServiceServerTestExecutionListener, org.springframework.test.context.web.ServletTestExecutionListener, org.springframework.test.context.support.DirtiesContextBeforeModesTestExecutionListener, org.springframework.test.context.event.ApplicationEventsTestExecutionListener, org.springframework.test.context.support.DependencyInjectionTestExecutionListener, org.springframework.test.context.support.DirtiesContextTestExecutionListener, org.springframework.test.context.transaction.TransactionalTestExecutionListener, org.springframework.test.context.jdbc.SqlScriptsTestExecutionListener, org.springframework.test.context.event.EventPublishingTestExecutionListener, org.springframework.security.test.context.support.WithSecurityContextTestExecutionListener, org.springframework.security.test.context.support.ReactorContextTestExecutionListener, org.spockframework.spring.SpringMockTestExecutionListener]
00:29:35.211 [main] INFO org.springframework.boot.test.autoconfigure.orm.jpa.DataJpaTestContextBootstrapper - Using TestExecutionListeners: [org.springframework.test.context.web.ServletTestExecutionListener@5ac646b3, org.springframework.test.context.support.DirtiesContextBeforeModesTestExecutionListener@24b38e8f, org.springframework.test.context.event.ApplicationEventsTestExecutionListener@5cf072ea, org.springframework.boot.test.mock.mockito.MockitoTestExecutionListener@1edac3b4, org.springframework.boot.test.autoconfigure.SpringBootDependencyInjectionTestExecutionListener@7641ed02, org.springframework.test.context.support.DirtiesContextTestExecutionListener@4ebed2b3, org.springframework.test.context.transaction.TransactionalTestExecutionListener@11069eac, org.springframework.test.context.jdbc.SqlScriptsTestExecutionListener@5909285b, org.springframework.test.context.event.EventPublishingTestExecutionListener@2059f785, org.springframework.security.test.context.support.WithSecurityContextTestExecutionListener@18ca9277, org.springframework.security.test.context.support.ReactorContextTestExecutionListener@3d9c8c3c, org.springframework.boot.test.mock.mockito.ResetMocksTestExecutionListener@2dc73024, org.springframework.boot.test.autoconfigure.restdocs.RestDocsTestExecutionListener@42cd0fc6, org.springframework.boot.test.autoconfigure.web.client.MockRestServiceServerResetTestExecutionListener@e5864c2, org.springframework.boot.test.autoconfigure.web.servlet.MockMvcPrintOnlyOnFailureTestExecutionListener@577cf459, org.springframework.boot.test.autoconfigure.web.servlet.WebDriverTestExecutionListener@432eb882, org.springframework.boot.test.autoconfigure.webservices.client.MockWebServiceServerTestExecutionListener@69372c1e, org.spockframework.spring.SpringMockTestExecutionListener@24842b8e]
00:29:35.229 [main] DEBUG org.springframework.test.annotation.ProfileValueUtils - Retrieved @ProfileValueSourceConfiguration [null] for test class [pt.ulisboa.tecnico.socialsoftware.tournament.tournament.service.GetOpenTournamentsTest]
00:29:35.230 [main] DEBUG org.springframework.test.annotation.ProfileValueUtils - Retrieved ProfileValueSource type [class org.springframework.test.annotation.SystemProfileValueSource] for class [pt.ulisboa.tecnico.socialsoftware.tournament.tournament.service.GetOpenTournamentsTest]
00:29:35.230 [main] DEBUG org.springframework.test.annotation.ProfileValueUtils - Retrieved @ProfileValueSourceConfiguration [null] for test class [pt.ulisboa.tecnico.socialsoftware.tournament.tournament.service.GetOpenTournamentsTest]
00:29:35.230 [main] DEBUG org.springframework.test.annotation.ProfileValueUtils - Retrieved ProfileValueSource type [class org.springframework.test.annotation.SystemProfileValueSource] for class [pt.ulisboa.tecnico.socialsoftware.tournament.tournament.service.GetOpenTournamentsTest]
00:29:35.230 [main] DEBUG org.springframework.test.annotation.ProfileValueUtils - Retrieved @ProfileValueSourceConfiguration [null] for test class [pt.ulisboa.tecnico.socialsoftware.tournament.tournament.service.GetOpenTournamentsTest]
00:29:35.231 [main] DEBUG org.springframework.test.annotation.ProfileValueUtils - Retrieved ProfileValueSource type [class org.springframework.test.annotation.SystemProfileValueSource] for class [pt.ulisboa.tecnico.socialsoftware.tournament.tournament.service.GetOpenTournamentsTest]
00:29:35.231 [main] DEBUG org.springframework.test.annotation.ProfileValueUtils - Retrieved @ProfileValueSourceConfiguration [null] for test class [pt.ulisboa.tecnico.socialsoftware.tournament.tournament.service.GetOpenTournamentsTest]
00:29:35.231 [main] DEBUG org.springframework.test.annotation.ProfileValueUtils - Retrieved ProfileValueSource type [class org.springframework.test.annotation.SystemProfileValueSource] for class [pt.ulisboa.tecnico.socialsoftware.tournament.tournament.service.GetOpenTournamentsTest]
00:29:35.232 [main] DEBUG org.springframework.test.annotation.ProfileValueUtils - Retrieved @ProfileValueSourceConfiguration [null] for test class [pt.ulisboa.tecnico.socialsoftware.tournament.tournament.service.GetOpenTournamentsTest]
00:29:35.232 [main] DEBUG org.springframework.test.annotation.ProfileValueUtils - Retrieved ProfileValueSource type [class org.springframework.test.annotation.SystemProfileValueSource] for class [pt.ulisboa.tecnico.socialsoftware.tournament.tournament.service.GetOpenTournamentsTest]
00:29:35.233 [main] DEBUG org.springframework.test.annotation.ProfileValueUtils - Retrieved @ProfileValueSourceConfiguration [null] for test class [pt.ulisboa.tecnico.socialsoftware.tournament.tournament.service.GetOpenTournamentsTest]
00:29:35.233 [main] DEBUG org.springframework.test.annotation.ProfileValueUtils - Retrieved ProfileValueSource type [class org.springframework.test.annotation.SystemProfileValueSource] for class [pt.ulisboa.tecnico.socialsoftware.tournament.tournament.service.GetOpenTournamentsTest]
00:29:35.234 [main] DEBUG org.springframework.test.annotation.ProfileValueUtils - Retrieved @ProfileValueSourceConfiguration [null] for test class [pt.ulisboa.tecnico.socialsoftware.tournament.tournament.service.GetOpenTournamentsTest]
00:29:35.234 [main] DEBUG org.springframework.test.annotation.ProfileValueUtils - Retrieved ProfileValueSource type [class org.springframework.test.annotation.SystemProfileValueSource] for class [pt.ulisboa.tecnico.socialsoftware.tournament.tournament.service.GetOpenTournamentsTest]
00:29:35.235 [main] DEBUG org.springframework.test.context.BootstrapUtils - Instantiating CacheAwareContextLoaderDelegate from class [org.springframework.test.context.cache.DefaultCacheAwareContextLoaderDelegate]
00:29:35.235 [main] DEBUG org.springframework.test.context.BootstrapUtils - Instantiating BootstrapContext using constructor [public org.springframework.test.context.support.DefaultBootstrapContext(java.lang.Class,org.springframework.test.context.CacheAwareContextLoaderDelegate)]
00:29:35.238 [main] DEBUG org.springframework.test.context.BootstrapUtils - Instantiating TestContextBootstrapper for test class [pt.ulisboa.tecnico.socialsoftware.tournament.tournament.service.GetOpenTournamentsTest] from class [org.springframework.boot.test.autoconfigure.orm.jpa.DataJpaTestContextBootstrapper]
00:29:35.239 [main] INFO org.springframework.boot.test.autoconfigure.orm.jpa.DataJpaTestContextBootstrapper - Neither @ContextConfiguration nor @ContextHierarchy found for test class [pt.ulisboa.tecnico.socialsoftware.tournament.tournament.service.GetOpenTournamentsTest], using SpringBootContextLoader
00:29:35.242 [main] DEBUG org.springframework.test.context.support.AbstractContextLoader - Did not detect default resource location for test class [pt.ulisboa.tecnico.socialsoftware.tournament.tournament.service.GetOpenTournamentsTest]: class path resource [pt/ulisboa/tecnico/socialsoftware/tournament/tournament/service/GetOpenTournamentsTest-context.xml] does not exist
00:29:35.243 [main] DEBUG org.springframework.test.context.support.AbstractContextLoader - Did not detect default resource location for test class [pt.ulisboa.tecnico.socialsoftware.tournament.tournament.service.GetOpenTournamentsTest]: class path resource [pt/ulisboa/tecnico/socialsoftware/tournament/tournament/service/GetOpenTournamentsTestContext.groovy] does not exist
00:29:35.244 [main] INFO org.springframework.test.context.support.AbstractContextLoader - Could not detect default resource locations for test class [pt.ulisboa.tecnico.socialsoftware.tournament.tournament.service.GetOpenTournamentsTest]: no resource found for suffixes {-context.xml, Context.groovy}.
00:29:35.258 [main] DEBUG org.springframework.test.context.support.ActiveProfilesUtils - Could not find an 'annotation declaring class' for annotation type [org.springframework.test.context.ActiveProfiles] and class [pt.ulisboa.tecnico.socialsoftware.tournament.tournament.service.GetOpenTournamentsTest]
00:29:35.260 [main] INFO org.springframework.boot.test.context.SpringBootTestContextBootstrapper - Found @SpringBootConfiguration pt.ulisboa.tecnico.socialsoftware.tournament.TournamentTestApplication for test class pt.ulisboa.tecnico.socialsoftware.tournament.tournament.service.GetOpenTournamentsTest
00:29:35.266 [main] DEBUG org.springframework.boot.test.autoconfigure.orm.jpa.DataJpaTestContextBootstrapper - @TestExecutionListeners is not present for class [pt.ulisboa.tecnico.socialsoftware.tournament.tournament.service.GetOpenTournamentsTest]: using defaults.
00:29:35.267 [main] INFO org.springframework.boot.test.autoconfigure.orm.jpa.DataJpaTestContextBootstrapper - Loaded default TestExecutionListener class names from location [META-INF/spring.factories]: [org.springframework.boot.test.mock.mockito.MockitoTestExecutionListener, org.springframework.boot.test.mock.mockito.ResetMocksTestExecutionListener, org.springframework.boot.test.autoconfigure.restdocs.RestDocsTestExecutionListener, org.springframework.boot.test.autoconfigure.web.client.MockRestServiceServerResetTestExecutionListener, org.springframework.boot.test.autoconfigure.web.servlet.MockMvcPrintOnlyOnFailureTestExecutionListener, org.springframework.boot.test.autoconfigure.web.servlet.WebDriverTestExecutionListener, org.springframework.boot.test.autoconfigure.webservices.client.MockWebServiceServerTestExecutionListener, org.springframework.test.context.web.ServletTestExecutionListener, org.springframework.test.context.support.DirtiesContextBeforeModesTestExecutionListener, org.springframework.test.context.event.ApplicationEventsTestExecutionListener, org.springframework.test.context.support.DependencyInjectionTestExecutionListener, org.springframework.test.context.support.DirtiesContextTestExecutionListener, org.springframework.test.context.transaction.TransactionalTestExecutionListener, org.springframework.test.context.jdbc.SqlScriptsTestExecutionListener, org.springframework.test.context.event.EventPublishingTestExecutionListener, org.springframework.security.test.context.support.WithSecurityContextTestExecutionListener, org.springframework.security.test.context.support.ReactorContextTestExecutionListener, org.spockframework.spring.SpringMockTestExecutionListener]
00:29:35.271 [main] INFO org.springframework.boot.test.autoconfigure.orm.jpa.DataJpaTestContextBootstrapper - Using TestExecutionListeners: [org.springframework.test.context.web.ServletTestExecutionListener@7d80e1b3, org.springframework.test.context.support.DirtiesContextBeforeModesTestExecutionListener@1b732dd, org.springframework.test.context.event.ApplicationEventsTestExecutionListener@3458dab6, org.springframework.boot.test.mock.mockito.MockitoTestExecutionListener@23d060c2, org.springframework.boot.test.autoconfigure.SpringBootDependencyInjectionTestExecutionListener@59278072, org.springframework.test.context.support.DirtiesContextTestExecutionListener@61be6051, org.springframework.test.context.transaction.TransactionalTestExecutionListener@13c18bba, org.springframework.test.context.jdbc.SqlScriptsTestExecutionListener@33373f70, org.springframework.test.context.event.EventPublishingTestExecutionListener@56f61d74, org.springframework.security.test.context.support.WithSecurityContextTestExecutionListener@44d84313, org.springframework.security.test.context.support.ReactorContextTestExecutionListener@5bdb9c69, org.springframework.boot.test.mock.mockito.ResetMocksTestExecutionListener@511de4dd, org.springframework.boot.test.autoconfigure.restdocs.RestDocsTestExecutionListener@37e64e37, org.springframework.boot.test.autoconfigure.web.client.MockRestServiceServerResetTestExecutionListener@31204303, org.springframework.boot.test.autoconfigure.web.servlet.MockMvcPrintOnlyOnFailureTestExecutionListener@369fb99a, org.springframework.boot.test.autoconfigure.web.servlet.WebDriverTestExecutionListener@81a8898, org.springframework.boot.test.autoconfigure.webservices.client.MockWebServiceServerTestExecutionListener@d08f85a, org.spockframework.spring.SpringMockTestExecutionListener@3e839aa3]
00:29:35.292 [main] DEBUG org.springframework.test.annotation.ProfileValueUtils - Retrieved @ProfileValueSourceConfiguration [null] for test class [pt.ulisboa.tecnico.socialsoftware.tournament.tournament.service.GetTournamentsTest]
00:29:35.292 [main] DEBUG org.springframework.test.annotation.ProfileValueUtils - Retrieved ProfileValueSource type [class org.springframework.test.annotation.SystemProfileValueSource] for class [pt.ulisboa.tecnico.socialsoftware.tournament.tournament.service.GetTournamentsTest]
00:29:35.292 [main] DEBUG org.springframework.test.annotation.ProfileValueUtils - Retrieved @ProfileValueSourceConfiguration [null] for test class [pt.ulisboa.tecnico.socialsoftware.tournament.tournament.service.GetTournamentsTest]
00:29:35.292 [main] DEBUG org.springframework.test.annotation.ProfileValueUtils - Retrieved ProfileValueSource type [class org.springframework.test.annotation.SystemProfileValueSource] for class [pt.ulisboa.tecnico.socialsoftware.tournament.tournament.service.GetTournamentsTest]
00:29:35.293 [main] DEBUG org.springframework.test.annotation.ProfileValueUtils - Retrieved @ProfileValueSourceConfiguration [null] for test class [pt.ulisboa.tecnico.socialsoftware.tournament.tournament.service.GetTournamentsTest]
00:29:35.293 [main] DEBUG org.springframework.test.annotation.ProfileValueUtils - Retrieved ProfileValueSource type [class org.springframework.test.annotation.SystemProfileValueSource] for class [pt.ulisboa.tecnico.socialsoftware.tournament.tournament.service.GetTournamentsTest]
00:29:35.294 [main] DEBUG org.springframework.test.annotation.ProfileValueUtils - Retrieved @ProfileValueSourceConfiguration [null] for test class [pt.ulisboa.tecnico.socialsoftware.tournament.tournament.service.GetTournamentsTest]
00:29:35.294 [main] DEBUG org.springframework.test.annotation.ProfileValueUtils - Retrieved ProfileValueSource type [class org.springframework.test.annotation.SystemProfileValueSource] for class [pt.ulisboa.tecnico.socialsoftware.tournament.tournament.service.GetTournamentsTest]
00:29:35.294 [main] DEBUG org.springframework.test.annotation.ProfileValueUtils - Retrieved @ProfileValueSourceConfiguration [null] for test class [pt.ulisboa.tecnico.socialsoftware.tournament.tournament.service.GetTournamentsTest]
00:29:35.295 [main] DEBUG org.springframework.test.annotation.ProfileValueUtils - Retrieved ProfileValueSource type [class org.springframework.test.annotation.SystemProfileValueSource] for class [pt.ulisboa.tecnico.socialsoftware.tournament.tournament.service.GetTournamentsTest]
00:29:35.295 [main] DEBUG org.springframework.test.annotation.ProfileValueUtils - Retrieved @ProfileValueSourceConfiguration [null] for test class [pt.ulisboa.tecnico.socialsoftware.tournament.tournament.service.GetTournamentsTest]
00:29:35.295 [main] DEBUG org.springframework.test.annotation.ProfileValueUtils - Retrieved ProfileValueSource type [class org.springframework.test.annotation.SystemProfileValueSource] for class [pt.ulisboa.tecnico.socialsoftware.tournament.tournament.service.GetTournamentsTest]
00:29:35.295 [main] DEBUG org.springframework.test.annotation.ProfileValueUtils - Retrieved @ProfileValueSourceConfiguration [null] for test class [pt.ulisboa.tecnico.socialsoftware.tournament.tournament.service.GetTournamentsTest]
00:29:35.295 [main] DEBUG org.springframework.test.annotation.ProfileValueUtils - Retrieved ProfileValueSource type [class org.springframework.test.annotation.SystemProfileValueSource] for class [pt.ulisboa.tecnico.socialsoftware.tournament.tournament.service.GetTournamentsTest]
00:29:35.296 [main] DEBUG org.springframework.test.context.BootstrapUtils - Instantiating CacheAwareContextLoaderDelegate from class [org.springframework.test.context.cache.DefaultCacheAwareContextLoaderDelegate]
00:29:35.296 [main] DEBUG org.springframework.test.context.BootstrapUtils - Instantiating BootstrapContext using constructor [public org.springframework.test.context.support.DefaultBootstrapContext(java.lang.Class,org.springframework.test.context.CacheAwareContextLoaderDelegate)]
00:29:35.297 [main] DEBUG org.springframework.test.context.BootstrapUtils - Instantiating TestContextBootstrapper for test class [pt.ulisboa.tecnico.socialsoftware.tournament.tournament.service.GetTournamentsTest] from class [org.springframework.boot.test.autoconfigure.orm.jpa.DataJpaTestContextBootstrapper]
00:29:35.299 [main] INFO org.springframework.boot.test.autoconfigure.orm.jpa.DataJpaTestContextBootstrapper - Neither @ContextConfiguration nor @ContextHierarchy found for test class [pt.ulisboa.tecnico.socialsoftware.tournament.tournament.service.GetTournamentsTest], using SpringBootContextLoader
00:29:35.302 [main] DEBUG org.springframework.test.context.support.AbstractContextLoader - Did not detect default resource location for test class [pt.ulisboa.tecnico.socialsoftware.tournament.tournament.service.GetTournamentsTest]: class path resource [pt/ulisboa/tecnico/socialsoftware/tournament/tournament/service/GetTournamentsTest-context.xml] does not exist
00:29:35.303 [main] DEBUG org.springframework.test.context.support.AbstractContextLoader - Did not detect default resource location for test class [pt.ulisboa.tecnico.socialsoftware.tournament.tournament.service.GetTournamentsTest]: class path resource [pt/ulisboa/tecnico/socialsoftware/tournament/tournament/service/GetTournamentsTestContext.groovy] does not exist
00:29:35.304 [main] INFO org.springframework.test.context.support.AbstractContextLoader - Could not detect default resource locations for test class [pt.ulisboa.tecnico.socialsoftware.tournament.tournament.service.GetTournamentsTest]: no resource found for suffixes {-context.xml, Context.groovy}.
00:29:35.338 [main] DEBUG org.springframework.test.context.support.ActiveProfilesUtils - Could not find an 'annotation declaring class' for annotation type [org.springframework.test.context.ActiveProfiles] and class [pt.ulisboa.tecnico.socialsoftware.tournament.tournament.service.GetTournamentsTest]
00:29:35.339 [main] INFO org.springframework.boot.test.context.SpringBootTestContextBootstrapper - Found @SpringBootConfiguration pt.ulisboa.tecnico.socialsoftware.tournament.TournamentTestApplication for test class pt.ulisboa.tecnico.socialsoftware.tournament.tournament.service.GetTournamentsTest
00:29:35.343 [main] DEBUG org.springframework.boot.test.autoconfigure.orm.jpa.DataJpaTestContextBootstrapper - @TestExecutionListeners is not present for class [pt.ulisboa.tecnico.socialsoftware.tournament.tournament.service.GetTournamentsTest]: using defaults.
00:29:35.343 [main] INFO org.springframework.boot.test.autoconfigure.orm.jpa.DataJpaTestContextBootstrapper - Loaded default TestExecutionListener class names from location [META-INF/spring.factories]: [org.springframework.boot.test.mock.mockito.MockitoTestExecutionListener, org.springframework.boot.test.mock.mockito.ResetMocksTestExecutionListener, org.springframework.boot.test.autoconfigure.restdocs.RestDocsTestExecutionListener, org.springframework.boot.test.autoconfigure.web.client.MockRestServiceServerResetTestExecutionListener, org.springframework.boot.test.autoconfigure.web.servlet.MockMvcPrintOnlyOnFailureTestExecutionListener, org.springframework.boot.test.autoconfigure.web.servlet.WebDriverTestExecutionListener, org.springframework.boot.test.autoconfigure.webservices.client.MockWebServiceServerTestExecutionListener, org.springframework.test.context.web.ServletTestExecutionListener, org.springframework.test.context.support.DirtiesContextBeforeModesTestExecutionListener, org.springframework.test.context.event.ApplicationEventsTestExecutionListener, org.springframework.test.context.support.DependencyInjectionTestExecutionListener, org.springframework.test.context.support.DirtiesContextTestExecutionListener, org.springframework.test.context.transaction.TransactionalTestExecutionListener, org.springframework.test.context.jdbc.SqlScriptsTestExecutionListener, org.springframework.test.context.event.EventPublishingTestExecutionListener, org.springframework.security.test.context.support.WithSecurityContextTestExecutionListener, org.springframework.security.test.context.support.ReactorContextTestExecutionListener, org.spockframework.spring.SpringMockTestExecutionListener]
00:29:35.347 [main] INFO org.springframework.boot.test.autoconfigure.orm.jpa.DataJpaTestContextBootstrapper - Using TestExecutionListeners: [org.springframework.test.context.web.ServletTestExecutionListener@62dc1203, org.springframework.test.context.support.DirtiesContextBeforeModesTestExecutionListener@35d0749, org.springframework.test.context.event.ApplicationEventsTestExecutionListener@621a387f, org.springframework.boot.test.mock.mockito.MockitoTestExecutionListener@552088cc, org.springframework.boot.test.autoconfigure.SpringBootDependencyInjectionTestExecutionListener@57eed461, org.springframework.test.context.support.DirtiesContextTestExecutionListener@3c62f69a, org.springframework.test.context.transaction.TransactionalTestExecutionListener@f08f8a9, org.springframework.test.context.jdbc.SqlScriptsTestExecutionListener@5ebf776c, org.springframework.test.context.event.EventPublishingTestExecutionListener@7fd3fd06, org.springframework.security.test.context.support.WithSecurityContextTestExecutionListener@54ae1240, org.springframework.security.test.context.support.ReactorContextTestExecutionListener@1c2b65cc, org.springframework.boot.test.mock.mockito.ResetMocksTestExecutionListener@390a7532, org.springframework.boot.test.autoconfigure.restdocs.RestDocsTestExecutionListener@595184d8, org.springframework.boot.test.autoconfigure.web.client.MockRestServiceServerResetTestExecutionListener@7d49a1a0, org.springframework.boot.test.autoconfigure.web.servlet.MockMvcPrintOnlyOnFailureTestExecutionListener@3a0baec0, org.springframework.boot.test.autoconfigure.web.servlet.WebDriverTestExecutionListener@50c2ef56, org.springframework.boot.test.autoconfigure.webservices.client.MockWebServiceServerTestExecutionListener@560d6d2, org.spockframework.spring.SpringMockTestExecutionListener@3514237f]
00:29:35.429 [main] DEBUG org.springframework.test.annotation.ProfileValueUtils - Retrieved @ProfileValueSourceConfiguration [null] for test class [pt.ulisboa.tecnico.socialsoftware.tournament.tournament.service.JoinTournamentTest]
00:29:35.429 [main] DEBUG org.springframework.test.annotation.ProfileValueUtils - Retrieved ProfileValueSource type [class org.springframework.test.annotation.SystemProfileValueSource] for class [pt.ulisboa.tecnico.socialsoftware.tournament.tournament.service.JoinTournamentTest]
00:29:35.429 [main] DEBUG org.springframework.test.annotation.ProfileValueUtils - Retrieved @ProfileValueSourceConfiguration [null] for test class [pt.ulisboa.tecnico.socialsoftware.tournament.tournament.service.JoinTournamentTest]
00:29:35.429 [main] DEBUG org.springframework.test.annotation.ProfileValueUtils - Retrieved ProfileValueSource type [class org.springframework.test.annotation.SystemProfileValueSource] for class [pt.ulisboa.tecnico.socialsoftware.tournament.tournament.service.JoinTournamentTest]
00:29:35.430 [main] DEBUG org.springframework.test.annotation.ProfileValueUtils - Retrieved @ProfileValueSourceConfiguration [null] for test class [pt.ulisboa.tecnico.socialsoftware.tournament.tournament.service.JoinTournamentTest]
00:29:35.430 [main] DEBUG org.springframework.test.annotation.ProfileValueUtils - Retrieved ProfileValueSource type [class org.springframework.test.annotation.SystemProfileValueSource] for class [pt.ulisboa.tecnico.socialsoftware.tournament.tournament.service.JoinTournamentTest]
00:29:35.430 [main] DEBUG org.springframework.test.annotation.ProfileValueUtils - Retrieved @ProfileValueSourceConfiguration [null] for test class [pt.ulisboa.tecnico.socialsoftware.tournament.tournament.service.JoinTournamentTest]
00:29:35.430 [main] DEBUG org.springframework.test.annotation.ProfileValueUtils - Retrieved ProfileValueSource type [class org.springframework.test.annotation.SystemProfileValueSource] for class [pt.ulisboa.tecnico.socialsoftware.tournament.tournament.service.JoinTournamentTest]
00:29:35.430 [main] DEBUG org.springframework.test.annotation.ProfileValueUtils - Retrieved @ProfileValueSourceConfiguration [null] for test class [pt.ulisboa.tecnico.socialsoftware.tournament.tournament.service.JoinTournamentTest]
00:29:35.431 [main] DEBUG org.springframework.test.annotation.ProfileValueUtils - Retrieved ProfileValueSource type [class org.springframework.test.annotation.SystemProfileValueSource] for class [pt.ulisboa.tecnico.socialsoftware.tournament.tournament.service.JoinTournamentTest]
00:29:35.431 [main] DEBUG org.springframework.test.annotation.ProfileValueUtils - Retrieved @ProfileValueSourceConfiguration [null] for test class [pt.ulisboa.tecnico.socialsoftware.tournament.tournament.service.JoinTournamentTest]
00:29:35.431 [main] DEBUG org.springframework.test.annotation.ProfileValueUtils - Retrieved ProfileValueSource type [class org.springframework.test.annotation.SystemProfileValueSource] for class [pt.ulisboa.tecnico.socialsoftware.tournament.tournament.service.JoinTournamentTest]
00:29:35.431 [main] DEBUG org.springframework.test.annotation.ProfileValueUtils - Retrieved @ProfileValueSourceConfiguration [null] for test class [pt.ulisboa.tecnico.socialsoftware.tournament.tournament.service.JoinTournamentTest]
00:29:35.431 [main] DEBUG org.springframework.test.annotation.ProfileValueUtils - Retrieved ProfileValueSource type [class org.springframework.test.annotation.SystemProfileValueSource] for class [pt.ulisboa.tecnico.socialsoftware.tournament.tournament.service.JoinTournamentTest]
00:29:35.431 [main] DEBUG org.springframework.test.annotation.ProfileValueUtils - Retrieved @ProfileValueSourceConfiguration [null] for test class [pt.ulisboa.tecnico.socialsoftware.tournament.tournament.service.JoinTournamentTest]
00:29:35.432 [main] DEBUG org.springframework.test.annotation.ProfileValueUtils - Retrieved ProfileValueSource type [class org.springframework.test.annotation.SystemProfileValueSource] for class [pt.ulisboa.tecnico.socialsoftware.tournament.tournament.service.JoinTournamentTest]
00:29:35.432 [main] DEBUG org.springframework.test.context.BootstrapUtils - Instantiating CacheAwareContextLoaderDelegate from class [org.springframework.test.context.cache.DefaultCacheAwareContextLoaderDelegate]
00:29:35.432 [main] DEBUG org.springframework.test.context.BootstrapUtils - Instantiating BootstrapContext using constructor [public org.springframework.test.context.support.DefaultBootstrapContext(java.lang.Class,org.springframework.test.context.CacheAwareContextLoaderDelegate)]
00:29:35.433 [main] DEBUG org.springframework.test.context.BootstrapUtils - Instantiating TestContextBootstrapper for test class [pt.ulisboa.tecnico.socialsoftware.tournament.tournament.service.JoinTournamentTest] from class [org.springframework.boot.test.autoconfigure.orm.jpa.DataJpaTestContextBootstrapper]
00:29:35.434 [main] INFO org.springframework.boot.test.autoconfigure.orm.jpa.DataJpaTestContextBootstrapper - Neither @ContextConfiguration nor @ContextHierarchy found for test class [pt.ulisboa.tecnico.socialsoftware.tournament.tournament.service.JoinTournamentTest], using SpringBootContextLoader
00:29:35.437 [main] DEBUG org.springframework.test.context.support.AbstractContextLoader - Did not detect default resource location for test class [pt.ulisboa.tecnico.socialsoftware.tournament.tournament.service.JoinTournamentTest]: class path resource [pt/ulisboa/tecnico/socialsoftware/tournament/tournament/service/JoinTournamentTest-context.xml] does not exist
00:29:35.438 [main] DEBUG org.springframework.test.context.support.AbstractContextLoader - Did not detect default resource location for test class [pt.ulisboa.tecnico.socialsoftware.tournament.tournament.service.JoinTournamentTest]: class path resource [pt/ulisboa/tecnico/socialsoftware/tournament/tournament/service/JoinTournamentTestContext.groovy] does not exist
00:29:35.438 [main] INFO org.springframework.test.context.support.AbstractContextLoader - Could not detect default resource locations for test class [pt.ulisboa.tecnico.socialsoftware.tournament.tournament.service.JoinTournamentTest]: no resource found for suffixes {-context.xml, Context.groovy}.
00:29:35.470 [main] DEBUG org.springframework.test.context.support.ActiveProfilesUtils - Could not find an 'annotation declaring class' for annotation type [org.springframework.test.context.ActiveProfiles] and class [pt.ulisboa.tecnico.socialsoftware.tournament.tournament.service.JoinTournamentTest]
00:29:35.471 [main] INFO org.springframework.boot.test.context.SpringBootTestContextBootstrapper - Found @SpringBootConfiguration pt.ulisboa.tecnico.socialsoftware.tournament.TournamentTestApplication for test class pt.ulisboa.tecnico.socialsoftware.tournament.tournament.service.JoinTournamentTest
00:29:35.474 [main] DEBUG org.springframework.boot.test.autoconfigure.orm.jpa.DataJpaTestContextBootstrapper - @TestExecutionListeners is not present for class [pt.ulisboa.tecnico.socialsoftware.tournament.tournament.service.JoinTournamentTest]: using defaults.
00:29:35.474 [main] INFO org.springframework.boot.test.autoconfigure.orm.jpa.DataJpaTestContextBootstrapper - Loaded default TestExecutionListener class names from location [META-INF/spring.factories]: [org.springframework.boot.test.mock.mockito.MockitoTestExecutionListener, org.springframework.boot.test.mock.mockito.ResetMocksTestExecutionListener, org.springframework.boot.test.autoconfigure.restdocs.RestDocsTestExecutionListener, org.springframework.boot.test.autoconfigure.web.client.MockRestServiceServerResetTestExecutionListener, org.springframework.boot.test.autoconfigure.web.servlet.MockMvcPrintOnlyOnFailureTestExecutionListener, org.springframework.boot.test.autoconfigure.web.servlet.WebDriverTestExecutionListener, org.springframework.boot.test.autoconfigure.webservices.client.MockWebServiceServerTestExecutionListener, org.springframework.test.context.web.ServletTestExecutionListener, org.springframework.test.context.support.DirtiesContextBeforeModesTestExecutionListener, org.springframework.test.context.event.ApplicationEventsTestExecutionListener, org.springframework.test.context.support.DependencyInjectionTestExecutionListener, org.springframework.test.context.support.DirtiesContextTestExecutionListener, org.springframework.test.context.transaction.TransactionalTestExecutionListener, org.springframework.test.context.jdbc.SqlScriptsTestExecutionListener, org.springframework.test.context.event.EventPublishingTestExecutionListener, org.springframework.security.test.context.support.WithSecurityContextTestExecutionListener, org.springframework.security.test.context.support.ReactorContextTestExecutionListener, org.spockframework.spring.SpringMockTestExecutionListener]
00:29:35.477 [main] INFO org.springframework.boot.test.autoconfigure.orm.jpa.DataJpaTestContextBootstrapper - Using TestExecutionListeners: [org.springframework.test.context.web.ServletTestExecutionListener@219edc05, org.springframework.test.context.support.DirtiesContextBeforeModesTestExecutionListener@62f37bfd, org.springframework.test.context.event.ApplicationEventsTestExecutionListener@1818d00b, org.springframework.boot.test.mock.mockito.MockitoTestExecutionListener@b3a8455, org.springframework.boot.test.autoconfigure.SpringBootDependencyInjectionTestExecutionListener@5c930fc3, org.springframework.test.context.support.DirtiesContextTestExecutionListener@25c6ab3f, org.springframework.test.context.transaction.TransactionalTestExecutionListener@7b80af04, org.springframework.test.context.jdbc.SqlScriptsTestExecutionListener@2447940d, org.springframework.test.context.event.EventPublishingTestExecutionListener@60ee7a51, org.springframework.security.test.context.support.WithSecurityContextTestExecutionListener@70e1aa20, org.springframework.security.test.context.support.ReactorContextTestExecutionListener@e67d3b7, org.springframework.boot.test.mock.mockito.ResetMocksTestExecutionListener@1618c98a, org.springframework.boot.test.autoconfigure.restdocs.RestDocsTestExecutionListener@5b715ea, org.springframework.boot.test.autoconfigure.web.client.MockRestServiceServerResetTestExecutionListener@787a0fd6, org.springframework.boot.test.autoconfigure.web.servlet.MockMvcPrintOnlyOnFailureTestExecutionListener@48b09105, org.springframework.boot.test.autoconfigure.web.servlet.WebDriverTestExecutionListener@18b45500, org.springframework.boot.test.autoconfigure.webservices.client.MockWebServiceServerTestExecutionListener@25110bb9, org.spockframework.spring.SpringMockTestExecutionListener@dbda472]
00:29:35.494 [main] DEBUG org.springframework.test.annotation.ProfileValueUtils - Retrieved @ProfileValueSourceConfiguration [null] for test class [pt.ulisboa.tecnico.socialsoftware.tournament.tournament.service.LeaveTournamentTest]
00:29:35.494 [main] DEBUG org.springframework.test.annotation.ProfileValueUtils - Retrieved ProfileValueSource type [class org.springframework.test.annotation.SystemProfileValueSource] for class [pt.ulisboa.tecnico.socialsoftware.tournament.tournament.service.LeaveTournamentTest]
00:29:35.494 [main] DEBUG org.springframework.test.annotation.ProfileValueUtils - Retrieved @ProfileValueSourceConfiguration [null] for test class [pt.ulisboa.tecnico.socialsoftware.tournament.tournament.service.LeaveTournamentTest]
00:29:35.494 [main] DEBUG org.springframework.test.annotation.ProfileValueUtils - Retrieved ProfileValueSource type [class org.springframework.test.annotation.SystemProfileValueSource] for class [pt.ulisboa.tecnico.socialsoftware.tournament.tournament.service.LeaveTournamentTest]
00:29:35.495 [main] DEBUG org.springframework.test.annotation.ProfileValueUtils - Retrieved @ProfileValueSourceConfiguration [null] for test class [pt.ulisboa.tecnico.socialsoftware.tournament.tournament.service.LeaveTournamentTest]
00:29:35.495 [main] DEBUG org.springframework.test.annotation.ProfileValueUtils - Retrieved ProfileValueSource type [class org.springframework.test.annotation.SystemProfileValueSource] for class [pt.ulisboa.tecnico.socialsoftware.tournament.tournament.service.LeaveTournamentTest]
00:29:35.495 [main] DEBUG org.springframework.test.context.BootstrapUtils - Instantiating CacheAwareContextLoaderDelegate from class [org.springframework.test.context.cache.DefaultCacheAwareContextLoaderDelegate]
00:29:35.495 [main] DEBUG org.springframework.test.context.BootstrapUtils - Instantiating BootstrapContext using constructor [public org.springframework.test.context.support.DefaultBootstrapContext(java.lang.Class,org.springframework.test.context.CacheAwareContextLoaderDelegate)]
00:29:35.496 [main] DEBUG org.springframework.test.context.BootstrapUtils - Instantiating TestContextBootstrapper for test class [pt.ulisboa.tecnico.socialsoftware.tournament.tournament.service.LeaveTournamentTest] from class [org.springframework.boot.test.autoconfigure.orm.jpa.DataJpaTestContextBootstrapper]
00:29:35.498 [main] INFO org.springframework.boot.test.autoconfigure.orm.jpa.DataJpaTestContextBootstrapper - Neither @ContextConfiguration nor @ContextHierarchy found for test class [pt.ulisboa.tecnico.socialsoftware.tournament.tournament.service.LeaveTournamentTest], using SpringBootContextLoader
00:29:35.500 [main] DEBUG org.springframework.test.context.support.AbstractContextLoader - Did not detect default resource location for test class [pt.ulisboa.tecnico.socialsoftware.tournament.tournament.service.LeaveTournamentTest]: class path resource [pt/ulisboa/tecnico/socialsoftware/tournament/tournament/service/LeaveTournamentTest-context.xml] does not exist
00:29:35.501 [main] DEBUG org.springframework.test.context.support.AbstractContextLoader - Did not detect default resource location for test class [pt.ulisboa.tecnico.socialsoftware.tournament.tournament.service.LeaveTournamentTest]: class path resource [pt/ulisboa/tecnico/socialsoftware/tournament/tournament/service/LeaveTournamentTestContext.groovy] does not exist
00:29:35.502 [main] INFO org.springframework.test.context.support.AbstractContextLoader - Could not detect default resource locations for test class [pt.ulisboa.tecnico.socialsoftware.tournament.tournament.service.LeaveTournamentTest]: no resource found for suffixes {-context.xml, Context.groovy}.
00:29:35.519 [main] DEBUG org.springframework.test.context.support.ActiveProfilesUtils - Could not find an 'annotation declaring class' for annotation type [org.springframework.test.context.ActiveProfiles] and class [pt.ulisboa.tecnico.socialsoftware.tournament.tournament.service.LeaveTournamentTest]
00:29:35.520 [main] INFO org.springframework.boot.test.context.SpringBootTestContextBootstrapper - Found @SpringBootConfiguration pt.ulisboa.tecnico.socialsoftware.tournament.TournamentTestApplication for test class pt.ulisboa.tecnico.socialsoftware.tournament.tournament.service.LeaveTournamentTest
00:29:35.522 [main] DEBUG org.springframework.boot.test.autoconfigure.orm.jpa.DataJpaTestContextBootstrapper - @TestExecutionListeners is not present for class [pt.ulisboa.tecnico.socialsoftware.tournament.tournament.service.LeaveTournamentTest]: using defaults.
00:29:35.523 [main] INFO org.springframework.boot.test.autoconfigure.orm.jpa.DataJpaTestContextBootstrapper - Loaded default TestExecutionListener class names from location [META-INF/spring.factories]: [org.springframework.boot.test.mock.mockito.MockitoTestExecutionListener, org.springframework.boot.test.mock.mockito.ResetMocksTestExecutionListener, org.springframework.boot.test.autoconfigure.restdocs.RestDocsTestExecutionListener, org.springframework.boot.test.autoconfigure.web.client.MockRestServiceServerResetTestExecutionListener, org.springframework.boot.test.autoconfigure.web.servlet.MockMvcPrintOnlyOnFailureTestExecutionListener, org.springframework.boot.test.autoconfigure.web.servlet.WebDriverTestExecutionListener, org.springframework.boot.test.autoconfigure.webservices.client.MockWebServiceServerTestExecutionListener, org.springframework.test.context.web.ServletTestExecutionListener, org.springframework.test.context.support.DirtiesContextBeforeModesTestExecutionListener, org.springframework.test.context.event.ApplicationEventsTestExecutionListener, org.springframework.test.context.support.DependencyInjectionTestExecutionListener, org.springframework.test.context.support.DirtiesContextTestExecutionListener, org.springframework.test.context.transaction.TransactionalTestExecutionListener, org.springframework.test.context.jdbc.SqlScriptsTestExecutionListener, org.springframework.test.context.event.EventPublishingTestExecutionListener, org.springframework.security.test.context.support.WithSecurityContextTestExecutionListener, org.springframework.security.test.context.support.ReactorContextTestExecutionListener, org.spockframework.spring.SpringMockTestExecutionListener]
00:29:35.525 [main] INFO org.springframework.boot.test.autoconfigure.orm.jpa.DataJpaTestContextBootstrapper - Using TestExecutionListeners: [org.springframework.test.context.web.ServletTestExecutionListener@647af13d, org.springframework.test.context.support.DirtiesContextBeforeModesTestExecutionListener@2aac6fa7, org.springframework.test.context.event.ApplicationEventsTestExecutionListener@29a1ec65, org.springframework.boot.test.mock.mockito.MockitoTestExecutionListener@625db0e0, org.springframework.boot.test.autoconfigure.SpringBootDependencyInjectionTestExecutionListener@511d568f, org.springframework.test.context.support.DirtiesContextTestExecutionListener@1805ca5c, org.springframework.test.context.transaction.TransactionalTestExecutionListener@3e61cffd, org.springframework.test.context.jdbc.SqlScriptsTestExecutionListener@3134b261, org.springframework.test.context.event.EventPublishingTestExecutionListener@aa633e6, org.springframework.security.test.context.support.WithSecurityContextTestExecutionListener@3cc74fc4, org.springframework.security.test.context.support.ReactorContextTestExecutionListener@c697186, org.springframework.boot.test.mock.mockito.ResetMocksTestExecutionListener@185a7dd0, org.springframework.boot.test.autoconfigure.restdocs.RestDocsTestExecutionListener@2358443e, org.springframework.boot.test.autoconfigure.web.client.MockRestServiceServerResetTestExecutionListener@25e796fe, org.springframework.boot.test.autoconfigure.web.servlet.MockMvcPrintOnlyOnFailureTestExecutionListener@62c53685, org.springframework.boot.test.autoconfigure.web.servlet.WebDriverTestExecutionListener@29ba63f0, org.springframework.boot.test.autoconfigure.webservices.client.MockWebServiceServerTestExecutionListener@4822ab4d, org.spockframework.spring.SpringMockTestExecutionListener@516b84d1]
00:29:35.549 [main] DEBUG org.springframework.test.annotation.ProfileValueUtils - Retrieved @ProfileValueSourceConfiguration [null] for test class [pt.ulisboa.tecnico.socialsoftware.tournament.tournament.service.QuizTournamentGenerateTest]
00:29:35.549 [main] DEBUG org.springframework.test.annotation.ProfileValueUtils - Retrieved ProfileValueSource type [class org.springframework.test.annotation.SystemProfileValueSource] for class [pt.ulisboa.tecnico.socialsoftware.tournament.tournament.service.QuizTournamentGenerateTest]
00:29:35.550 [main] DEBUG org.springframework.test.annotation.ProfileValueUtils - Retrieved @ProfileValueSourceConfiguration [null] for test class [pt.ulisboa.tecnico.socialsoftware.tournament.tournament.service.QuizTournamentGenerateTest]
00:29:35.550 [main] DEBUG org.springframework.test.annotation.ProfileValueUtils - Retrieved ProfileValueSource type [class org.springframework.test.annotation.SystemProfileValueSource] for class [pt.ulisboa.tecnico.socialsoftware.tournament.tournament.service.QuizTournamentGenerateTest]
00:29:35.550 [main] DEBUG org.springframework.test.annotation.ProfileValueUtils - Retrieved @ProfileValueSourceConfiguration [null] for test class [pt.ulisboa.tecnico.socialsoftware.tournament.tournament.service.QuizTournamentGenerateTest]
00:29:35.550 [main] DEBUG org.springframework.test.annotation.ProfileValueUtils - Retrieved ProfileValueSource type [class org.springframework.test.annotation.SystemProfileValueSource] for class [pt.ulisboa.tecnico.socialsoftware.tournament.tournament.service.QuizTournamentGenerateTest]
00:29:35.551 [main] DEBUG org.springframework.test.annotation.ProfileValueUtils - Retrieved @ProfileValueSourceConfiguration [null] for test class [pt.ulisboa.tecnico.socialsoftware.tournament.tournament.service.QuizTournamentGenerateTest]
00:29:35.551 [main] DEBUG org.springframework.test.annotation.ProfileValueUtils - Retrieved ProfileValueSource type [class org.springframework.test.annotation.SystemProfileValueSource] for class [pt.ulisboa.tecnico.socialsoftware.tournament.tournament.service.QuizTournamentGenerateTest]
00:29:35.551 [main] DEBUG org.springframework.test.context.BootstrapUtils - Instantiating CacheAwareContextLoaderDelegate from class [org.springframework.test.context.cache.DefaultCacheAwareContextLoaderDelegate]
00:29:35.551 [main] DEBUG org.springframework.test.context.BootstrapUtils - Instantiating BootstrapContext using constructor [public org.springframework.test.context.support.DefaultBootstrapContext(java.lang.Class,org.springframework.test.context.CacheAwareContextLoaderDelegate)]
00:29:35.553 [main] DEBUG org.springframework.test.context.BootstrapUtils - Instantiating TestContextBootstrapper for test class [pt.ulisboa.tecnico.socialsoftware.tournament.tournament.service.QuizTournamentGenerateTest] from class [org.springframework.boot.test.autoconfigure.orm.jpa.DataJpaTestContextBootstrapper]
00:29:35.554 [main] INFO org.springframework.boot.test.autoconfigure.orm.jpa.DataJpaTestContextBootstrapper - Neither @ContextConfiguration nor @ContextHierarchy found for test class [pt.ulisboa.tecnico.socialsoftware.tournament.tournament.service.QuizTournamentGenerateTest], using SpringBootContextLoader
00:29:35.557 [main] DEBUG org.springframework.test.context.support.AbstractContextLoader - Did not detect default resource location for test class [pt.ulisboa.tecnico.socialsoftware.tournament.tournament.service.QuizTournamentGenerateTest]: class path resource [pt/ulisboa/tecnico/socialsoftware/tournament/tournament/service/QuizTournamentGenerateTest-context.xml] does not exist
00:29:35.559 [main] DEBUG org.springframework.test.context.support.AbstractContextLoader - Did not detect default resource location for test class [pt.ulisboa.tecnico.socialsoftware.tournament.tournament.service.QuizTournamentGenerateTest]: class path resource [pt/ulisboa/tecnico/socialsoftware/tournament/tournament/service/QuizTournamentGenerateTestContext.groovy] does not exist
00:29:35.560 [main] INFO org.springframework.test.context.support.AbstractContextLoader - Could not detect default resource locations for test class [pt.ulisboa.tecnico.socialsoftware.tournament.tournament.service.QuizTournamentGenerateTest]: no resource found for suffixes {-context.xml, Context.groovy}.
00:29:35.576 [main] DEBUG org.springframework.test.context.support.ActiveProfilesUtils - Could not find an 'annotation declaring class' for annotation type [org.springframework.test.context.ActiveProfiles] and class [pt.ulisboa.tecnico.socialsoftware.tournament.tournament.service.QuizTournamentGenerateTest]
00:29:35.577 [main] INFO org.springframework.boot.test.context.SpringBootTestContextBootstrapper - Found @SpringBootConfiguration pt.ulisboa.tecnico.socialsoftware.tournament.TournamentTestApplication for test class pt.ulisboa.tecnico.socialsoftware.tournament.tournament.service.QuizTournamentGenerateTest
00:29:35.580 [main] DEBUG org.springframework.boot.test.autoconfigure.orm.jpa.DataJpaTestContextBootstrapper - @TestExecutionListeners is not present for class [pt.ulisboa.tecnico.socialsoftware.tournament.tournament.service.QuizTournamentGenerateTest]: using defaults.
00:29:35.581 [main] INFO org.springframework.boot.test.autoconfigure.orm.jpa.DataJpaTestContextBootstrapper - Loaded default TestExecutionListener class names from location [META-INF/spring.factories]: [org.springframework.boot.test.mock.mockito.MockitoTestExecutionListener, org.springframework.boot.test.mock.mockito.ResetMocksTestExecutionListener, org.springframework.boot.test.autoconfigure.restdocs.RestDocsTestExecutionListener, org.springframework.boot.test.autoconfigure.web.client.MockRestServiceServerResetTestExecutionListener, org.springframework.boot.test.autoconfigure.web.servlet.MockMvcPrintOnlyOnFailureTestExecutionListener, org.springframework.boot.test.autoconfigure.web.servlet.WebDriverTestExecutionListener, org.springframework.boot.test.autoconfigure.webservices.client.MockWebServiceServerTestExecutionListener, org.springframework.test.context.web.ServletTestExecutionListener, org.springframework.test.context.support.DirtiesContextBeforeModesTestExecutionListener, org.springframework.test.context.event.ApplicationEventsTestExecutionListener, org.springframework.test.context.support.DependencyInjectionTestExecutionListener, org.springframework.test.context.support.DirtiesContextTestExecutionListener, org.springframework.test.context.transaction.TransactionalTestExecutionListener, org.springframework.test.context.jdbc.SqlScriptsTestExecutionListener, org.springframework.test.context.event.EventPublishingTestExecutionListener, org.springframework.security.test.context.support.WithSecurityContextTestExecutionListener, org.springframework.security.test.context.support.ReactorContextTestExecutionListener, org.spockframework.spring.SpringMockTestExecutionListener]
00:29:35.583 [main] INFO org.springframework.boot.test.autoconfigure.orm.jpa.DataJpaTestContextBootstrapper - Using TestExecutionListeners: [org.springframework.test.context.web.ServletTestExecutionListener@177068db, org.springframework.test.context.support.DirtiesContextBeforeModesTestExecutionListener@60f3239f, org.springframework.test.context.event.ApplicationEventsTestExecutionListener@6b103db7, org.springframework.boot.test.mock.mockito.MockitoTestExecutionListener@b3042ed, org.springframework.boot.test.autoconfigure.SpringBootDependencyInjectionTestExecutionListener@1f12d5e0, org.springframework.test.context.support.DirtiesContextTestExecutionListener@6604f246, org.springframework.test.context.transaction.TransactionalTestExecutionListener@c1386b4, org.springframework.test.context.jdbc.SqlScriptsTestExecutionListener@53d9af1, org.springframework.test.context.event.EventPublishingTestExecutionListener@c89e263, org.springframework.security.test.context.support.WithSecurityContextTestExecutionListener@4d5ea776, org.springframework.security.test.context.support.ReactorContextTestExecutionListener@5d68be4f, org.springframework.boot.test.mock.mockito.ResetMocksTestExecutionListener@34eb5d01, org.springframework.boot.test.autoconfigure.restdocs.RestDocsTestExecutionListener@77b22b05, org.springframework.boot.test.autoconfigure.web.client.MockRestServiceServerResetTestExecutionListener@4fef5792, org.springframework.boot.test.autoconfigure.web.servlet.MockMvcPrintOnlyOnFailureTestExecutionListener@57ed02e6, org.springframework.boot.test.autoconfigure.web.servlet.WebDriverTestExecutionListener@39004e4f, org.springframework.boot.test.autoconfigure.webservices.client.MockWebServiceServerTestExecutionListener@5f0ca069, org.spockframework.spring.SpringMockTestExecutionListener@6a6a2fdd]
00:29:35.601 [main] DEBUG org.springframework.test.annotation.ProfileValueUtils - Retrieved @ProfileValueSourceConfiguration [null] for test class [pt.ulisboa.tecnico.socialsoftware.tournament.tournament.service.RemoveTournamentTest]
00:29:35.602 [main] DEBUG org.springframework.test.annotation.ProfileValueUtils - Retrieved ProfileValueSource type [class org.springframework.test.annotation.SystemProfileValueSource] for class [pt.ulisboa.tecnico.socialsoftware.tournament.tournament.service.RemoveTournamentTest]
00:29:35.603 [main] DEBUG org.springframework.test.annotation.ProfileValueUtils - Retrieved @ProfileValueSourceConfiguration [null] for test class [pt.ulisboa.tecnico.socialsoftware.tournament.tournament.service.RemoveTournamentTest]
00:29:35.604 [main] DEBUG org.springframework.test.annotation.ProfileValueUtils - Retrieved ProfileValueSource type [class org.springframework.test.annotation.SystemProfileValueSource] for class [pt.ulisboa.tecnico.socialsoftware.tournament.tournament.service.RemoveTournamentTest]
00:29:35.605 [main] DEBUG org.springframework.test.annotation.ProfileValueUtils - Retrieved @ProfileValueSourceConfiguration [null] for test class [pt.ulisboa.tecnico.socialsoftware.tournament.tournament.service.RemoveTournamentTest]
00:29:35.606 [main] DEBUG org.springframework.test.annotation.ProfileValueUtils - Retrieved ProfileValueSource type [class org.springframework.test.annotation.SystemProfileValueSource] for class [pt.ulisboa.tecnico.socialsoftware.tournament.tournament.service.RemoveTournamentTest]
00:29:35.606 [main] DEBUG org.springframework.test.annotation.ProfileValueUtils - Retrieved @ProfileValueSourceConfiguration [null] for test class [pt.ulisboa.tecnico.socialsoftware.tournament.tournament.service.RemoveTournamentTest]
00:29:35.606 [main] DEBUG org.springframework.test.annotation.ProfileValueUtils - Retrieved ProfileValueSource type [class org.springframework.test.annotation.SystemProfileValueSource] for class [pt.ulisboa.tecnico.socialsoftware.tournament.tournament.service.RemoveTournamentTest]
00:29:35.607 [main] DEBUG org.springframework.test.annotation.ProfileValueUtils - Retrieved @ProfileValueSourceConfiguration [null] for test class [pt.ulisboa.tecnico.socialsoftware.tournament.tournament.service.RemoveTournamentTest]
00:29:35.607 [main] DEBUG org.springframework.test.annotation.ProfileValueUtils - Retrieved ProfileValueSource type [class org.springframework.test.annotation.SystemProfileValueSource] for class [pt.ulisboa.tecnico.socialsoftware.tournament.tournament.service.RemoveTournamentTest]
00:29:35.607 [main] DEBUG org.springframework.test.context.BootstrapUtils - Instantiating CacheAwareContextLoaderDelegate from class [org.springframework.test.context.cache.DefaultCacheAwareContextLoaderDelegate]
00:29:35.607 [main] DEBUG org.springframework.test.context.BootstrapUtils - Instantiating BootstrapContext using constructor [public org.springframework.test.context.support.DefaultBootstrapContext(java.lang.Class,org.springframework.test.context.CacheAwareContextLoaderDelegate)]
00:29:35.608 [main] DEBUG org.springframework.test.context.BootstrapUtils - Instantiating TestContextBootstrapper for test class [pt.ulisboa.tecnico.socialsoftware.tournament.tournament.service.RemoveTournamentTest] from class [org.springframework.boot.test.autoconfigure.orm.jpa.DataJpaTestContextBootstrapper]
00:29:35.609 [main] INFO org.springframework.boot.test.autoconfigure.orm.jpa.DataJpaTestContextBootstrapper - Neither @ContextConfiguration nor @ContextHierarchy found for test class [pt.ulisboa.tecnico.socialsoftware.tournament.tournament.service.RemoveTournamentTest], using SpringBootContextLoader
00:29:35.612 [main] DEBUG org.springframework.test.context.support.AbstractContextLoader - Did not detect default resource location for test class [pt.ulisboa.tecnico.socialsoftware.tournament.tournament.service.RemoveTournamentTest]: class path resource [pt/ulisboa/tecnico/socialsoftware/tournament/tournament/service/RemoveTournamentTest-context.xml] does not exist
00:29:35.613 [main] DEBUG org.springframework.test.context.support.AbstractContextLoader - Did not detect default resource location for test class [pt.ulisboa.tecnico.socialsoftware.tournament.tournament.service.RemoveTournamentTest]: class path resource [pt/ulisboa/tecnico/socialsoftware/tournament/tournament/service/RemoveTournamentTestContext.groovy] does not exist
00:29:35.613 [main] INFO org.springframework.test.context.support.AbstractContextLoader - Could not detect default resource locations for test class [pt.ulisboa.tecnico.socialsoftware.tournament.tournament.service.RemoveTournamentTest]: no resource found for suffixes {-context.xml, Context.groovy}.
00:29:35.624 [main] DEBUG org.springframework.test.context.support.ActiveProfilesUtils - Could not find an 'annotation declaring class' for annotation type [org.springframework.test.context.ActiveProfiles] and class [pt.ulisboa.tecnico.socialsoftware.tournament.tournament.service.RemoveTournamentTest]
00:29:35.626 [main] INFO org.springframework.boot.test.context.SpringBootTestContextBootstrapper - Found @SpringBootConfiguration pt.ulisboa.tecnico.socialsoftware.tournament.TournamentTestApplication for test class pt.ulisboa.tecnico.socialsoftware.tournament.tournament.service.RemoveTournamentTest
00:29:35.628 [main] DEBUG org.springframework.boot.test.autoconfigure.orm.jpa.DataJpaTestContextBootstrapper - @TestExecutionListeners is not present for class [pt.ulisboa.tecnico.socialsoftware.tournament.tournament.service.RemoveTournamentTest]: using defaults.
00:29:35.629 [main] INFO org.springframework.boot.test.autoconfigure.orm.jpa.DataJpaTestContextBootstrapper - Loaded default TestExecutionListener class names from location [META-INF/spring.factories]: [org.springframework.boot.test.mock.mockito.MockitoTestExecutionListener, org.springframework.boot.test.mock.mockito.ResetMocksTestExecutionListener, org.springframework.boot.test.autoconfigure.restdocs.RestDocsTestExecutionListener, org.springframework.boot.test.autoconfigure.web.client.MockRestServiceServerResetTestExecutionListener, org.springframework.boot.test.autoconfigure.web.servlet.MockMvcPrintOnlyOnFailureTestExecutionListener, org.springframework.boot.test.autoconfigure.web.servlet.WebDriverTestExecutionListener, org.springframework.boot.test.autoconfigure.webservices.client.MockWebServiceServerTestExecutionListener, org.springframework.test.context.web.ServletTestExecutionListener, org.springframework.test.context.support.DirtiesContextBeforeModesTestExecutionListener, org.springframework.test.context.event.ApplicationEventsTestExecutionListener, org.springframework.test.context.support.DependencyInjectionTestExecutionListener, org.springframework.test.context.support.DirtiesContextTestExecutionListener, org.springframework.test.context.transaction.TransactionalTestExecutionListener, org.springframework.test.context.jdbc.SqlScriptsTestExecutionListener, org.springframework.test.context.event.EventPublishingTestExecutionListener, org.springframework.security.test.context.support.WithSecurityContextTestExecutionListener, org.springframework.security.test.context.support.ReactorContextTestExecutionListener, org.spockframework.spring.SpringMockTestExecutionListener]
00:29:35.634 [main] INFO org.springframework.boot.test.autoconfigure.orm.jpa.DataJpaTestContextBootstrapper - Using TestExecutionListeners: [org.springframework.test.context.web.ServletTestExecutionListener@71687d8f, org.springframework.test.context.support.DirtiesContextBeforeModesTestExecutionListener@443253a6, org.springframework.test.context.event.ApplicationEventsTestExecutionListener@191774d6, org.springframework.boot.test.mock.mockito.MockitoTestExecutionListener@21ffc00e, org.springframework.boot.test.autoconfigure.SpringBootDependencyInjectionTestExecutionListener@134955bb, org.springframework.test.context.support.DirtiesContextTestExecutionListener@45b08b17, org.springframework.test.context.transaction.TransactionalTestExecutionListener@6723e6b3, org.springframework.test.context.jdbc.SqlScriptsTestExecutionListener@3883b5e9, org.springframework.test.context.event.EventPublishingTestExecutionListener@61becbcf, org.springframework.security.test.context.support.WithSecurityContextTestExecutionListener@20171cdc, org.springframework.security.test.context.support.ReactorContextTestExecutionListener@58f97013, org.springframework.boot.test.mock.mockito.ResetMocksTestExecutionListener@7d70ba18, org.springframework.boot.test.autoconfigure.restdocs.RestDocsTestExecutionListener@6a07e6ca, org.springframework.boot.test.autoconfigure.web.client.MockRestServiceServerResetTestExecutionListener@726ef6aa, org.springframework.boot.test.autoconfigure.web.servlet.MockMvcPrintOnlyOnFailureTestExecutionListener@6104691c, org.springframework.boot.test.autoconfigure.web.servlet.WebDriverTestExecutionListener@195cbf5e, org.springframework.boot.test.autoconfigure.webservices.client.MockWebServiceServerTestExecutionListener@4cb82b09, org.spockframework.spring.SpringMockTestExecutionListener@49665f92]
00:29:35.654 [main] DEBUG org.springframework.test.annotation.ProfileValueUtils - Retrieved @ProfileValueSourceConfiguration [null] for test class [pt.ulisboa.tecnico.socialsoftware.tournament.tournament.service.SolveQuizTournamentTest]
00:29:35.654 [main] DEBUG org.springframework.test.annotation.ProfileValueUtils - Retrieved ProfileValueSource type [class org.springframework.test.annotation.SystemProfileValueSource] for class [pt.ulisboa.tecnico.socialsoftware.tournament.tournament.service.SolveQuizTournamentTest]
00:29:35.654 [main] DEBUG org.springframework.test.annotation.ProfileValueUtils - Retrieved @ProfileValueSourceConfiguration [null] for test class [pt.ulisboa.tecnico.socialsoftware.tournament.tournament.service.SolveQuizTournamentTest]
00:29:35.654 [main] DEBUG org.springframework.test.annotation.ProfileValueUtils - Retrieved ProfileValueSource type [class org.springframework.test.annotation.SystemProfileValueSource] for class [pt.ulisboa.tecnico.socialsoftware.tournament.tournament.service.SolveQuizTournamentTest]
00:29:35.655 [main] DEBUG org.springframework.test.annotation.ProfileValueUtils - Retrieved @ProfileValueSourceConfiguration [null] for test class [pt.ulisboa.tecnico.socialsoftware.tournament.tournament.service.SolveQuizTournamentTest]
00:29:35.655 [main] DEBUG org.springframework.test.annotation.ProfileValueUtils - Retrieved ProfileValueSource type [class org.springframework.test.annotation.SystemProfileValueSource] for class [pt.ulisboa.tecnico.socialsoftware.tournament.tournament.service.SolveQuizTournamentTest]
00:29:35.655 [main] DEBUG org.springframework.test.context.BootstrapUtils - Instantiating CacheAwareContextLoaderDelegate from class [org.springframework.test.context.cache.DefaultCacheAwareContextLoaderDelegate]
00:29:35.656 [main] DEBUG org.springframework.test.context.BootstrapUtils - Instantiating BootstrapContext using constructor [public org.springframework.test.context.support.DefaultBootstrapContext(java.lang.Class,org.springframework.test.context.CacheAwareContextLoaderDelegate)]
00:29:35.657 [main] DEBUG org.springframework.test.context.BootstrapUtils - Instantiating TestContextBootstrapper for test class [pt.ulisboa.tecnico.socialsoftware.tournament.tournament.service.SolveQuizTournamentTest] from class [org.springframework.boot.test.autoconfigure.orm.jpa.DataJpaTestContextBootstrapper]
00:29:35.658 [main] INFO org.springframework.boot.test.autoconfigure.orm.jpa.DataJpaTestContextBootstrapper - Neither @ContextConfiguration nor @ContextHierarchy found for test class [pt.ulisboa.tecnico.socialsoftware.tournament.tournament.service.SolveQuizTournamentTest], using SpringBootContextLoader
00:29:35.661 [main] DEBUG org.springframework.test.context.support.AbstractContextLoader - Did not detect default resource location for test class [pt.ulisboa.tecnico.socialsoftware.tournament.tournament.service.SolveQuizTournamentTest]: class path resource [pt/ulisboa/tecnico/socialsoftware/tournament/tournament/service/SolveQuizTournamentTest-context.xml] does not exist
00:29:35.663 [main] DEBUG org.springframework.test.context.support.AbstractContextLoader - Did not detect default resource location for test class [pt.ulisboa.tecnico.socialsoftware.tournament.tournament.service.SolveQuizTournamentTest]: class path resource [pt/ulisboa/tecnico/socialsoftware/tournament/tournament/service/SolveQuizTournamentTestContext.groovy] does not exist
00:29:35.664 [main] INFO org.springframework.test.context.support.AbstractContextLoader - Could not detect default resource locations for test class [pt.ulisboa.tecnico.socialsoftware.tournament.tournament.service.SolveQuizTournamentTest]: no resource found for suffixes {-context.xml, Context.groovy}.
00:29:35.679 [main] DEBUG org.springframework.test.context.support.ActiveProfilesUtils - Could not find an 'annotation declaring class' for annotation type [org.springframework.test.context.ActiveProfiles] and class [pt.ulisboa.tecnico.socialsoftware.tournament.tournament.service.SolveQuizTournamentTest]
00:29:35.680 [main] INFO org.springframework.boot.test.context.SpringBootTestContextBootstrapper - Found @SpringBootConfiguration pt.ulisboa.tecnico.socialsoftware.tournament.TournamentTestApplication for test class pt.ulisboa.tecnico.socialsoftware.tournament.tournament.service.SolveQuizTournamentTest
00:29:35.683 [main] DEBUG org.springframework.boot.test.autoconfigure.orm.jpa.DataJpaTestContextBootstrapper - @TestExecutionListeners is not present for class [pt.ulisboa.tecnico.socialsoftware.tournament.tournament.service.SolveQuizTournamentTest]: using defaults.
00:29:35.685 [main] INFO org.springframework.boot.test.autoconfigure.orm.jpa.DataJpaTestContextBootstrapper - Loaded default TestExecutionListener class names from location [META-INF/spring.factories]: [org.springframework.boot.test.mock.mockito.MockitoTestExecutionListener, org.springframework.boot.test.mock.mockito.ResetMocksTestExecutionListener, org.springframework.boot.test.autoconfigure.restdocs.RestDocsTestExecutionListener, org.springframework.boot.test.autoconfigure.web.client.MockRestServiceServerResetTestExecutionListener, org.springframework.boot.test.autoconfigure.web.servlet.MockMvcPrintOnlyOnFailureTestExecutionListener, org.springframework.boot.test.autoconfigure.web.servlet.WebDriverTestExecutionListener, org.springframework.boot.test.autoconfigure.webservices.client.MockWebServiceServerTestExecutionListener, org.springframework.test.context.web.ServletTestExecutionListener, org.springframework.test.context.support.DirtiesContextBeforeModesTestExecutionListener, org.springframework.test.context.event.ApplicationEventsTestExecutionListener, org.springframework.test.context.support.DependencyInjectionTestExecutionListener, org.springframework.test.context.support.DirtiesContextTestExecutionListener, org.springframework.test.context.transaction.TransactionalTestExecutionListener, org.springframework.test.context.jdbc.SqlScriptsTestExecutionListener, org.springframework.test.context.event.EventPublishingTestExecutionListener, org.springframework.security.test.context.support.WithSecurityContextTestExecutionListener, org.springframework.security.test.context.support.ReactorContextTestExecutionListener, org.spockframework.spring.SpringMockTestExecutionListener]
00:29:35.689 [main] INFO org.springframework.boot.test.autoconfigure.orm.jpa.DataJpaTestContextBootstrapper - Using TestExecutionListeners: [org.springframework.test.context.web.ServletTestExecutionListener@14fff5e7, org.springframework.test.context.support.DirtiesContextBeforeModesTestExecutionListener@1203d787, org.springframework.test.context.event.ApplicationEventsTestExecutionListener@1f72fbd1, org.springframework.boot.test.mock.mockito.MockitoTestExecutionListener@6f785a27, org.springframework.boot.test.autoconfigure.SpringBootDependencyInjectionTestExecutionListener@443dae2, org.springframework.test.context.support.DirtiesContextTestExecutionListener@8f09a02, org.springframework.test.context.transaction.TransactionalTestExecutionListener@5454be, org.springframework.test.context.jdbc.SqlScriptsTestExecutionListener@2dd08ff1, org.springframework.test.context.event.EventPublishingTestExecutionListener@37dec463, org.springframework.security.test.context.support.WithSecurityContextTestExecutionListener@3bf26810, org.springframework.security.test.context.support.ReactorContextTestExecutionListener@19213a74, org.springframework.boot.test.mock.mockito.ResetMocksTestExecutionListener@30a791a6, org.springframework.boot.test.autoconfigure.restdocs.RestDocsTestExecutionListener@719bb60d, org.springframework.boot.test.autoconfigure.web.client.MockRestServiceServerResetTestExecutionListener@5981f2c6, org.springframework.boot.test.autoconfigure.web.servlet.MockMvcPrintOnlyOnFailureTestExecutionListener@49639118, org.springframework.boot.test.autoconfigure.web.servlet.WebDriverTestExecutionListener@45451333, org.springframework.boot.test.autoconfigure.webservices.client.MockWebServiceServerTestExecutionListener@6942ee48, org.spockframework.spring.SpringMockTestExecutionListener@3f033664]
00:29:35.701 [main] DEBUG org.springframework.test.annotation.ProfileValueUtils - Retrieved @ProfileValueSourceConfiguration [null] for test class [pt.ulisboa.tecnico.socialsoftware.tournament.tournament.service.TournamentTest]
00:29:35.702 [main] DEBUG org.springframework.test.annotation.ProfileValueUtils - Retrieved ProfileValueSource type [class org.springframework.test.annotation.SystemProfileValueSource] for class [pt.ulisboa.tecnico.socialsoftware.tournament.tournament.service.TournamentTest]
00:29:35.702 [main] DEBUG org.springframework.test.context.BootstrapUtils - Instantiating CacheAwareContextLoaderDelegate from class [org.springframework.test.context.cache.DefaultCacheAwareContextLoaderDelegate]
00:29:35.702 [main] DEBUG org.springframework.test.context.BootstrapUtils - Instantiating BootstrapContext using constructor [public org.springframework.test.context.support.DefaultBootstrapContext(java.lang.Class,org.springframework.test.context.CacheAwareContextLoaderDelegate)]
00:29:35.703 [main] DEBUG org.springframework.test.context.BootstrapUtils - Instantiating TestContextBootstrapper for test class [pt.ulisboa.tecnico.socialsoftware.tournament.tournament.service.TournamentTest] from class [org.springframework.boot.test.autoconfigure.orm.jpa.DataJpaTestContextBootstrapper]
00:29:35.703 [main] INFO org.springframework.boot.test.autoconfigure.orm.jpa.DataJpaTestContextBootstrapper - Neither @ContextConfiguration nor @ContextHierarchy found for test class [pt.ulisboa.tecnico.socialsoftware.tournament.tournament.service.TournamentTest], using SpringBootContextLoader
00:29:35.705 [main] DEBUG org.springframework.test.context.support.AbstractContextLoader - Did not detect default resource location for test class [pt.ulisboa.tecnico.socialsoftware.tournament.tournament.service.TournamentTest]: class path resource [pt/ulisboa/tecnico/socialsoftware/tournament/tournament/service/TournamentTest-context.xml] does not exist
00:29:35.706 [main] DEBUG org.springframework.test.context.support.AbstractContextLoader - Did not detect default resource location for test class [pt.ulisboa.tecnico.socialsoftware.tournament.tournament.service.TournamentTest]: class path resource [pt/ulisboa/tecnico/socialsoftware/tournament/tournament/service/TournamentTestContext.groovy] does not exist
00:29:35.706 [main] INFO org.springframework.test.context.support.AbstractContextLoader - Could not detect default resource locations for test class [pt.ulisboa.tecnico.socialsoftware.tournament.tournament.service.TournamentTest]: no resource found for suffixes {-context.xml, Context.groovy}.
00:29:35.715 [main] DEBUG org.springframework.test.context.support.ActiveProfilesUtils - Could not find an 'annotation declaring class' for annotation type [org.springframework.test.context.ActiveProfiles] and class [pt.ulisboa.tecnico.socialsoftware.tournament.tournament.service.TournamentTest]
00:29:35.717 [main] INFO org.springframework.boot.test.context.SpringBootTestContextBootstrapper - Found @SpringBootConfiguration pt.ulisboa.tecnico.socialsoftware.tournament.TournamentTestApplication for test class pt.ulisboa.tecnico.socialsoftware.tournament.tournament.service.TournamentTest
00:29:35.718 [main] DEBUG org.springframework.boot.test.autoconfigure.orm.jpa.DataJpaTestContextBootstrapper - @TestExecutionListeners is not present for class [pt.ulisboa.tecnico.socialsoftware.tournament.tournament.service.TournamentTest]: using defaults.
00:29:35.719 [main] INFO org.springframework.boot.test.autoconfigure.orm.jpa.DataJpaTestContextBootstrapper - Loaded default TestExecutionListener class names from location [META-INF/spring.factories]: [org.springframework.boot.test.mock.mockito.MockitoTestExecutionListener, org.springframework.boot.test.mock.mockito.ResetMocksTestExecutionListener, org.springframework.boot.test.autoconfigure.restdocs.RestDocsTestExecutionListener, org.springframework.boot.test.autoconfigure.web.client.MockRestServiceServerResetTestExecutionListener, org.springframework.boot.test.autoconfigure.web.servlet.MockMvcPrintOnlyOnFailureTestExecutionListener, org.springframework.boot.test.autoconfigure.web.servlet.WebDriverTestExecutionListener, org.springframework.boot.test.autoconfigure.webservices.client.MockWebServiceServerTestExecutionListener, org.springframework.test.context.web.ServletTestExecutionListener, org.springframework.test.context.support.DirtiesContextBeforeModesTestExecutionListener, org.springframework.test.context.event.ApplicationEventsTestExecutionListener, org.springframework.test.context.support.DependencyInjectionTestExecutionListener, org.springframework.test.context.support.DirtiesContextTestExecutionListener, org.springframework.test.context.transaction.TransactionalTestExecutionListener, org.springframework.test.context.jdbc.SqlScriptsTestExecutionListener, org.springframework.test.context.event.EventPublishingTestExecutionListener, org.springframework.security.test.context.support.WithSecurityContextTestExecutionListener, org.springframework.security.test.context.support.ReactorContextTestExecutionListener, org.spockframework.spring.SpringMockTestExecutionListener]
00:29:35.722 [main] INFO org.springframework.boot.test.autoconfigure.orm.jpa.DataJpaTestContextBootstrapper - Using TestExecutionListeners: [org.springframework.test.context.web.ServletTestExecutionListener@70cd122, org.springframework.test.context.support.DirtiesContextBeforeModesTestExecutionListener@79424f25, org.springframework.test.context.event.ApplicationEventsTestExecutionListener@5fd4e67f, org.springframework.boot.test.mock.mockito.MockitoTestExecutionListener@59b1edab, org.springframework.boot.test.autoconfigure.SpringBootDependencyInjectionTestExecutionListener@3855b27e, org.springframework.test.context.support.DirtiesContextTestExecutionListener@5305f936, org.springframework.test.context.transaction.TransactionalTestExecutionListener@2b1a1a37, org.springframework.test.context.jdbc.SqlScriptsTestExecutionListener@7d90764a, org.springframework.test.context.event.EventPublishingTestExecutionListener@6843fdc4, org.springframework.security.test.context.support.WithSecurityContextTestExecutionListener@147375b3, org.springframework.security.test.context.support.ReactorContextTestExecutionListener@6f430ea8, org.springframework.boot.test.mock.mockito.ResetMocksTestExecutionListener@119f072c, org.springframework.boot.test.autoconfigure.restdocs.RestDocsTestExecutionListener@66456506, org.springframework.boot.test.autoconfigure.web.client.MockRestServiceServerResetTestExecutionListener@69944a90, org.springframework.boot.test.autoconfigure.web.servlet.MockMvcPrintOnlyOnFailureTestExecutionListener@1ed52f44, org.springframework.boot.test.autoconfigure.web.servlet.WebDriverTestExecutionListener@771afdd5, org.springframework.boot.test.autoconfigure.webservices.client.MockWebServiceServerTestExecutionListener@3abadb65, org.spockframework.spring.SpringMockTestExecutionListener@7131d668]
00:29:35.750 [main] DEBUG org.springframework.test.annotation.ProfileValueUtils - Retrieved @ProfileValueSourceConfiguration [null] for test class [pt.ulisboa.tecnico.socialsoftware.tournament.tournament.service.UpdateTournamentTest]
00:29:35.750 [main] DEBUG org.springframework.test.annotation.ProfileValueUtils - Retrieved ProfileValueSource type [class org.springframework.test.annotation.SystemProfileValueSource] for class [pt.ulisboa.tecnico.socialsoftware.tournament.tournament.service.UpdateTournamentTest]
00:29:35.750 [main] DEBUG org.springframework.test.annotation.ProfileValueUtils - Retrieved @ProfileValueSourceConfiguration [null] for test class [pt.ulisboa.tecnico.socialsoftware.tournament.tournament.service.UpdateTournamentTest]
00:29:35.750 [main] DEBUG org.springframework.test.annotation.ProfileValueUtils - Retrieved ProfileValueSource type [class org.springframework.test.annotation.SystemProfileValueSource] for class [pt.ulisboa.tecnico.socialsoftware.tournament.tournament.service.UpdateTournamentTest]
00:29:35.751 [main] DEBUG org.springframework.test.annotation.ProfileValueUtils - Retrieved @ProfileValueSourceConfiguration [null] for test class [pt.ulisboa.tecnico.socialsoftware.tournament.tournament.service.UpdateTournamentTest]
00:29:35.751 [main] DEBUG org.springframework.test.annotation.ProfileValueUtils - Retrieved ProfileValueSource type [class org.springframework.test.annotation.SystemProfileValueSource] for class [pt.ulisboa.tecnico.socialsoftware.tournament.tournament.service.UpdateTournamentTest]
00:29:35.751 [main] DEBUG org.springframework.test.annotation.ProfileValueUtils - Retrieved @ProfileValueSourceConfiguration [null] for test class [pt.ulisboa.tecnico.socialsoftware.tournament.tournament.service.UpdateTournamentTest]
00:29:35.752 [main] DEBUG org.springframework.test.annotation.ProfileValueUtils - Retrieved ProfileValueSource type [class org.springframework.test.annotation.SystemProfileValueSource] for class [pt.ulisboa.tecnico.socialsoftware.tournament.tournament.service.UpdateTournamentTest]
00:29:35.752 [main] DEBUG org.springframework.test.annotation.ProfileValueUtils - Retrieved @ProfileValueSourceConfiguration [null] for test class [pt.ulisboa.tecnico.socialsoftware.tournament.tournament.service.UpdateTournamentTest]
00:29:35.752 [main] DEBUG org.springframework.test.annotation.ProfileValueUtils - Retrieved ProfileValueSource type [class org.springframework.test.annotation.SystemProfileValueSource] for class [pt.ulisboa.tecnico.socialsoftware.tournament.tournament.service.UpdateTournamentTest]
00:29:35.753 [main] DEBUG org.springframework.test.annotation.ProfileValueUtils - Retrieved @ProfileValueSourceConfiguration [null] for test class [pt.ulisboa.tecnico.socialsoftware.tournament.tournament.service.UpdateTournamentTest]
00:29:35.756 [main] DEBUG org.springframework.test.annotation.ProfileValueUtils - Retrieved ProfileValueSource type [class org.springframework.test.annotation.SystemProfileValueSource] for class [pt.ulisboa.tecnico.socialsoftware.tournament.tournament.service.UpdateTournamentTest]
00:29:35.762 [main] DEBUG org.springframework.test.annotation.ProfileValueUtils - Retrieved @ProfileValueSourceConfiguration [null] for test class [pt.ulisboa.tecnico.socialsoftware.tournament.tournament.service.UpdateTournamentTest]
00:29:35.762 [main] DEBUG org.springframework.test.annotation.ProfileValueUtils - Retrieved ProfileValueSource type [class org.springframework.test.annotation.SystemProfileValueSource] for class [pt.ulisboa.tecnico.socialsoftware.tournament.tournament.service.UpdateTournamentTest]
00:29:35.762 [main] DEBUG org.springframework.test.annotation.ProfileValueUtils - Retrieved @ProfileValueSourceConfiguration [null] for test class [pt.ulisboa.tecnico.socialsoftware.tournament.tournament.service.UpdateTournamentTest]
00:29:35.763 [main] DEBUG org.springframework.test.annotation.ProfileValueUtils - Retrieved ProfileValueSource type [class org.springframework.test.annotation.SystemProfileValueSource] for class [pt.ulisboa.tecnico.socialsoftware.tournament.tournament.service.UpdateTournamentTest]
00:29:35.763 [main] DEBUG org.springframework.test.annotation.ProfileValueUtils - Retrieved @ProfileValueSourceConfiguration [null] for test class [pt.ulisboa.tecnico.socialsoftware.tournament.tournament.service.UpdateTournamentTest]
00:29:35.763 [main] DEBUG org.springframework.test.annotation.ProfileValueUtils - Retrieved ProfileValueSource type [class org.springframework.test.annotation.SystemProfileValueSource] for class [pt.ulisboa.tecnico.socialsoftware.tournament.tournament.service.UpdateTournamentTest]
00:29:35.763 [main] DEBUG org.springframework.test.annotation.ProfileValueUtils - Retrieved @ProfileValueSourceConfiguration [null] for test class [pt.ulisboa.tecnico.socialsoftware.tournament.tournament.service.UpdateTournamentTest]
00:29:35.763 [main] DEBUG org.springframework.test.annotation.ProfileValueUtils - Retrieved ProfileValueSource type [class org.springframework.test.annotation.SystemProfileValueSource] for class [pt.ulisboa.tecnico.socialsoftware.tournament.tournament.service.UpdateTournamentTest]
00:29:35.763 [main] DEBUG org.springframework.test.context.BootstrapUtils - Instantiating CacheAwareContextLoaderDelegate from class [org.springframework.test.context.cache.DefaultCacheAwareContextLoaderDelegate]
00:29:35.764 [main] DEBUG org.springframework.test.context.BootstrapUtils - Instantiating BootstrapContext using constructor [public org.springframework.test.context.support.DefaultBootstrapContext(java.lang.Class,org.springframework.test.context.CacheAwareContextLoaderDelegate)]
00:29:35.764 [main] DEBUG org.springframework.test.context.BootstrapUtils - Instantiating TestContextBootstrapper for test class [pt.ulisboa.tecnico.socialsoftware.tournament.tournament.service.UpdateTournamentTest] from class [org.springframework.boot.test.autoconfigure.orm.jpa.DataJpaTestContextBootstrapper]
00:29:35.765 [main] INFO org.springframework.boot.test.autoconfigure.orm.jpa.DataJpaTestContextBootstrapper - Neither @ContextConfiguration nor @ContextHierarchy found for test class [pt.ulisboa.tecnico.socialsoftware.tournament.tournament.service.UpdateTournamentTest], using SpringBootContextLoader
00:29:35.767 [main] DEBUG org.springframework.test.context.support.AbstractContextLoader - Did not detect default resource location for test class [pt.ulisboa.tecnico.socialsoftware.tournament.tournament.service.UpdateTournamentTest]: class path resource [pt/ulisboa/tecnico/socialsoftware/tournament/tournament/service/UpdateTournamentTest-context.xml] does not exist
00:29:35.768 [main] DEBUG org.springframework.test.context.support.AbstractContextLoader - Did not detect default resource location for test class [pt.ulisboa.tecnico.socialsoftware.tournament.tournament.service.UpdateTournamentTest]: class path resource [pt/ulisboa/tecnico/socialsoftware/tournament/tournament/service/UpdateTournamentTestContext.groovy] does not exist
00:29:35.768 [main] INFO org.springframework.test.context.support.AbstractContextLoader - Could not detect default resource locations for test class [pt.ulisboa.tecnico.socialsoftware.tournament.tournament.service.UpdateTournamentTest]: no resource found for suffixes {-context.xml, Context.groovy}.
00:29:35.779 [main] DEBUG org.springframework.test.context.support.ActiveProfilesUtils - Could not find an 'annotation declaring class' for annotation type [org.springframework.test.context.ActiveProfiles] and class [pt.ulisboa.tecnico.socialsoftware.tournament.tournament.service.UpdateTournamentTest]
00:29:35.780 [main] INFO org.springframework.boot.test.context.SpringBootTestContextBootstrapper - Found @SpringBootConfiguration pt.ulisboa.tecnico.socialsoftware.tournament.TournamentTestApplication for test class pt.ulisboa.tecnico.socialsoftware.tournament.tournament.service.UpdateTournamentTest
00:29:35.782 [main] DEBUG org.springframework.boot.test.autoconfigure.orm.jpa.DataJpaTestContextBootstrapper - @TestExecutionListeners is not present for class [pt.ulisboa.tecnico.socialsoftware.tournament.tournament.service.UpdateTournamentTest]: using defaults.
00:29:35.782 [main] INFO org.springframework.boot.test.autoconfigure.orm.jpa.DataJpaTestContextBootstrapper - Loaded default TestExecutionListener class names from location [META-INF/spring.factories]: [org.springframework.boot.test.mock.mockito.MockitoTestExecutionListener, org.springframework.boot.test.mock.mockito.ResetMocksTestExecutionListener, org.springframework.boot.test.autoconfigure.restdocs.RestDocsTestExecutionListener, org.springframework.boot.test.autoconfigure.web.client.MockRestServiceServerResetTestExecutionListener, org.springframework.boot.test.autoconfigure.web.servlet.MockMvcPrintOnlyOnFailureTestExecutionListener, org.springframework.boot.test.autoconfigure.web.servlet.WebDriverTestExecutionListener, org.springframework.boot.test.autoconfigure.webservices.client.MockWebServiceServerTestExecutionListener, org.springframework.test.context.web.ServletTestExecutionListener, org.springframework.test.context.support.DirtiesContextBeforeModesTestExecutionListener, org.springframework.test.context.event.ApplicationEventsTestExecutionListener, org.springframework.test.context.support.DependencyInjectionTestExecutionListener, org.springframework.test.context.support.DirtiesContextTestExecutionListener, org.springframework.test.context.transaction.TransactionalTestExecutionListener, org.springframework.test.context.jdbc.SqlScriptsTestExecutionListener, org.springframework.test.context.event.EventPublishingTestExecutionListener, org.springframework.security.test.context.support.WithSecurityContextTestExecutionListener, org.springframework.security.test.context.support.ReactorContextTestExecutionListener, org.spockframework.spring.SpringMockTestExecutionListener]
00:29:35.784 [main] INFO org.springframework.boot.test.autoconfigure.orm.jpa.DataJpaTestContextBootstrapper - Using TestExecutionListeners: [org.springframework.test.context.web.ServletTestExecutionListener@7bdb4d69, org.springframework.test.context.support.DirtiesContextBeforeModesTestExecutionListener@129c760d, org.springframework.test.context.event.ApplicationEventsTestExecutionListener@361fa478, org.springframework.boot.test.mock.mockito.MockitoTestExecutionListener@180f33b2, org.springframework.boot.test.autoconfigure.SpringBootDependencyInjectionTestExecutionListener@391e85df, org.springframework.test.context.support.DirtiesContextTestExecutionListener@48c3a0ef, org.springframework.test.context.transaction.TransactionalTestExecutionListener@3b4f1eb, org.springframework.test.context.jdbc.SqlScriptsTestExecutionListener@6247c08c, org.springframework.test.context.event.EventPublishingTestExecutionListener@2f3a8166, org.springframework.security.test.context.support.WithSecurityContextTestExecutionListener@7aab98b6, org.springframework.security.test.context.support.ReactorContextTestExecutionListener@5e3405a1, org.springframework.boot.test.mock.mockito.ResetMocksTestExecutionListener@22bfd4b, org.springframework.boot.test.autoconfigure.restdocs.RestDocsTestExecutionListener@79e16dd9, org.springframework.boot.test.autoconfigure.web.client.MockRestServiceServerResetTestExecutionListener@5fa9247b, org.springframework.boot.test.autoconfigure.web.servlet.MockMvcPrintOnlyOnFailureTestExecutionListener@21ce3b22, org.springframework.boot.test.autoconfigure.web.servlet.WebDriverTestExecutionListener@7cd25bf5, org.springframework.boot.test.autoconfigure.webservices.client.MockWebServiceServerTestExecutionListener@e2f6e13, org.spockframework.spring.SpringMockTestExecutionListener@18b30951]
00:29:35.878 [main] DEBUG org.springframework.test.annotation.ProfileValueUtils - Retrieved @ProfileValueSourceConfiguration [null] for test class [pt.ulisboa.tecnico.socialsoftware.tournament.tournament.service.CancelTournamentTest]
00:29:35.878 [main] DEBUG org.springframework.test.annotation.ProfileValueUtils - Retrieved ProfileValueSource type [class org.springframework.test.annotation.SystemProfileValueSource] for class [pt.ulisboa.tecnico.socialsoftware.tournament.tournament.service.CancelTournamentTest]
00:29:35.878 [main] DEBUG org.springframework.test.annotation.ProfileValueUtils - Retrieved @ProfileValueSourceConfiguration [null] for test class [pt.ulisboa.tecnico.socialsoftware.tournament.tournament.service.CancelTournamentTest]
00:29:35.880 [main] DEBUG org.springframework.test.annotation.ProfileValueUtils - Retrieved ProfileValueSource type [class org.springframework.test.annotation.SystemProfileValueSource] for class [pt.ulisboa.tecnico.socialsoftware.tournament.tournament.service.CancelTournamentTest]
00:29:35.880 [main] DEBUG org.springframework.test.annotation.ProfileValueUtils - Retrieved @ProfileValueSourceConfiguration [null] for test class [pt.ulisboa.tecnico.socialsoftware.tournament.tournament.service.CancelTournamentTest]
00:29:35.880 [main] DEBUG org.springframework.test.annotation.ProfileValueUtils - Retrieved ProfileValueSource type [class org.springframework.test.annotation.SystemProfileValueSource] for class [pt.ulisboa.tecnico.socialsoftware.tournament.tournament.service.CancelTournamentTest]
00:29:35.880 [main] DEBUG org.springframework.test.annotation.ProfileValueUtils - Retrieved @ProfileValueSourceConfiguration [null] for test class [pt.ulisboa.tecnico.socialsoftware.tournament.tournament.service.CancelTournamentTest]
00:29:35.880 [main] DEBUG org.springframework.test.annotation.ProfileValueUtils - Retrieved ProfileValueSource type [class org.springframework.test.annotation.SystemProfileValueSource] for class [pt.ulisboa.tecnico.socialsoftware.tournament.tournament.service.CancelTournamentTest]
00:29:35.880 [main] DEBUG org.springframework.test.annotation.ProfileValueUtils - Retrieved @ProfileValueSourceConfiguration [null] for test class [pt.ulisboa.tecnico.socialsoftware.tournament.tournament.service.CancelTournamentTest]
00:29:35.880 [main] DEBUG org.springframework.test.annotation.ProfileValueUtils - Retrieved ProfileValueSource type [class org.springframework.test.annotation.SystemProfileValueSource] for class [pt.ulisboa.tecnico.socialsoftware.tournament.tournament.service.CancelTournamentTest]
00:29:35.881 [main] DEBUG org.springframework.test.context.BootstrapUtils - Instantiating CacheAwareContextLoaderDelegate from class [org.springframework.test.context.cache.DefaultCacheAwareContextLoaderDelegate]
00:29:35.882 [main] DEBUG org.springframework.test.context.BootstrapUtils - Instantiating BootstrapContext using constructor [public org.springframework.test.context.support.DefaultBootstrapContext(java.lang.Class,org.springframework.test.context.CacheAwareContextLoaderDelegate)]
00:29:35.883 [main] DEBUG org.springframework.test.context.BootstrapUtils - Instantiating TestContextBootstrapper for test class [pt.ulisboa.tecnico.socialsoftware.tournament.tournament.service.CancelTournamentTest] from class [org.springframework.boot.test.autoconfigure.orm.jpa.DataJpaTestContextBootstrapper]
00:29:35.884 [main] INFO org.springframework.boot.test.autoconfigure.orm.jpa.DataJpaTestContextBootstrapper - Neither @ContextConfiguration nor @ContextHierarchy found for test class [pt.ulisboa.tecnico.socialsoftware.tournament.tournament.service.CancelTournamentTest], using SpringBootContextLoader
00:29:35.886 [main] DEBUG org.springframework.test.context.support.AbstractContextLoader - Did not detect default resource location for test class [pt.ulisboa.tecnico.socialsoftware.tournament.tournament.service.CancelTournamentTest]: class path resource [pt/ulisboa/tecnico/socialsoftware/tournament/tournament/service/CancelTournamentTest-context.xml] does not exist
00:29:35.887 [main] DEBUG org.springframework.test.context.support.AbstractContextLoader - Did not detect default resource location for test class [pt.ulisboa.tecnico.socialsoftware.tournament.tournament.service.CancelTournamentTest]: class path resource [pt/ulisboa/tecnico/socialsoftware/tournament/tournament/service/CancelTournamentTestContext.groovy] does not exist
00:29:35.887 [main] INFO org.springframework.test.context.support.AbstractContextLoader - Could not detect default resource locations for test class [pt.ulisboa.tecnico.socialsoftware.tournament.tournament.service.CancelTournamentTest]: no resource found for suffixes {-context.xml, Context.groovy}.
00:29:35.901 [main] DEBUG org.springframework.test.context.support.ActiveProfilesUtils - Could not find an 'annotation declaring class' for annotation type [org.springframework.test.context.ActiveProfiles] and class [pt.ulisboa.tecnico.socialsoftware.tournament.tournament.service.CancelTournamentTest]
00:29:35.902 [main] INFO org.springframework.boot.test.context.SpringBootTestContextBootstrapper - Found @SpringBootConfiguration pt.ulisboa.tecnico.socialsoftware.tournament.TournamentTestApplication for test class pt.ulisboa.tecnico.socialsoftware.tournament.tournament.service.CancelTournamentTest
00:29:35.904 [main] DEBUG org.springframework.boot.test.autoconfigure.orm.jpa.DataJpaTestContextBootstrapper - @TestExecutionListeners is not present for class [pt.ulisboa.tecnico.socialsoftware.tournament.tournament.service.CancelTournamentTest]: using defaults.
00:29:35.905 [main] INFO org.springframework.boot.test.autoconfigure.orm.jpa.DataJpaTestContextBootstrapper - Loaded default TestExecutionListener class names from location [META-INF/spring.factories]: [org.springframework.boot.test.mock.mockito.MockitoTestExecutionListener, org.springframework.boot.test.mock.mockito.ResetMocksTestExecutionListener, org.springframework.boot.test.autoconfigure.restdocs.RestDocsTestExecutionListener, org.springframework.boot.test.autoconfigure.web.client.MockRestServiceServerResetTestExecutionListener, org.springframework.boot.test.autoconfigure.web.servlet.MockMvcPrintOnlyOnFailureTestExecutionListener, org.springframework.boot.test.autoconfigure.web.servlet.WebDriverTestExecutionListener, org.springframework.boot.test.autoconfigure.webservices.client.MockWebServiceServerTestExecutionListener, org.springframework.test.context.web.ServletTestExecutionListener, org.springframework.test.context.support.DirtiesContextBeforeModesTestExecutionListener, org.springframework.test.context.event.ApplicationEventsTestExecutionListener, org.springframework.test.context.support.DependencyInjectionTestExecutionListener, org.springframework.test.context.support.DirtiesContextTestExecutionListener, org.springframework.test.context.transaction.TransactionalTestExecutionListener, org.springframework.test.context.jdbc.SqlScriptsTestExecutionListener, org.springframework.test.context.event.EventPublishingTestExecutionListener, org.springframework.security.test.context.support.WithSecurityContextTestExecutionListener, org.springframework.security.test.context.support.ReactorContextTestExecutionListener, org.spockframework.spring.SpringMockTestExecutionListener]
00:29:35.908 [main] INFO org.springframework.boot.test.autoconfigure.orm.jpa.DataJpaTestContextBootstrapper - Using TestExecutionListeners: [org.springframework.test.context.web.ServletTestExecutionListener@53fc870f, org.springframework.test.context.support.DirtiesContextBeforeModesTestExecutionListener@18f4086e, org.springframework.test.context.event.ApplicationEventsTestExecutionListener@43cbafa6, org.springframework.boot.test.mock.mockito.MockitoTestExecutionListener@538f45f1, org.springframework.boot.test.autoconfigure.SpringBootDependencyInjectionTestExecutionListener@64fc6470, org.springframework.test.context.support.DirtiesContextTestExecutionListener@5cf3a7f9, org.springframework.test.context.transaction.TransactionalTestExecutionListener@42db955e, org.springframework.test.context.jdbc.SqlScriptsTestExecutionListener@6bd2f039, org.springframework.test.context.event.EventPublishingTestExecutionListener@6c8ad6d7, org.springframework.security.test.context.support.WithSecurityContextTestExecutionListener@2d0778d0, org.springframework.security.test.context.support.ReactorContextTestExecutionListener@33e8694b, org.springframework.boot.test.mock.mockito.ResetMocksTestExecutionListener@4fc71437, org.springframework.boot.test.autoconfigure.restdocs.RestDocsTestExecutionListener@75c15f76, org.springframework.boot.test.autoconfigure.web.client.MockRestServiceServerResetTestExecutionListener@631678e6, org.springframework.boot.test.autoconfigure.web.servlet.MockMvcPrintOnlyOnFailureTestExecutionListener@1344f7fe, org.springframework.boot.test.autoconfigure.web.servlet.WebDriverTestExecutionListener@64d53f0d, org.springframework.boot.test.autoconfigure.webservices.client.MockWebServiceServerTestExecutionListener@1b10f60e, org.spockframework.spring.SpringMockTestExecutionListener@4b916cc2]
00:29:35.909 [main] DEBUG org.springframework.test.annotation.ProfileValueUtils - Retrieved @ProfileValueSourceConfiguration [null] for test class [pt.ulisboa.tecnico.socialsoftware.tournament.tournament.service.CreateTournamentTest]
00:29:35.909 [main] DEBUG org.springframework.test.annotation.ProfileValueUtils - Retrieved ProfileValueSource type [class org.springframework.test.annotation.SystemProfileValueSource] for class [pt.ulisboa.tecnico.socialsoftware.tournament.tournament.service.CreateTournamentTest]
00:29:35.910 [main] DEBUG org.springframework.test.annotation.ProfileValueUtils - Retrieved @ProfileValueSourceConfiguration [null] for test class [pt.ulisboa.tecnico.socialsoftware.tournament.tournament.service.CreateTournamentTest]
00:29:35.910 [main] DEBUG org.springframework.test.annotation.ProfileValueUtils - Retrieved ProfileValueSource type [class org.springframework.test.annotation.SystemProfileValueSource] for class [pt.ulisboa.tecnico.socialsoftware.tournament.tournament.service.CreateTournamentTest]
00:29:35.910 [main] DEBUG org.springframework.test.annotation.ProfileValueUtils - Retrieved @ProfileValueSourceConfiguration [null] for test class [pt.ulisboa.tecnico.socialsoftware.tournament.tournament.service.CreateTournamentTest]
00:29:35.910 [main] DEBUG org.springframework.test.annotation.ProfileValueUtils - Retrieved ProfileValueSource type [class org.springframework.test.annotation.SystemProfileValueSource] for class [pt.ulisboa.tecnico.socialsoftware.tournament.tournament.service.CreateTournamentTest]
00:29:35.910 [main] DEBUG org.springframework.test.annotation.ProfileValueUtils - Retrieved @ProfileValueSourceConfiguration [null] for test class [pt.ulisboa.tecnico.socialsoftware.tournament.tournament.service.CreateTournamentTest]
00:29:35.910 [main] DEBUG org.springframework.test.annotation.ProfileValueUtils - Retrieved ProfileValueSource type [class org.springframework.test.annotation.SystemProfileValueSource] for class [pt.ulisboa.tecnico.socialsoftware.tournament.tournament.service.CreateTournamentTest]
00:29:35.911 [main] DEBUG org.springframework.test.annotation.ProfileValueUtils - Retrieved @ProfileValueSourceConfiguration [null] for test class [pt.ulisboa.tecnico.socialsoftware.tournament.tournament.service.CreateTournamentTest]
00:29:35.911 [main] DEBUG org.springframework.test.annotation.ProfileValueUtils - Retrieved ProfileValueSource type [class org.springframework.test.annotation.SystemProfileValueSource] for class [pt.ulisboa.tecnico.socialsoftware.tournament.tournament.service.CreateTournamentTest]
00:29:35.911 [main] DEBUG org.springframework.test.context.BootstrapUtils - Instantiating CacheAwareContextLoaderDelegate from class [org.springframework.test.context.cache.DefaultCacheAwareContextLoaderDelegate]
00:29:35.911 [main] DEBUG org.springframework.test.context.BootstrapUtils - Instantiating BootstrapContext using constructor [public org.springframework.test.context.support.DefaultBootstrapContext(java.lang.Class,org.springframework.test.context.CacheAwareContextLoaderDelegate)]
00:29:35.912 [main] DEBUG org.springframework.test.context.BootstrapUtils - Instantiating TestContextBootstrapper for test class [pt.ulisboa.tecnico.socialsoftware.tournament.tournament.service.CreateTournamentTest] from class [org.springframework.boot.test.autoconfigure.orm.jpa.DataJpaTestContextBootstrapper]
00:29:35.913 [main] INFO org.springframework.boot.test.autoconfigure.orm.jpa.DataJpaTestContextBootstrapper - Neither @ContextConfiguration nor @ContextHierarchy found for test class [pt.ulisboa.tecnico.socialsoftware.tournament.tournament.service.CreateTournamentTest], using SpringBootContextLoader
00:29:35.914 [main] DEBUG org.springframework.test.context.support.AbstractContextLoader - Did not detect default resource location for test class [pt.ulisboa.tecnico.socialsoftware.tournament.tournament.service.CreateTournamentTest]: class path resource [pt/ulisboa/tecnico/socialsoftware/tournament/tournament/service/CreateTournamentTest-context.xml] does not exist
00:29:35.915 [main] DEBUG org.springframework.test.context.support.AbstractContextLoader - Did not detect default resource location for test class [pt.ulisboa.tecnico.socialsoftware.tournament.tournament.service.CreateTournamentTest]: class path resource [pt/ulisboa/tecnico/socialsoftware/tournament/tournament/service/CreateTournamentTestContext.groovy] does not exist
00:29:35.920 [main] INFO org.springframework.test.context.support.AbstractContextLoader - Could not detect default resource locations for test class [pt.ulisboa.tecnico.socialsoftware.tournament.tournament.service.CreateTournamentTest]: no resource found for suffixes {-context.xml, Context.groovy}.
00:29:35.927 [main] DEBUG org.springframework.test.context.support.ActiveProfilesUtils - Could not find an 'annotation declaring class' for annotation type [org.springframework.test.context.ActiveProfiles] and class [pt.ulisboa.tecnico.socialsoftware.tournament.tournament.service.CreateTournamentTest]
00:29:35.928 [main] INFO org.springframework.boot.test.context.SpringBootTestContextBootstrapper - Found @SpringBootConfiguration pt.ulisboa.tecnico.socialsoftware.tournament.TournamentTestApplication for test class pt.ulisboa.tecnico.socialsoftware.tournament.tournament.service.CreateTournamentTest
00:29:35.929 [main] DEBUG org.springframework.boot.test.autoconfigure.orm.jpa.DataJpaTestContextBootstrapper - @TestExecutionListeners is not present for class [pt.ulisboa.tecnico.socialsoftware.tournament.tournament.service.CreateTournamentTest]: using defaults.
00:29:35.930 [main] INFO org.springframework.boot.test.autoconfigure.orm.jpa.DataJpaTestContextBootstrapper - Loaded default TestExecutionListener class names from location [META-INF/spring.factories]: [org.springframework.boot.test.mock.mockito.MockitoTestExecutionListener, org.springframework.boot.test.mock.mockito.ResetMocksTestExecutionListener, org.springframework.boot.test.autoconfigure.restdocs.RestDocsTestExecutionListener, org.springframework.boot.test.autoconfigure.web.client.MockRestServiceServerResetTestExecutionListener, org.springframework.boot.test.autoconfigure.web.servlet.MockMvcPrintOnlyOnFailureTestExecutionListener, org.springframework.boot.test.autoconfigure.web.servlet.WebDriverTestExecutionListener, org.springframework.boot.test.autoconfigure.webservices.client.MockWebServiceServerTestExecutionListener, org.springframework.test.context.web.ServletTestExecutionListener, org.springframework.test.context.support.DirtiesContextBeforeModesTestExecutionListener, org.springframework.test.context.event.ApplicationEventsTestExecutionListener, org.springframework.test.context.support.DependencyInjectionTestExecutionListener, org.springframework.test.context.support.DirtiesContextTestExecutionListener, org.springframework.test.context.transaction.TransactionalTestExecutionListener, org.springframework.test.context.jdbc.SqlScriptsTestExecutionListener, org.springframework.test.context.event.EventPublishingTestExecutionListener, org.springframework.security.test.context.support.WithSecurityContextTestExecutionListener, org.springframework.security.test.context.support.ReactorContextTestExecutionListener, org.spockframework.spring.SpringMockTestExecutionListener]
00:29:35.932 [main] INFO org.springframework.boot.test.autoconfigure.orm.jpa.DataJpaTestContextBootstrapper - Using TestExecutionListeners: [org.springframework.test.context.web.ServletTestExecutionListener@7f5e9949, org.springframework.test.context.support.DirtiesContextBeforeModesTestExecutionListener@323eecf8, org.springframework.test.context.event.ApplicationEventsTestExecutionListener@2e02cc37, org.springframework.boot.test.mock.mockito.MockitoTestExecutionListener@6e355249, org.springframework.boot.test.autoconfigure.SpringBootDependencyInjectionTestExecutionListener@652a1a17, org.springframework.test.context.support.DirtiesContextTestExecutionListener@20b67366, org.springframework.test.context.transaction.TransactionalTestExecutionListener@186d6033, org.springframework.test.context.jdbc.SqlScriptsTestExecutionListener@5c0ece6d, org.springframework.test.context.event.EventPublishingTestExecutionListener@69419d59, org.springframework.security.test.context.support.WithSecurityContextTestExecutionListener@7affee54, org.springframework.security.test.context.support.ReactorContextTestExecutionListener@96075c0, org.springframework.boot.test.mock.mockito.ResetMocksTestExecutionListener@2337bf27, org.springframework.boot.test.autoconfigure.restdocs.RestDocsTestExecutionListener@4679554d, org.springframework.boot.test.autoconfigure.web.client.MockRestServiceServerResetTestExecutionListener@43719e98, org.springframework.boot.test.autoconfigure.web.servlet.MockMvcPrintOnlyOnFailureTestExecutionListener@49353d43, org.springframework.boot.test.autoconfigure.web.servlet.WebDriverTestExecutionListener@57e57dc5, org.springframework.boot.test.autoconfigure.webservices.client.MockWebServiceServerTestExecutionListener@5bba9949, org.spockframework.spring.SpringMockTestExecutionListener@147059f8]
00:29:35.935 [main] DEBUG org.springframework.test.annotation.ProfileValueUtils - Retrieved @ProfileValueSourceConfiguration [null] for test class [pt.ulisboa.tecnico.socialsoftware.tournament.tournament.service.GetClosedTournamentsTest]
00:29:35.935 [main] DEBUG org.springframework.test.annotation.ProfileValueUtils - Retrieved ProfileValueSource type [class org.springframework.test.annotation.SystemProfileValueSource] for class [pt.ulisboa.tecnico.socialsoftware.tournament.tournament.service.GetClosedTournamentsTest]
00:29:35.935 [main] DEBUG org.springframework.test.annotation.ProfileValueUtils - Retrieved @ProfileValueSourceConfiguration [null] for test class [pt.ulisboa.tecnico.socialsoftware.tournament.tournament.service.GetClosedTournamentsTest]
00:29:35.935 [main] DEBUG org.springframework.test.annotation.ProfileValueUtils - Retrieved ProfileValueSource type [class org.springframework.test.annotation.SystemProfileValueSource] for class [pt.ulisboa.tecnico.socialsoftware.tournament.tournament.service.GetClosedTournamentsTest]
00:29:35.936 [main] DEBUG org.springframework.test.annotation.ProfileValueUtils - Retrieved @ProfileValueSourceConfiguration [null] for test class [pt.ulisboa.tecnico.socialsoftware.tournament.tournament.service.GetClosedTournamentsTest]
00:29:35.936 [main] DEBUG org.springframework.test.annotation.ProfileValueUtils - Retrieved ProfileValueSource type [class org.springframework.test.annotation.SystemProfileValueSource] for class [pt.ulisboa.tecnico.socialsoftware.tournament.tournament.service.GetClosedTournamentsTest]
00:29:35.937 [main] DEBUG org.springframework.test.annotation.ProfileValueUtils - Retrieved @ProfileValueSourceConfiguration [null] for test class [pt.ulisboa.tecnico.socialsoftware.tournament.tournament.service.GetClosedTournamentsTest]
00:29:35.937 [main] DEBUG org.springframework.test.annotation.ProfileValueUtils - Retrieved ProfileValueSource type [class org.springframework.test.annotation.SystemProfileValueSource] for class [pt.ulisboa.tecnico.socialsoftware.tournament.tournament.service.GetClosedTournamentsTest]
00:29:35.937 [main] DEBUG org.springframework.test.annotation.ProfileValueUtils - Retrieved @ProfileValueSourceConfiguration [null] for test class [pt.ulisboa.tecnico.socialsoftware.tournament.tournament.service.GetClosedTournamentsTest]
00:29:35.937 [main] DEBUG org.springframework.test.annotation.ProfileValueUtils - Retrieved ProfileValueSource type [class org.springframework.test.annotation.SystemProfileValueSource] for class [pt.ulisboa.tecnico.socialsoftware.tournament.tournament.service.GetClosedTournamentsTest]
00:29:35.938 [main] DEBUG org.springframework.test.annotation.ProfileValueUtils - Retrieved @ProfileValueSourceConfiguration [null] for test class [pt.ulisboa.tecnico.socialsoftware.tournament.tournament.service.GetClosedTournamentsTest]
00:29:35.938 [main] DEBUG org.springframework.test.annotation.ProfileValueUtils - Retrieved ProfileValueSource type [class org.springframework.test.annotation.SystemProfileValueSource] for class [pt.ulisboa.tecnico.socialsoftware.tournament.tournament.service.GetClosedTournamentsTest]
00:29:35.938 [main] DEBUG org.springframework.test.annotation.ProfileValueUtils - Retrieved @ProfileValueSourceConfiguration [null] for test class [pt.ulisboa.tecnico.socialsoftware.tournament.tournament.service.GetClosedTournamentsTest]
00:29:35.938 [main] DEBUG org.springframework.test.annotation.ProfileValueUtils - Retrieved ProfileValueSource type [class org.springframework.test.annotation.SystemProfileValueSource] for class [pt.ulisboa.tecnico.socialsoftware.tournament.tournament.service.GetClosedTournamentsTest]
00:29:35.939 [main] DEBUG org.springframework.test.context.BootstrapUtils - Instantiating CacheAwareContextLoaderDelegate from class [org.springframework.test.context.cache.DefaultCacheAwareContextLoaderDelegate]
00:29:35.939 [main] DEBUG org.springframework.test.context.BootstrapUtils - Instantiating BootstrapContext using constructor [public org.springframework.test.context.support.DefaultBootstrapContext(java.lang.Class,org.springframework.test.context.CacheAwareContextLoaderDelegate)]
00:29:35.939 [main] DEBUG org.springframework.test.context.BootstrapUtils - Instantiating TestContextBootstrapper for test class [pt.ulisboa.tecnico.socialsoftware.tournament.tournament.service.GetClosedTournamentsTest] from class [org.springframework.boot.test.autoconfigure.orm.jpa.DataJpaTestContextBootstrapper]
00:29:35.940 [main] INFO org.springframework.boot.test.autoconfigure.orm.jpa.DataJpaTestContextBootstrapper - Neither @ContextConfiguration nor @ContextHierarchy found for test class [pt.ulisboa.tecnico.socialsoftware.tournament.tournament.service.GetClosedTournamentsTest], using SpringBootContextLoader
00:29:35.942 [main] DEBUG org.springframework.test.context.support.AbstractContextLoader - Did not detect default resource location for test class [pt.ulisboa.tecnico.socialsoftware.tournament.tournament.service.GetClosedTournamentsTest]: class path resource [pt/ulisboa/tecnico/socialsoftware/tournament/tournament/service/GetClosedTournamentsTest-context.xml] does not exist
00:29:35.945 [main] DEBUG org.springframework.test.context.support.AbstractContextLoader - Did not detect default resource location for test class [pt.ulisboa.tecnico.socialsoftware.tournament.tournament.service.GetClosedTournamentsTest]: class path resource [pt/ulisboa/tecnico/socialsoftware/tournament/tournament/service/GetClosedTournamentsTestContext.groovy] does not exist
00:29:35.945 [main] INFO org.springframework.test.context.support.AbstractContextLoader - Could not detect default resource locations for test class [pt.ulisboa.tecnico.socialsoftware.tournament.tournament.service.GetClosedTournamentsTest]: no resource found for suffixes {-context.xml, Context.groovy}.
00:29:35.958 [main] DEBUG org.springframework.test.context.support.ActiveProfilesUtils - Could not find an 'annotation declaring class' for annotation type [org.springframework.test.context.ActiveProfiles] and class [pt.ulisboa.tecnico.socialsoftware.tournament.tournament.service.GetClosedTournamentsTest]
00:29:35.959 [main] INFO org.springframework.boot.test.context.SpringBootTestContextBootstrapper - Found @SpringBootConfiguration pt.ulisboa.tecnico.socialsoftware.tournament.TournamentTestApplication for test class pt.ulisboa.tecnico.socialsoftware.tournament.tournament.service.GetClosedTournamentsTest
00:29:35.963 [main] DEBUG org.springframework.boot.test.autoconfigure.orm.jpa.DataJpaTestContextBootstrapper - @TestExecutionListeners is not present for class [pt.ulisboa.tecnico.socialsoftware.tournament.tournament.service.GetClosedTournamentsTest]: using defaults.
00:29:35.963 [main] INFO org.springframework.boot.test.autoconfigure.orm.jpa.DataJpaTestContextBootstrapper - Loaded default TestExecutionListener class names from location [META-INF/spring.factories]: [org.springframework.boot.test.mock.mockito.MockitoTestExecutionListener, org.springframework.boot.test.mock.mockito.ResetMocksTestExecutionListener, org.springframework.boot.test.autoconfigure.restdocs.RestDocsTestExecutionListener, org.springframework.boot.test.autoconfigure.web.client.MockRestServiceServerResetTestExecutionListener, org.springframework.boot.test.autoconfigure.web.servlet.MockMvcPrintOnlyOnFailureTestExecutionListener, org.springframework.boot.test.autoconfigure.web.servlet.WebDriverTestExecutionListener, org.springframework.boot.test.autoconfigure.webservices.client.MockWebServiceServerTestExecutionListener, org.springframework.test.context.web.ServletTestExecutionListener, org.springframework.test.context.support.DirtiesContextBeforeModesTestExecutionListener, org.springframework.test.context.event.ApplicationEventsTestExecutionListener, org.springframework.test.context.support.DependencyInjectionTestExecutionListener, org.springframework.test.context.support.DirtiesContextTestExecutionListener, org.springframework.test.context.transaction.TransactionalTestExecutionListener, org.springframework.test.context.jdbc.SqlScriptsTestExecutionListener, org.springframework.test.context.event.EventPublishingTestExecutionListener, org.springframework.security.test.context.support.WithSecurityContextTestExecutionListener, org.springframework.security.test.context.support.ReactorContextTestExecutionListener, org.spockframework.spring.SpringMockTestExecutionListener]
00:29:35.969 [main] INFO org.springframework.boot.test.autoconfigure.orm.jpa.DataJpaTestContextBootstrapper - Using TestExecutionListeners: [org.springframework.test.context.web.ServletTestExecutionListener@1c43e84e, org.springframework.test.context.support.DirtiesContextBeforeModesTestExecutionListener@7bd694a5, org.springframework.test.context.event.ApplicationEventsTestExecutionListener@21ce2e4d, org.springframework.boot.test.mock.mockito.MockitoTestExecutionListener@3921135e, org.springframework.boot.test.autoconfigure.SpringBootDependencyInjectionTestExecutionListener@3a239dac, org.springframework.test.context.support.DirtiesContextTestExecutionListener@759f45f1, org.springframework.test.context.transaction.TransactionalTestExecutionListener@2573b149, org.springframework.test.context.jdbc.SqlScriptsTestExecutionListener@1479ed5a, org.springframework.test.context.event.EventPublishingTestExecutionListener@3211cc84, org.springframework.security.test.context.support.WithSecurityContextTestExecutionListener@3d2eb7fa, org.springframework.security.test.context.support.ReactorContextTestExecutionListener@56fa0ef, org.springframework.boot.test.mock.mockito.ResetMocksTestExecutionListener@5e278e25, org.springframework.boot.test.autoconfigure.restdocs.RestDocsTestExecutionListener@62ee1c89, org.springframework.boot.test.autoconfigure.web.client.MockRestServiceServerResetTestExecutionListener@2ab7f649, org.springframework.boot.test.autoconfigure.web.servlet.MockMvcPrintOnlyOnFailureTestExecutionListener@52a74328, org.springframework.boot.test.autoconfigure.web.servlet.WebDriverTestExecutionListener@3093b9ff, org.springframework.boot.test.autoconfigure.webservices.client.MockWebServiceServerTestExecutionListener@220be130, org.spockframework.spring.SpringMockTestExecutionListener@379b4e86]
00:29:35.970 [main] DEBUG org.springframework.test.annotation.ProfileValueUtils - Retrieved @ProfileValueSourceConfiguration [null] for test class [pt.ulisboa.tecnico.socialsoftware.tournament.tournament.service.GetOpenTournamentsTest]
00:29:35.971 [main] DEBUG org.springframework.test.annotation.ProfileValueUtils - Retrieved ProfileValueSource type [class org.springframework.test.annotation.SystemProfileValueSource] for class [pt.ulisboa.tecnico.socialsoftware.tournament.tournament.service.GetOpenTournamentsTest]
00:29:35.971 [main] DEBUG org.springframework.test.annotation.ProfileValueUtils - Retrieved @ProfileValueSourceConfiguration [null] for test class [pt.ulisboa.tecnico.socialsoftware.tournament.tournament.service.GetOpenTournamentsTest]
00:29:35.971 [main] DEBUG org.springframework.test.annotation.ProfileValueUtils - Retrieved ProfileValueSource type [class org.springframework.test.annotation.SystemProfileValueSource] for class [pt.ulisboa.tecnico.socialsoftware.tournament.tournament.service.GetOpenTournamentsTest]
00:29:35.971 [main] DEBUG org.springframework.test.annotation.ProfileValueUtils - Retrieved @ProfileValueSourceConfiguration [null] for test class [pt.ulisboa.tecnico.socialsoftware.tournament.tournament.service.GetOpenTournamentsTest]
00:29:35.971 [main] DEBUG org.springframework.test.annotation.ProfileValueUtils - Retrieved ProfileValueSource type [class org.springframework.test.annotation.SystemProfileValueSource] for class [pt.ulisboa.tecnico.socialsoftware.tournament.tournament.service.GetOpenTournamentsTest]
00:29:35.972 [main] DEBUG org.springframework.test.annotation.ProfileValueUtils - Retrieved @ProfileValueSourceConfiguration [null] for test class [pt.ulisboa.tecnico.socialsoftware.tournament.tournament.service.GetOpenTournamentsTest]
00:29:35.972 [main] DEBUG org.springframework.test.annotation.ProfileValueUtils - Retrieved ProfileValueSource type [class org.springframework.test.annotation.SystemProfileValueSource] for class [pt.ulisboa.tecnico.socialsoftware.tournament.tournament.service.GetOpenTournamentsTest]
00:29:35.972 [main] DEBUG org.springframework.test.annotation.ProfileValueUtils - Retrieved @ProfileValueSourceConfiguration [null] for test class [pt.ulisboa.tecnico.socialsoftware.tournament.tournament.service.GetOpenTournamentsTest]
00:29:35.972 [main] DEBUG org.springframework.test.annotation.ProfileValueUtils - Retrieved ProfileValueSource type [class org.springframework.test.annotation.SystemProfileValueSource] for class [pt.ulisboa.tecnico.socialsoftware.tournament.tournament.service.GetOpenTournamentsTest]
00:29:35.972 [main] DEBUG org.springframework.test.annotation.ProfileValueUtils - Retrieved @ProfileValueSourceConfiguration [null] for test class [pt.ulisboa.tecnico.socialsoftware.tournament.tournament.service.GetOpenTournamentsTest]
00:29:35.972 [main] DEBUG org.springframework.test.annotation.ProfileValueUtils - Retrieved ProfileValueSource type [class org.springframework.test.annotation.SystemProfileValueSource] for class [pt.ulisboa.tecnico.socialsoftware.tournament.tournament.service.GetOpenTournamentsTest]
00:29:35.972 [main] DEBUG org.springframework.test.annotation.ProfileValueUtils - Retrieved @ProfileValueSourceConfiguration [null] for test class [pt.ulisboa.tecnico.socialsoftware.tournament.tournament.service.GetOpenTournamentsTest]
00:29:35.973 [main] DEBUG org.springframework.test.annotation.ProfileValueUtils - Retrieved ProfileValueSource type [class org.springframework.test.annotation.SystemProfileValueSource] for class [pt.ulisboa.tecnico.socialsoftware.tournament.tournament.service.GetOpenTournamentsTest]
00:29:35.973 [main] DEBUG org.springframework.test.context.BootstrapUtils - Instantiating CacheAwareContextLoaderDelegate from class [org.springframework.test.context.cache.DefaultCacheAwareContextLoaderDelegate]
00:29:35.974 [main] DEBUG org.springframework.test.context.BootstrapUtils - Instantiating BootstrapContext using constructor [public org.springframework.test.context.support.DefaultBootstrapContext(java.lang.Class,org.springframework.test.context.CacheAwareContextLoaderDelegate)]
00:29:35.975 [main] DEBUG org.springframework.test.context.BootstrapUtils - Instantiating TestContextBootstrapper for test class [pt.ulisboa.tecnico.socialsoftware.tournament.tournament.service.GetOpenTournamentsTest] from class [org.springframework.boot.test.autoconfigure.orm.jpa.DataJpaTestContextBootstrapper]
00:29:35.977 [main] INFO org.springframework.boot.test.autoconfigure.orm.jpa.DataJpaTestContextBootstrapper - Neither @ContextConfiguration nor @ContextHierarchy found for test class [pt.ulisboa.tecnico.socialsoftware.tournament.tournament.service.GetOpenTournamentsTest], using SpringBootContextLoader
00:29:35.979 [main] DEBUG org.springframework.test.context.support.AbstractContextLoader - Did not detect default resource location for test class [pt.ulisboa.tecnico.socialsoftware.tournament.tournament.service.GetOpenTournamentsTest]: class path resource [pt/ulisboa/tecnico/socialsoftware/tournament/tournament/service/GetOpenTournamentsTest-context.xml] does not exist
00:29:35.981 [main] DEBUG org.springframework.test.context.support.AbstractContextLoader - Did not detect default resource location for test class [pt.ulisboa.tecnico.socialsoftware.tournament.tournament.service.GetOpenTournamentsTest]: class path resource [pt/ulisboa/tecnico/socialsoftware/tournament/tournament/service/GetOpenTournamentsTestContext.groovy] does not exist
00:29:35.981 [main] INFO org.springframework.test.context.support.AbstractContextLoader - Could not detect default resource locations for test class [pt.ulisboa.tecnico.socialsoftware.tournament.tournament.service.GetOpenTournamentsTest]: no resource found for suffixes {-context.xml, Context.groovy}.
00:29:35.999 [main] DEBUG org.springframework.test.context.support.ActiveProfilesUtils - Could not find an 'annotation declaring class' for annotation type [org.springframework.test.context.ActiveProfiles] and class [pt.ulisboa.tecnico.socialsoftware.tournament.tournament.service.GetOpenTournamentsTest]
00:29:36.001 [main] INFO org.springframework.boot.test.context.SpringBootTestContextBootstrapper - Found @SpringBootConfiguration pt.ulisboa.tecnico.socialsoftware.tournament.TournamentTestApplication for test class pt.ulisboa.tecnico.socialsoftware.tournament.tournament.service.GetOpenTournamentsTest
00:29:36.004 [main] DEBUG org.springframework.boot.test.autoconfigure.orm.jpa.DataJpaTestContextBootstrapper - @TestExecutionListeners is not present for class [pt.ulisboa.tecnico.socialsoftware.tournament.tournament.service.GetOpenTournamentsTest]: using defaults.
00:29:36.004 [main] INFO org.springframework.boot.test.autoconfigure.orm.jpa.DataJpaTestContextBootstrapper - Loaded default TestExecutionListener class names from location [META-INF/spring.factories]: [org.springframework.boot.test.mock.mockito.MockitoTestExecutionListener, org.springframework.boot.test.mock.mockito.ResetMocksTestExecutionListener, org.springframework.boot.test.autoconfigure.restdocs.RestDocsTestExecutionListener, org.springframework.boot.test.autoconfigure.web.client.MockRestServiceServerResetTestExecutionListener, org.springframework.boot.test.autoconfigure.web.servlet.MockMvcPrintOnlyOnFailureTestExecutionListener, org.springframework.boot.test.autoconfigure.web.servlet.WebDriverTestExecutionListener, org.springframework.boot.test.autoconfigure.webservices.client.MockWebServiceServerTestExecutionListener, org.springframework.test.context.web.ServletTestExecutionListener, org.springframework.test.context.support.DirtiesContextBeforeModesTestExecutionListener, org.springframework.test.context.event.ApplicationEventsTestExecutionListener, org.springframework.test.context.support.DependencyInjectionTestExecutionListener, org.springframework.test.context.support.DirtiesContextTestExecutionListener, org.springframework.test.context.transaction.TransactionalTestExecutionListener, org.springframework.test.context.jdbc.SqlScriptsTestExecutionListener, org.springframework.test.context.event.EventPublishingTestExecutionListener, org.springframework.security.test.context.support.WithSecurityContextTestExecutionListener, org.springframework.security.test.context.support.ReactorContextTestExecutionListener, org.spockframework.spring.SpringMockTestExecutionListener]
00:29:36.016 [main] INFO org.springframework.boot.test.autoconfigure.orm.jpa.DataJpaTestContextBootstrapper - Using TestExecutionListeners: [org.springframework.test.context.web.ServletTestExecutionListener@70819ba8, org.springframework.test.context.support.DirtiesContextBeforeModesTestExecutionListener@446a692f, org.springframework.test.context.event.ApplicationEventsTestExecutionListener@283ecb4b, org.springframework.boot.test.mock.mockito.MockitoTestExecutionListener@a30dbc0, org.springframework.boot.test.autoconfigure.SpringBootDependencyInjectionTestExecutionListener@76104df5, org.springframework.test.context.support.DirtiesContextTestExecutionListener@61246109, org.springframework.test.context.transaction.TransactionalTestExecutionListener@3f9e8af5, org.springframework.test.context.jdbc.SqlScriptsTestExecutionListener@337cb81d, org.springframework.test.context.event.EventPublishingTestExecutionListener@47772462, org.springframework.security.test.context.support.WithSecurityContextTestExecutionListener@59929ac, org.springframework.security.test.context.support.ReactorContextTestExecutionListener@4e9bd2c8, org.springframework.boot.test.mock.mockito.ResetMocksTestExecutionListener@18f13756, org.springframework.boot.test.autoconfigure.restdocs.RestDocsTestExecutionListener@665b441e, org.springframework.boot.test.autoconfigure.web.client.MockRestServiceServerResetTestExecutionListener@2ac3d530, org.springframework.boot.test.autoconfigure.web.servlet.MockMvcPrintOnlyOnFailureTestExecutionListener@3a5e4f32, org.springframework.boot.test.autoconfigure.web.servlet.WebDriverTestExecutionListener@2b0494a8, org.springframework.boot.test.autoconfigure.webservices.client.MockWebServiceServerTestExecutionListener@17c34e62, org.spockframework.spring.SpringMockTestExecutionListener@239d73ff]
00:29:36.019 [main] DEBUG org.springframework.test.annotation.ProfileValueUtils - Retrieved @ProfileValueSourceConfiguration [null] for test class [pt.ulisboa.tecnico.socialsoftware.tournament.tournament.service.GetTournamentsTest]
00:29:36.019 [main] DEBUG org.springframework.test.annotation.ProfileValueUtils - Retrieved ProfileValueSource type [class org.springframework.test.annotation.SystemProfileValueSource] for class [pt.ulisboa.tecnico.socialsoftware.tournament.tournament.service.GetTournamentsTest]
00:29:36.019 [main] DEBUG org.springframework.test.annotation.ProfileValueUtils - Retrieved @ProfileValueSourceConfiguration [null] for test class [pt.ulisboa.tecnico.socialsoftware.tournament.tournament.service.GetTournamentsTest]
00:29:36.019 [main] DEBUG org.springframework.test.annotation.ProfileValueUtils - Retrieved ProfileValueSource type [class org.springframework.test.annotation.SystemProfileValueSource] for class [pt.ulisboa.tecnico.socialsoftware.tournament.tournament.service.GetTournamentsTest]
00:29:36.020 [main] DEBUG org.springframework.test.annotation.ProfileValueUtils - Retrieved @ProfileValueSourceConfiguration [null] for test class [pt.ulisboa.tecnico.socialsoftware.tournament.tournament.service.GetTournamentsTest]
00:29:36.020 [main] DEBUG org.springframework.test.annotation.ProfileValueUtils - Retrieved ProfileValueSource type [class org.springframework.test.annotation.SystemProfileValueSource] for class [pt.ulisboa.tecnico.socialsoftware.tournament.tournament.service.GetTournamentsTest]
00:29:36.020 [main] DEBUG org.springframework.test.annotation.ProfileValueUtils - Retrieved @ProfileValueSourceConfiguration [null] for test class [pt.ulisboa.tecnico.socialsoftware.tournament.tournament.service.GetTournamentsTest]
00:29:36.020 [main] DEBUG org.springframework.test.annotation.ProfileValueUtils - Retrieved ProfileValueSource type [class org.springframework.test.annotation.SystemProfileValueSource] for class [pt.ulisboa.tecnico.socialsoftware.tournament.tournament.service.GetTournamentsTest]
00:29:36.020 [main] DEBUG org.springframework.test.annotation.ProfileValueUtils - Retrieved @ProfileValueSourceConfiguration [null] for test class [pt.ulisboa.tecnico.socialsoftware.tournament.tournament.service.GetTournamentsTest]
00:29:36.020 [main] DEBUG org.springframework.test.annotation.ProfileValueUtils - Retrieved ProfileValueSource type [class org.springframework.test.annotation.SystemProfileValueSource] for class [pt.ulisboa.tecnico.socialsoftware.tournament.tournament.service.GetTournamentsTest]
00:29:36.020 [main] DEBUG org.springframework.test.annotation.ProfileValueUtils - Retrieved @ProfileValueSourceConfiguration [null] for test class [pt.ulisboa.tecnico.socialsoftware.tournament.tournament.service.GetTournamentsTest]
00:29:36.021 [main] DEBUG org.springframework.test.annotation.ProfileValueUtils - Retrieved ProfileValueSource type [class org.springframework.test.annotation.SystemProfileValueSource] for class [pt.ulisboa.tecnico.socialsoftware.tournament.tournament.service.GetTournamentsTest]
00:29:36.021 [main] DEBUG org.springframework.test.annotation.ProfileValueUtils - Retrieved @ProfileValueSourceConfiguration [null] for test class [pt.ulisboa.tecnico.socialsoftware.tournament.tournament.service.GetTournamentsTest]
00:29:36.021 [main] DEBUG org.springframework.test.annotation.ProfileValueUtils - Retrieved ProfileValueSource type [class org.springframework.test.annotation.SystemProfileValueSource] for class [pt.ulisboa.tecnico.socialsoftware.tournament.tournament.service.GetTournamentsTest]
00:29:36.021 [main] DEBUG org.springframework.test.context.BootstrapUtils - Instantiating CacheAwareContextLoaderDelegate from class [org.springframework.test.context.cache.DefaultCacheAwareContextLoaderDelegate]
00:29:36.021 [main] DEBUG org.springframework.test.context.BootstrapUtils - Instantiating BootstrapContext using constructor [public org.springframework.test.context.support.DefaultBootstrapContext(java.lang.Class,org.springframework.test.context.CacheAwareContextLoaderDelegate)]
00:29:36.022 [main] DEBUG org.springframework.test.context.BootstrapUtils - Instantiating TestContextBootstrapper for test class [pt.ulisboa.tecnico.socialsoftware.tournament.tournament.service.GetTournamentsTest] from class [org.springframework.boot.test.autoconfigure.orm.jpa.DataJpaTestContextBootstrapper]
00:29:36.023 [main] INFO org.springframework.boot.test.autoconfigure.orm.jpa.DataJpaTestContextBootstrapper - Neither @ContextConfiguration nor @ContextHierarchy found for test class [pt.ulisboa.tecnico.socialsoftware.tournament.tournament.service.GetTournamentsTest], using SpringBootContextLoader
00:29:36.025 [main] DEBUG org.springframework.test.context.support.AbstractContextLoader - Did not detect default resource location for test class [pt.ulisboa.tecnico.socialsoftware.tournament.tournament.service.GetTournamentsTest]: class path resource [pt/ulisboa/tecnico/socialsoftware/tournament/tournament/service/GetTournamentsTest-context.xml] does not exist
00:29:36.026 [main] DEBUG org.springframework.test.context.support.AbstractContextLoader - Did not detect default resource location for test class [pt.ulisboa.tecnico.socialsoftware.tournament.tournament.service.GetTournamentsTest]: class path resource [pt/ulisboa/tecnico/socialsoftware/tournament/tournament/service/GetTournamentsTestContext.groovy] does not exist
00:29:36.026 [main] INFO org.springframework.test.context.support.AbstractContextLoader - Could not detect default resource locations for test class [pt.ulisboa.tecnico.socialsoftware.tournament.tournament.service.GetTournamentsTest]: no resource found for suffixes {-context.xml, Context.groovy}.
00:29:36.033 [main] DEBUG org.springframework.test.context.support.ActiveProfilesUtils - Could not find an 'annotation declaring class' for annotation type [org.springframework.test.context.ActiveProfiles] and class [pt.ulisboa.tecnico.socialsoftware.tournament.tournament.service.GetTournamentsTest]
00:29:36.043 [main] INFO org.springframework.boot.test.context.SpringBootTestContextBootstrapper - Found @SpringBootConfiguration pt.ulisboa.tecnico.socialsoftware.tournament.TournamentTestApplication for test class pt.ulisboa.tecnico.socialsoftware.tournament.tournament.service.GetTournamentsTest
00:29:36.047 [main] DEBUG org.springframework.boot.test.autoconfigure.orm.jpa.DataJpaTestContextBootstrapper - @TestExecutionListeners is not present for class [pt.ulisboa.tecnico.socialsoftware.tournament.tournament.service.GetTournamentsTest]: using defaults.
00:29:36.047 [main] INFO org.springframework.boot.test.autoconfigure.orm.jpa.DataJpaTestContextBootstrapper - Loaded default TestExecutionListener class names from location [META-INF/spring.factories]: [org.springframework.boot.test.mock.mockito.MockitoTestExecutionListener, org.springframework.boot.test.mock.mockito.ResetMocksTestExecutionListener, org.springframework.boot.test.autoconfigure.restdocs.RestDocsTestExecutionListener, org.springframework.boot.test.autoconfigure.web.client.MockRestServiceServerResetTestExecutionListener, org.springframework.boot.test.autoconfigure.web.servlet.MockMvcPrintOnlyOnFailureTestExecutionListener, org.springframework.boot.test.autoconfigure.web.servlet.WebDriverTestExecutionListener, org.springframework.boot.test.autoconfigure.webservices.client.MockWebServiceServerTestExecutionListener, org.springframework.test.context.web.ServletTestExecutionListener, org.springframework.test.context.support.DirtiesContextBeforeModesTestExecutionListener, org.springframework.test.context.event.ApplicationEventsTestExecutionListener, org.springframework.test.context.support.DependencyInjectionTestExecutionListener, org.springframework.test.context.support.DirtiesContextTestExecutionListener, org.springframework.test.context.transaction.TransactionalTestExecutionListener, org.springframework.test.context.jdbc.SqlScriptsTestExecutionListener, org.springframework.test.context.event.EventPublishingTestExecutionListener, org.springframework.security.test.context.support.WithSecurityContextTestExecutionListener, org.springframework.security.test.context.support.ReactorContextTestExecutionListener, org.spockframework.spring.SpringMockTestExecutionListener]
00:29:36.050 [main] INFO org.springframework.boot.test.autoconfigure.orm.jpa.DataJpaTestContextBootstrapper - Using TestExecutionListeners: [org.springframework.test.context.web.ServletTestExecutionListener@6bf28f61, org.springframework.test.context.support.DirtiesContextBeforeModesTestExecutionListener@64dcf763, org.springframework.test.context.event.ApplicationEventsTestExecutionListener@696105c4, org.springframework.boot.test.mock.mockito.MockitoTestExecutionListener@21ab919c, org.springframework.boot.test.autoconfigure.SpringBootDependencyInjectionTestExecutionListener@5edd9b4f, org.springframework.test.context.support.DirtiesContextTestExecutionListener@5db90818, org.springframework.test.context.transaction.TransactionalTestExecutionListener@3c17794e, org.springframework.test.context.jdbc.SqlScriptsTestExecutionListener@414d2821, org.springframework.test.context.event.EventPublishingTestExecutionListener@7378c4a4, org.springframework.security.test.context.support.WithSecurityContextTestExecutionListener@6694fb1b, org.springframework.security.test.context.support.ReactorContextTestExecutionListener@61ce238e, org.springframework.boot.test.mock.mockito.ResetMocksTestExecutionListener@49ea13b6, org.springframework.boot.test.autoconfigure.restdocs.RestDocsTestExecutionListener@7c02b3cb, org.springframework.boot.test.autoconfigure.web.client.MockRestServiceServerResetTestExecutionListener@3d8fd373, org.springframework.boot.test.autoconfigure.web.servlet.MockMvcPrintOnlyOnFailureTestExecutionListener@2dcd451f, org.springframework.boot.test.autoconfigure.web.servlet.WebDriverTestExecutionListener@342394b3, org.springframework.boot.test.autoconfigure.webservices.client.MockWebServiceServerTestExecutionListener@5dd6f517, org.spockframework.spring.SpringMockTestExecutionListener@1e01b195]
00:29:36.051 [main] DEBUG org.springframework.test.annotation.ProfileValueUtils - Retrieved @ProfileValueSourceConfiguration [null] for test class [pt.ulisboa.tecnico.socialsoftware.tournament.tournament.service.JoinTournamentTest]
00:29:36.052 [main] DEBUG org.springframework.test.annotation.ProfileValueUtils - Retrieved ProfileValueSource type [class org.springframework.test.annotation.SystemProfileValueSource] for class [pt.ulisboa.tecnico.socialsoftware.tournament.tournament.service.JoinTournamentTest]
00:29:36.052 [main] DEBUG org.springframework.test.annotation.ProfileValueUtils - Retrieved @ProfileValueSourceConfiguration [null] for test class [pt.ulisboa.tecnico.socialsoftware.tournament.tournament.service.JoinTournamentTest]
00:29:36.052 [main] DEBUG org.springframework.test.annotation.ProfileValueUtils - Retrieved ProfileValueSource type [class org.springframework.test.annotation.SystemProfileValueSource] for class [pt.ulisboa.tecnico.socialsoftware.tournament.tournament.service.JoinTournamentTest]
00:29:36.052 [main] DEBUG org.springframework.test.annotation.ProfileValueUtils - Retrieved @ProfileValueSourceConfiguration [null] for test class [pt.ulisboa.tecnico.socialsoftware.tournament.tournament.service.JoinTournamentTest]
00:29:36.052 [main] DEBUG org.springframework.test.annotation.ProfileValueUtils - Retrieved ProfileValueSource type [class org.springframework.test.annotation.SystemProfileValueSource] for class [pt.ulisboa.tecnico.socialsoftware.tournament.tournament.service.JoinTournamentTest]
00:29:36.052 [main] DEBUG org.springframework.test.annotation.ProfileValueUtils - Retrieved @ProfileValueSourceConfiguration [null] for test class [pt.ulisboa.tecnico.socialsoftware.tournament.tournament.service.JoinTournamentTest]
00:29:36.052 [main] DEBUG org.springframework.test.annotation.ProfileValueUtils - Retrieved ProfileValueSource type [class org.springframework.test.annotation.SystemProfileValueSource] for class [pt.ulisboa.tecnico.socialsoftware.tournament.tournament.service.JoinTournamentTest]
00:29:36.052 [main] DEBUG org.springframework.test.annotation.ProfileValueUtils - Retrieved @ProfileValueSourceConfiguration [null] for test class [pt.ulisboa.tecnico.socialsoftware.tournament.tournament.service.JoinTournamentTest]
00:29:36.052 [main] DEBUG org.springframework.test.annotation.ProfileValueUtils - Retrieved ProfileValueSource type [class org.springframework.test.annotation.SystemProfileValueSource] for class [pt.ulisboa.tecnico.socialsoftware.tournament.tournament.service.JoinTournamentTest]
00:29:36.053 [main] DEBUG org.springframework.test.annotation.ProfileValueUtils - Retrieved @ProfileValueSourceConfiguration [null] for test class [pt.ulisboa.tecnico.socialsoftware.tournament.tournament.service.JoinTournamentTest]
00:29:36.053 [main] DEBUG org.springframework.test.annotation.ProfileValueUtils - Retrieved ProfileValueSource type [class org.springframework.test.annotation.SystemProfileValueSource] for class [pt.ulisboa.tecnico.socialsoftware.tournament.tournament.service.JoinTournamentTest]
00:29:36.053 [main] DEBUG org.springframework.test.annotation.ProfileValueUtils - Retrieved @ProfileValueSourceConfiguration [null] for test class [pt.ulisboa.tecnico.socialsoftware.tournament.tournament.service.JoinTournamentTest]
00:29:36.053 [main] DEBUG org.springframework.test.annotation.ProfileValueUtils - Retrieved ProfileValueSource type [class org.springframework.test.annotation.SystemProfileValueSource] for class [pt.ulisboa.tecnico.socialsoftware.tournament.tournament.service.JoinTournamentTest]
00:29:36.053 [main] DEBUG org.springframework.test.annotation.ProfileValueUtils - Retrieved @ProfileValueSourceConfiguration [null] for test class [pt.ulisboa.tecnico.socialsoftware.tournament.tournament.service.JoinTournamentTest]
00:29:36.053 [main] DEBUG org.springframework.test.annotation.ProfileValueUtils - Retrieved ProfileValueSource type [class org.springframework.test.annotation.SystemProfileValueSource] for class [pt.ulisboa.tecnico.socialsoftware.tournament.tournament.service.JoinTournamentTest]
00:29:36.053 [main] DEBUG org.springframework.test.context.BootstrapUtils - Instantiating CacheAwareContextLoaderDelegate from class [org.springframework.test.context.cache.DefaultCacheAwareContextLoaderDelegate]
00:29:36.054 [main] DEBUG org.springframework.test.context.BootstrapUtils - Instantiating BootstrapContext using constructor [public org.springframework.test.context.support.DefaultBootstrapContext(java.lang.Class,org.springframework.test.context.CacheAwareContextLoaderDelegate)]
00:29:36.054 [main] DEBUG org.springframework.test.context.BootstrapUtils - Instantiating TestContextBootstrapper for test class [pt.ulisboa.tecnico.socialsoftware.tournament.tournament.service.JoinTournamentTest] from class [org.springframework.boot.test.autoconfigure.orm.jpa.DataJpaTestContextBootstrapper]
00:29:36.055 [main] INFO org.springframework.boot.test.autoconfigure.orm.jpa.DataJpaTestContextBootstrapper - Neither @ContextConfiguration nor @ContextHierarchy found for test class [pt.ulisboa.tecnico.socialsoftware.tournament.tournament.service.JoinTournamentTest], using SpringBootContextLoader
00:29:36.057 [main] DEBUG org.springframework.test.context.support.AbstractContextLoader - Did not detect default resource location for test class [pt.ulisboa.tecnico.socialsoftware.tournament.tournament.service.JoinTournamentTest]: class path resource [pt/ulisboa/tecnico/socialsoftware/tournament/tournament/service/JoinTournamentTest-context.xml] does not exist
00:29:36.058 [main] DEBUG org.springframework.test.context.support.AbstractContextLoader - Did not detect default resource location for test class [pt.ulisboa.tecnico.socialsoftware.tournament.tournament.service.JoinTournamentTest]: class path resource [pt/ulisboa/tecnico/socialsoftware/tournament/tournament/service/JoinTournamentTestContext.groovy] does not exist
00:29:36.059 [main] INFO org.springframework.test.context.support.AbstractContextLoader - Could not detect default resource locations for test class [pt.ulisboa.tecnico.socialsoftware.tournament.tournament.service.JoinTournamentTest]: no resource found for suffixes {-context.xml, Context.groovy}.
00:29:36.066 [main] DEBUG org.springframework.test.context.support.ActiveProfilesUtils - Could not find an 'annotation declaring class' for annotation type [org.springframework.test.context.ActiveProfiles] and class [pt.ulisboa.tecnico.socialsoftware.tournament.tournament.service.JoinTournamentTest]
00:29:36.067 [main] INFO org.springframework.boot.test.context.SpringBootTestContextBootstrapper - Found @SpringBootConfiguration pt.ulisboa.tecnico.socialsoftware.tournament.TournamentTestApplication for test class pt.ulisboa.tecnico.socialsoftware.tournament.tournament.service.JoinTournamentTest
00:29:36.069 [main] DEBUG org.springframework.boot.test.autoconfigure.orm.jpa.DataJpaTestContextBootstrapper - @TestExecutionListeners is not present for class [pt.ulisboa.tecnico.socialsoftware.tournament.tournament.service.JoinTournamentTest]: using defaults.
00:29:36.069 [main] INFO org.springframework.boot.test.autoconfigure.orm.jpa.DataJpaTestContextBootstrapper - Loaded default TestExecutionListener class names from location [META-INF/spring.factories]: [org.springframework.boot.test.mock.mockito.MockitoTestExecutionListener, org.springframework.boot.test.mock.mockito.ResetMocksTestExecutionListener, org.springframework.boot.test.autoconfigure.restdocs.RestDocsTestExecutionListener, org.springframework.boot.test.autoconfigure.web.client.MockRestServiceServerResetTestExecutionListener, org.springframework.boot.test.autoconfigure.web.servlet.MockMvcPrintOnlyOnFailureTestExecutionListener, org.springframework.boot.test.autoconfigure.web.servlet.WebDriverTestExecutionListener, org.springframework.boot.test.autoconfigure.webservices.client.MockWebServiceServerTestExecutionListener, org.springframework.test.context.web.ServletTestExecutionListener, org.springframework.test.context.support.DirtiesContextBeforeModesTestExecutionListener, org.springframework.test.context.event.ApplicationEventsTestExecutionListener, org.springframework.test.context.support.DependencyInjectionTestExecutionListener, org.springframework.test.context.support.DirtiesContextTestExecutionListener, org.springframework.test.context.transaction.TransactionalTestExecutionListener, org.springframework.test.context.jdbc.SqlScriptsTestExecutionListener, org.springframework.test.context.event.EventPublishingTestExecutionListener, org.springframework.security.test.context.support.WithSecurityContextTestExecutionListener, org.springframework.security.test.context.support.ReactorContextTestExecutionListener, org.spockframework.spring.SpringMockTestExecutionListener]
00:29:36.072 [main] INFO org.springframework.boot.test.autoconfigure.orm.jpa.DataJpaTestContextBootstrapper - Using TestExecutionListeners: [org.springframework.test.context.web.ServletTestExecutionListener@59a3eaf7, org.springframework.test.context.support.DirtiesContextBeforeModesTestExecutionListener@718d6b7c, org.springframework.test.context.event.ApplicationEventsTestExecutionListener@1b994617, org.springframework.boot.test.mock.mockito.MockitoTestExecutionListener@807c1e8, org.springframework.boot.test.autoconfigure.SpringBootDependencyInjectionTestExecutionListener@4eb5764d, org.springframework.test.context.support.DirtiesContextTestExecutionListener@54f9326c, org.springframework.test.context.transaction.TransactionalTestExecutionListener@5016f1a, org.springframework.test.context.jdbc.SqlScriptsTestExecutionListener@33bfe6d3, org.springframework.test.context.event.EventPublishingTestExecutionListener@56dde9f7, org.springframework.security.test.context.support.WithSecurityContextTestExecutionListener@4b2acb12, org.springframework.security.test.context.support.ReactorContextTestExecutionListener@455d04d2, org.springframework.boot.test.mock.mockito.ResetMocksTestExecutionListener@998fbd4, org.springframework.boot.test.autoconfigure.restdocs.RestDocsTestExecutionListener@30333941, org.springframework.boot.test.autoconfigure.web.client.MockRestServiceServerResetTestExecutionListener@2d5c160e, org.springframework.boot.test.autoconfigure.web.servlet.MockMvcPrintOnlyOnFailureTestExecutionListener@8afce3, org.springframework.boot.test.autoconfigure.web.servlet.WebDriverTestExecutionListener@4e02f17d, org.springframework.boot.test.autoconfigure.webservices.client.MockWebServiceServerTestExecutionListener@675230cd, org.spockframework.spring.SpringMockTestExecutionListener@2a73a64f]
00:29:36.073 [main] DEBUG org.springframework.test.annotation.ProfileValueUtils - Retrieved @ProfileValueSourceConfiguration [null] for test class [pt.ulisboa.tecnico.socialsoftware.tournament.tournament.service.LeaveTournamentTest]
00:29:36.073 [main] DEBUG org.springframework.test.annotation.ProfileValueUtils - Retrieved ProfileValueSource type [class org.springframework.test.annotation.SystemProfileValueSource] for class [pt.ulisboa.tecnico.socialsoftware.tournament.tournament.service.LeaveTournamentTest]
00:29:36.074 [main] DEBUG org.springframework.test.annotation.ProfileValueUtils - Retrieved @ProfileValueSourceConfiguration [null] for test class [pt.ulisboa.tecnico.socialsoftware.tournament.tournament.service.LeaveTournamentTest]
00:29:36.074 [main] DEBUG org.springframework.test.annotation.ProfileValueUtils - Retrieved ProfileValueSource type [class org.springframework.test.annotation.SystemProfileValueSource] for class [pt.ulisboa.tecnico.socialsoftware.tournament.tournament.service.LeaveTournamentTest]
00:29:36.074 [main] DEBUG org.springframework.test.annotation.ProfileValueUtils - Retrieved @ProfileValueSourceConfiguration [null] for test class [pt.ulisboa.tecnico.socialsoftware.tournament.tournament.service.LeaveTournamentTest]
00:29:36.074 [main] DEBUG org.springframework.test.annotation.ProfileValueUtils - Retrieved ProfileValueSource type [class org.springframework.test.annotation.SystemProfileValueSource] for class [pt.ulisboa.tecnico.socialsoftware.tournament.tournament.service.LeaveTournamentTest]
00:29:36.074 [main] DEBUG org.springframework.test.context.BootstrapUtils - Instantiating CacheAwareContextLoaderDelegate from class [org.springframework.test.context.cache.DefaultCacheAwareContextLoaderDelegate]
00:29:36.074 [main] DEBUG org.springframework.test.context.BootstrapUtils - Instantiating BootstrapContext using constructor [public org.springframework.test.context.support.DefaultBootstrapContext(java.lang.Class,org.springframework.test.context.CacheAwareContextLoaderDelegate)]
00:29:36.075 [main] DEBUG org.springframework.test.context.BootstrapUtils - Instantiating TestContextBootstrapper for test class [pt.ulisboa.tecnico.socialsoftware.tournament.tournament.service.LeaveTournamentTest] from class [org.springframework.boot.test.autoconfigure.orm.jpa.DataJpaTestContextBootstrapper]
00:29:36.075 [main] INFO org.springframework.boot.test.autoconfigure.orm.jpa.DataJpaTestContextBootstrapper - Neither @ContextConfiguration nor @ContextHierarchy found for test class [pt.ulisboa.tecnico.socialsoftware.tournament.tournament.service.LeaveTournamentTest], using SpringBootContextLoader
00:29:36.089 [main] DEBUG org.springframework.test.context.support.AbstractContextLoader - Did not detect default resource location for test class [pt.ulisboa.tecnico.socialsoftware.tournament.tournament.service.LeaveTournamentTest]: class path resource [pt/ulisboa/tecnico/socialsoftware/tournament/tournament/service/LeaveTournamentTest-context.xml] does not exist
00:29:36.090 [main] DEBUG org.springframework.test.context.support.AbstractContextLoader - Did not detect default resource location for test class [pt.ulisboa.tecnico.socialsoftware.tournament.tournament.service.LeaveTournamentTest]: class path resource [pt/ulisboa/tecnico/socialsoftware/tournament/tournament/service/LeaveTournamentTestContext.groovy] does not exist
00:29:36.090 [main] INFO org.springframework.test.context.support.AbstractContextLoader - Could not detect default resource locations for test class [pt.ulisboa.tecnico.socialsoftware.tournament.tournament.service.LeaveTournamentTest]: no resource found for suffixes {-context.xml, Context.groovy}.
00:29:36.102 [main] DEBUG org.springframework.test.context.support.ActiveProfilesUtils - Could not find an 'annotation declaring class' for annotation type [org.springframework.test.context.ActiveProfiles] and class [pt.ulisboa.tecnico.socialsoftware.tournament.tournament.service.LeaveTournamentTest]
00:29:36.103 [main] INFO org.springframework.boot.test.context.SpringBootTestContextBootstrapper - Found @SpringBootConfiguration pt.ulisboa.tecnico.socialsoftware.tournament.TournamentTestApplication for test class pt.ulisboa.tecnico.socialsoftware.tournament.tournament.service.LeaveTournamentTest
00:29:36.105 [main] DEBUG org.springframework.boot.test.autoconfigure.orm.jpa.DataJpaTestContextBootstrapper - @TestExecutionListeners is not present for class [pt.ulisboa.tecnico.socialsoftware.tournament.tournament.service.LeaveTournamentTest]: using defaults.
00:29:36.105 [main] INFO org.springframework.boot.test.autoconfigure.orm.jpa.DataJpaTestContextBootstrapper - Loaded default TestExecutionListener class names from location [META-INF/spring.factories]: [org.springframework.boot.test.mock.mockito.MockitoTestExecutionListener, org.springframework.boot.test.mock.mockito.ResetMocksTestExecutionListener, org.springframework.boot.test.autoconfigure.restdocs.RestDocsTestExecutionListener, org.springframework.boot.test.autoconfigure.web.client.MockRestServiceServerResetTestExecutionListener, org.springframework.boot.test.autoconfigure.web.servlet.MockMvcPrintOnlyOnFailureTestExecutionListener, org.springframework.boot.test.autoconfigure.web.servlet.WebDriverTestExecutionListener, org.springframework.boot.test.autoconfigure.webservices.client.MockWebServiceServerTestExecutionListener, org.springframework.test.context.web.ServletTestExecutionListener, org.springframework.test.context.support.DirtiesContextBeforeModesTestExecutionListener, org.springframework.test.context.event.ApplicationEventsTestExecutionListener, org.springframework.test.context.support.DependencyInjectionTestExecutionListener, org.springframework.test.context.support.DirtiesContextTestExecutionListener, org.springframework.test.context.transaction.TransactionalTestExecutionListener, org.springframework.test.context.jdbc.SqlScriptsTestExecutionListener, org.springframework.test.context.event.EventPublishingTestExecutionListener, org.springframework.security.test.context.support.WithSecurityContextTestExecutionListener, org.springframework.security.test.context.support.ReactorContextTestExecutionListener, org.spockframework.spring.SpringMockTestExecutionListener]
00:29:36.110 [main] INFO org.springframework.boot.test.autoconfigure.orm.jpa.DataJpaTestContextBootstrapper - Using TestExecutionListeners: [org.springframework.test.context.web.ServletTestExecutionListener@7dc92a06, org.springframework.test.context.support.DirtiesContextBeforeModesTestExecutionListener@2419a5db, org.springframework.test.context.event.ApplicationEventsTestExecutionListener@52bb3dcd, org.springframework.boot.test.mock.mockito.MockitoTestExecutionListener@654db80b, org.springframework.boot.test.autoconfigure.SpringBootDependencyInjectionTestExecutionListener@516037be, org.springframework.test.context.support.DirtiesContextTestExecutionListener@383e6734, org.springframework.test.context.transaction.TransactionalTestExecutionListener@336070ab, org.springframework.test.context.jdbc.SqlScriptsTestExecutionListener@3be50b2c, org.springframework.test.context.event.EventPublishingTestExecutionListener@6be80629, org.springframework.security.test.context.support.WithSecurityContextTestExecutionListener@20a4cba7, org.springframework.security.test.context.support.ReactorContextTestExecutionListener@10f10230, org.springframework.boot.test.mock.mockito.ResetMocksTestExecutionListener@3dec769, org.springframework.boot.test.autoconfigure.restdocs.RestDocsTestExecutionListener@282c5075, org.springframework.boot.test.autoconfigure.web.client.MockRestServiceServerResetTestExecutionListener@2ed35f24, org.springframework.boot.test.autoconfigure.web.servlet.MockMvcPrintOnlyOnFailureTestExecutionListener@362b384c, org.springframework.boot.test.autoconfigure.web.servlet.WebDriverTestExecutionListener@433b546f, org.springframework.boot.test.autoconfigure.webservices.client.MockWebServiceServerTestExecutionListener@9de1b85, org.spockframework.spring.SpringMockTestExecutionListener@3d405fe5]
00:29:36.112 [main] DEBUG org.springframework.test.annotation.ProfileValueUtils - Retrieved @ProfileValueSourceConfiguration [null] for test class [pt.ulisboa.tecnico.socialsoftware.tournament.tournament.service.QuizTournamentGenerateTest]
00:29:36.112 [main] DEBUG org.springframework.test.annotation.ProfileValueUtils - Retrieved ProfileValueSource type [class org.springframework.test.annotation.SystemProfileValueSource] for class [pt.ulisboa.tecnico.socialsoftware.tournament.tournament.service.QuizTournamentGenerateTest]
00:29:36.112 [main] DEBUG org.springframework.test.annotation.ProfileValueUtils - Retrieved @ProfileValueSourceConfiguration [null] for test class [pt.ulisboa.tecnico.socialsoftware.tournament.tournament.service.QuizTournamentGenerateTest]
00:29:36.112 [main] DEBUG org.springframework.test.annotation.ProfileValueUtils - Retrieved ProfileValueSource type [class org.springframework.test.annotation.SystemProfileValueSource] for class [pt.ulisboa.tecnico.socialsoftware.tournament.tournament.service.QuizTournamentGenerateTest]
00:29:36.112 [main] DEBUG org.springframework.test.annotation.ProfileValueUtils - Retrieved @ProfileValueSourceConfiguration [null] for test class [pt.ulisboa.tecnico.socialsoftware.tournament.tournament.service.QuizTournamentGenerateTest]
00:29:36.112 [main] DEBUG org.springframework.test.annotation.ProfileValueUtils - Retrieved ProfileValueSource type [class org.springframework.test.annotation.SystemProfileValueSource] for class [pt.ulisboa.tecnico.socialsoftware.tournament.tournament.service.QuizTournamentGenerateTest]
00:29:36.113 [main] DEBUG org.springframework.test.annotation.ProfileValueUtils - Retrieved @ProfileValueSourceConfiguration [null] for test class [pt.ulisboa.tecnico.socialsoftware.tournament.tournament.service.QuizTournamentGenerateTest]
00:29:36.113 [main] DEBUG org.springframework.test.annotation.ProfileValueUtils - Retrieved ProfileValueSource type [class org.springframework.test.annotation.SystemProfileValueSource] for class [pt.ulisboa.tecnico.socialsoftware.tournament.tournament.service.QuizTournamentGenerateTest]
00:29:36.113 [main] DEBUG org.springframework.test.context.BootstrapUtils - Instantiating CacheAwareContextLoaderDelegate from class [org.springframework.test.context.cache.DefaultCacheAwareContextLoaderDelegate]
00:29:36.113 [main] DEBUG org.springframework.test.context.BootstrapUtils - Instantiating BootstrapContext using constructor [public org.springframework.test.context.support.DefaultBootstrapContext(java.lang.Class,org.springframework.test.context.CacheAwareContextLoaderDelegate)]
00:29:36.114 [main] DEBUG org.springframework.test.context.BootstrapUtils - Instantiating TestContextBootstrapper for test class [pt.ulisboa.tecnico.socialsoftware.tournament.tournament.service.QuizTournamentGenerateTest] from class [org.springframework.boot.test.autoconfigure.orm.jpa.DataJpaTestContextBootstrapper]
00:29:36.115 [main] INFO org.springframework.boot.test.autoconfigure.orm.jpa.DataJpaTestContextBootstrapper - Neither @ContextConfiguration nor @ContextHierarchy found for test class [pt.ulisboa.tecnico.socialsoftware.tournament.tournament.service.QuizTournamentGenerateTest], using SpringBootContextLoader
00:29:36.117 [main] DEBUG org.springframework.test.context.support.AbstractContextLoader - Did not detect default resource location for test class [pt.ulisboa.tecnico.socialsoftware.tournament.tournament.service.QuizTournamentGenerateTest]: class path resource [pt/ulisboa/tecnico/socialsoftware/tournament/tournament/service/QuizTournamentGenerateTest-context.xml] does not exist
00:29:36.118 [main] DEBUG org.springframework.test.context.support.AbstractContextLoader - Did not detect default resource location for test class [pt.ulisboa.tecnico.socialsoftware.tournament.tournament.service.QuizTournamentGenerateTest]: class path resource [pt/ulisboa/tecnico/socialsoftware/tournament/tournament/service/QuizTournamentGenerateTestContext.groovy] does not exist
00:29:36.118 [main] INFO org.springframework.test.context.support.AbstractContextLoader - Could not detect default resource locations for test class [pt.ulisboa.tecnico.socialsoftware.tournament.tournament.service.QuizTournamentGenerateTest]: no resource found for suffixes {-context.xml, Context.groovy}.
00:29:36.126 [main] DEBUG org.springframework.test.context.support.ActiveProfilesUtils - Could not find an 'annotation declaring class' for annotation type [org.springframework.test.context.ActiveProfiles] and class [pt.ulisboa.tecnico.socialsoftware.tournament.tournament.service.QuizTournamentGenerateTest]
00:29:36.127 [main] INFO org.springframework.boot.test.context.SpringBootTestContextBootstrapper - Found @SpringBootConfiguration pt.ulisboa.tecnico.socialsoftware.tournament.TournamentTestApplication for test class pt.ulisboa.tecnico.socialsoftware.tournament.tournament.service.QuizTournamentGenerateTest
00:29:36.130 [main] DEBUG org.springframework.boot.test.autoconfigure.orm.jpa.DataJpaTestContextBootstrapper - @TestExecutionListeners is not present for class [pt.ulisboa.tecnico.socialsoftware.tournament.tournament.service.QuizTournamentGenerateTest]: using defaults.
00:29:36.131 [main] INFO org.springframework.boot.test.autoconfigure.orm.jpa.DataJpaTestContextBootstrapper - Loaded default TestExecutionListener class names from location [META-INF/spring.factories]: [org.springframework.boot.test.mock.mockito.MockitoTestExecutionListener, org.springframework.boot.test.mock.mockito.ResetMocksTestExecutionListener, org.springframework.boot.test.autoconfigure.restdocs.RestDocsTestExecutionListener, org.springframework.boot.test.autoconfigure.web.client.MockRestServiceServerResetTestExecutionListener, org.springframework.boot.test.autoconfigure.web.servlet.MockMvcPrintOnlyOnFailureTestExecutionListener, org.springframework.boot.test.autoconfigure.web.servlet.WebDriverTestExecutionListener, org.springframework.boot.test.autoconfigure.webservices.client.MockWebServiceServerTestExecutionListener, org.springframework.test.context.web.ServletTestExecutionListener, org.springframework.test.context.support.DirtiesContextBeforeModesTestExecutionListener, org.springframework.test.context.event.ApplicationEventsTestExecutionListener, org.springframework.test.context.support.DependencyInjectionTestExecutionListener, org.springframework.test.context.support.DirtiesContextTestExecutionListener, org.springframework.test.context.transaction.TransactionalTestExecutionListener, org.springframework.test.context.jdbc.SqlScriptsTestExecutionListener, org.springframework.test.context.event.EventPublishingTestExecutionListener, org.springframework.security.test.context.support.WithSecurityContextTestExecutionListener, org.springframework.security.test.context.support.ReactorContextTestExecutionListener, org.spockframework.spring.SpringMockTestExecutionListener]
00:29:36.133 [main] INFO org.springframework.boot.test.autoconfigure.orm.jpa.DataJpaTestContextBootstrapper - Using TestExecutionListeners: [org.springframework.test.context.web.ServletTestExecutionListener@52c6e959, org.springframework.test.context.support.DirtiesContextBeforeModesTestExecutionListener@4b475742, org.springframework.test.context.event.ApplicationEventsTestExecutionListener@323c6f9c, org.springframework.boot.test.mock.mockito.MockitoTestExecutionListener@dbca149, org.springframework.boot.test.autoconfigure.SpringBootDependencyInjectionTestExecutionListener@68550d86, org.springframework.test.context.support.DirtiesContextTestExecutionListener@19d9ba89, org.springframework.test.context.transaction.TransactionalTestExecutionListener@484876a1, org.springframework.test.context.jdbc.SqlScriptsTestExecutionListener@20163008, org.springframework.test.context.event.EventPublishingTestExecutionListener@60ef30b1, org.springframework.security.test.context.support.WithSecurityContextTestExecutionListener@3436d3d7, org.springframework.security.test.context.support.ReactorContextTestExecutionListener@3f40568e, org.springframework.boot.test.mock.mockito.ResetMocksTestExecutionListener@2e47a71e, org.springframework.boot.test.autoconfigure.restdocs.RestDocsTestExecutionListener@37b470df, org.springframework.boot.test.autoconfigure.web.client.MockRestServiceServerResetTestExecutionListener@359ea595, org.springframework.boot.test.autoconfigure.web.servlet.MockMvcPrintOnlyOnFailureTestExecutionListener@8d7718e, org.springframework.boot.test.autoconfigure.web.servlet.WebDriverTestExecutionListener@1bbb48dd, org.springframework.boot.test.autoconfigure.webservices.client.MockWebServiceServerTestExecutionListener@f9de1fd, org.spockframework.spring.SpringMockTestExecutionListener@4fef4f96]
00:29:36.134 [main] DEBUG org.springframework.test.annotation.ProfileValueUtils - Retrieved @ProfileValueSourceConfiguration [null] for test class [pt.ulisboa.tecnico.socialsoftware.tournament.tournament.service.RemoveTournamentTest]
00:29:36.135 [main] DEBUG org.springframework.test.annotation.ProfileValueUtils - Retrieved ProfileValueSource type [class org.springframework.test.annotation.SystemProfileValueSource] for class [pt.ulisboa.tecnico.socialsoftware.tournament.tournament.service.RemoveTournamentTest]
00:29:36.135 [main] DEBUG org.springframework.test.annotation.ProfileValueUtils - Retrieved @ProfileValueSourceConfiguration [null] for test class [pt.ulisboa.tecnico.socialsoftware.tournament.tournament.service.RemoveTournamentTest]
00:29:36.135 [main] DEBUG org.springframework.test.annotation.ProfileValueUtils - Retrieved ProfileValueSource type [class org.springframework.test.annotation.SystemProfileValueSource] for class [pt.ulisboa.tecnico.socialsoftware.tournament.tournament.service.RemoveTournamentTest]
00:29:36.135 [main] DEBUG org.springframework.test.annotation.ProfileValueUtils - Retrieved @ProfileValueSourceConfiguration [null] for test class [pt.ulisboa.tecnico.socialsoftware.tournament.tournament.service.RemoveTournamentTest]
00:29:36.135 [main] DEBUG org.springframework.test.annotation.ProfileValueUtils - Retrieved ProfileValueSource type [class org.springframework.test.annotation.SystemProfileValueSource] for class [pt.ulisboa.tecnico.socialsoftware.tournament.tournament.service.RemoveTournamentTest]
00:29:36.135 [main] DEBUG org.springframework.test.annotation.ProfileValueUtils - Retrieved @ProfileValueSourceConfiguration [null] for test class [pt.ulisboa.tecnico.socialsoftware.tournament.tournament.service.RemoveTournamentTest]
00:29:36.135 [main] DEBUG org.springframework.test.annotation.ProfileValueUtils - Retrieved ProfileValueSource type [class org.springframework.test.annotation.SystemProfileValueSource] for class [pt.ulisboa.tecnico.socialsoftware.tournament.tournament.service.RemoveTournamentTest]
00:29:36.135 [main] DEBUG org.springframework.test.annotation.ProfileValueUtils - Retrieved @ProfileValueSourceConfiguration [null] for test class [pt.ulisboa.tecnico.socialsoftware.tournament.tournament.service.RemoveTournamentTest]
00:29:36.136 [main] DEBUG org.springframework.test.annotation.ProfileValueUtils - Retrieved ProfileValueSource type [class org.springframework.test.annotation.SystemProfileValueSource] for class [pt.ulisboa.tecnico.socialsoftware.tournament.tournament.service.RemoveTournamentTest]
00:29:36.136 [main] DEBUG org.springframework.test.context.BootstrapUtils - Instantiating CacheAwareContextLoaderDelegate from class [org.springframework.test.context.cache.DefaultCacheAwareContextLoaderDelegate]
00:29:36.136 [main] DEBUG org.springframework.test.context.BootstrapUtils - Instantiating BootstrapContext using constructor [public org.springframework.test.context.support.DefaultBootstrapContext(java.lang.Class,org.springframework.test.context.CacheAwareContextLoaderDelegate)]
00:29:36.137 [main] DEBUG org.springframework.test.context.BootstrapUtils - Instantiating TestContextBootstrapper for test class [pt.ulisboa.tecnico.socialsoftware.tournament.tournament.service.RemoveTournamentTest] from class [org.springframework.boot.test.autoconfigure.orm.jpa.DataJpaTestContextBootstrapper]
00:29:36.138 [main] INFO org.springframework.boot.test.autoconfigure.orm.jpa.DataJpaTestContextBootstrapper - Neither @ContextConfiguration nor @ContextHierarchy found for test class [pt.ulisboa.tecnico.socialsoftware.tournament.tournament.service.RemoveTournamentTest], using SpringBootContextLoader
00:29:36.139 [main] DEBUG org.springframework.test.context.support.AbstractContextLoader - Did not detect default resource location for test class [pt.ulisboa.tecnico.socialsoftware.tournament.tournament.service.RemoveTournamentTest]: class path resource [pt/ulisboa/tecnico/socialsoftware/tournament/tournament/service/RemoveTournamentTest-context.xml] does not exist
00:29:36.140 [main] DEBUG org.springframework.test.context.support.AbstractContextLoader - Did not detect default resource location for test class [pt.ulisboa.tecnico.socialsoftware.tournament.tournament.service.RemoveTournamentTest]: class path resource [pt/ulisboa/tecnico/socialsoftware/tournament/tournament/service/RemoveTournamentTestContext.groovy] does not exist
00:29:36.140 [main] INFO org.springframework.test.context.support.AbstractContextLoader - Could not detect default resource locations for test class [pt.ulisboa.tecnico.socialsoftware.tournament.tournament.service.RemoveTournamentTest]: no resource found for suffixes {-context.xml, Context.groovy}.
00:29:36.147 [main] DEBUG org.springframework.test.context.support.ActiveProfilesUtils - Could not find an 'annotation declaring class' for annotation type [org.springframework.test.context.ActiveProfiles] and class [pt.ulisboa.tecnico.socialsoftware.tournament.tournament.service.RemoveTournamentTest]
00:29:36.149 [main] INFO org.springframework.boot.test.context.SpringBootTestContextBootstrapper - Found @SpringBootConfiguration pt.ulisboa.tecnico.socialsoftware.tournament.TournamentTestApplication for test class pt.ulisboa.tecnico.socialsoftware.tournament.tournament.service.RemoveTournamentTest
00:29:36.150 [main] DEBUG org.springframework.boot.test.autoconfigure.orm.jpa.DataJpaTestContextBootstrapper - @TestExecutionListeners is not present for class [pt.ulisboa.tecnico.socialsoftware.tournament.tournament.service.RemoveTournamentTest]: using defaults.
00:29:36.151 [main] INFO org.springframework.boot.test.autoconfigure.orm.jpa.DataJpaTestContextBootstrapper - Loaded default TestExecutionListener class names from location [META-INF/spring.factories]: [org.springframework.boot.test.mock.mockito.MockitoTestExecutionListener, org.springframework.boot.test.mock.mockito.ResetMocksTestExecutionListener, org.springframework.boot.test.autoconfigure.restdocs.RestDocsTestExecutionListener, org.springframework.boot.test.autoconfigure.web.client.MockRestServiceServerResetTestExecutionListener, org.springframework.boot.test.autoconfigure.web.servlet.MockMvcPrintOnlyOnFailureTestExecutionListener, org.springframework.boot.test.autoconfigure.web.servlet.WebDriverTestExecutionListener, org.springframework.boot.test.autoconfigure.webservices.client.MockWebServiceServerTestExecutionListener, org.springframework.test.context.web.ServletTestExecutionListener, org.springframework.test.context.support.DirtiesContextBeforeModesTestExecutionListener, org.springframework.test.context.event.ApplicationEventsTestExecutionListener, org.springframework.test.context.support.DependencyInjectionTestExecutionListener, org.springframework.test.context.support.DirtiesContextTestExecutionListener, org.springframework.test.context.transaction.TransactionalTestExecutionListener, org.springframework.test.context.jdbc.SqlScriptsTestExecutionListener, org.springframework.test.context.event.EventPublishingTestExecutionListener, org.springframework.security.test.context.support.WithSecurityContextTestExecutionListener, org.springframework.security.test.context.support.ReactorContextTestExecutionListener, org.spockframework.spring.SpringMockTestExecutionListener]
00:29:36.153 [main] INFO org.springframework.boot.test.autoconfigure.orm.jpa.DataJpaTestContextBootstrapper - Using TestExecutionListeners: [org.springframework.test.context.web.ServletTestExecutionListener@7c871ce4, org.springframework.test.context.support.DirtiesContextBeforeModesTestExecutionListener@3d3b4e09, org.springframework.test.context.event.ApplicationEventsTestExecutionListener@5dc9d25a, org.springframework.boot.test.mock.mockito.MockitoTestExecutionListener@686fb58a, org.springframework.boot.test.autoconfigure.SpringBootDependencyInjectionTestExecutionListener@2c4be45f, org.springframework.test.context.support.DirtiesContextTestExecutionListener@4be7acd9, org.springframework.test.context.transaction.TransactionalTestExecutionListener@58afecfd, org.springframework.test.context.jdbc.SqlScriptsTestExecutionListener@4d79d187, org.springframework.test.context.event.EventPublishingTestExecutionListener@3e63bd6b, org.springframework.security.test.context.support.WithSecurityContextTestExecutionListener@48144f1a, org.springframework.security.test.context.support.ReactorContextTestExecutionListener@6f7b8ae1, org.springframework.boot.test.mock.mockito.ResetMocksTestExecutionListener@6c8d8b60, org.springframework.boot.test.autoconfigure.restdocs.RestDocsTestExecutionListener@4fa6fb7f, org.springframework.boot.test.autoconfigure.web.client.MockRestServiceServerResetTestExecutionListener@2520010e, org.springframework.boot.test.autoconfigure.web.servlet.MockMvcPrintOnlyOnFailureTestExecutionListener@163fbbc9, org.springframework.boot.test.autoconfigure.web.servlet.WebDriverTestExecutionListener@1669f4e5, org.springframework.boot.test.autoconfigure.webservices.client.MockWebServiceServerTestExecutionListener@6e6c8854, org.spockframework.spring.SpringMockTestExecutionListener@4be1dce6]
00:29:36.154 [main] DEBUG org.springframework.test.annotation.ProfileValueUtils - Retrieved @ProfileValueSourceConfiguration [null] for test class [pt.ulisboa.tecnico.socialsoftware.tournament.tournament.service.SolveQuizTournamentTest]
00:29:36.154 [main] DEBUG org.springframework.test.annotation.ProfileValueUtils - Retrieved ProfileValueSource type [class org.springframework.test.annotation.SystemProfileValueSource] for class [pt.ulisboa.tecnico.socialsoftware.tournament.tournament.service.SolveQuizTournamentTest]
00:29:36.154 [main] DEBUG org.springframework.test.annotation.ProfileValueUtils - Retrieved @ProfileValueSourceConfiguration [null] for test class [pt.ulisboa.tecnico.socialsoftware.tournament.tournament.service.SolveQuizTournamentTest]
00:29:36.154 [main] DEBUG org.springframework.test.annotation.ProfileValueUtils - Retrieved ProfileValueSource type [class org.springframework.test.annotation.SystemProfileValueSource] for class [pt.ulisboa.tecnico.socialsoftware.tournament.tournament.service.SolveQuizTournamentTest]
00:29:36.154 [main] DEBUG org.springframework.test.annotation.ProfileValueUtils - Retrieved @ProfileValueSourceConfiguration [null] for test class [pt.ulisboa.tecnico.socialsoftware.tournament.tournament.service.SolveQuizTournamentTest]
00:29:36.154 [main] DEBUG org.springframework.test.annotation.ProfileValueUtils - Retrieved ProfileValueSource type [class org.springframework.test.annotation.SystemProfileValueSource] for class [pt.ulisboa.tecnico.socialsoftware.tournament.tournament.service.SolveQuizTournamentTest]
00:29:36.155 [main] DEBUG org.springframework.test.context.BootstrapUtils - Instantiating CacheAwareContextLoaderDelegate from class [org.springframework.test.context.cache.DefaultCacheAwareContextLoaderDelegate]
00:29:36.155 [main] DEBUG org.springframework.test.context.BootstrapUtils - Instantiating BootstrapContext using constructor [public org.springframework.test.context.support.DefaultBootstrapContext(java.lang.Class,org.springframework.test.context.CacheAwareContextLoaderDelegate)]
00:29:36.156 [main] DEBUG org.springframework.test.context.BootstrapUtils - Instantiating TestContextBootstrapper for test class [pt.ulisboa.tecnico.socialsoftware.tournament.tournament.service.SolveQuizTournamentTest] from class [org.springframework.boot.test.autoconfigure.orm.jpa.DataJpaTestContextBootstrapper]
00:29:36.156 [main] INFO org.springframework.boot.test.autoconfigure.orm.jpa.DataJpaTestContextBootstrapper - Neither @ContextConfiguration nor @ContextHierarchy found for test class [pt.ulisboa.tecnico.socialsoftware.tournament.tournament.service.SolveQuizTournamentTest], using SpringBootContextLoader
00:29:36.158 [main] DEBUG org.springframework.test.context.support.AbstractContextLoader - Did not detect default resource location for test class [pt.ulisboa.tecnico.socialsoftware.tournament.tournament.service.SolveQuizTournamentTest]: class path resource [pt/ulisboa/tecnico/socialsoftware/tournament/tournament/service/SolveQuizTournamentTest-context.xml] does not exist
00:29:36.159 [main] DEBUG org.springframework.test.context.support.AbstractContextLoader - Did not detect default resource location for test class [pt.ulisboa.tecnico.socialsoftware.tournament.tournament.service.SolveQuizTournamentTest]: class path resource [pt/ulisboa/tecnico/socialsoftware/tournament/tournament/service/SolveQuizTournamentTestContext.groovy] does not exist
00:29:36.159 [main] INFO org.springframework.test.context.support.AbstractContextLoader - Could not detect default resource locations for test class [pt.ulisboa.tecnico.socialsoftware.tournament.tournament.service.SolveQuizTournamentTest]: no resource found for suffixes {-context.xml, Context.groovy}.
00:29:36.166 [main] DEBUG org.springframework.test.context.support.ActiveProfilesUtils - Could not find an 'annotation declaring class' for annotation type [org.springframework.test.context.ActiveProfiles] and class [pt.ulisboa.tecnico.socialsoftware.tournament.tournament.service.SolveQuizTournamentTest]
00:29:36.168 [main] INFO org.springframework.boot.test.context.SpringBootTestContextBootstrapper - Found @SpringBootConfiguration pt.ulisboa.tecnico.socialsoftware.tournament.TournamentTestApplication for test class pt.ulisboa.tecnico.socialsoftware.tournament.tournament.service.SolveQuizTournamentTest
00:29:36.170 [main] DEBUG org.springframework.boot.test.autoconfigure.orm.jpa.DataJpaTestContextBootstrapper - @TestExecutionListeners is not present for class [pt.ulisboa.tecnico.socialsoftware.tournament.tournament.service.SolveQuizTournamentTest]: using defaults.
00:29:36.170 [main] INFO org.springframework.boot.test.autoconfigure.orm.jpa.DataJpaTestContextBootstrapper - Loaded default TestExecutionListener class names from location [META-INF/spring.factories]: [org.springframework.boot.test.mock.mockito.MockitoTestExecutionListener, org.springframework.boot.test.mock.mockito.ResetMocksTestExecutionListener, org.springframework.boot.test.autoconfigure.restdocs.RestDocsTestExecutionListener, org.springframework.boot.test.autoconfigure.web.client.MockRestServiceServerResetTestExecutionListener, org.springframework.boot.test.autoconfigure.web.servlet.MockMvcPrintOnlyOnFailureTestExecutionListener, org.springframework.boot.test.autoconfigure.web.servlet.WebDriverTestExecutionListener, org.springframework.boot.test.autoconfigure.webservices.client.MockWebServiceServerTestExecutionListener, org.springframework.test.context.web.ServletTestExecutionListener, org.springframework.test.context.support.DirtiesContextBeforeModesTestExecutionListener, org.springframework.test.context.event.ApplicationEventsTestExecutionListener, org.springframework.test.context.support.DependencyInjectionTestExecutionListener, org.springframework.test.context.support.DirtiesContextTestExecutionListener, org.springframework.test.context.transaction.TransactionalTestExecutionListener, org.springframework.test.context.jdbc.SqlScriptsTestExecutionListener, org.springframework.test.context.event.EventPublishingTestExecutionListener, org.springframework.security.test.context.support.WithSecurityContextTestExecutionListener, org.springframework.security.test.context.support.ReactorContextTestExecutionListener, org.spockframework.spring.SpringMockTestExecutionListener]
00:29:36.173 [main] INFO org.springframework.boot.test.autoconfigure.orm.jpa.DataJpaTestContextBootstrapper - Using TestExecutionListeners: [org.springframework.test.context.web.ServletTestExecutionListener@206bd7a0, org.springframework.test.context.support.DirtiesContextBeforeModesTestExecutionListener@79fcd194, org.springframework.test.context.event.ApplicationEventsTestExecutionListener@73d8c8d7, org.springframework.boot.test.mock.mockito.MockitoTestExecutionListener@361b3ca6, org.springframework.boot.test.autoconfigure.SpringBootDependencyInjectionTestExecutionListener@48333b12, org.springframework.test.context.support.DirtiesContextTestExecutionListener@575c23f1, org.springframework.test.context.transaction.TransactionalTestExecutionListener@62f7d7bd, org.springframework.test.context.jdbc.SqlScriptsTestExecutionListener@de63949, org.springframework.test.context.event.EventPublishingTestExecutionListener@5c5c784c, org.springframework.security.test.context.support.WithSecurityContextTestExecutionListener@6a299b9d, org.springframework.security.test.context.support.ReactorContextTestExecutionListener@363fe35a, org.springframework.boot.test.mock.mockito.ResetMocksTestExecutionListener@a2fb8a5, org.springframework.boot.test.autoconfigure.restdocs.RestDocsTestExecutionListener@350e3fb4, org.springframework.boot.test.autoconfigure.web.client.MockRestServiceServerResetTestExecutionListener@13ddaffb, org.springframework.boot.test.autoconfigure.web.servlet.MockMvcPrintOnlyOnFailureTestExecutionListener@5a31abe9, org.springframework.boot.test.autoconfigure.web.servlet.WebDriverTestExecutionListener@2dacda9a, org.springframework.boot.test.autoconfigure.webservices.client.MockWebServiceServerTestExecutionListener@699bb304, org.spockframework.spring.SpringMockTestExecutionListener@17477bbb]
00:29:36.174 [main] DEBUG org.springframework.test.annotation.ProfileValueUtils - Retrieved @ProfileValueSourceConfiguration [null] for test class [pt.ulisboa.tecnico.socialsoftware.tournament.tournament.service.UpdateTournamentTest]
00:29:36.174 [main] DEBUG org.springframework.test.annotation.ProfileValueUtils - Retrieved ProfileValueSource type [class org.springframework.test.annotation.SystemProfileValueSource] for class [pt.ulisboa.tecnico.socialsoftware.tournament.tournament.service.UpdateTournamentTest]
00:29:36.174 [main] DEBUG org.springframework.test.annotation.ProfileValueUtils - Retrieved @ProfileValueSourceConfiguration [null] for test class [pt.ulisboa.tecnico.socialsoftware.tournament.tournament.service.UpdateTournamentTest]
00:29:36.174 [main] DEBUG org.springframework.test.annotation.ProfileValueUtils - Retrieved ProfileValueSource type [class org.springframework.test.annotation.SystemProfileValueSource] for class [pt.ulisboa.tecnico.socialsoftware.tournament.tournament.service.UpdateTournamentTest]
00:29:36.175 [main] DEBUG org.springframework.test.annotation.ProfileValueUtils - Retrieved @ProfileValueSourceConfiguration [null] for test class [pt.ulisboa.tecnico.socialsoftware.tournament.tournament.service.UpdateTournamentTest]
00:29:36.175 [main] DEBUG org.springframework.test.annotation.ProfileValueUtils - Retrieved ProfileValueSource type [class org.springframework.test.annotation.SystemProfileValueSource] for class [pt.ulisboa.tecnico.socialsoftware.tournament.tournament.service.UpdateTournamentTest]
00:29:36.175 [main] DEBUG org.springframework.test.annotation.ProfileValueUtils - Retrieved @ProfileValueSourceConfiguration [null] for test class [pt.ulisboa.tecnico.socialsoftware.tournament.tournament.service.UpdateTournamentTest]
00:29:36.175 [main] DEBUG org.springframework.test.annotation.ProfileValueUtils - Retrieved ProfileValueSource type [class org.springframework.test.annotation.SystemProfileValueSource] for class [pt.ulisboa.tecnico.socialsoftware.tournament.tournament.service.UpdateTournamentTest]
00:29:36.175 [main] DEBUG org.springframework.test.annotation.ProfileValueUtils - Retrieved @ProfileValueSourceConfiguration [null] for test class [pt.ulisboa.tecnico.socialsoftware.tournament.tournament.service.UpdateTournamentTest]
00:29:36.179 [main] DEBUG org.springframework.test.annotation.ProfileValueUtils - Retrieved ProfileValueSource type [class org.springframework.test.annotation.SystemProfileValueSource] for class [pt.ulisboa.tecnico.socialsoftware.tournament.tournament.service.UpdateTournamentTest]
00:29:36.179 [main] DEBUG org.springframework.test.annotation.ProfileValueUtils - Retrieved @ProfileValueSourceConfiguration [null] for test class [pt.ulisboa.tecnico.socialsoftware.tournament.tournament.service.UpdateTournamentTest]
00:29:36.179 [main] DEBUG org.springframework.test.annotation.ProfileValueUtils - Retrieved ProfileValueSource type [class org.springframework.test.annotation.SystemProfileValueSource] for class [pt.ulisboa.tecnico.socialsoftware.tournament.tournament.service.UpdateTournamentTest]
00:29:36.179 [main] DEBUG org.springframework.test.annotation.ProfileValueUtils - Retrieved @ProfileValueSourceConfiguration [null] for test class [pt.ulisboa.tecnico.socialsoftware.tournament.tournament.service.UpdateTournamentTest]
00:29:36.180 [main] DEBUG org.springframework.test.annotation.ProfileValueUtils - Retrieved ProfileValueSource type [class org.springframework.test.annotation.SystemProfileValueSource] for class [pt.ulisboa.tecnico.socialsoftware.tournament.tournament.service.UpdateTournamentTest]
00:29:36.180 [main] DEBUG org.springframework.test.annotation.ProfileValueUtils - Retrieved @ProfileValueSourceConfiguration [null] for test class [pt.ulisboa.tecnico.socialsoftware.tournament.tournament.service.UpdateTournamentTest]
00:29:36.180 [main] DEBUG org.springframework.test.annotation.ProfileValueUtils - Retrieved ProfileValueSource type [class org.springframework.test.annotation.SystemProfileValueSource] for class [pt.ulisboa.tecnico.socialsoftware.tournament.tournament.service.UpdateTournamentTest]
00:29:36.180 [main] DEBUG org.springframework.test.annotation.ProfileValueUtils - Retrieved @ProfileValueSourceConfiguration [null] for test class [pt.ulisboa.tecnico.socialsoftware.tournament.tournament.service.UpdateTournamentTest]
00:29:36.180 [main] DEBUG org.springframework.test.annotation.ProfileValueUtils - Retrieved ProfileValueSource type [class org.springframework.test.annotation.SystemProfileValueSource] for class [pt.ulisboa.tecnico.socialsoftware.tournament.tournament.service.UpdateTournamentTest]
00:29:36.180 [main] DEBUG org.springframework.test.annotation.ProfileValueUtils - Retrieved @ProfileValueSourceConfiguration [null] for test class [pt.ulisboa.tecnico.socialsoftware.tournament.tournament.service.UpdateTournamentTest]
00:29:36.180 [main] DEBUG org.springframework.test.annotation.ProfileValueUtils - Retrieved ProfileValueSource type [class org.springframework.test.annotation.SystemProfileValueSource] for class [pt.ulisboa.tecnico.socialsoftware.tournament.tournament.service.UpdateTournamentTest]
00:29:36.180 [main] DEBUG org.springframework.test.context.BootstrapUtils - Instantiating CacheAwareContextLoaderDelegate from class [org.springframework.test.context.cache.DefaultCacheAwareContextLoaderDelegate]
00:29:36.181 [main] DEBUG org.springframework.test.context.BootstrapUtils - Instantiating BootstrapContext using constructor [public org.springframework.test.context.support.DefaultBootstrapContext(java.lang.Class,org.springframework.test.context.CacheAwareContextLoaderDelegate)]
00:29:36.181 [main] DEBUG org.springframework.test.context.BootstrapUtils - Instantiating TestContextBootstrapper for test class [pt.ulisboa.tecnico.socialsoftware.tournament.tournament.service.UpdateTournamentTest] from class [org.springframework.boot.test.autoconfigure.orm.jpa.DataJpaTestContextBootstrapper]
00:29:36.182 [main] INFO org.springframework.boot.test.autoconfigure.orm.jpa.DataJpaTestContextBootstrapper - Neither @ContextConfiguration nor @ContextHierarchy found for test class [pt.ulisboa.tecnico.socialsoftware.tournament.tournament.service.UpdateTournamentTest], using SpringBootContextLoader
00:29:36.185 [main] DEBUG org.springframework.test.context.support.AbstractContextLoader - Did not detect default resource location for test class [pt.ulisboa.tecnico.socialsoftware.tournament.tournament.service.UpdateTournamentTest]: class path resource [pt/ulisboa/tecnico/socialsoftware/tournament/tournament/service/UpdateTournamentTest-context.xml] does not exist
00:29:36.186 [main] DEBUG org.springframework.test.context.support.AbstractContextLoader - Did not detect default resource location for test class [pt.ulisboa.tecnico.socialsoftware.tournament.tournament.service.UpdateTournamentTest]: class path resource [pt/ulisboa/tecnico/socialsoftware/tournament/tournament/service/UpdateTournamentTestContext.groovy] does not exist
00:29:36.186 [main] INFO org.springframework.test.context.support.AbstractContextLoader - Could not detect default resource locations for test class [pt.ulisboa.tecnico.socialsoftware.tournament.tournament.service.UpdateTournamentTest]: no resource found for suffixes {-context.xml, Context.groovy}.
00:29:36.193 [main] DEBUG org.springframework.test.context.support.ActiveProfilesUtils - Could not find an 'annotation declaring class' for annotation type [org.springframework.test.context.ActiveProfiles] and class [pt.ulisboa.tecnico.socialsoftware.tournament.tournament.service.UpdateTournamentTest]
00:29:36.195 [main] INFO org.springframework.boot.test.context.SpringBootTestContextBootstrapper - Found @SpringBootConfiguration pt.ulisboa.tecnico.socialsoftware.tournament.TournamentTestApplication for test class pt.ulisboa.tecnico.socialsoftware.tournament.tournament.service.UpdateTournamentTest
00:29:36.197 [main] DEBUG org.springframework.boot.test.autoconfigure.orm.jpa.DataJpaTestContextBootstrapper - @TestExecutionListeners is not present for class [pt.ulisboa.tecnico.socialsoftware.tournament.tournament.service.UpdateTournamentTest]: using defaults.
00:29:36.197 [main] INFO org.springframework.boot.test.autoconfigure.orm.jpa.DataJpaTestContextBootstrapper - Loaded default TestExecutionListener class names from location [META-INF/spring.factories]: [org.springframework.boot.test.mock.mockito.MockitoTestExecutionListener, org.springframework.boot.test.mock.mockito.ResetMocksTestExecutionListener, org.springframework.boot.test.autoconfigure.restdocs.RestDocsTestExecutionListener, org.springframework.boot.test.autoconfigure.web.client.MockRestServiceServerResetTestExecutionListener, org.springframework.boot.test.autoconfigure.web.servlet.MockMvcPrintOnlyOnFailureTestExecutionListener, org.springframework.boot.test.autoconfigure.web.servlet.WebDriverTestExecutionListener, org.springframework.boot.test.autoconfigure.webservices.client.MockWebServiceServerTestExecutionListener, org.springframework.test.context.web.ServletTestExecutionListener, org.springframework.test.context.support.DirtiesContextBeforeModesTestExecutionListener, org.springframework.test.context.event.ApplicationEventsTestExecutionListener, org.springframework.test.context.support.DependencyInjectionTestExecutionListener, org.springframework.test.context.support.DirtiesContextTestExecutionListener, org.springframework.test.context.transaction.TransactionalTestExecutionListener, org.springframework.test.context.jdbc.SqlScriptsTestExecutionListener, org.springframework.test.context.event.EventPublishingTestExecutionListener, org.springframework.security.test.context.support.WithSecurityContextTestExecutionListener, org.springframework.security.test.context.support.ReactorContextTestExecutionListener, org.spockframework.spring.SpringMockTestExecutionListener]
00:29:36.200 [main] INFO org.springframework.boot.test.autoconfigure.orm.jpa.DataJpaTestContextBootstrapper - Using TestExecutionListeners: [org.springframework.test.context.web.ServletTestExecutionListener@40fee459, org.springframework.test.context.support.DirtiesContextBeforeModesTestExecutionListener@bcd9ed6, org.springframework.test.context.event.ApplicationEventsTestExecutionListener@3ffa0f38, org.springframework.boot.test.mock.mockito.MockitoTestExecutionListener@13cc31df, org.springframework.boot.test.autoconfigure.SpringBootDependencyInjectionTestExecutionListener@24a7d3d3, org.springframework.test.context.support.DirtiesContextTestExecutionListener@43fbc2bf, org.springframework.test.context.transaction.TransactionalTestExecutionListener@2c978637, org.springframework.test.context.jdbc.SqlScriptsTestExecutionListener@5e2718b3, org.springframework.test.context.event.EventPublishingTestExecutionListener@440461ef, org.springframework.security.test.context.support.WithSecurityContextTestExecutionListener@5977bdea, org.springframework.security.test.context.support.ReactorContextTestExecutionListener@49c13ecd, org.springframework.boot.test.mock.mockito.ResetMocksTestExecutionListener@2f4545c6, org.springframework.boot.test.autoconfigure.restdocs.RestDocsTestExecutionListener@482942d8, org.springframework.boot.test.autoconfigure.web.client.MockRestServiceServerResetTestExecutionListener@2cd52eda, org.springframework.boot.test.autoconfigure.web.servlet.MockMvcPrintOnlyOnFailureTestExecutionListener@6c225adb, org.springframework.boot.test.autoconfigure.web.servlet.WebDriverTestExecutionListener@69cc49ec, org.springframework.boot.test.autoconfigure.webservices.client.MockWebServiceServerTestExecutionListener@6b71e98f, org.spockframework.spring.SpringMockTestExecutionListener@6ed7b9c5]
00:29:38.489 [main] DEBUG org.springframework.test.context.support.AbstractDirtiesContextTestExecutionListener - Before test class: context [DefaultTestContext@1602b644 testClass = CancelTournamentTest, testInstance = [null], testMethod = [null], testException = [null], mergedContextConfiguration = [MergedContextConfiguration@4d0ec988 testClass = CancelTournamentTest, locations = '{}', classes = '{class pt.ulisboa.tecnico.socialsoftware.tournament.TournamentTestApplication, class pt.ulisboa.tecnico.socialsoftware.tournament.tournament.service.CancelTournamentTest$LocalBeanConfiguration}', contextInitializerClasses = '[]', activeProfiles = '{}', propertySourceLocations = '{}', propertySourceProperties = '{org.springframework.boot.test.autoconfigure.orm.jpa.DataJpaTestContextBootstrapper=true}', contextCustomizers = set[[ImportsContextCustomizer@17991766 key = [org.springframework.boot.autoconfigure.cache.CacheAutoConfiguration, org.springframework.boot.autoconfigure.data.jpa.JpaRepositoriesAutoConfiguration, org.springframework.boot.autoconfigure.flyway.FlywayAutoConfiguration, org.springframework.boot.autoconfigure.jdbc.DataSourceAutoConfiguration, org.springframework.boot.autoconfigure.jdbc.DataSourceTransactionManagerAutoConfiguration, org.springframework.boot.autoconfigure.jdbc.JdbcTemplateAutoConfiguration, org.springframework.boot.autoconfigure.liquibase.LiquibaseAutoConfiguration, org.springframework.boot.autoconfigure.orm.jpa.HibernateJpaAutoConfiguration, org.springframework.boot.autoconfigure.transaction.TransactionAutoConfiguration, org.springframework.boot.test.autoconfigure.jdbc.TestDatabaseAutoConfiguration, org.springframework.boot.test.autoconfigure.orm.jpa.TestEntityManagerAutoConfiguration]], org.springframework.boot.test.context.filter.ExcludeFilterContextCustomizer@2eebce87, org.springframework.boot.test.json.DuplicateJsonObjectContextCustomizerFactory$DuplicateJsonObjectContextCustomizer@78065fcd, org.springframework.boot.test.mock.mockito.MockitoContextCustomizer@0, org.springframework.boot.test.autoconfigure.OverrideAutoConfigurationContextCustomizerFactory$DisableAutoConfigurationContextCustomizer@6b6def36, org.springframework.boot.test.autoconfigure.actuate.metrics.MetricsExportContextCustomizerFactory$DisableMetricExportContextCustomizer@7be38eba, org.springframework.boot.test.autoconfigure.filter.TypeExcludeFiltersContextCustomizer@351584c0, org.springframework.boot.test.autoconfigure.properties.PropertyMappingContextCustomizer@a5f4627e, org.springframework.boot.test.autoconfigure.web.servlet.WebDriverContextCustomizerFactory$Customizer@4cd7d5e1, org.spockframework.spring.mock.SpockContextCustomizer@0, org.springframework.boot.test.context.SpringBootTestArgs@1, org.springframework.boot.test.context.SpringBootTestWebEnvironment@0], contextLoader = 'org.springframework.boot.test.context.SpringBootContextLoader', parent = [null]], attributes = map[[empty]]], class annotated with @DirtiesContext [false] with mode [null].
00:29:38.541 [main] DEBUG org.springframework.test.context.support.DependencyInjectionTestExecutionListener - Performing dependency injection for test context [[DefaultTestContext@1602b644 testClass = CancelTournamentTest, testInstance = pt.ulisboa.tecnico.socialsoftware.tournament.tournament.service.CancelTournamentTest@5e71e8d4, testMethod = [null], testException = [null], mergedContextConfiguration = [MergedContextConfiguration@4d0ec988 testClass = CancelTournamentTest, locations = '{}', classes = '{class pt.ulisboa.tecnico.socialsoftware.tournament.TournamentTestApplication, class pt.ulisboa.tecnico.socialsoftware.tournament.tournament.service.CancelTournamentTest$LocalBeanConfiguration}', contextInitializerClasses = '[]', activeProfiles = '{}', propertySourceLocations = '{}', propertySourceProperties = '{org.springframework.boot.test.autoconfigure.orm.jpa.DataJpaTestContextBootstrapper=true}', contextCustomizers = set[[ImportsContextCustomizer@17991766 key = [org.springframework.boot.autoconfigure.cache.CacheAutoConfiguration, org.springframework.boot.autoconfigure.data.jpa.JpaRepositoriesAutoConfiguration, org.springframework.boot.autoconfigure.flyway.FlywayAutoConfiguration, org.springframework.boot.autoconfigure.jdbc.DataSourceAutoConfiguration, org.springframework.boot.autoconfigure.jdbc.DataSourceTransactionManagerAutoConfiguration, org.springframework.boot.autoconfigure.jdbc.JdbcTemplateAutoConfiguration, org.springframework.boot.autoconfigure.liquibase.LiquibaseAutoConfiguration, org.springframework.boot.autoconfigure.orm.jpa.HibernateJpaAutoConfiguration, org.springframework.boot.autoconfigure.transaction.TransactionAutoConfiguration, org.springframework.boot.test.autoconfigure.jdbc.TestDatabaseAutoConfiguration, org.springframework.boot.test.autoconfigure.orm.jpa.TestEntityManagerAutoConfiguration]], org.springframework.boot.test.context.filter.ExcludeFilterContextCustomizer@2eebce87, org.springframework.boot.test.json.DuplicateJsonObjectContextCustomizerFactory$DuplicateJsonObjectContextCustomizer@78065fcd, org.springframework.boot.test.mock.mockito.MockitoContextCustomizer@0, org.springframework.boot.test.autoconfigure.OverrideAutoConfigurationContextCustomizerFactory$DisableAutoConfigurationContextCustomizer@6b6def36, org.springframework.boot.test.autoconfigure.actuate.metrics.MetricsExportContextCustomizerFactory$DisableMetricExportContextCustomizer@7be38eba, org.springframework.boot.test.autoconfigure.filter.TypeExcludeFiltersContextCustomizer@351584c0, org.springframework.boot.test.autoconfigure.properties.PropertyMappingContextCustomizer@a5f4627e, org.springframework.boot.test.autoconfigure.web.servlet.WebDriverContextCustomizerFactory$Customizer@4cd7d5e1, org.spockframework.spring.mock.SpockContextCustomizer@0, org.springframework.boot.test.context.SpringBootTestArgs@1, org.springframework.boot.test.context.SpringBootTestWebEnvironment@0], contextLoader = 'org.springframework.boot.test.context.SpringBootContextLoader', parent = [null]], attributes = map['org.springframework.test.context.event.ApplicationEventsTestExecutionListener.recordApplicationEvents' -> false]]].
00:29:38.681 [main] DEBUG org.springframework.test.context.support.TestPropertySourceUtils - Adding inlined properties to environment: {spring.jmx.enabled=false, org.springframework.boot.test.autoconfigure.orm.jpa.DataJpaTestContextBootstrapper=true}

  .   ____          _            __ _ _
 /\\ / ___'_ __ _ _(_)_ __  __ _ \ \ \ \
( ( )\___ | '_ | '_| | '_ \/ _` | \ \ \ \
 \\/  ___)| |_)| | | | | || (_| |  ) ) ) )
  '  |____| .__|_| |_|_| |_\__, | / / / /
 =========|_|==============|___/=/_/_/_/
 :: Spring Boot ::                (v2.4.3)

2021-03-18 00:29:39.626  INFO 19160 --- [           main] p.u.t.s.t.t.s.CancelTournamentTest       : Starting CancelTournamentTest using Java 11.0.8 on DESKTOP-JF with PID 19160 (started by jhmff in C:\Users\jhmff\Desktop\IST\MEIC\2ano\2Semestre\Tutor\backend\tournament)
2021-03-18 00:29:39.628  INFO 19160 --- [           main] p.u.t.s.t.t.s.CancelTournamentTest       : The following profiles are active: @activatedProperties@
2021-03-18 00:29:40.762  INFO 19160 --- [           main] .s.d.r.c.RepositoryConfigurationDelegate : Bootstrapping Spring Data JPA repositories in DEFAULT mode.
2021-03-18 00:29:41.063  INFO 19160 --- [           main] .s.d.r.c.RepositoryConfigurationDelegate : Finished Spring Data repository scanning in 285 ms. Found 22 JPA repository interfaces.
2021-03-18 00:29:41.080  INFO 19160 --- [           main] .s.d.r.c.RepositoryConfigurationDelegate : Bootstrapping Spring Data JPA repositories in DEFAULT mode.
2021-03-18 00:29:41.113  INFO 19160 --- [           main] .s.d.r.c.RepositoryConfigurationDelegate : Finished Spring Data repository scanning in 32 ms. Found 1 JPA repository interfaces.
2021-03-18 00:29:41.349  INFO 19160 --- [           main] beddedDataSourceBeanFactoryPostProcessor : Replacing 'dataSource' DataSource bean with embedded version
2021-03-18 00:29:41.804  INFO 19160 --- [           main] trationDelegate$BeanPostProcessorChecker : Bean 'eventBusConfig' of type [pt.ulisboa.tecnico.socialsoftware.tutor.config.EventBusConfig$$EnhancerBySpringCGLIB$$630cd031] is not eligible for getting processed by all BeanPostProcessors (for example: not eligible for auto-proxying)
2021-03-18 00:29:42.017  INFO 19160 --- [           main] trationDelegate$BeanPostProcessorChecker : Bean 'eventBus' of type [com.google.common.eventbus.EventBus] is not eligible for getting processed by all BeanPostProcessors (for example: not eligible for auto-proxying)
2021-03-18 00:29:42.462  INFO 19160 --- [           main] o.s.j.d.e.EmbeddedDatabaseFactory        : Starting embedded database: url='jdbc:h2:mem:3b6aff7a-0b19-4a50-9b2a-76315461523b;DB_CLOSE_DELAY=-1;DB_CLOSE_ON_EXIT=false', username='sa'
2021-03-18 00:29:43.553  INFO 19160 --- [           main] o.hibernate.jpa.internal.util.LogHelper  : HHH000204: Processing PersistenceUnitInfo [name: default]
2021-03-18 00:29:43.747  INFO 19160 --- [           main] org.hibernate.Version                    : HHH000412: Hibernate ORM core version 5.4.28.Final
2021-03-18 00:29:44.242  INFO 19160 --- [           main] o.hibernate.annotations.common.Version   : HCANN000001: Hibernate Commons Annotations {5.1.2.Final}
2021-03-18 00:29:44.595  INFO 19160 --- [           main] org.hibernate.dialect.Dialect            : HHH000400: Using dialect: org.hibernate.dialect.H2Dialect
Hibernate: create table answer_details (answer_details_type varchar(32) not null default 'multiple_choice' not null, id integer generated by default as identity, question_answer_id integer not null, option_id integer, primary key (id))
Hibernate: create table assessments (id integer generated by default as identity, sequence integer, status varchar(255), title varchar(255) not null, course_execution_id integer not null, primary key (id))
Hibernate: create table auth_users (auth_type varchar(31) not null, id integer generated by default as identity, email varchar(255), last_access timestamp, password varchar(255), username varchar(255), active boolean default false, confirmation_token varchar(255), token_generation_date timestamp, enrolled_courses_acronyms TEXT, user_id integer, primary key (id))
Hibernate: create table code_fill_in_options (id integer generated by default as identity, content TEXT not null, correct boolean default false not null, sequence integer not null, code_fill_in_id integer, primary key (id))
Hibernate: create table code_fill_in_options_question_answers (code_fill_in_options_id integer not null, question_answers_id integer not null, primary key (code_fill_in_options_id, question_answers_id))
Hibernate: create table code_fill_in_spot (id integer generated by default as identity, sequence integer not null, question_details_id integer, primary key (id))
Hibernate: create table code_order_slot (id integer generated by default as identity, content TEXT, correct_order integer, sequence integer not null, question_details_id integer, primary key (id))
Hibernate: create table code_fill_in_answer_item_option_ids (code_fill_in_answer_item_id integer not null, option_ids integer)
Hibernate: create table code_order_answer_item_ordered_slots (code_order_answer_item_id integer not null, assigned_order integer, slot_id integer)
Hibernate: create table code_order_answer_slot (id integer generated by default as identity, assigned_order integer, code_order_answer_id integer not null, code_order_slot_id integer not null, primary key (id))
Hibernate: create table course_executions (id integer generated by default as identity, academic_term varchar(255), acronym varchar(255), end_date timestamp, status varchar(255), type varchar(255), course_id integer not null, primary key (id))
Hibernate: create table courses (id integer generated by default as identity, name varchar(255) not null, type varchar(255), primary key (id))
Hibernate: create table discussions (id integer generated by default as identity, closed boolean default false, date timestamp, message text, course_execution_id integer not null, question_id integer not null, question_answer_id integer not null, user_id integer not null, primary key (id))
Hibernate: create table images (id integer generated by default as identity, url varchar(255) not null, width integer, question_id integer, primary key (id))
Hibernate: create table options (id integer generated by default as identity, content TEXT not null, correct boolean default false not null, sequence integer not null, question_details_id integer not null, primary key (id))
Hibernate: create table question_answer_items (question_answer_type varchar(32) not null default 'multiple_choice' not null, id integer generated by default as identity, answer_date timestamp, quiz_id integer, quiz_question_id integer, time_taken integer, time_to_submission integer, username varchar(255), option_id integer, primary key (id))
Hibernate: create table question_answers (id integer generated by default as identity, sequence integer, time_taken integer, quiz_answer_id integer not null, quiz_question_id integer not null, primary key (id))
Hibernate: create table question_details (question_type varchar(32) not null default 'multiple_choice' not null, id integer generated by default as identity, code TEXT, language integer, question_id integer, primary key (id))
Hibernate: create table question_submissions (id integer generated by default as identity, status varchar(255), student_read boolean default true not null, teacher_read boolean default true not null, course_execution_id integer, question_id integer, submitter_id integer, primary key (id))
Hibernate: create table questions (id integer generated by default as identity, content TEXT, creation_date timestamp, key integer, number_of_answers integer default 0, number_of_correct integer default 0, status varchar(255), title varchar(255) not null, course_id integer not null, primary key (id))
Hibernate: create table quiz_answers (id integer generated by default as identity, answer_date timestamp, completed boolean not null, creation_date timestamp, used_in_statistics boolean default false, quiz_id integer not null, user_id integer not null, primary key (id))
Hibernate: create table quiz_questions (id integer generated by default as identity, sequence integer, question_id integer not null, quiz_id integer not null, primary key (id))
Hibernate: create table quiz_answer_item (id integer generated by default as identity, answer_date timestamp, answers clob, quiz_answer_id integer, quiz_id integer, primary key (id))
Hibernate: create table quizzes (id integer generated by default as identity, available_date timestamp, conclusion_date timestamp, creation_date timestamp, key integer, one_way boolean default false, qr_code_only boolean default false, results_date timestamp, scramble boolean default false, series integer, title varchar(255) not null, type varchar(255), version varchar(255), course_execution_id integer not null, primary key (id))
Hibernate: create table replies (id integer generated by default as identity, date timestamp, is_public boolean default false, message text, discussion_id integer not null, user_id integer not null, primary key (id))
Hibernate: create table reviews (id integer generated by default as identity, comment TEXT not null, creation_date timestamp, type varchar(255), question_submission_id integer, user_id integer, primary key (id))
Hibernate: create table topic_conjunctions (id integer generated by default as identity, assessment_id integer not null, primary key (id))
Hibernate: create table topics (id integer generated by default as identity, name varchar(255) not null, course_id integer not null, primary key (id))
Hibernate: create table topics_questions (topics_id integer not null, questions_id integer not null, primary key (topics_id, questions_id))
Hibernate: create table topics_topic_conjunctions (topics_id integer not null, topic_conjunctions_id integer not null)
Hibernate: create table tournaments (id integer generated by default as identity, course_acronym varchar(255), course_id integer, course_execution_id integer, status varchar(255), creator_id integer, creator_name varchar(255), creator_username varchar(255), end_time timestamp, is_canceled boolean, number_of_questions integer, password varchar(255), private_tournament boolean, quiz_id integer, start_time timestamp, primary key (id))
Hibernate: create table tournaments_participants (tournament_id integer not null, participant_answered boolean, participant_id integer, participant_name varchar(255), number_of_answered integer, number_of_correct integer, participant_username varchar(255))
Hibernate: create table tournaments_topics (tournament_id integer not null, topics_course_id integer, topics_id integer, topics_name varchar(255))
Hibernate: create table users (id integer generated by default as identity, admin boolean default false, creation_date timestamp, key integer, name varchar(255), number_of_correct_in_class_answers integer, number_of_correct_student_answers integer, number_of_correct_teacher_answers integer, number_of_in_class_answers integer, number_of_in_class_quizzes integer, number_of_student_answers integer, number_of_student_quizzes integer, number_of_teacher_answers integer, number_of_teacher_quizzes integer, role varchar(255), primary key (id))
Hibernate: create table users_course_executions (users_id integer not null, course_executions_id integer not null, primary key (users_id, course_executions_id))
Hibernate: alter table answer_details drop constraint if exists UK_ngo3s0f06jd83whwfy2y9s1rl
Hibernate: alter table answer_details add constraint UK_ngo3s0f06jd83whwfy2y9s1rl unique (question_answer_id)
Hibernate: create index auth_users_indx_0 on auth_users (username)
Hibernate: alter table auth_users drop constraint if exists UK_f9wqm8ya8k2x456jqotu3ihla
Hibernate: alter table auth_users add constraint UK_f9wqm8ya8k2x456jqotu3ihla unique (username)
Hibernate: alter table code_fill_in_spot drop constraint if exists UKq5w3k7aw7x9y7myhmp686lly5
Hibernate: alter table code_fill_in_spot add constraint UKq5w3k7aw7x9y7myhmp686lly5 unique (question_details_id, sequence)
Hibernate: alter table discussions drop constraint if exists UK_trlfswmstqs22xs9s8xj0iey4
Hibernate: alter table discussions add constraint UK_trlfswmstqs22xs9s8xj0iey4 unique (question_answer_id)
Hibernate: create index question_answer_items_indx_0 on question_answer_items (quiz_id)
Hibernate: create index question_answers_indx_0 on question_answers (quiz_question_id)
Hibernate: create index quiz_answers_indx_0 on quiz_answers (user_id)
Hibernate: create index quiz_answers_indx_1 on quiz_answers (quiz_id)
Hibernate: create index quiz_answers_indx_2 on quiz_answers (user_id, quiz_id)
Hibernate: create index quiz_answers_indx_3 on quiz_answers (quiz_id, user_id)
Hibernate: alter table quiz_answers drop constraint if exists UKfh0s032dop7wtyy55rjhedidv
Hibernate: alter table quiz_answers add constraint UKfh0s032dop7wtyy55rjhedidv unique (quiz_id, user_id)
Hibernate: create index quizzes_indx_0 on quizzes (course_execution_id)
Hibernate: create index topic_conjunctions_indx_0 on topic_conjunctions (assessment_id)
Hibernate: alter table users drop constraint if exists UK_2o0g48ff3u7ql7g3adqjb5ix4
Hibernate: alter table users add constraint UK_2o0g48ff3u7ql7g3adqjb5ix4 unique (key)
Hibernate: alter table answer_details add constraint FKjs7xvm2mm65ov3axubj7ipaee foreign key (question_answer_id) references question_answers
Hibernate: alter table answer_details add constraint FK58i179vrdh43q7q6hux2jgry2 foreign key (option_id) references options
Hibernate: alter table assessments add constraint FK9l06agsr3c75fewmve7t2tc43 foreign key (course_execution_id) references course_executions
Hibernate: alter table auth_users add constraint FKrpvvat76cqj7gfiyhoso7skyq foreign key (user_id) references users
Hibernate: alter table code_fill_in_options add constraint FKnowhxe38yx428bgd3gkksxd0o foreign key (code_fill_in_id) references code_fill_in_spot
Hibernate: alter table code_fill_in_options_question_answers add constraint FK8mqmt9p4c5kgi0e3648xt1icu foreign key (question_answers_id) references answer_details
Hibernate: alter table code_fill_in_options_question_answers add constraint FKe1a8vsqu11epk42nucd962f2y foreign key (code_fill_in_options_id) references code_fill_in_options
Hibernate: alter table code_fill_in_spot add constraint FKfsmogvpjssv7a58aylcne8ott foreign key (question_details_id) references question_details
Hibernate: alter table code_order_slot add constraint FKg3q3re0fd39t9sqqcr8h0hk14 foreign key (question_details_id) references question_details
Hibernate: alter table code_fill_in_answer_item_option_ids add constraint FKeb06eyuonl4j23xiu675c6h4c foreign key (code_fill_in_answer_item_id) references question_answer_items
Hibernate: alter table code_order_answer_item_ordered_slots add constraint FKn7wg3ru2csb71gjfeds6mvgef foreign key (code_order_answer_item_id) references question_answer_items
Hibernate: alter table code_order_answer_slot add constraint FKsr8gp7lo9rne1iy2jgp8hdfff foreign key (code_order_answer_id) references answer_details
Hibernate: alter table code_order_answer_slot add constraint FKsqoy100tn0amw0degeccyf8nd foreign key (code_order_slot_id) references code_order_slot
Hibernate: alter table course_executions add constraint FKimcvi45c7kssp8vygn0diid7u foreign key (course_id) references courses
Hibernate: alter table discussions add constraint FKs694t28awnmhc7s3flce59h88 foreign key (course_execution_id) references course_executions
Hibernate: alter table discussions add constraint FK4smmncofiwesyfmqrd8xfb63u foreign key (question_id) references questions
Hibernate: alter table discussions add constraint FKgo6ea3dr1c555wmowepvfvys5 foreign key (question_answer_id) references question_answers
Hibernate: alter table discussions add constraint FK9poj0fwjbqjit2n9dt6bhe5f7 foreign key (user_id) references users
Hibernate: alter table images add constraint FK37qs4lwbc8u9pmjhtuxp0d264 foreign key (question_id) references questions
Hibernate: alter table options add constraint FK99cstl7dsrj6q9gb2r52iigsw foreign key (question_details_id) references question_details
Hibernate: alter table question_answers add constraint FKamgy9t1s8asrsl00l5p8lold4 foreign key (quiz_answer_id) references quiz_answers
Hibernate: alter table question_answers add constraint FKjy80p5uktr31ehg8d5v53nfq2 foreign key (quiz_question_id) references quiz_questions
Hibernate: alter table question_details add constraint FKp450m4lxfc5bjdek0glon56j1 foreign key (question_id) references questions
Hibernate: alter table question_submissions add constraint FKcam0sbhwyxy8btwmcmg9cjjrv foreign key (course_execution_id) references course_executions
Hibernate: alter table question_submissions add constraint FK2pxbyfmlfhrnlcgk5n21u7387 foreign key (question_id) references questions
Hibernate: alter table question_submissions add constraint FK73bi9gmijg7xl7q5ajx7dgkn1 foreign key (submitter_id) references users
Hibernate: alter table questions add constraint FK6y78pbrt5dxp12ljsa8r1ey82 foreign key (course_id) references courses
Hibernate: alter table quiz_answers add constraint FK8m696ke2wtle7jrw9fp3ey2yt foreign key (quiz_id) references quizzes
Hibernate: alter table quiz_answers add constraint FKcqyj36ibcadfva2rc6psle7u1 foreign key (user_id) references users
Hibernate: alter table quiz_questions add constraint FKev41c723fx659v28pjycox15o foreign key (question_id) references questions
Hibernate: alter table quiz_questions add constraint FKanfmgf6ksbdnv7ojb0pfve54q foreign key (quiz_id) references quizzes
Hibernate: alter table quizzes add constraint FKtjubpqjuw7b2yw4jp7kwstp3l foreign key (course_execution_id) references course_executions
Hibernate: alter table replies add constraint FKjssw5shs8tpciwe5yuct3365x foreign key (discussion_id) references discussions
Hibernate: alter table replies add constraint FKn60t7po8l0rllye52xx25q4xx foreign key (user_id) references users
Hibernate: alter table reviews add constraint FKd538goj636vy1d5lbiaf9n5y0 foreign key (question_submission_id) references question_submissions
Hibernate: alter table reviews add constraint FKcgy7qjc1r99dp117y9en6lxye foreign key (user_id) references users
Hibernate: alter table topic_conjunctions add constraint FK1bei0hi20ym6b018f9yr59gya foreign key (assessment_id) references assessments
Hibernate: alter table topics add constraint FKhn8u5k2hlwgftn6xkk7i2vh1o foreign key (course_id) references courses
Hibernate: alter table topics_questions add constraint FK4lsm9y4c8dmvp5b2g5no87om7 foreign key (questions_id) references questions
Hibernate: alter table topics_questions add constraint FKpv4eapx6jhsr3fnqygajogkyc foreign key (topics_id) references topics
Hibernate: alter table topics_topic_conjunctions add constraint FKh080rtpwj6cuvoi3wq4avmmw0 foreign key (topic_conjunctions_id) references topic_conjunctions
Hibernate: alter table topics_topic_conjunctions add constraint FK2p0k3pivqm6btx62cmftv3ktq foreign key (topics_id) references topics
Hibernate: alter table tournaments_participants add constraint FKqs521csslb7t08buleseljxfn foreign key (tournament_id) references tournaments
Hibernate: alter table tournaments_topics add constraint FKmfwkmglsxm28cb3ynujhkrmhm foreign key (tournament_id) references tournaments
Hibernate: alter table users_course_executions add constraint FK3nlrx7690x6hfu93fi69gskqg foreign key (course_executions_id) references course_executions
Hibernate: alter table users_course_executions add constraint FKbio7lec4k721ccqaoqecbr9ko foreign key (users_id) references users
2021-03-18 00:29:47.350  INFO 19160 --- [           main] o.h.e.t.j.p.i.JtaPlatformInitiator       : HHH000490: Using JtaPlatform implementation: [org.hibernate.engine.transaction.jta.platform.internal.NoJtaPlatform]
2021-03-18 00:29:47.374  INFO 19160 --- [           main] j.LocalContainerEntityManagerFactoryBean : Initialized JPA EntityManagerFactory for persistence unit 'default'
2021-03-18 00:29:50.576  INFO 19160 --- [           main] p.u.t.s.t.t.s.CancelTournamentTest       : Started CancelTournamentTest in 11.889 seconds (JVM running for 18.954)
2021-03-18 00:29:50.691  INFO 19160 --- [           main] o.s.t.c.transaction.TransactionContext   : Began transaction (1) for test context [DefaultTestContext@1602b644 testClass = CancelTournamentTest, testInstance = pt.ulisboa.tecnico.socialsoftware.tournament.tournament.service.CancelTournamentTest@5e71e8d4, testMethod = $spock_feature_2_0@CancelTournamentTest, testException = [null], mergedContextConfiguration = [MergedContextConfiguration@4d0ec988 testClass = CancelTournamentTest, locations = '{}', classes = '{class pt.ulisboa.tecnico.socialsoftware.tournament.TournamentTestApplication, class pt.ulisboa.tecnico.socialsoftware.tournament.tournament.service.CancelTournamentTest$LocalBeanConfiguration}', contextInitializerClasses = '[]', activeProfiles = '{}', propertySourceLocations = '{}', propertySourceProperties = '{org.springframework.boot.test.autoconfigure.orm.jpa.DataJpaTestContextBootstrapper=true}', contextCustomizers = set[[ImportsContextCustomizer@17991766 key = [org.springframework.boot.autoconfigure.cache.CacheAutoConfiguration, org.springframework.boot.autoconfigure.data.jpa.JpaRepositoriesAutoConfiguration, org.springframework.boot.autoconfigure.flyway.FlywayAutoConfiguration, org.springframework.boot.autoconfigure.jdbc.DataSourceAutoConfiguration, org.springframework.boot.autoconfigure.jdbc.DataSourceTransactionManagerAutoConfiguration, org.springframework.boot.autoconfigure.jdbc.JdbcTemplateAutoConfiguration, org.springframework.boot.autoconfigure.liquibase.LiquibaseAutoConfiguration, org.springframework.boot.autoconfigure.orm.jpa.HibernateJpaAutoConfiguration, org.springframework.boot.autoconfigure.transaction.TransactionAutoConfiguration, org.springframework.boot.test.autoconfigure.jdbc.TestDatabaseAutoConfiguration, org.springframework.boot.test.autoconfigure.orm.jpa.TestEntityManagerAutoConfiguration]], org.springframework.boot.test.context.filter.ExcludeFilterContextCustomizer@2eebce87, org.springframework.boot.test.json.DuplicateJsonObjectContextCustomizerFactory$DuplicateJsonObjectContextCustomizer@78065fcd, org.springframework.boot.test.mock.mockito.MockitoContextCustomizer@0, org.springframework.boot.test.autoconfigure.OverrideAutoConfigurationContextCustomizerFactory$DisableAutoConfigurationContextCustomizer@6b6def36, org.springframework.boot.test.autoconfigure.actuate.metrics.MetricsExportContextCustomizerFactory$DisableMetricExportContextCustomizer@7be38eba, org.springframework.boot.test.autoconfigure.filter.TypeExcludeFiltersContextCustomizer@351584c0, org.springframework.boot.test.autoconfigure.properties.PropertyMappingContextCustomizer@a5f4627e, org.springframework.boot.test.autoconfigure.web.servlet.WebDriverContextCustomizerFactory$Customizer@4cd7d5e1, org.spockframework.spring.mock.SpockContextCustomizer@0, org.springframework.boot.test.context.SpringBootTestArgs@1, org.springframework.boot.test.context.SpringBootTestWebEnvironment@0], contextLoader = 'org.springframework.boot.test.context.SpringBootContextLoader', parent = [null]], attributes = map['org.springframework.test.context.event.ApplicationEventsTestExecutionListener.recordApplicationEvents' -> false]]; transaction manager [org.springframework.orm.jpa.JpaTransactionManager@4bc3e79d]; rollback [true]
Hibernate: insert into courses (id, name, type) values (null, ?, ?)
Hibernate: call identity()
Hibernate: insert into course_executions (id, academic_term, acronym, course_id, end_date, status, type) values (null, ?, ?, ?, ?, ?, ?)
Hibernate: call identity()
Hibernate: insert into users (id, admin, creation_date, key, name, number_of_correct_in_class_answers, number_of_correct_student_answers, number_of_correct_teacher_answers, number_of_in_class_answers, number_of_in_class_quizzes, number_of_student_answers, number_of_student_quizzes, number_of_teacher_answers, number_of_teacher_quizzes, role) values (null, ?, ?, ?, ?, ?, ?, ?, ?, ?, ?, ?, ?, ?, ?)
Hibernate: call identity()
Hibernate: insert into auth_users (id, email, last_access, password, user_id, username, active, confirmation_token, token_generation_date, auth_type) values (null, ?, ?, ?, ?, ?, ?, ?, ?, 'EXTERNAL')
Hibernate: call identity()
Hibernate: insert into topics (id, course_id, name) values (null, ?, ?)
Hibernate: call identity()
Hibernate: insert into topics (id, course_id, name) values (null, ?, ?)
Hibernate: call identity()
Hibernate: insert into assessments (id, course_execution_id, sequence, status, title) values (null, ?, ?, ?, ?)
Hibernate: call identity()
Hibernate: insert into topic_conjunctions (id, assessment_id) values (null, ?)
Hibernate: call identity()
Hibernate: insert into questions (id, content, course_id, creation_date, key, number_of_answers, number_of_correct, status, title) values (null, ?, ?, ?, ?, ?, ?, ?, ?)
Hibernate: call identity()
Hibernate: insert into question_details (id, question_id, question_type) values (null, ?, 'multiple_choice')
Hibernate: call identity()
Hibernate: insert into options (id, content, correct, question_details_id, sequence) values (null, ?, ?, ?, ?)
Hibernate: call identity()
Hibernate: insert into tournaments (id, course_acronym, course_id, course_execution_id, status, creator_id, creator_name, creator_username, end_time, is_canceled, number_of_questions, password, private_tournament, quiz_id, start_time) values (null, ?, ?, ?, ?, ?, ?, ?, ?, ?, ?, ?, ?, ?, ?)
Hibernate: call identity()
Hibernate: update tournaments set course_acronym=?, course_id=?, course_execution_id=?, status=?, creator_id=?, creator_name=?, creator_username=?, end_time=?, is_canceled=?, number_of_questions=?, password=?, private_tournament=?, quiz_id=?, start_time=? where id=?
Hibernate: insert into users_course_executions (users_id, course_executions_id) values (?, ?)
Hibernate: insert into topics_questions (topics_id, questions_id) values (?, ?)
Hibernate: insert into topics_topic_conjunctions (topics_id, topic_conjunctions_id) values (?, ?)
Hibernate: insert into topics_questions (topics_id, questions_id) values (?, ?)
Hibernate: insert into topics_topic_conjunctions (topics_id, topic_conjunctions_id) values (?, ?)
Hibernate: insert into tournaments_topics (tournament_id, topics_course_id, topics_id, topics_name) values (?, ?, ?, ?)
Hibernate: insert into tournaments_topics (tournament_id, topics_course_id, topics_id, topics_name) values (?, ?, ?, ?)
Hibernate: select count(*) as col_0_0_ from tournaments tournament0_
Hibernate: select tournament0_.id as id1_30_, tournament0_.course_acronym as course_a2_30_, tournament0_.course_id as course_i3_30_, tournament0_.course_execution_id as course_e4_30_, tournament0_.status as status5_30_, tournament0_.creator_id as creator_6_30_, tournament0_.creator_name as creator_7_30_, tournament0_.creator_username as creator_8_30_, tournament0_.end_time as end_time9_30_, tournament0_.is_canceled as is_canc10_30_, tournament0_.number_of_questions as number_11_30_, tournament0_.password as passwor12_30_, tournament0_.private_tournament as private13_30_, tournament0_.quiz_id as quiz_id14_30_, tournament0_.start_time as start_t15_30_ from tournaments tournament0_
2021-03-18 00:29:51.711  INFO 19160 --- [           main] o.s.t.c.transaction.TransactionContext   : Rolled back transaction for test: [DefaultTestContext@1602b644 testClass = CancelTournamentTest, testInstance = pt.ulisboa.tecnico.socialsoftware.tournament.tournament.service.CancelTournamentTest@5e71e8d4, testMethod = $spock_feature_2_0@CancelTournamentTest, testException = [null], mergedContextConfiguration = [MergedContextConfiguration@4d0ec988 testClass = CancelTournamentTest, locations = '{}', classes = '{class pt.ulisboa.tecnico.socialsoftware.tournament.TournamentTestApplication, class pt.ulisboa.tecnico.socialsoftware.tournament.tournament.service.CancelTournamentTest$LocalBeanConfiguration}', contextInitializerClasses = '[]', activeProfiles = '{}', propertySourceLocations = '{}', propertySourceProperties = '{org.springframework.boot.test.autoconfigure.orm.jpa.DataJpaTestContextBootstrapper=true}', contextCustomizers = set[[ImportsContextCustomizer@17991766 key = [org.springframework.boot.autoconfigure.cache.CacheAutoConfiguration, org.springframework.boot.autoconfigure.data.jpa.JpaRepositoriesAutoConfiguration, org.springframework.boot.autoconfigure.flyway.FlywayAutoConfiguration, org.springframework.boot.autoconfigure.jdbc.DataSourceAutoConfiguration, org.springframework.boot.autoconfigure.jdbc.DataSourceTransactionManagerAutoConfiguration, org.springframework.boot.autoconfigure.jdbc.JdbcTemplateAutoConfiguration, org.springframework.boot.autoconfigure.liquibase.LiquibaseAutoConfiguration, org.springframework.boot.autoconfigure.orm.jpa.HibernateJpaAutoConfiguration, org.springframework.boot.autoconfigure.transaction.TransactionAutoConfiguration, org.springframework.boot.test.autoconfigure.jdbc.TestDatabaseAutoConfiguration, org.springframework.boot.test.autoconfigure.orm.jpa.TestEntityManagerAutoConfiguration]], org.springframework.boot.test.context.filter.ExcludeFilterContextCustomizer@2eebce87, org.springframework.boot.test.json.DuplicateJsonObjectContextCustomizerFactory$DuplicateJsonObjectContextCustomizer@78065fcd, org.springframework.boot.test.mock.mockito.MockitoContextCustomizer@0, org.springframework.boot.test.autoconfigure.OverrideAutoConfigurationContextCustomizerFactory$DisableAutoConfigurationContextCustomizer@6b6def36, org.springframework.boot.test.autoconfigure.actuate.metrics.MetricsExportContextCustomizerFactory$DisableMetricExportContextCustomizer@7be38eba, org.springframework.boot.test.autoconfigure.filter.TypeExcludeFiltersContextCustomizer@351584c0, org.springframework.boot.test.autoconfigure.properties.PropertyMappingContextCustomizer@a5f4627e, org.springframework.boot.test.autoconfigure.web.servlet.WebDriverContextCustomizerFactory$Customizer@4cd7d5e1, org.spockframework.spring.mock.SpockContextCustomizer@0, org.springframework.boot.test.context.SpringBootTestArgs@1, org.springframework.boot.test.context.SpringBootTestWebEnvironment@0], contextLoader = 'org.springframework.boot.test.context.SpringBootContextLoader', parent = [null]], attributes = map['org.spockframework.spring.SpringMockTestExecutionListener.MOCKED_BEANS_LIST' -> list[[empty]], 'org.springframework.test.context.event.ApplicationEventsTestExecutionListener.recordApplicationEvents' -> false]]
]]></system-out>
  </testcase>
  <testcase name="user that created an open tournament tries to cancel it" classname="pt.ulisboa.tecnico.socialsoftware.tournament.tournament.service.CancelTournamentTest" time="0.109">
    <system-out><![CDATA[2021-03-18 00:29:51.718  INFO 19160 --- [           main] o.s.t.c.transaction.TransactionContext   : Began transaction (1) for test context [DefaultTestContext@1602b644 testClass = CancelTournamentTest, testInstance = pt.ulisboa.tecnico.socialsoftware.tournament.tournament.service.CancelTournamentTest@5e539bf, testMethod = $spock_feature_2_1@CancelTournamentTest, testException = [null], mergedContextConfiguration = [MergedContextConfiguration@4d0ec988 testClass = CancelTournamentTest, locations = '{}', classes = '{class pt.ulisboa.tecnico.socialsoftware.tournament.TournamentTestApplication, class pt.ulisboa.tecnico.socialsoftware.tournament.tournament.service.CancelTournamentTest$LocalBeanConfiguration}', contextInitializerClasses = '[]', activeProfiles = '{}', propertySourceLocations = '{}', propertySourceProperties = '{org.springframework.boot.test.autoconfigure.orm.jpa.DataJpaTestContextBootstrapper=true}', contextCustomizers = set[[ImportsContextCustomizer@17991766 key = [org.springframework.boot.autoconfigure.cache.CacheAutoConfiguration, org.springframework.boot.autoconfigure.data.jpa.JpaRepositoriesAutoConfiguration, org.springframework.boot.autoconfigure.flyway.FlywayAutoConfiguration, org.springframework.boot.autoconfigure.jdbc.DataSourceAutoConfiguration, org.springframework.boot.autoconfigure.jdbc.DataSourceTransactionManagerAutoConfiguration, org.springframework.boot.autoconfigure.jdbc.JdbcTemplateAutoConfiguration, org.springframework.boot.autoconfigure.liquibase.LiquibaseAutoConfiguration, org.springframework.boot.autoconfigure.orm.jpa.HibernateJpaAutoConfiguration, org.springframework.boot.autoconfigure.transaction.TransactionAutoConfiguration, org.springframework.boot.test.autoconfigure.jdbc.TestDatabaseAutoConfiguration, org.springframework.boot.test.autoconfigure.orm.jpa.TestEntityManagerAutoConfiguration]], org.springframework.boot.test.context.filter.ExcludeFilterContextCustomizer@2eebce87, org.springframework.boot.test.json.DuplicateJsonObjectContextCustomizerFactory$DuplicateJsonObjectContextCustomizer@78065fcd, org.springframework.boot.test.mock.mockito.MockitoContextCustomizer@0, org.springframework.boot.test.autoconfigure.OverrideAutoConfigurationContextCustomizerFactory$DisableAutoConfigurationContextCustomizer@6b6def36, org.springframework.boot.test.autoconfigure.actuate.metrics.MetricsExportContextCustomizerFactory$DisableMetricExportContextCustomizer@7be38eba, org.springframework.boot.test.autoconfigure.filter.TypeExcludeFiltersContextCustomizer@351584c0, org.springframework.boot.test.autoconfigure.properties.PropertyMappingContextCustomizer@a5f4627e, org.springframework.boot.test.autoconfigure.web.servlet.WebDriverContextCustomizerFactory$Customizer@4cd7d5e1, org.spockframework.spring.mock.SpockContextCustomizer@0, org.springframework.boot.test.context.SpringBootTestArgs@1, org.springframework.boot.test.context.SpringBootTestWebEnvironment@0], contextLoader = 'org.springframework.boot.test.context.SpringBootContextLoader', parent = [null]], attributes = map['org.spockframework.spring.SpringMockTestExecutionListener.MOCKED_BEANS_LIST' -> list[[empty]], 'org.springframework.test.context.event.ApplicationEventsTestExecutionListener.recordApplicationEvents' -> false]]; transaction manager [org.springframework.orm.jpa.JpaTransactionManager@4bc3e79d]; rollback [true]
Hibernate: insert into courses (id, name, type) values (null, ?, ?)
Hibernate: call identity()
Hibernate: insert into course_executions (id, academic_term, acronym, course_id, end_date, status, type) values (null, ?, ?, ?, ?, ?, ?)
Hibernate: call identity()
Hibernate: insert into users (id, admin, creation_date, key, name, number_of_correct_in_class_answers, number_of_correct_student_answers, number_of_correct_teacher_answers, number_of_in_class_answers, number_of_in_class_quizzes, number_of_student_answers, number_of_student_quizzes, number_of_teacher_answers, number_of_teacher_quizzes, role) values (null, ?, ?, ?, ?, ?, ?, ?, ?, ?, ?, ?, ?, ?, ?)
Hibernate: call identity()
Hibernate: insert into auth_users (id, email, last_access, password, user_id, username, active, confirmation_token, token_generation_date, auth_type) values (null, ?, ?, ?, ?, ?, ?, ?, ?, 'EXTERNAL')
Hibernate: call identity()
Hibernate: insert into topics (id, course_id, name) values (null, ?, ?)
Hibernate: call identity()
Hibernate: insert into topics (id, course_id, name) values (null, ?, ?)
Hibernate: call identity()
Hibernate: insert into assessments (id, course_execution_id, sequence, status, title) values (null, ?, ?, ?, ?)
Hibernate: call identity()
Hibernate: insert into topic_conjunctions (id, assessment_id) values (null, ?)
Hibernate: call identity()
Hibernate: insert into questions (id, content, course_id, creation_date, key, number_of_answers, number_of_correct, status, title) values (null, ?, ?, ?, ?, ?, ?, ?, ?)
Hibernate: call identity()
Hibernate: insert into question_details (id, question_id, question_type) values (null, ?, 'multiple_choice')
Hibernate: call identity()
Hibernate: insert into options (id, content, correct, question_details_id, sequence) values (null, ?, ?, ?, ?)
Hibernate: call identity()
Hibernate: insert into tournaments (id, course_acronym, course_id, course_execution_id, status, creator_id, creator_name, creator_username, end_time, is_canceled, number_of_questions, password, private_tournament, quiz_id, start_time) values (null, ?, ?, ?, ?, ?, ?, ?, ?, ?, ?, ?, ?, ?, ?)
Hibernate: call identity()
2021-03-18 00:29:51.770 ERROR 19160 --- [           main] p.u.t.s.exceptions.TutorException        : Tournament 2 is live. You can not change it now
Hibernate: select count(*) as col_0_0_ from tournaments tournament0_
2021-03-18 00:29:51.823  INFO 19160 --- [           main] o.s.t.c.transaction.TransactionContext   : Rolled back transaction for test: [DefaultTestContext@1602b644 testClass = CancelTournamentTest, testInstance = pt.ulisboa.tecnico.socialsoftware.tournament.tournament.service.CancelTournamentTest@5e539bf, testMethod = $spock_feature_2_1@CancelTournamentTest, testException = [null], mergedContextConfiguration = [MergedContextConfiguration@4d0ec988 testClass = CancelTournamentTest, locations = '{}', classes = '{class pt.ulisboa.tecnico.socialsoftware.tournament.TournamentTestApplication, class pt.ulisboa.tecnico.socialsoftware.tournament.tournament.service.CancelTournamentTest$LocalBeanConfiguration}', contextInitializerClasses = '[]', activeProfiles = '{}', propertySourceLocations = '{}', propertySourceProperties = '{org.springframework.boot.test.autoconfigure.orm.jpa.DataJpaTestContextBootstrapper=true}', contextCustomizers = set[[ImportsContextCustomizer@17991766 key = [org.springframework.boot.autoconfigure.cache.CacheAutoConfiguration, org.springframework.boot.autoconfigure.data.jpa.JpaRepositoriesAutoConfiguration, org.springframework.boot.autoconfigure.flyway.FlywayAutoConfiguration, org.springframework.boot.autoconfigure.jdbc.DataSourceAutoConfiguration, org.springframework.boot.autoconfigure.jdbc.DataSourceTransactionManagerAutoConfiguration, org.springframework.boot.autoconfigure.jdbc.JdbcTemplateAutoConfiguration, org.springframework.boot.autoconfigure.liquibase.LiquibaseAutoConfiguration, org.springframework.boot.autoconfigure.orm.jpa.HibernateJpaAutoConfiguration, org.springframework.boot.autoconfigure.transaction.TransactionAutoConfiguration, org.springframework.boot.test.autoconfigure.jdbc.TestDatabaseAutoConfiguration, org.springframework.boot.test.autoconfigure.orm.jpa.TestEntityManagerAutoConfiguration]], org.springframework.boot.test.context.filter.ExcludeFilterContextCustomizer@2eebce87, org.springframework.boot.test.json.DuplicateJsonObjectContextCustomizerFactory$DuplicateJsonObjectContextCustomizer@78065fcd, org.springframework.boot.test.mock.mockito.MockitoContextCustomizer@0, org.springframework.boot.test.autoconfigure.OverrideAutoConfigurationContextCustomizerFactory$DisableAutoConfigurationContextCustomizer@6b6def36, org.springframework.boot.test.autoconfigure.actuate.metrics.MetricsExportContextCustomizerFactory$DisableMetricExportContextCustomizer@7be38eba, org.springframework.boot.test.autoconfigure.filter.TypeExcludeFiltersContextCustomizer@351584c0, org.springframework.boot.test.autoconfigure.properties.PropertyMappingContextCustomizer@a5f4627e, org.springframework.boot.test.autoconfigure.web.servlet.WebDriverContextCustomizerFactory$Customizer@4cd7d5e1, org.spockframework.spring.mock.SpockContextCustomizer@0, org.springframework.boot.test.context.SpringBootTestArgs@1, org.springframework.boot.test.context.SpringBootTestWebEnvironment@0], contextLoader = 'org.springframework.boot.test.context.SpringBootContextLoader', parent = [null]], attributes = map['org.spockframework.spring.SpringMockTestExecutionListener.MOCKED_BEANS_LIST' -> list[[empty]], 'org.springframework.test.context.event.ApplicationEventsTestExecutionListener.recordApplicationEvents' -> false]]
]]></system-out>
  </testcase>
  <testcase name="user that created tournament tries to cancel it after has ended with no answers" classname="pt.ulisboa.tecnico.socialsoftware.tournament.tournament.service.CancelTournamentTest" time="0.071">
    <system-out><![CDATA[2021-03-18 00:29:51.831  INFO 19160 --- [           main] o.s.t.c.transaction.TransactionContext   : Began transaction (1) for test context [DefaultTestContext@1602b644 testClass = CancelTournamentTest, testInstance = pt.ulisboa.tecnico.socialsoftware.tournament.tournament.service.CancelTournamentTest@21ac9e27, testMethod = $spock_feature_2_2@CancelTournamentTest, testException = [null], mergedContextConfiguration = [MergedContextConfiguration@4d0ec988 testClass = CancelTournamentTest, locations = '{}', classes = '{class pt.ulisboa.tecnico.socialsoftware.tournament.TournamentTestApplication, class pt.ulisboa.tecnico.socialsoftware.tournament.tournament.service.CancelTournamentTest$LocalBeanConfiguration}', contextInitializerClasses = '[]', activeProfiles = '{}', propertySourceLocations = '{}', propertySourceProperties = '{org.springframework.boot.test.autoconfigure.orm.jpa.DataJpaTestContextBootstrapper=true}', contextCustomizers = set[[ImportsContextCustomizer@17991766 key = [org.springframework.boot.autoconfigure.cache.CacheAutoConfiguration, org.springframework.boot.autoconfigure.data.jpa.JpaRepositoriesAutoConfiguration, org.springframework.boot.autoconfigure.flyway.FlywayAutoConfiguration, org.springframework.boot.autoconfigure.jdbc.DataSourceAutoConfiguration, org.springframework.boot.autoconfigure.jdbc.DataSourceTransactionManagerAutoConfiguration, org.springframework.boot.autoconfigure.jdbc.JdbcTemplateAutoConfiguration, org.springframework.boot.autoconfigure.liquibase.LiquibaseAutoConfiguration, org.springframework.boot.autoconfigure.orm.jpa.HibernateJpaAutoConfiguration, org.springframework.boot.autoconfigure.transaction.TransactionAutoConfiguration, org.springframework.boot.test.autoconfigure.jdbc.TestDatabaseAutoConfiguration, org.springframework.boot.test.autoconfigure.orm.jpa.TestEntityManagerAutoConfiguration]], org.springframework.boot.test.context.filter.ExcludeFilterContextCustomizer@2eebce87, org.springframework.boot.test.json.DuplicateJsonObjectContextCustomizerFactory$DuplicateJsonObjectContextCustomizer@78065fcd, org.springframework.boot.test.mock.mockito.MockitoContextCustomizer@0, org.springframework.boot.test.autoconfigure.OverrideAutoConfigurationContextCustomizerFactory$DisableAutoConfigurationContextCustomizer@6b6def36, org.springframework.boot.test.autoconfigure.actuate.metrics.MetricsExportContextCustomizerFactory$DisableMetricExportContextCustomizer@7be38eba, org.springframework.boot.test.autoconfigure.filter.TypeExcludeFiltersContextCustomizer@351584c0, org.springframework.boot.test.autoconfigure.properties.PropertyMappingContextCustomizer@a5f4627e, org.springframework.boot.test.autoconfigure.web.servlet.WebDriverContextCustomizerFactory$Customizer@4cd7d5e1, org.spockframework.spring.mock.SpockContextCustomizer@0, org.springframework.boot.test.context.SpringBootTestArgs@1, org.springframework.boot.test.context.SpringBootTestWebEnvironment@0], contextLoader = 'org.springframework.boot.test.context.SpringBootContextLoader', parent = [null]], attributes = map['org.spockframework.spring.SpringMockTestExecutionListener.MOCKED_BEANS_LIST' -> list[[empty]], 'org.springframework.test.context.event.ApplicationEventsTestExecutionListener.recordApplicationEvents' -> false]]; transaction manager [org.springframework.orm.jpa.JpaTransactionManager@4bc3e79d]; rollback [true]
Hibernate: insert into courses (id, name, type) values (null, ?, ?)
Hibernate: call identity()
Hibernate: insert into course_executions (id, academic_term, acronym, course_id, end_date, status, type) values (null, ?, ?, ?, ?, ?, ?)
Hibernate: call identity()
Hibernate: insert into users (id, admin, creation_date, key, name, number_of_correct_in_class_answers, number_of_correct_student_answers, number_of_correct_teacher_answers, number_of_in_class_answers, number_of_in_class_quizzes, number_of_student_answers, number_of_student_quizzes, number_of_teacher_answers, number_of_teacher_quizzes, role) values (null, ?, ?, ?, ?, ?, ?, ?, ?, ?, ?, ?, ?, ?, ?)
Hibernate: call identity()
Hibernate: insert into auth_users (id, email, last_access, password, user_id, username, active, confirmation_token, token_generation_date, auth_type) values (null, ?, ?, ?, ?, ?, ?, ?, ?, 'EXTERNAL')
Hibernate: call identity()
Hibernate: insert into topics (id, course_id, name) values (null, ?, ?)
Hibernate: call identity()
Hibernate: insert into topics (id, course_id, name) values (null, ?, ?)
Hibernate: call identity()
Hibernate: insert into assessments (id, course_execution_id, sequence, status, title) values (null, ?, ?, ?, ?)
Hibernate: call identity()
Hibernate: insert into topic_conjunctions (id, assessment_id) values (null, ?)
Hibernate: call identity()
Hibernate: insert into questions (id, content, course_id, creation_date, key, number_of_answers, number_of_correct, status, title) values (null, ?, ?, ?, ?, ?, ?, ?, ?)
Hibernate: call identity()
Hibernate: insert into question_details (id, question_id, question_type) values (null, ?, 'multiple_choice')
Hibernate: call identity()
Hibernate: insert into options (id, content, correct, question_details_id, sequence) values (null, ?, ?, ?, ?)
Hibernate: call identity()
Hibernate: insert into tournaments (id, course_acronym, course_id, course_execution_id, status, creator_id, creator_name, creator_username, end_time, is_canceled, number_of_questions, password, private_tournament, quiz_id, start_time) values (null, ?, ?, ?, ?, ?, ?, ?, ?, ?, ?, ?, ?, ?, ?)
Hibernate: call identity()
Hibernate: update tournaments set course_acronym=?, course_id=?, course_execution_id=?, status=?, creator_id=?, creator_name=?, creator_username=?, end_time=?, is_canceled=?, number_of_questions=?, password=?, private_tournament=?, quiz_id=?, start_time=? where id=?
Hibernate: insert into users_course_executions (users_id, course_executions_id) values (?, ?)
Hibernate: insert into topics_questions (topics_id, questions_id) values (?, ?)
Hibernate: insert into topics_topic_conjunctions (topics_id, topic_conjunctions_id) values (?, ?)
Hibernate: insert into topics_questions (topics_id, questions_id) values (?, ?)
Hibernate: insert into topics_topic_conjunctions (topics_id, topic_conjunctions_id) values (?, ?)
Hibernate: insert into tournaments_topics (tournament_id, topics_course_id, topics_id, topics_name) values (?, ?, ?, ?)
Hibernate: insert into tournaments_topics (tournament_id, topics_course_id, topics_id, topics_name) values (?, ?, ?, ?)
Hibernate: select count(*) as col_0_0_ from tournaments tournament0_
Hibernate: select tournament0_.id as id1_30_, tournament0_.course_acronym as course_a2_30_, tournament0_.course_id as course_i3_30_, tournament0_.course_execution_id as course_e4_30_, tournament0_.status as status5_30_, tournament0_.creator_id as creator_6_30_, tournament0_.creator_name as creator_7_30_, tournament0_.creator_username as creator_8_30_, tournament0_.end_time as end_time9_30_, tournament0_.is_canceled as is_canc10_30_, tournament0_.number_of_questions as number_11_30_, tournament0_.password as passwor12_30_, tournament0_.private_tournament as private13_30_, tournament0_.quiz_id as quiz_id14_30_, tournament0_.start_time as start_t15_30_ from tournaments tournament0_
2021-03-18 00:29:51.896  INFO 19160 --- [           main] o.s.t.c.transaction.TransactionContext   : Rolled back transaction for test: [DefaultTestContext@1602b644 testClass = CancelTournamentTest, testInstance = pt.ulisboa.tecnico.socialsoftware.tournament.tournament.service.CancelTournamentTest@21ac9e27, testMethod = $spock_feature_2_2@CancelTournamentTest, testException = [null], mergedContextConfiguration = [MergedContextConfiguration@4d0ec988 testClass = CancelTournamentTest, locations = '{}', classes = '{class pt.ulisboa.tecnico.socialsoftware.tournament.TournamentTestApplication, class pt.ulisboa.tecnico.socialsoftware.tournament.tournament.service.CancelTournamentTest$LocalBeanConfiguration}', contextInitializerClasses = '[]', activeProfiles = '{}', propertySourceLocations = '{}', propertySourceProperties = '{org.springframework.boot.test.autoconfigure.orm.jpa.DataJpaTestContextBootstrapper=true}', contextCustomizers = set[[ImportsContextCustomizer@17991766 key = [org.springframework.boot.autoconfigure.cache.CacheAutoConfiguration, org.springframework.boot.autoconfigure.data.jpa.JpaRepositoriesAutoConfiguration, org.springframework.boot.autoconfigure.flyway.FlywayAutoConfiguration, org.springframework.boot.autoconfigure.jdbc.DataSourceAutoConfiguration, org.springframework.boot.autoconfigure.jdbc.DataSourceTransactionManagerAutoConfiguration, org.springframework.boot.autoconfigure.jdbc.JdbcTemplateAutoConfiguration, org.springframework.boot.autoconfigure.liquibase.LiquibaseAutoConfiguration, org.springframework.boot.autoconfigure.orm.jpa.HibernateJpaAutoConfiguration, org.springframework.boot.autoconfigure.transaction.TransactionAutoConfiguration, org.springframework.boot.test.autoconfigure.jdbc.TestDatabaseAutoConfiguration, org.springframework.boot.test.autoconfigure.orm.jpa.TestEntityManagerAutoConfiguration]], org.springframework.boot.test.context.filter.ExcludeFilterContextCustomizer@2eebce87, org.springframework.boot.test.json.DuplicateJsonObjectContextCustomizerFactory$DuplicateJsonObjectContextCustomizer@78065fcd, org.springframework.boot.test.mock.mockito.MockitoContextCustomizer@0, org.springframework.boot.test.autoconfigure.OverrideAutoConfigurationContextCustomizerFactory$DisableAutoConfigurationContextCustomizer@6b6def36, org.springframework.boot.test.autoconfigure.actuate.metrics.MetricsExportContextCustomizerFactory$DisableMetricExportContextCustomizer@7be38eba, org.springframework.boot.test.autoconfigure.filter.TypeExcludeFiltersContextCustomizer@351584c0, org.springframework.boot.test.autoconfigure.properties.PropertyMappingContextCustomizer@a5f4627e, org.springframework.boot.test.autoconfigure.web.servlet.WebDriverContextCustomizerFactory$Customizer@4cd7d5e1, org.spockframework.spring.mock.SpockContextCustomizer@0, org.springframework.boot.test.context.SpringBootTestArgs@1, org.springframework.boot.test.context.SpringBootTestWebEnvironment@0], contextLoader = 'org.springframework.boot.test.context.SpringBootContextLoader', parent = [null]], attributes = map['org.spockframework.spring.SpringMockTestExecutionListener.MOCKED_BEANS_LIST' -> list[[empty]], 'org.springframework.test.context.event.ApplicationEventsTestExecutionListener.recordApplicationEvents' -> false]]
]]></system-out>
  </testcase>
  <testcase name="user that created tournament tries to cancel it with answers" classname="pt.ulisboa.tecnico.socialsoftware.tournament.tournament.service.CancelTournamentTest" time="0.226">
    <system-out><![CDATA[2021-03-18 00:29:51.904  INFO 19160 --- [           main] o.s.t.c.transaction.TransactionContext   : Began transaction (1) for test context [DefaultTestContext@1602b644 testClass = CancelTournamentTest, testInstance = pt.ulisboa.tecnico.socialsoftware.tournament.tournament.service.CancelTournamentTest@2acb5b9d, testMethod = $spock_feature_2_3@CancelTournamentTest, testException = [null], mergedContextConfiguration = [MergedContextConfiguration@4d0ec988 testClass = CancelTournamentTest, locations = '{}', classes = '{class pt.ulisboa.tecnico.socialsoftware.tournament.TournamentTestApplication, class pt.ulisboa.tecnico.socialsoftware.tournament.tournament.service.CancelTournamentTest$LocalBeanConfiguration}', contextInitializerClasses = '[]', activeProfiles = '{}', propertySourceLocations = '{}', propertySourceProperties = '{org.springframework.boot.test.autoconfigure.orm.jpa.DataJpaTestContextBootstrapper=true}', contextCustomizers = set[[ImportsContextCustomizer@17991766 key = [org.springframework.boot.autoconfigure.cache.CacheAutoConfiguration, org.springframework.boot.autoconfigure.data.jpa.JpaRepositoriesAutoConfiguration, org.springframework.boot.autoconfigure.flyway.FlywayAutoConfiguration, org.springframework.boot.autoconfigure.jdbc.DataSourceAutoConfiguration, org.springframework.boot.autoconfigure.jdbc.DataSourceTransactionManagerAutoConfiguration, org.springframework.boot.autoconfigure.jdbc.JdbcTemplateAutoConfiguration, org.springframework.boot.autoconfigure.liquibase.LiquibaseAutoConfiguration, org.springframework.boot.autoconfigure.orm.jpa.HibernateJpaAutoConfiguration, org.springframework.boot.autoconfigure.transaction.TransactionAutoConfiguration, org.springframework.boot.test.autoconfigure.jdbc.TestDatabaseAutoConfiguration, org.springframework.boot.test.autoconfigure.orm.jpa.TestEntityManagerAutoConfiguration]], org.springframework.boot.test.context.filter.ExcludeFilterContextCustomizer@2eebce87, org.springframework.boot.test.json.DuplicateJsonObjectContextCustomizerFactory$DuplicateJsonObjectContextCustomizer@78065fcd, org.springframework.boot.test.mock.mockito.MockitoContextCustomizer@0, org.springframework.boot.test.autoconfigure.OverrideAutoConfigurationContextCustomizerFactory$DisableAutoConfigurationContextCustomizer@6b6def36, org.springframework.boot.test.autoconfigure.actuate.metrics.MetricsExportContextCustomizerFactory$DisableMetricExportContextCustomizer@7be38eba, org.springframework.boot.test.autoconfigure.filter.TypeExcludeFiltersContextCustomizer@351584c0, org.springframework.boot.test.autoconfigure.properties.PropertyMappingContextCustomizer@a5f4627e, org.springframework.boot.test.autoconfigure.web.servlet.WebDriverContextCustomizerFactory$Customizer@4cd7d5e1, org.spockframework.spring.mock.SpockContextCustomizer@0, org.springframework.boot.test.context.SpringBootTestArgs@1, org.springframework.boot.test.context.SpringBootTestWebEnvironment@0], contextLoader = 'org.springframework.boot.test.context.SpringBootContextLoader', parent = [null]], attributes = map['org.spockframework.spring.SpringMockTestExecutionListener.MOCKED_BEANS_LIST' -> list[[empty]], 'org.springframework.test.context.event.ApplicationEventsTestExecutionListener.recordApplicationEvents' -> false]]; transaction manager [org.springframework.orm.jpa.JpaTransactionManager@4bc3e79d]; rollback [true]
Hibernate: insert into courses (id, name, type) values (null, ?, ?)
Hibernate: call identity()
Hibernate: insert into course_executions (id, academic_term, acronym, course_id, end_date, status, type) values (null, ?, ?, ?, ?, ?, ?)
Hibernate: call identity()
Hibernate: insert into users (id, admin, creation_date, key, name, number_of_correct_in_class_answers, number_of_correct_student_answers, number_of_correct_teacher_answers, number_of_in_class_answers, number_of_in_class_quizzes, number_of_student_answers, number_of_student_quizzes, number_of_teacher_answers, number_of_teacher_quizzes, role) values (null, ?, ?, ?, ?, ?, ?, ?, ?, ?, ?, ?, ?, ?, ?)
Hibernate: call identity()
Hibernate: insert into auth_users (id, email, last_access, password, user_id, username, active, confirmation_token, token_generation_date, auth_type) values (null, ?, ?, ?, ?, ?, ?, ?, ?, 'EXTERNAL')
Hibernate: call identity()
Hibernate: insert into topics (id, course_id, name) values (null, ?, ?)
Hibernate: call identity()
Hibernate: insert into topics (id, course_id, name) values (null, ?, ?)
Hibernate: call identity()
Hibernate: insert into assessments (id, course_execution_id, sequence, status, title) values (null, ?, ?, ?, ?)
Hibernate: call identity()
Hibernate: insert into topic_conjunctions (id, assessment_id) values (null, ?)
Hibernate: call identity()
Hibernate: insert into questions (id, content, course_id, creation_date, key, number_of_answers, number_of_correct, status, title) values (null, ?, ?, ?, ?, ?, ?, ?, ?)
Hibernate: call identity()
Hibernate: insert into question_details (id, question_id, question_type) values (null, ?, 'multiple_choice')
Hibernate: call identity()
Hibernate: insert into options (id, content, correct, question_details_id, sequence) values (null, ?, ?, ?, ?)
Hibernate: call identity()
Hibernate: insert into tournaments (id, course_acronym, course_id, course_execution_id, status, creator_id, creator_name, creator_username, end_time, is_canceled, number_of_questions, password, private_tournament, quiz_id, start_time) values (null, ?, ?, ?, ?, ?, ?, ?, ?, ?, ?, ?, ?, ?, ?)
Hibernate: call identity()
Hibernate: insert into users_course_executions (users_id, course_executions_id) values (?, ?)
Hibernate: insert into topics_questions (topics_id, questions_id) values (?, ?)
Hibernate: insert into topics_topic_conjunctions (topics_id, topic_conjunctions_id) values (?, ?)
Hibernate: insert into topics_questions (topics_id, questions_id) values (?, ?)
Hibernate: insert into topics_topic_conjunctions (topics_id, topic_conjunctions_id) values (?, ?)
Hibernate: insert into tournaments_participants (tournament_id, participant_answered, participant_id, participant_name, number_of_answered, number_of_correct, participant_username) values (?, ?, ?, ?, ?, ?, ?)
Hibernate: insert into tournaments_topics (tournament_id, topics_course_id, topics_id, topics_name) values (?, ?, ?, ?)
Hibernate: insert into tournaments_topics (tournament_id, topics_course_id, topics_id, topics_name) values (?, ?, ?, ?)
Hibernate: SELECT * FROM questions q WHERE q.course_id = ? AND q.status = 'AVAILABLE'
Hibernate: insert into quizzes (id, available_date, conclusion_date, course_execution_id, creation_date, key, one_way, qr_code_only, results_date, scramble, series, title, type, version) values (null, ?, ?, ?, ?, ?, ?, ?, ?, ?, ?, ?, ?, ?)
Hibernate: call identity()
Hibernate: insert into quiz_answers (id, answer_date, completed, creation_date, quiz_id, used_in_statistics, user_id) values (null, ?, ?, ?, ?, ?, ?)
Hibernate: call identity()
Hibernate: insert into quiz_questions (id, question_id, quiz_id, sequence) values (null, ?, ?, ?)
Hibernate: call identity()
Hibernate: insert into question_answers (id, quiz_answer_id, quiz_question_id, sequence, time_taken) values (null, ?, ?, ?, ?)
Hibernate: call identity()
Hibernate: update tournaments set course_acronym=?, course_id=?, course_execution_id=?, status=?, creator_id=?, creator_name=?, creator_username=?, end_time=?, is_canceled=?, number_of_questions=?, password=?, private_tournament=?, quiz_id=?, start_time=? where id=?
Hibernate: SELECT * FROM quiz_answers qa WHERE qa.user_id = ? AND qa.quiz_id = ?
2021-03-18 00:29:52.113 ERROR 19160 --- [           main] p.u.t.s.exceptions.TutorException        : Tournament 4 is live. You can not change it now
Hibernate: select count(*) as col_0_0_ from tournaments tournament0_
2021-03-18 00:29:52.126  INFO 19160 --- [           main] o.s.t.c.transaction.TransactionContext   : Rolled back transaction for test: [DefaultTestContext@1602b644 testClass = CancelTournamentTest, testInstance = pt.ulisboa.tecnico.socialsoftware.tournament.tournament.service.CancelTournamentTest@2acb5b9d, testMethod = $spock_feature_2_3@CancelTournamentTest, testException = [null], mergedContextConfiguration = [MergedContextConfiguration@4d0ec988 testClass = CancelTournamentTest, locations = '{}', classes = '{class pt.ulisboa.tecnico.socialsoftware.tournament.TournamentTestApplication, class pt.ulisboa.tecnico.socialsoftware.tournament.tournament.service.CancelTournamentTest$LocalBeanConfiguration}', contextInitializerClasses = '[]', activeProfiles = '{}', propertySourceLocations = '{}', propertySourceProperties = '{org.springframework.boot.test.autoconfigure.orm.jpa.DataJpaTestContextBootstrapper=true}', contextCustomizers = set[[ImportsContextCustomizer@17991766 key = [org.springframework.boot.autoconfigure.cache.CacheAutoConfiguration, org.springframework.boot.autoconfigure.data.jpa.JpaRepositoriesAutoConfiguration, org.springframework.boot.autoconfigure.flyway.FlywayAutoConfiguration, org.springframework.boot.autoconfigure.jdbc.DataSourceAutoConfiguration, org.springframework.boot.autoconfigure.jdbc.DataSourceTransactionManagerAutoConfiguration, org.springframework.boot.autoconfigure.jdbc.JdbcTemplateAutoConfiguration, org.springframework.boot.autoconfigure.liquibase.LiquibaseAutoConfiguration, org.springframework.boot.autoconfigure.orm.jpa.HibernateJpaAutoConfiguration, org.springframework.boot.autoconfigure.transaction.TransactionAutoConfiguration, org.springframework.boot.test.autoconfigure.jdbc.TestDatabaseAutoConfiguration, org.springframework.boot.test.autoconfigure.orm.jpa.TestEntityManagerAutoConfiguration]], org.springframework.boot.test.context.filter.ExcludeFilterContextCustomizer@2eebce87, org.springframework.boot.test.json.DuplicateJsonObjectContextCustomizerFactory$DuplicateJsonObjectContextCustomizer@78065fcd, org.springframework.boot.test.mock.mockito.MockitoContextCustomizer@0, org.springframework.boot.test.autoconfigure.OverrideAutoConfigurationContextCustomizerFactory$DisableAutoConfigurationContextCustomizer@6b6def36, org.springframework.boot.test.autoconfigure.actuate.metrics.MetricsExportContextCustomizerFactory$DisableMetricExportContextCustomizer@7be38eba, org.springframework.boot.test.autoconfigure.filter.TypeExcludeFiltersContextCustomizer@351584c0, org.springframework.boot.test.autoconfigure.properties.PropertyMappingContextCustomizer@a5f4627e, org.springframework.boot.test.autoconfigure.web.servlet.WebDriverContextCustomizerFactory$Customizer@4cd7d5e1, org.spockframework.spring.mock.SpockContextCustomizer@0, org.springframework.boot.test.context.SpringBootTestArgs@1, org.springframework.boot.test.context.SpringBootTestWebEnvironment@0], contextLoader = 'org.springframework.boot.test.context.SpringBootContextLoader', parent = [null]], attributes = map['org.spockframework.spring.SpringMockTestExecutionListener.MOCKED_BEANS_LIST' -> list[[empty]], 'org.springframework.test.context.event.ApplicationEventsTestExecutionListener.recordApplicationEvents' -> false]]
]]></system-out>
  </testcase>
</testsuite>